000 (951021.039.000) 05/01 20:23:00 Job submitted from host: <188.185.129.8:9618?addrs=188.185.129.8-9618+[2001-1458-d03-1--100-8a]-9618&alias=bigbird101.cern.ch&noUDP&sock=schedd_3241060_289e>
...
040 (951021.039.000) 05/01 20:24:11 Started transferring input files
	Transferring to host: <128.142.192.137:9618?addrs=128.142.192.137-9618+[2001-1458-301-56--100-5]-9618&alias=b9g18p0056.cern.ch&noUDP&sock=slot1_48_6537_a863_19955>
...
040 (951021.039.000) 05/01 20:24:11 Finished transferring input files
...
001 (951021.039.000) 05/01 20:24:12 Job executing on host: <128.142.192.137:9618?addrs=128.142.192.137-9618+[2001-1458-301-56--100-5]-9618&alias=b9g18p0056.cern.ch&noUDP&sock=startd_5826_bada>
	SlotName: slot1_48@b9g18p0056.cern.ch
	CondorScratchDir = "/pool/condor/dir_947540"
	Cpus = 1
	Disk = 3827
	GPUs = 0
	Memory = 3000
...
006 (951021.039.000) 05/01 20:24:20 Image size of job updated: 92480
	91  -  MemoryUsage of job (MB)
	92480  -  ResidentSetSize of job (KB)
...
040 (951021.039.000) 05/01 20:26:49 Started transferring output files
...
040 (951021.039.000) 05/01 20:26:49 Finished transferring output files
...
005 (951021.039.000) 05/01 20:26:49 Job terminated.
	(1) Normal termination (return value 0)
		Usr 0 00:02:34, Sys 0 00:00:00  -  Run Remote Usage
		Usr 0 00:00:00, Sys 0 00:00:00  -  Run Local Usage
		Usr 0 00:02:34, Sys 0 00:00:00  -  Total Remote Usage
		Usr 0 00:00:00, Sys 0 00:00:00  -  Total Local Usage
	8306  -  Run Bytes Sent By Job
	10428  -  Run Bytes Received By Job
	8306  -  Total Bytes Sent By Job
	10428  -  Total Bytes Received By Job
	Partitionable Resources :    Usage  Request Allocated 
	   Cpus                 :        0        1         1 
	   Disk (KB)            :       43       12      3827 
	   GPUs                 :                           0 
	   Memory (MB)          :       91     3000      3000 

	Job terminated of its own accord at 2025-05-01T18:26:49Z with exit-code 0.
...
