000 (951021.061.000) 05/01 20:23:00 Job submitted from host: <188.185.129.8:9618?addrs=188.185.129.8-9618+[2001-1458-d03-1--100-8a]-9618&alias=bigbird101.cern.ch&noUDP&sock=schedd_3241060_289e>
...
040 (951021.061.000) 05/01 20:24:17 Started transferring input files
	Transferring to host: <188.185.195.18:9618?addrs=188.185.195.18-9618+[2001-1458-303-22--100-e]-9618&alias=b9p17p6467.cern.ch&noUDP&sock=slot1_41_3161_f5da_18034>
...
040 (951021.061.000) 05/01 20:24:17 Finished transferring input files
...
001 (951021.061.000) 05/01 20:24:18 Job executing on host: <188.185.195.18:9618?addrs=188.185.195.18-9618+[2001-1458-303-22--100-e]-9618&alias=b9p17p6467.cern.ch&noUDP&sock=startd_2597_e78b>
	SlotName: slot1_41@b9p17p6467.cern.ch
	CondorScratchDir = "/pool/condor/dir_3406172"
	Cpus = 1
	Disk = 3867
	GPUs = 0
	Memory = 3000
...
006 (951021.061.000) 05/01 20:24:26 Image size of job updated: 104800
	103  -  MemoryUsage of job (MB)
	104800  -  ResidentSetSize of job (KB)
...
040 (951021.061.000) 05/01 20:26:14 Started transferring output files
...
040 (951021.061.000) 05/01 20:26:14 Finished transferring output files
...
005 (951021.061.000) 05/01 20:26:14 Job terminated.
	(1) Normal termination (return value 0)
		Usr 0 00:01:54, Sys 0 00:00:00  -  Run Remote Usage
		Usr 0 00:00:00, Sys 0 00:00:00  -  Run Local Usage
		Usr 0 00:01:54, Sys 0 00:00:00  -  Total Remote Usage
		Usr 0 00:00:00, Sys 0 00:00:00  -  Total Local Usage
	8306  -  Run Bytes Sent By Job
	10428  -  Run Bytes Received By Job
	8306  -  Total Bytes Sent By Job
	10428  -  Total Bytes Received By Job
	Partitionable Resources :    Usage  Request Allocated 
	   Cpus                 :        0        1         1 
	   Disk (KB)            :       43       12      3867 
	   GPUs                 :                           0 
	   Memory (MB)          :      103     3000      3000 

	Job terminated of its own accord at 2025-05-01T18:26:14Z with exit-code 0.
...
