000 (951021.049.000) 05/01 20:23:00 Job submitted from host: <188.185.129.8:9618?addrs=188.185.129.8-9618+[2001-1458-d03-1--100-8a]-9618&alias=bigbird101.cern.ch&noUDP&sock=schedd_3241060_289e>
...
040 (951021.049.000) 05/01 20:24:14 Started transferring input files
	Transferring to host: <128.142.132.142:9618?addrs=128.142.132.142-9618+[2001-1458-301-5a--100-82]-9618&alias=b9g12p7237.cern.ch&noUDP&sock=slot1_12_2721465_09a5_144183>
...
040 (951021.049.000) 05/01 20:24:14 Finished transferring input files
...
001 (951021.049.000) 05/01 20:24:15 Job executing on host: <128.142.132.142:9618?addrs=128.142.132.142-9618+[2001-1458-301-5a--100-82]-9618&alias=b9g12p7237.cern.ch&noUDP&sock=startd_2406_e4f4>
	SlotName: slot1_12@b9g12p7237.cern.ch
	CondorScratchDir = "/pool/condor/dir_2171716"
	Cpus = 1
	Disk = 2705
	GPUs = 0
	Memory = 3000
...
006 (951021.049.000) 05/01 20:24:23 Image size of job updated: 79720
	78  -  MemoryUsage of job (MB)
	79720  -  ResidentSetSize of job (KB)
...
040 (951021.049.000) 05/01 20:28:13 Started transferring output files
...
040 (951021.049.000) 05/01 20:28:13 Finished transferring output files
...
005 (951021.049.000) 05/01 20:28:13 Job terminated.
	(1) Normal termination (return value 0)
		Usr 0 00:03:49, Sys 0 00:00:00  -  Run Remote Usage
		Usr 0 00:00:00, Sys 0 00:00:00  -  Run Local Usage
		Usr 0 00:03:49, Sys 0 00:00:00  -  Total Remote Usage
		Usr 0 00:00:00, Sys 0 00:00:00  -  Total Local Usage
	8306  -  Run Bytes Sent By Job
	10428  -  Run Bytes Received By Job
	8306  -  Total Bytes Sent By Job
	10428  -  Total Bytes Received By Job
	Partitionable Resources :    Usage  Request Allocated 
	   Cpus                 :        0        1         1 
	   Disk (KB)            :       44       12      2705 
	   GPUs                 :                           0 
	   Memory (MB)          :       78     3000      3000 

	Job terminated of its own accord at 2025-05-01T18:28:12Z with exit-code 0.
...
