000 (951021.080.000) 05/01 20:23:00 Job submitted from host: <188.185.129.8:9618?addrs=188.185.129.8-9618+[2001-1458-d03-1--100-8a]-9618&alias=bigbird101.cern.ch&noUDP&sock=schedd_3241060_289e>
...
040 (951021.080.000) 05/01 20:24:23 Started transferring input files
	Transferring to host: <188.185.196.86:9618?addrs=188.185.196.86-9618+[2001-1458-303-23--100-52]-9618&alias=b9p16p6952.cern.ch&noUDP&sock=slot1_36_2683408_7039_16875>
...
040 (951021.080.000) 05/01 20:24:23 Finished transferring input files
...
001 (951021.080.000) 05/01 20:24:24 Job executing on host: <188.185.196.86:9618?addrs=188.185.196.86-9618+[2001-1458-303-23--100-52]-9618&alias=b9p16p6952.cern.ch&noUDP&sock=startd_9431_75c5>
	SlotName: slot1_36@b9p16p6952.cern.ch
	CondorScratchDir = "/pool/condor/dir_3286624"
	Cpus = 1
	Disk = 3855
	GPUs = 0
	Memory = 3000
...
006 (951021.080.000) 05/01 20:24:37 Image size of job updated: 89324
	88  -  MemoryUsage of job (MB)
	89324  -  ResidentSetSize of job (KB)
...
006 (951021.080.000) 05/01 20:27:06 Image size of job updated: 106368
	88  -  MemoryUsage of job (MB)
	89324  -  ResidentSetSize of job (KB)
...
040 (951021.080.000) 05/01 20:27:06 Started transferring output files
...
040 (951021.080.000) 05/01 20:27:06 Finished transferring output files
...
005 (951021.080.000) 05/01 20:27:06 Job terminated.
	(1) Normal termination (return value 0)
		Usr 0 00:02:34, Sys 0 00:00:00  -  Run Remote Usage
		Usr 0 00:00:00, Sys 0 00:00:00  -  Run Local Usage
		Usr 0 00:02:34, Sys 0 00:00:00  -  Total Remote Usage
		Usr 0 00:00:00, Sys 0 00:00:00  -  Total Local Usage
	8306  -  Run Bytes Sent By Job
	10428  -  Run Bytes Received By Job
	8306  -  Total Bytes Sent By Job
	10428  -  Total Bytes Received By Job
	Partitionable Resources :    Usage  Request Allocated 
	   Cpus                 :        0        1         1 
	   Disk (KB)            :       43       12      3855 
	   GPUs                 :                           0 
	   Memory (MB)          :       88     3000      3000 

	Job terminated of its own accord at 2025-05-01T18:27:06Z with exit-code 0.
...
