000 (951021.027.000) 05/01 20:23:00 Job submitted from host: <188.185.129.8:9618?addrs=188.185.129.8-9618+[2001-1458-d03-1--100-8a]-9618&alias=bigbird101.cern.ch&noUDP&sock=schedd_3241060_289e>
...
040 (951021.027.000) 05/01 20:24:08 Started transferring input files
	Transferring to host: <188.185.193.178:9618?addrs=188.185.193.178-9618+[2001-1458-303-20--100-ae]-9618&alias=b9p19p2233.cern.ch&noUDP&sock=slot1_3_2035298_5006_16812>
...
040 (951021.027.000) 05/01 20:24:08 Finished transferring input files
...
001 (951021.027.000) 05/01 20:24:09 Job executing on host: <188.185.193.178:9618?addrs=188.185.193.178-9618+[2001-1458-303-20--100-ae]-9618&alias=b9p19p2233.cern.ch&noUDP&sock=startd_2879_5540>
	SlotName: slot1_3@b9p19p2233.cern.ch
	CondorScratchDir = "/pool/condor/dir_384735"
	Cpus = 1
	Disk = 3792
	GPUs = 0
	Memory = 3000
...
006 (951021.027.000) 05/01 20:24:17 Image size of job updated: 126384
	124  -  MemoryUsage of job (MB)
	126384  -  ResidentSetSize of job (KB)
...
040 (951021.027.000) 05/01 20:27:19 Started transferring output files
...
040 (951021.027.000) 05/01 20:27:19 Finished transferring output files
...
005 (951021.027.000) 05/01 20:27:19 Job terminated.
	(1) Normal termination (return value 0)
		Usr 0 00:03:06, Sys 0 00:00:00  -  Run Remote Usage
		Usr 0 00:00:00, Sys 0 00:00:00  -  Run Local Usage
		Usr 0 00:03:06, Sys 0 00:00:00  -  Total Remote Usage
		Usr 0 00:00:00, Sys 0 00:00:00  -  Total Local Usage
	8306  -  Run Bytes Sent By Job
	10428  -  Run Bytes Received By Job
	8306  -  Total Bytes Sent By Job
	10428  -  Total Bytes Received By Job
	Partitionable Resources :    Usage  Request Allocated 
	   Cpus                 :     0.09        1         1 
	   Disk (KB)            :    43          12      3792 
	   GPUs                 :                           0 
	   Memory (MB)          :   124        3000      3000 

	Job terminated of its own accord at 2025-05-01T18:27:19Z with exit-code 0.
...
