000 (951021.053.000) 05/01 20:23:00 Job submitted from host: <188.185.129.8:9618?addrs=188.185.129.8-9618+[2001-1458-d03-1--100-8a]-9618&alias=bigbird101.cern.ch&noUDP&sock=schedd_3241060_289e>
...
040 (951021.053.000) 05/01 20:24:16 Started transferring input files
	Transferring to host: <128.142.132.140:9618?addrs=128.142.132.140-9618+[2001-1458-301-5a--100-80]-9618&alias=b9g12p6606.cern.ch&noUDP&sock=slot1_31_3608181_acff_15343>
...
040 (951021.053.000) 05/01 20:24:16 Finished transferring input files
...
001 (951021.053.000) 05/01 20:24:17 Job executing on host: <128.142.132.140:9618?addrs=128.142.132.140-9618+[2001-1458-301-5a--100-80]-9618&alias=b9g12p6606.cern.ch&noUDP&sock=startd_2413_b21e>
	SlotName: slot1_31@b9g12p6606.cern.ch
	CondorScratchDir = "/pool/condor/dir_541773"
	Cpus = 1
	Disk = 2737
	GPUs = 0
	Memory = 3000
...
006 (951021.053.000) 05/01 20:24:25 Image size of job updated: 92128
	90  -  MemoryUsage of job (MB)
	92128  -  ResidentSetSize of job (KB)
...
040 (951021.053.000) 05/01 20:28:01 Started transferring output files
...
040 (951021.053.000) 05/01 20:28:01 Finished transferring output files
...
005 (951021.053.000) 05/01 20:28:01 Job terminated.
	(1) Normal termination (return value 0)
		Usr 0 00:03:39, Sys 0 00:00:00  -  Run Remote Usage
		Usr 0 00:00:00, Sys 0 00:00:00  -  Run Local Usage
		Usr 0 00:03:39, Sys 0 00:00:00  -  Total Remote Usage
		Usr 0 00:00:00, Sys 0 00:00:00  -  Total Local Usage
	8306  -  Run Bytes Sent By Job
	10428  -  Run Bytes Received By Job
	8306  -  Total Bytes Sent By Job
	10428  -  Total Bytes Received By Job
	Partitionable Resources :    Usage  Request Allocated 
	   Cpus                 :        0        1         1 
	   Disk (KB)            :       43       12      2737 
	   GPUs                 :                           0 
	   Memory (MB)          :       90     3000      3000 

	Job terminated of its own accord at 2025-05-01T18:28:01Z with exit-code 0.
...
