000 (951021.015.000) 05/01 20:23:00 Job submitted from host: <188.185.129.8:9618?addrs=188.185.129.8-9618+[2001-1458-d03-1--100-8a]-9618&alias=bigbird101.cern.ch&noUDP&sock=schedd_3241060_289e>
...
040 (951021.015.000) 05/01 20:24:05 Started transferring input files
	Transferring to host: <188.185.195.36:9618?addrs=188.185.195.36-9618+[2001-1458-303-22--100-20]-9618&alias=b9p17p8636.cern.ch&noUDP&sock=slot1_36_7879_37d9_16395>
...
040 (951021.015.000) 05/01 20:24:05 Finished transferring input files
...
001 (951021.015.000) 05/01 20:24:06 Job executing on host: <188.185.195.36:9618?addrs=188.185.195.36-9618+[2001-1458-303-22--100-20]-9618&alias=b9p17p8636.cern.ch&noUDP&sock=startd_6742_079a>
	SlotName: slot1_36@b9p17p8636.cern.ch
	CondorScratchDir = "/pool/condor/dir_4058023"
	Cpus = 1
	Disk = 3881
	GPUs = 0
	Memory = 3000
...
006 (951021.015.000) 05/01 20:24:14 Image size of job updated: 375708
	367  -  MemoryUsage of job (MB)
	375708  -  ResidentSetSize of job (KB)
...
040 (951021.015.000) 05/01 20:26:34 Started transferring output files
...
040 (951021.015.000) 05/01 20:26:34 Finished transferring output files
...
005 (951021.015.000) 05/01 20:26:34 Job terminated.
	(1) Normal termination (return value 0)
		Usr 0 00:02:23, Sys 0 00:00:00  -  Run Remote Usage
		Usr 0 00:00:00, Sys 0 00:00:00  -  Run Local Usage
		Usr 0 00:02:23, Sys 0 00:00:00  -  Total Remote Usage
		Usr 0 00:00:00, Sys 0 00:00:00  -  Total Local Usage
	8306  -  Run Bytes Sent By Job
	10428  -  Run Bytes Received By Job
	8306  -  Total Bytes Sent By Job
	10428  -  Total Bytes Received By Job
	Partitionable Resources :    Usage  Request Allocated 
	   Cpus                 :        0        1         1 
	   Disk (KB)            :       43       12      3881 
	   GPUs                 :                           0 
	   Memory (MB)          :      367     3000      3000 

	Job terminated of its own accord at 2025-05-01T18:26:34Z with exit-code 0.
...
