000 (951021.031.000) 05/01 20:23:00 Job submitted from host: <188.185.129.8:9618?addrs=188.185.129.8-9618+[2001-1458-d03-1--100-8a]-9618&alias=bigbird101.cern.ch&noUDP&sock=schedd_3241060_289e>
...
040 (951021.031.000) 05/01 20:24:09 Started transferring input files
	Transferring to host: <188.185.192.130:9618?addrs=188.185.192.130-9618+[2001-1458-303-1f--100-7e]-9618&alias=b9p13p6496.cern.ch&noUDP&sock=slot1_18_2800364_854d_13826>
...
040 (951021.031.000) 05/01 20:24:09 Finished transferring input files
...
001 (951021.031.000) 05/01 20:24:10 Job executing on host: <188.185.192.130:9618?addrs=188.185.192.130-9618+[2001-1458-303-1f--100-7e]-9618&alias=b9p13p6496.cern.ch&noUDP&sock=startd_2800294_5811>
	SlotName: slot1_18@b9p13p6496.cern.ch
	CondorScratchDir = "/pool/condor/dir_833436"
	Cpus = 1
	Disk = 3784
	GPUs = 0
	Memory = 3000
...
006 (951021.031.000) 05/01 20:24:18 Image size of job updated: 363776
	356  -  MemoryUsage of job (MB)
	363776  -  ResidentSetSize of job (KB)
...
040 (951021.031.000) 05/01 20:28:06 Started transferring output files
...
040 (951021.031.000) 05/01 20:28:06 Finished transferring output files
...
005 (951021.031.000) 05/01 20:28:06 Job terminated.
	(1) Normal termination (return value 0)
		Usr 0 00:03:43, Sys 0 00:00:01  -  Run Remote Usage
		Usr 0 00:00:00, Sys 0 00:00:00  -  Run Local Usage
		Usr 0 00:03:43, Sys 0 00:00:01  -  Total Remote Usage
		Usr 0 00:00:00, Sys 0 00:00:00  -  Total Local Usage
	8306  -  Run Bytes Sent By Job
	10428  -  Run Bytes Received By Job
	8306  -  Total Bytes Sent By Job
	10428  -  Total Bytes Received By Job
	Partitionable Resources :    Usage  Request Allocated 
	   Cpus                 :     0.07        1         1 
	   Disk (KB)            :    44          12      3784 
	   GPUs                 :                           0 
	   Memory (MB)          :   356        3000      3000 

	Job terminated of its own accord at 2025-05-01T18:28:06Z with exit-code 0.
...
