000 (951021.022.000) 05/01 20:23:00 Job submitted from host: <188.185.129.8:9618?addrs=188.185.129.8-9618+[2001-1458-d03-1--100-8a]-9618&alias=bigbird101.cern.ch&noUDP&sock=schedd_3241060_289e>
...
040 (951021.022.000) 05/01 20:24:07 Started transferring input files
	Transferring to host: <188.185.196.12:9618?addrs=188.185.196.12-9618+[2001-1458-303-23--100-8]-9618&alias=b9p16p2305.cern.ch&noUDP&sock=slot1_16_1105859_74c2_17047>
...
040 (951021.022.000) 05/01 20:24:07 Finished transferring input files
...
001 (951021.022.000) 05/01 20:24:08 Job executing on host: <188.185.196.12:9618?addrs=188.185.196.12-9618+[2001-1458-303-23--100-8]-9618&alias=b9p16p2305.cern.ch&noUDP&sock=startd_5107_8e41>
	SlotName: slot1_16@b9p16p2305.cern.ch
	CondorScratchDir = "/pool/condor/dir_3708820"
	Cpus = 1
	Disk = 3843
	GPUs = 0
	Memory = 3000
...
006 (951021.022.000) 05/01 20:24:17 Image size of job updated: 376380
	368  -  MemoryUsage of job (MB)
	376380  -  ResidentSetSize of job (KB)
...
040 (951021.022.000) 05/01 20:27:11 Started transferring output files
...
040 (951021.022.000) 05/01 20:27:11 Finished transferring output files
...
005 (951021.022.000) 05/01 20:27:11 Job terminated.
	(1) Normal termination (return value 0)
		Usr 0 00:02:57, Sys 0 00:00:00  -  Run Remote Usage
		Usr 0 00:00:00, Sys 0 00:00:00  -  Run Local Usage
		Usr 0 00:02:57, Sys 0 00:00:00  -  Total Remote Usage
		Usr 0 00:00:00, Sys 0 00:00:00  -  Total Local Usage
	8306  -  Run Bytes Sent By Job
	10428  -  Run Bytes Received By Job
	8306  -  Total Bytes Sent By Job
	10428  -  Total Bytes Received By Job
	Partitionable Resources :    Usage  Request Allocated 
	   Cpus                 :        0        1         1 
	   Disk (KB)            :       43       12      3843 
	   GPUs                 :                           0 
	   Memory (MB)          :      368     3000      3000 

	Job terminated of its own accord at 2025-05-01T18:27:11Z with exit-code 0.
...
