000 (951021.096.000) 05/01 20:23:00 Job submitted from host: <188.185.129.8:9618?addrs=188.185.129.8-9618+[2001-1458-d03-1--100-8a]-9618&alias=bigbird101.cern.ch&noUDP&sock=schedd_3241060_289e>
...
040 (951021.096.000) 05/01 20:24:29 Started transferring input files
	Transferring to host: <188.185.198.16:9618?addrs=188.185.198.16-9618+[2001-1458-303-25--100-c]-9618&alias=b9p15p6846.cern.ch&noUDP&sock=slot1_21_3220341_4f63_23018>
...
040 (951021.096.000) 05/01 20:24:29 Finished transferring input files
...
001 (951021.096.000) 05/01 20:24:30 Job executing on host: <188.185.198.16:9618?addrs=188.185.198.16-9618+[2001-1458-303-25--100-c]-9618&alias=b9p15p6846.cern.ch&noUDP&sock=startd_6161_8314>
	SlotName: slot1_21@b9p15p6846.cern.ch
	CondorScratchDir = "/pool/condor/dir_3042862"
	Cpus = 1
	Disk = 3864
	GPUs = 0
	Memory = 3000
...
006 (951021.096.000) 05/01 20:24:38 Image size of job updated: 1880
	2  -  MemoryUsage of job (MB)
	1880  -  ResidentSetSize of job (KB)
...
006 (951021.096.000) 05/01 20:26:43 Image size of job updated: 1896
	2  -  MemoryUsage of job (MB)
	1896  -  ResidentSetSize of job (KB)
...
040 (951021.096.000) 05/01 20:26:43 Started transferring output files
...
040 (951021.096.000) 05/01 20:26:43 Finished transferring output files
...
005 (951021.096.000) 05/01 20:26:43 Job terminated.
	(1) Normal termination (return value 0)
		Usr 0 00:01:46, Sys 0 00:00:00  -  Run Remote Usage
		Usr 0 00:00:00, Sys 0 00:00:00  -  Run Local Usage
		Usr 0 00:01:46, Sys 0 00:00:00  -  Total Remote Usage
		Usr 0 00:00:00, Sys 0 00:00:00  -  Total Local Usage
	8306  -  Run Bytes Sent By Job
	10428  -  Run Bytes Received By Job
	8306  -  Total Bytes Sent By Job
	10428  -  Total Bytes Received By Job
	Partitionable Resources :    Usage  Request Allocated 
	   Cpus                 :        0        1         1 
	   Disk (KB)            :       43       12      3864 
	   GPUs                 :                           0 
	   Memory (MB)          :        2     3000      3000 

	Job terminated of its own accord at 2025-05-01T18:26:43Z with exit-code 0.
...
