000 (951021.071.000) 05/01 20:23:00 Job submitted from host: <188.185.129.8:9618?addrs=188.185.129.8-9618+[2001-1458-d03-1--100-8a]-9618&alias=bigbird101.cern.ch&noUDP&sock=schedd_3241060_289e>
...
040 (951021.071.000) 05/01 20:24:21 Started transferring input files
	Transferring to host: <188.185.192.160:9618?addrs=188.185.192.160-9618+[2001-1458-303-1f--100-9c]-9618&alias=b9p13p4150.cern.ch&noUDP&sock=slot1_7_1407336_4686_12727>
...
040 (951021.071.000) 05/01 20:24:21 Finished transferring input files
...
001 (951021.071.000) 05/01 20:24:22 Job executing on host: <188.185.192.160:9618?addrs=188.185.192.160-9618+[2001-1458-303-1f--100-9c]-9618&alias=b9p13p4150.cern.ch&noUDP&sock=startd_1407267_b064>
	SlotName: slot1_7@b9p13p4150.cern.ch
	CondorScratchDir = "/pool/condor/dir_193761"
	Cpus = 1
	Disk = 3871
	GPUs = 0
	Memory = 3000
...
006 (951021.071.000) 05/01 20:24:30 Image size of job updated: 80012
	79  -  MemoryUsage of job (MB)
	80012  -  ResidentSetSize of job (KB)
...
040 (951021.071.000) 05/01 20:28:35 Started transferring output files
...
040 (951021.071.000) 05/01 20:28:35 Finished transferring output files
...
005 (951021.071.000) 05/01 20:28:35 Job terminated.
	(1) Normal termination (return value 0)
		Usr 0 00:04:06, Sys 0 00:00:00  -  Run Remote Usage
		Usr 0 00:00:00, Sys 0 00:00:00  -  Run Local Usage
		Usr 0 00:04:06, Sys 0 00:00:00  -  Total Remote Usage
		Usr 0 00:00:00, Sys 0 00:00:00  -  Total Local Usage
	8306  -  Run Bytes Sent By Job
	10428  -  Run Bytes Received By Job
	8306  -  Total Bytes Sent By Job
	10428  -  Total Bytes Received By Job
	Partitionable Resources :    Usage  Request Allocated 
	   Cpus                 :        0        1         1 
	   Disk (KB)            :       43       12      3871 
	   GPUs                 :                           0 
	   Memory (MB)          :       79     3000      3000 

	Job terminated of its own accord at 2025-05-01T18:28:34Z with exit-code 0.
...
