000 (951021.013.000) 05/01 20:23:00 Job submitted from host: <188.185.129.8:9618?addrs=188.185.129.8-9618+[2001-1458-d03-1--100-8a]-9618&alias=bigbird101.cern.ch&noUDP&sock=schedd_3241060_289e>
...
040 (951021.013.000) 05/01 20:24:05 Started transferring input files
	Transferring to host: <128.142.161.73:9618?addrs=128.142.161.73-9618+[2001-1458-301-b8--100-7]-9618&alias=b9g03p4186.cern.ch&noUDP&sock=slot1_10_3297196_9c38_17714>
...
040 (951021.013.000) 05/01 20:24:05 Finished transferring input files
...
001 (951021.013.000) 05/01 20:24:06 Job executing on host: <128.142.161.73:9618?addrs=128.142.161.73-9618+[2001-1458-301-b8--100-7]-9618&alias=b9g03p4186.cern.ch&noUDP&sock=startd_2635_f824>
	SlotName: slot1_10@b9g03p4186.cern.ch
	CondorScratchDir = "/pool/condor/dir_3568328"
	Cpus = 1
	Disk = 3978
	GPUs = 0
	Memory = 3000
...
006 (951021.013.000) 05/01 20:24:14 Image size of job updated: 371292
	363  -  MemoryUsage of job (MB)
	371292  -  ResidentSetSize of job (KB)
...
040 (951021.013.000) 05/01 20:26:35 Started transferring output files
...
040 (951021.013.000) 05/01 20:26:35 Finished transferring output files
...
005 (951021.013.000) 05/01 20:26:35 Job terminated.
	(1) Normal termination (return value 0)
		Usr 0 00:02:25, Sys 0 00:00:00  -  Run Remote Usage
		Usr 0 00:00:00, Sys 0 00:00:00  -  Run Local Usage
		Usr 0 00:02:25, Sys 0 00:00:00  -  Total Remote Usage
		Usr 0 00:00:00, Sys 0 00:00:00  -  Total Local Usage
	8306  -  Run Bytes Sent By Job
	10428  -  Run Bytes Received By Job
	8306  -  Total Bytes Sent By Job
	10428  -  Total Bytes Received By Job
	Partitionable Resources :    Usage  Request Allocated 
	   Cpus                 :     0.99        1         1 
	   Disk (KB)            :    43          12      3978 
	   GPUs                 :                           0 
	   Memory (MB)          :   363        3000      3000 

	Job terminated of its own accord at 2025-05-01T18:26:35Z with exit-code 0.
...
