000 (951021.073.000) 05/01 20:23:00 Job submitted from host: <188.185.129.8:9618?addrs=188.185.129.8-9618+[2001-1458-d03-1--100-8a]-9618&alias=bigbird101.cern.ch&noUDP&sock=schedd_3241060_289e>
...
040 (951021.073.000) 05/01 20:24:21 Started transferring input files
	Transferring to host: <188.185.195.40:9618?addrs=188.185.195.40-9618+[2001-1458-303-22--100-24]-9618&alias=b9p17p7753.cern.ch&noUDP&sock=slot1_27_4209_5f04_17948>
...
040 (951021.073.000) 05/01 20:24:21 Finished transferring input files
...
001 (951021.073.000) 05/01 20:24:22 Job executing on host: <188.185.195.40:9618?addrs=188.185.195.40-9618+[2001-1458-303-22--100-24]-9618&alias=b9p17p7753.cern.ch&noUDP&sock=startd_3225_a904>
	SlotName: slot1_27@b9p17p7753.cern.ch
	CondorScratchDir = "/pool/condor/dir_3653362"
	Cpus = 1
	Disk = 3847
	GPUs = 0
	Memory = 3000
...
006 (951021.073.000) 05/01 20:24:30 Image size of job updated: 105388
	103  -  MemoryUsage of job (MB)
	105388  -  ResidentSetSize of job (KB)
...
040 (951021.073.000) 05/01 20:26:56 Started transferring output files
...
040 (951021.073.000) 05/01 20:26:56 Finished transferring output files
...
005 (951021.073.000) 05/01 20:26:56 Job terminated.
	(1) Normal termination (return value 0)
		Usr 0 00:02:31, Sys 0 00:00:00  -  Run Remote Usage
		Usr 0 00:00:00, Sys 0 00:00:00  -  Run Local Usage
		Usr 0 00:02:31, Sys 0 00:00:00  -  Total Remote Usage
		Usr 0 00:00:00, Sys 0 00:00:00  -  Total Local Usage
	8306  -  Run Bytes Sent By Job
	10428  -  Run Bytes Received By Job
	8306  -  Total Bytes Sent By Job
	10428  -  Total Bytes Received By Job
	Partitionable Resources :    Usage  Request Allocated 
	   Cpus                 :     0.60        1         1 
	   Disk (KB)            :    43          12      3847 
	   GPUs                 :                           0 
	   Memory (MB)          :   103        3000      3000 

	Job terminated of its own accord at 2025-05-01T18:26:56Z with exit-code 0.
...
