000 (951021.012.000) 05/01 20:23:00 Job submitted from host: <188.185.129.8:9618?addrs=188.185.129.8-9618+[2001-1458-d03-1--100-8a]-9618&alias=bigbird101.cern.ch&noUDP&sock=schedd_3241060_289e>
...
040 (951021.012.000) 05/01 20:24:00 Started transferring input files
	Transferring to host: <128.142.161.145:9618?addrs=128.142.161.145-9618+[2001-1458-301-b9--100-e]-9618&alias=b9g03p7833.cern.ch&noUDP&sock=slot1_11_231928_01d0_14369>
...
040 (951021.012.000) 05/01 20:24:00 Finished transferring input files
...
001 (951021.012.000) 05/01 20:24:01 Job executing on host: <128.142.161.145:9618?addrs=128.142.161.145-9618+[2001-1458-301-b9--100-e]-9618&alias=b9g03p7833.cern.ch&noUDP&sock=startd_6078_94b7>
	SlotName: slot1_11@b9g03p7833.cern.ch
	CondorScratchDir = "/pool/condor/dir_3706909"
	Cpus = 1
	Disk = 3960
	GPUs = 0
	Memory = 3000
...
006 (951021.012.000) 05/01 20:24:09 Image size of job updated: 106488
	104  -  MemoryUsage of job (MB)
	106488  -  ResidentSetSize of job (KB)
...
040 (951021.012.000) 05/01 20:26:37 Started transferring output files
...
040 (951021.012.000) 05/01 20:26:37 Finished transferring output files
...
005 (951021.012.000) 05/01 20:26:37 Job terminated.
	(1) Normal termination (return value 0)
		Usr 0 00:02:33, Sys 0 00:00:00  -  Run Remote Usage
		Usr 0 00:00:00, Sys 0 00:00:00  -  Run Local Usage
		Usr 0 00:02:33, Sys 0 00:00:00  -  Total Remote Usage
		Usr 0 00:00:00, Sys 0 00:00:00  -  Total Local Usage
	8302  -  Run Bytes Sent By Job
	10428  -  Run Bytes Received By Job
	8302  -  Total Bytes Sent By Job
	10428  -  Total Bytes Received By Job
	Partitionable Resources :    Usage  Request Allocated 
	   Cpus                 :        0        1         1 
	   Disk (KB)            :       43       12      3960 
	   GPUs                 :                           0 
	   Memory (MB)          :      104     3000      3000 

	Job terminated of its own accord at 2025-05-01T18:26:37Z with exit-code 0.
...
