000 (951021.034.000) 05/01 20:23:00 Job submitted from host: <188.185.129.8:9618?addrs=188.185.129.8-9618+[2001-1458-d03-1--100-8a]-9618&alias=bigbird101.cern.ch&noUDP&sock=schedd_3241060_289e>
...
040 (951021.034.000) 05/01 20:24:17 Started transferring input files
	Transferring to host: <188.185.210.195:9618?addrs=188.185.210.195-9618+[2001-1458-303-15--100-3f]-9618&alias=b9p22p8302.cern.ch&noUDP&sock=slot1_52_8318_888b_21109>
...
040 (951021.034.000) 05/01 20:24:17 Finished transferring input files
...
001 (951021.034.000) 05/01 20:24:18 Job executing on host: <188.185.210.195:9618?addrs=188.185.210.195-9618+[2001-1458-303-15--100-3f]-9618&alias=b9p22p8302.cern.ch&noUDP&sock=startd_7351_c0c7>
	SlotName: slot1_52@b9p22p8302.cern.ch
	CondorScratchDir = "/pool/condor/dir_2746344"
	Cpus = 1
	Disk = 3734
	GPUs = 0
	Memory = 3000
...
006 (951021.034.000) 05/01 20:24:26 Image size of job updated: 384968
	376  -  MemoryUsage of job (MB)
	384968  -  ResidentSetSize of job (KB)
...
040 (951021.034.000) 05/01 20:26:07 Started transferring output files
...
040 (951021.034.000) 05/01 20:26:07 Finished transferring output files
...
005 (951021.034.000) 05/01 20:26:07 Job terminated.
	(1) Normal termination (return value 0)
		Usr 0 00:01:45, Sys 0 00:00:00  -  Run Remote Usage
		Usr 0 00:00:00, Sys 0 00:00:00  -  Run Local Usage
		Usr 0 00:01:45, Sys 0 00:00:00  -  Total Remote Usage
		Usr 0 00:00:00, Sys 0 00:00:00  -  Total Local Usage
	8302  -  Run Bytes Sent By Job
	10428  -  Run Bytes Received By Job
	8302  -  Total Bytes Sent By Job
	10428  -  Total Bytes Received By Job
	Partitionable Resources :    Usage  Request Allocated 
	   Cpus                 :        0        1         1 
	   Disk (KB)            :       43       12      3734 
	   GPUs                 :                           0 
	   Memory (MB)          :      376     3000      3000 

	Job terminated of its own accord at 2025-05-01T18:26:07Z with exit-code 0.
...
