000 (951021.011.000) 05/01 20:23:00 Job submitted from host: <188.185.129.8:9618?addrs=188.185.129.8-9618+[2001-1458-d03-1--100-8a]-9618&alias=bigbird101.cern.ch&noUDP&sock=schedd_3241060_289e>
...
040 (951021.011.000) 05/01 20:24:00 Started transferring input files
	Transferring to host: <128.142.161.83:9618?addrs=128.142.161.83-9618+[2001-1458-301-b8--100-11]-9618&alias=b9g03p4706.cern.ch&noUDP&sock=slot1_6_720924_ecfd_16286>
...
040 (951021.011.000) 05/01 20:24:00 Finished transferring input files
...
001 (951021.011.000) 05/01 20:24:01 Job executing on host: <128.142.161.83:9618?addrs=128.142.161.83-9618+[2001-1458-301-b8--100-11]-9618&alias=b9g03p4706.cern.ch&noUDP&sock=startd_998631_61c5>
	SlotName: slot1_6@b9g03p4706.cern.ch
	CondorScratchDir = "/pool/condor/dir_3378483"
	Cpus = 1
	Disk = 3823
	GPUs = 0
	Memory = 3000
...
006 (951021.011.000) 05/01 20:24:14 Image size of job updated: 1448
	2  -  MemoryUsage of job (MB)
	1448  -  ResidentSetSize of job (KB)
...
006 (951021.011.000) 05/01 20:26:41 Image size of job updated: 105036
	2  -  MemoryUsage of job (MB)
	1448  -  ResidentSetSize of job (KB)
...
040 (951021.011.000) 05/01 20:26:41 Started transferring output files
...
040 (951021.011.000) 05/01 20:26:41 Finished transferring output files
...
005 (951021.011.000) 05/01 20:26:41 Job terminated.
	(1) Normal termination (return value 0)
		Usr 0 00:02:06, Sys 0 00:00:00  -  Run Remote Usage
		Usr 0 00:00:00, Sys 0 00:00:00  -  Run Local Usage
		Usr 0 00:02:06, Sys 0 00:00:00  -  Total Remote Usage
		Usr 0 00:00:00, Sys 0 00:00:00  -  Total Local Usage
	8306  -  Run Bytes Sent By Job
	10428  -  Run Bytes Received By Job
	8306  -  Total Bytes Sent By Job
	10428  -  Total Bytes Received By Job
	Partitionable Resources :    Usage  Request Allocated 
	   Cpus                 :        0        1         1 
	   Disk (KB)            :       43       12      3823 
	   GPUs                 :                           0 
	   Memory (MB)          :        2     3000      3000 

	Job terminated of its own accord at 2025-05-01T18:26:41Z with exit-code 0.
...
