000 (951021.021.000) 05/01 20:23:00 Job submitted from host: <188.185.129.8:9618?addrs=188.185.129.8-9618+[2001-1458-d03-1--100-8a]-9618&alias=bigbird101.cern.ch&noUDP&sock=schedd_3241060_289e>
...
040 (951021.021.000) 05/01 20:24:06 Started transferring input files
	Transferring to host: <188.185.206.200:9618?addrs=188.185.206.200-9618+[2001-1458-303-c--100-45]-9618&alias=b9p06p1686.cern.ch&noUDP&sock=slot1_24_4050_575e_18495>
...
040 (951021.021.000) 05/01 20:24:06 Finished transferring input files
...
001 (951021.021.000) 05/01 20:24:07 Job executing on host: <188.185.206.200:9618?addrs=188.185.206.200-9618+[2001-1458-303-c--100-45]-9618&alias=b9p06p1686.cern.ch&noUDP&sock=startd_3566_8ed0>
	SlotName: slot1_24@b9p06p1686.cern.ch
	CondorScratchDir = "/pool/condor/dir_1515099"
	Cpus = 1
	Disk = 3583
	GPUs = 0
	Memory = 3000
...
006 (951021.021.000) 05/01 20:24:20 Image size of job updated: 101316
	99  -  MemoryUsage of job (MB)
	101316  -  ResidentSetSize of job (KB)
...
006 (951021.021.000) 05/01 20:25:37 Image size of job updated: 104912
	99  -  MemoryUsage of job (MB)
	101316  -  ResidentSetSize of job (KB)
...
040 (951021.021.000) 05/01 20:25:37 Started transferring output files
...
040 (951021.021.000) 05/01 20:25:37 Finished transferring output files
...
005 (951021.021.000) 05/01 20:25:37 Job terminated.
	(1) Normal termination (return value 0)
		Usr 0 00:01:22, Sys 0 00:00:00  -  Run Remote Usage
		Usr 0 00:00:00, Sys 0 00:00:00  -  Run Local Usage
		Usr 0 00:01:22, Sys 0 00:00:00  -  Total Remote Usage
		Usr 0 00:00:00, Sys 0 00:00:00  -  Total Local Usage
	8306  -  Run Bytes Sent By Job
	10428  -  Run Bytes Received By Job
	8306  -  Total Bytes Sent By Job
	10428  -  Total Bytes Received By Job
	Partitionable Resources :    Usage  Request Allocated 
	   Cpus                 :        0        1         1 
	   Disk (KB)            :       45       12      3583 
	   GPUs                 :                           0 
	   Memory (MB)          :       99     3000      3000 

	Job terminated of its own accord at 2025-05-01T18:25:37Z with exit-code 0.
...
