000 (951021.017.000) 05/01 20:23:00 Job submitted from host: <188.185.129.8:9618?addrs=188.185.129.8-9618+[2001-1458-d03-1--100-8a]-9618&alias=bigbird101.cern.ch&noUDP&sock=schedd_3241060_289e>
...
040 (951021.017.000) 05/01 20:24:05 Started transferring input files
	Transferring to host: <188.185.195.185:9618?addrs=188.185.195.185-9618+[2001-1458-303-22--100-b5]-9618&alias=b9p17p2560.cern.ch&noUDP&sock=slot1_43_3847357_cdfd_128902>
...
040 (951021.017.000) 05/01 20:24:05 Finished transferring input files
...
001 (951021.017.000) 05/01 20:24:06 Job executing on host: <188.185.195.185:9618?addrs=188.185.195.185-9618+[2001-1458-303-22--100-b5]-9618&alias=b9p17p2560.cern.ch&noUDP&sock=startd_7412_980e>
	SlotName: slot1_43@b9p17p2560.cern.ch
	CondorScratchDir = "/pool/condor/dir_2560623"
	Cpus = 1
	Disk = 3800
	GPUs = 0
	Memory = 3000
...
006 (951021.017.000) 05/01 20:24:14 Image size of job updated: 1908
	2  -  MemoryUsage of job (MB)
	1908  -  ResidentSetSize of job (KB)
...
006 (951021.017.000) 05/01 20:27:17 Image size of job updated: 140608
	138  -  MemoryUsage of job (MB)
	140608  -  ResidentSetSize of job (KB)
...
040 (951021.017.000) 05/01 20:27:17 Started transferring output files
...
040 (951021.017.000) 05/01 20:27:17 Finished transferring output files
...
005 (951021.017.000) 05/01 20:27:17 Job terminated.
	(1) Normal termination (return value 0)
		Usr 0 00:02:42, Sys 0 00:00:00  -  Run Remote Usage
		Usr 0 00:00:00, Sys 0 00:00:00  -  Run Local Usage
		Usr 0 00:02:42, Sys 0 00:00:00  -  Total Remote Usage
		Usr 0 00:00:00, Sys 0 00:00:00  -  Total Local Usage
	8306  -  Run Bytes Sent By Job
	10428  -  Run Bytes Received By Job
	8306  -  Total Bytes Sent By Job
	10428  -  Total Bytes Received By Job
	Partitionable Resources :    Usage  Request Allocated 
	   Cpus                 :     0.87        1         1 
	   Disk (KB)            :    43          12      3800 
	   GPUs                 :                           0 
	   Memory (MB)          :   138        3000      3000 

	Job terminated of its own accord at 2025-05-01T18:27:17Z with exit-code 0.
...
