000 (951021.025.000) 05/01 20:23:00 Job submitted from host: <188.185.129.8:9618?addrs=188.185.129.8-9618+[2001-1458-d03-1--100-8a]-9618&alias=bigbird101.cern.ch&noUDP&sock=schedd_3241060_289e>
...
040 (951021.025.000) 05/01 20:24:07 Started transferring input files
	Transferring to host: <188.185.206.140:9618?addrs=188.185.206.140-9618+[2001-1458-303-c--100-9]-9618&alias=b9p06p8414.cern.ch&noUDP&sock=slot1_11_1503873_533c_18127>
...
040 (951021.025.000) 05/01 20:24:07 Finished transferring input files
...
001 (951021.025.000) 05/01 20:24:08 Job executing on host: <188.185.206.140:9618?addrs=188.185.206.140-9618+[2001-1458-303-c--100-9]-9618&alias=b9p06p8414.cern.ch&noUDP&sock=startd_388907_6ebd>
	SlotName: slot1_11@b9p06p8414.cern.ch
	CondorScratchDir = "/pool/condor/dir_2550366"
	Cpus = 1
	Disk = 3767
	GPUs = 0
	Memory = 3000
...
006 (951021.025.000) 05/01 20:24:21 Image size of job updated: 102536
	101  -  MemoryUsage of job (MB)
	102536  -  ResidentSetSize of job (KB)
...
006 (951021.025.000) 05/01 20:25:53 Image size of job updated: 106272
	101  -  MemoryUsage of job (MB)
	102536  -  ResidentSetSize of job (KB)
...
040 (951021.025.000) 05/01 20:25:53 Started transferring output files
...
040 (951021.025.000) 05/01 20:25:53 Finished transferring output files
...
005 (951021.025.000) 05/01 20:25:53 Job terminated.
	(1) Normal termination (return value 0)
		Usr 0 00:01:36, Sys 0 00:00:00  -  Run Remote Usage
		Usr 0 00:00:00, Sys 0 00:00:00  -  Run Local Usage
		Usr 0 00:01:36, Sys 0 00:00:00  -  Total Remote Usage
		Usr 0 00:00:00, Sys 0 00:00:00  -  Total Local Usage
	8306  -  Run Bytes Sent By Job
	10428  -  Run Bytes Received By Job
	8306  -  Total Bytes Sent By Job
	10428  -  Total Bytes Received By Job
	Partitionable Resources :    Usage  Request Allocated 
	   Cpus                 :     0.08        1         1 
	   Disk (KB)            :    46          12      3767 
	   GPUs                 :                           0 
	   Memory (MB)          :   101        3000      3000 

	Job terminated of its own accord at 2025-05-01T18:25:53Z with exit-code 0.
...
