000 (951021.095.000) 05/01 20:23:00 Job submitted from host: <188.185.129.8:9618?addrs=188.185.129.8-9618+[2001-1458-d03-1--100-8a]-9618&alias=bigbird101.cern.ch&noUDP&sock=schedd_3241060_289e>
...
040 (951021.095.000) 05/01 20:24:28 Started transferring input files
	Transferring to host: <188.185.194.127:9618?addrs=188.185.194.127-9618+[2001-1458-303-21--100-7b]-9618&alias=b9p20p9686.cern.ch&noUDP&sock=slot1_20_3166079_d285_630>
...
040 (951021.095.000) 05/01 20:24:28 Finished transferring input files
...
001 (951021.095.000) 05/01 20:24:29 Job executing on host: <188.185.194.127:9618?addrs=188.185.194.127-9618+[2001-1458-303-21--100-7b]-9618&alias=b9p20p9686.cern.ch&noUDP&sock=startd_8823_6c30>
	SlotName: slot1_20@b9p20p9686.cern.ch
	CondorScratchDir = "/pool/condor/dir_2019177"
	Cpus = 1
	Disk = 3676
	GPUs = 0
	Memory = 3000
...
006 (951021.095.000) 05/01 20:24:37 Image size of job updated: 1864
	2  -  MemoryUsage of job (MB)
	1864  -  ResidentSetSize of job (KB)
...
040 (951021.095.000) 05/01 20:28:25 Started transferring output files
...
040 (951021.095.000) 05/01 20:28:26 Finished transferring output files
...
005 (951021.095.000) 05/01 20:28:26 Job terminated.
	(1) Normal termination (return value 0)
		Usr 0 00:03:25, Sys 0 00:00:00  -  Run Remote Usage
		Usr 0 00:00:00, Sys 0 00:00:00  -  Run Local Usage
		Usr 0 00:03:25, Sys 0 00:00:00  -  Total Remote Usage
		Usr 0 00:00:00, Sys 0 00:00:00  -  Total Local Usage
	8306  -  Run Bytes Sent By Job
	10428  -  Run Bytes Received By Job
	8306  -  Total Bytes Sent By Job
	10428  -  Total Bytes Received By Job
	Partitionable Resources :    Usage  Request Allocated 
	   Cpus                 :        0        1         1 
	   Disk (KB)            :       43       12      3676 
	   GPUs                 :                           0 
	   Memory (MB)          :        2     3000      3000 

	Job terminated of its own accord at 2025-05-01T18:28:25Z with exit-code 0.
...
