000 (951021.000.000) 05/01 20:23:00 Job submitted from host: <188.185.129.8:9618?addrs=188.185.129.8-9618+[2001-1458-d03-1--100-8a]-9618&alias=bigbird101.cern.ch&noUDP&sock=schedd_3241060_289e>
...
040 (951021.000.000) 05/01 20:24:01 Started transferring input files
	Transferring to host: <188.185.196.181:9618?addrs=188.185.196.181-9618+[2001-1458-303-23--100-b1]-9618&alias=b9p16p2241.cern.ch&noUDP&sock=slot1_25_1417934_8675_17040>
...
040 (951021.000.000) 05/01 20:24:01 Finished transferring input files
...
001 (951021.000.000) 05/01 20:24:02 Job executing on host: <188.185.196.181:9618?addrs=188.185.196.181-9618+[2001-1458-303-23--100-b1]-9618&alias=b9p16p2241.cern.ch&noUDP&sock=startd_5927_01ea>
	SlotName: slot1_25@b9p16p2241.cern.ch
	CondorScratchDir = "/pool/condor/dir_392842"
	Cpus = 1
	Disk = 3856
	GPUs = 0
	Memory = 3000
...
006 (951021.000.000) 05/01 20:24:10 Image size of job updated: 110456
	108  -  MemoryUsage of job (MB)
	110456  -  ResidentSetSize of job (KB)
...
040 (951021.000.000) 05/01 20:26:39 Started transferring output files
...
040 (951021.000.000) 05/01 20:26:39 Finished transferring output files
...
005 (951021.000.000) 05/01 20:26:39 Job terminated.
	(1) Normal termination (return value 0)
		Usr 0 00:02:33, Sys 0 00:00:00  -  Run Remote Usage
		Usr 0 00:00:00, Sys 0 00:00:00  -  Run Local Usage
		Usr 0 00:02:33, Sys 0 00:00:00  -  Total Remote Usage
		Usr 0 00:00:00, Sys 0 00:00:00  -  Total Local Usage
	8299  -  Run Bytes Sent By Job
	10428  -  Run Bytes Received By Job
	8299  -  Total Bytes Sent By Job
	10428  -  Total Bytes Received By Job
	Partitionable Resources :    Usage  Request Allocated 
	   Cpus                 :        0        1         1 
	   Disk (KB)            :       43       12      3856 
	   GPUs                 :                           0 
	   Memory (MB)          :      108     3000      3000 

	Job terminated of its own accord at 2025-05-01T18:26:39Z with exit-code 0.
...
