000 (951021.005.000) 05/01 20:23:00 Job submitted from host: <188.185.129.8:9618?addrs=188.185.129.8-9618+[2001-1458-d03-1--100-8a]-9618&alias=bigbird101.cern.ch&noUDP&sock=schedd_3241060_289e>
...
040 (951021.005.000) 05/01 20:24:01 Started transferring input files
	Transferring to host: <188.185.214.103:9618?addrs=188.185.214.103-9618+[2001-1458-303-1c--100-63]-9618&alias=b9p29p0062.cern.ch&noUDP&sock=slot1_23_8500_c4d3_18981>
...
040 (951021.005.000) 05/01 20:24:01 Finished transferring input files
...
001 (951021.005.000) 05/01 20:24:02 Job executing on host: <188.185.214.103:9618?addrs=188.185.214.103-9618+[2001-1458-303-1c--100-63]-9618&alias=b9p29p0062.cern.ch&noUDP&sock=startd_7356_2ec0>
	SlotName: slot1_23@b9p29p0062.cern.ch
	CondorScratchDir = "/pool/condor/dir_2996460"
	Cpus = 1
	Disk = 3791
	GPUs = 0
	Memory = 3000
...
006 (951021.005.000) 05/01 20:24:10 Image size of job updated: 105116
	103  -  MemoryUsage of job (MB)
	105116  -  ResidentSetSize of job (KB)
...
040 (951021.005.000) 05/01 20:25:47 Started transferring output files
...
040 (951021.005.000) 05/01 20:25:47 Finished transferring output files
...
005 (951021.005.000) 05/01 20:25:47 Job terminated.
	(1) Normal termination (return value 0)
		Usr 0 00:01:41, Sys 0 00:00:00  -  Run Remote Usage
		Usr 0 00:00:00, Sys 0 00:00:00  -  Run Local Usage
		Usr 0 00:01:41, Sys 0 00:00:00  -  Total Remote Usage
		Usr 0 00:00:00, Sys 0 00:00:00  -  Total Local Usage
	8303  -  Run Bytes Sent By Job
	10428  -  Run Bytes Received By Job
	8303  -  Total Bytes Sent By Job
	10428  -  Total Bytes Received By Job
	Partitionable Resources :    Usage  Request Allocated 
	   Cpus                 :        0        1         1 
	   Disk (KB)            :       43       12      3791 
	   GPUs                 :                           0 
	   Memory (MB)          :      103     3000      3000 

	Job terminated of its own accord at 2025-05-01T18:25:47Z with exit-code 0.
...
