000 (951021.098.000) 05/01 20:23:00 Job submitted from host: <188.185.129.8:9618?addrs=188.185.129.8-9618+[2001-1458-d03-1--100-8a]-9618&alias=bigbird101.cern.ch&noUDP&sock=schedd_3241060_289e>
...
040 (951021.098.000) 05/01 20:24:30 Started transferring input files
	Transferring to host: <128.142.132.94:9618?addrs=128.142.132.94-9618+[2001-1458-301-5a--100-52]-9618&alias=b9g12p3201.cern.ch&noUDP&sock=slot1_28_2846_03ad_15470>
...
040 (951021.098.000) 05/01 20:24:30 Finished transferring input files
...
001 (951021.098.000) 05/01 20:24:31 Job executing on host: <128.142.132.94:9618?addrs=128.142.132.94-9618+[2001-1458-301-5a--100-52]-9618&alias=b9g12p3201.cern.ch&noUDP&sock=startd_2475_38fd>
	SlotName: slot1_28@b9g12p3201.cern.ch
	CondorScratchDir = "/pool/condor/dir_949516"
	Cpus = 1
	Disk = 2633
	GPUs = 0
	Memory = 3000
...
006 (951021.098.000) 05/01 20:24:39 Image size of job updated: 91540
	90  -  MemoryUsage of job (MB)
	91540  -  ResidentSetSize of job (KB)
...
040 (951021.098.000) 05/01 20:27:52 Started transferring output files
...
040 (951021.098.000) 05/01 20:27:52 Finished transferring output files
...
005 (951021.098.000) 05/01 20:27:52 Job terminated.
	(1) Normal termination (return value 0)
		Usr 0 00:03:18, Sys 0 00:00:00  -  Run Remote Usage
		Usr 0 00:00:00, Sys 0 00:00:00  -  Run Local Usage
		Usr 0 00:03:18, Sys 0 00:00:00  -  Total Remote Usage
		Usr 0 00:00:00, Sys 0 00:00:00  -  Total Local Usage
	8306  -  Run Bytes Sent By Job
	10428  -  Run Bytes Received By Job
	8306  -  Total Bytes Sent By Job
	10428  -  Total Bytes Received By Job
	Partitionable Resources :    Usage  Request Allocated 
	   Cpus                 :        0        1         1 
	   Disk (KB)            :       43       12      2633 
	   GPUs                 :                           0 
	   Memory (MB)          :       90     3000      3000 

	Job terminated of its own accord at 2025-05-01T18:27:52Z with exit-code 0.
...
