000 (951021.044.000) 05/01 20:23:00 Job submitted from host: <188.185.129.8:9618?addrs=188.185.129.8-9618+[2001-1458-d03-1--100-8a]-9618&alias=bigbird101.cern.ch&noUDP&sock=schedd_3241060_289e>
...
040 (951021.044.000) 05/01 20:24:02 Started transferring input files
	Transferring to host: <188.185.209.191:9618?addrs=188.185.209.191-9618+[2001-1458-303-12--100-3c]-9618&alias=b9p12p9953.cern.ch&noUDP&sock=slot1_20_5532_8b5a_24794>
...
040 (951021.044.000) 05/01 20:24:02 Finished transferring input files
...
001 (951021.044.000) 05/01 20:24:03 Job executing on host: <188.185.209.191:9618?addrs=188.185.209.191-9618+[2001-1458-303-12--100-3c]-9618&alias=b9p12p9953.cern.ch&noUDP&sock=startd_4510_1037>
	SlotName: slot1_20@b9p12p9953.cern.ch
	CondorScratchDir = "/pool/condor/dir_2684641"
	Cpus = 1
	Disk = 3460
	GPUs = 0
	Memory = 3000
...
006 (951021.044.000) 05/01 20:24:16 Image size of job updated: 102656
	101  -  MemoryUsage of job (MB)
	102656  -  ResidentSetSize of job (KB)
...
006 (951021.044.000) 05/01 20:26:02 Image size of job updated: 106332
	101  -  MemoryUsage of job (MB)
	102656  -  ResidentSetSize of job (KB)
...
040 (951021.044.000) 05/01 20:26:02 Started transferring output files
...
040 (951021.044.000) 05/01 20:26:02 Finished transferring output files
...
005 (951021.044.000) 05/01 20:26:02 Job terminated.
	(1) Normal termination (return value 0)
		Usr 0 00:01:47, Sys 0 00:00:01  -  Run Remote Usage
		Usr 0 00:00:00, Sys 0 00:00:00  -  Run Local Usage
		Usr 0 00:01:47, Sys 0 00:00:01  -  Total Remote Usage
		Usr 0 00:00:00, Sys 0 00:00:00  -  Total Local Usage
	8306  -  Run Bytes Sent By Job
	10428  -  Run Bytes Received By Job
	8306  -  Total Bytes Sent By Job
	10428  -  Total Bytes Received By Job
	Partitionable Resources :    Usage  Request Allocated 
	   Cpus                 :        0        1         1 
	   Disk (KB)            :       47       12      3460 
	   GPUs                 :                           0 
	   Memory (MB)          :      101     3000      3000 

	Job terminated of its own accord at 2025-05-01T18:26:02Z with exit-code 0.
...
