000 (951021.040.000) 05/01 20:23:00 Job submitted from host: <188.185.129.8:9618?addrs=188.185.129.8-9618+[2001-1458-d03-1--100-8a]-9618&alias=bigbird101.cern.ch&noUDP&sock=schedd_3241060_289e>
...
040 (951021.040.000) 05/01 20:24:12 Started transferring input files
	Transferring to host: <188.185.193.66:9618?addrs=188.185.193.66-9618+[2001-1458-303-20--100-3e]-9618&alias=b9p19p9647.cern.ch&noUDP&sock=slot1_10_2128197_0fe8_18706>
...
040 (951021.040.000) 05/01 20:24:12 Finished transferring input files
...
001 (951021.040.000) 05/01 20:24:13 Job executing on host: <188.185.193.66:9618?addrs=188.185.193.66-9618+[2001-1458-303-20--100-3e]-9618&alias=b9p19p9647.cern.ch&noUDP&sock=startd_3955_6127>
	SlotName: slot1_10@b9p19p9647.cern.ch
	CondorScratchDir = "/pool/condor/dir_2625000"
	Cpus = 1
	Disk = 3821
	GPUs = 0
	Memory = 3000
...
006 (951021.040.000) 05/01 20:24:21 Image size of job updated: 364440
	356  -  MemoryUsage of job (MB)
	364440  -  ResidentSetSize of job (KB)
...
040 (951021.040.000) 05/01 20:27:22 Started transferring output files
...
040 (951021.040.000) 05/01 20:27:22 Finished transferring output files
...
005 (951021.040.000) 05/01 20:27:22 Job terminated.
	(1) Normal termination (return value 0)
		Usr 0 00:03:05, Sys 0 00:00:00  -  Run Remote Usage
		Usr 0 00:00:00, Sys 0 00:00:00  -  Run Local Usage
		Usr 0 00:03:05, Sys 0 00:00:00  -  Total Remote Usage
		Usr 0 00:00:00, Sys 0 00:00:00  -  Total Local Usage
	8306  -  Run Bytes Sent By Job
	10428  -  Run Bytes Received By Job
	8306  -  Total Bytes Sent By Job
	10428  -  Total Bytes Received By Job
	Partitionable Resources :    Usage  Request Allocated 
	   Cpus                 :        0        1         1 
	   Disk (KB)            :       43       12      3821 
	   GPUs                 :                           0 
	   Memory (MB)          :      356     3000      3000 

	Job terminated of its own accord at 2025-05-01T18:27:22Z with exit-code 0.
...
