000 (951021.050.000) 05/01 20:23:00 Job submitted from host: <188.185.129.8:9618?addrs=188.185.129.8-9618+[2001-1458-d03-1--100-8a]-9618&alias=bigbird101.cern.ch&noUDP&sock=schedd_3241060_289e>
...
040 (951021.050.000) 05/01 20:24:15 Started transferring input files
	Transferring to host: <128.142.161.97:9618?addrs=128.142.161.97-9618+[2001-1458-301-b8--100-1f]-9618&alias=b9g03p7944.cern.ch&noUDP&sock=slot1_25_3100176_326d_5670>
...
040 (951021.050.000) 05/01 20:24:15 Finished transferring input files
...
001 (951021.050.000) 05/01 20:24:16 Job executing on host: <128.142.161.97:9618?addrs=128.142.161.97-9618+[2001-1458-301-b8--100-1f]-9618&alias=b9g03p7944.cern.ch&noUDP&sock=startd_2676_1786>
	SlotName: slot1_25@b9g03p7944.cern.ch
	CondorScratchDir = "/pool/condor/dir_452090"
	Cpus = 1
	Disk = 4062
	GPUs = 0
	Memory = 3000
...
006 (951021.050.000) 05/01 20:24:29 Image size of job updated: 1436
	2  -  MemoryUsage of job (MB)
	1436  -  ResidentSetSize of job (KB)
...
006 (951021.050.000) 05/01 20:26:55 Image size of job updated: 106332
	2  -  MemoryUsage of job (MB)
	1436  -  ResidentSetSize of job (KB)
...
040 (951021.050.000) 05/01 20:26:55 Started transferring output files
...
040 (951021.050.000) 05/01 20:26:55 Finished transferring output files
...
005 (951021.050.000) 05/01 20:26:55 Job terminated.
	(1) Normal termination (return value 0)
		Usr 0 00:02:05, Sys 0 00:00:00  -  Run Remote Usage
		Usr 0 00:00:00, Sys 0 00:00:00  -  Run Local Usage
		Usr 0 00:02:05, Sys 0 00:00:00  -  Total Remote Usage
		Usr 0 00:00:00, Sys 0 00:00:00  -  Total Local Usage
	8306  -  Run Bytes Sent By Job
	10428  -  Run Bytes Received By Job
	8306  -  Total Bytes Sent By Job
	10428  -  Total Bytes Received By Job
	Partitionable Resources :    Usage  Request Allocated 
	   Cpus                 :        0        1         1 
	   Disk (KB)            :       43       12      4062 
	   GPUs                 :                           0 
	   Memory (MB)          :        2     3000      3000 

	Job terminated of its own accord at 2025-05-01T18:26:55Z with exit-code 0.
...
