000 (951021.058.000) 05/01 20:23:00 Job submitted from host: <188.185.129.8:9618?addrs=188.185.129.8-9618+[2001-1458-d03-1--100-8a]-9618&alias=bigbird101.cern.ch&noUDP&sock=schedd_3241060_289e>
...
040 (951021.058.000) 05/01 20:24:03 Started transferring input files
	Transferring to host: <188.185.192.160:9618?addrs=188.185.192.160-9618+[2001-1458-303-1f--100-9c]-9618&alias=b9p13p4150.cern.ch&noUDP&sock=slot1_6_1407336_4686_12726>
...
040 (951021.058.000) 05/01 20:24:03 Finished transferring input files
...
001 (951021.058.000) 05/01 20:24:04 Job executing on host: <188.185.192.160:9618?addrs=188.185.192.160-9618+[2001-1458-303-1f--100-9c]-9618&alias=b9p13p4150.cern.ch&noUDP&sock=startd_1407267_b064>
	SlotName: slot1_6@b9p13p4150.cern.ch
	CondorScratchDir = "/pool/condor/dir_193525"
	Cpus = 1
	Disk = 3872
	GPUs = 0
	Memory = 3000
...
006 (951021.058.000) 05/01 20:24:12 Image size of job updated: 392896
	384  -  MemoryUsage of job (MB)
	392896  -  ResidentSetSize of job (KB)
...
006 (951021.058.000) 05/01 20:29:12 Image size of job updated: 421240
	412  -  MemoryUsage of job (MB)
	421240  -  ResidentSetSize of job (KB)
...
040 (951021.058.000) 05/01 20:29:32 Started transferring output files
...
040 (951021.058.000) 05/01 20:29:32 Finished transferring output files
...
005 (951021.058.000) 05/01 20:29:32 Job terminated.
	(1) Normal termination (return value 0)
		Usr 0 00:05:14, Sys 0 00:00:01  -  Run Remote Usage
		Usr 0 00:00:00, Sys 0 00:00:00  -  Run Local Usage
		Usr 0 00:05:14, Sys 0 00:00:01  -  Total Remote Usage
		Usr 0 00:00:00, Sys 0 00:00:00  -  Total Local Usage
	8306  -  Run Bytes Sent By Job
	10428  -  Run Bytes Received By Job
	8306  -  Total Bytes Sent By Job
	10428  -  Total Bytes Received By Job
	Partitionable Resources :    Usage  Request Allocated 
	   Cpus                 :        0        1         1 
	   Disk (KB)            :       43       12      3872 
	   GPUs                 :                           0 
	   Memory (MB)          :      412     3000      3000 

	Job terminated of its own accord at 2025-05-01T18:29:32Z with exit-code 0.
...
