000 (951021.099.000) 05/01 20:23:00 Job submitted from host: <188.185.129.8:9618?addrs=188.185.129.8-9618+[2001-1458-d03-1--100-8a]-9618&alias=bigbird101.cern.ch&noUDP&sock=schedd_3241060_289e>
...
040 (951021.099.000) 05/01 20:24:29 Started transferring input files
	Transferring to host: <128.142.192.176:9618?addrs=128.142.192.176-9618+[2001-1458-301-56--100-2c]-9618&alias=b9g18p0460.cern.ch&noUDP&sock=slot1_29_353932_dcb2_19013>
...
040 (951021.099.000) 05/01 20:24:29 Finished transferring input files
...
001 (951021.099.000) 05/01 20:24:30 Job executing on host: <128.142.192.176:9618?addrs=128.142.192.176-9618+[2001-1458-301-56--100-2c]-9618&alias=b9g18p0460.cern.ch&noUDP&sock=startd_3539_09c1>
	SlotName: slot1_29@b9g18p0460.cern.ch
	CondorScratchDir = "/pool/condor/dir_147039"
	Cpus = 1
	Disk = 3795
	GPUs = 0
	Memory = 3000
...
006 (951021.099.000) 05/01 20:24:38 Image size of job updated: 104336
	102  -  MemoryUsage of job (MB)
	104336  -  ResidentSetSize of job (KB)
...
040 (951021.099.000) 05/01 20:26:51 Started transferring output files
...
040 (951021.099.000) 05/01 20:26:51 Finished transferring output files
...
005 (951021.099.000) 05/01 20:26:51 Job terminated.
	(1) Normal termination (return value 0)
		Usr 0 00:02:18, Sys 0 00:00:00  -  Run Remote Usage
		Usr 0 00:00:00, Sys 0 00:00:00  -  Run Local Usage
		Usr 0 00:02:18, Sys 0 00:00:00  -  Total Remote Usage
		Usr 0 00:00:00, Sys 0 00:00:00  -  Total Local Usage
	8309  -  Run Bytes Sent By Job
	10428  -  Run Bytes Received By Job
	8309  -  Total Bytes Sent By Job
	10428  -  Total Bytes Received By Job
	Partitionable Resources :    Usage  Request Allocated 
	   Cpus                 :        0        1         1 
	   Disk (KB)            :       43       12      3795 
	   GPUs                 :                           0 
	   Memory (MB)          :      102     3000      3000 

	Job terminated of its own accord at 2025-05-01T18:26:51Z with exit-code 0.
...
