000 (951021.008.000) 05/01 20:23:00 Job submitted from host: <188.185.129.8:9618?addrs=188.185.129.8-9618+[2001-1458-d03-1--100-8a]-9618&alias=bigbird101.cern.ch&noUDP&sock=schedd_3241060_289e>
...
040 (951021.008.000) 05/01 20:24:04 Started transferring input files
	Transferring to host: <188.185.213.145:9618?addrs=188.185.213.145-9618+[2001-1458-303-1b--100-d]-9618&alias=b9p28p6428.cern.ch&noUDP&sock=slot1_31_3170277_b16f_21791>
...
040 (951021.008.000) 05/01 20:24:04 Finished transferring input files
...
001 (951021.008.000) 05/01 20:24:05 Job executing on host: <188.185.213.145:9618?addrs=188.185.213.145-9618+[2001-1458-303-1b--100-d]-9618&alias=b9p28p6428.cern.ch&noUDP&sock=startd_3193_b5fd>
	SlotName: slot1_31@b9p28p6428.cern.ch
	CondorScratchDir = "/pool/condor/dir_1417381"
	Cpus = 1
	Disk = 3801
	GPUs = 0
	Memory = 3000
...
006 (951021.008.000) 05/01 20:24:13 Image size of job updated: 417416
	408  -  MemoryUsage of job (MB)
	417416  -  ResidentSetSize of job (KB)
...
040 (951021.008.000) 05/01 20:25:53 Started transferring output files
...
040 (951021.008.000) 05/01 20:25:53 Finished transferring output files
...
005 (951021.008.000) 05/01 20:25:53 Job terminated.
	(1) Normal termination (return value 0)
		Usr 0 00:01:41, Sys 0 00:00:00  -  Run Remote Usage
		Usr 0 00:00:00, Sys 0 00:00:00  -  Run Local Usage
		Usr 0 00:01:41, Sys 0 00:00:00  -  Total Remote Usage
		Usr 0 00:00:00, Sys 0 00:00:00  -  Total Local Usage
	8303  -  Run Bytes Sent By Job
	10428  -  Run Bytes Received By Job
	8303  -  Total Bytes Sent By Job
	10428  -  Total Bytes Received By Job
	Partitionable Resources :    Usage  Request Allocated 
	   Cpus                 :        0        1         1 
	   Disk (KB)            :       43       12      3801 
	   GPUs                 :                           0 
	   Memory (MB)          :      408     3000      3000 

	Job terminated of its own accord at 2025-05-01T18:25:53Z with exit-code 0.
...
