000 (951021.081.000) 05/01 20:23:00 Job submitted from host: <188.185.129.8:9618?addrs=188.185.129.8-9618+[2001-1458-d03-1--100-8a]-9618&alias=bigbird101.cern.ch&noUDP&sock=schedd_3241060_289e>
...
040 (951021.081.000) 05/01 20:24:24 Started transferring input files
	Transferring to host: <188.185.194.107:9618?addrs=188.185.194.107-9618+[2001-1458-303-21--100-67]-9618&alias=b9p20p3190.cern.ch&noUDP&sock=slot1_29_2681716_4574_17558>
...
040 (951021.081.000) 05/01 20:24:24 Finished transferring input files
...
001 (951021.081.000) 05/01 20:24:25 Job executing on host: <188.185.194.107:9618?addrs=188.185.194.107-9618+[2001-1458-303-21--100-67]-9618&alias=b9p20p3190.cern.ch&noUDP&sock=startd_7105_047b>
	SlotName: slot1_29@b9p20p3190.cern.ch
	CondorScratchDir = "/pool/condor/dir_2525750"
	Cpus = 1
	Disk = 3902
	GPUs = 0
	Memory = 3000
...
006 (951021.081.000) 05/01 20:24:34 Image size of job updated: 91204
	90  -  MemoryUsage of job (MB)
	91204  -  ResidentSetSize of job (KB)
...
040 (951021.081.000) 05/01 20:28:08 Started transferring output files
...
040 (951021.081.000) 05/01 20:28:08 Finished transferring output files
...
005 (951021.081.000) 05/01 20:28:08 Job terminated.
	(1) Normal termination (return value 0)
		Usr 0 00:03:35, Sys 0 00:00:01  -  Run Remote Usage
		Usr 0 00:00:00, Sys 0 00:00:00  -  Run Local Usage
		Usr 0 00:03:35, Sys 0 00:00:01  -  Total Remote Usage
		Usr 0 00:00:00, Sys 0 00:00:00  -  Total Local Usage
	8306  -  Run Bytes Sent By Job
	10428  -  Run Bytes Received By Job
	8306  -  Total Bytes Sent By Job
	10428  -  Total Bytes Received By Job
	Partitionable Resources :    Usage  Request Allocated 
	   Cpus                 :     0.98        1         1 
	   Disk (KB)            :    43          12      3902 
	   GPUs                 :                           0 
	   Memory (MB)          :    90        3000      3000 

	Job terminated of its own accord at 2025-05-01T18:28:08Z with exit-code 0.
...
