000 (789518.008.000) 03/13 10:41:08 Job submitted from host: <188.185.129.8:9618?addrs=188.185.129.8-9618+[2001-1458-d03-1--100-8a]-9618&alias=bigbird101.cern.ch&noUDP&sock=schedd_3241060_289e>
...
040 (789518.008.000) 03/13 10:41:59 Started transferring input files
	Transferring to host: <128.142.131.158:9618?addrs=128.142.131.158-9618+[2001-1458-301-59--100-92]-9618&alias=b9g11p0432.cern.ch&noUDP&sock=slot1_33_3566234_3835_93796>
...
040 (789518.008.000) 03/13 10:41:59 Finished transferring input files
...
001 (789518.008.000) 03/13 10:42:00 Job executing on host: <128.142.131.158:9618?addrs=128.142.131.158-9618+[2001-1458-301-59--100-92]-9618&alias=b9g11p0432.cern.ch&noUDP&sock=startd_2680_d5e7>
	SlotName: slot1_33@b9g11p0432.cern.ch
	CondorScratchDir = "/pool/condor/dir_2609565"
	Cpus = 1
	Disk = 2711
	GPUs = 0
	Memory = 3000
...
006 (789518.008.000) 03/13 10:42:08 Image size of job updated: 88284
	87  -  MemoryUsage of job (MB)
	88284  -  ResidentSetSize of job (KB)
...
006 (789518.008.000) 03/13 10:47:08 Image size of job updated: 102948
	101  -  MemoryUsage of job (MB)
	102948  -  ResidentSetSize of job (KB)
...
040 (789518.008.000) 03/13 10:49:01 Started transferring output files
...
040 (789518.008.000) 03/13 10:49:02 Finished transferring output files
...
005 (789518.008.000) 03/13 10:49:02 Job terminated.
	(1) Normal termination (return value 0)
		Usr 0 00:06:55, Sys 0 00:00:00  -  Run Remote Usage
		Usr 0 00:00:00, Sys 0 00:00:00  -  Run Local Usage
		Usr 0 00:06:55, Sys 0 00:00:00  -  Total Remote Usage
		Usr 0 00:00:00, Sys 0 00:00:00  -  Total Local Usage
	8768  -  Run Bytes Sent By Job
	10428  -  Run Bytes Received By Job
	8768  -  Total Bytes Sent By Job
	10428  -  Total Bytes Received By Job
	Partitionable Resources :    Usage  Request Allocated 
	   Cpus                 :        0        1         1 
	   Disk (KB)            :       44       12      2711 
	   GPUs                 :                           0 
	   Memory (MB)          :      101     3000      3000 

	Job terminated of its own accord at 2025-03-13T09:49:01Z with exit-code 0.
...
