000 (789518.009.000) 03/13 10:41:08 Job submitted from host: <188.185.129.8:9618?addrs=188.185.129.8-9618+[2001-1458-d03-1--100-8a]-9618&alias=bigbird101.cern.ch&noUDP&sock=schedd_3241060_289e>
...
040 (789518.009.000) 03/13 10:41:59 Started transferring input files
	Transferring to host: <128.142.131.184:9618?addrs=128.142.131.184-9618+[2001-1458-301-59--100-ac]-9618&alias=b9g11p0080.cern.ch&noUDP&sock=slot1_26_3013_ae54_138167>
...
040 (789518.009.000) 03/13 10:41:59 Finished transferring input files
...
001 (789518.009.000) 03/13 10:42:00 Job executing on host: <128.142.131.184:9618?addrs=128.142.131.184-9618+[2001-1458-301-59--100-ac]-9618&alias=b9g11p0080.cern.ch&noUDP&sock=startd_2646_83af>
	SlotName: slot1_26@b9g11p0080.cern.ch
	CondorScratchDir = "/pool/condor/dir_2464338"
	Cpus = 1
	Disk = 2695
	GPUs = 0
	Memory = 3000
...
006 (789518.009.000) 03/13 10:42:08 Image size of job updated: 77960
	77  -  MemoryUsage of job (MB)
	77960  -  ResidentSetSize of job (KB)
...
006 (789518.009.000) 03/13 10:47:08 Image size of job updated: 105204
	103  -  MemoryUsage of job (MB)
	105204  -  ResidentSetSize of job (KB)
...
040 (789518.009.000) 03/13 10:49:23 Started transferring output files
...
040 (789518.009.000) 03/13 10:49:23 Finished transferring output files
...
005 (789518.009.000) 03/13 10:49:23 Job terminated.
	(1) Normal termination (return value 0)
		Usr 0 00:07:12, Sys 0 00:00:02  -  Run Remote Usage
		Usr 0 00:00:00, Sys 0 00:00:00  -  Run Local Usage
		Usr 0 00:07:12, Sys 0 00:00:02  -  Total Remote Usage
		Usr 0 00:00:00, Sys 0 00:00:00  -  Total Local Usage
	8771  -  Run Bytes Sent By Job
	10428  -  Run Bytes Received By Job
	8771  -  Total Bytes Sent By Job
	10428  -  Total Bytes Received By Job
	Partitionable Resources :    Usage  Request Allocated 
	   Cpus                 :     0.99        1         1 
	   Disk (KB)            :    44          12      2695 
	   GPUs                 :                           0 
	   Memory (MB)          :   103        3000      3000 

	Job terminated of its own accord at 2025-03-13T09:49:23Z with exit-code 0.
...
