000 (789518.002.000) 03/13 10:41:08 Job submitted from host: <188.185.129.8:9618?addrs=188.185.129.8-9618+[2001-1458-d03-1--100-8a]-9618&alias=bigbird101.cern.ch&noUDP&sock=schedd_3241060_289e>
...
040 (789518.002.000) 03/13 10:41:57 Started transferring input files
	Transferring to host: <128.142.161.140:9618?addrs=128.142.161.140-9618+[2001-1458-301-b9--100-9]-9618&alias=b9g03p3557.cern.ch&noUDP&sock=slot1_10_8057_a2a1_5131>
...
040 (789518.002.000) 03/13 10:41:57 Finished transferring input files
...
001 (789518.002.000) 03/13 10:41:58 Job executing on host: <128.142.161.140:9618?addrs=128.142.161.140-9618+[2001-1458-301-b9--100-9]-9618&alias=b9g03p3557.cern.ch&noUDP&sock=startd_6897_58c8>
	SlotName: slot1_10@b9g03p3557.cern.ch
	CondorScratchDir = "/pool/condor/dir_1869854"
	Cpus = 1
	Disk = 4035
	GPUs = 0
	Memory = 3000
...
006 (789518.002.000) 03/13 10:42:07 Image size of job updated: 407600
	399  -  MemoryUsage of job (MB)
	407600  -  ResidentSetSize of job (KB)
...
006 (789518.002.000) 03/13 10:47:08 Image size of job updated: 424112
	415  -  MemoryUsage of job (MB)
	424112  -  ResidentSetSize of job (KB)
...
040 (789518.002.000) 03/13 10:47:29 Started transferring output files
...
040 (789518.002.000) 03/13 10:47:29 Finished transferring output files
...
005 (789518.002.000) 03/13 10:47:29 Job terminated.
	(1) Normal termination (return value 0)
		Usr 0 00:05:23, Sys 0 00:00:00  -  Run Remote Usage
		Usr 0 00:00:00, Sys 0 00:00:00  -  Run Local Usage
		Usr 0 00:05:23, Sys 0 00:00:00  -  Total Remote Usage
		Usr 0 00:00:00, Sys 0 00:00:00  -  Total Local Usage
	8768  -  Run Bytes Sent By Job
	10428  -  Run Bytes Received By Job
	8768  -  Total Bytes Sent By Job
	10428  -  Total Bytes Received By Job
	Partitionable Resources :    Usage  Request Allocated 
	   Cpus                 :     0.99        1         1 
	   Disk (KB)            :    44          12      4035 
	   GPUs                 :                           0 
	   Memory (MB)          :   415        3000      3000 

	Job terminated of its own accord at 2025-03-13T09:47:29Z with exit-code 0.
...
