000 (789518.007.000) 03/13 10:41:08 Job submitted from host: <188.185.129.8:9618?addrs=188.185.129.8-9618+[2001-1458-d03-1--100-8a]-9618&alias=bigbird101.cern.ch&noUDP&sock=schedd_3241060_289e>
...
040 (789518.007.000) 03/13 10:41:58 Started transferring input files
	Transferring to host: <128.142.132.27:9618?addrs=128.142.132.27-9618+[2001-1458-301-5a--100-f]-9618&alias=b9g12p7126.cern.ch&noUDP&sock=slot1_10_2776_b16a_99850>
...
040 (789518.007.000) 03/13 10:41:58 Finished transferring input files
...
001 (789518.007.000) 03/13 10:41:59 Job executing on host: <128.142.132.27:9618?addrs=128.142.132.27-9618+[2001-1458-301-5a--100-f]-9618&alias=b9g12p7126.cern.ch&noUDP&sock=startd_2412_0285>
	SlotName: slot1_10@b9g12p7126.cern.ch
	CondorScratchDir = "/pool/condor/dir_2878722"
	Cpus = 1
	Disk = 2679
	GPUs = 0
	Memory = 3000
...
006 (789518.007.000) 03/13 10:42:07 Image size of job updated: 88360
	87  -  MemoryUsage of job (MB)
	88360  -  ResidentSetSize of job (KB)
...
006 (789518.007.000) 03/13 10:47:07 Image size of job updated: 103688
	102  -  MemoryUsage of job (MB)
	103688  -  ResidentSetSize of job (KB)
...
040 (789518.007.000) 03/13 10:47:56 Started transferring output files
...
040 (789518.007.000) 03/13 10:47:56 Finished transferring output files
...
005 (789518.007.000) 03/13 10:47:56 Job terminated.
	(1) Normal termination (return value 0)
		Usr 0 00:05:50, Sys 0 00:00:00  -  Run Remote Usage
		Usr 0 00:00:00, Sys 0 00:00:00  -  Run Local Usage
		Usr 0 00:05:50, Sys 0 00:00:00  -  Total Remote Usage
		Usr 0 00:00:00, Sys 0 00:00:00  -  Total Local Usage
	8768  -  Run Bytes Sent By Job
	10428  -  Run Bytes Received By Job
	8768  -  Total Bytes Sent By Job
	10428  -  Total Bytes Received By Job
	Partitionable Resources :    Usage  Request Allocated 
	   Cpus                 :     0.99        1         1 
	   Disk (KB)            :    44          12      2679 
	   GPUs                 :                           0 
	   Memory (MB)          :   102        3000      3000 

	Job terminated of its own accord at 2025-03-13T09:47:56Z with exit-code 0.
...
