000 (789518.004.000) 03/13 10:41:08 Job submitted from host: <188.185.129.8:9618?addrs=188.185.129.8-9618+[2001-1458-d03-1--100-8a]-9618&alias=bigbird101.cern.ch&noUDP&sock=schedd_3241060_289e>
...
040 (789518.004.000) 03/13 10:41:57 Started transferring input files
	Transferring to host: <128.142.132.174:9618?addrs=128.142.132.174-9618+[2001-1458-301-5a--100-a2]-9618&alias=b9g12p1875.cern.ch&noUDP&sock=slot1_38_2767_5a0a_138957>
...
040 (789518.004.000) 03/13 10:41:57 Finished transferring input files
...
001 (789518.004.000) 03/13 10:41:58 Job executing on host: <128.142.132.174:9618?addrs=128.142.132.174-9618+[2001-1458-301-5a--100-a2]-9618&alias=b9g12p1875.cern.ch&noUDP&sock=startd_2402_2693>
	SlotName: slot1_38@b9g12p1875.cern.ch
	CondorScratchDir = "/pool/condor/dir_2762721"
	Cpus = 1
	Disk = 2695
	GPUs = 0
	Memory = 3000
...
006 (789518.004.000) 03/13 10:42:07 Image size of job updated: 181204
	177  -  MemoryUsage of job (MB)
	181204  -  ResidentSetSize of job (KB)
...
006 (789518.004.000) 03/13 10:47:08 Image size of job updated: 196048
	192  -  MemoryUsage of job (MB)
	196048  -  ResidentSetSize of job (KB)
...
040 (789518.004.000) 03/13 10:49:33 Started transferring output files
...
040 (789518.004.000) 03/13 10:49:33 Finished transferring output files
...
005 (789518.004.000) 03/13 10:49:33 Job terminated.
	(1) Normal termination (return value 0)
		Usr 0 00:07:27, Sys 0 00:00:00  -  Run Remote Usage
		Usr 0 00:00:00, Sys 0 00:00:00  -  Run Local Usage
		Usr 0 00:07:27, Sys 0 00:00:00  -  Total Remote Usage
		Usr 0 00:00:00, Sys 0 00:00:00  -  Total Local Usage
	8768  -  Run Bytes Sent By Job
	10428  -  Run Bytes Received By Job
	8768  -  Total Bytes Sent By Job
	10428  -  Total Bytes Received By Job
	Partitionable Resources :    Usage  Request Allocated 
	   Cpus                 :                 1         1 
	   Disk (KB)            :       36       12      2695 
	   GPUs                 :                           0 
	   Memory (MB)          :      192     3000      3000 

	Job terminated of its own accord at 2025-03-13T09:49:33Z with exit-code 0.
...
