000 (789518.006.000) 03/13 10:41:08 Job submitted from host: <188.185.129.8:9618?addrs=188.185.129.8-9618+[2001-1458-d03-1--100-8a]-9618&alias=bigbird101.cern.ch&noUDP&sock=schedd_3241060_289e>
...
040 (789518.006.000) 03/13 10:41:58 Started transferring input files
	Transferring to host: <128.142.132.134:9618?addrs=128.142.132.134-9618+[2001-1458-301-5a--100-7a]-9618&alias=b9g12p1992.cern.ch&noUDP&sock=slot1_11_2787_718a_98824>
...
040 (789518.006.000) 03/13 10:41:58 Finished transferring input files
...
001 (789518.006.000) 03/13 10:41:59 Job executing on host: <128.142.132.134:9618?addrs=128.142.132.134-9618+[2001-1458-301-5a--100-7a]-9618&alias=b9g12p1992.cern.ch&noUDP&sock=startd_2582_9d9f>
	SlotName: slot1_11@b9g12p1992.cern.ch
	CondorScratchDir = "/pool/condor/dir_1162394"
	Cpus = 1
	Disk = 2752
	GPUs = 0
	Memory = 3000
...
006 (789518.006.000) 03/13 10:42:07 Image size of job updated: 77164
	76  -  MemoryUsage of job (MB)
	77164  -  ResidentSetSize of job (KB)
...
006 (789518.006.000) 03/13 10:47:07 Image size of job updated: 104460
	103  -  MemoryUsage of job (MB)
	104460  -  ResidentSetSize of job (KB)
...
040 (789518.006.000) 03/13 10:48:23 Started transferring output files
...
040 (789518.006.000) 03/13 10:48:23 Finished transferring output files
...
005 (789518.006.000) 03/13 10:48:23 Job terminated.
	(1) Normal termination (return value 0)
		Usr 0 00:06:16, Sys 0 00:00:01  -  Run Remote Usage
		Usr 0 00:00:00, Sys 0 00:00:00  -  Run Local Usage
		Usr 0 00:06:16, Sys 0 00:00:01  -  Total Remote Usage
		Usr 0 00:00:00, Sys 0 00:00:00  -  Total Local Usage
	8764  -  Run Bytes Sent By Job
	10428  -  Run Bytes Received By Job
	8764  -  Total Bytes Sent By Job
	10428  -  Total Bytes Received By Job
	Partitionable Resources :    Usage  Request Allocated 
	   Cpus                 :        0        1         1 
	   Disk (KB)            :       44       12      2752 
	   GPUs                 :                           0 
	   Memory (MB)          :      103     3000      3000 

	Job terminated of its own accord at 2025-03-13T09:48:23Z with exit-code 0.
...
