Splitting input file list: filelists/ppzerobias2024/PPRefZeroBias_set_6.txt
Splitting input file list: filelists/ppzerobias2024/PPRefZeroBias_set_7.txt
Input file list is splitted into 1000
Splitting input file list: filelists/ppzerobias2024/PPRefZeroBias_set_8.txt
Input file list is splitted into 1000
Splitting input file list: filelists/ppzerobias2024/PPRefZeroBias_set_9.txt
Splitting input file list: filelists/ppzerobias2024/PPRefZeroBias_set_10.txt
Input file list is splitted into 977
Submitting job(s)........................................................................................................................................................................................................................................................................................................................................................................................................................................................................................................................................................................................................................................................................................................................................................................................................................................................................................................................................................................................................................................Input file list is splitted into 983
Splitting input file list: filelists/ppzerobias2024/PPRefZeroBias_set_11.txt
Input file list is splitted into Input file 'filelists/ppzerobias2024/PPRefZeroBias_set_11.txt' not found.
./condor_submit.sh: line 63: ((: jobId <= Input file 'filelists/ppzerobias2024/PPRefZeroBias_set_11.txt' not found.: syntax error: invalid arithmetic operator (error token is "'filelists/ppzerobias2024/PPRefZeroBias_set_11.txt' not found.")
Submitting job(s)
ERROR: on Line 8 of submit file: no queue statement

ERROR: Failed to parse command file (line 8).
Input file list is splitted into 816

1000 job(s) submitted to cluster 732345.
Submitting job(s)........................................................................................................................................................................................................................................................................................................................................................................................................................................................................................................................................................................................................................................................................................................................................................................................................................................................................................................................................................................................................................................
1000 job(s) submitted to cluster 732346.
Submitting job(s).................................................................................................................................................................................................................................................................................................................................................................................................................................................................................................................................................................................................................................................................................................................................................................................................................................................................................................................................................................................................................Submitting job(s)Submitting job(s)
977 job(s) submitted to cluster 732347.
................................................................................................................................................................................................................................................................................................................................................................................................................................................................................................................................................................................................................................................................................................................................................................................................................................................
816 job(s) submitted to cluster 732348.
.......................................................................................................................................................................................................................................................................................................................................................................................................................................................................................................................................................................................................................................................................................................................................................................................................................................................................................................................................................................................................................
983 job(s) submitted to cluster 732349.
Splitting input file list: filelists/ppzerobias2024/PPRefZeroBias_set_1.txt
Input file list is splitted into 999
Splitting input file list: filelists/ppzerobias2024/PPRefZeroBias_set_2.txt
Splitting input file list: filelists/ppzerobias2024/PPRefZeroBias_set_3.txt
Input file list is splitted into 1000
Splitting input file list: filelists/ppzerobias2024/PPRefZeroBias_set_4.txt
Splitting input file list: filelists/ppzerobias2024/PPRefZeroBias_set_5.txt
Input file list is splitted into 1000
Submitting job(s).............................................................................................................................................................................................................................................................................................................................................................................................................................................Splitting input file list: filelists/ppzerobias2024/PPRefZeroBias_set_6.txt
..........................................................................................................................................................................................................................................................................................................................................................................................................................................................................................................................................................................................Input file list is splitted into 1000
Splitting input file list: filelists/ppzerobias2024/PPRefZeroBias_set_7.txt
Input file list is splitted into 999

999 job(s) submitted to cluster 780445.
Splitting input file list: filelists/ppzerobias2024/PPRefZeroBias_set_8.txt
Splitting input file list: filelists/ppzerobias2024/PPRefZeroBias_set_9.txt
Input file list is splitted into 1000
Submitting job(s)........................................................................................................................................................................................................................................................................................................................................................................................................................................................................................................................................................................................................................................................................................................................................................................................................................................................................................................................................................................................................................................Splitting input file list: filelists/ppzerobias2024/PPRefZeroBias_set_10.txt
Input file list is splitted into 1000
Input file list is splitted into 977

1000 job(s) submitted to cluster 780446.
Input file list is splitted into 983
Input file list is splitted into 816
Submitting job(s)........................................................................................................................................................................................................................................................................................................................................................................................................................................................................................................................................................................................................................................................................................................................................................................................................................................................................................................................................................................................................................................Submitting job(s)
1000 job(s) submitted to cluster 780447.
................................................................................................................................................................................................................................................................................................................................................................................................................................Submitting job(s)........................................................................................................................................................................................................................................................................................................................................................................................................................................................................................................................................................................................................Submitting job(s)
1000 job(s) submitted to cluster 780448.
.......................................................................................................................Submitting job(s)................................................................................................................................................................................................................................................................................................................................................................................................................................................................................................................................................................................................................................................................................................................................................................................................................................................................................................................Submitting job(s)Submitting job(s)Submitting job(s)
999 job(s) submitted to cluster 780449.
........................................................................................................................................................................................................................................................................................................................................................................................................................................................................................................................................................................................................................................................................................................................................................................................................................................................................................................................................................................................................................................
1000 job(s) submitted to cluster 780450.
........................................................................................................................................................................................................................................................................................................................................................................................................................................................................................................................................................................................................................................................................................................................................................................................................................................................................................................................................................................................................................................
1000 job(s) submitted to cluster 780451.
................................................................................................................................................................................................................................................................................................................................................................................................................................................................................................................................................................................................................................................................................................................................................................................................................................................
816 job(s) submitted to cluster 780452.
.......................................................................................................................................................................................................................................................................................................................................................................................................................................................................................................................................................................................................................................................................................................................................................................................................................................................................................................................................................................................................................
983 job(s) submitted to cluster 780453.
.................................................................................................................................................................................................................................................................................................................................................................................................................................................................................................................................................................................................................................................................................................................................................................................................................................................................................................................................................................................................................
977 job(s) submitted to cluster 780454.
