000 (889265.004.000) 04/24 03:44:47 Job submitted from host: <188.185.129.8:9618?addrs=188.185.129.8-9618+[2001-1458-d03-1--100-8a]-9618&alias=bigbird101.cern.ch&noUDP&sock=schedd_3241060_289e>
...
040 (889265.004.000) 04/24 03:48:50 Started transferring input files
	Transferring to host: <188.185.194.103:9618?addrs=188.185.194.103-9618+[2001-1458-303-21--100-63]-9618&alias=b9p20p8653.cern.ch&noUDP&sock=slot1_20_2566107_45b7_9814>
...
040 (889265.004.000) 04/24 03:48:50 Finished transferring input files
...
001 (889265.004.000) 04/24 03:48:51 Job executing on host: <188.185.194.103:9618?addrs=188.185.194.103-9618+[2001-1458-303-21--100-63]-9618&alias=b9p20p8653.cern.ch&noUDP&sock=startd_6869_2421>
	SlotName: slot1_20@b9p20p8653.cern.ch
	CondorScratchDir = "/pool/condor/dir_715187"
	Cpus = 1
	Disk = 3892
	GPUs = 0
	Memory = 3000
...
006 (889265.004.000) 04/24 03:48:59 Image size of job updated: 1888
	2  -  MemoryUsage of job (MB)
	1888  -  ResidentSetSize of job (KB)
...
006 (889265.004.000) 04/24 03:52:47 Image size of job updated: 26080
	26  -  MemoryUsage of job (MB)
	26080  -  ResidentSetSize of job (KB)
...
040 (889265.004.000) 04/24 03:52:47 Started transferring output files
...
040 (889265.004.000) 04/24 03:52:47 Finished transferring output files
...
005 (889265.004.000) 04/24 03:52:47 Job terminated.
	(1) Normal termination (return value 0)
		Usr 0 00:03:23, Sys 0 00:00:01  -  Run Remote Usage
		Usr 0 00:00:00, Sys 0 00:00:00  -  Run Local Usage
		Usr 0 00:03:23, Sys 0 00:00:01  -  Total Remote Usage
		Usr 0 00:00:00, Sys 0 00:00:00  -  Total Local Usage
	8279  -  Run Bytes Sent By Job
	10424  -  Run Bytes Received By Job
	8279  -  Total Bytes Sent By Job
	10424  -  Total Bytes Received By Job
	Partitionable Resources :    Usage  Request Allocated 
	   Cpus                 :        0        1         1 
	   Disk (KB)            :       43       12      3892 
	   GPUs                 :                           0 
	   Memory (MB)          :       26     3000      3000 

	Job terminated of its own accord at 2025-04-24T01:52:47Z with exit-code 0.
...
