000 (889265.090.000) 04/24 03:44:47 Job submitted from host: <188.185.129.8:9618?addrs=188.185.129.8-9618+[2001-1458-d03-1--100-8a]-9618&alias=bigbird101.cern.ch&noUDP&sock=schedd_3241060_289e>
...
040 (889265.090.000) 04/24 03:49:18 Started transferring input files
	Transferring to host: <128.142.132.30:9618?addrs=128.142.132.30-9618+[2001-1458-301-5a--100-12]-9618&alias=b9g12p1169.cern.ch&noUDP&sock=slot1_2_3279087_2e78_8297>
...
040 (889265.090.000) 04/24 03:49:18 Finished transferring input files
...
001 (889265.090.000) 04/24 03:49:19 Job executing on host: <128.142.132.30:9618?addrs=128.142.132.30-9618+[2001-1458-301-5a--100-12]-9618&alias=b9g12p1169.cern.ch&noUDP&sock=startd_6670_a4c8>
	SlotName: slot1_2@b9g12p1169.cern.ch
	CondorScratchDir = "/pool/condor/dir_4002866"
	Cpus = 1
	Disk = 2714
	GPUs = 0
	Memory = 3000
...
006 (889265.090.000) 04/24 03:49:28 Image size of job updated: 89216
	88  -  MemoryUsage of job (MB)
	89216  -  ResidentSetSize of job (KB)
...
040 (889265.090.000) 04/24 03:52:16 Started transferring output files
...
040 (889265.090.000) 04/24 03:52:16 Finished transferring output files
...
005 (889265.090.000) 04/24 03:52:16 Job terminated.
	(1) Normal termination (return value 0)
		Usr 0 00:02:53, Sys 0 00:00:00  -  Run Remote Usage
		Usr 0 00:00:00, Sys 0 00:00:00  -  Run Local Usage
		Usr 0 00:02:53, Sys 0 00:00:00  -  Total Remote Usage
		Usr 0 00:00:00, Sys 0 00:00:00  -  Total Local Usage
	8282  -  Run Bytes Sent By Job
	10424  -  Run Bytes Received By Job
	8282  -  Total Bytes Sent By Job
	10424  -  Total Bytes Received By Job
	Partitionable Resources :    Usage  Request Allocated 
	   Cpus                 :        0        1         1 
	   Disk (KB)            :       43       12      2714 
	   GPUs                 :                           0 
	   Memory (MB)          :       88     3000      3000 

	Job terminated of its own accord at 2025-04-24T01:52:16Z with exit-code 0.
...
