000 (889265.055.000) 04/24 03:44:47 Job submitted from host: <188.185.129.8:9618?addrs=188.185.129.8-9618+[2001-1458-d03-1--100-8a]-9618&alias=bigbird101.cern.ch&noUDP&sock=schedd_3241060_289e>
...
040 (889265.055.000) 04/24 03:49:06 Started transferring input files
	Transferring to host: <128.142.132.174:9618?addrs=128.142.132.174-9618+[2001-1458-301-5a--100-a2]-9618&alias=b9g12p1875.cern.ch&noUDP&sock=slot1_7_2832_266c_36501>
...
040 (889265.055.000) 04/24 03:49:06 Finished transferring input files
...
001 (889265.055.000) 04/24 03:49:07 Job executing on host: <128.142.132.174:9618?addrs=128.142.132.174-9618+[2001-1458-301-5a--100-a2]-9618&alias=b9g12p1875.cern.ch&noUDP&sock=startd_2456_30b0>
	SlotName: slot1_7@b9g12p1875.cern.ch
	CondorScratchDir = "/pool/condor/dir_499367"
	Cpus = 1
	Disk = 2673
	GPUs = 0
	Memory = 3000
...
006 (889265.055.000) 04/24 03:49:15 Image size of job updated: 77692
	76  -  MemoryUsage of job (MB)
	77692  -  ResidentSetSize of job (KB)
...
040 (889265.055.000) 04/24 03:53:44 Started transferring output files
...
040 (889265.055.000) 04/24 03:53:44 Finished transferring output files
...
005 (889265.055.000) 04/24 03:53:44 Job terminated.
	(1) Normal termination (return value 0)
		Usr 0 00:04:24, Sys 0 00:00:00  -  Run Remote Usage
		Usr 0 00:00:00, Sys 0 00:00:00  -  Run Local Usage
		Usr 0 00:04:24, Sys 0 00:00:00  -  Total Remote Usage
		Usr 0 00:00:00, Sys 0 00:00:00  -  Total Local Usage
	8282  -  Run Bytes Sent By Job
	10424  -  Run Bytes Received By Job
	8282  -  Total Bytes Sent By Job
	10424  -  Total Bytes Received By Job
	Partitionable Resources :    Usage  Request Allocated 
	   Cpus                 :        0        1         1 
	   Disk (KB)            :       43       12      2673 
	   GPUs                 :                           0 
	   Memory (MB)          :       76     3000      3000 

	Job terminated of its own accord at 2025-04-24T01:53:44Z with exit-code 0.
...
