000 (889265.051.000) 04/24 03:44:47 Job submitted from host: <188.185.129.8:9618?addrs=188.185.129.8-9618+[2001-1458-d03-1--100-8a]-9618&alias=bigbird101.cern.ch&noUDP&sock=schedd_3241060_289e>
...
040 (889265.051.000) 04/24 03:49:05 Started transferring input files
	Transferring to host: <128.142.132.104:9618?addrs=128.142.132.104-9618+[2001-1458-301-5a--100-5c]-9618&alias=b9g12p5821.cern.ch&noUDP&sock=slot1_25_2821_664c_8874>
...
040 (889265.051.000) 04/24 03:49:05 Finished transferring input files
...
001 (889265.051.000) 04/24 03:49:06 Job executing on host: <128.142.132.104:9618?addrs=128.142.132.104-9618+[2001-1458-301-5a--100-5c]-9618&alias=b9g12p5821.cern.ch&noUDP&sock=startd_2468_6bd3>
	SlotName: slot1_25@b9g12p5821.cern.ch
	CondorScratchDir = "/pool/condor/dir_1863149"
	Cpus = 1
	Disk = 2700
	GPUs = 0
	Memory = 3000
...
006 (889265.051.000) 04/24 03:49:15 Image size of job updated: 117120
	115  -  MemoryUsage of job (MB)
	117120  -  ResidentSetSize of job (KB)
...
006 (889265.051.000) 04/24 03:54:16 Image size of job updated: 145792
	143  -  MemoryUsage of job (MB)
	145792  -  ResidentSetSize of job (KB)
...
040 (889265.051.000) 04/24 03:54:41 Started transferring output files
...
040 (889265.051.000) 04/24 03:54:41 Finished transferring output files
...
005 (889265.051.000) 04/24 03:54:41 Job terminated.
	(1) Normal termination (return value 0)
		Usr 0 00:05:17, Sys 0 00:00:00  -  Run Remote Usage
		Usr 0 00:00:00, Sys 0 00:00:00  -  Run Local Usage
		Usr 0 00:05:17, Sys 0 00:00:00  -  Total Remote Usage
		Usr 0 00:00:00, Sys 0 00:00:00  -  Total Local Usage
	8282  -  Run Bytes Sent By Job
	10424  -  Run Bytes Received By Job
	8282  -  Total Bytes Sent By Job
	10424  -  Total Bytes Received By Job
	Partitionable Resources :    Usage  Request Allocated 
	   Cpus                 :     0.96        1         1 
	   Disk (KB)            :    43          12      2700 
	   GPUs                 :                           0 
	   Memory (MB)          :   143        3000      3000 

	Job terminated of its own accord at 2025-04-24T01:54:41Z with exit-code 0.
...
