000 (889265.029.000) 04/24 03:44:47 Job submitted from host: <188.185.129.8:9618?addrs=188.185.129.8-9618+[2001-1458-d03-1--100-8a]-9618&alias=bigbird101.cern.ch&noUDP&sock=schedd_3241060_289e>
...
040 (889265.029.000) 04/24 03:48:59 Started transferring input files
	Transferring to host: <188.185.194.97:9618?addrs=188.185.194.97-9618+[2001-1458-303-21--100-5d]-9618&alias=b9p20p0608.cern.ch&noUDP&sock=slot1_25_188303_3f82_11372>
...
040 (889265.029.000) 04/24 03:48:59 Finished transferring input files
...
001 (889265.029.000) 04/24 03:49:00 Job executing on host: <188.185.194.97:9618?addrs=188.185.194.97-9618+[2001-1458-303-21--100-5d]-9618&alias=b9p20p0608.cern.ch&noUDP&sock=startd_5046_b6fb>
	SlotName: slot1_25@b9p20p0608.cern.ch
	CondorScratchDir = "/pool/condor/dir_270318"
	Cpus = 1
	Disk = 3863
	GPUs = 0
	Memory = 3000
...
006 (889265.029.000) 04/24 03:49:08 Image size of job updated: 95164
	93  -  MemoryUsage of job (MB)
	95164  -  ResidentSetSize of job (KB)
...
040 (889265.029.000) 04/24 03:51:58 Started transferring output files
...
040 (889265.029.000) 04/24 03:51:58 Finished transferring output files
...
005 (889265.029.000) 04/24 03:51:58 Job terminated.
	(1) Normal termination (return value 0)
		Usr 0 00:02:55, Sys 0 00:00:00  -  Run Remote Usage
		Usr 0 00:00:00, Sys 0 00:00:00  -  Run Local Usage
		Usr 0 00:02:55, Sys 0 00:00:00  -  Total Remote Usage
		Usr 0 00:00:00, Sys 0 00:00:00  -  Total Local Usage
	8282  -  Run Bytes Sent By Job
	10424  -  Run Bytes Received By Job
	8282  -  Total Bytes Sent By Job
	10424  -  Total Bytes Received By Job
	Partitionable Resources :    Usage  Request Allocated 
	   Cpus                 :        0        1         1 
	   Disk (KB)            :       43       12      3863 
	   GPUs                 :                           0 
	   Memory (MB)          :       93     3000      3000 

	Job terminated of its own accord at 2025-04-24T01:51:58Z with exit-code 0.
...
