000 (889265.027.000) 04/24 03:44:47 Job submitted from host: <188.185.129.8:9618?addrs=188.185.129.8-9618+[2001-1458-d03-1--100-8a]-9618&alias=bigbird101.cern.ch&noUDP&sock=schedd_3241060_289e>
...
040 (889265.027.000) 04/24 03:48:58 Started transferring input files
	Transferring to host: <188.185.194.163:9618?addrs=188.185.194.163-9618+[2001-1458-303-21--100-9f]-9618&alias=b9p20p4256.cern.ch&noUDP&sock=slot1_5_3140_29f9_9541>
...
040 (889265.027.000) 04/24 03:48:58 Finished transferring input files
...
001 (889265.027.000) 04/24 03:48:59 Job executing on host: <188.185.194.163:9618?addrs=188.185.194.163-9618+[2001-1458-303-21--100-9f]-9618&alias=b9p20p4256.cern.ch&noUDP&sock=startd_2600_f653>
	SlotName: slot1_5@b9p20p4256.cern.ch
	CondorScratchDir = "/pool/condor/dir_1096892"
	Cpus = 1
	Disk = 3906
	GPUs = 0
	Memory = 3000
...
006 (889265.027.000) 04/24 03:49:07 Image size of job updated: 91200
	90  -  MemoryUsage of job (MB)
	91200  -  ResidentSetSize of job (KB)
...
040 (889265.027.000) 04/24 03:52:03 Started transferring output files
...
040 (889265.027.000) 04/24 03:52:03 Finished transferring output files
...
005 (889265.027.000) 04/24 03:52:03 Job terminated.
	(1) Normal termination (return value 0)
		Usr 0 00:03:00, Sys 0 00:00:00  -  Run Remote Usage
		Usr 0 00:00:00, Sys 0 00:00:00  -  Run Local Usage
		Usr 0 00:03:00, Sys 0 00:00:00  -  Total Remote Usage
		Usr 0 00:00:00, Sys 0 00:00:00  -  Total Local Usage
	8282  -  Run Bytes Sent By Job
	10424  -  Run Bytes Received By Job
	8282  -  Total Bytes Sent By Job
	10424  -  Total Bytes Received By Job
	Partitionable Resources :    Usage  Request Allocated 
	   Cpus                 :        0        1         1 
	   Disk (KB)            :       43       12      3906 
	   GPUs                 :                           0 
	   Memory (MB)          :       90     3000      3000 

	Job terminated of its own accord at 2025-04-24T01:52:03Z with exit-code 0.
...
