000 (889265.001.000) 04/24 03:44:47 Job submitted from host: <188.185.129.8:9618?addrs=188.185.129.8-9618+[2001-1458-d03-1--100-8a]-9618&alias=bigbird101.cern.ch&noUDP&sock=schedd_3241060_289e>
...
040 (889265.001.000) 04/24 03:48:49 Started transferring input files
	Transferring to host: <128.142.161.105:9618?addrs=128.142.161.105-9618+[2001-1458-301-b8--100-3c]-9618&alias=b9g03p8655.cern.ch&noUDP&sock=slot1_9_744725_e225_5072>
...
040 (889265.001.000) 04/24 03:48:49 Finished transferring input files
...
001 (889265.001.000) 04/24 03:48:50 Job executing on host: <128.142.161.105:9618?addrs=128.142.161.105-9618+[2001-1458-301-b8--100-3c]-9618&alias=b9g03p8655.cern.ch&noUDP&sock=startd_3248_6fb2>
	SlotName: slot1_9@b9g03p8655.cern.ch
	CondorScratchDir = "/pool/condor/dir_1778324"
	Cpus = 1
	Disk = 3939
	GPUs = 0
	Memory = 3000
...
006 (889265.001.000) 04/24 03:48:58 Image size of job updated: 402480
	394  -  MemoryUsage of job (MB)
	402480  -  ResidentSetSize of job (KB)
...
040 (889265.001.000) 04/24 03:52:32 Started transferring output files
...
040 (889265.001.000) 04/24 03:52:32 Finished transferring output files
...
005 (889265.001.000) 04/24 03:52:32 Job terminated.
	(1) Normal termination (return value 0)
		Usr 0 00:03:35, Sys 0 00:00:00  -  Run Remote Usage
		Usr 0 00:00:00, Sys 0 00:00:00  -  Run Local Usage
		Usr 0 00:03:35, Sys 0 00:00:00  -  Total Remote Usage
		Usr 0 00:00:00, Sys 0 00:00:00  -  Total Local Usage
	8279  -  Run Bytes Sent By Job
	10424  -  Run Bytes Received By Job
	8279  -  Total Bytes Sent By Job
	10424  -  Total Bytes Received By Job
	Partitionable Resources :    Usage  Request Allocated 
	   Cpus                 :        0        1         1 
	   Disk (KB)            :       43       12      3939 
	   GPUs                 :                           0 
	   Memory (MB)          :      394     3000      3000 

	Job terminated of its own accord at 2025-04-24T01:52:32Z with exit-code 0.
...
