000 (889265.076.000) 04/24 03:44:47 Job submitted from host: <188.185.129.8:9618?addrs=188.185.129.8-9618+[2001-1458-d03-1--100-8a]-9618&alias=bigbird101.cern.ch&noUDP&sock=schedd_3241060_289e>
...
040 (889265.076.000) 04/24 03:49:13 Started transferring input files
	Transferring to host: <128.142.161.97:9618?addrs=128.142.161.97-9618+[2001-1458-301-b8--100-1f]-9618&alias=b9g03p7944.cern.ch&noUDP&sock=slot1_20_2128005_c7e0_2773>
...
040 (889265.076.000) 04/24 03:49:13 Finished transferring input files
...
001 (889265.076.000) 04/24 03:49:14 Job executing on host: <128.142.161.97:9618?addrs=128.142.161.97-9618+[2001-1458-301-b8--100-1f]-9618&alias=b9g03p7944.cern.ch&noUDP&sock=startd_2676_1786>
	SlotName: slot1_20@b9g03p7944.cern.ch
	CondorScratchDir = "/pool/condor/dir_3920503"
	Cpus = 1
	Disk = 3985
	GPUs = 0
	Memory = 3000
...
006 (889265.076.000) 04/24 03:49:28 Image size of job updated: 1452
	2  -  MemoryUsage of job (MB)
	1452  -  ResidentSetSize of job (KB)
...
006 (889265.076.000) 04/24 03:52:25 Image size of job updated: 105280
	2  -  MemoryUsage of job (MB)
	1452  -  ResidentSetSize of job (KB)
...
040 (889265.076.000) 04/24 03:52:25 Started transferring output files
...
040 (889265.076.000) 04/24 03:52:25 Finished transferring output files
...
005 (889265.076.000) 04/24 03:52:25 Job terminated.
	(1) Normal termination (return value 0)
		Usr 0 00:02:35, Sys 0 00:00:01  -  Run Remote Usage
		Usr 0 00:00:00, Sys 0 00:00:00  -  Run Local Usage
		Usr 0 00:02:35, Sys 0 00:00:01  -  Total Remote Usage
		Usr 0 00:00:00, Sys 0 00:00:00  -  Total Local Usage
	8282  -  Run Bytes Sent By Job
	10424  -  Run Bytes Received By Job
	8282  -  Total Bytes Sent By Job
	10424  -  Total Bytes Received By Job
	Partitionable Resources :    Usage  Request Allocated 
	   Cpus                 :        0        1         1 
	   Disk (KB)            :       43       12      3985 
	   GPUs                 :                           0 
	   Memory (MB)          :        2     3000      3000 

	Job terminated of its own accord at 2025-04-24T01:52:25Z with exit-code 0.
...
