000 (889265.088.000) 04/24 03:44:47 Job submitted from host: <188.185.129.8:9618?addrs=188.185.129.8-9618+[2001-1458-d03-1--100-8a]-9618&alias=bigbird101.cern.ch&noUDP&sock=schedd_3241060_289e>
...
040 (889265.088.000) 04/24 03:49:17 Started transferring input files
	Transferring to host: <188.185.192.172:9618?addrs=188.185.192.172-9618+[2001-1458-303-1f--100-a8]-9618&alias=b9p13p7703.cern.ch&noUDP&sock=slot1_6_2260857_087a_11634>
...
040 (889265.088.000) 04/24 03:49:17 Finished transferring input files
...
001 (889265.088.000) 04/24 03:49:18 Job executing on host: <188.185.192.172:9618?addrs=188.185.192.172-9618+[2001-1458-303-1f--100-a8]-9618&alias=b9p13p7703.cern.ch&noUDP&sock=startd_10954_1c82>
	SlotName: slot1_6@b9p13p7703.cern.ch
	CondorScratchDir = "/pool/condor/dir_101716"
	Cpus = 1
	Disk = 3972
	GPUs = 0
	Memory = 3000
...
006 (889265.088.000) 04/24 03:49:26 Image size of job updated: 78044
	77  -  MemoryUsage of job (MB)
	78044  -  ResidentSetSize of job (KB)
...
040 (889265.088.000) 04/24 03:53:05 Started transferring output files
...
040 (889265.088.000) 04/24 03:53:05 Finished transferring output files
...
005 (889265.088.000) 04/24 03:53:05 Job terminated.
	(1) Normal termination (return value 0)
		Usr 0 00:03:34, Sys 0 00:00:00  -  Run Remote Usage
		Usr 0 00:00:00, Sys 0 00:00:00  -  Run Local Usage
		Usr 0 00:03:34, Sys 0 00:00:00  -  Total Remote Usage
		Usr 0 00:00:00, Sys 0 00:00:00  -  Total Local Usage
	8282  -  Run Bytes Sent By Job
	10424  -  Run Bytes Received By Job
	8282  -  Total Bytes Sent By Job
	10424  -  Total Bytes Received By Job
	Partitionable Resources :    Usage  Request Allocated 
	   Cpus                 :        0        1         1 
	   Disk (KB)            :       43       12      3972 
	   GPUs                 :                           0 
	   Memory (MB)          :       77     3000      3000 

	Job terminated of its own accord at 2025-04-24T01:53:05Z with exit-code 0.
...
