000 (889265.021.000) 04/24 03:44:47 Job submitted from host: <188.185.129.8:9618?addrs=188.185.129.8-9618+[2001-1458-d03-1--100-8a]-9618&alias=bigbird101.cern.ch&noUDP&sock=schedd_3241060_289e>
...
040 (889265.021.000) 04/24 03:48:55 Started transferring input files
	Transferring to host: <188.185.192.9:9618?addrs=188.185.192.9-9618+[2001-1458-303-1f--100-5]-9618&alias=b9p13p0510.cern.ch&noUDP&sock=slot1_2_3404_2d03_10457>
...
040 (889265.021.000) 04/24 03:48:55 Finished transferring input files
...
001 (889265.021.000) 04/24 03:48:56 Job executing on host: <188.185.192.9:9618?addrs=188.185.192.9-9618+[2001-1458-303-1f--100-5]-9618&alias=b9p13p0510.cern.ch&noUDP&sock=startd_3363_5116>
	SlotName: slot1_2@b9p13p0510.cern.ch
	CondorScratchDir = "/pool/condor/dir_3028882"
	Cpus = 1
	Disk = 3887
	GPUs = 0
	Memory = 3000
...
006 (889265.021.000) 04/24 03:49:05 Image size of job updated: 90340
	89  -  MemoryUsage of job (MB)
	90340  -  ResidentSetSize of job (KB)
...
040 (889265.021.000) 04/24 03:52:50 Started transferring output files
...
040 (889265.021.000) 04/24 03:52:50 Finished transferring output files
...
005 (889265.021.000) 04/24 03:52:50 Job terminated.
	(1) Normal termination (return value 0)
		Usr 0 00:03:36, Sys 0 00:00:01  -  Run Remote Usage
		Usr 0 00:00:00, Sys 0 00:00:00  -  Run Local Usage
		Usr 0 00:03:36, Sys 0 00:00:01  -  Total Remote Usage
		Usr 0 00:00:00, Sys 0 00:00:00  -  Total Local Usage
	8282  -  Run Bytes Sent By Job
	10424  -  Run Bytes Received By Job
	8282  -  Total Bytes Sent By Job
	10424  -  Total Bytes Received By Job
	Partitionable Resources :    Usage  Request Allocated 
	   Cpus                 :        0        1         1 
	   Disk (KB)            :       44       12      3887 
	   GPUs                 :                           0 
	   Memory (MB)          :       89     3000      3000 

	Job terminated of its own accord at 2025-04-24T01:52:50Z with exit-code 0.
...
