000 (889265.010.000) 04/24 03:44:47 Job submitted from host: <188.185.129.8:9618?addrs=188.185.129.8-9618+[2001-1458-d03-1--100-8a]-9618&alias=bigbird101.cern.ch&noUDP&sock=schedd_3241060_289e>
...
040 (889265.010.000) 04/24 03:48:51 Started transferring input files
	Transferring to host: <188.185.198.45:9618?addrs=188.185.198.45-9618+[2001-1458-303-25--100-29]-9618&alias=b9p15p6291.cern.ch&noUDP&sock=slot1_34_3046_eeb5_10865>
...
040 (889265.010.000) 04/24 03:48:51 Finished transferring input files
...
001 (889265.010.000) 04/24 03:48:52 Job executing on host: <188.185.198.45:9618?addrs=188.185.198.45-9618+[2001-1458-303-25--100-29]-9618&alias=b9p15p6291.cern.ch&noUDP&sock=startd_2552_09c8>
	SlotName: slot1_34@b9p15p6291.cern.ch
	CondorScratchDir = "/pool/condor/dir_326808"
	Cpus = 1
	Disk = 3787
	GPUs = 0
	Memory = 3000
...
006 (889265.010.000) 04/24 03:49:00 Image size of job updated: 91868
	90  -  MemoryUsage of job (MB)
	91868  -  ResidentSetSize of job (KB)
...
040 (889265.010.000) 04/24 03:51:31 Started transferring output files
...
040 (889265.010.000) 04/24 03:51:31 Finished transferring output files
...
005 (889265.010.000) 04/24 03:51:31 Job terminated.
	(1) Normal termination (return value 0)
		Usr 0 00:02:32, Sys 0 00:00:01  -  Run Remote Usage
		Usr 0 00:00:00, Sys 0 00:00:00  -  Run Local Usage
		Usr 0 00:02:32, Sys 0 00:00:01  -  Total Remote Usage
		Usr 0 00:00:00, Sys 0 00:00:00  -  Total Local Usage
	8282  -  Run Bytes Sent By Job
	10424  -  Run Bytes Received By Job
	8282  -  Total Bytes Sent By Job
	10424  -  Total Bytes Received By Job
	Partitionable Resources :    Usage  Request Allocated 
	   Cpus                 :        0        1         1 
	   Disk (KB)            :       43       12      3787 
	   GPUs                 :                           0 
	   Memory (MB)          :       90     3000      3000 

	Job terminated of its own accord at 2025-04-24T01:51:31Z with exit-code 0.
...
