000 (889265.022.000) 04/24 03:44:47 Job submitted from host: <188.185.129.8:9618?addrs=188.185.129.8-9618+[2001-1458-d03-1--100-8a]-9618&alias=bigbird101.cern.ch&noUDP&sock=schedd_3241060_289e>
...
040 (889265.022.000) 04/24 03:48:55 Started transferring input files
	Transferring to host: <188.185.198.109:9618?addrs=188.185.198.109-9618+[2001-1458-303-25--100-69]-9618&alias=b9p15p4453.cern.ch&noUDP&sock=slot1_44_2266371_251a_12808>
...
040 (889265.022.000) 04/24 03:48:55 Finished transferring input files
...
001 (889265.022.000) 04/24 03:48:56 Job executing on host: <188.185.198.109:9618?addrs=188.185.198.109-9618+[2001-1458-303-25--100-69]-9618&alias=b9p15p4453.cern.ch&noUDP&sock=startd_8662_fd70>
	SlotName: slot1_44@b9p15p4453.cern.ch
	CondorScratchDir = "/pool/condor/dir_2055503"
	Cpus = 1
	Disk = 3788
	GPUs = 0
	Memory = 3000
...
006 (889265.022.000) 04/24 03:49:05 Image size of job updated: 144116
	141  -  MemoryUsage of job (MB)
	144116  -  ResidentSetSize of job (KB)
...
040 (889265.022.000) 04/24 03:52:08 Started transferring output files
...
040 (889265.022.000) 04/24 03:52:08 Finished transferring output files
...
005 (889265.022.000) 04/24 03:52:08 Job terminated.
	(1) Normal termination (return value 0)
		Usr 0 00:03:06, Sys 0 00:00:00  -  Run Remote Usage
		Usr 0 00:00:00, Sys 0 00:00:00  -  Run Local Usage
		Usr 0 00:03:06, Sys 0 00:00:00  -  Total Remote Usage
		Usr 0 00:00:00, Sys 0 00:00:00  -  Total Local Usage
	8282  -  Run Bytes Sent By Job
	10424  -  Run Bytes Received By Job
	8282  -  Total Bytes Sent By Job
	10424  -  Total Bytes Received By Job
	Partitionable Resources :    Usage  Request Allocated 
	   Cpus                 :     0.99        1         1 
	   Disk (KB)            :    43          12      3788 
	   GPUs                 :                           0 
	   Memory (MB)          :   141        3000      3000 

	Job terminated of its own accord at 2025-04-24T01:52:08Z with exit-code 0.
...
