000 (889265.013.000) 04/24 03:44:47 Job submitted from host: <188.185.129.8:9618?addrs=188.185.129.8-9618+[2001-1458-d03-1--100-8a]-9618&alias=bigbird101.cern.ch&noUDP&sock=schedd_3241060_289e>
...
040 (889265.013.000) 04/24 03:48:52 Started transferring input files
	Transferring to host: <188.185.195.55:9618?addrs=188.185.195.55-9618+[2001-1458-303-22--100-33]-9618&alias=b9p17p7601.cern.ch&noUDP&sock=slot1_29_4192194_aaa3_13249>
...
040 (889265.013.000) 04/24 03:48:52 Finished transferring input files
...
001 (889265.013.000) 04/24 03:48:53 Job executing on host: <188.185.195.55:9618?addrs=188.185.195.55-9618+[2001-1458-303-22--100-33]-9618&alias=b9p17p7601.cern.ch&noUDP&sock=startd_7551_efb8>
	SlotName: slot1_29@b9p17p7601.cern.ch
	CondorScratchDir = "/pool/condor/dir_2770417"
	Cpus = 1
	Disk = 3895
	GPUs = 0
	Memory = 3000
...
006 (889265.013.000) 04/24 03:49:01 Image size of job updated: 88692
	87  -  MemoryUsage of job (MB)
	88692  -  ResidentSetSize of job (KB)
...
040 (889265.013.000) 04/24 03:51:44 Started transferring output files
...
040 (889265.013.000) 04/24 03:51:44 Finished transferring output files
...
005 (889265.013.000) 04/24 03:51:44 Job terminated.
	(1) Normal termination (return value 0)
		Usr 0 00:02:47, Sys 0 00:00:00  -  Run Remote Usage
		Usr 0 00:00:00, Sys 0 00:00:00  -  Run Local Usage
		Usr 0 00:02:47, Sys 0 00:00:00  -  Total Remote Usage
		Usr 0 00:00:00, Sys 0 00:00:00  -  Total Local Usage
	8282  -  Run Bytes Sent By Job
	10424  -  Run Bytes Received By Job
	8282  -  Total Bytes Sent By Job
	10424  -  Total Bytes Received By Job
	Partitionable Resources :    Usage  Request Allocated 
	   Cpus                 :        0        1         1 
	   Disk (KB)            :       43       12      3895 
	   GPUs                 :                           0 
	   Memory (MB)          :       87     3000      3000 

	Job terminated of its own accord at 2025-04-24T01:51:44Z with exit-code 0.
...
