000 (889265.066.000) 04/24 03:44:47 Job submitted from host: <188.185.129.8:9618?addrs=188.185.129.8-9618+[2001-1458-d03-1--100-8a]-9618&alias=bigbird101.cern.ch&noUDP&sock=schedd_3241060_289e>
...
040 (889265.066.000) 04/24 03:49:10 Started transferring input files
	Transferring to host: <128.142.161.79:9618?addrs=128.142.161.79-9618+[2001-1458-301-b8--100-d]-9618&alias=b9g03p9237.cern.ch&noUDP&sock=slot1_15_508037_c68c_5473>
...
040 (889265.066.000) 04/24 03:49:10 Finished transferring input files
...
001 (889265.066.000) 04/24 03:49:11 Job executing on host: <128.142.161.79:9618?addrs=128.142.161.79-9618+[2001-1458-301-b8--100-d]-9618&alias=b9g03p9237.cern.ch&noUDP&sock=startd_3065_e9dd>
	SlotName: slot1_15@b9g03p9237.cern.ch
	CondorScratchDir = "/pool/condor/dir_3484218"
	Cpus = 1
	Disk = 4027
	GPUs = 0
	Memory = 3000
...
006 (889265.066.000) 04/24 03:49:19 Image size of job updated: 87172
	86  -  MemoryUsage of job (MB)
	87172  -  ResidentSetSize of job (KB)
...
040 (889265.066.000) 04/24 03:52:54 Started transferring output files
...
040 (889265.066.000) 04/24 03:52:54 Finished transferring output files
...
005 (889265.066.000) 04/24 03:52:54 Job terminated.
	(1) Normal termination (return value 0)
		Usr 0 00:03:27, Sys 0 00:00:00  -  Run Remote Usage
		Usr 0 00:00:00, Sys 0 00:00:00  -  Run Local Usage
		Usr 0 00:03:27, Sys 0 00:00:00  -  Total Remote Usage
		Usr 0 00:00:00, Sys 0 00:00:00  -  Total Local Usage
	8282  -  Run Bytes Sent By Job
	10424  -  Run Bytes Received By Job
	8282  -  Total Bytes Sent By Job
	10424  -  Total Bytes Received By Job
	Partitionable Resources :    Usage  Request Allocated 
	   Cpus                 :        0        1         1 
	   Disk (KB)            :       43       12      4027 
	   GPUs                 :                           0 
	   Memory (MB)          :       86     3000      3000 

	Job terminated of its own accord at 2025-04-24T01:52:54Z with exit-code 0.
...
