000 (889265.019.000) 04/24 03:44:47 Job submitted from host: <188.185.129.8:9618?addrs=188.185.129.8-9618+[2001-1458-d03-1--100-8a]-9618&alias=bigbird101.cern.ch&noUDP&sock=schedd_3241060_289e>
...
040 (889265.019.000) 04/24 03:48:54 Started transferring input files
	Transferring to host: <188.185.213.167:9618?addrs=188.185.213.167-9618+[2001-1458-303-1b--100-23]-9618&alias=b9p28p1049.cern.ch&noUDP&sock=slot1_17_4450_2d6e_1277>
...
040 (889265.019.000) 04/24 03:48:54 Finished transferring input files
...
001 (889265.019.000) 04/24 03:48:55 Job executing on host: <188.185.213.167:9618?addrs=188.185.213.167-9618+[2001-1458-303-1b--100-23]-9618&alias=b9p28p1049.cern.ch&noUDP&sock=startd_4145_b426>
	SlotName: slot1_17@b9p28p1049.cern.ch
	CondorScratchDir = "/pool/condor/dir_1866548"
	Cpus = 1
	Disk = 3896
	GPUs = 0
	Memory = 3000
...
006 (889265.019.000) 04/24 03:49:04 Image size of job updated: 102024
	100  -  MemoryUsage of job (MB)
	102024  -  ResidentSetSize of job (KB)
...
040 (889265.019.000) 04/24 03:51:42 Started transferring output files
...
040 (889265.019.000) 04/24 03:51:42 Finished transferring output files
...
005 (889265.019.000) 04/24 03:51:42 Job terminated.
	(1) Normal termination (return value 0)
		Usr 0 00:02:41, Sys 0 00:00:00  -  Run Remote Usage
		Usr 0 00:00:00, Sys 0 00:00:00  -  Run Local Usage
		Usr 0 00:02:41, Sys 0 00:00:00  -  Total Remote Usage
		Usr 0 00:00:00, Sys 0 00:00:00  -  Total Local Usage
	8282  -  Run Bytes Sent By Job
	10424  -  Run Bytes Received By Job
	8282  -  Total Bytes Sent By Job
	10424  -  Total Bytes Received By Job
	Partitionable Resources :    Usage  Request Allocated 
	   Cpus                 :     0.98        1         1 
	   Disk (KB)            :    43          12      3896 
	   GPUs                 :                           0 
	   Memory (MB)          :   100        3000      3000 

	Job terminated of its own accord at 2025-04-24T01:51:42Z with exit-code 0.
...
