000 (889265.074.000) 04/24 03:44:47 Job submitted from host: <188.185.129.8:9618?addrs=188.185.129.8-9618+[2001-1458-d03-1--100-8a]-9618&alias=bigbird101.cern.ch&noUDP&sock=schedd_3241060_289e>
...
040 (889265.074.000) 04/24 03:49:12 Started transferring input files
	Transferring to host: <128.142.240.25:9618?addrs=128.142.240.25-9618+[2001-1458-301-11--100-19]-9618&alias=b9g29p8672.cern.ch&noUDP&sock=slot1_27_639060_54fc_10589>
...
040 (889265.074.000) 04/24 03:49:12 Finished transferring input files
...
001 (889265.074.000) 04/24 03:49:13 Job executing on host: <128.142.240.25:9618?addrs=128.142.240.25-9618+[2001-1458-301-11--100-19]-9618&alias=b9g29p8672.cern.ch&noUDP&sock=startd_3639571_8ed5>
	SlotName: slot1_27@b9g29p8672.cern.ch
	CondorScratchDir = "/pool/condor/dir_1149030"
	Cpus = 1
	Disk = 3912
	GPUs = 0
	Memory = 3000
...
006 (889265.074.000) 04/24 03:49:22 Image size of job updated: 90428
	89  -  MemoryUsage of job (MB)
	90428  -  ResidentSetSize of job (KB)
...
040 (889265.074.000) 04/24 03:52:02 Started transferring output files
...
040 (889265.074.000) 04/24 03:52:02 Finished transferring output files
...
005 (889265.074.000) 04/24 03:52:02 Job terminated.
	(1) Normal termination (return value 0)
		Usr 0 00:02:41, Sys 0 00:00:00  -  Run Remote Usage
		Usr 0 00:00:00, Sys 0 00:00:00  -  Run Local Usage
		Usr 0 00:02:41, Sys 0 00:00:00  -  Total Remote Usage
		Usr 0 00:00:00, Sys 0 00:00:00  -  Total Local Usage
	8282  -  Run Bytes Sent By Job
	10424  -  Run Bytes Received By Job
	8282  -  Total Bytes Sent By Job
	10424  -  Total Bytes Received By Job
	Partitionable Resources :    Usage  Request Allocated 
	   Cpus                 :     0.99        1         1 
	   Disk (KB)            :    43          12      3912 
	   GPUs                 :                           0 
	   Memory (MB)          :    89        3000      3000 

	Job terminated of its own accord at 2025-04-24T01:52:02Z with exit-code 0.
...
