000 (889265.032.000) 04/24 03:44:47 Job submitted from host: <188.185.129.8:9618?addrs=188.185.129.8-9618+[2001-1458-d03-1--100-8a]-9618&alias=bigbird101.cern.ch&noUDP&sock=schedd_3241060_289e>
...
040 (889265.032.000) 04/24 03:48:59 Started transferring input files
	Transferring to host: <188.185.209.175:9618?addrs=188.185.209.175-9618+[2001-1458-303-12--100-2c]-9618&alias=b9p12p7804.cern.ch&noUDP&sock=slot1_11_2945543_427d_8093>
...
040 (889265.032.000) 04/24 03:48:59 Finished transferring input files
...
001 (889265.032.000) 04/24 03:49:00 Job executing on host: <188.185.209.175:9618?addrs=188.185.209.175-9618+[2001-1458-303-12--100-2c]-9618&alias=b9p12p7804.cern.ch&noUDP&sock=startd_9626_36bc>
	SlotName: slot1_11@b9p12p7804.cern.ch
	CondorScratchDir = "/pool/condor/dir_2637710"
	Cpus = 1
	Disk = 3818
	GPUs = 0
	Memory = 3000
...
006 (889265.032.000) 04/24 03:49:14 Image size of job updated: 100716
	99  -  MemoryUsage of job (MB)
	100716  -  ResidentSetSize of job (KB)
...
006 (889265.032.000) 04/24 03:51:22 Image size of job updated: 104504
	99  -  MemoryUsage of job (MB)
	100716  -  ResidentSetSize of job (KB)
...
040 (889265.032.000) 04/24 03:51:22 Started transferring output files
...
040 (889265.032.000) 04/24 03:51:22 Finished transferring output files
...
005 (889265.032.000) 04/24 03:51:22 Job terminated.
	(1) Normal termination (return value 0)
		Usr 0 00:02:06, Sys 0 00:00:00  -  Run Remote Usage
		Usr 0 00:00:00, Sys 0 00:00:00  -  Run Local Usage
		Usr 0 00:02:06, Sys 0 00:00:00  -  Total Remote Usage
		Usr 0 00:00:00, Sys 0 00:00:00  -  Total Local Usage
	8282  -  Run Bytes Sent By Job
	10424  -  Run Bytes Received By Job
	8282  -  Total Bytes Sent By Job
	10424  -  Total Bytes Received By Job
	Partitionable Resources :    Usage  Request Allocated 
	   Cpus                 :        0        1         1 
	   Disk (KB)            :       47       12      3818 
	   GPUs                 :                           0 
	   Memory (MB)          :       99     3000      3000 

	Job terminated of its own accord at 2025-04-24T01:51:22Z with exit-code 0.
...
