000 (889265.053.000) 04/24 03:44:47 Job submitted from host: <188.185.129.8:9618?addrs=188.185.129.8-9618+[2001-1458-d03-1--100-8a]-9618&alias=bigbird101.cern.ch&noUDP&sock=schedd_3241060_289e>
...
040 (889265.053.000) 04/24 03:49:06 Started transferring input files
	Transferring to host: <128.142.132.182:9618?addrs=128.142.132.182-9618+[2001-1458-301-5a--100-aa]-9618&alias=b9g12p7113.cern.ch&noUDP&sock=slot1_26_2863_fe0e_11660>
...
040 (889265.053.000) 04/24 03:49:06 Finished transferring input files
...
001 (889265.053.000) 04/24 03:49:07 Job executing on host: <128.142.132.182:9618?addrs=128.142.132.182-9618+[2001-1458-301-5a--100-aa]-9618&alias=b9g12p7113.cern.ch&noUDP&sock=startd_2500_5edb>
	SlotName: slot1_26@b9g12p7113.cern.ch
	CondorScratchDir = "/pool/condor/dir_1766446"
	Cpus = 1
	Disk = 2616
	GPUs = 0
	Memory = 3000
...
006 (889265.053.000) 04/24 03:49:15 Image size of job updated: 77580
	76  -  MemoryUsage of job (MB)
	77580  -  ResidentSetSize of job (KB)
...
040 (889265.053.000) 04/24 03:53:13 Started transferring output files
...
040 (889265.053.000) 04/24 03:53:13 Finished transferring output files
...
005 (889265.053.000) 04/24 03:53:13 Job terminated.
	(1) Normal termination (return value 0)
		Usr 0 00:03:59, Sys 0 00:00:00  -  Run Remote Usage
		Usr 0 00:00:00, Sys 0 00:00:00  -  Run Local Usage
		Usr 0 00:03:59, Sys 0 00:00:00  -  Total Remote Usage
		Usr 0 00:00:00, Sys 0 00:00:00  -  Total Local Usage
	8282  -  Run Bytes Sent By Job
	10424  -  Run Bytes Received By Job
	8282  -  Total Bytes Sent By Job
	10424  -  Total Bytes Received By Job
	Partitionable Resources :    Usage  Request Allocated 
	   Cpus                 :        0        1         1 
	   Disk (KB)            :       43       12      2616 
	   GPUs                 :                           0 
	   Memory (MB)          :       76     3000      3000 

	Job terminated of its own accord at 2025-04-24T01:53:13Z with exit-code 0.
...
