000 (889265.068.000) 04/24 03:44:47 Job submitted from host: <188.185.129.8:9618?addrs=188.185.129.8-9618+[2001-1458-d03-1--100-8a]-9618&alias=bigbird101.cern.ch&noUDP&sock=schedd_3241060_289e>
...
040 (889265.068.000) 04/24 03:49:10 Started transferring input files
	Transferring to host: <188.185.198.141:9618?addrs=188.185.198.141-9618+[2001-1458-303-25--100-89]-9618&alias=b9p15p0565.cern.ch&noUDP&sock=slot1_50_5893_e6c9_9797>
...
040 (889265.068.000) 04/24 03:49:10 Finished transferring input files
...
001 (889265.068.000) 04/24 03:49:11 Job executing on host: <188.185.198.141:9618?addrs=188.185.198.141-9618+[2001-1458-303-25--100-89]-9618&alias=b9p15p0565.cern.ch&noUDP&sock=startd_4614_6611>
	SlotName: slot1_50@b9p15p0565.cern.ch
	CondorScratchDir = "/pool/condor/dir_3342736"
	Cpus = 1
	Disk = 3803
	GPUs = 0
	Memory = 3000
...
006 (889265.068.000) 04/24 03:49:19 Image size of job updated: 162656
	159  -  MemoryUsage of job (MB)
	162656  -  ResidentSetSize of job (KB)
...
040 (889265.068.000) 04/24 03:52:40 Started transferring output files
...
040 (889265.068.000) 04/24 03:52:40 Finished transferring output files
...
005 (889265.068.000) 04/24 03:52:40 Job terminated.
	(1) Normal termination (return value 0)
		Usr 0 00:03:16, Sys 0 00:00:01  -  Run Remote Usage
		Usr 0 00:00:00, Sys 0 00:00:00  -  Run Local Usage
		Usr 0 00:03:16, Sys 0 00:00:01  -  Total Remote Usage
		Usr 0 00:00:00, Sys 0 00:00:00  -  Total Local Usage
	8282  -  Run Bytes Sent By Job
	10424  -  Run Bytes Received By Job
	8282  -  Total Bytes Sent By Job
	10424  -  Total Bytes Received By Job
	Partitionable Resources :    Usage  Request Allocated 
	   Cpus                 :        0        1         1 
	   Disk (KB)            :       44       12      3803 
	   GPUs                 :                           0 
	   Memory (MB)          :      159     3000      3000 

	Job terminated of its own accord at 2025-04-24T01:52:39Z with exit-code 0.
...
