000 (889265.034.000) 04/24 03:44:47 Job submitted from host: <188.185.129.8:9618?addrs=188.185.129.8-9618+[2001-1458-d03-1--100-8a]-9618&alias=bigbird101.cern.ch&noUDP&sock=schedd_3241060_289e>
...
040 (889265.034.000) 04/24 03:48:59 Started transferring input files
	Transferring to host: <128.142.33.206:9618?addrs=128.142.33.206-9618+[2001-1458-301-39--100-b]-9618&alias=b9g24p1210.cern.ch&noUDP&sock=slot1_19_552052_532a_8427>
...
040 (889265.034.000) 04/24 03:48:59 Finished transferring input files
...
001 (889265.034.000) 04/24 03:49:00 Job executing on host: <128.142.33.206:9618?addrs=128.142.33.206-9618+[2001-1458-301-39--100-b]-9618&alias=b9g24p1210.cern.ch&noUDP&sock=startd_2526_3451>
	SlotName: slot1_19@b9g24p1210.cern.ch
	CondorScratchDir = "/pool/condor/dir_3360712"
	Cpus = 1
	Disk = 3732
	GPUs = 0
	Memory = 3000
...
006 (889265.034.000) 04/24 03:49:09 Image size of job updated: 90372
	89  -  MemoryUsage of job (MB)
	90372  -  ResidentSetSize of job (KB)
...
040 (889265.034.000) 04/24 03:51:56 Started transferring output files
...
040 (889265.034.000) 04/24 03:51:56 Finished transferring output files
...
005 (889265.034.000) 04/24 03:51:56 Job terminated.
	(1) Normal termination (return value 0)
		Usr 0 00:02:40, Sys 0 00:00:01  -  Run Remote Usage
		Usr 0 00:00:00, Sys 0 00:00:00  -  Run Local Usage
		Usr 0 00:02:40, Sys 0 00:00:01  -  Total Remote Usage
		Usr 0 00:00:00, Sys 0 00:00:00  -  Total Local Usage
	8278  -  Run Bytes Sent By Job
	10424  -  Run Bytes Received By Job
	8278  -  Total Bytes Sent By Job
	10424  -  Total Bytes Received By Job
	Partitionable Resources :    Usage  Request Allocated 
	   Cpus                 :        0        1         1 
	   Disk (KB)            :       43       12      3732 
	   GPUs                 :                           0 
	   Memory (MB)          :       89     3000      3000 

	Job terminated of its own accord at 2025-04-24T01:51:56Z with exit-code 0.
...
