000 (889265.017.000) 04/24 03:44:47 Job submitted from host: <188.185.129.8:9618?addrs=188.185.129.8-9618+[2001-1458-d03-1--100-8a]-9618&alias=bigbird101.cern.ch&noUDP&sock=schedd_3241060_289e>
...
040 (889265.017.000) 04/24 03:48:54 Started transferring input files
	Transferring to host: <128.142.33.15:9618?addrs=128.142.33.15-9618+[2001-1458-301-53--100-c]-9618&alias=b9g34p4429.cern.ch&noUDP&sock=slot1_14_1996649_9882_7458>
...
040 (889265.017.000) 04/24 03:48:54 Finished transferring input files
...
001 (889265.017.000) 04/24 03:48:55 Job executing on host: <128.142.33.15:9618?addrs=128.142.33.15-9618+[2001-1458-301-53--100-c]-9618&alias=b9g34p4429.cern.ch&noUDP&sock=startd_3661_b84f>
	SlotName: slot1_14@b9g34p4429.cern.ch
	CondorScratchDir = "/pool/condor/dir_537114"
	Cpus = 1
	Disk = 3703
	GPUs = 0
	Memory = 3000
...
006 (889265.017.000) 04/24 03:49:04 Image size of job updated: 94168
	92  -  MemoryUsage of job (MB)
	94168  -  ResidentSetSize of job (KB)
...
040 (889265.017.000) 04/24 03:52:46 Started transferring output files
...
040 (889265.017.000) 04/24 03:52:46 Finished transferring output files
...
005 (889265.017.000) 04/24 03:52:46 Job terminated.
	(1) Normal termination (return value 0)
		Usr 0 00:03:47, Sys 0 00:00:00  -  Run Remote Usage
		Usr 0 00:00:00, Sys 0 00:00:00  -  Run Local Usage
		Usr 0 00:03:47, Sys 0 00:00:00  -  Total Remote Usage
		Usr 0 00:00:00, Sys 0 00:00:00  -  Total Local Usage
	8282  -  Run Bytes Sent By Job
	10424  -  Run Bytes Received By Job
	8282  -  Total Bytes Sent By Job
	10424  -  Total Bytes Received By Job
	Partitionable Resources :    Usage  Request Allocated 
	   Cpus                 :     0.99        1         1 
	   Disk (KB)            :    43          12      3703 
	   GPUs                 :                           0 
	   Memory (MB)          :    92        3000      3000 

	Job terminated of its own accord at 2025-04-24T01:52:46Z with exit-code 0.
...
