000 (889265.087.000) 04/24 03:44:47 Job submitted from host: <188.185.129.8:9618?addrs=188.185.129.8-9618+[2001-1458-d03-1--100-8a]-9618&alias=bigbird101.cern.ch&noUDP&sock=schedd_3241060_289e>
...
040 (889265.087.000) 04/24 03:49:16 Started transferring input files
	Transferring to host: <188.185.208.168:9618?addrs=188.185.208.168-9618+[2001-1458-303-10--100-25]-9618&alias=b9p10p1412.cern.ch&noUDP&sock=slot1_17_8343_25ec_195829>
...
040 (889265.087.000) 04/24 03:49:16 Finished transferring input files
...
001 (889265.087.000) 04/24 03:49:17 Job executing on host: <188.185.208.168:9618?addrs=188.185.208.168-9618+[2001-1458-303-10--100-25]-9618&alias=b9p10p1412.cern.ch&noUDP&sock=startd_7007_cc33>
	SlotName: slot1_17@b9p10p1412.cern.ch
	CondorScratchDir = "/pool/condor/dir_133388"
	Cpus = 1
	Disk = 3641
	GPUs = 0
	Memory = 3000
...
006 (889265.087.000) 04/24 03:49:26 Image size of job updated: 101772
	100  -  MemoryUsage of job (MB)
	101772  -  ResidentSetSize of job (KB)
...
040 (889265.087.000) 04/24 03:51:23 Started transferring output files
...
040 (889265.087.000) 04/24 03:51:23 Finished transferring output files
...
005 (889265.087.000) 04/24 03:51:23 Job terminated.
	(1) Normal termination (return value 0)
		Usr 0 00:02:02, Sys 0 00:00:00  -  Run Remote Usage
		Usr 0 00:00:00, Sys 0 00:00:00  -  Run Local Usage
		Usr 0 00:02:02, Sys 0 00:00:00  -  Total Remote Usage
		Usr 0 00:00:00, Sys 0 00:00:00  -  Total Local Usage
	8282  -  Run Bytes Sent By Job
	10424  -  Run Bytes Received By Job
	8282  -  Total Bytes Sent By Job
	10424  -  Total Bytes Received By Job
	Partitionable Resources :    Usage  Request Allocated 
	   Cpus                 :        0        1         1 
	   Disk (KB)            :       44       12      3641 
	   GPUs                 :                           0 
	   Memory (MB)          :      100     3000      3000 

	Job terminated of its own accord at 2025-04-24T01:51:23Z with exit-code 0.
...
