000 (889265.073.000) 04/24 03:44:47 Job submitted from host: <188.185.129.8:9618?addrs=188.185.129.8-9618+[2001-1458-d03-1--100-8a]-9618&alias=bigbird101.cern.ch&noUDP&sock=schedd_3241060_289e>
...
040 (889265.073.000) 04/24 03:49:12 Started transferring input files
	Transferring to host: <188.185.204.151:9618?addrs=188.185.204.151-9618+[2001-1458-303-8--100-8b]-9618&alias=b9p02p6555.cern.ch&noUDP&sock=slot1_15_961770_b87f_8635>
...
040 (889265.073.000) 04/24 03:49:12 Finished transferring input files
...
001 (889265.073.000) 04/24 03:49:13 Job executing on host: <188.185.204.151:9618?addrs=188.185.204.151-9618+[2001-1458-303-8--100-8b]-9618&alias=b9p02p6555.cern.ch&noUDP&sock=startd_10228_22c0>
	SlotName: slot1_15@b9p02p6555.cern.ch
	CondorScratchDir = "/pool/condor/dir_3637067"
	Cpus = 1
	Disk = 3719
	GPUs = 0
	Memory = 3000
...
006 (889265.073.000) 04/24 03:49:27 Image size of job updated: 88152
	87  -  MemoryUsage of job (MB)
	88152  -  ResidentSetSize of job (KB)
...
006 (889265.073.000) 04/24 03:51:58 Image size of job updated: 104500
	87  -  MemoryUsage of job (MB)
	88152  -  ResidentSetSize of job (KB)
...
040 (889265.073.000) 04/24 03:51:58 Started transferring output files
...
040 (889265.073.000) 04/24 03:51:58 Finished transferring output files
...
005 (889265.073.000) 04/24 03:51:58 Job terminated.
	(1) Normal termination (return value 0)
		Usr 0 00:02:18, Sys 0 00:00:01  -  Run Remote Usage
		Usr 0 00:00:00, Sys 0 00:00:00  -  Run Local Usage
		Usr 0 00:02:18, Sys 0 00:00:01  -  Total Remote Usage
		Usr 0 00:00:00, Sys 0 00:00:00  -  Total Local Usage
	8282  -  Run Bytes Sent By Job
	10424  -  Run Bytes Received By Job
	8282  -  Total Bytes Sent By Job
	10424  -  Total Bytes Received By Job
	Partitionable Resources :    Usage  Request Allocated 
	   Cpus                 :        0        1         1 
	   Disk (KB)            :       47       12      3719 
	   GPUs                 :                           0 
	   Memory (MB)          :       87     3000      3000 

	Job terminated of its own accord at 2025-04-24T01:51:58Z with exit-code 0.
...
