000 (889265.070.000) 04/24 03:44:47 Job submitted from host: <188.185.129.8:9618?addrs=188.185.129.8-9618+[2001-1458-d03-1--100-8a]-9618&alias=bigbird101.cern.ch&noUDP&sock=schedd_3241060_289e>
...
040 (889265.070.000) 04/24 03:49:11 Started transferring input files
	Transferring to host: <128.142.51.209:9618?addrs=128.142.51.209-9618+[2001-1458-301-3--100-e]-9618&alias=b9g02p0891.cern.ch&noUDP&sock=slot1_8_395281_f923_4854>
...
040 (889265.070.000) 04/24 03:49:11 Finished transferring input files
...
001 (889265.070.000) 04/24 03:49:12 Job executing on host: <128.142.51.209:9618?addrs=128.142.51.209-9618+[2001-1458-301-3--100-e]-9618&alias=b9g02p0891.cern.ch&noUDP&sock=startd_7846_4828>
	SlotName: slot1_8@b9g02p0891.cern.ch
	CondorScratchDir = "/pool/condor/dir_1102158"
	Cpus = 1
	Disk = 3953
	GPUs = 0
	Memory = 3000
...
006 (889265.070.000) 04/24 03:49:21 Image size of job updated: 1884
	2  -  MemoryUsage of job (MB)
	1884  -  ResidentSetSize of job (KB)
...
006 (889265.070.000) 04/24 03:51:49 Image size of job updated: 67112
	66  -  MemoryUsage of job (MB)
	67112  -  ResidentSetSize of job (KB)
...
040 (889265.070.000) 04/24 03:51:49 Started transferring output files
...
040 (889265.070.000) 04/24 03:51:50 Finished transferring output files
...
005 (889265.070.000) 04/24 03:51:50 Job terminated.
	(1) Normal termination (return value 0)
		Usr 0 00:02:10, Sys 0 00:00:00  -  Run Remote Usage
		Usr 0 00:00:00, Sys 0 00:00:00  -  Run Local Usage
		Usr 0 00:02:10, Sys 0 00:00:00  -  Total Remote Usage
		Usr 0 00:00:00, Sys 0 00:00:00  -  Total Local Usage
	8282  -  Run Bytes Sent By Job
	10424  -  Run Bytes Received By Job
	8282  -  Total Bytes Sent By Job
	10424  -  Total Bytes Received By Job
	Partitionable Resources :    Usage  Request Allocated 
	   Cpus                 :     1.00        1         1 
	   Disk (KB)            :    43          12      3953 
	   GPUs                 :                           0 
	   Memory (MB)          :    66        3000      3000 

	Job terminated of its own accord at 2025-04-24T01:51:49Z with exit-code 0.
...
