000 (889265.046.000) 04/24 03:44:47 Job submitted from host: <188.185.129.8:9618?addrs=188.185.129.8-9618+[2001-1458-d03-1--100-8a]-9618&alias=bigbird101.cern.ch&noUDP&sock=schedd_3241060_289e>
...
040 (889265.046.000) 04/24 03:49:03 Started transferring input files
	Transferring to host: <128.142.132.131:9618?addrs=128.142.132.131-9618+[2001-1458-301-5a--100-77]-9618&alias=b9g12p3649.cern.ch&noUDP&sock=slot1_34_1098710_56c0_11661>
...
040 (889265.046.000) 04/24 03:49:03 Finished transferring input files
...
001 (889265.046.000) 04/24 03:49:04 Job executing on host: <128.142.132.131:9618?addrs=128.142.132.131-9618+[2001-1458-301-5a--100-77]-9618&alias=b9g12p3649.cern.ch&noUDP&sock=startd_2475_38fd>
	SlotName: slot1_34@b9g12p3649.cern.ch
	CondorScratchDir = "/pool/condor/dir_85071"
	Cpus = 1
	Disk = 2753
	GPUs = 0
	Memory = 3000
...
006 (889265.046.000) 04/24 03:49:13 Image size of job updated: 78812
	77  -  MemoryUsage of job (MB)
	78812  -  ResidentSetSize of job (KB)
...
040 (889265.046.000) 04/24 03:54:02 Started transferring output files
...
040 (889265.046.000) 04/24 03:54:02 Finished transferring output files
...
005 (889265.046.000) 04/24 03:54:02 Job terminated.
	(1) Normal termination (return value 0)
		Usr 0 00:04:27, Sys 0 00:00:00  -  Run Remote Usage
		Usr 0 00:00:00, Sys 0 00:00:00  -  Run Local Usage
		Usr 0 00:04:27, Sys 0 00:00:00  -  Total Remote Usage
		Usr 0 00:00:00, Sys 0 00:00:00  -  Total Local Usage
	8282  -  Run Bytes Sent By Job
	10424  -  Run Bytes Received By Job
	8282  -  Total Bytes Sent By Job
	10424  -  Total Bytes Received By Job
	Partitionable Resources :    Usage  Request Allocated 
	   Cpus                 :        0        1         1 
	   Disk (KB)            :       43       12      2753 
	   GPUs                 :                           0 
	   Memory (MB)          :       77     3000      3000 

	Job terminated of its own accord at 2025-04-24T01:54:02Z with exit-code 0.
...
