000 (889265.077.000) 04/24 03:44:47 Job submitted from host: <188.185.129.8:9618?addrs=188.185.129.8-9618+[2001-1458-d03-1--100-8a]-9618&alias=bigbird101.cern.ch&noUDP&sock=schedd_3241060_289e>
...
040 (889265.077.000) 04/24 03:49:13 Started transferring input files
	Transferring to host: <188.185.196.116:9618?addrs=188.185.196.116-9618+[2001-1458-303-23--100-70]-9618&alias=b9p16p8594.cern.ch&noUDP&sock=slot1_16_5875_3808_10341>
...
040 (889265.077.000) 04/24 03:49:13 Finished transferring input files
...
001 (889265.077.000) 04/24 03:49:14 Job executing on host: <188.185.196.116:9618?addrs=188.185.196.116-9618+[2001-1458-303-23--100-70]-9618&alias=b9p16p8594.cern.ch&noUDP&sock=startd_4873_0d18>
	SlotName: slot1_16@b9p16p8594.cern.ch
	CondorScratchDir = "/pool/condor/dir_2930791"
	Cpus = 1
	Disk = 3895
	GPUs = 0
	Memory = 3000
...
006 (889265.077.000) 04/24 03:49:23 Image size of job updated: 372712
	364  -  MemoryUsage of job (MB)
	372712  -  ResidentSetSize of job (KB)
...
040 (889265.077.000) 04/24 03:52:26 Started transferring output files
...
040 (889265.077.000) 04/24 03:52:26 Finished transferring output files
...
005 (889265.077.000) 04/24 03:52:26 Job terminated.
	(1) Normal termination (return value 0)
		Usr 0 00:03:06, Sys 0 00:00:00  -  Run Remote Usage
		Usr 0 00:00:00, Sys 0 00:00:00  -  Run Local Usage
		Usr 0 00:03:06, Sys 0 00:00:00  -  Total Remote Usage
		Usr 0 00:00:00, Sys 0 00:00:00  -  Total Local Usage
	8282  -  Run Bytes Sent By Job
	10424  -  Run Bytes Received By Job
	8282  -  Total Bytes Sent By Job
	10424  -  Total Bytes Received By Job
	Partitionable Resources :    Usage  Request Allocated 
	   Cpus                 :        0        1         1 
	   Disk (KB)            :       43       12      3895 
	   GPUs                 :                           0 
	   Memory (MB)          :      364     3000      3000 

	Job terminated of its own accord at 2025-04-24T01:52:26Z with exit-code 0.
...
