000 (889265.099.000) 04/24 03:44:47 Job submitted from host: <188.185.129.8:9618?addrs=188.185.129.8-9618+[2001-1458-d03-1--100-8a]-9618&alias=bigbird101.cern.ch&noUDP&sock=schedd_3241060_289e>
...
040 (889265.099.000) 04/24 03:49:20 Started transferring input files
	Transferring to host: <128.142.161.98:9618?addrs=128.142.161.98-9618+[2001-1458-301-b8--100-20]-9618&alias=b9g03p9785.cern.ch&noUDP&sock=slot1_5_857807_61dc_11739>
...
040 (889265.099.000) 04/24 03:49:20 Finished transferring input files
...
001 (889265.099.000) 04/24 03:49:21 Job executing on host: <128.142.161.98:9618?addrs=128.142.161.98-9618+[2001-1458-301-b8--100-20]-9618&alias=b9g03p9785.cern.ch&noUDP&sock=startd_3231_c696>
	SlotName: slot1_5@b9g03p9785.cern.ch
	CondorScratchDir = "/pool/condor/dir_2922076"
	Cpus = 1
	Disk = 4111
	GPUs = 0
	Memory = 3000
...
006 (889265.099.000) 04/24 03:49:30 Image size of job updated: 1876
	2  -  MemoryUsage of job (MB)
	1876  -  ResidentSetSize of job (KB)
...
040 (889265.099.000) 04/24 03:51:45 Started transferring output files
...
040 (889265.099.000) 04/24 03:51:45 Finished transferring output files
...
005 (889265.099.000) 04/24 03:51:45 Job terminated.
	(1) Normal termination (return value 0)
		Usr 0 00:01:56, Sys 0 00:00:00  -  Run Remote Usage
		Usr 0 00:00:00, Sys 0 00:00:00  -  Run Local Usage
		Usr 0 00:01:56, Sys 0 00:00:00  -  Total Remote Usage
		Usr 0 00:00:00, Sys 0 00:00:00  -  Total Local Usage
	8285  -  Run Bytes Sent By Job
	10424  -  Run Bytes Received By Job
	8285  -  Total Bytes Sent By Job
	10424  -  Total Bytes Received By Job
	Partitionable Resources :    Usage  Request Allocated 
	   Cpus                 :        0        1         1 
	   Disk (KB)            :       43       12      4111 
	   GPUs                 :                           0 
	   Memory (MB)          :        2     3000      3000 

	Job terminated of its own accord at 2025-04-24T01:51:45Z with exit-code 0.
...
