000 (889265.012.000) 04/24 03:44:47 Job submitted from host: <188.185.129.8:9618?addrs=188.185.129.8-9618+[2001-1458-d03-1--100-8a]-9618&alias=bigbird101.cern.ch&noUDP&sock=schedd_3241060_289e>
...
040 (889265.012.000) 04/24 03:48:52 Started transferring input files
	Transferring to host: <188.185.192.158:9618?addrs=188.185.192.158-9618+[2001-1458-303-1f--100-9a]-9618&alias=b9p13p4324.cern.ch&noUDP&sock=slot1_18_495553_ab11_6643>
...
040 (889265.012.000) 04/24 03:48:52 Finished transferring input files
...
001 (889265.012.000) 04/24 03:48:53 Job executing on host: <188.185.192.158:9618?addrs=188.185.192.158-9618+[2001-1458-303-1f--100-9a]-9618&alias=b9p13p4324.cern.ch&noUDP&sock=startd_495484_63cf>
	SlotName: slot1_18@b9p13p4324.cern.ch
	CondorScratchDir = "/pool/condor/dir_326080"
	Cpus = 1
	Disk = 3801
	GPUs = 0
	Memory = 3000
...
006 (889265.012.000) 04/24 03:49:01 Image size of job updated: 1880
	2  -  MemoryUsage of job (MB)
	1880  -  ResidentSetSize of job (KB)
...
006 (889265.012.000) 04/24 03:52:20 Image size of job updated: 282468
	276  -  MemoryUsage of job (MB)
	282468  -  ResidentSetSize of job (KB)
...
040 (889265.012.000) 04/24 03:52:20 Started transferring output files
...
040 (889265.012.000) 04/24 03:52:20 Finished transferring output files
...
005 (889265.012.000) 04/24 03:52:20 Job terminated.
	(1) Normal termination (return value 0)
		Usr 0 00:02:56, Sys 0 00:00:01  -  Run Remote Usage
		Usr 0 00:00:00, Sys 0 00:00:00  -  Run Local Usage
		Usr 0 00:02:56, Sys 0 00:00:01  -  Total Remote Usage
		Usr 0 00:00:00, Sys 0 00:00:00  -  Total Local Usage
	8278  -  Run Bytes Sent By Job
	10424  -  Run Bytes Received By Job
	8278  -  Total Bytes Sent By Job
	10424  -  Total Bytes Received By Job
	Partitionable Resources :    Usage  Request Allocated 
	   Cpus                 :     0.99        1         1 
	   Disk (KB)            :    44          12      3801 
	   GPUs                 :                           0 
	   Memory (MB)          :   276        3000      3000 

	Job terminated of its own accord at 2025-04-24T01:52:20Z with exit-code 0.
...
