000 (889265.045.000) 04/24 03:44:47 Job submitted from host: <188.185.129.8:9618?addrs=188.185.129.8-9618+[2001-1458-d03-1--100-8a]-9618&alias=bigbird101.cern.ch&noUDP&sock=schedd_3241060_289e>
...
040 (889265.045.000) 04/24 03:49:03 Started transferring input files
	Transferring to host: <128.142.132.27:9618?addrs=128.142.132.27-9618+[2001-1458-301-5a--100-f]-9618&alias=b9g12p7126.cern.ch&noUDP&sock=slot1_23_2776_b16a_140056>
...
040 (889265.045.000) 04/24 03:49:03 Finished transferring input files
...
001 (889265.045.000) 04/24 03:49:04 Job executing on host: <128.142.132.27:9618?addrs=128.142.132.27-9618+[2001-1458-301-5a--100-f]-9618&alias=b9g12p7126.cern.ch&noUDP&sock=startd_2412_0285>
	SlotName: slot1_23@b9g12p7126.cern.ch
	CondorScratchDir = "/pool/condor/dir_3516880"
	Cpus = 1
	Disk = 2733
	GPUs = 0
	Memory = 3000
...
006 (889265.045.000) 04/24 03:49:13 Image size of job updated: 89552
	88  -  MemoryUsage of job (MB)
	89552  -  ResidentSetSize of job (KB)
...
040 (889265.045.000) 04/24 03:52:11 Started transferring output files
...
040 (889265.045.000) 04/24 03:52:11 Finished transferring output files
...
005 (889265.045.000) 04/24 03:52:11 Job terminated.
	(1) Normal termination (return value 0)
		Usr 0 00:02:59, Sys 0 00:00:00  -  Run Remote Usage
		Usr 0 00:00:00, Sys 0 00:00:00  -  Run Local Usage
		Usr 0 00:02:59, Sys 0 00:00:00  -  Total Remote Usage
		Usr 0 00:00:00, Sys 0 00:00:00  -  Total Local Usage
	8278  -  Run Bytes Sent By Job
	10424  -  Run Bytes Received By Job
	8278  -  Total Bytes Sent By Job
	10424  -  Total Bytes Received By Job
	Partitionable Resources :    Usage  Request Allocated 
	   Cpus                 :        0        1         1 
	   Disk (KB)            :       43       12      2733 
	   GPUs                 :                           0 
	   Memory (MB)          :       88     3000      3000 

	Job terminated of its own accord at 2025-04-24T01:52:11Z with exit-code 0.
...
