000 (889265.044.000) 04/24 03:44:47 Job submitted from host: <188.185.129.8:9618?addrs=188.185.129.8-9618+[2001-1458-d03-1--100-8a]-9618&alias=bigbird101.cern.ch&noUDP&sock=schedd_3241060_289e>
...
040 (889265.044.000) 04/24 03:49:03 Started transferring input files
	Transferring to host: <188.185.198.64:9618?addrs=188.185.198.64-9618+[2001-1458-303-25--100-3c]-9618&alias=b9p15p6995.cern.ch&noUDP&sock=slot1_23_4122078_9a00_9469>
...
040 (889265.044.000) 04/24 03:49:03 Finished transferring input files
...
001 (889265.044.000) 04/24 03:49:04 Job executing on host: <188.185.198.64:9618?addrs=188.185.198.64-9618+[2001-1458-303-25--100-3c]-9618&alias=b9p15p6995.cern.ch&noUDP&sock=startd_9420_ea3a>
	SlotName: slot1_23@b9p15p6995.cern.ch
	CondorScratchDir = "/pool/condor/dir_2559938"
	Cpus = 1
	Disk = 3918
	GPUs = 0
	Memory = 3000
...
006 (889265.044.000) 04/24 03:49:13 Image size of job updated: 313480
	307  -  MemoryUsage of job (MB)
	313480  -  ResidentSetSize of job (KB)
...
040 (889265.044.000) 04/24 03:51:48 Started transferring output files
...
040 (889265.044.000) 04/24 03:51:48 Finished transferring output files
...
005 (889265.044.000) 04/24 03:51:49 Job terminated.
	(1) Normal termination (return value 0)
		Usr 0 00:02:37, Sys 0 00:00:00  -  Run Remote Usage
		Usr 0 00:00:00, Sys 0 00:00:00  -  Run Local Usage
		Usr 0 00:02:37, Sys 0 00:00:00  -  Total Remote Usage
		Usr 0 00:00:00, Sys 0 00:00:00  -  Total Local Usage
	8282  -  Run Bytes Sent By Job
	10424  -  Run Bytes Received By Job
	8282  -  Total Bytes Sent By Job
	10424  -  Total Bytes Received By Job
	Partitionable Resources :    Usage  Request Allocated 
	   Cpus                 :        0        1         1 
	   Disk (KB)            :       43       12      3918 
	   GPUs                 :                           0 
	   Memory (MB)          :      307     3000      3000 

	Job terminated of its own accord at 2025-04-24T01:51:48Z with exit-code 0.
...
