000 (889265.042.000) 04/24 03:44:47 Job submitted from host: <188.185.129.8:9618?addrs=188.185.129.8-9618+[2001-1458-d03-1--100-8a]-9618&alias=bigbird101.cern.ch&noUDP&sock=schedd_3241060_289e>
...
040 (889265.042.000) 04/24 03:49:02 Started transferring input files
	Transferring to host: <188.185.196.120:9618?addrs=188.185.196.120-9618+[2001-1458-303-23--100-74]-9618&alias=b9p16p8413.cern.ch&noUDP&sock=slot1_36_92225_9aff_13754>
...
040 (889265.042.000) 04/24 03:49:02 Finished transferring input files
...
001 (889265.042.000) 04/24 03:49:03 Job executing on host: <188.185.196.120:9618?addrs=188.185.196.120-9618+[2001-1458-303-23--100-74]-9618&alias=b9p16p8413.cern.ch&noUDP&sock=startd_5172_23e9>
	SlotName: slot1_36@b9p16p8413.cern.ch
	CondorScratchDir = "/pool/condor/dir_4129250"
	Cpus = 1
	Disk = 3882
	GPUs = 0
	Memory = 3000
...
006 (889265.042.000) 04/24 03:49:12 Image size of job updated: 88988
	87  -  MemoryUsage of job (MB)
	88988  -  ResidentSetSize of job (KB)
...
040 (889265.042.000) 04/24 03:52:13 Started transferring output files
...
040 (889265.042.000) 04/24 03:52:13 Finished transferring output files
...
005 (889265.042.000) 04/24 03:52:13 Job terminated.
	(1) Normal termination (return value 0)
		Usr 0 00:03:04, Sys 0 00:00:00  -  Run Remote Usage
		Usr 0 00:00:00, Sys 0 00:00:00  -  Run Local Usage
		Usr 0 00:03:04, Sys 0 00:00:00  -  Total Remote Usage
		Usr 0 00:00:00, Sys 0 00:00:00  -  Total Local Usage
	8282  -  Run Bytes Sent By Job
	10424  -  Run Bytes Received By Job
	8282  -  Total Bytes Sent By Job
	10424  -  Total Bytes Received By Job
	Partitionable Resources :    Usage  Request Allocated 
	   Cpus                 :        0        1         1 
	   Disk (KB)            :       43       12      3882 
	   GPUs                 :                           0 
	   Memory (MB)          :       87     3000      3000 

	Job terminated of its own accord at 2025-04-24T01:52:13Z with exit-code 0.
...
