000 (889265.063.000) 04/24 03:44:47 Job submitted from host: <188.185.129.8:9618?addrs=188.185.129.8-9618+[2001-1458-d03-1--100-8a]-9618&alias=bigbird101.cern.ch&noUDP&sock=schedd_3241060_289e>
...
040 (889265.063.000) 04/24 03:49:09 Started transferring input files
	Transferring to host: <188.185.196.12:9618?addrs=188.185.196.12-9618+[2001-1458-303-23--100-8]-9618&alias=b9p16p2305.cern.ch&noUDP&sock=slot1_22_1105859_74c2_9566>
...
040 (889265.063.000) 04/24 03:49:09 Finished transferring input files
...
001 (889265.063.000) 04/24 03:49:10 Job executing on host: <188.185.196.12:9618?addrs=188.185.196.12-9618+[2001-1458-303-23--100-8]-9618&alias=b9p16p2305.cern.ch&noUDP&sock=startd_5107_8e41>
	SlotName: slot1_22@b9p16p2305.cern.ch
	CondorScratchDir = "/pool/condor/dir_1308853"
	Cpus = 1
	Disk = 3783
	GPUs = 0
	Memory = 3000
...
006 (889265.063.000) 04/24 03:49:19 Image size of job updated: 362232
	354  -  MemoryUsage of job (MB)
	362232  -  ResidentSetSize of job (KB)
...
040 (889265.063.000) 04/24 03:53:24 Started transferring output files
...
040 (889265.063.000) 04/24 03:53:24 Finished transferring output files
...
005 (889265.063.000) 04/24 03:53:24 Job terminated.
	(1) Normal termination (return value 0)
		Usr 0 00:03:50, Sys 0 00:00:03  -  Run Remote Usage
		Usr 0 00:00:00, Sys 0 00:00:00  -  Run Local Usage
		Usr 0 00:03:50, Sys 0 00:00:03  -  Total Remote Usage
		Usr 0 00:00:00, Sys 0 00:00:00  -  Total Local Usage
	8282  -  Run Bytes Sent By Job
	10424  -  Run Bytes Received By Job
	8282  -  Total Bytes Sent By Job
	10424  -  Total Bytes Received By Job
	Partitionable Resources :    Usage  Request Allocated 
	   Cpus                 :     0.95        1         1 
	   Disk (KB)            :    43          12      3783 
	   GPUs                 :                           0 
	   Memory (MB)          :   354        3000      3000 

	Job terminated of its own accord at 2025-04-24T01:53:24Z with exit-code 0.
...
