000 (889265.079.000) 04/24 03:44:47 Job submitted from host: <188.185.129.8:9618?addrs=188.185.129.8-9618+[2001-1458-d03-1--100-8a]-9618&alias=bigbird101.cern.ch&noUDP&sock=schedd_3241060_289e>
...
040 (889265.079.000) 04/24 03:49:15 Started transferring input files
	Transferring to host: <128.142.192.172:9618?addrs=128.142.192.172-9618+[2001-1458-301-56--100-28]-9618&alias=b9g18p0729.cern.ch&noUDP&sock=slot1_18_3003305_d069_11234>
...
040 (889265.079.000) 04/24 03:49:15 Finished transferring input files
...
001 (889265.079.000) 04/24 03:49:16 Job executing on host: <128.142.192.172:9618?addrs=128.142.192.172-9618+[2001-1458-301-56--100-28]-9618&alias=b9g18p0729.cern.ch&noUDP&sock=startd_5687_6330>
	SlotName: slot1_18@b9g18p0729.cern.ch
	CondorScratchDir = "/pool/condor/dir_3887189"
	Cpus = 1
	Disk = 3819
	GPUs = 0
	Memory = 3000
...
006 (889265.079.000) 04/24 03:49:24 Image size of job updated: 77568
	76  -  MemoryUsage of job (MB)
	77568  -  ResidentSetSize of job (KB)
...
040 (889265.079.000) 04/24 03:53:10 Started transferring output files
...
040 (889265.079.000) 04/24 03:53:10 Finished transferring output files
...
005 (889265.079.000) 04/24 03:53:10 Job terminated.
	(1) Normal termination (return value 0)
		Usr 0 00:03:37, Sys 0 00:00:01  -  Run Remote Usage
		Usr 0 00:00:00, Sys 0 00:00:00  -  Run Local Usage
		Usr 0 00:03:37, Sys 0 00:00:01  -  Total Remote Usage
		Usr 0 00:00:00, Sys 0 00:00:00  -  Total Local Usage
	8282  -  Run Bytes Sent By Job
	10424  -  Run Bytes Received By Job
	8282  -  Total Bytes Sent By Job
	10424  -  Total Bytes Received By Job
	Partitionable Resources :    Usage  Request Allocated 
	   Cpus                 :        0        1         1 
	   Disk (KB)            :       43       12      3819 
	   GPUs                 :                           0 
	   Memory (MB)          :       76     3000      3000 

	Job terminated of its own accord at 2025-04-24T01:53:10Z with exit-code 0.
...
