000 (889265.065.000) 04/24 03:44:47 Job submitted from host: <188.185.129.8:9618?addrs=188.185.129.8-9618+[2001-1458-d03-1--100-8a]-9618&alias=bigbird101.cern.ch&noUDP&sock=schedd_3241060_289e>
...
040 (889265.065.000) 04/24 03:49:09 Started transferring input files
	Transferring to host: <188.185.207.180:9618?addrs=188.185.207.180-9618+[2001-1458-303-e--100-31]-9618&alias=b9p08p9471.cern.ch&noUDP&sock=slot1_24_14676_51ce_935>
...
040 (889265.065.000) 04/24 03:49:09 Finished transferring input files
...
001 (889265.065.000) 04/24 03:49:10 Job executing on host: <188.185.207.180:9618?addrs=188.185.207.180-9618+[2001-1458-303-e--100-31]-9618&alias=b9p08p9471.cern.ch&noUDP&sock=startd_13451_d87d>
	SlotName: slot1_24@b9p08p9471.cern.ch
	CondorScratchDir = "/pool/condor/dir_74861"
	Cpus = 1
	Disk = 3730
	GPUs = 0
	Memory = 3000
...
006 (889265.065.000) 04/24 03:49:24 Image size of job updated: 96548
	95  -  MemoryUsage of job (MB)
	96548  -  ResidentSetSize of job (KB)
...
006 (889265.065.000) 04/24 03:51:17 Image size of job updated: 104356
	95  -  MemoryUsage of job (MB)
	96548  -  ResidentSetSize of job (KB)
...
040 (889265.065.000) 04/24 03:51:17 Started transferring output files
...
040 (889265.065.000) 04/24 03:51:17 Finished transferring output files
...
005 (889265.065.000) 04/24 03:51:17 Job terminated.
	(1) Normal termination (return value 0)
		Usr 0 00:01:54, Sys 0 00:00:00  -  Run Remote Usage
		Usr 0 00:00:00, Sys 0 00:00:00  -  Run Local Usage
		Usr 0 00:01:54, Sys 0 00:00:00  -  Total Remote Usage
		Usr 0 00:00:00, Sys 0 00:00:00  -  Total Local Usage
	8282  -  Run Bytes Sent By Job
	10424  -  Run Bytes Received By Job
	8282  -  Total Bytes Sent By Job
	10424  -  Total Bytes Received By Job
	Partitionable Resources :    Usage  Request Allocated 
	   Cpus                 :        0        1         1 
	   Disk (KB)            :       46       12      3730 
	   GPUs                 :                           0 
	   Memory (MB)          :       95     3000      3000 

	Job terminated of its own accord at 2025-04-24T01:51:17Z with exit-code 0.
...
