000 (889265.047.000) 04/24 03:44:47 Job submitted from host: <188.185.129.8:9618?addrs=188.185.129.8-9618+[2001-1458-d03-1--100-8a]-9618&alias=bigbird101.cern.ch&noUDP&sock=schedd_3241060_289e>
...
040 (889265.047.000) 04/24 03:49:05 Started transferring input files
	Transferring to host: <128.142.132.77:9618?addrs=128.142.132.77-9618+[2001-1458-301-5a--100-41]-9618&alias=b9g12p5151.cern.ch&noUDP&sock=slot1_33_2786_bd2a_176353>
...
040 (889265.047.000) 04/24 03:49:05 Finished transferring input files
...
001 (889265.047.000) 04/24 03:49:06 Job executing on host: <128.142.132.77:9618?addrs=128.142.132.77-9618+[2001-1458-301-5a--100-41]-9618&alias=b9g12p5151.cern.ch&noUDP&sock=startd_2415_114e>
	SlotName: slot1_33@b9g12p5151.cern.ch
	CondorScratchDir = "/pool/condor/dir_238431"
	Cpus = 1
	Disk = 2710
	GPUs = 0
	Memory = 3000
...
006 (889265.047.000) 04/24 03:49:14 Image size of job updated: 344004
	336  -  MemoryUsage of job (MB)
	344004  -  ResidentSetSize of job (KB)
...
040 (889265.047.000) 04/24 03:52:45 Started transferring output files
...
040 (889265.047.000) 04/24 03:52:45 Finished transferring output files
...
005 (889265.047.000) 04/24 03:52:45 Job terminated.
	(1) Normal termination (return value 0)
		Usr 0 00:03:34, Sys 0 00:00:00  -  Run Remote Usage
		Usr 0 00:00:00, Sys 0 00:00:00  -  Run Local Usage
		Usr 0 00:03:34, Sys 0 00:00:00  -  Total Remote Usage
		Usr 0 00:00:00, Sys 0 00:00:00  -  Total Local Usage
	8282  -  Run Bytes Sent By Job
	10424  -  Run Bytes Received By Job
	8282  -  Total Bytes Sent By Job
	10424  -  Total Bytes Received By Job
	Partitionable Resources :    Usage  Request Allocated 
	   Cpus                 :     0.99        1         1 
	   Disk (KB)            :    44          12      2710 
	   GPUs                 :                           0 
	   Memory (MB)          :   336        3000      3000 

	Job terminated of its own accord at 2025-04-24T01:52:45Z with exit-code 0.
...
