000 (889265.020.000) 04/24 03:44:47 Job submitted from host: <188.185.129.8:9618?addrs=188.185.129.8-9618+[2001-1458-d03-1--100-8a]-9618&alias=bigbird101.cern.ch&noUDP&sock=schedd_3241060_289e>
...
040 (889265.020.000) 04/24 03:48:55 Started transferring input files
	Transferring to host: <128.142.33.203:9618?addrs=128.142.33.203-9618+[2001-1458-301-39--100-8]-9618&alias=b9g24p0512.cern.ch&noUDP&sock=slot1_21_14252_92bd_1443>
...
040 (889265.020.000) 04/24 03:48:55 Finished transferring input files
...
001 (889265.020.000) 04/24 03:48:56 Job executing on host: <128.142.33.203:9618?addrs=128.142.33.203-9618+[2001-1458-301-39--100-8]-9618&alias=b9g24p0512.cern.ch&noUDP&sock=startd_13022_965c>
	SlotName: slot1_21@b9g24p0512.cern.ch
	CondorScratchDir = "/pool/condor/dir_3259681"
	Cpus = 1
	Disk = 3815
	GPUs = 0
	Memory = 3000
...
006 (889265.020.000) 04/24 03:49:05 Image size of job updated: 106556
	105  -  MemoryUsage of job (MB)
	106556  -  ResidentSetSize of job (KB)
...
040 (889265.020.000) 04/24 03:51:48 Started transferring output files
...
040 (889265.020.000) 04/24 03:51:48 Finished transferring output files
...
005 (889265.020.000) 04/24 03:51:48 Job terminated.
	(1) Normal termination (return value 0)
		Usr 0 00:02:39, Sys 0 00:00:01  -  Run Remote Usage
		Usr 0 00:00:00, Sys 0 00:00:00  -  Run Local Usage
		Usr 0 00:02:39, Sys 0 00:00:01  -  Total Remote Usage
		Usr 0 00:00:00, Sys 0 00:00:00  -  Total Local Usage
	8282  -  Run Bytes Sent By Job
	10424  -  Run Bytes Received By Job
	8282  -  Total Bytes Sent By Job
	10424  -  Total Bytes Received By Job
	Partitionable Resources :    Usage  Request Allocated 
	   Cpus                 :        0        1         1 
	   Disk (KB)            :       43       12      3815 
	   GPUs                 :                           0 
	   Memory (MB)          :      105     3000      3000 

	Job terminated of its own accord at 2025-04-24T01:51:48Z with exit-code 0.
...
