000 (889265.018.000) 04/24 03:44:47 Job submitted from host: <188.185.129.8:9618?addrs=188.185.129.8-9618+[2001-1458-d03-1--100-8a]-9618&alias=bigbird101.cern.ch&noUDP&sock=schedd_3241060_289e>
...
040 (889265.018.000) 04/24 03:48:54 Started transferring input files
	Transferring to host: <188.185.204.152:9618?addrs=188.185.204.152-9618+[2001-1458-303-8--100-8c]-9618&alias=b9p02p2688.cern.ch&noUDP&sock=slot1_27_4277_4887_18008>
...
040 (889265.018.000) 04/24 03:48:54 Finished transferring input files
...
001 (889265.018.000) 04/24 03:48:55 Job executing on host: <188.185.204.152:9618?addrs=188.185.204.152-9618+[2001-1458-303-8--100-8c]-9618&alias=b9p02p2688.cern.ch&noUDP&sock=startd_3684_7efd>
	SlotName: slot1_27@b9p02p2688.cern.ch
	CondorScratchDir = "/pool/condor/dir_50702"
	Cpus = 1
	Disk = 3648
	GPUs = 0
	Memory = 3000
...
006 (889265.018.000) 04/24 03:49:09 Image size of job updated: 99848
	98  -  MemoryUsage of job (MB)
	99848  -  ResidentSetSize of job (KB)
...
006 (889265.018.000) 04/24 03:51:12 Image size of job updated: 103740
	98  -  MemoryUsage of job (MB)
	99848  -  ResidentSetSize of job (KB)
...
040 (889265.018.000) 04/24 03:51:12 Started transferring output files
...
040 (889265.018.000) 04/24 03:51:12 Finished transferring output files
...
005 (889265.018.000) 04/24 03:51:12 Job terminated.
	(1) Normal termination (return value 0)
		Usr 0 00:02:08, Sys 0 00:00:00  -  Run Remote Usage
		Usr 0 00:00:00, Sys 0 00:00:00  -  Run Local Usage
		Usr 0 00:02:08, Sys 0 00:00:00  -  Total Remote Usage
		Usr 0 00:00:00, Sys 0 00:00:00  -  Total Local Usage
	8282  -  Run Bytes Sent By Job
	10424  -  Run Bytes Received By Job
	8282  -  Total Bytes Sent By Job
	10424  -  Total Bytes Received By Job
	Partitionable Resources :    Usage  Request Allocated 
	   Cpus                 :        0        1         1 
	   Disk (KB)            :       46       12      3648 
	   GPUs                 :                           0 
	   Memory (MB)          :       98     3000      3000 

	Job terminated of its own accord at 2025-04-24T01:51:12Z with exit-code 0.
...
