000 (889265.095.000) 04/24 03:44:47 Job submitted from host: <188.185.129.8:9618?addrs=188.185.129.8-9618+[2001-1458-d03-1--100-8a]-9618&alias=bigbird101.cern.ch&noUDP&sock=schedd_3241060_289e>
...
040 (889265.095.000) 04/24 03:49:19 Started transferring input files
	Transferring to host: <128.142.161.107:9618?addrs=128.142.161.107-9618+[2001-1458-301-b8--100-29]-9618&alias=b9g03p5993.cern.ch&noUDP&sock=slot1_13_2448496_aee8_7009>
...
040 (889265.095.000) 04/24 03:49:19 Finished transferring input files
...
001 (889265.095.000) 04/24 03:49:20 Job executing on host: <128.142.161.107:9618?addrs=128.142.161.107-9618+[2001-1458-301-b8--100-29]-9618&alias=b9g03p5993.cern.ch&noUDP&sock=startd_2596_37f2>
	SlotName: slot1_13@b9g03p5993.cern.ch
	CondorScratchDir = "/pool/condor/dir_3908912"
	Cpus = 1
	Disk = 3958
	GPUs = 0
	Memory = 3000
...
006 (889265.095.000) 04/24 03:49:28 Image size of job updated: 102972
	101  -  MemoryUsage of job (MB)
	102972  -  ResidentSetSize of job (KB)
...
040 (889265.095.000) 04/24 03:51:37 Started transferring output files
...
040 (889265.095.000) 04/24 03:51:38 Finished transferring output files
...
005 (889265.095.000) 04/24 03:51:38 Job terminated.
	(1) Normal termination (return value 0)
		Usr 0 00:02:14, Sys 0 00:00:00  -  Run Remote Usage
		Usr 0 00:00:00, Sys 0 00:00:00  -  Run Local Usage
		Usr 0 00:02:14, Sys 0 00:00:00  -  Total Remote Usage
		Usr 0 00:00:00, Sys 0 00:00:00  -  Total Local Usage
	8282  -  Run Bytes Sent By Job
	10424  -  Run Bytes Received By Job
	8282  -  Total Bytes Sent By Job
	10424  -  Total Bytes Received By Job
	Partitionable Resources :    Usage  Request Allocated 
	   Cpus                 :        0        1         1 
	   Disk (KB)            :       43       12      3958 
	   GPUs                 :                           0 
	   Memory (MB)          :      101     3000      3000 

	Job terminated of its own accord at 2025-04-24T01:51:37Z with exit-code 0.
...
