000 (16580837.017.000) 02/10 06:01:51 Job submitted from host: <188.185.72.155:9618?addrs=188.185.72.155-9618+[2001-1458-d00-8--100-95]-9618&alias=bigbird08.cern.ch&noUDP&sock=schedd_862983_22fa>
...
040 (16580837.017.000) 02/10 06:03:21 Started transferring input files
	Transferring to host: <188.185.196.9:9618?addrs=188.185.196.9-9618+[2001-1458-303-23--100-5]-9618&alias=b9p16p6656.cern.ch&noUDP&sock=slot1_11_605240_151d_3341>
...
040 (16580837.017.000) 02/10 06:03:21 Finished transferring input files
...
001 (16580837.017.000) 02/10 06:03:22 Job executing on host: <188.185.196.9:9618?addrs=188.185.196.9-9618+[2001-1458-303-23--100-5]-9618&alias=b9p16p6656.cern.ch&noUDP&sock=startd_4850_466b>
	SlotName: slot1_11@b9p16p6656.cern.ch
	CondorScratchDir = "/pool/condor/dir_680591"
	Cpus = 1
	Disk = 3766
	GPUs = 0
	Memory = 3000
...
006 (16580837.017.000) 02/10 06:03:31 Image size of job updated: 171624
	168  -  MemoryUsage of job (MB)
	171624  -  ResidentSetSize of job (KB)
...
006 (16580837.017.000) 02/10 06:08:32 Image size of job updated: 246388
	241  -  MemoryUsage of job (MB)
	246388  -  ResidentSetSize of job (KB)
...
006 (16580837.017.000) 02/10 06:13:33 Image size of job updated: 253036
	248  -  MemoryUsage of job (MB)
	253036  -  ResidentSetSize of job (KB)
...
040 (16580837.017.000) 02/10 06:14:30 Started transferring output files
...
040 (16580837.017.000) 02/10 06:14:30 Finished transferring output files
...
005 (16580837.017.000) 02/10 06:14:30 Job terminated.
	(1) Normal termination (return value 0)
		Usr 0 00:10:51, Sys 0 00:00:01  -  Run Remote Usage
		Usr 0 00:00:00, Sys 0 00:00:00  -  Run Local Usage
		Usr 0 00:10:51, Sys 0 00:00:01  -  Total Remote Usage
		Usr 0 00:00:00, Sys 0 00:00:00  -  Total Local Usage
	22792  -  Run Bytes Sent By Job
	10428  -  Run Bytes Received By Job
	22792  -  Total Bytes Sent By Job
	10428  -  Total Bytes Received By Job
	Partitionable Resources :    Usage  Request Allocated 
	   Cpus                 :     0.99        1         1 
	   Disk (KB)            :    58          12      3766 
	   GPUs                 :                           0 
	   Memory (MB)          :   248        3000      3000 

	Job terminated of its own accord at 2025-02-10T05:14:30Z with exit-code 0.
...
