000 (16580838.004.000) 02/10 06:01:56 Job submitted from host: <188.185.72.155:9618?addrs=188.185.72.155-9618+[2001-1458-d00-8--100-95]-9618&alias=bigbird08.cern.ch&noUDP&sock=schedd_862983_22fa>
...
040 (16580838.004.000) 02/10 06:03:26 Started transferring input files
	Transferring to host: <188.185.196.151:9618?addrs=188.185.196.151-9618+[2001-1458-303-23--100-93]-9618&alias=b9p16p9995.cern.ch&noUDP&sock=slot1_23_1494891_b18e_68987>
...
040 (16580838.004.000) 02/10 06:03:26 Finished transferring input files
...
001 (16580838.004.000) 02/10 06:03:27 Job executing on host: <188.185.196.151:9618?addrs=188.185.196.151-9618+[2001-1458-303-23--100-93]-9618&alias=b9p16p9995.cern.ch&noUDP&sock=startd_7285_7b87>
	SlotName: slot1_23@b9p16p9995.cern.ch
	CondorScratchDir = "/pool/condor/dir_3761241"
	Cpus = 1
	Disk = 3905
	GPUs = 0
	Memory = 3000
...
006 (16580838.004.000) 02/10 06:03:35 Image size of job updated: 1892
	2  -  MemoryUsage of job (MB)
	1892  -  ResidentSetSize of job (KB)
...
006 (16580838.004.000) 02/10 06:08:35 Image size of job updated: 430568
	421  -  MemoryUsage of job (MB)
	430568  -  ResidentSetSize of job (KB)
...
040 (16580838.004.000) 02/10 06:15:34 Started transferring output files
...
040 (16580838.004.000) 02/10 06:15:34 Finished transferring output files
...
005 (16580838.004.000) 02/10 06:15:34 Job terminated.
	(1) Normal termination (return value 0)
		Usr 0 00:11:21, Sys 0 00:00:01  -  Run Remote Usage
		Usr 0 00:00:00, Sys 0 00:00:00  -  Run Local Usage
		Usr 0 00:11:21, Sys 0 00:00:01  -  Total Remote Usage
		Usr 0 00:00:00, Sys 0 00:00:00  -  Total Local Usage
	22901  -  Run Bytes Sent By Job
	10428  -  Run Bytes Received By Job
	22901  -  Total Bytes Sent By Job
	10428  -  Total Bytes Received By Job
	Partitionable Resources :    Usage  Request Allocated 
	   Cpus                 :     0.97        1         1 
	   Disk (KB)            :    58          12      3905 
	   GPUs                 :                           0 
	   Memory (MB)          :   421        3000      3000 

	Job terminated of its own accord at 2025-02-10T05:15:34Z with exit-code 0.
...
