Submit jobs at 
PWD: /afs/cern.ch/user/v/vpant/pprefanalysis

Processing Track_Analyzer.C("input/ppref2024/20250210/ppjet120_set2_10.txt","/eos/user/v/vpant/ppref2024/ppref2024outputfiles/ppjet120_set2_10.root",0,0)...
List of input files founded! --> input/ppref2024/20250210/ppjet120_set2_10.txt
list operator is /eos/cms/store/group/phys_heavyions/vpant/ppref2024output/PPRefHardProbes1/crab_ppref2024/250129_034712/0001/HiForestMiniAOD_1450.root
Adding file /eos/cms/store/group/phys_heavyions/vpant/ppref2024output/PPRefHardProbes1/crab_ppref2024/250129_034712/0001/HiForestMiniAOD_1450.root to the chains
list operator is /eos/cms/store/group/phys_heavyions/vpant/ppref2024output/PPRefHardProbes1/crab_ppref2024/250129_034712/0001/HiForestMiniAOD_1451.root
Adding file /eos/cms/store/group/phys_heavyions/vpant/ppref2024output/PPRefHardProbes1/crab_ppref2024/250129_034712/0001/HiForestMiniAOD_1451.root to the chains
list operator is /eos/cms/store/group/phys_heavyions/vpant/ppref2024output/PPRefHardProbes1/crab_ppref2024/250129_034712/0001/HiForestMiniAOD_1452.root
Adding file /eos/cms/store/group/phys_heavyions/vpant/ppref2024output/PPRefHardProbes1/crab_ppref2024/250129_034712/0001/HiForestMiniAOD_1452.root to the chains
list operator is /eos/cms/store/group/phys_heavyions/vpant/ppref2024output/PPRefHardProbes1/crab_ppref2024/250129_034712/0001/HiForestMiniAOD_1453.root
Adding file /eos/cms/store/group/phys_heavyions/vpant/ppref2024output/PPRefHardProbes1/crab_ppref2024/250129_034712/0001/HiForestMiniAOD_1453.root to the chains
list operator is /eos/cms/store/group/phys_heavyions/vpant/ppref2024output/PPRefHardProbes1/crab_ppref2024/250129_034712/0001/HiForestMiniAOD_1454.root
Adding file /eos/cms/store/group/phys_heavyions/vpant/ppref2024output/PPRefHardProbes1/crab_ppref2024/250129_034712/0001/HiForestMiniAOD_1454.root to the chains
list operator is /eos/cms/store/group/phys_heavyions/vpant/ppref2024output/PPRefHardProbes1/crab_ppref2024/250129_034712/0001/HiForestMiniAOD_1455.root
Adding file /eos/cms/store/group/phys_heavyions/vpant/ppref2024output/PPRefHardProbes1/crab_ppref2024/250129_034712/0001/HiForestMiniAOD_1455.root to the chains
list operator is /eos/cms/store/group/phys_heavyions/vpant/ppref2024output/PPRefHardProbes1/crab_ppref2024/250129_034712/0001/HiForestMiniAOD_1456.root
Adding file /eos/cms/store/group/phys_heavyions/vpant/ppref2024output/PPRefHardProbes1/crab_ppref2024/250129_034712/0001/HiForestMiniAOD_1456.root to the chains
list operator is /eos/cms/store/group/phys_heavyions/vpant/ppref2024output/PPRefHardProbes1/crab_ppref2024/250129_034712/0001/HiForestMiniAOD_1457.root
Adding file /eos/cms/store/group/phys_heavyions/vpant/ppref2024output/PPRefHardProbes1/crab_ppref2024/250129_034712/0001/HiForestMiniAOD_1457.root to the chains
list operator is /eos/cms/store/group/phys_heavyions/vpant/ppref2024output/PPRefHardProbes1/crab_ppref2024/250129_034712/0001/HiForestMiniAOD_1458.root
Adding file /eos/cms/store/group/phys_heavyions/vpant/ppref2024output/PPRefHardProbes1/crab_ppref2024/250129_034712/0001/HiForestMiniAOD_1458.root to the chains
list operator is /eos/cms/store/group/phys_heavyions/vpant/ppref2024output/PPRefHardProbes1/crab_ppref2024/250129_034712/0001/HiForestMiniAOD_1459.root
Adding file /eos/cms/store/group/phys_heavyions/vpant/ppref2024output/PPRefHardProbes1/crab_ppref2024/250129_034712/0001/HiForestMiniAOD_1459.root to the chains
list operator is /eos/cms/store/group/phys_heavyions/vpant/ppref2024output/PPRefHardProbes1/crab_ppref2024/250129_034712/0001/HiForestMiniAOD_1460.root
Adding file /eos/cms/store/group/phys_heavyions/vpant/ppref2024output/PPRefHardProbes1/crab_ppref2024/250129_034712/0001/HiForestMiniAOD_1460.root to the chains
list operator is /eos/cms/store/group/phys_heavyions/vpant/ppref2024output/PPRefHardProbes1/crab_ppref2024/250129_034712/0001/HiForestMiniAOD_1461.root
Adding file /eos/cms/store/group/phys_heavyions/vpant/ppref2024output/PPRefHardProbes1/crab_ppref2024/250129_034712/0001/HiForestMiniAOD_1461.root to the chains
list operator is /eos/cms/store/group/phys_heavyions/vpant/ppref2024output/PPRefHardProbes1/crab_ppref2024/250129_034712/0001/HiForestMiniAOD_1462.root
Adding file /eos/cms/store/group/phys_heavyions/vpant/ppref2024output/PPRefHardProbes1/crab_ppref2024/250129_034712/0001/HiForestMiniAOD_1462.root to the chains
list operator is /eos/cms/store/group/phys_heavyions/vpant/ppref2024output/PPRefHardProbes1/crab_ppref2024/250129_034712/0001/HiForestMiniAOD_1463.root
Adding file /eos/cms/store/group/phys_heavyions/vpant/ppref2024output/PPRefHardProbes1/crab_ppref2024/250129_034712/0001/HiForestMiniAOD_1463.root to the chains
list operator is /eos/cms/store/group/phys_heavyions/vpant/ppref2024output/PPRefHardProbes1/crab_ppref2024/250129_034712/0001/HiForestMiniAOD_1464.root
Adding file /eos/cms/store/group/phys_heavyions/vpant/ppref2024output/PPRefHardProbes1/crab_ppref2024/250129_034712/0001/HiForestMiniAOD_1464.root to the chains
list operator is /eos/cms/store/group/phys_heavyions/vpant/ppref2024output/PPRefHardProbes1/crab_ppref2024/250129_034712/0001/HiForestMiniAOD_1465.root
Adding file /eos/cms/store/group/phys_heavyions/vpant/ppref2024output/PPRefHardProbes1/crab_ppref2024/250129_034712/0001/HiForestMiniAOD_1465.root to the chains
list operator is /eos/cms/store/group/phys_heavyions/vpant/ppref2024output/PPRefHardProbes1/crab_ppref2024/250129_034712/0001/HiForestMiniAOD_1466.root
Adding file /eos/cms/store/group/phys_heavyions/vpant/ppref2024output/PPRefHardProbes1/crab_ppref2024/250129_034712/0001/HiForestMiniAOD_1466.root to the chains
list operator is /eos/cms/store/group/phys_heavyions/vpant/ppref2024output/PPRefHardProbes1/crab_ppref2024/250129_034712/0001/HiForestMiniAOD_1467.root
Adding file /eos/cms/store/group/phys_heavyions/vpant/ppref2024output/PPRefHardProbes1/crab_ppref2024/250129_034712/0001/HiForestMiniAOD_1467.root to the chains
list operator is /eos/cms/store/group/phys_heavyions/vpant/ppref2024output/PPRefHardProbes1/crab_ppref2024/250129_034712/0001/HiForestMiniAOD_1468.root
Adding file /eos/cms/store/group/phys_heavyions/vpant/ppref2024output/PPRefHardProbes1/crab_ppref2024/250129_034712/0001/HiForestMiniAOD_1468.root to the chains
list operator is /eos/cms/store/group/phys_heavyions/vpant/ppref2024output/PPRefHardProbes1/crab_ppref2024/250129_034712/0001/HiForestMiniAOD_1469.root
Adding file /eos/cms/store/group/phys_heavyions/vpant/ppref2024output/PPRefHardProbes1/crab_ppref2024/250129_034712/0001/HiForestMiniAOD_1469.root to the chains
list operator is /eos/cms/store/group/phys_heavyions/vpant/ppref2024output/PPRefHardProbes1/crab_ppref2024/250129_034712/0001/HiForestMiniAOD_1470.root
Adding file /eos/cms/store/group/phys_heavyions/vpant/ppref2024output/PPRefHardProbes1/crab_ppref2024/250129_034712/0001/HiForestMiniAOD_1470.root to the chains
list operator is /eos/cms/store/group/phys_heavyions/vpant/ppref2024output/PPRefHardProbes1/crab_ppref2024/250129_034712/0001/HiForestMiniAOD_1471.root
Adding file /eos/cms/store/group/phys_heavyions/vpant/ppref2024output/PPRefHardProbes1/crab_ppref2024/250129_034712/0001/HiForestMiniAOD_1471.root to the chains
list operator is /eos/cms/store/group/phys_heavyions/vpant/ppref2024output/PPRefHardProbes1/crab_ppref2024/250129_034712/0001/HiForestMiniAOD_1472.root
Adding file /eos/cms/store/group/phys_heavyions/vpant/ppref2024output/PPRefHardProbes1/crab_ppref2024/250129_034712/0001/HiForestMiniAOD_1472.root to the chains
list operator is /eos/cms/store/group/phys_heavyions/vpant/ppref2024output/PPRefHardProbes1/crab_ppref2024/250129_034712/0001/HiForestMiniAOD_1473.root
Adding file /eos/cms/store/group/phys_heavyions/vpant/ppref2024output/PPRefHardProbes1/crab_ppref2024/250129_034712/0001/HiForestMiniAOD_1473.root to the chains
list operator is /eos/cms/store/group/phys_heavyions/vpant/ppref2024output/PPRefHardProbes1/crab_ppref2024/250129_034712/0001/HiForestMiniAOD_1474.root
Adding file /eos/cms/store/group/phys_heavyions/vpant/ppref2024output/PPRefHardProbes1/crab_ppref2024/250129_034712/0001/HiForestMiniAOD_1474.root to the chains
list operator is /eos/cms/store/group/phys_heavyions/vpant/ppref2024output/PPRefHardProbes1/crab_ppref2024/250129_034712/0001/HiForestMiniAOD_1475.root
Adding file /eos/cms/store/group/phys_heavyions/vpant/ppref2024output/PPRefHardProbes1/crab_ppref2024/250129_034712/0001/HiForestMiniAOD_1475.root to the chains
list operator is /eos/cms/store/group/phys_heavyions/vpant/ppref2024output/PPRefHardProbes1/crab_ppref2024/250129_034712/0001/HiForestMiniAOD_1476.root
Adding file /eos/cms/store/group/phys_heavyions/vpant/ppref2024output/PPRefHardProbes1/crab_ppref2024/250129_034712/0001/HiForestMiniAOD_1476.root to the chains
list operator is /eos/cms/store/group/phys_heavyions/vpant/ppref2024output/PPRefHardProbes1/crab_ppref2024/250129_034712/0001/HiForestMiniAOD_1477.root
Adding file /eos/cms/store/group/phys_heavyions/vpant/ppref2024output/PPRefHardProbes1/crab_ppref2024/250129_034712/0001/HiForestMiniAOD_1477.root to the chains
list operator is /eos/cms/store/group/phys_heavyions/vpant/ppref2024output/PPRefHardProbes1/crab_ppref2024/250129_034712/0001/HiForestMiniAOD_1478.root
Adding file /eos/cms/store/group/phys_heavyions/vpant/ppref2024output/PPRefHardProbes1/crab_ppref2024/250129_034712/0001/HiForestMiniAOD_1478.root to the chains
list operator is /eos/cms/store/group/phys_heavyions/vpant/ppref2024output/PPRefHardProbes1/crab_ppref2024/250129_034712/0001/HiForestMiniAOD_1479.root
Adding file /eos/cms/store/group/phys_heavyions/vpant/ppref2024output/PPRefHardProbes1/crab_ppref2024/250129_034712/0001/HiForestMiniAOD_1479.root to the chains
list operator is /eos/cms/store/group/phys_heavyions/vpant/ppref2024output/PPRefHardProbes1/crab_ppref2024/250129_034712/0001/HiForestMiniAOD_1480.root
Adding file /eos/cms/store/group/phys_heavyions/vpant/ppref2024output/PPRefHardProbes1/crab_ppref2024/250129_034712/0001/HiForestMiniAOD_1480.root to the chains
list operator is /eos/cms/store/group/phys_heavyions/vpant/ppref2024output/PPRefHardProbes1/crab_ppref2024/250129_034712/0001/HiForestMiniAOD_1481.root
Adding file /eos/cms/store/group/phys_heavyions/vpant/ppref2024output/PPRefHardProbes1/crab_ppref2024/250129_034712/0001/HiForestMiniAOD_1481.root to the chains
list operator is /eos/cms/store/group/phys_heavyions/vpant/ppref2024output/PPRefHardProbes1/crab_ppref2024/250129_034712/0001/HiForestMiniAOD_1482.root
Adding file /eos/cms/store/group/phys_heavyions/vpant/ppref2024output/PPRefHardProbes1/crab_ppref2024/250129_034712/0001/HiForestMiniAOD_1482.root to the chains
list operator is /eos/cms/store/group/phys_heavyions/vpant/ppref2024output/PPRefHardProbes1/crab_ppref2024/250129_034712/0001/HiForestMiniAOD_1483.root
Adding file /eos/cms/store/group/phys_heavyions/vpant/ppref2024output/PPRefHardProbes1/crab_ppref2024/250129_034712/0001/HiForestMiniAOD_1483.root to the chains
list operator is /eos/cms/store/group/phys_heavyions/vpant/ppref2024output/PPRefHardProbes1/crab_ppref2024/250129_034712/0001/HiForestMiniAOD_1484.root
Adding file /eos/cms/store/group/phys_heavyions/vpant/ppref2024output/PPRefHardProbes1/crab_ppref2024/250129_034712/0001/HiForestMiniAOD_1484.root to the chains
list operator is /eos/cms/store/group/phys_heavyions/vpant/ppref2024output/PPRefHardProbes1/crab_ppref2024/250129_034712/0001/HiForestMiniAOD_1485.root
Adding file /eos/cms/store/group/phys_heavyions/vpant/ppref2024output/PPRefHardProbes1/crab_ppref2024/250129_034712/0001/HiForestMiniAOD_1485.root to the chains
list operator is /eos/cms/store/group/phys_heavyions/vpant/ppref2024output/PPRefHardProbes1/crab_ppref2024/250129_034712/0001/HiForestMiniAOD_1486.root
Adding file /eos/cms/store/group/phys_heavyions/vpant/ppref2024output/PPRefHardProbes1/crab_ppref2024/250129_034712/0001/HiForestMiniAOD_1486.root to the chains
list operator is /eos/cms/store/group/phys_heavyions/vpant/ppref2024output/PPRefHardProbes1/crab_ppref2024/250129_034712/0001/HiForestMiniAOD_1487.root
Adding file /eos/cms/store/group/phys_heavyions/vpant/ppref2024output/PPRefHardProbes1/crab_ppref2024/250129_034712/0001/HiForestMiniAOD_1487.root to the chains
list operator is /eos/cms/store/group/phys_heavyions/vpant/ppref2024output/PPRefHardProbes1/crab_ppref2024/250129_034712/0001/HiForestMiniAOD_1488.root
Adding file /eos/cms/store/group/phys_heavyions/vpant/ppref2024output/PPRefHardProbes1/crab_ppref2024/250129_034712/0001/HiForestMiniAOD_1488.root to the chains
list operator is /eos/cms/store/group/phys_heavyions/vpant/ppref2024output/PPRefHardProbes1/crab_ppref2024/250129_034712/0001/HiForestMiniAOD_1489.root
Adding file /eos/cms/store/group/phys_heavyions/vpant/ppref2024output/PPRefHardProbes1/crab_ppref2024/250129_034712/0001/HiForestMiniAOD_1489.root to the chains
list operator is /eos/cms/store/group/phys_heavyions/vpant/ppref2024output/PPRefHardProbes1/crab_ppref2024/250129_034712/0001/HiForestMiniAOD_1490.root
Adding file /eos/cms/store/group/phys_heavyions/vpant/ppref2024output/PPRefHardProbes1/crab_ppref2024/250129_034712/0001/HiForestMiniAOD_1490.root to the chains
list operator is /eos/cms/store/group/phys_heavyions/vpant/ppref2024output/PPRefHardProbes1/crab_ppref2024/250129_034712/0001/HiForestMiniAOD_1491.root
Adding file /eos/cms/store/group/phys_heavyions/vpant/ppref2024output/PPRefHardProbes1/crab_ppref2024/250129_034712/0001/HiForestMiniAOD_1491.root to the chains
list operator is /eos/cms/store/group/phys_heavyions/vpant/ppref2024output/PPRefHardProbes1/crab_ppref2024/250129_034712/0001/HiForestMiniAOD_1492.root
Adding file /eos/cms/store/group/phys_heavyions/vpant/ppref2024output/PPRefHardProbes1/crab_ppref2024/250129_034712/0001/HiForestMiniAOD_1492.root to the chains
list operator is /eos/cms/store/group/phys_heavyions/vpant/ppref2024output/PPRefHardProbes1/crab_ppref2024/250129_034712/0001/HiForestMiniAOD_1493.root
Adding file /eos/cms/store/group/phys_heavyions/vpant/ppref2024output/PPRefHardProbes1/crab_ppref2024/250129_034712/0001/HiForestMiniAOD_1493.root to the chains
list operator is /eos/cms/store/group/phys_heavyions/vpant/ppref2024output/PPRefHardProbes1/crab_ppref2024/250129_034712/0001/HiForestMiniAOD_1494.root
Adding file /eos/cms/store/group/phys_heavyions/vpant/ppref2024output/PPRefHardProbes1/crab_ppref2024/250129_034712/0001/HiForestMiniAOD_1494.root to the chains
list operator is /eos/cms/store/group/phys_heavyions/vpant/ppref2024output/PPRefHardProbes1/crab_ppref2024/250129_034712/0001/HiForestMiniAOD_1495.root
Adding file /eos/cms/store/group/phys_heavyions/vpant/ppref2024output/PPRefHardProbes1/crab_ppref2024/250129_034712/0001/HiForestMiniAOD_1495.root to the chains
list operator is /eos/cms/store/group/phys_heavyions/vpant/ppref2024output/PPRefHardProbes1/crab_ppref2024/250129_034712/0001/HiForestMiniAOD_1496.root
Adding file /eos/cms/store/group/phys_heavyions/vpant/ppref2024output/PPRefHardProbes1/crab_ppref2024/250129_034712/0001/HiForestMiniAOD_1496.root to the chains
list operator is /eos/cms/store/group/phys_heavyions/vpant/ppref2024output/PPRefHardProbes1/crab_ppref2024/250129_034712/0001/HiForestMiniAOD_1497.root
Adding file /eos/cms/store/group/phys_heavyions/vpant/ppref2024output/PPRefHardProbes1/crab_ppref2024/250129_034712/0001/HiForestMiniAOD_1497.root to the chains
list operator is /eos/cms/store/group/phys_heavyions/vpant/ppref2024output/PPRefHardProbes1/crab_ppref2024/250129_034712/0001/HiForestMiniAOD_1498.root
Adding file /eos/cms/store/group/phys_heavyions/vpant/ppref2024output/PPRefHardProbes1/crab_ppref2024/250129_034712/0001/HiForestMiniAOD_1498.root to the chains
list operator is /eos/cms/store/group/phys_heavyions/vpant/ppref2024output/PPRefHardProbes1/crab_ppref2024/250129_034712/0001/HiForestMiniAOD_1499.root
Adding file /eos/cms/store/group/phys_heavyions/vpant/ppref2024output/PPRefHardProbes1/crab_ppref2024/250129_034712/0001/HiForestMiniAOD_1499.root to the chains
Total number of events in those files: 239789

-------------------------------------------------
0 events passed 
100000 events passed 
200000 events passed 
finished