000 (16580837.010.000) 02/10 06:01:51 Job submitted from host: <188.185.72.155:9618?addrs=188.185.72.155-9618+[2001-1458-d00-8--100-95]-9618&alias=bigbird08.cern.ch&noUDP&sock=schedd_862983_22fa>
...
040 (16580837.010.000) 02/10 06:03:20 Started transferring input files
	Transferring to host: <188.185.196.125:9618?addrs=188.185.196.125-9618+[2001-1458-303-23--100-79]-9618&alias=b9p16p7663.cern.ch&noUDP&sock=slot1_23_127072_7828_5698>
...
040 (16580837.010.000) 02/10 06:03:20 Finished transferring input files
...
001 (16580837.010.000) 02/10 06:03:21 Job executing on host: <188.185.196.125:9618?addrs=188.185.196.125-9618+[2001-1458-303-23--100-79]-9618&alias=b9p16p7663.cern.ch&noUDP&sock=startd_5289_647e>
	SlotName: slot1_23@b9p16p7663.cern.ch
	CondorScratchDir = "/pool/condor/dir_1465402"
	Cpus = 1
	Disk = 3932
	GPUs = 0
	Memory = 3000
...
006 (16580837.010.000) 02/10 06:03:29 Image size of job updated: 1880
	2  -  MemoryUsage of job (MB)
	1880  -  ResidentSetSize of job (KB)
...
006 (16580837.010.000) 02/10 06:08:29 Image size of job updated: 120728
	118  -  MemoryUsage of job (MB)
	120728  -  ResidentSetSize of job (KB)
...
006 (16580837.010.000) 02/10 06:13:30 Image size of job updated: 124980
	123  -  MemoryUsage of job (MB)
	124980  -  ResidentSetSize of job (KB)
...
006 (16580837.010.000) 02/10 06:18:31 Image size of job updated: 133648
	131  -  MemoryUsage of job (MB)
	133648  -  ResidentSetSize of job (KB)
...
006 (16580837.010.000) 02/10 06:23:31 Image size of job updated: 135256
	133  -  MemoryUsage of job (MB)
	135256  -  ResidentSetSize of job (KB)
...
006 (16580837.010.000) 02/10 06:28:31 Image size of job updated: 142424
	140  -  MemoryUsage of job (MB)
	142424  -  ResidentSetSize of job (KB)
...
006 (16580837.010.000) 02/10 06:33:32 Image size of job updated: 153244
	150  -  MemoryUsage of job (MB)
	153244  -  ResidentSetSize of job (KB)
...
040 (16580837.010.000) 02/10 07:23:38 Started transferring output files
...
040 (16580837.010.000) 02/10 07:23:38 Finished transferring output files
...
005 (16580837.010.000) 02/10 07:23:38 Job terminated.
	(1) Normal termination (return value 0)
		Usr 0 01:18:55, Sys 0 00:00:03  -  Run Remote Usage
		Usr 0 00:00:00, Sys 0 00:00:00  -  Run Local Usage
		Usr 0 01:18:55, Sys 0 00:00:03  -  Total Remote Usage
		Usr 0 00:00:00, Sys 0 00:00:00  -  Total Local Usage
	22839  -  Run Bytes Sent By Job
	10428  -  Run Bytes Received By Job
	22839  -  Total Bytes Sent By Job
	10428  -  Total Bytes Received By Job
	Partitionable Resources :    Usage  Request Allocated 
	   Cpus                 :     1.00        1         1 
	   Disk (KB)            :    58          12      3932 
	   GPUs                 :                           0 
	   Memory (MB)          :   150        3000      3000 

	Job terminated of its own accord at 2025-02-10T06:23:38Z with exit-code 0.
...
