000 (16580837.012.000) 02/10 06:01:51 Job submitted from host: <188.185.72.155:9618?addrs=188.185.72.155-9618+[2001-1458-d00-8--100-95]-9618&alias=bigbird08.cern.ch&noUDP&sock=schedd_862983_22fa>
...
040 (16580837.012.000) 02/10 06:03:22 Started transferring input files
	Transferring to host: <188.185.196.126:9618?addrs=188.185.196.126-9618+[2001-1458-303-23--100-7a]-9618&alias=b9p16p1240.cern.ch&noUDP&sock=slot1_18_2026389_1dbc_73981>
...
040 (16580837.012.000) 02/10 06:03:22 Finished transferring input files
...
001 (16580837.012.000) 02/10 06:03:23 Job executing on host: <188.185.196.126:9618?addrs=188.185.196.126-9618+[2001-1458-303-23--100-7a]-9618&alias=b9p16p1240.cern.ch&noUDP&sock=startd_6819_d865>
	SlotName: slot1_18@b9p16p1240.cern.ch
	CondorScratchDir = "/pool/condor/dir_801227"
	Cpus = 1
	Disk = 3854
	GPUs = 0
	Memory = 3000
...
006 (16580837.012.000) 02/10 06:03:32 Image size of job updated: 383564
	375  -  MemoryUsage of job (MB)
	383564  -  ResidentSetSize of job (KB)
...
006 (16580837.012.000) 02/10 06:08:33 Image size of job updated: 435148
	425  -  MemoryUsage of job (MB)
	435148  -  ResidentSetSize of job (KB)
...
006 (16580837.012.000) 02/10 06:13:34 Image size of job updated: 454664
	445  -  MemoryUsage of job (MB)
	454664  -  ResidentSetSize of job (KB)
...
006 (16580837.012.000) 02/10 06:23:34 Image size of job updated: 466096
	456  -  MemoryUsage of job (MB)
	466096  -  ResidentSetSize of job (KB)
...
006 (16580837.012.000) 02/10 06:38:36 Image size of job updated: 471460
	461  -  MemoryUsage of job (MB)
	471460  -  ResidentSetSize of job (KB)
...
006 (16580837.012.000) 02/10 06:53:38 Image size of job updated: 481748
	471  -  MemoryUsage of job (MB)
	481748  -  ResidentSetSize of job (KB)
...
040 (16580837.012.000) 02/10 07:14:01 Started transferring output files
...
040 (16580837.012.000) 02/10 07:14:01 Finished transferring output files
...
005 (16580837.012.000) 02/10 07:14:01 Job terminated.
	(1) Normal termination (return value 0)
		Usr 0 01:09:42, Sys 0 00:00:03  -  Run Remote Usage
		Usr 0 00:00:00, Sys 0 00:00:00  -  Run Local Usage
		Usr 0 01:09:42, Sys 0 00:00:03  -  Total Remote Usage
		Usr 0 00:00:00, Sys 0 00:00:00  -  Total Local Usage
	22839  -  Run Bytes Sent By Job
	10428  -  Run Bytes Received By Job
	22839  -  Total Bytes Sent By Job
	10428  -  Total Bytes Received By Job
	Partitionable Resources :    Usage  Request Allocated 
	   Cpus                 :     1.00        1         1 
	   Disk (KB)            :    58          12      3854 
	   GPUs                 :                           0 
	   Memory (MB)          :   471        3000      3000 

	Job terminated of its own accord at 2025-02-10T06:14:01Z with exit-code 0.
...
