000 (16580838.016.000) 02/10 06:01:56 Job submitted from host: <188.185.72.155:9618?addrs=188.185.72.155-9618+[2001-1458-d00-8--100-95]-9618&alias=bigbird08.cern.ch&noUDP&sock=schedd_862983_22fa>
...
040 (16580838.016.000) 02/10 06:03:30 Started transferring input files
	Transferring to host: <188.185.194.98:9618?addrs=188.185.194.98-9618+[2001-1458-303-21--100-5e]-9618&alias=b9p20p9229.cern.ch&noUDP&sock=slot1_14_107228_9381_7231>
...
040 (16580838.016.000) 02/10 06:03:30 Finished transferring input files
...
001 (16580838.016.000) 02/10 06:03:31 Job executing on host: <188.185.194.98:9618?addrs=188.185.194.98-9618+[2001-1458-303-21--100-5e]-9618&alias=b9p20p9229.cern.ch&noUDP&sock=startd_11212_13f1>
	SlotName: slot1_14@b9p20p9229.cern.ch
	CondorScratchDir = "/pool/condor/dir_3240063"
	Cpus = 1
	Disk = 3767
	GPUs = 0
	Memory = 3000
...
006 (16580838.016.000) 02/10 06:03:39 Image size of job updated: 53984
	53  -  MemoryUsage of job (MB)
	53984  -  ResidentSetSize of job (KB)
...
006 (16580838.016.000) 02/10 06:08:39 Image size of job updated: 78956
	78  -  MemoryUsage of job (MB)
	78956  -  ResidentSetSize of job (KB)
...
006 (16580838.016.000) 02/10 06:13:40 Image size of job updated: 86888
	85  -  MemoryUsage of job (MB)
	86888  -  ResidentSetSize of job (KB)
...
006 (16580838.016.000) 02/10 06:18:40 Image size of job updated: 91272
	90  -  MemoryUsage of job (MB)
	91272  -  ResidentSetSize of job (KB)
...
006 (16580838.016.000) 02/10 06:23:40 Image size of job updated: 92220
	91  -  MemoryUsage of job (MB)
	92220  -  ResidentSetSize of job (KB)
...
006 (16580838.016.000) 02/10 06:28:41 Image size of job updated: 97772
	96  -  MemoryUsage of job (MB)
	97772  -  ResidentSetSize of job (KB)
...
006 (16580838.016.000) 02/10 06:58:44 Image size of job updated: 99612
	98  -  MemoryUsage of job (MB)
	99612  -  ResidentSetSize of job (KB)
...
006 (16580838.016.000) 02/10 07:03:44 Image size of job updated: 102940
	101  -  MemoryUsage of job (MB)
	102940  -  ResidentSetSize of job (KB)
...
006 (16580838.016.000) 02/10 07:08:45 Image size of job updated: 114060
	112  -  MemoryUsage of job (MB)
	114060  -  ResidentSetSize of job (KB)
...
006 (16580838.016.000) 02/10 07:43:48 Image size of job updated: 116080
	114  -  MemoryUsage of job (MB)
	116080  -  ResidentSetSize of job (KB)
...
006 (16580838.016.000) 02/10 07:58:49 Image size of job updated: 151736
	149  -  MemoryUsage of job (MB)
	151736  -  ResidentSetSize of job (KB)
...
040 (16580838.016.000) 02/10 08:00:26 Started transferring output files
...
040 (16580838.016.000) 02/10 08:00:26 Finished transferring output files
...
005 (16580838.016.000) 02/10 08:00:26 Job terminated.
	(1) Normal termination (return value 0)
		Usr 0 01:55:11, Sys 0 00:00:10  -  Run Remote Usage
		Usr 0 00:00:00, Sys 0 00:00:00  -  Run Local Usage
		Usr 0 01:55:11, Sys 0 00:00:10  -  Total Remote Usage
		Usr 0 00:00:00, Sys 0 00:00:00  -  Total Local Usage
	22971  -  Run Bytes Sent By Job
	10428  -  Run Bytes Received By Job
	22971  -  Total Bytes Sent By Job
	10428  -  Total Bytes Received By Job
	Partitionable Resources :    Usage  Request Allocated 
	   Cpus                 :     0.99        1         1 
	   Disk (KB)            :    58          12      3767 
	   GPUs                 :                           0 
	   Memory (MB)          :   149        3000      3000 

	Job terminated of its own accord at 2025-02-10T07:00:26Z with exit-code 0.
...
