000 (16580837.001.000) 02/10 06:01:51 Job submitted from host: <188.185.72.155:9618?addrs=188.185.72.155-9618+[2001-1458-d00-8--100-95]-9618&alias=bigbird08.cern.ch&noUDP&sock=schedd_862983_22fa>
...
040 (16580837.001.000) 02/10 06:03:18 Started transferring input files
	Transferring to host: <188.185.194.145:9618?addrs=188.185.194.145-9618+[2001-1458-303-21--100-8d]-9618&alias=b9p20p3441.cern.ch&noUDP&sock=slot1_17_3604731_d6b2_79717>
...
040 (16580837.001.000) 02/10 06:03:18 Finished transferring input files
...
001 (16580837.001.000) 02/10 06:03:19 Job executing on host: <188.185.194.145:9618?addrs=188.185.194.145-9618+[2001-1458-303-21--100-8d]-9618&alias=b9p20p3441.cern.ch&noUDP&sock=startd_4557_4d2b>
	SlotName: slot1_17@b9p20p3441.cern.ch
	CondorScratchDir = "/pool/condor/dir_2313605"
	Cpus = 1
	Disk = 3909
	GPUs = 0
	Memory = 3000
...
006 (16580837.001.000) 02/10 06:03:27 Image size of job updated: 1884
	2  -  MemoryUsage of job (MB)
	1884  -  ResidentSetSize of job (KB)
...
006 (16580837.001.000) 02/10 06:08:27 Image size of job updated: 384616
	376  -  MemoryUsage of job (MB)
	384616  -  ResidentSetSize of job (KB)
...
040 (16580837.001.000) 02/10 07:33:39 Started transferring output files
...
040 (16580837.001.000) 02/10 07:33:39 Finished transferring output files
...
005 (16580837.001.000) 02/10 07:33:39 Job terminated.
	(1) Normal termination (return value 0)
		Usr 0 01:28:51, Sys 0 00:00:05  -  Run Remote Usage
		Usr 0 00:00:00, Sys 0 00:00:00  -  Run Local Usage
		Usr 0 01:28:51, Sys 0 00:00:05  -  Total Remote Usage
		Usr 0 00:00:00, Sys 0 00:00:00  -  Total Local Usage
	22860  -  Run Bytes Sent By Job
	10428  -  Run Bytes Received By Job
	22860  -  Total Bytes Sent By Job
	10428  -  Total Bytes Received By Job
	Partitionable Resources :    Usage  Request Allocated 
	   Cpus                 :     0.95        1         1 
	   Disk (KB)            :    58          12      3909 
	   GPUs                 :                           0 
	   Memory (MB)          :   376        3000      3000 

	Job terminated of its own accord at 2025-02-10T06:33:39Z with exit-code 0.
...
