000 (16580838.008.000) 02/10 06:01:56 Job submitted from host: <188.185.72.155:9618?addrs=188.185.72.155-9618+[2001-1458-d00-8--100-95]-9618&alias=bigbird08.cern.ch&noUDP&sock=schedd_862983_22fa>
...
040 (16580838.008.000) 02/10 06:03:27 Started transferring input files
	Transferring to host: <188.185.196.74:9618?addrs=188.185.196.74-9618+[2001-1458-303-23--100-46]-9618&alias=b9p16p8333.cern.ch&noUDP&sock=slot1_9_4127618_0861_6148>
...
040 (16580838.008.000) 02/10 06:03:27 Finished transferring input files
...
001 (16580838.008.000) 02/10 06:03:28 Job executing on host: <188.185.196.74:9618?addrs=188.185.196.74-9618+[2001-1458-303-23--100-46]-9618&alias=b9p16p8333.cern.ch&noUDP&sock=startd_8458_101e>
	SlotName: slot1_9@b9p16p8333.cern.ch
	CondorScratchDir = "/pool/condor/dir_1924311"
	Cpus = 1
	Disk = 3776
	GPUs = 0
	Memory = 3000
...
006 (16580838.008.000) 02/10 06:03:37 Image size of job updated: 390872
	382  -  MemoryUsage of job (MB)
	390872  -  ResidentSetSize of job (KB)
...
006 (16580838.008.000) 02/10 06:08:38 Image size of job updated: 460000
	450  -  MemoryUsage of job (MB)
	460000  -  ResidentSetSize of job (KB)
...
006 (16580838.008.000) 02/10 06:13:39 Image size of job updated: 475260
	465  -  MemoryUsage of job (MB)
	475260  -  ResidentSetSize of job (KB)
...
006 (16580838.008.000) 02/10 06:18:39 Image size of job updated: 484992
	474  -  MemoryUsage of job (MB)
	484992  -  ResidentSetSize of job (KB)
...
040 (16580838.008.000) 02/10 07:47:09 Started transferring output files
...
040 (16580838.008.000) 02/10 07:47:09 Finished transferring output files
...
005 (16580838.008.000) 02/10 07:47:09 Job terminated.
	(1) Normal termination (return value 0)
		Usr 0 01:42:24, Sys 0 00:00:04  -  Run Remote Usage
		Usr 0 00:00:00, Sys 0 00:00:00  -  Run Local Usage
		Usr 0 01:42:24, Sys 0 00:00:04  -  Total Remote Usage
		Usr 0 00:00:00, Sys 0 00:00:00  -  Total Local Usage
	22968  -  Run Bytes Sent By Job
	10428  -  Run Bytes Received By Job
	22968  -  Total Bytes Sent By Job
	10428  -  Total Bytes Received By Job
	Partitionable Resources :    Usage  Request Allocated 
	   Cpus                 :     1.00        1         1 
	   Disk (KB)            :    58          12      3776 
	   GPUs                 :                           0 
	   Memory (MB)          :   474        3000      3000 

	Job terminated of its own accord at 2025-02-10T06:47:09Z with exit-code 0.
...
