000 (16580838.017.000) 02/10 06:01:56 Job submitted from host: <188.185.72.155:9618?addrs=188.185.72.155-9618+[2001-1458-d00-8--100-95]-9618&alias=bigbird08.cern.ch&noUDP&sock=schedd_862983_22fa>
...
040 (16580838.017.000) 02/10 06:03:30 Started transferring input files
	Transferring to host: <188.185.194.124:9618?addrs=188.185.194.124-9618+[2001-1458-303-21--100-78]-9618&alias=b9p20p7611.cern.ch&noUDP&sock=slot1_10_303817_4f9c_68465>
...
040 (16580838.017.000) 02/10 06:03:30 Finished transferring input files
...
001 (16580838.017.000) 02/10 06:03:31 Job executing on host: <188.185.194.124:9618?addrs=188.185.194.124-9618+[2001-1458-303-21--100-78]-9618&alias=b9p20p7611.cern.ch&noUDP&sock=startd_10243_6cac>
	SlotName: slot1_10@b9p20p7611.cern.ch
	CondorScratchDir = "/pool/condor/dir_2215164"
	Cpus = 1
	Disk = 3842
	GPUs = 0
	Memory = 3000
...
006 (16580838.017.000) 02/10 06:03:39 Image size of job updated: 66708
	66  -  MemoryUsage of job (MB)
	66708  -  ResidentSetSize of job (KB)
...
006 (16580838.017.000) 02/10 06:08:39 Image size of job updated: 138868
	136  -  MemoryUsage of job (MB)
	138868  -  ResidentSetSize of job (KB)
...
006 (16580838.017.000) 02/10 06:18:41 Image size of job updated: 166476
	163  -  MemoryUsage of job (MB)
	166476  -  ResidentSetSize of job (KB)
...
006 (16580838.017.000) 02/10 06:23:41 Image size of job updated: 170388
	167  -  MemoryUsage of job (MB)
	170388  -  ResidentSetSize of job (KB)
...
006 (16580838.017.000) 02/10 06:28:41 Image size of job updated: 172420
	169  -  MemoryUsage of job (MB)
	172420  -  ResidentSetSize of job (KB)
...
006 (16580838.017.000) 02/10 06:43:42 Image size of job updated: 179484
	176  -  MemoryUsage of job (MB)
	179484  -  ResidentSetSize of job (KB)
...
040 (16580838.017.000) 02/10 07:52:11 Started transferring output files
...
040 (16580838.017.000) 02/10 07:52:11 Finished transferring output files
...
005 (16580838.017.000) 02/10 07:52:11 Job terminated.
	(1) Normal termination (return value 0)
		Usr 0 01:47:16, Sys 0 00:00:05  -  Run Remote Usage
		Usr 0 00:00:00, Sys 0 00:00:00  -  Run Local Usage
		Usr 0 01:47:16, Sys 0 00:00:05  -  Total Remote Usage
		Usr 0 00:00:00, Sys 0 00:00:00  -  Total Local Usage
	22971  -  Run Bytes Sent By Job
	10428  -  Run Bytes Received By Job
	22971  -  Total Bytes Sent By Job
	10428  -  Total Bytes Received By Job
	Partitionable Resources :    Usage  Request Allocated 
	   Cpus                 :     1.00        1         1 
	   Disk (KB)            :    58          12      3842 
	   GPUs                 :                           0 
	   Memory (MB)          :   176        3000      3000 

	Job terminated of its own accord at 2025-02-10T06:52:11Z with exit-code 0.
...
