000 (16580838.013.000) 02/10 06:01:56 Job submitted from host: <188.185.72.155:9618?addrs=188.185.72.155-9618+[2001-1458-d00-8--100-95]-9618&alias=bigbird08.cern.ch&noUDP&sock=schedd_862983_22fa>
...
040 (16580838.013.000) 02/10 06:03:28 Started transferring input files
	Transferring to host: <188.185.192.160:9618?addrs=188.185.192.160-9618+[2001-1458-303-1f--100-9c]-9618&alias=b9p13p4150.cern.ch&noUDP&sock=slot1_21_2920462_6d21_3631>
...
040 (16580838.013.000) 02/10 06:03:28 Finished transferring input files
...
001 (16580838.013.000) 02/10 06:03:29 Job executing on host: <188.185.192.160:9618?addrs=188.185.192.160-9618+[2001-1458-303-1f--100-9c]-9618&alias=b9p13p4150.cern.ch&noUDP&sock=startd_6990_2317>
	SlotName: slot1_21@b9p13p4150.cern.ch
	CondorScratchDir = "/pool/condor/dir_1989858"
	Cpus = 1
	Disk = 3837
	GPUs = 0
	Memory = 3000
...
006 (16580838.013.000) 02/10 06:03:38 Image size of job updated: 69332
	68  -  MemoryUsage of job (MB)
	69332  -  ResidentSetSize of job (KB)
...
006 (16580838.013.000) 02/10 06:08:39 Image size of job updated: 145508
	143  -  MemoryUsage of job (MB)
	145508  -  ResidentSetSize of job (KB)
...
006 (16580838.013.000) 02/10 06:23:40 Image size of job updated: 146812
	144  -  MemoryUsage of job (MB)
	146812  -  ResidentSetSize of job (KB)
...
006 (16580838.013.000) 02/10 06:33:41 Image size of job updated: 152480
	149  -  MemoryUsage of job (MB)
	152480  -  ResidentSetSize of job (KB)
...
040 (16580838.013.000) 02/10 07:32:13 Started transferring output files
...
040 (16580838.013.000) 02/10 07:32:13 Finished transferring output files
...
005 (16580838.013.000) 02/10 07:32:13 Job terminated.
	(1) Normal termination (return value 0)
		Usr 0 01:27:28, Sys 0 00:00:06  -  Run Remote Usage
		Usr 0 00:00:00, Sys 0 00:00:00  -  Run Local Usage
		Usr 0 01:27:28, Sys 0 00:00:06  -  Total Remote Usage
		Usr 0 00:00:00, Sys 0 00:00:00  -  Total Local Usage
	22949  -  Run Bytes Sent By Job
	10428  -  Run Bytes Received By Job
	22949  -  Total Bytes Sent By Job
	10428  -  Total Bytes Received By Job
	Partitionable Resources :    Usage  Request Allocated 
	   Cpus                 :     1.00        1         1 
	   Disk (KB)            :    58          12      3837 
	   GPUs                 :                           0 
	   Memory (MB)          :   149        3000      3000 

	Job terminated of its own accord at 2025-02-10T06:32:13Z with exit-code 0.
...
