000 (16580838.003.000) 02/10 06:01:56 Job submitted from host: <188.185.72.155:9618?addrs=188.185.72.155-9618+[2001-1458-d00-8--100-95]-9618&alias=bigbird08.cern.ch&noUDP&sock=schedd_862983_22fa>
...
040 (16580838.003.000) 02/10 06:03:25 Started transferring input files
	Transferring to host: <188.185.194.86:9618?addrs=188.185.194.86-9618+[2001-1458-303-21--100-52]-9618&alias=b9p20p9758.cern.ch&noUDP&sock=slot1_5_11256_9ec3_110603>
...
040 (16580838.003.000) 02/10 06:03:25 Finished transferring input files
...
001 (16580838.003.000) 02/10 06:03:26 Job executing on host: <188.185.194.86:9618?addrs=188.185.194.86-9618+[2001-1458-303-21--100-52]-9618&alias=b9p20p9758.cern.ch&noUDP&sock=startd_11128_75fc>
	SlotName: slot1_5@b9p20p9758.cern.ch
	CondorScratchDir = "/pool/condor/dir_4115432"
	Cpus = 1
	Disk = 3744
	GPUs = 0
	Memory = 3000
...
006 (16580838.003.000) 02/10 06:03:35 Image size of job updated: 385584
	377  -  MemoryUsage of job (MB)
	385584  -  ResidentSetSize of job (KB)
...
006 (16580838.003.000) 02/10 06:08:36 Image size of job updated: 447348
	437  -  MemoryUsage of job (MB)
	447348  -  ResidentSetSize of job (KB)
...
006 (16580838.003.000) 02/10 06:13:37 Image size of job updated: 457116
	447  -  MemoryUsage of job (MB)
	457116  -  ResidentSetSize of job (KB)
...
006 (16580838.003.000) 02/10 06:18:37 Image size of job updated: 482072
	471  -  MemoryUsage of job (MB)
	482072  -  ResidentSetSize of job (KB)
...
006 (16580838.003.000) 02/10 06:23:37 Image size of job updated: 491736
	481  -  MemoryUsage of job (MB)
	491736  -  ResidentSetSize of job (KB)
...
006 (16580838.003.000) 02/10 06:33:38 Image size of job updated: 495608
	484  -  MemoryUsage of job (MB)
	495608  -  ResidentSetSize of job (KB)
...
040 (16580838.003.000) 02/10 08:03:47 Started transferring output files
...
040 (16580838.003.000) 02/10 08:03:47 Finished transferring output files
...
009 (16580838.003.000) 02/10 08:03:47 Job was aborted.
	Job removed by SYSTEM_PERIODIC_REMOVE due to wall time exceeded allowed max.
...
