000 (16580837.015.000) 02/10 06:01:51 Job submitted from host: <188.185.72.155:9618?addrs=188.185.72.155-9618+[2001-1458-d00-8--100-95]-9618&alias=bigbird08.cern.ch&noUDP&sock=schedd_862983_22fa>
...
040 (16580837.015.000) 02/10 06:03:39 Started transferring input files
	Transferring to host: <188.185.194.125:9618?addrs=188.185.194.125-9618+[2001-1458-303-21--100-79]-9618&alias=b9p20p9077.cern.ch&noUDP&sock=slot1_16_3999572_0aca_68460>
...
040 (16580837.015.000) 02/10 06:03:39 Finished transferring input files
...
001 (16580837.015.000) 02/10 06:03:40 Job executing on host: <188.185.194.125:9618?addrs=188.185.194.125-9618+[2001-1458-303-21--100-79]-9618&alias=b9p20p9077.cern.ch&noUDP&sock=startd_8551_da6d>
	SlotName: slot1_16@b9p20p9077.cern.ch
	CondorScratchDir = "/pool/condor/dir_67650"
	Cpus = 1
	Disk = 3927
	GPUs = 0
	Memory = 3000
...
006 (16580837.015.000) 02/10 06:03:48 Image size of job updated: 356056
	348  -  MemoryUsage of job (MB)
	356056  -  ResidentSetSize of job (KB)
...
040 (16580837.015.000) 02/10 06:26:47 Started transferring output files
...
040 (16580837.015.000) 02/10 06:26:47 Finished transferring output files
...
005 (16580837.015.000) 02/10 06:26:47 Job terminated.
	(1) Normal termination (return value 0)
		Usr 0 00:22:39, Sys 0 00:00:02  -  Run Remote Usage
		Usr 0 00:00:00, Sys 0 00:00:00  -  Run Local Usage
		Usr 0 00:22:39, Sys 0 00:00:02  -  Total Remote Usage
		Usr 0 00:00:00, Sys 0 00:00:00  -  Total Local Usage
	22792  -  Run Bytes Sent By Job
	10428  -  Run Bytes Received By Job
	22792  -  Total Bytes Sent By Job
	10428  -  Total Bytes Received By Job
	Partitionable Resources :    Usage  Request Allocated 
	   Cpus                 :     0.99        1         1 
	   Disk (KB)            :    58          12      3927 
	   GPUs                 :                           0 
	   Memory (MB)          :   348        3000      3000 

	Job terminated of its own accord at 2025-02-10T05:26:47Z with exit-code 0.
...
