000 (16580837.004.000) 02/10 06:01:51 Job submitted from host: <188.185.72.155:9618?addrs=188.185.72.155-9618+[2001-1458-d00-8--100-95]-9618&alias=bigbird08.cern.ch&noUDP&sock=schedd_862983_22fa>
...
040 (16580837.004.000) 02/10 06:03:37 Started transferring input files
	Transferring to host: <188.185.194.185:9618?addrs=188.185.194.185-9618+[2001-1458-303-21--100-b5]-9618&alias=b9p20p3715.cern.ch&noUDP&sock=slot1_23_3962421_cd44_64698>
...
040 (16580837.004.000) 02/10 06:03:37 Finished transferring input files
...
001 (16580837.004.000) 02/10 06:03:38 Job executing on host: <188.185.194.185:9618?addrs=188.185.194.185-9618+[2001-1458-303-21--100-b5]-9618&alias=b9p20p3715.cern.ch&noUDP&sock=startd_7244_5c25>
	SlotName: slot1_23@b9p20p3715.cern.ch
	CondorScratchDir = "/pool/condor/dir_3836880"
	Cpus = 1
	Disk = 3788
	GPUs = 0
	Memory = 3000
...
006 (16580837.004.000) 02/10 06:03:47 Image size of job updated: 385668
	377  -  MemoryUsage of job (MB)
	385668  -  ResidentSetSize of job (KB)
...
006 (16580837.004.000) 02/10 06:08:48 Image size of job updated: 429652
	420  -  MemoryUsage of job (MB)
	429652  -  ResidentSetSize of job (KB)
...
006 (16580837.004.000) 02/10 06:23:49 Image size of job updated: 439772
	430  -  MemoryUsage of job (MB)
	439772  -  ResidentSetSize of job (KB)
...
040 (16580837.004.000) 02/10 07:34:10 Started transferring output files
...
040 (16580837.004.000) 02/10 07:34:10 Finished transferring output files
...
005 (16580837.004.000) 02/10 07:34:10 Job terminated.
	(1) Normal termination (return value 0)
		Usr 0 01:29:17, Sys 0 00:00:04  -  Run Remote Usage
		Usr 0 00:00:00, Sys 0 00:00:00  -  Run Local Usage
		Usr 0 01:29:17, Sys 0 00:00:04  -  Total Remote Usage
		Usr 0 00:00:00, Sys 0 00:00:00  -  Total Local Usage
	22854  -  Run Bytes Sent By Job
	10428  -  Run Bytes Received By Job
	22854  -  Total Bytes Sent By Job
	10428  -  Total Bytes Received By Job
	Partitionable Resources :    Usage  Request Allocated 
	   Cpus                 :     1.00        1         1 
	   Disk (KB)            :    58          12      3788 
	   GPUs                 :                           0 
	   Memory (MB)          :   430        3000      3000 

	Job terminated of its own accord at 2025-02-10T06:34:10Z with exit-code 0.
...
