000 (16580837.018.000) 02/10 06:01:51 Job submitted from host: <188.185.72.155:9618?addrs=188.185.72.155-9618+[2001-1458-d00-8--100-95]-9618&alias=bigbird08.cern.ch&noUDP&sock=schedd_862983_22fa>
...
040 (16580837.018.000) 02/10 06:03:23 Started transferring input files
	Transferring to host: <188.185.193.130:9618?addrs=188.185.193.130-9618+[2001-1458-303-20--100-7e]-9618&alias=b9p19p3773.cern.ch&noUDP&sock=slot1_12_1835763_dab4_12451>
...
040 (16580837.018.000) 02/10 06:03:23 Finished transferring input files
...
001 (16580837.018.000) 02/10 06:03:25 Job executing on host: <188.185.193.130:9618?addrs=188.185.193.130-9618+[2001-1458-303-20--100-7e]-9618&alias=b9p19p3773.cern.ch&noUDP&sock=startd_6106_c95e>
	SlotName: slot1_12@b9p19p3773.cern.ch
	CondorScratchDir = "/pool/condor/dir_2335646"
	Cpus = 1
	Disk = 3880
	GPUs = 0
	Memory = 3000
...
006 (16580837.018.000) 02/10 06:03:33 Image size of job updated: 143844
	141  -  MemoryUsage of job (MB)
	143844  -  ResidentSetSize of job (KB)
...
006 (16580837.018.000) 02/10 06:08:33 Image size of job updated: 215568
	211  -  MemoryUsage of job (MB)
	215568  -  ResidentSetSize of job (KB)
...
006 (16580837.018.000) 02/10 06:13:34 Image size of job updated: 221532
	217  -  MemoryUsage of job (MB)
	221532  -  ResidentSetSize of job (KB)
...
040 (16580837.018.000) 02/10 06:17:19 Started transferring output files
...
040 (16580837.018.000) 02/10 06:17:19 Finished transferring output files
...
005 (16580837.018.000) 02/10 06:17:19 Job terminated.
	(1) Normal termination (return value 0)
		Usr 0 00:13:31, Sys 0 00:00:01  -  Run Remote Usage
		Usr 0 00:00:00, Sys 0 00:00:00  -  Run Local Usage
		Usr 0 00:13:31, Sys 0 00:00:01  -  Total Remote Usage
		Usr 0 00:00:00, Sys 0 00:00:00  -  Total Local Usage
	22794  -  Run Bytes Sent By Job
	10428  -  Run Bytes Received By Job
	22794  -  Total Bytes Sent By Job
	10428  -  Total Bytes Received By Job
	Partitionable Resources :    Usage  Request Allocated 
	   Cpus                 :     0.99        1         1 
	   Disk (KB)            :    58          12      3880 
	   GPUs                 :                           0 
	   Memory (MB)          :   217        3000      3000 

	Job terminated of its own accord at 2025-02-10T05:17:19Z with exit-code 0.
...
