000 (16580837.009.000) 02/10 06:01:51 Job submitted from host: <188.185.72.155:9618?addrs=188.185.72.155-9618+[2001-1458-d00-8--100-95]-9618&alias=bigbird08.cern.ch&noUDP&sock=schedd_862983_22fa>
...
040 (16580837.009.000) 02/10 06:03:21 Started transferring input files
	Transferring to host: <188.185.194.159:9618?addrs=188.185.194.159-9618+[2001-1458-303-21--100-9b]-9618&alias=b9p20p9622.cern.ch&noUDP&sock=slot1_24_1709672_568c_8435>
...
040 (16580837.009.000) 02/10 06:03:21 Finished transferring input files
...
001 (16580837.009.000) 02/10 06:03:22 Job executing on host: <188.185.194.159:9618?addrs=188.185.194.159-9618+[2001-1458-303-21--100-9b]-9618&alias=b9p20p9622.cern.ch&noUDP&sock=startd_4691_36dc>
	SlotName: slot1_24@b9p20p9622.cern.ch
	CondorScratchDir = "/pool/condor/dir_3834145"
	Cpus = 1
	Disk = 3896
	GPUs = 0
	Memory = 3000
...
006 (16580837.009.000) 02/10 06:03:30 Image size of job updated: 1884
	2  -  MemoryUsage of job (MB)
	1884  -  ResidentSetSize of job (KB)
...
006 (16580837.009.000) 02/10 06:08:30 Image size of job updated: 383760
	375  -  MemoryUsage of job (MB)
	383760  -  ResidentSetSize of job (KB)
...
006 (16580837.009.000) 02/10 06:13:31 Image size of job updated: 390452
	382  -  MemoryUsage of job (MB)
	390452  -  ResidentSetSize of job (KB)
...
006 (16580837.009.000) 02/10 06:18:32 Image size of job updated: 400556
	392  -  MemoryUsage of job (MB)
	400556  -  ResidentSetSize of job (KB)
...
040 (16580837.009.000) 02/10 06:22:10 Started transferring output files
...
040 (16580837.009.000) 02/10 06:22:10 Finished transferring output files
...
005 (16580837.009.000) 02/10 06:22:30 Job terminated.
	(1) Normal termination (return value 0)
		Usr 0 00:17:59, Sys 0 00:00:02  -  Run Remote Usage
		Usr 0 00:00:00, Sys 0 00:00:00  -  Run Local Usage
		Usr 0 00:17:59, Sys 0 00:00:02  -  Total Remote Usage
		Usr 0 00:00:00, Sys 0 00:00:00  -  Total Local Usage
	22796  -  Run Bytes Sent By Job
	10428  -  Run Bytes Received By Job
	22796  -  Total Bytes Sent By Job
	10428  -  Total Bytes Received By Job
	Partitionable Resources :    Usage  Request Allocated 
	   Cpus                 :     1.00        1         1 
	   Disk (KB)            :    58          12      3896 
	   GPUs                 :                           0 
	   Memory (MB)          :   392        3000      3000 

	Job terminated of its own accord at 2025-02-10T05:22:10Z with exit-code 0.
...
