000 (16580838.001.000) 02/10 06:01:56 Job submitted from host: <188.185.72.155:9618?addrs=188.185.72.155-9618+[2001-1458-d00-8--100-95]-9618&alias=bigbird08.cern.ch&noUDP&sock=schedd_862983_22fa>
...
040 (16580838.001.000) 02/10 06:03:25 Started transferring input files
	Transferring to host: <188.185.194.70:9618?addrs=188.185.194.70-9618+[2001-1458-303-21--100-42]-9618&alias=b9p20p7797.cern.ch&noUDP&sock=slot1_26_189057_8261_88996>
...
040 (16580838.001.000) 02/10 06:03:25 Finished transferring input files
...
001 (16580838.001.000) 02/10 06:03:26 Job executing on host: <188.185.194.70:9618?addrs=188.185.194.70-9618+[2001-1458-303-21--100-42]-9618&alias=b9p20p7797.cern.ch&noUDP&sock=startd_7474_1eed>
	SlotName: slot1_26@b9p20p7797.cern.ch
	CondorScratchDir = "/pool/condor/dir_3804497"
	Cpus = 1
	Disk = 3783
	GPUs = 0
	Memory = 3000
...
006 (16580838.001.000) 02/10 06:03:35 Image size of job updated: 379624
	371  -  MemoryUsage of job (MB)
	379624  -  ResidentSetSize of job (KB)
...
006 (16580838.001.000) 02/10 06:08:36 Image size of job updated: 449224
	439  -  MemoryUsage of job (MB)
	449224  -  ResidentSetSize of job (KB)
...
006 (16580838.001.000) 02/10 06:13:37 Image size of job updated: 458472
	448  -  MemoryUsage of job (MB)
	458472  -  ResidentSetSize of job (KB)
...
006 (16580838.001.000) 02/10 06:18:37 Image size of job updated: 472852
	462  -  MemoryUsage of job (MB)
	472852  -  ResidentSetSize of job (KB)
...
006 (16580838.001.000) 02/10 06:23:37 Image size of job updated: 474320
	464  -  MemoryUsage of job (MB)
	474320  -  ResidentSetSize of job (KB)
...
040 (16580838.001.000) 02/10 07:50:19 Started transferring output files
...
040 (16580838.001.000) 02/10 07:50:19 Finished transferring output files
...
005 (16580838.001.000) 02/10 07:50:19 Job terminated.
	(1) Normal termination (return value 0)
		Usr 0 01:45:31, Sys 0 00:00:05  -  Run Remote Usage
		Usr 0 00:00:00, Sys 0 00:00:00  -  Run Local Usage
		Usr 0 01:45:31, Sys 0 00:00:05  -  Total Remote Usage
		Usr 0 00:00:00, Sys 0 00:00:00  -  Total Local Usage
	22968  -  Run Bytes Sent By Job
	10428  -  Run Bytes Received By Job
	22968  -  Total Bytes Sent By Job
	10428  -  Total Bytes Received By Job
	Partitionable Resources :    Usage  Request Allocated 
	   Cpus                 :     0.99        1         1 
	   Disk (KB)            :    58          12      3783 
	   GPUs                 :                           0 
	   Memory (MB)          :   464        3000      3000 

	Job terminated of its own accord at 2025-02-10T06:50:19Z with exit-code 0.
...
