000 (16580838.014.000) 02/10 06:01:56 Job submitted from host: <188.185.72.155:9618?addrs=188.185.72.155-9618+[2001-1458-d00-8--100-95]-9618&alias=bigbird08.cern.ch&noUDP&sock=schedd_862983_22fa>
...
040 (16580838.014.000) 02/10 06:03:28 Started transferring input files
	Transferring to host: <188.185.196.171:9618?addrs=188.185.196.171-9618+[2001-1458-303-23--100-a7]-9618&alias=b9p16p0160.cern.ch&noUDP&sock=slot1_16_3079166_c056_4256>
...
040 (16580838.014.000) 02/10 06:03:28 Finished transferring input files
...
001 (16580838.014.000) 02/10 06:03:29 Job executing on host: <188.185.196.171:9618?addrs=188.185.196.171-9618+[2001-1458-303-23--100-a7]-9618&alias=b9p16p0160.cern.ch&noUDP&sock=startd_3223_49d4>
	SlotName: slot1_16@b9p16p0160.cern.ch
	CondorScratchDir = "/pool/condor/dir_393437"
	Cpus = 1
	Disk = 3909
	GPUs = 0
	Memory = 3000
...
006 (16580838.014.000) 02/10 06:03:38 Image size of job updated: 68288
	67  -  MemoryUsage of job (MB)
	68288  -  ResidentSetSize of job (KB)
...
006 (16580838.014.000) 02/10 06:08:40 Image size of job updated: 115696
	113  -  MemoryUsage of job (MB)
	115696  -  ResidentSetSize of job (KB)
...
006 (16580838.014.000) 02/10 06:18:40 Image size of job updated: 123808
	121  -  MemoryUsage of job (MB)
	123808  -  ResidentSetSize of job (KB)
...
006 (16580838.014.000) 02/10 06:23:41 Image size of job updated: 125080
	123  -  MemoryUsage of job (MB)
	125080  -  ResidentSetSize of job (KB)
...
006 (16580838.014.000) 02/10 06:28:42 Image size of job updated: 126972
	124  -  MemoryUsage of job (MB)
	126972  -  ResidentSetSize of job (KB)
...
006 (16580838.014.000) 02/10 06:33:42 Image size of job updated: 129784
	127  -  MemoryUsage of job (MB)
	129784  -  ResidentSetSize of job (KB)
...
006 (16580838.014.000) 02/10 06:38:42 Image size of job updated: 131164
	129  -  MemoryUsage of job (MB)
	131164  -  ResidentSetSize of job (KB)
...
006 (16580838.014.000) 02/10 06:43:43 Image size of job updated: 133544
	131  -  MemoryUsage of job (MB)
	133544  -  ResidentSetSize of job (KB)
...
006 (16580838.014.000) 02/10 06:48:43 Image size of job updated: 135464
	133  -  MemoryUsage of job (MB)
	135464  -  ResidentSetSize of job (KB)
...
006 (16580838.014.000) 02/10 06:53:43 Image size of job updated: 137600
	135  -  MemoryUsage of job (MB)
	137600  -  ResidentSetSize of job (KB)
...
006 (16580838.014.000) 02/10 06:58:44 Image size of job updated: 139940
	137  -  MemoryUsage of job (MB)
	139940  -  ResidentSetSize of job (KB)
...
006 (16580838.014.000) 02/10 07:03:45 Image size of job updated: 142468
	140  -  MemoryUsage of job (MB)
	142468  -  ResidentSetSize of job (KB)
...
006 (16580838.014.000) 02/10 07:08:45 Image size of job updated: 165228
	162  -  MemoryUsage of job (MB)
	165228  -  ResidentSetSize of job (KB)
...
006 (16580838.014.000) 02/10 07:13:45 Image size of job updated: 183348
	180  -  MemoryUsage of job (MB)
	183348  -  ResidentSetSize of job (KB)
...
040 (16580838.014.000) 02/10 07:23:12 Started transferring output files
...
040 (16580838.014.000) 02/10 07:23:12 Finished transferring output files
...
005 (16580838.014.000) 02/10 07:23:12 Job terminated.
	(1) Normal termination (return value 0)
		Usr 0 01:18:40, Sys 0 00:00:03  -  Run Remote Usage
		Usr 0 00:00:00, Sys 0 00:00:00  -  Run Local Usage
		Usr 0 01:18:40, Sys 0 00:00:03  -  Total Remote Usage
		Usr 0 00:00:00, Sys 0 00:00:00  -  Total Local Usage
	22949  -  Run Bytes Sent By Job
	10428  -  Run Bytes Received By Job
	22949  -  Total Bytes Sent By Job
	10428  -  Total Bytes Received By Job
	Partitionable Resources :    Usage  Request Allocated 
	   Cpus                 :     1.00        1         1 
	   Disk (KB)            :    58          12      3909 
	   GPUs                 :                           0 
	   Memory (MB)          :   180        3000      3000 

	Job terminated of its own accord at 2025-02-10T06:23:12Z with exit-code 0.
...
