000 (16580838.012.000) 02/10 06:01:56 Job submitted from host: <188.185.72.155:9618?addrs=188.185.72.155-9618+[2001-1458-d00-8--100-95]-9618&alias=bigbird08.cern.ch&noUDP&sock=schedd_862983_22fa>
...
040 (16580838.012.000) 02/10 06:03:28 Started transferring input files
	Transferring to host: <188.185.198.45:9618?addrs=188.185.198.45-9618+[2001-1458-303-25--100-29]-9618&alias=b9p15p6291.cern.ch&noUDP&sock=slot1_9_912723_ac15_84522>
...
040 (16580838.012.000) 02/10 06:03:28 Finished transferring input files
...
001 (16580838.012.000) 02/10 06:03:29 Job executing on host: <188.185.198.45:9618?addrs=188.185.198.45-9618+[2001-1458-303-25--100-29]-9618&alias=b9p15p6291.cern.ch&noUDP&sock=startd_6558_d22d>
	SlotName: slot1_9@b9p15p6291.cern.ch
	CondorScratchDir = "/pool/condor/dir_2111167"
	Cpus = 1
	Disk = 3859
	GPUs = 0
	Memory = 3000
...
006 (16580838.012.000) 02/10 06:03:38 Image size of job updated: 101640
	100  -  MemoryUsage of job (MB)
	101640  -  ResidentSetSize of job (KB)
...
006 (16580838.012.000) 02/10 06:08:39 Image size of job updated: 135064
	132  -  MemoryUsage of job (MB)
	135064  -  ResidentSetSize of job (KB)
...
006 (16580838.012.000) 02/10 06:13:40 Image size of job updated: 142540
	140  -  MemoryUsage of job (MB)
	142540  -  ResidentSetSize of job (KB)
...
040 (16580838.012.000) 02/10 07:26:31 Started transferring output files
...
040 (16580838.012.000) 02/10 07:26:31 Finished transferring output files
...
005 (16580838.012.000) 02/10 07:26:31 Job terminated.
	(1) Normal termination (return value 0)
		Usr 0 01:21:59, Sys 0 00:00:03  -  Run Remote Usage
		Usr 0 00:00:00, Sys 0 00:00:00  -  Run Local Usage
		Usr 0 01:21:59, Sys 0 00:00:03  -  Total Remote Usage
		Usr 0 00:00:00, Sys 0 00:00:00  -  Total Local Usage
	22949  -  Run Bytes Sent By Job
	10428  -  Run Bytes Received By Job
	22949  -  Total Bytes Sent By Job
	10428  -  Total Bytes Received By Job
	Partitionable Resources :    Usage  Request Allocated 
	   Cpus                 :     1.00        1         1 
	   Disk (KB)            :    58          12      3859 
	   GPUs                 :                           0 
	   Memory (MB)          :   140        3000      3000 

	Job terminated of its own accord at 2025-02-10T06:26:31Z with exit-code 0.
...
