000 (16580838.006.000) 02/10 06:01:56 Job submitted from host: <188.185.72.155:9618?addrs=188.185.72.155-9618+[2001-1458-d00-8--100-95]-9618&alias=bigbird08.cern.ch&noUDP&sock=schedd_862983_22fa>
...
040 (16580838.006.000) 02/10 06:03:25 Started transferring input files
	Transferring to host: <188.185.198.103:9618?addrs=188.185.198.103-9618+[2001-1458-303-25--100-63]-9618&alias=b9p15p0233.cern.ch&noUDP&sock=slot1_19_3827902_ff45_30250>
...
040 (16580838.006.000) 02/10 06:03:25 Finished transferring input files
...
001 (16580838.006.000) 02/10 06:03:26 Job executing on host: <188.185.198.103:9618?addrs=188.185.198.103-9618+[2001-1458-303-25--100-63]-9618&alias=b9p15p0233.cern.ch&noUDP&sock=startd_8887_523f>
	SlotName: slot1_19@b9p15p0233.cern.ch
	CondorScratchDir = "/pool/condor/dir_3311942"
	Cpus = 1
	Disk = 3798
	GPUs = 0
	Memory = 3000
...
006 (16580838.006.000) 02/10 06:03:35 Image size of job updated: 80044
	79  -  MemoryUsage of job (MB)
	80044  -  ResidentSetSize of job (KB)
...
006 (16580838.006.000) 02/10 06:08:36 Image size of job updated: 112000
	110  -  MemoryUsage of job (MB)
	112000  -  ResidentSetSize of job (KB)
...
040 (16580838.006.000) 02/10 07:01:42 Started transferring output files
...
040 (16580838.006.000) 02/10 07:01:42 Finished transferring output files
...
005 (16580838.006.000) 02/10 07:01:42 Job terminated.
	(1) Normal termination (return value 0)
		Usr 0 00:57:32, Sys 0 00:00:02  -  Run Remote Usage
		Usr 0 00:00:00, Sys 0 00:00:00  -  Run Local Usage
		Usr 0 00:57:32, Sys 0 00:00:02  -  Total Remote Usage
		Usr 0 00:00:00, Sys 0 00:00:00  -  Total Local Usage
	22924  -  Run Bytes Sent By Job
	10428  -  Run Bytes Received By Job
	22924  -  Total Bytes Sent By Job
	10428  -  Total Bytes Received By Job
	Partitionable Resources :    Usage  Request Allocated 
	   Cpus                 :     0.98        1         1 
	   Disk (KB)            :    58          12      3798 
	   GPUs                 :                           0 
	   Memory (MB)          :   110        3000      3000 

	Job terminated of its own accord at 2025-02-10T06:01:42Z with exit-code 0.
...
