000 (16580837.000.000) 02/10 06:01:51 Job submitted from host: <188.185.72.155:9618?addrs=188.185.72.155-9618+[2001-1458-d00-8--100-95]-9618&alias=bigbird08.cern.ch&noUDP&sock=schedd_862983_22fa>
...
040 (16580837.000.000) 02/10 06:03:18 Started transferring input files
	Transferring to host: <188.185.196.131:9618?addrs=188.185.196.131-9618+[2001-1458-303-23--100-7f]-9618&alias=b9p16p3366.cern.ch&noUDP&sock=slot1_18_408246_fd12_554>
...
040 (16580837.000.000) 02/10 06:03:18 Finished transferring input files
...
001 (16580837.000.000) 02/10 06:03:19 Job executing on host: <188.185.196.131:9618?addrs=188.185.196.131-9618+[2001-1458-303-23--100-7f]-9618&alias=b9p16p3366.cern.ch&noUDP&sock=startd_4497_257c>
	SlotName: slot1_18@b9p16p3366.cern.ch
	CondorScratchDir = "/pool/condor/dir_637808"
	Cpus = 1
	Disk = 3811
	GPUs = 0
	Memory = 3000
...
006 (16580837.000.000) 02/10 06:03:27 Image size of job updated: 395124
	386  -  MemoryUsage of job (MB)
	395124  -  ResidentSetSize of job (KB)
...
006 (16580837.000.000) 02/10 06:08:27 Image size of job updated: 482812
	472  -  MemoryUsage of job (MB)
	482812  -  ResidentSetSize of job (KB)
...
006 (16580837.000.000) 02/10 06:13:28 Image size of job updated: 485288
	474  -  MemoryUsage of job (MB)
	485288  -  ResidentSetSize of job (KB)
...
006 (16580837.000.000) 02/10 06:18:29 Image size of job updated: 490428
	479  -  MemoryUsage of job (MB)
	490428  -  ResidentSetSize of job (KB)
...
040 (16580837.000.000) 02/10 07:50:04 Started transferring output files
...
040 (16580837.000.000) 02/10 07:50:04 Finished transferring output files
...
005 (16580837.000.000) 02/10 07:50:04 Job terminated.
	(1) Normal termination (return value 0)
		Usr 0 01:45:25, Sys 0 00:00:04  -  Run Remote Usage
		Usr 0 00:00:00, Sys 0 00:00:00  -  Run Local Usage
		Usr 0 01:45:25, Sys 0 00:00:04  -  Total Remote Usage
		Usr 0 00:00:00, Sys 0 00:00:00  -  Total Local Usage
	22876  -  Run Bytes Sent By Job
	10428  -  Run Bytes Received By Job
	22876  -  Total Bytes Sent By Job
	10428  -  Total Bytes Received By Job
	Partitionable Resources :    Usage  Request Allocated 
	   Cpus                 :     1.00        1         1 
	   Disk (KB)            :    57          12      3811 
	   GPUs                 :                           0 
	   Memory (MB)          :   479        3000      3000 

	Job terminated of its own accord at 2025-02-10T06:50:04Z with exit-code 0.
...
