000 (16580837.016.000) 02/10 06:01:51 Job submitted from host: <188.185.72.155:9618?addrs=188.185.72.155-9618+[2001-1458-d00-8--100-95]-9618&alias=bigbird08.cern.ch&noUDP&sock=schedd_862983_22fa>
...
040 (16580837.016.000) 02/10 06:03:24 Started transferring input files
	Transferring to host: <188.185.198.56:9618?addrs=188.185.198.56-9618+[2001-1458-303-25--100-34]-9618&alias=b9p15p6243.cern.ch&noUDP&sock=slot1_4_517273_5f84_74437>
...
040 (16580837.016.000) 02/10 06:03:25 Finished transferring input files
...
001 (16580837.016.000) 02/10 06:03:25 Job executing on host: <188.185.198.56:9618?addrs=188.185.198.56-9618+[2001-1458-303-25--100-34]-9618&alias=b9p15p6243.cern.ch&noUDP&sock=startd_9302_fa0d>
	SlotName: slot1_4@b9p15p6243.cern.ch
	CondorScratchDir = "/pool/condor/dir_3324261"
	Cpus = 1
	Disk = 3832
	GPUs = 0
	Memory = 3000
...
006 (16580837.016.000) 02/10 06:03:34 Image size of job updated: 391328
	383  -  MemoryUsage of job (MB)
	391328  -  ResidentSetSize of job (KB)
...
006 (16580837.016.000) 02/10 06:08:35 Image size of job updated: 450440
	440  -  MemoryUsage of job (MB)
	450440  -  ResidentSetSize of job (KB)
...
006 (16580837.016.000) 02/10 06:13:35 Image size of job updated: 464792
	454  -  MemoryUsage of job (MB)
	464792  -  ResidentSetSize of job (KB)
...
006 (16580837.016.000) 02/10 06:18:35 Image size of job updated: 467652
	457  -  MemoryUsage of job (MB)
	467652  -  ResidentSetSize of job (KB)
...
040 (16580837.016.000) 02/10 06:19:47 Started transferring output files
...
040 (16580837.016.000) 02/10 06:19:47 Finished transferring output files
...
005 (16580837.016.000) 02/10 06:19:47 Job terminated.
	(1) Normal termination (return value 0)
		Usr 0 00:15:55, Sys 0 00:00:02  -  Run Remote Usage
		Usr 0 00:00:00, Sys 0 00:00:00  -  Run Local Usage
		Usr 0 00:15:55, Sys 0 00:00:02  -  Total Remote Usage
		Usr 0 00:00:00, Sys 0 00:00:00  -  Total Local Usage
	22794  -  Run Bytes Sent By Job
	10428  -  Run Bytes Received By Job
	22794  -  Total Bytes Sent By Job
	10428  -  Total Bytes Received By Job
	Partitionable Resources :    Usage  Request Allocated 
	   Cpus                 :     1.00        1         1 
	   Disk (KB)            :    58          12      3832 
	   GPUs                 :                           0 
	   Memory (MB)          :   457        3000      3000 

	Job terminated of its own accord at 2025-02-10T05:19:47Z with exit-code 0.
...
