000 (16580837.007.000) 02/10 06:01:51 Job submitted from host: <188.185.72.155:9618?addrs=188.185.72.155-9618+[2001-1458-d00-8--100-95]-9618&alias=bigbird08.cern.ch&noUDP&sock=schedd_862983_22fa>
...
040 (16580837.007.000) 02/10 06:03:20 Started transferring input files
	Transferring to host: <188.185.193.171:9618?addrs=188.185.193.171-9618+[2001-1458-303-20--100-a7]-9618&alias=b9p19p3059.cern.ch&noUDP&sock=slot1_7_1694834_9ff1_8417>
...
040 (16580837.007.000) 02/10 06:03:20 Finished transferring input files
...
001 (16580837.007.000) 02/10 06:03:21 Job executing on host: <188.185.193.171:9618?addrs=188.185.193.171-9618+[2001-1458-303-20--100-a7]-9618&alias=b9p19p3059.cern.ch&noUDP&sock=startd_6420_2a1b>
	SlotName: slot1_7@b9p19p3059.cern.ch
	CondorScratchDir = "/pool/condor/dir_4113712"
	Cpus = 1
	Disk = 3890
	GPUs = 0
	Memory = 3000
...
006 (16580837.007.000) 02/10 06:03:29 Image size of job updated: 2088
	3  -  MemoryUsage of job (MB)
	2088  -  ResidentSetSize of job (KB)
...
006 (16580837.007.000) 02/10 06:08:29 Image size of job updated: 450956
	441  -  MemoryUsage of job (MB)
	450956  -  ResidentSetSize of job (KB)
...
040 (16580837.007.000) 02/10 06:57:35 Started transferring output files
...
040 (16580837.007.000) 02/10 06:57:35 Finished transferring output files
...
005 (16580837.007.000) 02/10 06:57:35 Job terminated.
	(1) Normal termination (return value 0)
		Usr 0 00:53:09, Sys 0 00:00:02  -  Run Remote Usage
		Usr 0 00:00:00, Sys 0 00:00:00  -  Run Local Usage
		Usr 0 00:53:09, Sys 0 00:00:02  -  Total Remote Usage
		Usr 0 00:00:00, Sys 0 00:00:00  -  Total Local Usage
	22816  -  Run Bytes Sent By Job
	10428  -  Run Bytes Received By Job
	22816  -  Total Bytes Sent By Job
	10428  -  Total Bytes Received By Job
	Partitionable Resources :    Usage  Request Allocated 
	   Cpus                 :     1.00        1         1 
	   Disk (KB)            :    58          12      3890 
	   GPUs                 :                           0 
	   Memory (MB)          :   441        3000      3000 

	Job terminated of its own accord at 2025-02-10T05:57:35Z with exit-code 0.
...
