000 (16580838.002.000) 02/10 06:01:56 Job submitted from host: <188.185.72.155:9618?addrs=188.185.72.155-9618+[2001-1458-d00-8--100-95]-9618&alias=bigbird08.cern.ch&noUDP&sock=schedd_862983_22fa>
...
040 (16580838.002.000) 02/10 06:03:37 Started transferring input files
	Transferring to host: <188.185.193.129:9618?addrs=188.185.193.129-9618+[2001-1458-303-20--100-7d]-9618&alias=b9p19p4528.cern.ch&noUDP&sock=slot1_8_3367556_9866_6448>
...
040 (16580838.002.000) 02/10 06:03:37 Finished transferring input files
...
001 (16580838.002.000) 02/10 06:03:38 Job executing on host: <188.185.193.129:9618?addrs=188.185.193.129-9618+[2001-1458-303-20--100-7d]-9618&alias=b9p19p4528.cern.ch&noUDP&sock=startd_5835_e734>
	SlotName: slot1_8@b9p19p4528.cern.ch
	CondorScratchDir = "/pool/condor/dir_998825"
	Cpus = 1
	Disk = 3963
	GPUs = 0
	Memory = 3000
...
006 (16580838.002.000) 02/10 06:03:47 Image size of job updated: 321016
	314  -  MemoryUsage of job (MB)
	321016  -  ResidentSetSize of job (KB)
...
006 (16580838.002.000) 02/10 06:08:48 Image size of job updated: 364836
	357  -  MemoryUsage of job (MB)
	364836  -  ResidentSetSize of job (KB)
...
006 (16580838.002.000) 02/10 06:13:49 Image size of job updated: 369380
	361  -  MemoryUsage of job (MB)
	369380  -  ResidentSetSize of job (KB)
...
006 (16580838.002.000) 02/10 06:23:49 Image size of job updated: 370440
	362  -  MemoryUsage of job (MB)
	370440  -  ResidentSetSize of job (KB)
...
006 (16580838.002.000) 02/10 06:43:51 Image size of job updated: 377492
	369  -  MemoryUsage of job (MB)
	377492  -  ResidentSetSize of job (KB)
...
006 (16580838.002.000) 02/10 06:53:53 Image size of job updated: 379680
	371  -  MemoryUsage of job (MB)
	379680  -  ResidentSetSize of job (KB)
...
040 (16580838.002.000) 02/10 07:39:05 Started transferring output files
...
040 (16580838.002.000) 02/10 07:39:05 Finished transferring output files
...
005 (16580838.002.000) 02/10 07:39:05 Job terminated.
	(1) Normal termination (return value 0)
		Usr 0 01:34:14, Sys 0 00:00:03  -  Run Remote Usage
		Usr 0 00:00:00, Sys 0 00:00:00  -  Run Local Usage
		Usr 0 01:34:14, Sys 0 00:00:03  -  Total Remote Usage
		Usr 0 00:00:00, Sys 0 00:00:00  -  Total Local Usage
	22968  -  Run Bytes Sent By Job
	10428  -  Run Bytes Received By Job
	22968  -  Total Bytes Sent By Job
	10428  -  Total Bytes Received By Job
	Partitionable Resources :    Usage  Request Allocated 
	   Cpus                 :     1.00        1         1 
	   Disk (KB)            :    58          12      3963 
	   GPUs                 :                           0 
	   Memory (MB)          :   371        3000      3000 

	Job terminated of its own accord at 2025-02-10T06:39:05Z with exit-code 0.
...
