000 (16580825.013.000) 02/10 05:55:40 Job submitted from host: <188.185.72.155:9618?addrs=188.185.72.155-9618+[2001-1458-d00-8--100-95]-9618&alias=bigbird08.cern.ch&noUDP&sock=schedd_862983_22fa>
...
040 (16580825.013.000) 02/10 05:57:11 Started transferring input files
	Transferring to host: <188.185.193.42:9618?addrs=188.185.193.42-9618+[2001-1458-303-20--100-26]-9618&alias=b9p19p5534.cern.ch&noUDP&sock=slot1_3_5727_f082_111631>
...
040 (16580825.013.000) 02/10 05:57:11 Finished transferring input files
...
001 (16580825.013.000) 02/10 05:57:12 Job executing on host: <188.185.193.42:9618?addrs=188.185.193.42-9618+[2001-1458-303-20--100-26]-9618&alias=b9p19p5534.cern.ch&noUDP&sock=startd_4365_9afc>
	SlotName: slot1_3@b9p19p5534.cern.ch
	CondorScratchDir = "/pool/condor/dir_369818"
	Cpus = 1
	Disk = 3760
	GPUs = 0
	Memory = 3000
...
006 (16580825.013.000) 02/10 05:57:21 Image size of job updated: 377408
	369  -  MemoryUsage of job (MB)
	377408  -  ResidentSetSize of job (KB)
...
040 (16580825.013.000) 02/10 05:57:31 Started transferring output files
...
040 (16580825.013.000) 02/10 05:57:31 Finished transferring output files
...
005 (16580825.013.000) 02/10 05:57:31 Job terminated.
	(1) Normal termination (return value 0)
		Usr 0 00:00:01, Sys 0 00:00:00  -  Run Remote Usage
		Usr 0 00:00:00, Sys 0 00:00:00  -  Run Local Usage
		Usr 0 00:00:01, Sys 0 00:00:00  -  Total Remote Usage
		Usr 0 00:00:00, Sys 0 00:00:00  -  Total Local Usage
	23834  -  Run Bytes Sent By Job
	10428  -  Run Bytes Received By Job
	23834  -  Total Bytes Sent By Job
	10428  -  Total Bytes Received By Job
	Partitionable Resources :    Usage  Request Allocated 
	   Cpus                 :        0        1         1 
	   Disk (KB)            :       59       12      3760 
	   GPUs                 :                           0 
	   Memory (MB)          :      369     3000      3000 

	Job terminated of its own accord at 2025-02-10T04:57:31Z with exit-code 0.
...
