000 (16580825.006.000) 02/10 05:55:40 Job submitted from host: <188.185.72.155:9618?addrs=188.185.72.155-9618+[2001-1458-d00-8--100-95]-9618&alias=bigbird08.cern.ch&noUDP&sock=schedd_862983_22fa>
...
040 (16580825.006.000) 02/10 05:57:09 Started transferring input files
	Transferring to host: <188.185.193.30:9618?addrs=188.185.193.30-9618+[2001-1458-303-20--100-1a]-9618&alias=b9p19p1185.cern.ch&noUDP&sock=slot1_17_2496289_2ce0_3760>
...
040 (16580825.006.000) 02/10 05:57:09 Finished transferring input files
...
001 (16580825.006.000) 02/10 05:57:10 Job executing on host: <188.185.193.30:9618?addrs=188.185.193.30-9618+[2001-1458-303-20--100-1a]-9618&alias=b9p19p1185.cern.ch&noUDP&sock=startd_3262_0a06>
	SlotName: slot1_17@b9p19p1185.cern.ch
	CondorScratchDir = "/pool/condor/dir_3295050"
	Cpus = 1
	Disk = 3838
	GPUs = 0
	Memory = 3000
...
006 (16580825.006.000) 02/10 05:57:19 Image size of job updated: 1880
	2  -  MemoryUsage of job (MB)
	1880  -  ResidentSetSize of job (KB)
...
006 (16580825.006.000) 02/10 05:58:51 Image size of job updated: 315512
	309  -  MemoryUsage of job (MB)
	315512  -  ResidentSetSize of job (KB)
...
040 (16580825.006.000) 02/10 05:58:51 Started transferring output files
...
040 (16580825.006.000) 02/10 05:58:51 Finished transferring output files
...
005 (16580825.006.000) 02/10 05:58:51 Job terminated.
	(1) Normal termination (return value 0)
		Usr 0 00:00:40, Sys 0 00:00:01  -  Run Remote Usage
		Usr 0 00:00:00, Sys 0 00:00:00  -  Run Local Usage
		Usr 0 00:00:40, Sys 0 00:00:01  -  Total Remote Usage
		Usr 0 00:00:00, Sys 0 00:00:00  -  Total Local Usage
	23851  -  Run Bytes Sent By Job
	10428  -  Run Bytes Received By Job
	23851  -  Total Bytes Sent By Job
	10428  -  Total Bytes Received By Job
	Partitionable Resources :    Usage  Request Allocated 
	   Cpus                 :        0        1         1 
	   Disk (KB)            :       58       12      3838 
	   GPUs                 :                           0 
	   Memory (MB)          :      309     3000      3000 

	Job terminated of its own accord at 2025-02-10T04:58:51Z with exit-code 0.
...
