000 (16580824.008.000) 02/10 05:55:36 Job submitted from host: <188.185.72.155:9618?addrs=188.185.72.155-9618+[2001-1458-d00-8--100-95]-9618&alias=bigbird08.cern.ch&noUDP&sock=schedd_862983_22fa>
...
040 (16580824.008.000) 02/10 05:57:03 Started transferring input files
	Transferring to host: <188.185.196.116:9618?addrs=188.185.196.116-9618+[2001-1458-303-23--100-70]-9618&alias=b9p16p8594.cern.ch&noUDP&sock=slot1_10_1257373_c694_4020>
...
040 (16580824.008.000) 02/10 05:57:03 Finished transferring input files
...
001 (16580824.008.000) 02/10 05:57:04 Job executing on host: <188.185.196.116:9618?addrs=188.185.196.116-9618+[2001-1458-303-23--100-70]-9618&alias=b9p16p8594.cern.ch&noUDP&sock=startd_7048_eb95>
	SlotName: slot1_10@b9p16p8594.cern.ch
	CondorScratchDir = "/pool/condor/dir_1912083"
	Cpus = 1
	Disk = 3793
	GPUs = 0
	Memory = 3000
...
006 (16580824.008.000) 02/10 05:57:12 Image size of job updated: 381368
	373  -  MemoryUsage of job (MB)
	381368  -  ResidentSetSize of job (KB)
...
040 (16580824.008.000) 02/10 05:58:34 Started transferring output files
...
040 (16580824.008.000) 02/10 05:58:34 Finished transferring output files
...
005 (16580824.008.000) 02/10 05:58:34 Job terminated.
	(1) Normal termination (return value 0)
		Usr 0 00:00:59, Sys 0 00:00:01  -  Run Remote Usage
		Usr 0 00:00:00, Sys 0 00:00:00  -  Run Local Usage
		Usr 0 00:00:59, Sys 0 00:00:01  -  Total Remote Usage
		Usr 0 00:00:00, Sys 0 00:00:00  -  Total Local Usage
	23737  -  Run Bytes Sent By Job
	10428  -  Run Bytes Received By Job
	23737  -  Total Bytes Sent By Job
	10428  -  Total Bytes Received By Job
	Partitionable Resources :    Usage  Request Allocated 
	   Cpus                 :        0        1         1 
	   Disk (KB)            :       59       12      3793 
	   GPUs                 :                           0 
	   Memory (MB)          :      373     3000      3000 

	Job terminated of its own accord at 2025-02-10T04:58:34Z with exit-code 0.
...
