000 (16580827.010.000) 02/10 05:55:48 Job submitted from host: <188.185.72.155:9618?addrs=188.185.72.155-9618+[2001-1458-d00-8--100-95]-9618&alias=bigbird08.cern.ch&noUDP&sock=schedd_862983_22fa>
...
040 (16580827.010.000) 02/10 05:57:22 Started transferring input files
	Transferring to host: <188.185.194.151:9618?addrs=188.185.194.151-9618+[2001-1458-303-21--100-93]-9618&alias=b9p20p8169.cern.ch&noUDP&sock=slot1_17_7203_ea3e_109578>
...
040 (16580827.010.000) 02/10 05:57:22 Finished transferring input files
...
001 (16580827.010.000) 02/10 05:57:23 Job executing on host: <188.185.194.151:9618?addrs=188.185.194.151-9618+[2001-1458-303-21--100-93]-9618&alias=b9p20p8169.cern.ch&noUDP&sock=startd_5733_f08b>
	SlotName: slot1_17@b9p20p8169.cern.ch
	CondorScratchDir = "/pool/condor/dir_2956420"
	Cpus = 1
	Disk = 3813
	GPUs = 0
	Memory = 3000
...
006 (16580827.010.000) 02/10 05:57:32 Image size of job updated: 54172
	53  -  MemoryUsage of job (MB)
	54172  -  ResidentSetSize of job (KB)
...
040 (16580827.010.000) 02/10 05:58:54 Started transferring output files
...
040 (16580827.010.000) 02/10 05:58:54 Finished transferring output files
...
005 (16580827.010.000) 02/10 05:58:54 Job terminated.
	(1) Normal termination (return value 0)
		Usr 0 00:00:54, Sys 0 00:00:01  -  Run Remote Usage
		Usr 0 00:00:00, Sys 0 00:00:00  -  Run Local Usage
		Usr 0 00:00:54, Sys 0 00:00:01  -  Total Remote Usage
		Usr 0 00:00:00, Sys 0 00:00:00  -  Total Local Usage
	24142  -  Run Bytes Sent By Job
	10428  -  Run Bytes Received By Job
	24142  -  Total Bytes Sent By Job
	10428  -  Total Bytes Received By Job
	Partitionable Resources :    Usage  Request Allocated 
	   Cpus                 :        0        1         1 
	   Disk (KB)            :       59       12      3813 
	   GPUs                 :                           0 
	   Memory (MB)          :       53     3000      3000 

	Job terminated of its own accord at 2025-02-10T04:58:54Z with exit-code 0.
...
