000 (16580824.006.000) 02/10 05:55:36 Job submitted from host: <188.185.72.155:9618?addrs=188.185.72.155-9618+[2001-1458-d00-8--100-95]-9618&alias=bigbird08.cern.ch&noUDP&sock=schedd_862983_22fa>
...
040 (16580824.006.000) 02/10 05:57:03 Started transferring input files
	Transferring to host: <188.185.193.130:9618?addrs=188.185.193.130-9618+[2001-1458-303-20--100-7e]-9618&alias=b9p19p3773.cern.ch&noUDP&sock=slot1_12_1835763_dab4_12444>
...
040 (16580824.006.000) 02/10 05:57:03 Finished transferring input files
...
001 (16580824.006.000) 02/10 05:57:04 Job executing on host: <188.185.193.130:9618?addrs=188.185.193.130-9618+[2001-1458-303-20--100-7e]-9618&alias=b9p19p3773.cern.ch&noUDP&sock=startd_6106_c95e>
	SlotName: slot1_12@b9p19p3773.cern.ch
	CondorScratchDir = "/pool/condor/dir_2331154"
	Cpus = 1
	Disk = 3882
	GPUs = 0
	Memory = 3000
...
006 (16580824.006.000) 02/10 05:57:12 Image size of job updated: 389560
	381  -  MemoryUsage of job (MB)
	389560  -  ResidentSetSize of job (KB)
...
040 (16580824.006.000) 02/10 05:58:21 Started transferring output files
...
040 (16580824.006.000) 02/10 05:58:21 Finished transferring output files
...
005 (16580824.006.000) 02/10 05:58:21 Job terminated.
	(1) Normal termination (return value 0)
		Usr 0 00:00:53, Sys 0 00:00:01  -  Run Remote Usage
		Usr 0 00:00:00, Sys 0 00:00:00  -  Run Local Usage
		Usr 0 00:00:53, Sys 0 00:00:01  -  Total Remote Usage
		Usr 0 00:00:00, Sys 0 00:00:00  -  Total Local Usage
	23737  -  Run Bytes Sent By Job
	10428  -  Run Bytes Received By Job
	23737  -  Total Bytes Sent By Job
	10428  -  Total Bytes Received By Job
	Partitionable Resources :    Usage  Request Allocated 
	   Cpus                 :     0.56        1         1 
	   Disk (KB)            :    59          12      3882 
	   GPUs                 :                           0 
	   Memory (MB)          :   381        3000      3000 

	Job terminated of its own accord at 2025-02-10T04:58:21Z with exit-code 0.
...
