000 (16580825.019.000) 02/10 05:55:40 Job submitted from host: <188.185.72.155:9618?addrs=188.185.72.155-9618+[2001-1458-d00-8--100-95]-9618&alias=bigbird08.cern.ch&noUDP&sock=schedd_862983_22fa>
...
040 (16580825.019.000) 02/10 05:57:13 Started transferring input files
	Transferring to host: <188.185.198.18:9618?addrs=188.185.198.18-9618+[2001-1458-303-25--100-e]-9618&alias=b9p15p0252.cern.ch&noUDP&sock=slot1_27_3008139_cdee_69123>
...
040 (16580825.019.000) 02/10 05:57:13 Finished transferring input files
...
001 (16580825.019.000) 02/10 05:57:14 Job executing on host: <188.185.198.18:9618?addrs=188.185.198.18-9618+[2001-1458-303-25--100-e]-9618&alias=b9p15p0252.cern.ch&noUDP&sock=startd_7714_bda8>
	SlotName: slot1_27@b9p15p0252.cern.ch
	CondorScratchDir = "/pool/condor/dir_2818302"
	Cpus = 1
	Disk = 3758
	GPUs = 0
	Memory = 3000
...
006 (16580825.019.000) 02/10 05:57:22 Image size of job updated: 382268
	374  -  MemoryUsage of job (MB)
	382268  -  ResidentSetSize of job (KB)
...
040 (16580825.019.000) 02/10 05:59:08 Started transferring output files
...
040 (16580825.019.000) 02/10 05:59:08 Finished transferring output files
...
005 (16580825.019.000) 02/10 05:59:08 Job terminated.
	(1) Normal termination (return value 0)
		Usr 0 00:01:17, Sys 0 00:00:01  -  Run Remote Usage
		Usr 0 00:00:00, Sys 0 00:00:00  -  Run Local Usage
		Usr 0 00:01:17, Sys 0 00:00:01  -  Total Remote Usage
		Usr 0 00:00:00, Sys 0 00:00:00  -  Total Local Usage
	23854  -  Run Bytes Sent By Job
	10428  -  Run Bytes Received By Job
	23854  -  Total Bytes Sent By Job
	10428  -  Total Bytes Received By Job
	Partitionable Resources :    Usage  Request Allocated 
	   Cpus                 :        0        1         1 
	   Disk (KB)            :       59       12      3758 
	   GPUs                 :                           0 
	   Memory (MB)          :      374     3000      3000 

	Job terminated of its own accord at 2025-02-10T04:59:08Z with exit-code 0.
...
