000 (16580826.013.000) 02/10 05:55:44 Job submitted from host: <188.185.72.155:9618?addrs=188.185.72.155-9618+[2001-1458-d00-8--100-95]-9618&alias=bigbird08.cern.ch&noUDP&sock=schedd_862983_22fa>
...
040 (16580826.013.000) 02/10 05:57:18 Started transferring input files
	Transferring to host: <188.185.215.140:9618?addrs=188.185.215.140-9618+[2001-1458-303-26--100-8]-9618&alias=b9p18p0368.cern.ch&noUDP&sock=slot1_9_1206990_64f3_90938>
...
040 (16580826.013.000) 02/10 05:57:18 Finished transferring input files
...
001 (16580826.013.000) 02/10 05:57:19 Job executing on host: <188.185.215.140:9618?addrs=188.185.215.140-9618+[2001-1458-303-26--100-8]-9618&alias=b9p18p0368.cern.ch&noUDP&sock=startd_9008_5135>
	SlotName: slot1_9@b9p18p0368.cern.ch
	CondorScratchDir = "/pool/condor/dir_2146869"
	Cpus = 1
	Disk = 3856
	GPUs = 0
	Memory = 3000
...
006 (16580826.013.000) 02/10 05:57:27 Image size of job updated: 144920
	142  -  MemoryUsage of job (MB)
	144920  -  ResidentSetSize of job (KB)
...
040 (16580826.013.000) 02/10 05:58:58 Started transferring output files
...
040 (16580826.013.000) 02/10 05:58:58 Finished transferring output files
...
005 (16580826.013.000) 02/10 05:58:58 Job terminated.
	(1) Normal termination (return value 0)
		Usr 0 00:00:59, Sys 0 00:00:01  -  Run Remote Usage
		Usr 0 00:00:00, Sys 0 00:00:00  -  Run Local Usage
		Usr 0 00:00:59, Sys 0 00:00:01  -  Total Remote Usage
		Usr 0 00:00:00, Sys 0 00:00:00  -  Total Local Usage
	23854  -  Run Bytes Sent By Job
	10428  -  Run Bytes Received By Job
	23854  -  Total Bytes Sent By Job
	10428  -  Total Bytes Received By Job
	Partitionable Resources :    Usage  Request Allocated 
	   Cpus                 :        0        1         1 
	   Disk (KB)            :       59       12      3856 
	   GPUs                 :                           0 
	   Memory (MB)          :      142     3000      3000 

	Job terminated of its own accord at 2025-02-10T04:58:58Z with exit-code 0.
...
