000 (16580824.012.000) 02/10 05:55:36 Job submitted from host: <188.185.72.155:9618?addrs=188.185.72.155-9618+[2001-1458-d00-8--100-95]-9618&alias=bigbird08.cern.ch&noUDP&sock=schedd_862983_22fa>
...
040 (16580824.012.000) 02/10 05:57:05 Started transferring input files
	Transferring to host: <188.185.194.65:9618?addrs=188.185.194.65-9618+[2001-1458-303-21--100-3d]-9618&alias=b9p20p5952.cern.ch&noUDP&sock=slot1_16_411946_f929_4166>
...
040 (16580824.012.000) 02/10 05:57:05 Finished transferring input files
...
001 (16580824.012.000) 02/10 05:57:06 Job executing on host: <188.185.194.65:9618?addrs=188.185.194.65-9618+[2001-1458-303-21--100-3d]-9618&alias=b9p20p5952.cern.ch&noUDP&sock=startd_4451_9821>
	SlotName: slot1_16@b9p20p5952.cern.ch
	CondorScratchDir = "/pool/condor/dir_181680"
	Cpus = 1
	Disk = 3887
	GPUs = 0
	Memory = 3000
...
006 (16580824.012.000) 02/10 05:57:15 Image size of job updated: 385412
	377  -  MemoryUsage of job (MB)
	385412  -  ResidentSetSize of job (KB)
...
040 (16580824.012.000) 02/10 05:58:26 Started transferring output files
...
040 (16580824.012.000) 02/10 05:58:26 Finished transferring output files
...
005 (16580824.012.000) 02/10 05:58:26 Job terminated.
	(1) Normal termination (return value 0)
		Usr 0 00:00:42, Sys 0 00:00:01  -  Run Remote Usage
		Usr 0 00:00:00, Sys 0 00:00:00  -  Run Local Usage
		Usr 0 00:00:42, Sys 0 00:00:01  -  Total Remote Usage
		Usr 0 00:00:00, Sys 0 00:00:00  -  Total Local Usage
	23744  -  Run Bytes Sent By Job
	10428  -  Run Bytes Received By Job
	23744  -  Total Bytes Sent By Job
	10428  -  Total Bytes Received By Job
	Partitionable Resources :    Usage  Request Allocated 
	   Cpus                 :     0.20        1         1 
	   Disk (KB)            :    58          12      3887 
	   GPUs                 :                           0 
	   Memory (MB)          :   377        3000      3000 

	Job terminated of its own accord at 2025-02-10T04:58:26Z with exit-code 0.
...
