000 (16580826.005.000) 02/10 05:55:44 Job submitted from host: <188.185.72.155:9618?addrs=188.185.72.155-9618+[2001-1458-d00-8--100-95]-9618&alias=bigbird08.cern.ch&noUDP&sock=schedd_862983_22fa>
...
040 (16580826.005.000) 02/10 05:57:14 Started transferring input files
	Transferring to host: <188.185.193.125:9618?addrs=188.185.193.125-9618+[2001-1458-303-20--100-79]-9618&alias=b9p19p7400.cern.ch&noUDP&sock=slot1_5_2946261_27da_11991>
...
040 (16580826.005.000) 02/10 05:57:14 Finished transferring input files
...
001 (16580826.005.000) 02/10 05:57:15 Job executing on host: <188.185.193.125:9618?addrs=188.185.193.125-9618+[2001-1458-303-20--100-79]-9618&alias=b9p19p7400.cern.ch&noUDP&sock=startd_8975_ae95>
	SlotName: slot1_5@b9p19p7400.cern.ch
	CondorScratchDir = "/pool/condor/dir_3330162"
	Cpus = 1
	Disk = 3831
	GPUs = 0
	Memory = 3000
...
006 (16580826.005.000) 02/10 05:57:23 Image size of job updated: 383628
	375  -  MemoryUsage of job (MB)
	383628  -  ResidentSetSize of job (KB)
...
040 (16580826.005.000) 02/10 05:58:27 Started transferring output files
...
040 (16580826.005.000) 02/10 05:58:27 Finished transferring output files
...
005 (16580826.005.000) 02/10 05:58:28 Job terminated.
	(1) Normal termination (return value 0)
		Usr 0 00:00:38, Sys 0 00:00:00  -  Run Remote Usage
		Usr 0 00:00:00, Sys 0 00:00:00  -  Run Local Usage
		Usr 0 00:00:38, Sys 0 00:00:00  -  Total Remote Usage
		Usr 0 00:00:00, Sys 0 00:00:00  -  Total Local Usage
	23851  -  Run Bytes Sent By Job
	10428  -  Run Bytes Received By Job
	23851  -  Total Bytes Sent By Job
	10428  -  Total Bytes Received By Job
	Partitionable Resources :    Usage  Request Allocated 
	   Cpus                 :        0        1         1 
	   Disk (KB)            :       59       12      3831 
	   GPUs                 :                           0 
	   Memory (MB)          :      375     3000      3000 

	Job terminated of its own accord at 2025-02-10T04:58:27Z with exit-code 0.
...
