000 (16580825.001.000) 02/10 05:55:40 Job submitted from host: <188.185.72.155:9618?addrs=188.185.72.155-9618+[2001-1458-d00-8--100-95]-9618&alias=bigbird08.cern.ch&noUDP&sock=schedd_862983_22fa>
...
040 (16580825.001.000) 02/10 05:57:08 Started transferring input files
	Transferring to host: <188.185.196.42:9618?addrs=188.185.196.42-9618+[2001-1458-303-23--100-26]-9618&alias=b9p16p7968.cern.ch&noUDP&sock=slot1_19_1905798_d8f4_6715>
...
040 (16580825.001.000) 02/10 05:57:08 Finished transferring input files
...
001 (16580825.001.000) 02/10 05:57:09 Job executing on host: <188.185.196.42:9618?addrs=188.185.196.42-9618+[2001-1458-303-23--100-26]-9618&alias=b9p16p7968.cern.ch&noUDP&sock=startd_4822_11c4>
	SlotName: slot1_19@b9p16p7968.cern.ch
	CondorScratchDir = "/pool/condor/dir_2742004"
	Cpus = 1
	Disk = 3759
	GPUs = 0
	Memory = 3000
...
006 (16580825.001.000) 02/10 05:57:18 Image size of job updated: 2400
	3  -  MemoryUsage of job (MB)
	2400  -  ResidentSetSize of job (KB)
...
006 (16580825.001.000) 02/10 05:58:57 Image size of job updated: 322884
	316  -  MemoryUsage of job (MB)
	322884  -  ResidentSetSize of job (KB)
...
040 (16580825.001.000) 02/10 05:58:57 Started transferring output files
...
040 (16580825.001.000) 02/10 05:58:57 Finished transferring output files
...
005 (16580825.001.000) 02/10 05:58:57 Job terminated.
	(1) Normal termination (return value 0)
		Usr 0 00:00:44, Sys 0 00:00:01  -  Run Remote Usage
		Usr 0 00:00:00, Sys 0 00:00:00  -  Run Local Usage
		Usr 0 00:00:44, Sys 0 00:00:01  -  Total Remote Usage
		Usr 0 00:00:00, Sys 0 00:00:00  -  Total Local Usage
	23851  -  Run Bytes Sent By Job
	10428  -  Run Bytes Received By Job
	23851  -  Total Bytes Sent By Job
	10428  -  Total Bytes Received By Job
	Partitionable Resources :    Usage  Request Allocated 
	   Cpus                 :     0.10        1         1 
	   Disk (KB)            :    59          12      3759 
	   GPUs                 :                           0 
	   Memory (MB)          :   316        3000      3000 

	Job terminated of its own accord at 2025-02-10T04:58:57Z with exit-code 0.
...
