000 (16580826.000.000) 02/10 05:55:44 Job submitted from host: <188.185.72.155:9618?addrs=188.185.72.155-9618+[2001-1458-d00-8--100-95]-9618&alias=bigbird08.cern.ch&noUDP&sock=schedd_862983_22fa>
...
040 (16580826.000.000) 02/10 05:57:13 Started transferring input files
	Transferring to host: <188.185.196.66:9618?addrs=188.185.196.66-9618+[2001-1458-303-23--100-3e]-9618&alias=b9p16p8444.cern.ch&noUDP&sock=slot1_4_2342250_c3c8_4301>
...
040 (16580826.000.000) 02/10 05:57:13 Finished transferring input files
...
001 (16580826.000.000) 02/10 05:57:14 Job executing on host: <188.185.196.66:9618?addrs=188.185.196.66-9618+[2001-1458-303-23--100-3e]-9618&alias=b9p16p8444.cern.ch&noUDP&sock=startd_5148_ada4>
	SlotName: slot1_4@b9p16p8444.cern.ch
	CondorScratchDir = "/pool/condor/dir_1453510"
	Cpus = 1
	Disk = 3771
	GPUs = 0
	Memory = 3000
...
006 (16580826.000.000) 02/10 05:57:22 Image size of job updated: 1884
	2  -  MemoryUsage of job (MB)
	1884  -  ResidentSetSize of job (KB)
...
006 (16580826.000.000) 02/10 05:59:24 Image size of job updated: 309860
	303  -  MemoryUsage of job (MB)
	309860  -  ResidentSetSize of job (KB)
...
040 (16580826.000.000) 02/10 05:59:24 Started transferring output files
...
040 (16580826.000.000) 02/10 05:59:24 Finished transferring output files
...
005 (16580826.000.000) 02/10 05:59:24 Job terminated.
	(1) Normal termination (return value 0)
		Usr 0 00:01:12, Sys 0 00:00:01  -  Run Remote Usage
		Usr 0 00:00:00, Sys 0 00:00:00  -  Run Local Usage
		Usr 0 00:01:12, Sys 0 00:00:01  -  Total Remote Usage
		Usr 0 00:00:00, Sys 0 00:00:00  -  Total Local Usage
	23851  -  Run Bytes Sent By Job
	10428  -  Run Bytes Received By Job
	23851  -  Total Bytes Sent By Job
	10428  -  Total Bytes Received By Job
	Partitionable Resources :    Usage  Request Allocated 
	   Cpus                 :        0        1         1 
	   Disk (KB)            :       58       12      3771 
	   GPUs                 :                           0 
	   Memory (MB)          :      303     3000      3000 

	Job terminated of its own accord at 2025-02-10T04:59:24Z with exit-code 0.
...
