000 (16580824.009.000) 02/10 05:55:36 Job submitted from host: <188.185.72.155:9618?addrs=188.185.72.155-9618+[2001-1458-d00-8--100-95]-9618&alias=bigbird08.cern.ch&noUDP&sock=schedd_862983_22fa>
...
040 (16580824.009.000) 02/10 05:57:04 Started transferring input files
	Transferring to host: <188.185.193.55:9618?addrs=188.185.193.55-9618+[2001-1458-303-20--100-33]-9618&alias=b9p19p9988.cern.ch&noUDP&sock=slot1_13_3197203_7ef6_47741>
...
040 (16580824.009.000) 02/10 05:57:04 Finished transferring input files
...
001 (16580824.009.000) 02/10 05:57:05 Job executing on host: <188.185.193.55:9618?addrs=188.185.193.55-9618+[2001-1458-303-20--100-33]-9618&alias=b9p19p9988.cern.ch&noUDP&sock=startd_6300_dabe>
	SlotName: slot1_13@b9p19p9988.cern.ch
	CondorScratchDir = "/pool/condor/dir_2289913"
	Cpus = 1
	Disk = 3980
	GPUs = 0
	Memory = 3000
...
006 (16580824.009.000) 02/10 05:57:13 Image size of job updated: 1896
	2  -  MemoryUsage of job (MB)
	1896  -  ResidentSetSize of job (KB)
...
006 (16580824.009.000) 02/10 05:59:03 Image size of job updated: 323228
	316  -  MemoryUsage of job (MB)
	323228  -  ResidentSetSize of job (KB)
...
040 (16580824.009.000) 02/10 05:59:03 Started transferring output files
...
040 (16580824.009.000) 02/10 05:59:04 Finished transferring output files
...
005 (16580824.009.000) 02/10 05:59:04 Job terminated.
	(1) Normal termination (return value 0)
		Usr 0 00:00:53, Sys 0 00:00:01  -  Run Remote Usage
		Usr 0 00:00:00, Sys 0 00:00:00  -  Run Local Usage
		Usr 0 00:00:53, Sys 0 00:00:01  -  Total Remote Usage
		Usr 0 00:00:00, Sys 0 00:00:00  -  Total Local Usage
	23746  -  Run Bytes Sent By Job
	10428  -  Run Bytes Received By Job
	23746  -  Total Bytes Sent By Job
	10428  -  Total Bytes Received By Job
	Partitionable Resources :    Usage  Request Allocated 
	   Cpus                 :        0        1         1 
	   Disk (KB)            :       58       12      3980 
	   GPUs                 :                           0 
	   Memory (MB)          :      316     3000      3000 

	Job terminated of its own accord at 2025-02-10T04:59:03Z with exit-code 0.
...
