000 (16580824.019.000) 02/10 05:55:36 Job submitted from host: <188.185.72.155:9618?addrs=188.185.72.155-9618+[2001-1458-d00-8--100-95]-9618&alias=bigbird08.cern.ch&noUDP&sock=schedd_862983_22fa>
...
040 (16580824.019.000) 02/10 05:57:07 Started transferring input files
	Transferring to host: <188.185.195.15:9618?addrs=188.185.195.15-9618+[2001-1458-303-22--100-b]-9618&alias=b9p17p8817.cern.ch&noUDP&sock=slot1_20_1981884_514a_6597>
...
040 (16580824.019.000) 02/10 05:57:07 Finished transferring input files
...
001 (16580824.019.000) 02/10 05:57:08 Job executing on host: <188.185.195.15:9618?addrs=188.185.195.15-9618+[2001-1458-303-22--100-b]-9618&alias=b9p17p8817.cern.ch&noUDP&sock=startd_8325_d606>
	SlotName: slot1_20@b9p17p8817.cern.ch
	CondorScratchDir = "/pool/condor/dir_1711413"
	Cpus = 1
	Disk = 3840
	GPUs = 0
	Memory = 3000
...
006 (16580824.019.000) 02/10 05:57:16 Image size of job updated: 377968
	370  -  MemoryUsage of job (MB)
	377968  -  ResidentSetSize of job (KB)
...
040 (16580824.019.000) 02/10 05:58:46 Started transferring output files
...
040 (16580824.019.000) 02/10 05:58:46 Finished transferring output files
...
005 (16580824.019.000) 02/10 05:58:46 Job terminated.
	(1) Normal termination (return value 0)
		Usr 0 00:01:06, Sys 0 00:00:01  -  Run Remote Usage
		Usr 0 00:00:00, Sys 0 00:00:00  -  Run Local Usage
		Usr 0 00:01:06, Sys 0 00:00:01  -  Total Remote Usage
		Usr 0 00:00:00, Sys 0 00:00:00  -  Total Local Usage
	23417  -  Run Bytes Sent By Job
	10428  -  Run Bytes Received By Job
	23417  -  Total Bytes Sent By Job
	10428  -  Total Bytes Received By Job
	Partitionable Resources :    Usage  Request Allocated 
	   Cpus                 :        0        1         1 
	   Disk (KB)            :       58       12      3840 
	   GPUs                 :                           0 
	   Memory (MB)          :      370     3000      3000 

	Job terminated of its own accord at 2025-02-10T04:58:45Z with exit-code 0.
...
