000 (16580827.000.000) 02/10 05:55:48 Job submitted from host: <188.185.72.155:9618?addrs=188.185.72.155-9618+[2001-1458-d00-8--100-95]-9618&alias=bigbird08.cern.ch&noUDP&sock=schedd_862983_22fa>
...
040 (16580827.000.000) 02/10 05:57:20 Started transferring input files
	Transferring to host: <188.185.196.75:9618?addrs=188.185.196.75-9618+[2001-1458-303-23--100-47]-9618&alias=b9p16p1542.cern.ch&noUDP&sock=slot1_11_239910_0c55_70152>
...
040 (16580827.000.000) 02/10 05:57:20 Finished transferring input files
...
001 (16580827.000.000) 02/10 05:57:21 Job executing on host: <188.185.196.75:9618?addrs=188.185.196.75-9618+[2001-1458-303-23--100-47]-9618&alias=b9p16p1542.cern.ch&noUDP&sock=startd_4647_08b1>
	SlotName: slot1_11@b9p16p1542.cern.ch
	CondorScratchDir = "/pool/condor/dir_891142"
	Cpus = 1
	Disk = 3785
	GPUs = 0
	Memory = 3000
...
006 (16580827.000.000) 02/10 05:57:30 Image size of job updated: 367832
	360  -  MemoryUsage of job (MB)
	367832  -  ResidentSetSize of job (KB)
...
040 (16580827.000.000) 02/10 05:57:50 Started transferring output files
...
040 (16580827.000.000) 02/10 05:57:50 Finished transferring output files
...
005 (16580827.000.000) 02/10 05:57:50 Job terminated.
	(1) Normal termination (return value 0)
		Usr 0 00:00:02, Sys 0 00:00:00  -  Run Remote Usage
		Usr 0 00:00:00, Sys 0 00:00:00  -  Run Local Usage
		Usr 0 00:00:02, Sys 0 00:00:00  -  Total Remote Usage
		Usr 0 00:00:00, Sys 0 00:00:00  -  Total Local Usage
	23831  -  Run Bytes Sent By Job
	10428  -  Run Bytes Received By Job
	23831  -  Total Bytes Sent By Job
	10428  -  Total Bytes Received By Job
	Partitionable Resources :    Usage  Request Allocated 
	   Cpus                 :        0        1         1 
	   Disk (KB)            :       59       12      3785 
	   GPUs                 :                           0 
	   Memory (MB)          :      360     3000      3000 

	Job terminated of its own accord at 2025-02-10T04:57:50Z with exit-code 0.
...
