000 (16580827.017.000) 02/10 05:55:48 Job submitted from host: <188.185.72.155:9618?addrs=188.185.72.155-9618+[2001-1458-d00-8--100-95]-9618&alias=bigbird08.cern.ch&noUDP&sock=schedd_862983_22fa>
...
040 (16580827.017.000) 02/10 05:57:26 Started transferring input files
	Transferring to host: <188.185.196.31:9618?addrs=188.185.196.31-9618+[2001-1458-303-23--100-1b]-9618&alias=b9p16p0041.cern.ch&noUDP&sock=slot1_17_3958624_78c9_4071>
...
040 (16580827.017.000) 02/10 05:57:26 Finished transferring input files
...
001 (16580827.017.000) 02/10 05:57:27 Job executing on host: <188.185.196.31:9618?addrs=188.185.196.31-9618+[2001-1458-303-23--100-1b]-9618&alias=b9p16p0041.cern.ch&noUDP&sock=startd_6449_0e5a>
	SlotName: slot1_17@b9p16p0041.cern.ch
	CondorScratchDir = "/pool/condor/dir_295863"
	Cpus = 1
	Disk = 3793
	GPUs = 0
	Memory = 3000
...
006 (16580827.017.000) 02/10 05:57:35 Image size of job updated: 53900
	53  -  MemoryUsage of job (MB)
	53900  -  ResidentSetSize of job (KB)
...
040 (16580827.017.000) 02/10 05:58:53 Started transferring output files
...
040 (16580827.017.000) 02/10 05:58:53 Finished transferring output files
...
005 (16580827.017.000) 02/10 05:58:53 Job terminated.
	(1) Normal termination (return value 0)
		Usr 0 00:00:49, Sys 0 00:00:01  -  Run Remote Usage
		Usr 0 00:00:00, Sys 0 00:00:00  -  Run Local Usage
		Usr 0 00:00:49, Sys 0 00:00:01  -  Total Remote Usage
		Usr 0 00:00:00, Sys 0 00:00:00  -  Total Local Usage
	23854  -  Run Bytes Sent By Job
	10428  -  Run Bytes Received By Job
	23854  -  Total Bytes Sent By Job
	10428  -  Total Bytes Received By Job
	Partitionable Resources :    Usage  Request Allocated 
	   Cpus                 :     0.20        1         1 
	   Disk (KB)            :    59          12      3793 
	   GPUs                 :                           0 
	   Memory (MB)          :    53        3000      3000 

	Job terminated of its own accord at 2025-02-10T04:58:53Z with exit-code 0.
...
