Submit jobs at 
PWD: /afs/cern.ch/user/v/vpant/pprefanalysis

Processing Track_Analyzer.C("input/ppref2024/20250210/pprefzerobiasplusforward2_set3_8.txt","/eos/user/v/vpant/ppref2024/ppref2024outputfiles/pprefzerobiasplusforward2_set3_8.root",0,0)...
List of input files founded! --> input/ppref2024/20250210/pprefzerobiasplusforward2_set3_8.txt
list operator is /eos/cms/store/group/phys_heavyions/vpant/ppref2024output/PPRefZeroBiasPlusForward2/crab_ppref2024/250129_075322/0002/HiForestMiniAOD_2350.root
Adding file /eos/cms/store/group/phys_heavyions/vpant/ppref2024output/PPRefZeroBiasPlusForward2/crab_ppref2024/250129_075322/0002/HiForestMiniAOD_2350.root to the chains
list operator is /eos/cms/store/group/phys_heavyions/vpant/ppref2024output/PPRefZeroBiasPlusForward2/crab_ppref2024/250129_075322/0002/HiForestMiniAOD_2351.root
Adding file /eos/cms/store/group/phys_heavyions/vpant/ppref2024output/PPRefZeroBiasPlusForward2/crab_ppref2024/250129_075322/0002/HiForestMiniAOD_2351.root to the chains
list operator is /eos/cms/store/group/phys_heavyions/vpant/ppref2024output/PPRefZeroBiasPlusForward2/crab_ppref2024/250129_075322/0002/HiForestMiniAOD_2352.root
Adding file /eos/cms/store/group/phys_heavyions/vpant/ppref2024output/PPRefZeroBiasPlusForward2/crab_ppref2024/250129_075322/0002/HiForestMiniAOD_2352.root to the chains
list operator is /eos/cms/store/group/phys_heavyions/vpant/ppref2024output/PPRefZeroBiasPlusForward2/crab_ppref2024/250129_075322/0002/HiForestMiniAOD_2353.root
Adding file /eos/cms/store/group/phys_heavyions/vpant/ppref2024output/PPRefZeroBiasPlusForward2/crab_ppref2024/250129_075322/0002/HiForestMiniAOD_2353.root to the chains
list operator is /eos/cms/store/group/phys_heavyions/vpant/ppref2024output/PPRefZeroBiasPlusForward2/crab_ppref2024/250129_075322/0002/HiForestMiniAOD_2354.root
Adding file /eos/cms/store/group/phys_heavyions/vpant/ppref2024output/PPRefZeroBiasPlusForward2/crab_ppref2024/250129_075322/0002/HiForestMiniAOD_2354.root to the chains
list operator is /eos/cms/store/group/phys_heavyions/vpant/ppref2024output/PPRefZeroBiasPlusForward2/crab_ppref2024/250129_075322/0002/HiForestMiniAOD_2355.root
Adding file /eos/cms/store/group/phys_heavyions/vpant/ppref2024output/PPRefZeroBiasPlusForward2/crab_ppref2024/250129_075322/0002/HiForestMiniAOD_2355.root to the chains
list operator is /eos/cms/store/group/phys_heavyions/vpant/ppref2024output/PPRefZeroBiasPlusForward2/crab_ppref2024/250129_075322/0002/HiForestMiniAOD_2356.root
Adding file /eos/cms/store/group/phys_heavyions/vpant/ppref2024output/PPRefZeroBiasPlusForward2/crab_ppref2024/250129_075322/0002/HiForestMiniAOD_2356.root to the chains
list operator is /eos/cms/store/group/phys_heavyions/vpant/ppref2024output/PPRefZeroBiasPlusForward2/crab_ppref2024/250129_075322/0002/HiForestMiniAOD_2357.root
Adding file /eos/cms/store/group/phys_heavyions/vpant/ppref2024output/PPRefZeroBiasPlusForward2/crab_ppref2024/250129_075322/0002/HiForestMiniAOD_2357.root to the chains
list operator is /eos/cms/store/group/phys_heavyions/vpant/ppref2024output/PPRefZeroBiasPlusForward2/crab_ppref2024/250129_075322/0002/HiForestMiniAOD_2358.root
Adding file /eos/cms/store/group/phys_heavyions/vpant/ppref2024output/PPRefZeroBiasPlusForward2/crab_ppref2024/250129_075322/0002/HiForestMiniAOD_2358.root to the chains
list operator is /eos/cms/store/group/phys_heavyions/vpant/ppref2024output/PPRefZeroBiasPlusForward2/crab_ppref2024/250129_075322/0002/HiForestMiniAOD_2359.root
Adding file /eos/cms/store/group/phys_heavyions/vpant/ppref2024output/PPRefZeroBiasPlusForward2/crab_ppref2024/250129_075322/0002/HiForestMiniAOD_2359.root to the chains
list operator is /eos/cms/store/group/phys_heavyions/vpant/ppref2024output/PPRefZeroBiasPlusForward2/crab_ppref2024/250129_075322/0002/HiForestMiniAOD_2360.root
Adding file /eos/cms/store/group/phys_heavyions/vpant/ppref2024output/PPRefZeroBiasPlusForward2/crab_ppref2024/250129_075322/0002/HiForestMiniAOD_2360.root to the chains
list operator is /eos/cms/store/group/phys_heavyions/vpant/ppref2024output/PPRefZeroBiasPlusForward2/crab_ppref2024/250129_075322/0002/HiForestMiniAOD_2361.root
Adding file /eos/cms/store/group/phys_heavyions/vpant/ppref2024output/PPRefZeroBiasPlusForward2/crab_ppref2024/250129_075322/0002/HiForestMiniAOD_2361.root to the chains
list operator is /eos/cms/store/group/phys_heavyions/vpant/ppref2024output/PPRefZeroBiasPlusForward2/crab_ppref2024/250129_075322/0002/HiForestMiniAOD_2362.root
Adding file /eos/cms/store/group/phys_heavyions/vpant/ppref2024output/PPRefZeroBiasPlusForward2/crab_ppref2024/250129_075322/0002/HiForestMiniAOD_2362.root to the chains
list operator is /eos/cms/store/group/phys_heavyions/vpant/ppref2024output/PPRefZeroBiasPlusForward2/crab_ppref2024/250129_075322/0002/HiForestMiniAOD_2363.root
Adding file /eos/cms/store/group/phys_heavyions/vpant/ppref2024output/PPRefZeroBiasPlusForward2/crab_ppref2024/250129_075322/0002/HiForestMiniAOD_2363.root to the chains
list operator is /eos/cms/store/group/phys_heavyions/vpant/ppref2024output/PPRefZeroBiasPlusForward2/crab_ppref2024/250129_075322/0002/HiForestMiniAOD_2364.root
Adding file /eos/cms/store/group/phys_heavyions/vpant/ppref2024output/PPRefZeroBiasPlusForward2/crab_ppref2024/250129_075322/0002/HiForestMiniAOD_2364.root to the chains
list operator is /eos/cms/store/group/phys_heavyions/vpant/ppref2024output/PPRefZeroBiasPlusForward2/crab_ppref2024/250129_075322/0002/HiForestMiniAOD_2365.root
Adding file /eos/cms/store/group/phys_heavyions/vpant/ppref2024output/PPRefZeroBiasPlusForward2/crab_ppref2024/250129_075322/0002/HiForestMiniAOD_2365.root to the chains
list operator is /eos/cms/store/group/phys_heavyions/vpant/ppref2024output/PPRefZeroBiasPlusForward2/crab_ppref2024/250129_075322/0002/HiForestMiniAOD_2366.root
Adding file /eos/cms/store/group/phys_heavyions/vpant/ppref2024output/PPRefZeroBiasPlusForward2/crab_ppref2024/250129_075322/0002/HiForestMiniAOD_2366.root to the chains
list operator is /eos/cms/store/group/phys_heavyions/vpant/ppref2024output/PPRefZeroBiasPlusForward2/crab_ppref2024/250129_075322/0002/HiForestMiniAOD_2367.root
Adding file /eos/cms/store/group/phys_heavyions/vpant/ppref2024output/PPRefZeroBiasPlusForward2/crab_ppref2024/250129_075322/0002/HiForestMiniAOD_2367.root to the chains
list operator is /eos/cms/store/group/phys_heavyions/vpant/ppref2024output/PPRefZeroBiasPlusForward2/crab_ppref2024/250129_075322/0002/HiForestMiniAOD_2368.root
Adding file /eos/cms/store/group/phys_heavyions/vpant/ppref2024output/PPRefZeroBiasPlusForward2/crab_ppref2024/250129_075322/0002/HiForestMiniAOD_2368.root to the chains
list operator is /eos/cms/store/group/phys_heavyions/vpant/ppref2024output/PPRefZeroBiasPlusForward2/crab_ppref2024/250129_075322/0002/HiForestMiniAOD_2369.root
Adding file /eos/cms/store/group/phys_heavyions/vpant/ppref2024output/PPRefZeroBiasPlusForward2/crab_ppref2024/250129_075322/0002/HiForestMiniAOD_2369.root to the chains
list operator is /eos/cms/store/group/phys_heavyions/vpant/ppref2024output/PPRefZeroBiasPlusForward2/crab_ppref2024/250129_075322/0002/HiForestMiniAOD_2370.root
Adding file /eos/cms/store/group/phys_heavyions/vpant/ppref2024output/PPRefZeroBiasPlusForward2/crab_ppref2024/250129_075322/0002/HiForestMiniAOD_2370.root to the chains
list operator is /eos/cms/store/group/phys_heavyions/vpant/ppref2024output/PPRefZeroBiasPlusForward2/crab_ppref2024/250129_075322/0002/HiForestMiniAOD_2371.root
Adding file /eos/cms/store/group/phys_heavyions/vpant/ppref2024output/PPRefZeroBiasPlusForward2/crab_ppref2024/250129_075322/0002/HiForestMiniAOD_2371.root to the chains
list operator is /eos/cms/store/group/phys_heavyions/vpant/ppref2024output/PPRefZeroBiasPlusForward2/crab_ppref2024/250129_075322/0002/HiForestMiniAOD_2372.root
Adding file /eos/cms/store/group/phys_heavyions/vpant/ppref2024output/PPRefZeroBiasPlusForward2/crab_ppref2024/250129_075322/0002/HiForestMiniAOD_2372.root to the chains
list operator is /eos/cms/store/group/phys_heavyions/vpant/ppref2024output/PPRefZeroBiasPlusForward2/crab_ppref2024/250129_075322/0002/HiForestMiniAOD_2373.root
Adding file /eos/cms/store/group/phys_heavyions/vpant/ppref2024output/PPRefZeroBiasPlusForward2/crab_ppref2024/250129_075322/0002/HiForestMiniAOD_2373.root to the chains
list operator is /eos/cms/store/group/phys_heavyions/vpant/ppref2024output/PPRefZeroBiasPlusForward2/crab_ppref2024/250129_075322/0002/HiForestMiniAOD_2374.root
Adding file /eos/cms/store/group/phys_heavyions/vpant/ppref2024output/PPRefZeroBiasPlusForward2/crab_ppref2024/250129_075322/0002/HiForestMiniAOD_2374.root to the chains
list operator is /eos/cms/store/group/phys_heavyions/vpant/ppref2024output/PPRefZeroBiasPlusForward2/crab_ppref2024/250129_075322/0002/HiForestMiniAOD_2375.root
Adding file /eos/cms/store/group/phys_heavyions/vpant/ppref2024output/PPRefZeroBiasPlusForward2/crab_ppref2024/250129_075322/0002/HiForestMiniAOD_2375.root to the chains
list operator is /eos/cms/store/group/phys_heavyions/vpant/ppref2024output/PPRefZeroBiasPlusForward2/crab_ppref2024/250129_075322/0002/HiForestMiniAOD_2376.root
Adding file /eos/cms/store/group/phys_heavyions/vpant/ppref2024output/PPRefZeroBiasPlusForward2/crab_ppref2024/250129_075322/0002/HiForestMiniAOD_2376.root to the chains
list operator is /eos/cms/store/group/phys_heavyions/vpant/ppref2024output/PPRefZeroBiasPlusForward2/crab_ppref2024/250129_075322/0002/HiForestMiniAOD_2377.root
Adding file /eos/cms/store/group/phys_heavyions/vpant/ppref2024output/PPRefZeroBiasPlusForward2/crab_ppref2024/250129_075322/0002/HiForestMiniAOD_2377.root to the chains
list operator is /eos/cms/store/group/phys_heavyions/vpant/ppref2024output/PPRefZeroBiasPlusForward2/crab_ppref2024/250129_075322/0002/HiForestMiniAOD_2378.root
Adding file /eos/cms/store/group/phys_heavyions/vpant/ppref2024output/PPRefZeroBiasPlusForward2/crab_ppref2024/250129_075322/0002/HiForestMiniAOD_2378.root to the chains
list operator is /eos/cms/store/group/phys_heavyions/vpant/ppref2024output/PPRefZeroBiasPlusForward2/crab_ppref2024/250129_075322/0002/HiForestMiniAOD_2379.root
Adding file /eos/cms/store/group/phys_heavyions/vpant/ppref2024output/PPRefZeroBiasPlusForward2/crab_ppref2024/250129_075322/0002/HiForestMiniAOD_2379.root to the chains
list operator is /eos/cms/store/group/phys_heavyions/vpant/ppref2024output/PPRefZeroBiasPlusForward2/crab_ppref2024/250129_075322/0002/HiForestMiniAOD_2380.root
Adding file /eos/cms/store/group/phys_heavyions/vpant/ppref2024output/PPRefZeroBiasPlusForward2/crab_ppref2024/250129_075322/0002/HiForestMiniAOD_2380.root to the chains
list operator is /eos/cms/store/group/phys_heavyions/vpant/ppref2024output/PPRefZeroBiasPlusForward2/crab_ppref2024/250129_075322/0002/HiForestMiniAOD_2381.root
Adding file /eos/cms/store/group/phys_heavyions/vpant/ppref2024output/PPRefZeroBiasPlusForward2/crab_ppref2024/250129_075322/0002/HiForestMiniAOD_2381.root to the chains
list operator is /eos/cms/store/group/phys_heavyions/vpant/ppref2024output/PPRefZeroBiasPlusForward2/crab_ppref2024/250129_075322/0002/HiForestMiniAOD_2382.root
Adding file /eos/cms/store/group/phys_heavyions/vpant/ppref2024output/PPRefZeroBiasPlusForward2/crab_ppref2024/250129_075322/0002/HiForestMiniAOD_2382.root to the chains
list operator is /eos/cms/store/group/phys_heavyions/vpant/ppref2024output/PPRefZeroBiasPlusForward2/crab_ppref2024/250129_075322/0002/HiForestMiniAOD_2383.root
Adding file /eos/cms/store/group/phys_heavyions/vpant/ppref2024output/PPRefZeroBiasPlusForward2/crab_ppref2024/250129_075322/0002/HiForestMiniAOD_2383.root to the chains
list operator is /eos/cms/store/group/phys_heavyions/vpant/ppref2024output/PPRefZeroBiasPlusForward2/crab_ppref2024/250129_075322/0002/HiForestMiniAOD_2384.root
Adding file /eos/cms/store/group/phys_heavyions/vpant/ppref2024output/PPRefZeroBiasPlusForward2/crab_ppref2024/250129_075322/0002/HiForestMiniAOD_2384.root to the chains
list operator is /eos/cms/store/group/phys_heavyions/vpant/ppref2024output/PPRefZeroBiasPlusForward2/crab_ppref2024/250129_075322/0002/HiForestMiniAOD_2385.root
Adding file /eos/cms/store/group/phys_heavyions/vpant/ppref2024output/PPRefZeroBiasPlusForward2/crab_ppref2024/250129_075322/0002/HiForestMiniAOD_2385.root to the chains
list operator is /eos/cms/store/group/phys_heavyions/vpant/ppref2024output/PPRefZeroBiasPlusForward2/crab_ppref2024/250129_075322/0002/HiForestMiniAOD_2386.root
Adding file /eos/cms/store/group/phys_heavyions/vpant/ppref2024output/PPRefZeroBiasPlusForward2/crab_ppref2024/250129_075322/0002/HiForestMiniAOD_2386.root to the chains
list operator is /eos/cms/store/group/phys_heavyions/vpant/ppref2024output/PPRefZeroBiasPlusForward2/crab_ppref2024/250129_075322/0002/HiForestMiniAOD_2387.root
Adding file /eos/cms/store/group/phys_heavyions/vpant/ppref2024output/PPRefZeroBiasPlusForward2/crab_ppref2024/250129_075322/0002/HiForestMiniAOD_2387.root to the chains
list operator is /eos/cms/store/group/phys_heavyions/vpant/ppref2024output/PPRefZeroBiasPlusForward2/crab_ppref2024/250129_075322/0002/HiForestMiniAOD_2388.root
Adding file /eos/cms/store/group/phys_heavyions/vpant/ppref2024output/PPRefZeroBiasPlusForward2/crab_ppref2024/250129_075322/0002/HiForestMiniAOD_2388.root to the chains
list operator is /eos/cms/store/group/phys_heavyions/vpant/ppref2024output/PPRefZeroBiasPlusForward2/crab_ppref2024/250129_075322/0002/HiForestMiniAOD_2389.root
Adding file /eos/cms/store/group/phys_heavyions/vpant/ppref2024output/PPRefZeroBiasPlusForward2/crab_ppref2024/250129_075322/0002/HiForestMiniAOD_2389.root to the chains
list operator is /eos/cms/store/group/phys_heavyions/vpant/ppref2024output/PPRefZeroBiasPlusForward2/crab_ppref2024/250129_075322/0002/HiForestMiniAOD_2390.root
Adding file /eos/cms/store/group/phys_heavyions/vpant/ppref2024output/PPRefZeroBiasPlusForward2/crab_ppref2024/250129_075322/0002/HiForestMiniAOD_2390.root to the chains
list operator is /eos/cms/store/group/phys_heavyions/vpant/ppref2024output/PPRefZeroBiasPlusForward2/crab_ppref2024/250129_075322/0002/HiForestMiniAOD_2391.root
Adding file /eos/cms/store/group/phys_heavyions/vpant/ppref2024output/PPRefZeroBiasPlusForward2/crab_ppref2024/250129_075322/0002/HiForestMiniAOD_2391.root to the chains
list operator is /eos/cms/store/group/phys_heavyions/vpant/ppref2024output/PPRefZeroBiasPlusForward2/crab_ppref2024/250129_075322/0002/HiForestMiniAOD_2392.root
Adding file /eos/cms/store/group/phys_heavyions/vpant/ppref2024output/PPRefZeroBiasPlusForward2/crab_ppref2024/250129_075322/0002/HiForestMiniAOD_2392.root to the chains
list operator is /eos/cms/store/group/phys_heavyions/vpant/ppref2024output/PPRefZeroBiasPlusForward2/crab_ppref2024/250129_075322/0002/HiForestMiniAOD_2393.root
Adding file /eos/cms/store/group/phys_heavyions/vpant/ppref2024output/PPRefZeroBiasPlusForward2/crab_ppref2024/250129_075322/0002/HiForestMiniAOD_2393.root to the chains
list operator is /eos/cms/store/group/phys_heavyions/vpant/ppref2024output/PPRefZeroBiasPlusForward2/crab_ppref2024/250129_075322/0002/HiForestMiniAOD_2394.root
Adding file /eos/cms/store/group/phys_heavyions/vpant/ppref2024output/PPRefZeroBiasPlusForward2/crab_ppref2024/250129_075322/0002/HiForestMiniAOD_2394.root to the chains
list operator is /eos/cms/store/group/phys_heavyions/vpant/ppref2024output/PPRefZeroBiasPlusForward2/crab_ppref2024/250129_075322/0002/HiForestMiniAOD_2395.root
Adding file /eos/cms/store/group/phys_heavyions/vpant/ppref2024output/PPRefZeroBiasPlusForward2/crab_ppref2024/250129_075322/0002/HiForestMiniAOD_2395.root to the chains
list operator is /eos/cms/store/group/phys_heavyions/vpant/ppref2024output/PPRefZeroBiasPlusForward2/crab_ppref2024/250129_075322/0002/HiForestMiniAOD_2396.root
Adding file /eos/cms/store/group/phys_heavyions/vpant/ppref2024output/PPRefZeroBiasPlusForward2/crab_ppref2024/250129_075322/0002/HiForestMiniAOD_2396.root to the chains
list operator is /eos/cms/store/group/phys_heavyions/vpant/ppref2024output/PPRefZeroBiasPlusForward2/crab_ppref2024/250129_075322/0002/HiForestMiniAOD_2397.root
Adding file /eos/cms/store/group/phys_heavyions/vpant/ppref2024output/PPRefZeroBiasPlusForward2/crab_ppref2024/250129_075322/0002/HiForestMiniAOD_2397.root to the chains
list operator is /eos/cms/store/group/phys_heavyions/vpant/ppref2024output/PPRefZeroBiasPlusForward2/crab_ppref2024/250129_075322/0002/HiForestMiniAOD_2398.root
Adding file /eos/cms/store/group/phys_heavyions/vpant/ppref2024output/PPRefZeroBiasPlusForward2/crab_ppref2024/250129_075322/0002/HiForestMiniAOD_2398.root to the chains
list operator is /eos/cms/store/group/phys_heavyions/vpant/ppref2024output/PPRefZeroBiasPlusForward2/crab_ppref2024/250129_075322/0002/HiForestMiniAOD_2399.root
Adding file /eos/cms/store/group/phys_heavyions/vpant/ppref2024output/PPRefZeroBiasPlusForward2/crab_ppref2024/250129_075322/0002/HiForestMiniAOD_2399.root to the chains
Total number of events in those files: 677

-------------------------------------------------
0 events passed 
finished