000 (16580827.005.000) 02/10 05:55:48 Job submitted from host: <188.185.72.155:9618?addrs=188.185.72.155-9618+[2001-1458-d00-8--100-95]-9618&alias=bigbird08.cern.ch&noUDP&sock=schedd_862983_22fa>
...
040 (16580827.005.000) 02/10 05:57:21 Started transferring input files
	Transferring to host: <188.185.194.13:9618?addrs=188.185.194.13-9618+[2001-1458-303-21--100-9]-9618&alias=b9p20p8620.cern.ch&noUDP&sock=slot1_15_861339_feeb_34957>
...
040 (16580827.005.000) 02/10 05:57:21 Finished transferring input files
...
001 (16580827.005.000) 02/10 05:57:22 Job executing on host: <188.185.194.13:9618?addrs=188.185.194.13-9618+[2001-1458-303-21--100-9]-9618&alias=b9p20p8620.cern.ch&noUDP&sock=startd_6536_bb18>
	SlotName: slot1_15@b9p20p8620.cern.ch
	CondorScratchDir = "/pool/condor/dir_2749979"
	Cpus = 1
	Disk = 3888
	GPUs = 0
	Memory = 3000
...
006 (16580827.005.000) 02/10 05:57:30 Image size of job updated: 77424
	76  -  MemoryUsage of job (MB)
	77424  -  ResidentSetSize of job (KB)
...
040 (16580827.005.000) 02/10 05:58:52 Started transferring output files
...
040 (16580827.005.000) 02/10 05:58:52 Finished transferring output files
...
005 (16580827.005.000) 02/10 05:58:52 Job terminated.
	(1) Normal termination (return value 0)
		Usr 0 00:00:54, Sys 0 00:00:01  -  Run Remote Usage
		Usr 0 00:00:00, Sys 0 00:00:00  -  Run Local Usage
		Usr 0 00:00:54, Sys 0 00:00:01  -  Total Remote Usage
		Usr 0 00:00:00, Sys 0 00:00:00  -  Total Local Usage
	23851  -  Run Bytes Sent By Job
	10428  -  Run Bytes Received By Job
	23851  -  Total Bytes Sent By Job
	10428  -  Total Bytes Received By Job
	Partitionable Resources :    Usage  Request Allocated 
	   Cpus                 :        0        1         1 
	   Disk (KB)            :       58       12      3888 
	   GPUs                 :                           0 
	   Memory (MB)          :       76     3000      3000 

	Job terminated of its own accord at 2025-02-10T04:58:52Z with exit-code 0.
...
