000 (16580825.017.000) 02/10 05:55:40 Job submitted from host: <188.185.72.155:9618?addrs=188.185.72.155-9618+[2001-1458-d00-8--100-95]-9618&alias=bigbird08.cern.ch&noUDP&sock=schedd_862983_22fa>
...
040 (16580825.017.000) 02/10 05:57:13 Started transferring input files
	Transferring to host: <188.185.215.137:9618?addrs=188.185.215.137-9618+[2001-1458-303-26--100-5]-9618&alias=b9p18p3576.cern.ch&noUDP&sock=slot1_10_1188200_23b7_88328>
...
040 (16580825.017.000) 02/10 05:57:13 Finished transferring input files
...
001 (16580825.017.000) 02/10 05:57:14 Job executing on host: <188.185.215.137:9618?addrs=188.185.215.137-9618+[2001-1458-303-26--100-5]-9618&alias=b9p18p3576.cern.ch&noUDP&sock=startd_7403_6bb4>
	SlotName: slot1_10@b9p18p3576.cern.ch
	CondorScratchDir = "/pool/condor/dir_731600"
	Cpus = 1
	Disk = 3839
	GPUs = 0
	Memory = 3000
...
006 (16580825.017.000) 02/10 05:57:22 Image size of job updated: 1880
	2  -  MemoryUsage of job (MB)
	1880  -  ResidentSetSize of job (KB)
...
006 (16580825.017.000) 02/10 06:00:08 Image size of job updated: 320600
	314  -  MemoryUsage of job (MB)
	320600  -  ResidentSetSize of job (KB)
...
040 (16580825.017.000) 02/10 06:00:08 Started transferring output files
...
040 (16580825.017.000) 02/10 06:00:08 Finished transferring output files
...
005 (16580825.017.000) 02/10 06:00:08 Job terminated.
	(1) Normal termination (return value 0)
		Usr 0 00:01:52, Sys 0 00:00:01  -  Run Remote Usage
		Usr 0 00:00:00, Sys 0 00:00:00  -  Run Local Usage
		Usr 0 00:01:52, Sys 0 00:00:01  -  Total Remote Usage
		Usr 0 00:00:00, Sys 0 00:00:00  -  Total Local Usage
	23854  -  Run Bytes Sent By Job
	10428  -  Run Bytes Received By Job
	23854  -  Total Bytes Sent By Job
	10428  -  Total Bytes Received By Job
	Partitionable Resources :    Usage  Request Allocated 
	   Cpus                 :     0.96        1         1 
	   Disk (KB)            :    59          12      3839 
	   GPUs                 :                           0 
	   Memory (MB)          :   314        3000      3000 

	Job terminated of its own accord at 2025-02-10T05:00:08Z with exit-code 0.
...
