000 (16580827.007.000) 02/10 05:55:48 Job submitted from host: <188.185.72.155:9618?addrs=188.185.72.155-9618+[2001-1458-d00-8--100-95]-9618&alias=bigbird08.cern.ch&noUDP&sock=schedd_862983_22fa>
...
040 (16580827.007.000) 02/10 05:57:21 Started transferring input files
	Transferring to host: <128.142.161.73:9618?addrs=128.142.161.73-9618+[2001-1458-301-b8--100-7]-9618&alias=b9g03p4186.cern.ch&noUDP&sock=slot1_2_3248240_adf2_26716>
...
040 (16580827.007.000) 02/10 05:57:21 Finished transferring input files
...
001 (16580827.007.000) 02/10 05:57:22 Job executing on host: <128.142.161.73:9618?addrs=128.142.161.73-9618+[2001-1458-301-b8--100-7]-9618&alias=b9g03p4186.cern.ch&noUDP&sock=startd_3164_d1be>
	SlotName: slot1_2@b9g03p4186.cern.ch
	CondorScratchDir = "/pool/condor/dir_2328183"
	Cpus = 1
	Disk = 4025
	GPUs = 0
	Memory = 3000
...
006 (16580827.007.000) 02/10 05:57:30 Image size of job updated: 54460
	54  -  MemoryUsage of job (MB)
	54460  -  ResidentSetSize of job (KB)
...
040 (16580827.007.000) 02/10 05:59:45 Started transferring output files
...
040 (16580827.007.000) 02/10 05:59:45 Finished transferring output files
...
005 (16580827.007.000) 02/10 05:59:45 Job terminated.
	(1) Normal termination (return value 0)
		Usr 0 00:01:27, Sys 0 00:00:01  -  Run Remote Usage
		Usr 0 00:00:00, Sys 0 00:00:00  -  Run Local Usage
		Usr 0 00:01:27, Sys 0 00:00:01  -  Total Remote Usage
		Usr 0 00:00:00, Sys 0 00:00:00  -  Total Local Usage
	23851  -  Run Bytes Sent By Job
	10428  -  Run Bytes Received By Job
	23851  -  Total Bytes Sent By Job
	10428  -  Total Bytes Received By Job
	Partitionable Resources :    Usage  Request Allocated 
	   Cpus                 :     0.87        1         1 
	   Disk (KB)            :    59          12      4025 
	   GPUs                 :                           0 
	   Memory (MB)          :    54        3000      3000 

	Job terminated of its own accord at 2025-02-10T04:59:45Z with exit-code 0.
...
