000 (16580826.004.000) 02/10 05:55:44 Job submitted from host: <188.185.72.155:9618?addrs=188.185.72.155-9618+[2001-1458-d00-8--100-95]-9618&alias=bigbird08.cern.ch&noUDP&sock=schedd_862983_22fa>
...
040 (16580826.004.000) 02/10 05:57:16 Started transferring input files
	Transferring to host: <188.185.196.174:9618?addrs=188.185.196.174-9618+[2001-1458-303-23--100-aa]-9618&alias=b9p16p9594.cern.ch&noUDP&sock=slot1_15_1167716_4ef6_67732>
...
040 (16580826.004.000) 02/10 05:57:16 Finished transferring input files
...
001 (16580826.004.000) 02/10 05:57:17 Job executing on host: <188.185.196.174:9618?addrs=188.185.196.174-9618+[2001-1458-303-23--100-aa]-9618&alias=b9p16p9594.cern.ch&noUDP&sock=startd_8404_0601>
	SlotName: slot1_15@b9p16p9594.cern.ch
	CondorScratchDir = "/pool/condor/dir_1336449"
	Cpus = 1
	Disk = 3742
	GPUs = 0
	Memory = 3000
...
006 (16580826.004.000) 02/10 05:57:26 Image size of job updated: 373472
	365  -  MemoryUsage of job (MB)
	373472  -  ResidentSetSize of job (KB)
...
040 (16580826.004.000) 02/10 05:58:55 Started transferring output files
...
040 (16580826.004.000) 02/10 05:58:55 Finished transferring output files
...
005 (16580826.004.000) 02/10 05:58:55 Job terminated.
	(1) Normal termination (return value 0)
		Usr 0 00:00:58, Sys 0 00:00:01  -  Run Remote Usage
		Usr 0 00:00:00, Sys 0 00:00:00  -  Run Local Usage
		Usr 0 00:00:58, Sys 0 00:00:01  -  Total Remote Usage
		Usr 0 00:00:00, Sys 0 00:00:00  -  Total Local Usage
	23851  -  Run Bytes Sent By Job
	10428  -  Run Bytes Received By Job
	23851  -  Total Bytes Sent By Job
	10428  -  Total Bytes Received By Job
	Partitionable Resources :    Usage  Request Allocated 
	   Cpus                 :        0        1         1 
	   Disk (KB)            :       59       12      3742 
	   GPUs                 :                           0 
	   Memory (MB)          :      365     3000      3000 

	Job terminated of its own accord at 2025-02-10T04:58:55Z with exit-code 0.
...
