000 (16580826.018.000) 02/10 05:55:44 Job submitted from host: <188.185.72.155:9618?addrs=188.185.72.155-9618+[2001-1458-d00-8--100-95]-9618&alias=bigbird08.cern.ch&noUDP&sock=schedd_862983_22fa>
...
040 (16580826.018.000) 02/10 05:57:19 Started transferring input files
	Transferring to host: <188.185.196.119:9618?addrs=188.185.196.119-9618+[2001-1458-303-23--100-73]-9618&alias=b9p16p9531.cern.ch&noUDP&sock=slot1_19_5578_f49c_23290>
...
040 (16580826.018.000) 02/10 05:57:19 Finished transferring input files
...
001 (16580826.018.000) 02/10 05:57:20 Job executing on host: <188.185.196.119:9618?addrs=188.185.196.119-9618+[2001-1458-303-23--100-73]-9618&alias=b9p16p9531.cern.ch&noUDP&sock=startd_4441_bc2e>
	SlotName: slot1_19@b9p16p9531.cern.ch
	CondorScratchDir = "/pool/condor/dir_1231869"
	Cpus = 1
	Disk = 3828
	GPUs = 0
	Memory = 3000
...
006 (16580826.018.000) 02/10 05:57:29 Image size of job updated: 367716
	360  -  MemoryUsage of job (MB)
	367716  -  ResidentSetSize of job (KB)
...
040 (16580826.018.000) 02/10 05:58:28 Started transferring output files
...
040 (16580826.018.000) 02/10 05:58:28 Finished transferring output files
...
005 (16580826.018.000) 02/10 05:58:28 Job terminated.
	(1) Normal termination (return value 0)
		Usr 0 00:00:32, Sys 0 00:00:01  -  Run Remote Usage
		Usr 0 00:00:00, Sys 0 00:00:00  -  Run Local Usage
		Usr 0 00:00:32, Sys 0 00:00:01  -  Total Remote Usage
		Usr 0 00:00:00, Sys 0 00:00:00  -  Total Local Usage
	24142  -  Run Bytes Sent By Job
	10428  -  Run Bytes Received By Job
	24142  -  Total Bytes Sent By Job
	10428  -  Total Bytes Received By Job
	Partitionable Resources :    Usage  Request Allocated 
	   Cpus                 :        0        1         1 
	   Disk (KB)            :       59       12      3828 
	   GPUs                 :                           0 
	   Memory (MB)          :      360     3000      3000 

	Job terminated of its own accord at 2025-02-10T04:58:28Z with exit-code 0.
...
