000 (16580826.011.000) 02/10 05:55:44 Job submitted from host: <188.185.72.155:9618?addrs=188.185.72.155-9618+[2001-1458-d00-8--100-95]-9618&alias=bigbird08.cern.ch&noUDP&sock=schedd_862983_22fa>
...
040 (16580826.011.000) 02/10 05:57:17 Started transferring input files
	Transferring to host: <188.185.194.127:9618?addrs=188.185.194.127-9618+[2001-1458-303-21--100-7b]-9618&alias=b9p20p9686.cern.ch&noUDP&sock=slot1_23_1104385_e3c7_61937>
...
040 (16580826.011.000) 02/10 05:57:17 Finished transferring input files
...
001 (16580826.011.000) 02/10 05:57:18 Job executing on host: <188.185.194.127:9618?addrs=188.185.194.127-9618+[2001-1458-303-21--100-7b]-9618&alias=b9p20p9686.cern.ch&noUDP&sock=startd_8823_6c30>
	SlotName: slot1_23@b9p20p9686.cern.ch
	CondorScratchDir = "/pool/condor/dir_1771352"
	Cpus = 1
	Disk = 3884
	GPUs = 0
	Memory = 3000
...
006 (16580826.011.000) 02/10 05:57:26 Image size of job updated: 57304
	56  -  MemoryUsage of job (MB)
	57304  -  ResidentSetSize of job (KB)
...
040 (16580826.011.000) 02/10 05:59:30 Started transferring output files
...
040 (16580826.011.000) 02/10 05:59:30 Finished transferring output files
...
005 (16580826.011.000) 02/10 05:59:30 Job terminated.
	(1) Normal termination (return value 0)
		Usr 0 00:01:26, Sys 0 00:00:01  -  Run Remote Usage
		Usr 0 00:00:00, Sys 0 00:00:00  -  Run Local Usage
		Usr 0 00:01:26, Sys 0 00:00:01  -  Total Remote Usage
		Usr 0 00:00:00, Sys 0 00:00:00  -  Total Local Usage
	23854  -  Run Bytes Sent By Job
	10428  -  Run Bytes Received By Job
	23854  -  Total Bytes Sent By Job
	10428  -  Total Bytes Received By Job
	Partitionable Resources :    Usage  Request Allocated 
	   Cpus                 :        0        1         1 
	   Disk (KB)            :       59       12      3884 
	   GPUs                 :                           0 
	   Memory (MB)          :       56     3000      3000 

	Job terminated of its own accord at 2025-02-10T04:59:30Z with exit-code 0.
...
