000 (16580824.007.000) 02/10 05:55:36 Job submitted from host: <188.185.72.155:9618?addrs=188.185.72.155-9618+[2001-1458-d00-8--100-95]-9618&alias=bigbird08.cern.ch&noUDP&sock=schedd_862983_22fa>
...
040 (16580824.007.000) 02/10 05:57:03 Started transferring input files
	Transferring to host: <188.185.193.167:9618?addrs=188.185.193.167-9618+[2001-1458-303-20--100-a3]-9618&alias=b9p19p1965.cern.ch&noUDP&sock=slot1_21_1725685_f1f7_67807>
...
040 (16580824.007.000) 02/10 05:57:03 Finished transferring input files
...
001 (16580824.007.000) 02/10 05:57:04 Job executing on host: <188.185.193.167:9618?addrs=188.185.193.167-9618+[2001-1458-303-20--100-a3]-9618&alias=b9p19p1965.cern.ch&noUDP&sock=startd_7809_e727>
	SlotName: slot1_21@b9p19p1965.cern.ch
	CondorScratchDir = "/pool/condor/dir_3897106"
	Cpus = 1
	Disk = 3882
	GPUs = 0
	Memory = 3000
...
006 (16580824.007.000) 02/10 05:57:12 Image size of job updated: 238660
	234  -  MemoryUsage of job (MB)
	238660  -  ResidentSetSize of job (KB)
...
040 (16580824.007.000) 02/10 05:58:43 Started transferring output files
...
040 (16580824.007.000) 02/10 05:58:43 Finished transferring output files
...
005 (16580824.007.000) 02/10 05:58:43 Job terminated.
	(1) Normal termination (return value 0)
		Usr 0 00:01:16, Sys 0 00:00:01  -  Run Remote Usage
		Usr 0 00:00:00, Sys 0 00:00:00  -  Run Local Usage
		Usr 0 00:01:16, Sys 0 00:00:01  -  Total Remote Usage
		Usr 0 00:00:00, Sys 0 00:00:00  -  Total Local Usage
	23743  -  Run Bytes Sent By Job
	10428  -  Run Bytes Received By Job
	23743  -  Total Bytes Sent By Job
	10428  -  Total Bytes Received By Job
	Partitionable Resources :    Usage  Request Allocated 
	   Cpus                 :        0        1         1 
	   Disk (KB)            :       59       12      3882 
	   GPUs                 :                           0 
	   Memory (MB)          :      234     3000      3000 

	Job terminated of its own accord at 2025-02-10T04:58:43Z with exit-code 0.
...
