000 (16580824.015.000) 02/10 05:55:36 Job submitted from host: <188.185.72.155:9618?addrs=188.185.72.155-9618+[2001-1458-d00-8--100-95]-9618&alias=bigbird08.cern.ch&noUDP&sock=schedd_862983_22fa>
...
040 (16580824.015.000) 02/10 05:57:06 Started transferring input files
	Transferring to host: <188.185.196.181:9618?addrs=188.185.196.181-9618+[2001-1458-303-23--100-b1]-9618&alias=b9p16p2241.cern.ch&noUDP&sock=slot1_33_171109_8507_20097>
...
040 (16580824.015.000) 02/10 05:57:06 Finished transferring input files
...
001 (16580824.015.000) 02/10 05:57:07 Job executing on host: <188.185.196.181:9618?addrs=188.185.196.181-9618+[2001-1458-303-23--100-b1]-9618&alias=b9p16p2241.cern.ch&noUDP&sock=startd_8399_9808>
	SlotName: slot1_33@b9p16p2241.cern.ch
	CondorScratchDir = "/pool/condor/dir_184039"
	Cpus = 1
	Disk = 3774
	GPUs = 0
	Memory = 3000
...
006 (16580824.015.000) 02/10 05:57:15 Image size of job updated: 69976
	69  -  MemoryUsage of job (MB)
	69976  -  ResidentSetSize of job (KB)
...
040 (16580824.015.000) 02/10 05:58:55 Started transferring output files
...
040 (16580824.015.000) 02/10 05:58:55 Finished transferring output files
...
005 (16580824.015.000) 02/10 05:58:55 Job terminated.
	(1) Normal termination (return value 0)
		Usr 0 00:01:21, Sys 0 00:00:01  -  Run Remote Usage
		Usr 0 00:00:00, Sys 0 00:00:00  -  Run Local Usage
		Usr 0 00:01:21, Sys 0 00:00:01  -  Total Remote Usage
		Usr 0 00:00:00, Sys 0 00:00:00  -  Total Local Usage
	23742  -  Run Bytes Sent By Job
	10428  -  Run Bytes Received By Job
	23742  -  Total Bytes Sent By Job
	10428  -  Total Bytes Received By Job
	Partitionable Resources :    Usage  Request Allocated 
	   Cpus                 :     0.85        1         1 
	   Disk (KB)            :    58          12      3774 
	   GPUs                 :                           0 
	   Memory (MB)          :    69        3000      3000 

	Job terminated of its own accord at 2025-02-10T04:58:55Z with exit-code 0.
...
