000 (16580827.009.000) 02/10 05:55:48 Job submitted from host: <188.185.72.155:9618?addrs=188.185.72.155-9618+[2001-1458-d00-8--100-95]-9618&alias=bigbird08.cern.ch&noUDP&sock=schedd_862983_22fa>
...
040 (16580827.009.000) 02/10 05:57:22 Started transferring input files
	Transferring to host: <188.185.193.102:9618?addrs=188.185.193.102-9618+[2001-1458-303-20--100-62]-9618&alias=b9p19p3500.cern.ch&noUDP&sock=slot1_18_1220875_a208_30570>
...
040 (16580827.009.000) 02/10 05:57:22 Finished transferring input files
...
001 (16580827.009.000) 02/10 05:57:23 Job executing on host: <188.185.193.102:9618?addrs=188.185.193.102-9618+[2001-1458-303-20--100-62]-9618&alias=b9p19p3500.cern.ch&noUDP&sock=startd_4910_6e19>
	SlotName: slot1_18@b9p19p3500.cern.ch
	CondorScratchDir = "/pool/condor/dir_1796182"
	Cpus = 1
	Disk = 3779
	GPUs = 0
	Memory = 3000
...
006 (16580827.009.000) 02/10 05:57:32 Image size of job updated: 142988
	140  -  MemoryUsage of job (MB)
	142988  -  ResidentSetSize of job (KB)
...
040 (16580827.009.000) 02/10 05:59:26 Started transferring output files
...
040 (16580827.009.000) 02/10 05:59:26 Finished transferring output files
...
005 (16580827.009.000) 02/10 05:59:26 Job terminated.
	(1) Normal termination (return value 0)
		Usr 0 00:01:17, Sys 0 00:00:01  -  Run Remote Usage
		Usr 0 00:00:00, Sys 0 00:00:00  -  Run Local Usage
		Usr 0 00:01:17, Sys 0 00:00:01  -  Total Remote Usage
		Usr 0 00:00:00, Sys 0 00:00:00  -  Total Local Usage
	23854  -  Run Bytes Sent By Job
	10428  -  Run Bytes Received By Job
	23854  -  Total Bytes Sent By Job
	10428  -  Total Bytes Received By Job
	Partitionable Resources :    Usage  Request Allocated 
	   Cpus                 :        0        1         1 
	   Disk (KB)            :       59       12      3779 
	   GPUs                 :                           0 
	   Memory (MB)          :      140     3000      3000 

	Job terminated of its own accord at 2025-02-10T04:59:26Z with exit-code 0.
...
