000 (16580825.004.000) 02/10 05:55:40 Job submitted from host: <188.185.72.155:9618?addrs=188.185.72.155-9618+[2001-1458-d00-8--100-95]-9618&alias=bigbird08.cern.ch&noUDP&sock=schedd_862983_22fa>
...
040 (16580825.004.000) 02/10 05:57:08 Started transferring input files
	Transferring to host: <188.185.192.137:9618?addrs=188.185.192.137-9618+[2001-1458-303-1f--100-85]-9618&alias=b9p13p3671.cern.ch&noUDP&sock=slot1_14_505454_d183_1114>
...
040 (16580825.004.000) 02/10 05:57:08 Finished transferring input files
...
001 (16580825.004.000) 02/10 05:57:09 Job executing on host: <188.185.192.137:9618?addrs=188.185.192.137-9618+[2001-1458-303-1f--100-85]-9618&alias=b9p13p3671.cern.ch&noUDP&sock=startd_8950_88b7>
	SlotName: slot1_14@b9p13p3671.cern.ch
	CondorScratchDir = "/pool/condor/dir_449689"
	Cpus = 1
	Disk = 3817
	GPUs = 0
	Memory = 3000
...
006 (16580825.004.000) 02/10 05:57:18 Image size of job updated: 1916
	2  -  MemoryUsage of job (MB)
	1916  -  ResidentSetSize of job (KB)
...
006 (16580825.004.000) 02/10 05:59:12 Image size of job updated: 319348
	312  -  MemoryUsage of job (MB)
	319348  -  ResidentSetSize of job (KB)
...
040 (16580825.004.000) 02/10 05:59:12 Started transferring output files
...
040 (16580825.004.000) 02/10 05:59:12 Finished transferring output files
...
005 (16580825.004.000) 02/10 05:59:12 Job terminated.
	(1) Normal termination (return value 0)
		Usr 0 00:01:02, Sys 0 00:00:01  -  Run Remote Usage
		Usr 0 00:00:00, Sys 0 00:00:00  -  Run Local Usage
		Usr 0 00:01:02, Sys 0 00:00:01  -  Total Remote Usage
		Usr 0 00:00:00, Sys 0 00:00:00  -  Total Local Usage
	23851  -  Run Bytes Sent By Job
	10428  -  Run Bytes Received By Job
	23851  -  Total Bytes Sent By Job
	10428  -  Total Bytes Received By Job
	Partitionable Resources :    Usage  Request Allocated 
	   Cpus                 :        0        1         1 
	   Disk (KB)            :       58       12      3817 
	   GPUs                 :                           0 
	   Memory (MB)          :      312     3000      3000 

	Job terminated of its own accord at 2025-02-10T04:59:12Z with exit-code 0.
...
