000 (16580826.010.000) 02/10 05:55:44 Job submitted from host: <188.185.72.155:9618?addrs=188.185.72.155-9618+[2001-1458-d00-8--100-95]-9618&alias=bigbird08.cern.ch&noUDP&sock=schedd_862983_22fa>
...
040 (16580826.010.000) 02/10 05:57:14 Started transferring input files
	Transferring to host: <188.185.196.130:9618?addrs=188.185.196.130-9618+[2001-1458-303-23--100-7e]-9618&alias=b9p16p5254.cern.ch&noUDP&sock=slot1_16_6999_2db6_111063>
...
040 (16580826.010.000) 02/10 05:57:14 Finished transferring input files
...
001 (16580826.010.000) 02/10 05:57:15 Job executing on host: <188.185.196.130:9618?addrs=188.185.196.130-9618+[2001-1458-303-23--100-7e]-9618&alias=b9p16p5254.cern.ch&noUDP&sock=startd_6234_957e>
	SlotName: slot1_16@b9p16p5254.cern.ch
	CondorScratchDir = "/pool/condor/dir_1709536"
	Cpus = 1
	Disk = 3826
	GPUs = 0
	Memory = 3000
...
006 (16580826.010.000) 02/10 05:57:23 Image size of job updated: 379696
	371  -  MemoryUsage of job (MB)
	379696  -  ResidentSetSize of job (KB)
...
040 (16580826.010.000) 02/10 05:57:46 Started transferring output files
...
040 (16580826.010.000) 02/10 05:57:46 Finished transferring output files
...
005 (16580826.010.000) 02/10 05:57:46 Job terminated.
	(1) Normal termination (return value 0)
		Usr 0 00:00:02, Sys 0 00:00:00  -  Run Remote Usage
		Usr 0 00:00:00, Sys 0 00:00:00  -  Run Local Usage
		Usr 0 00:00:02, Sys 0 00:00:00  -  Total Remote Usage
		Usr 0 00:00:00, Sys 0 00:00:00  -  Total Local Usage
	23852  -  Run Bytes Sent By Job
	10428  -  Run Bytes Received By Job
	23852  -  Total Bytes Sent By Job
	10428  -  Total Bytes Received By Job
	Partitionable Resources :    Usage  Request Allocated 
	   Cpus                 :        0        1         1 
	   Disk (KB)            :       59       12      3826 
	   GPUs                 :                           0 
	   Memory (MB)          :      371     3000      3000 

	Job terminated of its own accord at 2025-02-10T04:57:46Z with exit-code 0.
...
