000 (16580824.013.000) 02/10 05:55:36 Job submitted from host: <188.185.72.155:9618?addrs=188.185.72.155-9618+[2001-1458-d00-8--100-95]-9618&alias=bigbird08.cern.ch&noUDP&sock=schedd_862983_22fa>
...
040 (16580824.013.000) 02/10 05:57:05 Started transferring input files
	Transferring to host: <128.142.51.211:9618?addrs=128.142.51.211-9618+[2001-1458-301-3--100-10]-9618&alias=b9g02p0513.cern.ch&noUDP&sock=slot1_6_3111150_5f6b_6788>
...
040 (16580824.013.000) 02/10 05:57:05 Finished transferring input files
...
001 (16580824.013.000) 02/10 05:57:06 Job executing on host: <128.142.51.211:9618?addrs=128.142.51.211-9618+[2001-1458-301-3--100-10]-9618&alias=b9g02p0513.cern.ch&noUDP&sock=startd_6899_b7f8>
	SlotName: slot1_6@b9g02p0513.cern.ch
	CondorScratchDir = "/pool/condor/dir_3353708"
	Cpus = 1
	Disk = 3851
	GPUs = 0
	Memory = 3000
...
006 (16580824.013.000) 02/10 05:57:15 Image size of job updated: 1880
	2  -  MemoryUsage of job (MB)
	1880  -  ResidentSetSize of job (KB)
...
006 (16580824.013.000) 02/10 05:58:53 Image size of job updated: 250952
	246  -  MemoryUsage of job (MB)
	250952  -  ResidentSetSize of job (KB)
...
040 (16580824.013.000) 02/10 05:58:53 Started transferring output files
...
040 (16580824.013.000) 02/10 05:58:53 Finished transferring output files
...
005 (16580824.013.000) 02/10 05:58:53 Job terminated.
	(1) Normal termination (return value 0)
		Usr 0 00:00:49, Sys 0 00:00:00  -  Run Remote Usage
		Usr 0 00:00:00, Sys 0 00:00:00  -  Run Local Usage
		Usr 0 00:00:49, Sys 0 00:00:00  -  Total Remote Usage
		Usr 0 00:00:00, Sys 0 00:00:00  -  Total Local Usage
	23742  -  Run Bytes Sent By Job
	10428  -  Run Bytes Received By Job
	23742  -  Total Bytes Sent By Job
	10428  -  Total Bytes Received By Job
	Partitionable Resources :    Usage  Request Allocated 
	   Cpus                 :        0        1         1 
	   Disk (KB)            :       59       12      3851 
	   GPUs                 :                           0 
	   Memory (MB)          :      246     3000      3000 

	Job terminated of its own accord at 2025-02-10T04:58:53Z with exit-code 0.
...
