000 (16580827.014.000) 02/10 05:55:48 Job submitted from host: <188.185.72.155:9618?addrs=188.185.72.155-9618+[2001-1458-d00-8--100-95]-9618&alias=bigbird08.cern.ch&noUDP&sock=schedd_862983_22fa>
...
040 (16580827.014.000) 02/10 05:57:25 Started transferring input files
	Transferring to host: <188.185.194.157:9618?addrs=188.185.194.157-9618+[2001-1458-303-21--100-99]-9618&alias=b9p20p5710.cern.ch&noUDP&sock=slot1_6_1540835_65db_68398>
...
040 (16580827.014.000) 02/10 05:57:25 Finished transferring input files
...
001 (16580827.014.000) 02/10 05:57:26 Job executing on host: <188.185.194.157:9618?addrs=188.185.194.157-9618+[2001-1458-303-21--100-99]-9618&alias=b9p20p5710.cern.ch&noUDP&sock=startd_7319_cdbf>
	SlotName: slot1_6@b9p20p5710.cern.ch
	CondorScratchDir = "/pool/condor/dir_2959133"
	Cpus = 1
	Disk = 3921
	GPUs = 0
	Memory = 3000
...
006 (16580827.014.000) 02/10 05:57:34 Image size of job updated: 362704
	355  -  MemoryUsage of job (MB)
	362704  -  ResidentSetSize of job (KB)
...
040 (16580827.014.000) 02/10 05:59:05 Started transferring output files
...
040 (16580827.014.000) 02/10 05:59:05 Finished transferring output files
...
005 (16580827.014.000) 02/10 05:59:05 Job terminated.
	(1) Normal termination (return value 0)
		Usr 0 00:01:02, Sys 0 00:00:01  -  Run Remote Usage
		Usr 0 00:00:00, Sys 0 00:00:00  -  Run Local Usage
		Usr 0 00:01:02, Sys 0 00:00:01  -  Total Remote Usage
		Usr 0 00:00:00, Sys 0 00:00:00  -  Total Local Usage
	23854  -  Run Bytes Sent By Job
	10428  -  Run Bytes Received By Job
	23854  -  Total Bytes Sent By Job
	10428  -  Total Bytes Received By Job
	Partitionable Resources :    Usage  Request Allocated 
	   Cpus                 :        0        1         1 
	   Disk (KB)            :       58       12      3921 
	   GPUs                 :                           0 
	   Memory (MB)          :      355     3000      3000 

	Job terminated of its own accord at 2025-02-10T04:59:05Z with exit-code 0.
...
