000 (16580826.017.000) 02/10 05:55:44 Job submitted from host: <188.185.72.155:9618?addrs=188.185.72.155-9618+[2001-1458-d00-8--100-95]-9618&alias=bigbird08.cern.ch&noUDP&sock=schedd_862983_22fa>
...
040 (16580826.017.000) 02/10 05:57:19 Started transferring input files
	Transferring to host: <188.185.194.120:9618?addrs=188.185.194.120-9618+[2001-1458-303-21--100-74]-9618&alias=b9p20p8045.cern.ch&noUDP&sock=slot1_28_649416_1221_30795>
...
040 (16580826.017.000) 02/10 05:57:19 Finished transferring input files
...
001 (16580826.017.000) 02/10 05:57:20 Job executing on host: <188.185.194.120:9618?addrs=188.185.194.120-9618+[2001-1458-303-21--100-74]-9618&alias=b9p20p8045.cern.ch&noUDP&sock=startd_8975_ae95>
	SlotName: slot1_28@b9p20p8045.cern.ch
	CondorScratchDir = "/pool/condor/dir_1055504"
	Cpus = 1
	Disk = 3751
	GPUs = 0
	Memory = 3000
...
006 (16580826.017.000) 02/10 05:57:29 Image size of job updated: 368740
	361  -  MemoryUsage of job (MB)
	368740  -  ResidentSetSize of job (KB)
...
040 (16580826.017.000) 02/10 05:58:57 Started transferring output files
...
040 (16580826.017.000) 02/10 05:58:57 Finished transferring output files
...
005 (16580826.017.000) 02/10 05:58:57 Job terminated.
	(1) Normal termination (return value 0)
		Usr 0 00:00:59, Sys 0 00:00:01  -  Run Remote Usage
		Usr 0 00:00:00, Sys 0 00:00:00  -  Run Local Usage
		Usr 0 00:00:59, Sys 0 00:00:01  -  Total Remote Usage
		Usr 0 00:00:00, Sys 0 00:00:00  -  Total Local Usage
	23854  -  Run Bytes Sent By Job
	10428  -  Run Bytes Received By Job
	23854  -  Total Bytes Sent By Job
	10428  -  Total Bytes Received By Job
	Partitionable Resources :    Usage  Request Allocated 
	   Cpus                 :        0        1         1 
	   Disk (KB)            :       59       12      3751 
	   GPUs                 :                           0 
	   Memory (MB)          :      361     3000      3000 

	Job terminated of its own accord at 2025-02-10T04:58:57Z with exit-code 0.
...
