000 (16580824.005.000) 02/10 05:55:36 Job submitted from host: <188.185.72.155:9618?addrs=188.185.72.155-9618+[2001-1458-d00-8--100-95]-9618&alias=bigbird08.cern.ch&noUDP&sock=schedd_862983_22fa>
...
040 (16580824.005.000) 02/10 05:57:02 Started transferring input files
	Transferring to host: <188.185.195.96:9618?addrs=188.185.195.96-9618+[2001-1458-303-22--100-5c]-9618&alias=b9p17p6924.cern.ch&noUDP&sock=slot1_9_812105_3059_6676>
...
040 (16580824.005.000) 02/10 05:57:02 Finished transferring input files
...
001 (16580824.005.000) 02/10 05:57:03 Job executing on host: <188.185.195.96:9618?addrs=188.185.195.96-9618+[2001-1458-303-22--100-5c]-9618&alias=b9p17p6924.cern.ch&noUDP&sock=startd_7854_c4ea>
	SlotName: slot1_9@b9p17p6924.cern.ch
	CondorScratchDir = "/pool/condor/dir_1005752"
	Cpus = 1
	Disk = 3769
	GPUs = 0
	Memory = 3000
...
006 (16580824.005.000) 02/10 05:57:12 Image size of job updated: 369664
	361  -  MemoryUsage of job (MB)
	369664  -  ResidentSetSize of job (KB)
...
040 (16580824.005.000) 02/10 05:58:28 Started transferring output files
...
040 (16580824.005.000) 02/10 05:58:28 Finished transferring output files
...
005 (16580824.005.000) 02/10 05:58:28 Job terminated.
	(1) Normal termination (return value 0)
		Usr 0 00:01:00, Sys 0 00:00:01  -  Run Remote Usage
		Usr 0 00:00:00, Sys 0 00:00:00  -  Run Local Usage
		Usr 0 00:01:00, Sys 0 00:00:01  -  Total Remote Usage
		Usr 0 00:00:00, Sys 0 00:00:00  -  Total Local Usage
	23743  -  Run Bytes Sent By Job
	10428  -  Run Bytes Received By Job
	23743  -  Total Bytes Sent By Job
	10428  -  Total Bytes Received By Job
	Partitionable Resources :    Usage  Request Allocated 
	   Cpus                 :        0        1         1 
	   Disk (KB)            :       59       12      3769 
	   GPUs                 :                           0 
	   Memory (MB)          :      361     3000      3000 

	Job terminated of its own accord at 2025-02-10T04:58:28Z with exit-code 0.
...
