Submit jobs at 
PWD: /afs/cern.ch/user/v/vpant/pprefanalysis

Processing Track_Analyzer.C("input/ppref2024/20250210/pprefzerobiasplusforward2_set3_4.txt","/eos/user/v/vpant/ppref2024/ppref2024outputfiles/pprefzerobiasplusforward2_set3_4.root",0,0)...
List of input files founded! --> input/ppref2024/20250210/pprefzerobiasplusforward2_set3_4.txt
list operator is /eos/cms/store/group/phys_heavyions/vpant/ppref2024output/PPRefZeroBiasPlusForward2/crab_ppref2024/250129_075322/0002/HiForestMiniAOD_2150.root
Adding file /eos/cms/store/group/phys_heavyions/vpant/ppref2024output/PPRefZeroBiasPlusForward2/crab_ppref2024/250129_075322/0002/HiForestMiniAOD_2150.root to the chains
list operator is /eos/cms/store/group/phys_heavyions/vpant/ppref2024output/PPRefZeroBiasPlusForward2/crab_ppref2024/250129_075322/0002/HiForestMiniAOD_2151.root
Adding file /eos/cms/store/group/phys_heavyions/vpant/ppref2024output/PPRefZeroBiasPlusForward2/crab_ppref2024/250129_075322/0002/HiForestMiniAOD_2151.root to the chains
list operator is /eos/cms/store/group/phys_heavyions/vpant/ppref2024output/PPRefZeroBiasPlusForward2/crab_ppref2024/250129_075322/0002/HiForestMiniAOD_2152.root
Adding file /eos/cms/store/group/phys_heavyions/vpant/ppref2024output/PPRefZeroBiasPlusForward2/crab_ppref2024/250129_075322/0002/HiForestMiniAOD_2152.root to the chains
list operator is /eos/cms/store/group/phys_heavyions/vpant/ppref2024output/PPRefZeroBiasPlusForward2/crab_ppref2024/250129_075322/0002/HiForestMiniAOD_2153.root
Adding file /eos/cms/store/group/phys_heavyions/vpant/ppref2024output/PPRefZeroBiasPlusForward2/crab_ppref2024/250129_075322/0002/HiForestMiniAOD_2153.root to the chains
list operator is /eos/cms/store/group/phys_heavyions/vpant/ppref2024output/PPRefZeroBiasPlusForward2/crab_ppref2024/250129_075322/0002/HiForestMiniAOD_2154.root
Adding file /eos/cms/store/group/phys_heavyions/vpant/ppref2024output/PPRefZeroBiasPlusForward2/crab_ppref2024/250129_075322/0002/HiForestMiniAOD_2154.root to the chains
list operator is /eos/cms/store/group/phys_heavyions/vpant/ppref2024output/PPRefZeroBiasPlusForward2/crab_ppref2024/250129_075322/0002/HiForestMiniAOD_2155.root
Adding file /eos/cms/store/group/phys_heavyions/vpant/ppref2024output/PPRefZeroBiasPlusForward2/crab_ppref2024/250129_075322/0002/HiForestMiniAOD_2155.root to the chains
list operator is /eos/cms/store/group/phys_heavyions/vpant/ppref2024output/PPRefZeroBiasPlusForward2/crab_ppref2024/250129_075322/0002/HiForestMiniAOD_2156.root
Adding file /eos/cms/store/group/phys_heavyions/vpant/ppref2024output/PPRefZeroBiasPlusForward2/crab_ppref2024/250129_075322/0002/HiForestMiniAOD_2156.root to the chains
list operator is /eos/cms/store/group/phys_heavyions/vpant/ppref2024output/PPRefZeroBiasPlusForward2/crab_ppref2024/250129_075322/0002/HiForestMiniAOD_2157.root
Adding file /eos/cms/store/group/phys_heavyions/vpant/ppref2024output/PPRefZeroBiasPlusForward2/crab_ppref2024/250129_075322/0002/HiForestMiniAOD_2157.root to the chains
list operator is /eos/cms/store/group/phys_heavyions/vpant/ppref2024output/PPRefZeroBiasPlusForward2/crab_ppref2024/250129_075322/0002/HiForestMiniAOD_2158.root
Adding file /eos/cms/store/group/phys_heavyions/vpant/ppref2024output/PPRefZeroBiasPlusForward2/crab_ppref2024/250129_075322/0002/HiForestMiniAOD_2158.root to the chains
list operator is /eos/cms/store/group/phys_heavyions/vpant/ppref2024output/PPRefZeroBiasPlusForward2/crab_ppref2024/250129_075322/0002/HiForestMiniAOD_2159.root
Adding file /eos/cms/store/group/phys_heavyions/vpant/ppref2024output/PPRefZeroBiasPlusForward2/crab_ppref2024/250129_075322/0002/HiForestMiniAOD_2159.root to the chains
list operator is /eos/cms/store/group/phys_heavyions/vpant/ppref2024output/PPRefZeroBiasPlusForward2/crab_ppref2024/250129_075322/0002/HiForestMiniAOD_2160.root
Adding file /eos/cms/store/group/phys_heavyions/vpant/ppref2024output/PPRefZeroBiasPlusForward2/crab_ppref2024/250129_075322/0002/HiForestMiniAOD_2160.root to the chains
list operator is /eos/cms/store/group/phys_heavyions/vpant/ppref2024output/PPRefZeroBiasPlusForward2/crab_ppref2024/250129_075322/0002/HiForestMiniAOD_2161.root
Adding file /eos/cms/store/group/phys_heavyions/vpant/ppref2024output/PPRefZeroBiasPlusForward2/crab_ppref2024/250129_075322/0002/HiForestMiniAOD_2161.root to the chains
list operator is /eos/cms/store/group/phys_heavyions/vpant/ppref2024output/PPRefZeroBiasPlusForward2/crab_ppref2024/250129_075322/0002/HiForestMiniAOD_2162.root
Adding file /eos/cms/store/group/phys_heavyions/vpant/ppref2024output/PPRefZeroBiasPlusForward2/crab_ppref2024/250129_075322/0002/HiForestMiniAOD_2162.root to the chains
list operator is /eos/cms/store/group/phys_heavyions/vpant/ppref2024output/PPRefZeroBiasPlusForward2/crab_ppref2024/250129_075322/0002/HiForestMiniAOD_2163.root
Adding file /eos/cms/store/group/phys_heavyions/vpant/ppref2024output/PPRefZeroBiasPlusForward2/crab_ppref2024/250129_075322/0002/HiForestMiniAOD_2163.root to the chains
list operator is /eos/cms/store/group/phys_heavyions/vpant/ppref2024output/PPRefZeroBiasPlusForward2/crab_ppref2024/250129_075322/0002/HiForestMiniAOD_2164.root
Adding file /eos/cms/store/group/phys_heavyions/vpant/ppref2024output/PPRefZeroBiasPlusForward2/crab_ppref2024/250129_075322/0002/HiForestMiniAOD_2164.root to the chains
list operator is /eos/cms/store/group/phys_heavyions/vpant/ppref2024output/PPRefZeroBiasPlusForward2/crab_ppref2024/250129_075322/0002/HiForestMiniAOD_2165.root
Adding file /eos/cms/store/group/phys_heavyions/vpant/ppref2024output/PPRefZeroBiasPlusForward2/crab_ppref2024/250129_075322/0002/HiForestMiniAOD_2165.root to the chains
list operator is /eos/cms/store/group/phys_heavyions/vpant/ppref2024output/PPRefZeroBiasPlusForward2/crab_ppref2024/250129_075322/0002/HiForestMiniAOD_2166.root
Adding file /eos/cms/store/group/phys_heavyions/vpant/ppref2024output/PPRefZeroBiasPlusForward2/crab_ppref2024/250129_075322/0002/HiForestMiniAOD_2166.root to the chains
list operator is /eos/cms/store/group/phys_heavyions/vpant/ppref2024output/PPRefZeroBiasPlusForward2/crab_ppref2024/250129_075322/0002/HiForestMiniAOD_2167.root
Adding file /eos/cms/store/group/phys_heavyions/vpant/ppref2024output/PPRefZeroBiasPlusForward2/crab_ppref2024/250129_075322/0002/HiForestMiniAOD_2167.root to the chains
list operator is /eos/cms/store/group/phys_heavyions/vpant/ppref2024output/PPRefZeroBiasPlusForward2/crab_ppref2024/250129_075322/0002/HiForestMiniAOD_2168.root
Adding file /eos/cms/store/group/phys_heavyions/vpant/ppref2024output/PPRefZeroBiasPlusForward2/crab_ppref2024/250129_075322/0002/HiForestMiniAOD_2168.root to the chains
list operator is /eos/cms/store/group/phys_heavyions/vpant/ppref2024output/PPRefZeroBiasPlusForward2/crab_ppref2024/250129_075322/0002/HiForestMiniAOD_2169.root
Adding file /eos/cms/store/group/phys_heavyions/vpant/ppref2024output/PPRefZeroBiasPlusForward2/crab_ppref2024/250129_075322/0002/HiForestMiniAOD_2169.root to the chains
list operator is /eos/cms/store/group/phys_heavyions/vpant/ppref2024output/PPRefZeroBiasPlusForward2/crab_ppref2024/250129_075322/0002/HiForestMiniAOD_2170.root
Adding file /eos/cms/store/group/phys_heavyions/vpant/ppref2024output/PPRefZeroBiasPlusForward2/crab_ppref2024/250129_075322/0002/HiForestMiniAOD_2170.root to the chains
list operator is /eos/cms/store/group/phys_heavyions/vpant/ppref2024output/PPRefZeroBiasPlusForward2/crab_ppref2024/250129_075322/0002/HiForestMiniAOD_2171.root
Adding file /eos/cms/store/group/phys_heavyions/vpant/ppref2024output/PPRefZeroBiasPlusForward2/crab_ppref2024/250129_075322/0002/HiForestMiniAOD_2171.root to the chains
list operator is /eos/cms/store/group/phys_heavyions/vpant/ppref2024output/PPRefZeroBiasPlusForward2/crab_ppref2024/250129_075322/0002/HiForestMiniAOD_2172.root
Adding file /eos/cms/store/group/phys_heavyions/vpant/ppref2024output/PPRefZeroBiasPlusForward2/crab_ppref2024/250129_075322/0002/HiForestMiniAOD_2172.root to the chains
list operator is /eos/cms/store/group/phys_heavyions/vpant/ppref2024output/PPRefZeroBiasPlusForward2/crab_ppref2024/250129_075322/0002/HiForestMiniAOD_2173.root
Adding file /eos/cms/store/group/phys_heavyions/vpant/ppref2024output/PPRefZeroBiasPlusForward2/crab_ppref2024/250129_075322/0002/HiForestMiniAOD_2173.root to the chains
list operator is /eos/cms/store/group/phys_heavyions/vpant/ppref2024output/PPRefZeroBiasPlusForward2/crab_ppref2024/250129_075322/0002/HiForestMiniAOD_2174.root
Adding file /eos/cms/store/group/phys_heavyions/vpant/ppref2024output/PPRefZeroBiasPlusForward2/crab_ppref2024/250129_075322/0002/HiForestMiniAOD_2174.root to the chains
list operator is /eos/cms/store/group/phys_heavyions/vpant/ppref2024output/PPRefZeroBiasPlusForward2/crab_ppref2024/250129_075322/0002/HiForestMiniAOD_2175.root
Adding file /eos/cms/store/group/phys_heavyions/vpant/ppref2024output/PPRefZeroBiasPlusForward2/crab_ppref2024/250129_075322/0002/HiForestMiniAOD_2175.root to the chains
list operator is /eos/cms/store/group/phys_heavyions/vpant/ppref2024output/PPRefZeroBiasPlusForward2/crab_ppref2024/250129_075322/0002/HiForestMiniAOD_2176.root
Adding file /eos/cms/store/group/phys_heavyions/vpant/ppref2024output/PPRefZeroBiasPlusForward2/crab_ppref2024/250129_075322/0002/HiForestMiniAOD_2176.root to the chains
list operator is /eos/cms/store/group/phys_heavyions/vpant/ppref2024output/PPRefZeroBiasPlusForward2/crab_ppref2024/250129_075322/0002/HiForestMiniAOD_2177.root
Adding file /eos/cms/store/group/phys_heavyions/vpant/ppref2024output/PPRefZeroBiasPlusForward2/crab_ppref2024/250129_075322/0002/HiForestMiniAOD_2177.root to the chains
list operator is /eos/cms/store/group/phys_heavyions/vpant/ppref2024output/PPRefZeroBiasPlusForward2/crab_ppref2024/250129_075322/0002/HiForestMiniAOD_2178.root
Adding file /eos/cms/store/group/phys_heavyions/vpant/ppref2024output/PPRefZeroBiasPlusForward2/crab_ppref2024/250129_075322/0002/HiForestMiniAOD_2178.root to the chains
list operator is /eos/cms/store/group/phys_heavyions/vpant/ppref2024output/PPRefZeroBiasPlusForward2/crab_ppref2024/250129_075322/0002/HiForestMiniAOD_2179.root
Adding file /eos/cms/store/group/phys_heavyions/vpant/ppref2024output/PPRefZeroBiasPlusForward2/crab_ppref2024/250129_075322/0002/HiForestMiniAOD_2179.root to the chains
list operator is /eos/cms/store/group/phys_heavyions/vpant/ppref2024output/PPRefZeroBiasPlusForward2/crab_ppref2024/250129_075322/0002/HiForestMiniAOD_2180.root
Adding file /eos/cms/store/group/phys_heavyions/vpant/ppref2024output/PPRefZeroBiasPlusForward2/crab_ppref2024/250129_075322/0002/HiForestMiniAOD_2180.root to the chains
list operator is /eos/cms/store/group/phys_heavyions/vpant/ppref2024output/PPRefZeroBiasPlusForward2/crab_ppref2024/250129_075322/0002/HiForestMiniAOD_2181.root
Adding file /eos/cms/store/group/phys_heavyions/vpant/ppref2024output/PPRefZeroBiasPlusForward2/crab_ppref2024/250129_075322/0002/HiForestMiniAOD_2181.root to the chains
list operator is /eos/cms/store/group/phys_heavyions/vpant/ppref2024output/PPRefZeroBiasPlusForward2/crab_ppref2024/250129_075322/0002/HiForestMiniAOD_2182.root
Adding file /eos/cms/store/group/phys_heavyions/vpant/ppref2024output/PPRefZeroBiasPlusForward2/crab_ppref2024/250129_075322/0002/HiForestMiniAOD_2182.root to the chains
list operator is /eos/cms/store/group/phys_heavyions/vpant/ppref2024output/PPRefZeroBiasPlusForward2/crab_ppref2024/250129_075322/0002/HiForestMiniAOD_2183.root
Adding file /eos/cms/store/group/phys_heavyions/vpant/ppref2024output/PPRefZeroBiasPlusForward2/crab_ppref2024/250129_075322/0002/HiForestMiniAOD_2183.root to the chains
list operator is /eos/cms/store/group/phys_heavyions/vpant/ppref2024output/PPRefZeroBiasPlusForward2/crab_ppref2024/250129_075322/0002/HiForestMiniAOD_2184.root
Adding file /eos/cms/store/group/phys_heavyions/vpant/ppref2024output/PPRefZeroBiasPlusForward2/crab_ppref2024/250129_075322/0002/HiForestMiniAOD_2184.root to the chains
list operator is /eos/cms/store/group/phys_heavyions/vpant/ppref2024output/PPRefZeroBiasPlusForward2/crab_ppref2024/250129_075322/0002/HiForestMiniAOD_2185.root
Adding file /eos/cms/store/group/phys_heavyions/vpant/ppref2024output/PPRefZeroBiasPlusForward2/crab_ppref2024/250129_075322/0002/HiForestMiniAOD_2185.root to the chains
list operator is /eos/cms/store/group/phys_heavyions/vpant/ppref2024output/PPRefZeroBiasPlusForward2/crab_ppref2024/250129_075322/0002/HiForestMiniAOD_2186.root
Adding file /eos/cms/store/group/phys_heavyions/vpant/ppref2024output/PPRefZeroBiasPlusForward2/crab_ppref2024/250129_075322/0002/HiForestMiniAOD_2186.root to the chains
list operator is /eos/cms/store/group/phys_heavyions/vpant/ppref2024output/PPRefZeroBiasPlusForward2/crab_ppref2024/250129_075322/0002/HiForestMiniAOD_2187.root
Adding file /eos/cms/store/group/phys_heavyions/vpant/ppref2024output/PPRefZeroBiasPlusForward2/crab_ppref2024/250129_075322/0002/HiForestMiniAOD_2187.root to the chains
list operator is /eos/cms/store/group/phys_heavyions/vpant/ppref2024output/PPRefZeroBiasPlusForward2/crab_ppref2024/250129_075322/0002/HiForestMiniAOD_2188.root
Adding file /eos/cms/store/group/phys_heavyions/vpant/ppref2024output/PPRefZeroBiasPlusForward2/crab_ppref2024/250129_075322/0002/HiForestMiniAOD_2188.root to the chains
list operator is /eos/cms/store/group/phys_heavyions/vpant/ppref2024output/PPRefZeroBiasPlusForward2/crab_ppref2024/250129_075322/0002/HiForestMiniAOD_2189.root
Adding file /eos/cms/store/group/phys_heavyions/vpant/ppref2024output/PPRefZeroBiasPlusForward2/crab_ppref2024/250129_075322/0002/HiForestMiniAOD_2189.root to the chains
list operator is /eos/cms/store/group/phys_heavyions/vpant/ppref2024output/PPRefZeroBiasPlusForward2/crab_ppref2024/250129_075322/0002/HiForestMiniAOD_2190.root
Adding file /eos/cms/store/group/phys_heavyions/vpant/ppref2024output/PPRefZeroBiasPlusForward2/crab_ppref2024/250129_075322/0002/HiForestMiniAOD_2190.root to the chains
list operator is /eos/cms/store/group/phys_heavyions/vpant/ppref2024output/PPRefZeroBiasPlusForward2/crab_ppref2024/250129_075322/0002/HiForestMiniAOD_2191.root
Adding file /eos/cms/store/group/phys_heavyions/vpant/ppref2024output/PPRefZeroBiasPlusForward2/crab_ppref2024/250129_075322/0002/HiForestMiniAOD_2191.root to the chains
list operator is /eos/cms/store/group/phys_heavyions/vpant/ppref2024output/PPRefZeroBiasPlusForward2/crab_ppref2024/250129_075322/0002/HiForestMiniAOD_2192.root
Adding file /eos/cms/store/group/phys_heavyions/vpant/ppref2024output/PPRefZeroBiasPlusForward2/crab_ppref2024/250129_075322/0002/HiForestMiniAOD_2192.root to the chains
list operator is /eos/cms/store/group/phys_heavyions/vpant/ppref2024output/PPRefZeroBiasPlusForward2/crab_ppref2024/250129_075322/0002/HiForestMiniAOD_2193.root
Adding file /eos/cms/store/group/phys_heavyions/vpant/ppref2024output/PPRefZeroBiasPlusForward2/crab_ppref2024/250129_075322/0002/HiForestMiniAOD_2193.root to the chains
list operator is /eos/cms/store/group/phys_heavyions/vpant/ppref2024output/PPRefZeroBiasPlusForward2/crab_ppref2024/250129_075322/0002/HiForestMiniAOD_2194.root
Adding file /eos/cms/store/group/phys_heavyions/vpant/ppref2024output/PPRefZeroBiasPlusForward2/crab_ppref2024/250129_075322/0002/HiForestMiniAOD_2194.root to the chains
list operator is /eos/cms/store/group/phys_heavyions/vpant/ppref2024output/PPRefZeroBiasPlusForward2/crab_ppref2024/250129_075322/0002/HiForestMiniAOD_2195.root
Adding file /eos/cms/store/group/phys_heavyions/vpant/ppref2024output/PPRefZeroBiasPlusForward2/crab_ppref2024/250129_075322/0002/HiForestMiniAOD_2195.root to the chains
list operator is /eos/cms/store/group/phys_heavyions/vpant/ppref2024output/PPRefZeroBiasPlusForward2/crab_ppref2024/250129_075322/0002/HiForestMiniAOD_2196.root
Adding file /eos/cms/store/group/phys_heavyions/vpant/ppref2024output/PPRefZeroBiasPlusForward2/crab_ppref2024/250129_075322/0002/HiForestMiniAOD_2196.root to the chains
list operator is /eos/cms/store/group/phys_heavyions/vpant/ppref2024output/PPRefZeroBiasPlusForward2/crab_ppref2024/250129_075322/0002/HiForestMiniAOD_2197.root
Adding file /eos/cms/store/group/phys_heavyions/vpant/ppref2024output/PPRefZeroBiasPlusForward2/crab_ppref2024/250129_075322/0002/HiForestMiniAOD_2197.root to the chains
list operator is /eos/cms/store/group/phys_heavyions/vpant/ppref2024output/PPRefZeroBiasPlusForward2/crab_ppref2024/250129_075322/0002/HiForestMiniAOD_2198.root
Adding file /eos/cms/store/group/phys_heavyions/vpant/ppref2024output/PPRefZeroBiasPlusForward2/crab_ppref2024/250129_075322/0002/HiForestMiniAOD_2198.root to the chains
list operator is /eos/cms/store/group/phys_heavyions/vpant/ppref2024output/PPRefZeroBiasPlusForward2/crab_ppref2024/250129_075322/0002/HiForestMiniAOD_2199.root
Adding file /eos/cms/store/group/phys_heavyions/vpant/ppref2024output/PPRefZeroBiasPlusForward2/crab_ppref2024/250129_075322/0002/HiForestMiniAOD_2199.root to the chains
Total number of events in those files: 2224

-------------------------------------------------
0 events passed 
finished