000 (16580826.003.000) 02/10 05:55:44 Job submitted from host: <188.185.72.155:9618?addrs=188.185.72.155-9618+[2001-1458-d00-8--100-95]-9618&alias=bigbird08.cern.ch&noUDP&sock=schedd_862983_22fa>
...
040 (16580826.003.000) 02/10 05:57:15 Started transferring input files
	Transferring to host: <188.185.193.119:9618?addrs=188.185.193.119-9618+[2001-1458-303-20--100-73]-9618&alias=b9p19p8272.cern.ch&noUDP&sock=slot1_15_1973763_56a0_28739>
...
040 (16580826.003.000) 02/10 05:57:15 Finished transferring input files
...
001 (16580826.003.000) 02/10 05:57:16 Job executing on host: <188.185.193.119:9618?addrs=188.185.193.119-9618+[2001-1458-303-20--100-73]-9618&alias=b9p19p8272.cern.ch&noUDP&sock=startd_1552682_48af>
	SlotName: slot1_15@b9p19p8272.cern.ch
	CondorScratchDir = "/pool/condor/dir_797"
	Cpus = 1
	Disk = 3850
	GPUs = 0
	Memory = 3000
...
006 (16580826.003.000) 02/10 05:57:25 Image size of job updated: 1876
	2  -  MemoryUsage of job (MB)
	1876  -  ResidentSetSize of job (KB)
...
006 (16580826.003.000) 02/10 05:59:34 Image size of job updated: 315188
	308  -  MemoryUsage of job (MB)
	315188  -  ResidentSetSize of job (KB)
...
040 (16580826.003.000) 02/10 05:59:34 Started transferring output files
...
040 (16580826.003.000) 02/10 05:59:34 Finished transferring output files
...
005 (16580826.003.000) 02/10 05:59:34 Job terminated.
	(1) Normal termination (return value 0)
		Usr 0 00:01:19, Sys 0 00:00:01  -  Run Remote Usage
		Usr 0 00:00:00, Sys 0 00:00:00  -  Run Local Usage
		Usr 0 00:01:19, Sys 0 00:00:01  -  Total Remote Usage
		Usr 0 00:00:00, Sys 0 00:00:00  -  Total Local Usage
	23851  -  Run Bytes Sent By Job
	10428  -  Run Bytes Received By Job
	23851  -  Total Bytes Sent By Job
	10428  -  Total Bytes Received By Job
	Partitionable Resources :    Usage  Request Allocated 
	   Cpus                 :        0        1         1 
	   Disk (KB)            :       58       12      3850 
	   GPUs                 :                           0 
	   Memory (MB)          :      308     3000      3000 

	Job terminated of its own accord at 2025-02-10T04:59:34Z with exit-code 0.
...
