000 (16580827.001.000) 02/10 05:55:48 Job submitted from host: <188.185.72.155:9618?addrs=188.185.72.155-9618+[2001-1458-d00-8--100-95]-9618&alias=bigbird08.cern.ch&noUDP&sock=schedd_862983_22fa>
...
040 (16580827.001.000) 02/10 05:57:20 Started transferring input files
	Transferring to host: <188.185.193.177:9618?addrs=188.185.193.177-9618+[2001-1458-303-20--100-ad]-9618&alias=b9p19p2243.cern.ch&noUDP&sock=slot1_8_2046170_9ec0_30918>
...
040 (16580827.001.000) 02/10 05:57:20 Finished transferring input files
...
001 (16580827.001.000) 02/10 05:57:21 Job executing on host: <188.185.193.177:9618?addrs=188.185.193.177-9618+[2001-1458-303-20--100-ad]-9618&alias=b9p19p2243.cern.ch&noUDP&sock=startd_7733_c5f5>
	SlotName: slot1_8@b9p19p2243.cern.ch
	CondorScratchDir = "/pool/condor/dir_3513609"
	Cpus = 1
	Disk = 3921
	GPUs = 0
	Memory = 3000
...
006 (16580827.001.000) 02/10 05:57:30 Image size of job updated: 1868
	2  -  MemoryUsage of job (MB)
	1868  -  ResidentSetSize of job (KB)
...
006 (16580827.001.000) 02/10 05:58:10 Image size of job updated: 175064
	171  -  MemoryUsage of job (MB)
	175064  -  ResidentSetSize of job (KB)
...
040 (16580827.001.000) 02/10 05:58:10 Started transferring output files
...
040 (16580827.001.000) 02/10 05:58:10 Finished transferring output files
...
005 (16580827.001.000) 02/10 05:58:10 Job terminated.
	(1) Normal termination (return value 0)
		Usr 0 00:00:02, Sys 0 00:00:00  -  Run Remote Usage
		Usr 0 00:00:00, Sys 0 00:00:00  -  Run Local Usage
		Usr 0 00:00:02, Sys 0 00:00:00  -  Total Remote Usage
		Usr 0 00:00:00, Sys 0 00:00:00  -  Total Local Usage
	23831  -  Run Bytes Sent By Job
	10428  -  Run Bytes Received By Job
	23831  -  Total Bytes Sent By Job
	10428  -  Total Bytes Received By Job
	Partitionable Resources :    Usage  Request Allocated 
	   Cpus                 :        0        1         1 
	   Disk (KB)            :       59       12      3921 
	   GPUs                 :                           0 
	   Memory (MB)          :      171     3000      3000 

	Job terminated of its own accord at 2025-02-10T04:58:10Z with exit-code 0.
...
