000 (16580827.018.000) 02/10 05:55:48 Job submitted from host: <188.185.72.155:9618?addrs=188.185.72.155-9618+[2001-1458-d00-8--100-95]-9618&alias=bigbird08.cern.ch&noUDP&sock=schedd_862983_22fa>
...
040 (16580827.018.000) 02/10 05:57:26 Started transferring input files
	Transferring to host: <188.185.196.170:9618?addrs=188.185.196.170-9618+[2001-1458-303-23--100-a6]-9618&alias=b9p16p1151.cern.ch&noUDP&sock=slot1_14_1375888_5087_28721>
...
040 (16580827.018.000) 02/10 05:57:26 Finished transferring input files
...
001 (16580827.018.000) 02/10 05:57:27 Job executing on host: <188.185.196.170:9618?addrs=188.185.196.170-9618+[2001-1458-303-23--100-a6]-9618&alias=b9p16p1151.cern.ch&noUDP&sock=startd_11245_b691>
	SlotName: slot1_14@b9p16p1151.cern.ch
	CondorScratchDir = "/pool/condor/dir_647643"
	Cpus = 1
	Disk = 3774
	GPUs = 0
	Memory = 3000
...
006 (16580827.018.000) 02/10 05:57:35 Image size of job updated: 368836
	361  -  MemoryUsage of job (MB)
	368836  -  ResidentSetSize of job (KB)
...
040 (16580827.018.000) 02/10 05:58:54 Started transferring output files
...
040 (16580827.018.000) 02/10 05:58:54 Finished transferring output files
...
005 (16580827.018.000) 02/10 05:58:54 Job terminated.
	(1) Normal termination (return value 0)
		Usr 0 00:00:48, Sys 0 00:00:01  -  Run Remote Usage
		Usr 0 00:00:00, Sys 0 00:00:00  -  Run Local Usage
		Usr 0 00:00:48, Sys 0 00:00:01  -  Total Remote Usage
		Usr 0 00:00:00, Sys 0 00:00:00  -  Total Local Usage
	21206  -  Run Bytes Sent By Job
	10428  -  Run Bytes Received By Job
	21206  -  Total Bytes Sent By Job
	10428  -  Total Bytes Received By Job
	Partitionable Resources :    Usage  Request Allocated 
	   Cpus                 :        0        1         1 
	   Disk (KB)            :       56       12      3774 
	   GPUs                 :                           0 
	   Memory (MB)          :      361     3000      3000 

	Job terminated of its own accord at 2025-02-10T04:58:54Z with exit-code 0.
...
