000 (16580825.018.000) 02/10 05:55:40 Job submitted from host: <188.185.72.155:9618?addrs=188.185.72.155-9618+[2001-1458-d00-8--100-95]-9618&alias=bigbird08.cern.ch&noUDP&sock=schedd_862983_22fa>
...
040 (16580825.018.000) 02/10 05:57:14 Started transferring input files
	Transferring to host: <188.185.193.54:9618?addrs=188.185.193.54-9618+[2001-1458-303-20--100-32]-9618&alias=b9p19p5625.cern.ch&noUDP&sock=slot1_20_1158256_e1f5_4126>
...
040 (16580825.018.000) 02/10 05:57:14 Finished transferring input files
...
001 (16580825.018.000) 02/10 05:57:15 Job executing on host: <188.185.193.54:9618?addrs=188.185.193.54-9618+[2001-1458-303-20--100-32]-9618&alias=b9p19p5625.cern.ch&noUDP&sock=startd_4403_ab95>
	SlotName: slot1_20@b9p19p5625.cern.ch
	CondorScratchDir = "/pool/condor/dir_2389617"
	Cpus = 1
	Disk = 3813
	GPUs = 0
	Memory = 3000
...
006 (16580825.018.000) 02/10 05:57:23 Image size of job updated: 368628
	360  -  MemoryUsage of job (MB)
	368628  -  ResidentSetSize of job (KB)
...
040 (16580825.018.000) 02/10 05:59:04 Started transferring output files
...
040 (16580825.018.000) 02/10 05:59:04 Finished transferring output files
...
005 (16580825.018.000) 02/10 05:59:04 Job terminated.
	(1) Normal termination (return value 0)
		Usr 0 00:01:02, Sys 0 00:00:01  -  Run Remote Usage
		Usr 0 00:00:00, Sys 0 00:00:00  -  Run Local Usage
		Usr 0 00:01:02, Sys 0 00:00:01  -  Total Remote Usage
		Usr 0 00:00:00, Sys 0 00:00:00  -  Total Local Usage
	23854  -  Run Bytes Sent By Job
	10428  -  Run Bytes Received By Job
	23854  -  Total Bytes Sent By Job
	10428  -  Total Bytes Received By Job
	Partitionable Resources :    Usage  Request Allocated 
	   Cpus                 :        0        1         1 
	   Disk (KB)            :       58       12      3813 
	   GPUs                 :                           0 
	   Memory (MB)          :      360     3000      3000 

	Job terminated of its own accord at 2025-02-10T04:59:04Z with exit-code 0.
...
