000 (16580824.011.000) 02/10 05:55:36 Job submitted from host: <188.185.72.155:9618?addrs=188.185.72.155-9618+[2001-1458-d00-8--100-95]-9618&alias=bigbird08.cern.ch&noUDP&sock=schedd_862983_22fa>
...
040 (16580824.011.000) 02/10 05:57:04 Started transferring input files
	Transferring to host: <128.142.51.209:9618?addrs=128.142.51.209-9618+[2001-1458-301-3--100-e]-9618&alias=b9g02p0891.cern.ch&noUDP&sock=slot1_9_401499_1de0_4096>
...
040 (16580824.011.000) 02/10 05:57:04 Finished transferring input files
...
001 (16580824.011.000) 02/10 05:57:05 Job executing on host: <128.142.51.209:9618?addrs=128.142.51.209-9618+[2001-1458-301-3--100-e]-9618&alias=b9g02p0891.cern.ch&noUDP&sock=startd_7846_4828>
	SlotName: slot1_9@b9g02p0891.cern.ch
	CondorScratchDir = "/pool/condor/dir_1379356"
	Cpus = 1
	Disk = 3795
	GPUs = 0
	Memory = 3000
...
006 (16580824.011.000) 02/10 05:57:13 Image size of job updated: 1888
	2  -  MemoryUsage of job (MB)
	1888  -  ResidentSetSize of job (KB)
...
006 (16580824.011.000) 02/10 05:59:09 Image size of job updated: 317132
	310  -  MemoryUsage of job (MB)
	317132  -  ResidentSetSize of job (KB)
...
040 (16580824.011.000) 02/10 05:59:09 Started transferring output files
...
040 (16580824.011.000) 02/10 05:59:09 Finished transferring output files
...
005 (16580824.011.000) 02/10 05:59:09 Job terminated.
	(1) Normal termination (return value 0)
		Usr 0 00:01:01, Sys 0 00:00:01  -  Run Remote Usage
		Usr 0 00:00:00, Sys 0 00:00:00  -  Run Local Usage
		Usr 0 00:01:01, Sys 0 00:00:01  -  Total Remote Usage
		Usr 0 00:00:00, Sys 0 00:00:00  -  Total Local Usage
	23742  -  Run Bytes Sent By Job
	10428  -  Run Bytes Received By Job
	23742  -  Total Bytes Sent By Job
	10428  -  Total Bytes Received By Job
	Partitionable Resources :    Usage  Request Allocated 
	   Cpus                 :        0        1         1 
	   Disk (KB)            :       58       12      3795 
	   GPUs                 :                           0 
	   Memory (MB)          :      310     3000      3000 

	Job terminated of its own accord at 2025-02-10T04:59:09Z with exit-code 0.
...
