000 (16580824.001.000) 02/10 05:55:36 Job submitted from host: <188.185.72.155:9618?addrs=188.185.72.155-9618+[2001-1458-d00-8--100-95]-9618&alias=bigbird08.cern.ch&noUDP&sock=schedd_862983_22fa>
...
040 (16580824.001.000) 02/10 05:57:01 Started transferring input files
	Transferring to host: <188.185.192.130:9618?addrs=188.185.192.130-9618+[2001-1458-303-1f--100-7e]-9618&alias=b9p13p6496.cern.ch&noUDP&sock=slot1_14_1915292_3ab6_8405>
...
040 (16580824.001.000) 02/10 05:57:01 Finished transferring input files
...
001 (16580824.001.000) 02/10 05:57:02 Job executing on host: <188.185.192.130:9618?addrs=188.185.192.130-9618+[2001-1458-303-1f--100-7e]-9618&alias=b9p13p6496.cern.ch&noUDP&sock=startd_7341_e4d5>
	SlotName: slot1_14@b9p13p6496.cern.ch
	CondorScratchDir = "/pool/condor/dir_3369605"
	Cpus = 1
	Disk = 3813
	GPUs = 0
	Memory = 3000
...
006 (16580824.001.000) 02/10 05:57:11 Image size of job updated: 383264
	375  -  MemoryUsage of job (MB)
	383264  -  ResidentSetSize of job (KB)
...
040 (16580824.001.000) 02/10 05:58:22 Started transferring output files
...
040 (16580824.001.000) 02/10 05:58:22 Finished transferring output files
...
005 (16580824.001.000) 02/10 05:58:22 Job terminated.
	(1) Normal termination (return value 0)
		Usr 0 00:00:46, Sys 0 00:00:01  -  Run Remote Usage
		Usr 0 00:00:00, Sys 0 00:00:00  -  Run Local Usage
		Usr 0 00:00:46, Sys 0 00:00:01  -  Total Remote Usage
		Usr 0 00:00:00, Sys 0 00:00:00  -  Total Local Usage
	23743  -  Run Bytes Sent By Job
	10428  -  Run Bytes Received By Job
	23743  -  Total Bytes Sent By Job
	10428  -  Total Bytes Received By Job
	Partitionable Resources :    Usage  Request Allocated 
	   Cpus                 :        0        1         1 
	   Disk (KB)            :       58       12      3813 
	   GPUs                 :                           0 
	   Memory (MB)          :      375     3000      3000 

	Job terminated of its own accord at 2025-02-10T04:58:22Z with exit-code 0.
...
