000 (16580826.019.000) 02/10 05:55:44 Job submitted from host: <188.185.72.155:9618?addrs=188.185.72.155-9618+[2001-1458-d00-8--100-95]-9618&alias=bigbird08.cern.ch&noUDP&sock=schedd_862983_22fa>
...
040 (16580826.019.000) 02/10 05:57:19 Started transferring input files
	Transferring to host: <188.185.192.58:9618?addrs=188.185.192.58-9618+[2001-1458-303-1f--100-36]-9618&alias=b9p13p3997.cern.ch&noUDP&sock=slot1_4_3402531_a594_5558>
...
040 (16580826.019.000) 02/10 05:57:19 Finished transferring input files
...
001 (16580826.019.000) 02/10 05:57:20 Job executing on host: <188.185.192.58:9618?addrs=188.185.192.58-9618+[2001-1458-303-1f--100-36]-9618&alias=b9p13p3997.cern.ch&noUDP&sock=startd_11165_d6fd>
	SlotName: slot1_4@b9p13p3997.cern.ch
	CondorScratchDir = "/pool/condor/dir_1308190"
	Cpus = 1
	Disk = 3838
	GPUs = 0
	Memory = 3000
...
006 (16580826.019.000) 02/10 05:57:29 Image size of job updated: 368720
	361  -  MemoryUsage of job (MB)
	368720  -  ResidentSetSize of job (KB)
...
040 (16580826.019.000) 02/10 05:57:52 Started transferring output files
...
040 (16580826.019.000) 02/10 05:57:52 Finished transferring output files
...
005 (16580826.019.000) 02/10 05:57:52 Job terminated.
	(1) Normal termination (return value 0)
		Usr 0 00:00:01, Sys 0 00:00:00  -  Run Remote Usage
		Usr 0 00:00:00, Sys 0 00:00:00  -  Run Local Usage
		Usr 0 00:00:01, Sys 0 00:00:00  -  Total Remote Usage
		Usr 0 00:00:00, Sys 0 00:00:00  -  Total Local Usage
	23834  -  Run Bytes Sent By Job
	10428  -  Run Bytes Received By Job
	23834  -  Total Bytes Sent By Job
	10428  -  Total Bytes Received By Job
	Partitionable Resources :    Usage  Request Allocated 
	   Cpus                 :        0        1         1 
	   Disk (KB)            :       59       12      3838 
	   GPUs                 :                           0 
	   Memory (MB)          :      361     3000      3000 

	Job terminated of its own accord at 2025-02-10T04:57:52Z with exit-code 0.
...
