Submit jobs at 
PWD: /afs/cern.ch/user/v/vpant/pprefanalysis

Processing Track_Analyzer.C("input/ppref2024/20250210/pprefzerobiasplusforward2_set4_19.txt","/eos/user/v/vpant/ppref2024/ppref2024outputfiles/pprefzerobiasplusforward2_set4_19.root",0,0)...
List of input files founded! --> input/ppref2024/20250210/pprefzerobiasplusforward2_set4_19.txt
list operator is /eos/cms/store/group/phys_heavyions/vpant/ppref2024output/PPRefZeroBiasPlusForward2/crab_ppref2024/250129_075322/0003/HiForestMiniAOD_3900.root
Adding file /eos/cms/store/group/phys_heavyions/vpant/ppref2024output/PPRefZeroBiasPlusForward2/crab_ppref2024/250129_075322/0003/HiForestMiniAOD_3900.root to the chains
list operator is /eos/cms/store/group/phys_heavyions/vpant/ppref2024output/PPRefZeroBiasPlusForward2/crab_ppref2024/250129_075322/0003/HiForestMiniAOD_3901.root
Adding file /eos/cms/store/group/phys_heavyions/vpant/ppref2024output/PPRefZeroBiasPlusForward2/crab_ppref2024/250129_075322/0003/HiForestMiniAOD_3901.root to the chains
list operator is /eos/cms/store/group/phys_heavyions/vpant/ppref2024output/PPRefZeroBiasPlusForward2/crab_ppref2024/250129_075322/0003/HiForestMiniAOD_3902.root
Adding file /eos/cms/store/group/phys_heavyions/vpant/ppref2024output/PPRefZeroBiasPlusForward2/crab_ppref2024/250129_075322/0003/HiForestMiniAOD_3902.root to the chains
list operator is /eos/cms/store/group/phys_heavyions/vpant/ppref2024output/PPRefZeroBiasPlusForward2/crab_ppref2024/250129_075322/0003/HiForestMiniAOD_3903.root
Adding file /eos/cms/store/group/phys_heavyions/vpant/ppref2024output/PPRefZeroBiasPlusForward2/crab_ppref2024/250129_075322/0003/HiForestMiniAOD_3903.root to the chains
list operator is /eos/cms/store/group/phys_heavyions/vpant/ppref2024output/PPRefZeroBiasPlusForward2/crab_ppref2024/250129_075322/0003/HiForestMiniAOD_3904.root
Adding file /eos/cms/store/group/phys_heavyions/vpant/ppref2024output/PPRefZeroBiasPlusForward2/crab_ppref2024/250129_075322/0003/HiForestMiniAOD_3904.root to the chains
list operator is /eos/cms/store/group/phys_heavyions/vpant/ppref2024output/PPRefZeroBiasPlusForward2/crab_ppref2024/250129_075322/0003/HiForestMiniAOD_3905.root
Adding file /eos/cms/store/group/phys_heavyions/vpant/ppref2024output/PPRefZeroBiasPlusForward2/crab_ppref2024/250129_075322/0003/HiForestMiniAOD_3905.root to the chains
list operator is /eos/cms/store/group/phys_heavyions/vpant/ppref2024output/PPRefZeroBiasPlusForward2/crab_ppref2024/250129_075322/0003/HiForestMiniAOD_3906.root
Adding file /eos/cms/store/group/phys_heavyions/vpant/ppref2024output/PPRefZeroBiasPlusForward2/crab_ppref2024/250129_075322/0003/HiForestMiniAOD_3906.root to the chains
list operator is /eos/cms/store/group/phys_heavyions/vpant/ppref2024output/PPRefZeroBiasPlusForward2/crab_ppref2024/250129_075322/0003/HiForestMiniAOD_3907.root
Adding file /eos/cms/store/group/phys_heavyions/vpant/ppref2024output/PPRefZeroBiasPlusForward2/crab_ppref2024/250129_075322/0003/HiForestMiniAOD_3907.root to the chains
list operator is /eos/cms/store/group/phys_heavyions/vpant/ppref2024output/PPRefZeroBiasPlusForward2/crab_ppref2024/250129_075322/0003/HiForestMiniAOD_3908.root
Adding file /eos/cms/store/group/phys_heavyions/vpant/ppref2024output/PPRefZeroBiasPlusForward2/crab_ppref2024/250129_075322/0003/HiForestMiniAOD_3908.root to the chains
list operator is /eos/cms/store/group/phys_heavyions/vpant/ppref2024output/PPRefZeroBiasPlusForward2/crab_ppref2024/250129_075322/0003/HiForestMiniAOD_3909.root
Adding file /eos/cms/store/group/phys_heavyions/vpant/ppref2024output/PPRefZeroBiasPlusForward2/crab_ppref2024/250129_075322/0003/HiForestMiniAOD_3909.root to the chains
list operator is /eos/cms/store/group/phys_heavyions/vpant/ppref2024output/PPRefZeroBiasPlusForward2/crab_ppref2024/250129_075322/0003/HiForestMiniAOD_3910.root
Adding file /eos/cms/store/group/phys_heavyions/vpant/ppref2024output/PPRefZeroBiasPlusForward2/crab_ppref2024/250129_075322/0003/HiForestMiniAOD_3910.root to the chains
list operator is /eos/cms/store/group/phys_heavyions/vpant/ppref2024output/PPRefZeroBiasPlusForward2/crab_ppref2024/250129_075322/0003/HiForestMiniAOD_3911.root
Adding file /eos/cms/store/group/phys_heavyions/vpant/ppref2024output/PPRefZeroBiasPlusForward2/crab_ppref2024/250129_075322/0003/HiForestMiniAOD_3911.root to the chains
list operator is /eos/cms/store/group/phys_heavyions/vpant/ppref2024output/PPRefZeroBiasPlusForward2/crab_ppref2024/250129_075322/0003/HiForestMiniAOD_3912.root
Adding file /eos/cms/store/group/phys_heavyions/vpant/ppref2024output/PPRefZeroBiasPlusForward2/crab_ppref2024/250129_075322/0003/HiForestMiniAOD_3912.root to the chains
list operator is /eos/cms/store/group/phys_heavyions/vpant/ppref2024output/PPRefZeroBiasPlusForward2/crab_ppref2024/250129_075322/0003/HiForestMiniAOD_3913.root
Adding file /eos/cms/store/group/phys_heavyions/vpant/ppref2024output/PPRefZeroBiasPlusForward2/crab_ppref2024/250129_075322/0003/HiForestMiniAOD_3913.root to the chains
list operator is /eos/cms/store/group/phys_heavyions/vpant/ppref2024output/PPRefZeroBiasPlusForward2/crab_ppref2024/250129_075322/0003/HiForestMiniAOD_3914.root
Adding file /eos/cms/store/group/phys_heavyions/vpant/ppref2024output/PPRefZeroBiasPlusForward2/crab_ppref2024/250129_075322/0003/HiForestMiniAOD_3914.root to the chains
list operator is /eos/cms/store/group/phys_heavyions/vpant/ppref2024output/PPRefZeroBiasPlusForward2/crab_ppref2024/250129_075322/0003/HiForestMiniAOD_3915.root
Adding file /eos/cms/store/group/phys_heavyions/vpant/ppref2024output/PPRefZeroBiasPlusForward2/crab_ppref2024/250129_075322/0003/HiForestMiniAOD_3915.root to the chains
list operator is /eos/cms/store/group/phys_heavyions/vpant/ppref2024output/PPRefZeroBiasPlusForward2/crab_ppref2024/250129_075322/0003/HiForestMiniAOD_3916.root
Adding file /eos/cms/store/group/phys_heavyions/vpant/ppref2024output/PPRefZeroBiasPlusForward2/crab_ppref2024/250129_075322/0003/HiForestMiniAOD_3916.root to the chains
list operator is /eos/cms/store/group/phys_heavyions/vpant/ppref2024output/PPRefZeroBiasPlusForward2/crab_ppref2024/250129_075322/0003/HiForestMiniAOD_3917.root
Adding file /eos/cms/store/group/phys_heavyions/vpant/ppref2024output/PPRefZeroBiasPlusForward2/crab_ppref2024/250129_075322/0003/HiForestMiniAOD_3917.root to the chains
list operator is /eos/cms/store/group/phys_heavyions/vpant/ppref2024output/PPRefZeroBiasPlusForward2/crab_ppref2024/250129_075322/0003/HiForestMiniAOD_3918.root
Adding file /eos/cms/store/group/phys_heavyions/vpant/ppref2024output/PPRefZeroBiasPlusForward2/crab_ppref2024/250129_075322/0003/HiForestMiniAOD_3918.root to the chains
list operator is /eos/cms/store/group/phys_heavyions/vpant/ppref2024output/PPRefZeroBiasPlusForward2/crab_ppref2024/250129_075322/0003/HiForestMiniAOD_3919.root
Adding file /eos/cms/store/group/phys_heavyions/vpant/ppref2024output/PPRefZeroBiasPlusForward2/crab_ppref2024/250129_075322/0003/HiForestMiniAOD_3919.root to the chains
list operator is /eos/cms/store/group/phys_heavyions/vpant/ppref2024output/PPRefZeroBiasPlusForward2/crab_ppref2024/250129_075322/0003/HiForestMiniAOD_3920.root
Adding file /eos/cms/store/group/phys_heavyions/vpant/ppref2024output/PPRefZeroBiasPlusForward2/crab_ppref2024/250129_075322/0003/HiForestMiniAOD_3920.root to the chains
list operator is /eos/cms/store/group/phys_heavyions/vpant/ppref2024output/PPRefZeroBiasPlusForward2/crab_ppref2024/250129_075322/0003/HiForestMiniAOD_3921.root
Adding file /eos/cms/store/group/phys_heavyions/vpant/ppref2024output/PPRefZeroBiasPlusForward2/crab_ppref2024/250129_075322/0003/HiForestMiniAOD_3921.root to the chains
list operator is /eos/cms/store/group/phys_heavyions/vpant/ppref2024output/PPRefZeroBiasPlusForward2/crab_ppref2024/250129_075322/0003/HiForestMiniAOD_3922.root
Adding file /eos/cms/store/group/phys_heavyions/vpant/ppref2024output/PPRefZeroBiasPlusForward2/crab_ppref2024/250129_075322/0003/HiForestMiniAOD_3922.root to the chains
list operator is /eos/cms/store/group/phys_heavyions/vpant/ppref2024output/PPRefZeroBiasPlusForward2/crab_ppref2024/250129_075322/0003/HiForestMiniAOD_3923.root
Adding file /eos/cms/store/group/phys_heavyions/vpant/ppref2024output/PPRefZeroBiasPlusForward2/crab_ppref2024/250129_075322/0003/HiForestMiniAOD_3923.root to the chains
list operator is /eos/cms/store/group/phys_heavyions/vpant/ppref2024output/PPRefZeroBiasPlusForward2/crab_ppref2024/250129_075322/0003/HiForestMiniAOD_3924.root
Adding file /eos/cms/store/group/phys_heavyions/vpant/ppref2024output/PPRefZeroBiasPlusForward2/crab_ppref2024/250129_075322/0003/HiForestMiniAOD_3924.root to the chains
list operator is /eos/cms/store/group/phys_heavyions/vpant/ppref2024output/PPRefZeroBiasPlusForward2/crab_ppref2024/250129_075322/0003/HiForestMiniAOD_3925.root
Adding file /eos/cms/store/group/phys_heavyions/vpant/ppref2024output/PPRefZeroBiasPlusForward2/crab_ppref2024/250129_075322/0003/HiForestMiniAOD_3925.root to the chains
list operator is /eos/cms/store/group/phys_heavyions/vpant/ppref2024output/PPRefZeroBiasPlusForward2/crab_ppref2024/250129_075322/0003/HiForestMiniAOD_3926.root
Adding file /eos/cms/store/group/phys_heavyions/vpant/ppref2024output/PPRefZeroBiasPlusForward2/crab_ppref2024/250129_075322/0003/HiForestMiniAOD_3926.root to the chains
list operator is /eos/cms/store/group/phys_heavyions/vpant/ppref2024output/PPRefZeroBiasPlusForward2/crab_ppref2024/250129_075322/0003/HiForestMiniAOD_3927.root
Adding file /eos/cms/store/group/phys_heavyions/vpant/ppref2024output/PPRefZeroBiasPlusForward2/crab_ppref2024/250129_075322/0003/HiForestMiniAOD_3927.root to the chains
list operator is /eos/cms/store/group/phys_heavyions/vpant/ppref2024output/PPRefZeroBiasPlusForward2/crab_ppref2024/250129_075322/0003/HiForestMiniAOD_3928.root
Adding file /eos/cms/store/group/phys_heavyions/vpant/ppref2024output/PPRefZeroBiasPlusForward2/crab_ppref2024/250129_075322/0003/HiForestMiniAOD_3928.root to the chains
list operator is /eos/cms/store/group/phys_heavyions/vpant/ppref2024output/PPRefZeroBiasPlusForward2/crab_ppref2024/250129_075322/0003/HiForestMiniAOD_3929.root
Adding file /eos/cms/store/group/phys_heavyions/vpant/ppref2024output/PPRefZeroBiasPlusForward2/crab_ppref2024/250129_075322/0003/HiForestMiniAOD_3929.root to the chains
list operator is /eos/cms/store/group/phys_heavyions/vpant/ppref2024output/PPRefZeroBiasPlusForward2/crab_ppref2024/250129_075322/0003/HiForestMiniAOD_3930.root
Adding file /eos/cms/store/group/phys_heavyions/vpant/ppref2024output/PPRefZeroBiasPlusForward2/crab_ppref2024/250129_075322/0003/HiForestMiniAOD_3930.root to the chains
list operator is /eos/cms/store/group/phys_heavyions/vpant/ppref2024output/PPRefZeroBiasPlusForward2/crab_ppref2024/250129_075322/0003/HiForestMiniAOD_3931.root
Adding file /eos/cms/store/group/phys_heavyions/vpant/ppref2024output/PPRefZeroBiasPlusForward2/crab_ppref2024/250129_075322/0003/HiForestMiniAOD_3931.root to the chains
list operator is /eos/cms/store/group/phys_heavyions/vpant/ppref2024output/PPRefZeroBiasPlusForward2/crab_ppref2024/250129_075322/0003/HiForestMiniAOD_3932.root
Adding file /eos/cms/store/group/phys_heavyions/vpant/ppref2024output/PPRefZeroBiasPlusForward2/crab_ppref2024/250129_075322/0003/HiForestMiniAOD_3932.root to the chains
list operator is /eos/cms/store/group/phys_heavyions/vpant/ppref2024output/PPRefZeroBiasPlusForward2/crab_ppref2024/250129_075322/0003/HiForestMiniAOD_3933.root
Adding file /eos/cms/store/group/phys_heavyions/vpant/ppref2024output/PPRefZeroBiasPlusForward2/crab_ppref2024/250129_075322/0003/HiForestMiniAOD_3933.root to the chains
list operator is /eos/cms/store/group/phys_heavyions/vpant/ppref2024output/PPRefZeroBiasPlusForward2/crab_ppref2024/250129_075322/0003/HiForestMiniAOD_3934.root
Adding file /eos/cms/store/group/phys_heavyions/vpant/ppref2024output/PPRefZeroBiasPlusForward2/crab_ppref2024/250129_075322/0003/HiForestMiniAOD_3934.root to the chains
list operator is /eos/cms/store/group/phys_heavyions/vpant/ppref2024output/PPRefZeroBiasPlusForward2/crab_ppref2024/250129_075322/0003/HiForestMiniAOD_3935.root
Adding file /eos/cms/store/group/phys_heavyions/vpant/ppref2024output/PPRefZeroBiasPlusForward2/crab_ppref2024/250129_075322/0003/HiForestMiniAOD_3935.root to the chains
list operator is /eos/cms/store/group/phys_heavyions/vpant/ppref2024output/PPRefZeroBiasPlusForward2/crab_ppref2024/250129_075322/0003/HiForestMiniAOD_3936.root
Adding file /eos/cms/store/group/phys_heavyions/vpant/ppref2024output/PPRefZeroBiasPlusForward2/crab_ppref2024/250129_075322/0003/HiForestMiniAOD_3936.root to the chains
list operator is /eos/cms/store/group/phys_heavyions/vpant/ppref2024output/PPRefZeroBiasPlusForward2/crab_ppref2024/250129_075322/0003/HiForestMiniAOD_3937.root
Adding file /eos/cms/store/group/phys_heavyions/vpant/ppref2024output/PPRefZeroBiasPlusForward2/crab_ppref2024/250129_075322/0003/HiForestMiniAOD_3937.root to the chains
list operator is /eos/cms/store/group/phys_heavyions/vpant/ppref2024output/PPRefZeroBiasPlusForward2/crab_ppref2024/250129_075322/0003/HiForestMiniAOD_3938.root
Adding file /eos/cms/store/group/phys_heavyions/vpant/ppref2024output/PPRefZeroBiasPlusForward2/crab_ppref2024/250129_075322/0003/HiForestMiniAOD_3938.root to the chains
list operator is /eos/cms/store/group/phys_heavyions/vpant/ppref2024output/PPRefZeroBiasPlusForward2/crab_ppref2024/250129_075322/0003/HiForestMiniAOD_3939.root
Adding file /eos/cms/store/group/phys_heavyions/vpant/ppref2024output/PPRefZeroBiasPlusForward2/crab_ppref2024/250129_075322/0003/HiForestMiniAOD_3939.root to the chains
list operator is /eos/cms/store/group/phys_heavyions/vpant/ppref2024output/PPRefZeroBiasPlusForward2/crab_ppref2024/250129_075322/0003/HiForestMiniAOD_3940.root
Adding file /eos/cms/store/group/phys_heavyions/vpant/ppref2024output/PPRefZeroBiasPlusForward2/crab_ppref2024/250129_075322/0003/HiForestMiniAOD_3940.root to the chains
list operator is /eos/cms/store/group/phys_heavyions/vpant/ppref2024output/PPRefZeroBiasPlusForward2/crab_ppref2024/250129_075322/0003/HiForestMiniAOD_3941.root
Adding file /eos/cms/store/group/phys_heavyions/vpant/ppref2024output/PPRefZeroBiasPlusForward2/crab_ppref2024/250129_075322/0003/HiForestMiniAOD_3941.root to the chains
Total number of events in those files: 1846

-------------------------------------------------
0 events passed 
finished