000 (16580827.008.000) 02/10 05:55:48 Job submitted from host: <188.185.72.155:9618?addrs=188.185.72.155-9618+[2001-1458-d00-8--100-95]-9618&alias=bigbird08.cern.ch&noUDP&sock=schedd_862983_22fa>
...
040 (16580827.008.000) 02/10 05:57:23 Started transferring input files
	Transferring to host: <188.185.195.149:9618?addrs=188.185.195.149-9618+[2001-1458-303-22--100-91]-9618&alias=b9p17p9437.cern.ch&noUDP&sock=slot1_13_250988_8057_67568>
...
040 (16580827.008.000) 02/10 05:57:23 Finished transferring input files
...
001 (16580827.008.000) 02/10 05:57:24 Job executing on host: <188.185.195.149:9618?addrs=188.185.195.149-9618+[2001-1458-303-22--100-91]-9618&alias=b9p17p9437.cern.ch&noUDP&sock=startd_4837_5baf>
	SlotName: slot1_13@b9p17p9437.cern.ch
	CondorScratchDir = "/pool/condor/dir_295418"
	Cpus = 1
	Disk = 3790
	GPUs = 0
	Memory = 3000
...
006 (16580827.008.000) 02/10 05:57:33 Image size of job updated: 371284
	363  -  MemoryUsage of job (MB)
	371284  -  ResidentSetSize of job (KB)
...
040 (16580827.008.000) 02/10 05:59:09 Started transferring output files
...
040 (16580827.008.000) 02/10 05:59:09 Finished transferring output files
...
005 (16580827.008.000) 02/10 05:59:09 Job terminated.
	(1) Normal termination (return value 0)
		Usr 0 00:01:00, Sys 0 00:00:01  -  Run Remote Usage
		Usr 0 00:00:00, Sys 0 00:00:00  -  Run Local Usage
		Usr 0 00:01:00, Sys 0 00:00:01  -  Total Remote Usage
		Usr 0 00:00:00, Sys 0 00:00:00  -  Total Local Usage
	23851  -  Run Bytes Sent By Job
	10428  -  Run Bytes Received By Job
	23851  -  Total Bytes Sent By Job
	10428  -  Total Bytes Received By Job
	Partitionable Resources :    Usage  Request Allocated 
	   Cpus                 :        0        1         1 
	   Disk (KB)            :       59       12      3790 
	   GPUs                 :                           0 
	   Memory (MB)          :      363     3000      3000 

	Job terminated of its own accord at 2025-02-10T04:59:09Z with exit-code 0.
...
