000 (16548924.005.000) 02/05 22:18:50 Job submitted from host: <188.185.72.155:9618?addrs=188.185.72.155-9618+[2001-1458-d00-8--100-95]-9618&alias=bigbird08.cern.ch&noUDP&sock=schedd_862983_22fa>
...
040 (16548924.005.000) 02/05 22:21:21 Started transferring input files
	Transferring to host: <188.185.196.16:9618?addrs=188.185.196.16-9618+[2001-1458-303-23--100-c]-9618&alias=b9p16p5291.cern.ch&noUDP&sock=slot1_10_1897051_cb70_3632>
...
040 (16548924.005.000) 02/05 22:21:21 Finished transferring input files
...
001 (16548924.005.000) 02/05 22:21:22 Job executing on host: <188.185.196.16:9618?addrs=188.185.196.16-9618+[2001-1458-303-23--100-c]-9618&alias=b9p16p5291.cern.ch&noUDP&sock=startd_7053_598e>
	SlotName: slot1_10@b9p16p5291.cern.ch
	CondorScratchDir = "/pool/condor/dir_538828"
	Cpus = 1
	Disk = 3884
	GPUs = 0
	Memory = 3000
...
006 (16548924.005.000) 02/05 22:21:30 Image size of job updated: 100748
	99  -  MemoryUsage of job (MB)
	100748  -  ResidentSetSize of job (KB)
...
006 (16548924.005.000) 02/05 22:26:30 Image size of job updated: 904236
	884  -  MemoryUsage of job (MB)
	904236  -  ResidentSetSize of job (KB)
...
006 (16548924.005.000) 02/05 22:31:31 Image size of job updated: 1565932
	1530  -  MemoryUsage of job (MB)
	1565932  -  ResidentSetSize of job (KB)
...
006 (16548924.005.000) 02/05 22:36:32 Image size of job updated: 2342856
	2288  -  MemoryUsage of job (MB)
	2342856  -  ResidentSetSize of job (KB)
...
006 (16548924.005.000) 02/05 22:41:32 Image size of job updated: 3169124
	3095  -  MemoryUsage of job (MB)
	3169124  -  ResidentSetSize of job (KB)
...
040 (16548924.005.000) 02/05 22:43:29 Started transferring output files
...
040 (16548924.005.000) 02/05 22:43:29 Finished transferring output files
...
005 (16548924.005.000) 02/05 22:43:29 Job terminated.
	(1) Normal termination (return value 0)
		Usr 0 00:20:46, Sys 0 00:00:10  -  Run Remote Usage
		Usr 0 00:00:00, Sys 0 00:00:00  -  Run Local Usage
		Usr 0 00:20:46, Sys 0 00:00:10  -  Total Remote Usage
		Usr 0 00:00:00, Sys 0 00:00:00  -  Total Local Usage
	22904  -  Run Bytes Sent By Job
	10424  -  Run Bytes Received By Job
	22904  -  Total Bytes Sent By Job
	10424  -  Total Bytes Received By Job
	Partitionable Resources :    Usage  Request Allocated 
	   Cpus                 :     0.93        1         1 
	   Disk (KB)            :    58          12      3884 
	   GPUs                 :                           0 
	   Memory (MB)          :  3095        3000      3000 

	Job terminated of its own accord at 2025-02-05T21:43:29Z with exit-code 0.
...
