000 (16548925.010.000) 02/05 22:18:55 Job submitted from host: <188.185.72.155:9618?addrs=188.185.72.155-9618+[2001-1458-d00-8--100-95]-9618&alias=bigbird08.cern.ch&noUDP&sock=schedd_862983_22fa>
...
040 (16548925.010.000) 02/05 22:21:28 Started transferring input files
	Transferring to host: <188.185.194.135:9618?addrs=188.185.194.135-9618+[2001-1458-303-21--100-83]-9618&alias=b9p20p3948.cern.ch&noUDP&sock=slot1_8_310918_9b9c_64558>
...
040 (16548925.010.000) 02/05 22:21:28 Finished transferring input files
...
001 (16548925.010.000) 02/05 22:21:29 Job executing on host: <188.185.194.135:9618?addrs=188.185.194.135-9618+[2001-1458-303-21--100-83]-9618&alias=b9p20p3948.cern.ch&noUDP&sock=startd_6212_7e68>
	SlotName: slot1_8@b9p20p3948.cern.ch
	CondorScratchDir = "/pool/condor/dir_237225"
	Cpus = 1
	Disk = 3908
	GPUs = 0
	Memory = 3000
...
006 (16548925.010.000) 02/05 22:21:38 Image size of job updated: 62564
	62  -  MemoryUsage of job (MB)
	62564  -  ResidentSetSize of job (KB)
...
006 (16548925.010.000) 02/05 22:26:39 Image size of job updated: 847420
	828  -  MemoryUsage of job (MB)
	847420  -  ResidentSetSize of job (KB)
...
006 (16548925.010.000) 02/05 22:31:39 Image size of job updated: 1622352
	1585  -  MemoryUsage of job (MB)
	1622352  -  ResidentSetSize of job (KB)
...
006 (16548925.010.000) 02/05 22:36:39 Image size of job updated: 2290692
	2238  -  MemoryUsage of job (MB)
	2290692  -  ResidentSetSize of job (KB)
...
040 (16548925.010.000) 02/05 22:40:27 Started transferring output files
...
040 (16548925.010.000) 02/05 22:40:27 Finished transferring output files
...
005 (16548925.010.000) 02/05 22:40:27 Job terminated.
	(1) Normal termination (return value 0)
		Usr 0 00:17:35, Sys 0 00:00:06  -  Run Remote Usage
		Usr 0 00:00:00, Sys 0 00:00:00  -  Run Local Usage
		Usr 0 00:17:35, Sys 0 00:00:06  -  Total Remote Usage
		Usr 0 00:00:00, Sys 0 00:00:00  -  Total Local Usage
	22993  -  Run Bytes Sent By Job
	10424  -  Run Bytes Received By Job
	22993  -  Total Bytes Sent By Job
	10424  -  Total Bytes Received By Job
	Partitionable Resources :    Usage  Request Allocated 
	   Cpus                 :     0.93        1         1 
	   Disk (KB)            :    58          12      3908 
	   GPUs                 :                           0 
	   Memory (MB)          :  2238        3000      3000 

	Job terminated of its own accord at 2025-02-05T21:40:26Z with exit-code 0.
...
