000 (16548925.015.000) 02/05 22:18:55 Job submitted from host: <188.185.72.155:9618?addrs=188.185.72.155-9618+[2001-1458-d00-8--100-95]-9618&alias=bigbird08.cern.ch&noUDP&sock=schedd_862983_22fa>
...
040 (16548925.015.000) 02/05 22:21:30 Started transferring input files
	Transferring to host: <188.185.196.123:9618?addrs=188.185.196.123-9618+[2001-1458-303-23--100-77]-9618&alias=b9p16p2769.cern.ch&noUDP&sock=slot1_5_2535789_7fa6_1596>
...
040 (16548925.015.000) 02/05 22:21:30 Finished transferring input files
...
001 (16548925.015.000) 02/05 22:21:31 Job executing on host: <188.185.196.123:9618?addrs=188.185.196.123-9618+[2001-1458-303-23--100-77]-9618&alias=b9p16p2769.cern.ch&noUDP&sock=startd_4921_f9a4>
	SlotName: slot1_5@b9p16p2769.cern.ch
	CondorScratchDir = "/pool/condor/dir_1131370"
	Cpus = 1
	Disk = 3870
	GPUs = 0
	Memory = 3000
...
006 (16548925.015.000) 02/05 22:21:39 Image size of job updated: 1884
	2  -  MemoryUsage of job (MB)
	1884  -  ResidentSetSize of job (KB)
...
006 (16548925.015.000) 02/05 22:26:39 Image size of job updated: 697072
	681  -  MemoryUsage of job (MB)
	697072  -  ResidentSetSize of job (KB)
...
006 (16548925.015.000) 02/05 22:31:40 Image size of job updated: 1201448
	1174  -  MemoryUsage of job (MB)
	1201448  -  ResidentSetSize of job (KB)
...
040 (16548925.015.000) 02/05 22:34:33 Started transferring output files
...
040 (16548925.015.000) 02/05 22:34:33 Finished transferring output files
...
005 (16548925.015.000) 02/05 22:34:33 Job terminated.
	(1) Normal termination (return value 0)
		Usr 0 00:11:51, Sys 0 00:00:05  -  Run Remote Usage
		Usr 0 00:00:00, Sys 0 00:00:00  -  Run Local Usage
		Usr 0 00:11:51, Sys 0 00:00:05  -  Total Remote Usage
		Usr 0 00:00:00, Sys 0 00:00:00  -  Total Local Usage
	22949  -  Run Bytes Sent By Job
	10424  -  Run Bytes Received By Job
	22949  -  Total Bytes Sent By Job
	10424  -  Total Bytes Received By Job
	Partitionable Resources :    Usage  Request Allocated 
	   Cpus                 :     0.99        1         1 
	   Disk (KB)            :    58          12      3870 
	   GPUs                 :                           0 
	   Memory (MB)          :  1174        3000      3000 

	Job terminated of its own accord at 2025-02-05T21:34:33Z with exit-code 0.
...
