000 (16548925.014.000) 02/05 22:18:55 Job submitted from host: <188.185.72.155:9618?addrs=188.185.72.155-9618+[2001-1458-d00-8--100-95]-9618&alias=bigbird08.cern.ch&noUDP&sock=schedd_862983_22fa>
...
040 (16548925.014.000) 02/05 22:21:30 Started transferring input files
	Transferring to host: <188.185.194.57:9618?addrs=188.185.194.57-9618+[2001-1458-303-21--100-35]-9618&alias=b9p20p9132.cern.ch&noUDP&sock=slot1_7_1333155_0cdd_22273>
...
040 (16548925.014.000) 02/05 22:21:30 Finished transferring input files
...
001 (16548925.014.000) 02/05 22:21:31 Job executing on host: <188.185.194.57:9618?addrs=188.185.194.57-9618+[2001-1458-303-21--100-35]-9618&alias=b9p20p9132.cern.ch&noUDP&sock=startd_8605_e48a>
	SlotName: slot1_7@b9p20p9132.cern.ch
	CondorScratchDir = "/pool/condor/dir_3227506"
	Cpus = 1
	Disk = 3954
	GPUs = 0
	Memory = 3000
...
006 (16548925.014.000) 02/05 22:21:39 Image size of job updated: 65960
	65  -  MemoryUsage of job (MB)
	65960  -  ResidentSetSize of job (KB)
...
006 (16548925.014.000) 02/05 22:26:39 Image size of job updated: 624856
	611  -  MemoryUsage of job (MB)
	624856  -  ResidentSetSize of job (KB)
...
006 (16548925.014.000) 02/05 22:31:39 Image size of job updated: 1230084
	1202  -  MemoryUsage of job (MB)
	1230084  -  ResidentSetSize of job (KB)
...
040 (16548925.014.000) 02/05 22:32:33 Started transferring output files
...
040 (16548925.014.000) 02/05 22:32:33 Finished transferring output files
...
005 (16548925.014.000) 02/05 22:32:33 Job terminated.
	(1) Normal termination (return value 0)
		Usr 0 00:10:25, Sys 0 00:00:04  -  Run Remote Usage
		Usr 0 00:00:00, Sys 0 00:00:00  -  Run Local Usage
		Usr 0 00:10:25, Sys 0 00:00:04  -  Total Remote Usage
		Usr 0 00:00:00, Sys 0 00:00:00  -  Total Local Usage
	22949  -  Run Bytes Sent By Job
	10424  -  Run Bytes Received By Job
	22949  -  Total Bytes Sent By Job
	10424  -  Total Bytes Received By Job
	Partitionable Resources :    Usage  Request Allocated 
	   Cpus                 :     0.96        1         1 
	   Disk (KB)            :    57          12      3954 
	   GPUs                 :                           0 
	   Memory (MB)          :  1202        3000      3000 

	Job terminated of its own accord at 2025-02-05T21:32:33Z with exit-code 0.
...
