000 (16548924.008.000) 02/05 22:18:50 Job submitted from host: <188.185.72.155:9618?addrs=188.185.72.155-9618+[2001-1458-d00-8--100-95]-9618&alias=bigbird08.cern.ch&noUDP&sock=schedd_862983_22fa>
...
040 (16548924.008.000) 02/05 22:21:21 Started transferring input files
	Transferring to host: <188.185.198.183:9618?addrs=188.185.198.183-9618+[2001-1458-303-25--100-b3]-9618&alias=b9p15p4930.cern.ch&noUDP&sock=slot1_24_513320_2083_68021>
...
040 (16548924.008.000) 02/05 22:21:21 Finished transferring input files
...
001 (16548924.008.000) 02/05 22:21:22 Job executing on host: <188.185.198.183:9618?addrs=188.185.198.183-9618+[2001-1458-303-25--100-b3]-9618&alias=b9p15p4930.cern.ch&noUDP&sock=startd_8857_be68>
	SlotName: slot1_24@b9p15p4930.cern.ch
	CondorScratchDir = "/pool/condor/dir_284454"
	Cpus = 1
	Disk = 3873
	GPUs = 0
	Memory = 3000
...
006 (16548924.008.000) 02/05 22:21:30 Image size of job updated: 1872
	2  -  MemoryUsage of job (MB)
	1872  -  ResidentSetSize of job (KB)
...
006 (16548924.008.000) 02/05 22:25:09 Image size of job updated: 116168
	114  -  MemoryUsage of job (MB)
	116168  -  ResidentSetSize of job (KB)
...
040 (16548924.008.000) 02/05 22:25:09 Started transferring output files
...
040 (16548924.008.000) 02/05 22:25:09 Finished transferring output files
...
005 (16548924.008.000) 02/05 22:25:09 Job terminated.
	(1) Normal termination (return value 0)
		Usr 0 00:02:49, Sys 0 00:00:02  -  Run Remote Usage
		Usr 0 00:00:00, Sys 0 00:00:00  -  Run Local Usage
		Usr 0 00:02:49, Sys 0 00:00:02  -  Total Remote Usage
		Usr 0 00:00:00, Sys 0 00:00:00  -  Total Local Usage
	22787  -  Run Bytes Sent By Job
	10424  -  Run Bytes Received By Job
	22787  -  Total Bytes Sent By Job
	10424  -  Total Bytes Received By Job
	Partitionable Resources :    Usage  Request Allocated 
	   Cpus                 :        0        1         1 
	   Disk (KB)            :       57       12      3873 
	   GPUs                 :                           0 
	   Memory (MB)          :      114     3000      3000 

	Job terminated of its own accord at 2025-02-05T21:25:09Z with exit-code 0.
...
