000 (16548925.003.000) 02/05 22:18:55 Job submitted from host: <188.185.72.155:9618?addrs=188.185.72.155-9618+[2001-1458-d00-8--100-95]-9618&alias=bigbird08.cern.ch&noUDP&sock=schedd_862983_22fa>
...
040 (16548925.003.000) 02/05 22:21:26 Started transferring input files
	Transferring to host: <188.185.195.33:9618?addrs=188.185.195.33-9618+[2001-1458-303-22--100-1d]-9618&alias=b9p17p8678.cern.ch&noUDP&sock=slot1_27_865447_7412_72031>
...
040 (16548925.003.000) 02/05 22:21:26 Finished transferring input files
...
001 (16548925.003.000) 02/05 22:21:27 Job executing on host: <188.185.195.33:9618?addrs=188.185.195.33-9618+[2001-1458-303-22--100-1d]-9618&alias=b9p17p8678.cern.ch&noUDP&sock=startd_5897_6e13>
	SlotName: slot1_27@b9p17p8678.cern.ch
	CondorScratchDir = "/pool/condor/dir_3995806"
	Cpus = 1
	Disk = 3844
	GPUs = 0
	Memory = 3000
...
006 (16548925.003.000) 02/05 22:21:36 Image size of job updated: 176504
	173  -  MemoryUsage of job (MB)
	176504  -  ResidentSetSize of job (KB)
...
006 (16548925.003.000) 02/05 22:26:37 Image size of job updated: 1094604
	1069  -  MemoryUsage of job (MB)
	1094604  -  ResidentSetSize of job (KB)
...
006 (16548925.003.000) 02/05 22:31:38 Image size of job updated: 1782268
	1741  -  MemoryUsage of job (MB)
	1782268  -  ResidentSetSize of job (KB)
...
040 (16548925.003.000) 02/05 22:35:28 Started transferring output files
...
040 (16548925.003.000) 02/05 22:35:28 Finished transferring output files
...
005 (16548925.003.000) 02/05 22:35:28 Job terminated.
	(1) Normal termination (return value 0)
		Usr 0 00:13:13, Sys 0 00:00:05  -  Run Remote Usage
		Usr 0 00:00:00, Sys 0 00:00:00  -  Run Local Usage
		Usr 0 00:13:13, Sys 0 00:00:05  -  Total Remote Usage
		Usr 0 00:00:00, Sys 0 00:00:00  -  Total Local Usage
	22968  -  Run Bytes Sent By Job
	10424  -  Run Bytes Received By Job
	22968  -  Total Bytes Sent By Job
	10424  -  Total Bytes Received By Job
	Partitionable Resources :    Usage  Request Allocated 
	   Cpus                 :     0.94        1         1 
	   Disk (KB)            :    58          12      3844 
	   GPUs                 :                           0 
	   Memory (MB)          :  1741        3000      3000 

	Job terminated of its own accord at 2025-02-05T21:35:28Z with exit-code 0.
...
