000 (16548924.015.000) 02/05 22:18:50 Job submitted from host: <188.185.72.155:9618?addrs=188.185.72.155-9618+[2001-1458-d00-8--100-95]-9618&alias=bigbird08.cern.ch&noUDP&sock=schedd_862983_22fa>
...
040 (16548924.015.000) 02/05 22:21:23 Started transferring input files
	Transferring to host: <188.185.194.159:9618?addrs=188.185.194.159-9618+[2001-1458-303-21--100-9b]-9618&alias=b9p20p9622.cern.ch&noUDP&sock=slot1_7_1709672_568c_3857>
...
040 (16548924.015.000) 02/05 22:21:23 Finished transferring input files
...
001 (16548924.015.000) 02/05 22:21:24 Job executing on host: <188.185.194.159:9618?addrs=188.185.194.159-9618+[2001-1458-303-21--100-9b]-9618&alias=b9p20p9622.cern.ch&noUDP&sock=startd_4691_36dc>
	SlotName: slot1_7@b9p20p9622.cern.ch
	CondorScratchDir = "/pool/condor/dir_4169859"
	Cpus = 1
	Disk = 3834
	GPUs = 0
	Memory = 3000
...
006 (16548924.015.000) 02/05 22:21:32 Image size of job updated: 1884
	2  -  MemoryUsage of job (MB)
	1884  -  ResidentSetSize of job (KB)
...
006 (16548924.015.000) 02/05 22:26:02 Image size of job updated: 5580
	6  -  MemoryUsage of job (MB)
	5580  -  ResidentSetSize of job (KB)
...
040 (16548924.015.000) 02/05 22:26:02 Started transferring output files
...
040 (16548924.015.000) 02/05 22:26:02 Finished transferring output files
...
005 (16548924.015.000) 02/05 22:26:02 Job terminated.
	(1) Normal termination (return value 0)
		Usr 0 00:03:41, Sys 0 00:00:02  -  Run Remote Usage
		Usr 0 00:00:00, Sys 0 00:00:00  -  Run Local Usage
		Usr 0 00:03:41, Sys 0 00:00:02  -  Total Remote Usage
		Usr 0 00:00:00, Sys 0 00:00:00  -  Total Local Usage
	22792  -  Run Bytes Sent By Job
	10424  -  Run Bytes Received By Job
	22792  -  Total Bytes Sent By Job
	10424  -  Total Bytes Received By Job
	Partitionable Resources :    Usage  Request Allocated 
	   Cpus                 :        0        1         1 
	   Disk (KB)            :       58       12      3834 
	   GPUs                 :                           0 
	   Memory (MB)          :        6     3000      3000 

	Job terminated of its own accord at 2025-02-05T21:26:02Z with exit-code 0.
...
