Submit jobs at 
PWD: /afs/cern.ch/user/v/vpant/pprefanalysis

Processing Track_Analyzer.C("input/ppref2024/20250205/ppjet120_set2_20.txt","/eos/user/v/vpant/ppref2024/ppref2024outputfiles/ppjet120_set2_20.root",0,0)...
List of input files founded! --> input/ppref2024/20250205/ppjet120_set2_20.txt
list operator is /eos/cms/store/group/phys_heavyions/vpant/ppref2024output/PPRefHardProbes1/crab_ppref2024/250129_034712/0001/HiForestMiniAOD_1950.root
Adding file /eos/cms/store/group/phys_heavyions/vpant/ppref2024output/PPRefHardProbes1/crab_ppref2024/250129_034712/0001/HiForestMiniAOD_1950.root to the chains
list operator is /eos/cms/store/group/phys_heavyions/vpant/ppref2024output/PPRefHardProbes1/crab_ppref2024/250129_034712/0001/HiForestMiniAOD_1951.root
Adding file /eos/cms/store/group/phys_heavyions/vpant/ppref2024output/PPRefHardProbes1/crab_ppref2024/250129_034712/0001/HiForestMiniAOD_1951.root to the chains
list operator is /eos/cms/store/group/phys_heavyions/vpant/ppref2024output/PPRefHardProbes1/crab_ppref2024/250129_034712/0001/HiForestMiniAOD_1952.root
Adding file /eos/cms/store/group/phys_heavyions/vpant/ppref2024output/PPRefHardProbes1/crab_ppref2024/250129_034712/0001/HiForestMiniAOD_1952.root to the chains
list operator is /eos/cms/store/group/phys_heavyions/vpant/ppref2024output/PPRefHardProbes1/crab_ppref2024/250129_034712/0001/HiForestMiniAOD_1953.root
Adding file /eos/cms/store/group/phys_heavyions/vpant/ppref2024output/PPRefHardProbes1/crab_ppref2024/250129_034712/0001/HiForestMiniAOD_1953.root to the chains
list operator is /eos/cms/store/group/phys_heavyions/vpant/ppref2024output/PPRefHardProbes1/crab_ppref2024/250129_034712/0001/HiForestMiniAOD_1954.root
Adding file /eos/cms/store/group/phys_heavyions/vpant/ppref2024output/PPRefHardProbes1/crab_ppref2024/250129_034712/0001/HiForestMiniAOD_1954.root to the chains
list operator is /eos/cms/store/group/phys_heavyions/vpant/ppref2024output/PPRefHardProbes1/crab_ppref2024/250129_034712/0001/HiForestMiniAOD_1955.root
Adding file /eos/cms/store/group/phys_heavyions/vpant/ppref2024output/PPRefHardProbes1/crab_ppref2024/250129_034712/0001/HiForestMiniAOD_1955.root to the chains
list operator is /eos/cms/store/group/phys_heavyions/vpant/ppref2024output/PPRefHardProbes1/crab_ppref2024/250129_034712/0001/HiForestMiniAOD_1956.root
Adding file /eos/cms/store/group/phys_heavyions/vpant/ppref2024output/PPRefHardProbes1/crab_ppref2024/250129_034712/0001/HiForestMiniAOD_1956.root to the chains
list operator is /eos/cms/store/group/phys_heavyions/vpant/ppref2024output/PPRefHardProbes1/crab_ppref2024/250129_034712/0001/HiForestMiniAOD_1957.root
Adding file /eos/cms/store/group/phys_heavyions/vpant/ppref2024output/PPRefHardProbes1/crab_ppref2024/250129_034712/0001/HiForestMiniAOD_1957.root to the chains
list operator is /eos/cms/store/group/phys_heavyions/vpant/ppref2024output/PPRefHardProbes1/crab_ppref2024/250129_034712/0001/HiForestMiniAOD_1958.root
Adding file /eos/cms/store/group/phys_heavyions/vpant/ppref2024output/PPRefHardProbes1/crab_ppref2024/250129_034712/0001/HiForestMiniAOD_1958.root to the chains
list operator is /eos/cms/store/group/phys_heavyions/vpant/ppref2024output/PPRefHardProbes1/crab_ppref2024/250129_034712/0001/HiForestMiniAOD_1959.root
Adding file /eos/cms/store/group/phys_heavyions/vpant/ppref2024output/PPRefHardProbes1/crab_ppref2024/250129_034712/0001/HiForestMiniAOD_1959.root to the chains
list operator is /eos/cms/store/group/phys_heavyions/vpant/ppref2024output/PPRefHardProbes1/crab_ppref2024/250129_034712/0001/HiForestMiniAOD_1960.root
Adding file /eos/cms/store/group/phys_heavyions/vpant/ppref2024output/PPRefHardProbes1/crab_ppref2024/250129_034712/0001/HiForestMiniAOD_1960.root to the chains
list operator is /eos/cms/store/group/phys_heavyions/vpant/ppref2024output/PPRefHardProbes1/crab_ppref2024/250129_034712/0001/HiForestMiniAOD_1961.root
Adding file /eos/cms/store/group/phys_heavyions/vpant/ppref2024output/PPRefHardProbes1/crab_ppref2024/250129_034712/0001/HiForestMiniAOD_1961.root to the chains
list operator is /eos/cms/store/group/phys_heavyions/vpant/ppref2024output/PPRefHardProbes1/crab_ppref2024/250129_034712/0001/HiForestMiniAOD_1962.root
Adding file /eos/cms/store/group/phys_heavyions/vpant/ppref2024output/PPRefHardProbes1/crab_ppref2024/250129_034712/0001/HiForestMiniAOD_1962.root to the chains
list operator is /eos/cms/store/group/phys_heavyions/vpant/ppref2024output/PPRefHardProbes1/crab_ppref2024/250129_034712/0001/HiForestMiniAOD_1963.root
Adding file /eos/cms/store/group/phys_heavyions/vpant/ppref2024output/PPRefHardProbes1/crab_ppref2024/250129_034712/0001/HiForestMiniAOD_1963.root to the chains
list operator is /eos/cms/store/group/phys_heavyions/vpant/ppref2024output/PPRefHardProbes1/crab_ppref2024/250129_034712/0001/HiForestMiniAOD_1964.root
Adding file /eos/cms/store/group/phys_heavyions/vpant/ppref2024output/PPRefHardProbes1/crab_ppref2024/250129_034712/0001/HiForestMiniAOD_1964.root to the chains
list operator is /eos/cms/store/group/phys_heavyions/vpant/ppref2024output/PPRefHardProbes1/crab_ppref2024/250129_034712/0001/HiForestMiniAOD_1965.root
Adding file /eos/cms/store/group/phys_heavyions/vpant/ppref2024output/PPRefHardProbes1/crab_ppref2024/250129_034712/0001/HiForestMiniAOD_1965.root to the chains
list operator is /eos/cms/store/group/phys_heavyions/vpant/ppref2024output/PPRefHardProbes1/crab_ppref2024/250129_034712/0001/HiForestMiniAOD_1966.root
Adding file /eos/cms/store/group/phys_heavyions/vpant/ppref2024output/PPRefHardProbes1/crab_ppref2024/250129_034712/0001/HiForestMiniAOD_1966.root to the chains
list operator is /eos/cms/store/group/phys_heavyions/vpant/ppref2024output/PPRefHardProbes1/crab_ppref2024/250129_034712/0001/HiForestMiniAOD_1967.root
Adding file /eos/cms/store/group/phys_heavyions/vpant/ppref2024output/PPRefHardProbes1/crab_ppref2024/250129_034712/0001/HiForestMiniAOD_1967.root to the chains
list operator is /eos/cms/store/group/phys_heavyions/vpant/ppref2024output/PPRefHardProbes1/crab_ppref2024/250129_034712/0001/HiForestMiniAOD_1968.root
Adding file /eos/cms/store/group/phys_heavyions/vpant/ppref2024output/PPRefHardProbes1/crab_ppref2024/250129_034712/0001/HiForestMiniAOD_1968.root to the chains
list operator is /eos/cms/store/group/phys_heavyions/vpant/ppref2024output/PPRefHardProbes1/crab_ppref2024/250129_034712/0001/HiForestMiniAOD_1969.root
Adding file /eos/cms/store/group/phys_heavyions/vpant/ppref2024output/PPRefHardProbes1/crab_ppref2024/250129_034712/0001/HiForestMiniAOD_1969.root to the chains
list operator is /eos/cms/store/group/phys_heavyions/vpant/ppref2024output/PPRefHardProbes1/crab_ppref2024/250129_034712/0001/HiForestMiniAOD_1970.root
Adding file /eos/cms/store/group/phys_heavyions/vpant/ppref2024output/PPRefHardProbes1/crab_ppref2024/250129_034712/0001/HiForestMiniAOD_1970.root to the chains
list operator is /eos/cms/store/group/phys_heavyions/vpant/ppref2024output/PPRefHardProbes1/crab_ppref2024/250129_034712/0001/HiForestMiniAOD_1971.root
Adding file /eos/cms/store/group/phys_heavyions/vpant/ppref2024output/PPRefHardProbes1/crab_ppref2024/250129_034712/0001/HiForestMiniAOD_1971.root to the chains
list operator is /eos/cms/store/group/phys_heavyions/vpant/ppref2024output/PPRefHardProbes1/crab_ppref2024/250129_034712/0001/HiForestMiniAOD_1972.root
Adding file /eos/cms/store/group/phys_heavyions/vpant/ppref2024output/PPRefHardProbes1/crab_ppref2024/250129_034712/0001/HiForestMiniAOD_1972.root to the chains
list operator is /eos/cms/store/group/phys_heavyions/vpant/ppref2024output/PPRefHardProbes1/crab_ppref2024/250129_034712/0001/HiForestMiniAOD_1973.root
Adding file /eos/cms/store/group/phys_heavyions/vpant/ppref2024output/PPRefHardProbes1/crab_ppref2024/250129_034712/0001/HiForestMiniAOD_1973.root to the chains
list operator is /eos/cms/store/group/phys_heavyions/vpant/ppref2024output/PPRefHardProbes1/crab_ppref2024/250129_034712/0001/HiForestMiniAOD_1974.root
Adding file /eos/cms/store/group/phys_heavyions/vpant/ppref2024output/PPRefHardProbes1/crab_ppref2024/250129_034712/0001/HiForestMiniAOD_1974.root to the chains
list operator is /eos/cms/store/group/phys_heavyions/vpant/ppref2024output/PPRefHardProbes1/crab_ppref2024/250129_034712/0001/HiForestMiniAOD_1975.root
Adding file /eos/cms/store/group/phys_heavyions/vpant/ppref2024output/PPRefHardProbes1/crab_ppref2024/250129_034712/0001/HiForestMiniAOD_1975.root to the chains
list operator is /eos/cms/store/group/phys_heavyions/vpant/ppref2024output/PPRefHardProbes1/crab_ppref2024/250129_034712/0001/HiForestMiniAOD_1976.root
Adding file /eos/cms/store/group/phys_heavyions/vpant/ppref2024output/PPRefHardProbes1/crab_ppref2024/250129_034712/0001/HiForestMiniAOD_1976.root to the chains
Total number of events in those files: 243321

-------------------------------------------------
0 events passed 
100000 events passed 
200000 events passed 
finished