Submit jobs at 
PWD: /afs/cern.ch/user/v/vpant/pprefanalysis

Processing Track_Analyzer.C("input/ppref2024/20250205/ppjet120_set1_20.txt","/eos/user/v/vpant/ppref2024/ppref2024outputfiles/ppjet120_set1_20.root",0,0)...
List of input files founded! --> input/ppref2024/20250205/ppjet120_set1_20.txt
list operator is /eos/cms/store/group/phys_heavyions/vpant/ppref2024output/PPRefHardProbes1/crab_ppref2024/250129_034712/0000/HiForestMiniAOD_955.root
Adding file /eos/cms/store/group/phys_heavyions/vpant/ppref2024output/PPRefHardProbes1/crab_ppref2024/250129_034712/0000/HiForestMiniAOD_955.root to the chains
list operator is /eos/cms/store/group/phys_heavyions/vpant/ppref2024output/PPRefHardProbes1/crab_ppref2024/250129_034712/0000/HiForestMiniAOD_956.root
Adding file /eos/cms/store/group/phys_heavyions/vpant/ppref2024output/PPRefHardProbes1/crab_ppref2024/250129_034712/0000/HiForestMiniAOD_956.root to the chains
list operator is /eos/cms/store/group/phys_heavyions/vpant/ppref2024output/PPRefHardProbes1/crab_ppref2024/250129_034712/0000/HiForestMiniAOD_957.root
Adding file /eos/cms/store/group/phys_heavyions/vpant/ppref2024output/PPRefHardProbes1/crab_ppref2024/250129_034712/0000/HiForestMiniAOD_957.root to the chains
list operator is /eos/cms/store/group/phys_heavyions/vpant/ppref2024output/PPRefHardProbes1/crab_ppref2024/250129_034712/0000/HiForestMiniAOD_958.root
Adding file /eos/cms/store/group/phys_heavyions/vpant/ppref2024output/PPRefHardProbes1/crab_ppref2024/250129_034712/0000/HiForestMiniAOD_958.root to the chains
list operator is /eos/cms/store/group/phys_heavyions/vpant/ppref2024output/PPRefHardProbes1/crab_ppref2024/250129_034712/0000/HiForestMiniAOD_959.root
Adding file /eos/cms/store/group/phys_heavyions/vpant/ppref2024output/PPRefHardProbes1/crab_ppref2024/250129_034712/0000/HiForestMiniAOD_959.root to the chains
list operator is /eos/cms/store/group/phys_heavyions/vpant/ppref2024output/PPRefHardProbes1/crab_ppref2024/250129_034712/0000/HiForestMiniAOD_96.root
Adding file /eos/cms/store/group/phys_heavyions/vpant/ppref2024output/PPRefHardProbes1/crab_ppref2024/250129_034712/0000/HiForestMiniAOD_96.root to the chains
list operator is /eos/cms/store/group/phys_heavyions/vpant/ppref2024output/PPRefHardProbes1/crab_ppref2024/250129_034712/0000/HiForestMiniAOD_960.root
Adding file /eos/cms/store/group/phys_heavyions/vpant/ppref2024output/PPRefHardProbes1/crab_ppref2024/250129_034712/0000/HiForestMiniAOD_960.root to the chains
list operator is /eos/cms/store/group/phys_heavyions/vpant/ppref2024output/PPRefHardProbes1/crab_ppref2024/250129_034712/0000/HiForestMiniAOD_961.root
Adding file /eos/cms/store/group/phys_heavyions/vpant/ppref2024output/PPRefHardProbes1/crab_ppref2024/250129_034712/0000/HiForestMiniAOD_961.root to the chains
list operator is /eos/cms/store/group/phys_heavyions/vpant/ppref2024output/PPRefHardProbes1/crab_ppref2024/250129_034712/0000/HiForestMiniAOD_962.root
Adding file /eos/cms/store/group/phys_heavyions/vpant/ppref2024output/PPRefHardProbes1/crab_ppref2024/250129_034712/0000/HiForestMiniAOD_962.root to the chains
list operator is /eos/cms/store/group/phys_heavyions/vpant/ppref2024output/PPRefHardProbes1/crab_ppref2024/250129_034712/0000/HiForestMiniAOD_963.root
Adding file /eos/cms/store/group/phys_heavyions/vpant/ppref2024output/PPRefHardProbes1/crab_ppref2024/250129_034712/0000/HiForestMiniAOD_963.root to the chains
list operator is /eos/cms/store/group/phys_heavyions/vpant/ppref2024output/PPRefHardProbes1/crab_ppref2024/250129_034712/0000/HiForestMiniAOD_964.root
Adding file /eos/cms/store/group/phys_heavyions/vpant/ppref2024output/PPRefHardProbes1/crab_ppref2024/250129_034712/0000/HiForestMiniAOD_964.root to the chains
list operator is /eos/cms/store/group/phys_heavyions/vpant/ppref2024output/PPRefHardProbes1/crab_ppref2024/250129_034712/0000/HiForestMiniAOD_965.root
Adding file /eos/cms/store/group/phys_heavyions/vpant/ppref2024output/PPRefHardProbes1/crab_ppref2024/250129_034712/0000/HiForestMiniAOD_965.root to the chains
list operator is /eos/cms/store/group/phys_heavyions/vpant/ppref2024output/PPRefHardProbes1/crab_ppref2024/250129_034712/0000/HiForestMiniAOD_966.root
Adding file /eos/cms/store/group/phys_heavyions/vpant/ppref2024output/PPRefHardProbes1/crab_ppref2024/250129_034712/0000/HiForestMiniAOD_966.root to the chains
list operator is /eos/cms/store/group/phys_heavyions/vpant/ppref2024output/PPRefHardProbes1/crab_ppref2024/250129_034712/0000/HiForestMiniAOD_967.root
Adding file /eos/cms/store/group/phys_heavyions/vpant/ppref2024output/PPRefHardProbes1/crab_ppref2024/250129_034712/0000/HiForestMiniAOD_967.root to the chains
list operator is /eos/cms/store/group/phys_heavyions/vpant/ppref2024output/PPRefHardProbes1/crab_ppref2024/250129_034712/0000/HiForestMiniAOD_968.root
Adding file /eos/cms/store/group/phys_heavyions/vpant/ppref2024output/PPRefHardProbes1/crab_ppref2024/250129_034712/0000/HiForestMiniAOD_968.root to the chains
list operator is /eos/cms/store/group/phys_heavyions/vpant/ppref2024output/PPRefHardProbes1/crab_ppref2024/250129_034712/0000/HiForestMiniAOD_969.root
Adding file /eos/cms/store/group/phys_heavyions/vpant/ppref2024output/PPRefHardProbes1/crab_ppref2024/250129_034712/0000/HiForestMiniAOD_969.root to the chains
list operator is /eos/cms/store/group/phys_heavyions/vpant/ppref2024output/PPRefHardProbes1/crab_ppref2024/250129_034712/0000/HiForestMiniAOD_97.root
Adding file /eos/cms/store/group/phys_heavyions/vpant/ppref2024output/PPRefHardProbes1/crab_ppref2024/250129_034712/0000/HiForestMiniAOD_97.root to the chains
list operator is /eos/cms/store/group/phys_heavyions/vpant/ppref2024output/PPRefHardProbes1/crab_ppref2024/250129_034712/0000/HiForestMiniAOD_970.root
Adding file /eos/cms/store/group/phys_heavyions/vpant/ppref2024output/PPRefHardProbes1/crab_ppref2024/250129_034712/0000/HiForestMiniAOD_970.root to the chains
list operator is /eos/cms/store/group/phys_heavyions/vpant/ppref2024output/PPRefHardProbes1/crab_ppref2024/250129_034712/0000/HiForestMiniAOD_971.root
Adding file /eos/cms/store/group/phys_heavyions/vpant/ppref2024output/PPRefHardProbes1/crab_ppref2024/250129_034712/0000/HiForestMiniAOD_971.root to the chains
list operator is /eos/cms/store/group/phys_heavyions/vpant/ppref2024output/PPRefHardProbes1/crab_ppref2024/250129_034712/0000/HiForestMiniAOD_972.root
Adding file /eos/cms/store/group/phys_heavyions/vpant/ppref2024output/PPRefHardProbes1/crab_ppref2024/250129_034712/0000/HiForestMiniAOD_972.root to the chains
list operator is /eos/cms/store/group/phys_heavyions/vpant/ppref2024output/PPRefHardProbes1/crab_ppref2024/250129_034712/0000/HiForestMiniAOD_973.root
Adding file /eos/cms/store/group/phys_heavyions/vpant/ppref2024output/PPRefHardProbes1/crab_ppref2024/250129_034712/0000/HiForestMiniAOD_973.root to the chains
list operator is /eos/cms/store/group/phys_heavyions/vpant/ppref2024output/PPRefHardProbes1/crab_ppref2024/250129_034712/0000/HiForestMiniAOD_974.root
Adding file /eos/cms/store/group/phys_heavyions/vpant/ppref2024output/PPRefHardProbes1/crab_ppref2024/250129_034712/0000/HiForestMiniAOD_974.root to the chains
list operator is /eos/cms/store/group/phys_heavyions/vpant/ppref2024output/PPRefHardProbes1/crab_ppref2024/250129_034712/0000/HiForestMiniAOD_975.root
Adding file /eos/cms/store/group/phys_heavyions/vpant/ppref2024output/PPRefHardProbes1/crab_ppref2024/250129_034712/0000/HiForestMiniAOD_975.root to the chains
list operator is /eos/cms/store/group/phys_heavyions/vpant/ppref2024output/PPRefHardProbes1/crab_ppref2024/250129_034712/0000/HiForestMiniAOD_976.root
Adding file /eos/cms/store/group/phys_heavyions/vpant/ppref2024output/PPRefHardProbes1/crab_ppref2024/250129_034712/0000/HiForestMiniAOD_976.root to the chains
list operator is /eos/cms/store/group/phys_heavyions/vpant/ppref2024output/PPRefHardProbes1/crab_ppref2024/250129_034712/0000/HiForestMiniAOD_977.root
Adding file /eos/cms/store/group/phys_heavyions/vpant/ppref2024output/PPRefHardProbes1/crab_ppref2024/250129_034712/0000/HiForestMiniAOD_977.root to the chains
list operator is /eos/cms/store/group/phys_heavyions/vpant/ppref2024output/PPRefHardProbes1/crab_ppref2024/250129_034712/0000/HiForestMiniAOD_978.root
Adding file /eos/cms/store/group/phys_heavyions/vpant/ppref2024output/PPRefHardProbes1/crab_ppref2024/250129_034712/0000/HiForestMiniAOD_978.root to the chains
list operator is /eos/cms/store/group/phys_heavyions/vpant/ppref2024output/PPRefHardProbes1/crab_ppref2024/250129_034712/0000/HiForestMiniAOD_979.root
Adding file /eos/cms/store/group/phys_heavyions/vpant/ppref2024output/PPRefHardProbes1/crab_ppref2024/250129_034712/0000/HiForestMiniAOD_979.root to the chains
list operator is /eos/cms/store/group/phys_heavyions/vpant/ppref2024output/PPRefHardProbes1/crab_ppref2024/250129_034712/0000/HiForestMiniAOD_98.root
Adding file /eos/cms/store/group/phys_heavyions/vpant/ppref2024output/PPRefHardProbes1/crab_ppref2024/250129_034712/0000/HiForestMiniAOD_98.root to the chains
list operator is /eos/cms/store/group/phys_heavyions/vpant/ppref2024output/PPRefHardProbes1/crab_ppref2024/250129_034712/0000/HiForestMiniAOD_980.root
Adding file /eos/cms/store/group/phys_heavyions/vpant/ppref2024output/PPRefHardProbes1/crab_ppref2024/250129_034712/0000/HiForestMiniAOD_980.root to the chains
list operator is /eos/cms/store/group/phys_heavyions/vpant/ppref2024output/PPRefHardProbes1/crab_ppref2024/250129_034712/0000/HiForestMiniAOD_981.root
Adding file /eos/cms/store/group/phys_heavyions/vpant/ppref2024output/PPRefHardProbes1/crab_ppref2024/250129_034712/0000/HiForestMiniAOD_981.root to the chains
list operator is /eos/cms/store/group/phys_heavyions/vpant/ppref2024output/PPRefHardProbes1/crab_ppref2024/250129_034712/0000/HiForestMiniAOD_982.root
Adding file /eos/cms/store/group/phys_heavyions/vpant/ppref2024output/PPRefHardProbes1/crab_ppref2024/250129_034712/0000/HiForestMiniAOD_982.root to the chains
list operator is /eos/cms/store/group/phys_heavyions/vpant/ppref2024output/PPRefHardProbes1/crab_ppref2024/250129_034712/0000/HiForestMiniAOD_983.root
Adding file /eos/cms/store/group/phys_heavyions/vpant/ppref2024output/PPRefHardProbes1/crab_ppref2024/250129_034712/0000/HiForestMiniAOD_983.root to the chains
list operator is /eos/cms/store/group/phys_heavyions/vpant/ppref2024output/PPRefHardProbes1/crab_ppref2024/250129_034712/0000/HiForestMiniAOD_984.root
Adding file /eos/cms/store/group/phys_heavyions/vpant/ppref2024output/PPRefHardProbes1/crab_ppref2024/250129_034712/0000/HiForestMiniAOD_984.root to the chains
list operator is /eos/cms/store/group/phys_heavyions/vpant/ppref2024output/PPRefHardProbes1/crab_ppref2024/250129_034712/0000/HiForestMiniAOD_985.root
Adding file /eos/cms/store/group/phys_heavyions/vpant/ppref2024output/PPRefHardProbes1/crab_ppref2024/250129_034712/0000/HiForestMiniAOD_985.root to the chains
list operator is /eos/cms/store/group/phys_heavyions/vpant/ppref2024output/PPRefHardProbes1/crab_ppref2024/250129_034712/0000/HiForestMiniAOD_986.root
Adding file /eos/cms/store/group/phys_heavyions/vpant/ppref2024output/PPRefHardProbes1/crab_ppref2024/250129_034712/0000/HiForestMiniAOD_986.root to the chains
list operator is /eos/cms/store/group/phys_heavyions/vpant/ppref2024output/PPRefHardProbes1/crab_ppref2024/250129_034712/0000/HiForestMiniAOD_987.root
Adding file /eos/cms/store/group/phys_heavyions/vpant/ppref2024output/PPRefHardProbes1/crab_ppref2024/250129_034712/0000/HiForestMiniAOD_987.root to the chains
list operator is /eos/cms/store/group/phys_heavyions/vpant/ppref2024output/PPRefHardProbes1/crab_ppref2024/250129_034712/0000/HiForestMiniAOD_988.root
Adding file /eos/cms/store/group/phys_heavyions/vpant/ppref2024output/PPRefHardProbes1/crab_ppref2024/250129_034712/0000/HiForestMiniAOD_988.root to the chains
list operator is /eos/cms/store/group/phys_heavyions/vpant/ppref2024output/PPRefHardProbes1/crab_ppref2024/250129_034712/0000/HiForestMiniAOD_989.root
Adding file /eos/cms/store/group/phys_heavyions/vpant/ppref2024output/PPRefHardProbes1/crab_ppref2024/250129_034712/0000/HiForestMiniAOD_989.root to the chains
list operator is /eos/cms/store/group/phys_heavyions/vpant/ppref2024output/PPRefHardProbes1/crab_ppref2024/250129_034712/0000/HiForestMiniAOD_99.root
Adding file /eos/cms/store/group/phys_heavyions/vpant/ppref2024output/PPRefHardProbes1/crab_ppref2024/250129_034712/0000/HiForestMiniAOD_99.root to the chains
list operator is /eos/cms/store/group/phys_heavyions/vpant/ppref2024output/PPRefHardProbes1/crab_ppref2024/250129_034712/0000/HiForestMiniAOD_990.root
Adding file /eos/cms/store/group/phys_heavyions/vpant/ppref2024output/PPRefHardProbes1/crab_ppref2024/250129_034712/0000/HiForestMiniAOD_990.root to the chains
list operator is /eos/cms/store/group/phys_heavyions/vpant/ppref2024output/PPRefHardProbes1/crab_ppref2024/250129_034712/0000/HiForestMiniAOD_991.root
Adding file /eos/cms/store/group/phys_heavyions/vpant/ppref2024output/PPRefHardProbes1/crab_ppref2024/250129_034712/0000/HiForestMiniAOD_991.root to the chains
list operator is /eos/cms/store/group/phys_heavyions/vpant/ppref2024output/PPRefHardProbes1/crab_ppref2024/250129_034712/0000/HiForestMiniAOD_992.root
Adding file /eos/cms/store/group/phys_heavyions/vpant/ppref2024output/PPRefHardProbes1/crab_ppref2024/250129_034712/0000/HiForestMiniAOD_992.root to the chains
list operator is /eos/cms/store/group/phys_heavyions/vpant/ppref2024output/PPRefHardProbes1/crab_ppref2024/250129_034712/0000/HiForestMiniAOD_993.root
Adding file /eos/cms/store/group/phys_heavyions/vpant/ppref2024output/PPRefHardProbes1/crab_ppref2024/250129_034712/0000/HiForestMiniAOD_993.root to the chains
list operator is /eos/cms/store/group/phys_heavyions/vpant/ppref2024output/PPRefHardProbes1/crab_ppref2024/250129_034712/0000/HiForestMiniAOD_994.root
Adding file /eos/cms/store/group/phys_heavyions/vpant/ppref2024output/PPRefHardProbes1/crab_ppref2024/250129_034712/0000/HiForestMiniAOD_994.root to the chains
list operator is /eos/cms/store/group/phys_heavyions/vpant/ppref2024output/PPRefHardProbes1/crab_ppref2024/250129_034712/0000/HiForestMiniAOD_995.root
Adding file /eos/cms/store/group/phys_heavyions/vpant/ppref2024output/PPRefHardProbes1/crab_ppref2024/250129_034712/0000/HiForestMiniAOD_995.root to the chains
list operator is /eos/cms/store/group/phys_heavyions/vpant/ppref2024output/PPRefHardProbes1/crab_ppref2024/250129_034712/0000/HiForestMiniAOD_996.root
Adding file /eos/cms/store/group/phys_heavyions/vpant/ppref2024output/PPRefHardProbes1/crab_ppref2024/250129_034712/0000/HiForestMiniAOD_996.root to the chains
list operator is /eos/cms/store/group/phys_heavyions/vpant/ppref2024output/PPRefHardProbes1/crab_ppref2024/250129_034712/0000/HiForestMiniAOD_997.root
Adding file /eos/cms/store/group/phys_heavyions/vpant/ppref2024output/PPRefHardProbes1/crab_ppref2024/250129_034712/0000/HiForestMiniAOD_997.root to the chains
list operator is /eos/cms/store/group/phys_heavyions/vpant/ppref2024output/PPRefHardProbes1/crab_ppref2024/250129_034712/0000/HiForestMiniAOD_998.root
Adding file /eos/cms/store/group/phys_heavyions/vpant/ppref2024output/PPRefHardProbes1/crab_ppref2024/250129_034712/0000/HiForestMiniAOD_998.root to the chains
list operator is /eos/cms/store/group/phys_heavyions/vpant/ppref2024output/PPRefHardProbes1/crab_ppref2024/250129_034712/0000/HiForestMiniAOD_999.root
Adding file /eos/cms/store/group/phys_heavyions/vpant/ppref2024output/PPRefHardProbes1/crab_ppref2024/250129_034712/0000/HiForestMiniAOD_999.root to the chains
Total number of events in those files: 95334

-------------------------------------------------
0 events passed 
finished