000 (16548924.016.000) 02/05 22:18:50 Job submitted from host: <188.185.72.155:9618?addrs=188.185.72.155-9618+[2001-1458-d00-8--100-95]-9618&alias=bigbird08.cern.ch&noUDP&sock=schedd_862983_22fa>
...
040 (16548924.016.000) 02/05 22:21:24 Started transferring input files
	Transferring to host: <188.185.193.103:9618?addrs=188.185.193.103-9618+[2001-1458-303-20--100-63]-9618&alias=b9p19p5522.cern.ch&noUDP&sock=slot1_19_2082710_5b0e_3472>
...
040 (16548924.016.000) 02/05 22:21:24 Finished transferring input files
...
001 (16548924.016.000) 02/05 22:21:25 Job executing on host: <188.185.193.103:9618?addrs=188.185.193.103-9618+[2001-1458-303-20--100-63]-9618&alias=b9p19p5522.cern.ch&noUDP&sock=startd_7464_42fb>
	SlotName: slot1_19@b9p19p5522.cern.ch
	CondorScratchDir = "/pool/condor/dir_2172103"
	Cpus = 1
	Disk = 3782
	GPUs = 0
	Memory = 3000
...
006 (16548924.016.000) 02/05 22:21:34 Image size of job updated: 397288
	388  -  MemoryUsage of job (MB)
	397288  -  ResidentSetSize of job (KB)
...
040 (16548924.016.000) 02/05 22:23:48 Started transferring output files
...
040 (16548924.016.000) 02/05 22:23:48 Finished transferring output files
...
005 (16548924.016.000) 02/05 22:23:48 Job terminated.
	(1) Normal termination (return value 0)
		Usr 0 00:02:09, Sys 0 00:00:01  -  Run Remote Usage
		Usr 0 00:00:00, Sys 0 00:00:00  -  Run Local Usage
		Usr 0 00:02:09, Sys 0 00:00:01  -  Total Remote Usage
		Usr 0 00:00:00, Sys 0 00:00:00  -  Total Local Usage
	22794  -  Run Bytes Sent By Job
	10424  -  Run Bytes Received By Job
	22794  -  Total Bytes Sent By Job
	10424  -  Total Bytes Received By Job
	Partitionable Resources :    Usage  Request Allocated 
	   Cpus                 :        0        1         1 
	   Disk (KB)            :       58       12      3782 
	   GPUs                 :                           0 
	   Memory (MB)          :      388     3000      3000 

	Job terminated of its own accord at 2025-02-05T21:23:48Z with exit-code 0.
...
