000 (16548925.013.000) 02/05 22:18:55 Job submitted from host: <188.185.72.155:9618?addrs=188.185.72.155-9618+[2001-1458-d00-8--100-95]-9618&alias=bigbird08.cern.ch&noUDP&sock=schedd_862983_22fa>
...
040 (16548925.013.000) 02/05 22:21:30 Started transferring input files
	Transferring to host: <188.185.195.135:9618?addrs=188.185.195.135-9618+[2001-1458-303-22--100-83]-9618&alias=b9p17p6149.cern.ch&noUDP&sock=slot1_13_264340_3176_86946>
...
040 (16548925.013.000) 02/05 22:21:30 Finished transferring input files
...
001 (16548925.013.000) 02/05 22:21:31 Job executing on host: <188.185.195.135:9618?addrs=188.185.195.135-9618+[2001-1458-303-22--100-83]-9618&alias=b9p17p6149.cern.ch&noUDP&sock=startd_7364_ab82>
	SlotName: slot1_13@b9p17p6149.cern.ch
	CondorScratchDir = "/pool/condor/dir_231407"
	Cpus = 1
	Disk = 3964
	GPUs = 0
	Memory = 3000
...
006 (16548925.013.000) 02/05 22:21:39 Image size of job updated: 1892
	2  -  MemoryUsage of job (MB)
	1892  -  ResidentSetSize of job (KB)
...
006 (16548925.013.000) 02/05 22:26:39 Image size of job updated: 899612
	879  -  MemoryUsage of job (MB)
	899612  -  ResidentSetSize of job (KB)
...
006 (16548925.013.000) 02/05 22:31:39 Image size of job updated: 1402020
	1370  -  MemoryUsage of job (MB)
	1402020  -  ResidentSetSize of job (KB)
...
040 (16548925.013.000) 02/05 22:34:55 Started transferring output files
...
040 (16548925.013.000) 02/05 22:34:55 Finished transferring output files
...
005 (16548925.013.000) 02/05 22:34:55 Job terminated.
	(1) Normal termination (return value 0)
		Usr 0 00:12:21, Sys 0 00:00:04  -  Run Remote Usage
		Usr 0 00:00:00, Sys 0 00:00:00  -  Run Local Usage
		Usr 0 00:12:21, Sys 0 00:00:04  -  Total Remote Usage
		Usr 0 00:00:00, Sys 0 00:00:00  -  Total Local Usage
	22949  -  Run Bytes Sent By Job
	10424  -  Run Bytes Received By Job
	22949  -  Total Bytes Sent By Job
	10424  -  Total Bytes Received By Job
	Partitionable Resources :    Usage  Request Allocated 
	   Cpus                 :     0.99        1         1 
	   Disk (KB)            :    58          12      3964 
	   GPUs                 :                           0 
	   Memory (MB)          :  1370        3000      3000 

	Job terminated of its own accord at 2025-02-05T21:34:55Z with exit-code 0.
...
