000 (16548925.011.000) 02/05 22:18:55 Job submitted from host: <188.185.72.155:9618?addrs=188.185.72.155-9618+[2001-1458-d00-8--100-95]-9618&alias=bigbird08.cern.ch&noUDP&sock=schedd_862983_22fa>
...
040 (16548925.011.000) 02/05 22:21:30 Started transferring input files
	Transferring to host: <188.185.204.196:9618?addrs=188.185.204.196-9618+[2001-1458-303-8--100-b8]-9618&alias=b9p02p9779.cern.ch&noUDP&sock=slot1_48_9592_2e7f_3356>
...
040 (16548925.011.000) 02/05 22:21:30 Finished transferring input files
...
001 (16548925.011.000) 02/05 22:21:31 Job executing on host: <188.185.204.196:9618?addrs=188.185.204.196-9618+[2001-1458-303-8--100-b8]-9618&alias=b9p02p9779.cern.ch&noUDP&sock=startd_8564_c528>
	SlotName: slot1_48@b9p02p9779.cern.ch
	CondorScratchDir = "/pool/condor/dir_653187"
	Cpus = 1
	Disk = 3557
	GPUs = 0
	Memory = 3000
...
006 (16548925.011.000) 02/05 22:21:44 Image size of job updated: 90384
	89  -  MemoryUsage of job (MB)
	90384  -  ResidentSetSize of job (KB)
...
006 (16548925.011.000) 02/05 22:26:44 Image size of job updated: 1152664
	1126  -  MemoryUsage of job (MB)
	1152664  -  ResidentSetSize of job (KB)
...
006 (16548925.011.000) 02/05 22:27:59 Image size of job updated: 1387696
	1126  -  MemoryUsage of job (MB)
	1152672  -  ResidentSetSize of job (KB)
...
040 (16548925.011.000) 02/05 22:28:00 Started transferring output files
...
040 (16548925.011.000) 02/05 22:28:00 Finished transferring output files
...
005 (16548925.011.000) 02/05 22:28:00 Job terminated.
	(1) Normal termination (return value 0)
		Usr 0 00:05:49, Sys 0 00:00:03  -  Run Remote Usage
		Usr 0 00:00:00, Sys 0 00:00:00  -  Run Local Usage
		Usr 0 00:05:49, Sys 0 00:00:03  -  Total Remote Usage
		Usr 0 00:00:00, Sys 0 00:00:00  -  Total Local Usage
	22949  -  Run Bytes Sent By Job
	10424  -  Run Bytes Received By Job
	22949  -  Total Bytes Sent By Job
	10424  -  Total Bytes Received By Job
	Partitionable Resources :    Usage  Request Allocated 
	   Cpus                 :     0.91        1         1 
	   Disk (KB)            :    63          12      3557 
	   GPUs                 :                           0 
	   Memory (MB)          :  1126        3000      3000 

	Job terminated of its own accord at 2025-02-05T21:27:59Z with exit-code 0.
...
