000 (16548925.017.000) 02/05 22:18:55 Job submitted from host: <188.185.72.155:9618?addrs=188.185.72.155-9618+[2001-1458-d00-8--100-95]-9618&alias=bigbird08.cern.ch&noUDP&sock=schedd_862983_22fa>
...
040 (16548925.017.000) 02/05 22:21:31 Started transferring input files
	Transferring to host: <188.185.196.28:9618?addrs=188.185.196.28-9618+[2001-1458-303-23--100-18]-9618&alias=b9p16p9803.cern.ch&noUDP&sock=slot1_35_37609_b152_3308>
...
040 (16548925.017.000) 02/05 22:21:31 Finished transferring input files
...
001 (16548925.017.000) 02/05 22:21:32 Job executing on host: <188.185.196.28:9618?addrs=188.185.196.28-9618+[2001-1458-303-23--100-18]-9618&alias=b9p16p9803.cern.ch&noUDP&sock=startd_11197_ca05>
	SlotName: slot1_35@b9p16p9803.cern.ch
	CondorScratchDir = "/pool/condor/dir_2905617"
	Cpus = 1
	Disk = 3962
	GPUs = 0
	Memory = 3000
...
006 (16548925.017.000) 02/05 22:21:40 Image size of job updated: 63252
	62  -  MemoryUsage of job (MB)
	63252  -  ResidentSetSize of job (KB)
...
006 (16548925.017.000) 02/05 22:26:40 Image size of job updated: 754516
	737  -  MemoryUsage of job (MB)
	754516  -  ResidentSetSize of job (KB)
...
006 (16548925.017.000) 02/05 22:31:41 Image size of job updated: 1359160
	1328  -  MemoryUsage of job (MB)
	1359160  -  ResidentSetSize of job (KB)
...
006 (16548925.017.000) 02/05 22:36:41 Image size of job updated: 1920232
	1876  -  MemoryUsage of job (MB)
	1920232  -  ResidentSetSize of job (KB)
...
040 (16548925.017.000) 02/05 22:39:35 Started transferring output files
...
040 (16548925.017.000) 02/05 22:39:35 Finished transferring output files
...
005 (16548925.017.000) 02/05 22:39:35 Job terminated.
	(1) Normal termination (return value 0)
		Usr 0 00:16:06, Sys 0 00:00:07  -  Run Remote Usage
		Usr 0 00:00:00, Sys 0 00:00:00  -  Run Local Usage
		Usr 0 00:16:06, Sys 0 00:00:07  -  Total Remote Usage
		Usr 0 00:00:00, Sys 0 00:00:00  -  Total Local Usage
	22971  -  Run Bytes Sent By Job
	10424  -  Run Bytes Received By Job
	22971  -  Total Bytes Sent By Job
	10424  -  Total Bytes Received By Job
	Partitionable Resources :    Usage  Request Allocated 
	   Cpus                 :     0.92        1         1 
	   Disk (KB)            :    57          12      3962 
	   GPUs                 :                           0 
	   Memory (MB)          :  1876        3000      3000 

	Job terminated of its own accord at 2025-02-05T21:39:35Z with exit-code 0.
...
