000 (16548925.002.000) 02/05 22:18:55 Job submitted from host: <188.185.72.155:9618?addrs=188.185.72.155-9618+[2001-1458-d00-8--100-95]-9618&alias=bigbird08.cern.ch&noUDP&sock=schedd_862983_22fa>
...
040 (16548925.002.000) 02/05 22:21:26 Started transferring input files
	Transferring to host: <188.185.193.120:9618?addrs=188.185.193.120-9618+[2001-1458-303-20--100-74]-9618&alias=b9p19p7803.cern.ch&noUDP&sock=slot1_4_4114317_4664_64540>
...
040 (16548925.002.000) 02/05 22:21:26 Finished transferring input files
...
001 (16548925.002.000) 02/05 22:21:27 Job executing on host: <188.185.193.120:9618?addrs=188.185.193.120-9618+[2001-1458-303-20--100-74]-9618&alias=b9p19p7803.cern.ch&noUDP&sock=startd_11080_8971>
	SlotName: slot1_4@b9p19p7803.cern.ch
	CondorScratchDir = "/pool/condor/dir_4166164"
	Cpus = 1
	Disk = 3675
	GPUs = 0
	Memory = 3000
...
006 (16548925.002.000) 02/05 22:21:35 Image size of job updated: 376796
	368  -  MemoryUsage of job (MB)
	376796  -  ResidentSetSize of job (KB)
...
006 (16548925.002.000) 02/05 22:26:35 Image size of job updated: 844052
	825  -  MemoryUsage of job (MB)
	844052  -  ResidentSetSize of job (KB)
...
006 (16548925.002.000) 02/05 22:31:36 Image size of job updated: 1389364
	1357  -  MemoryUsage of job (MB)
	1389364  -  ResidentSetSize of job (KB)
...
040 (16548925.002.000) 02/05 22:36:17 Started transferring output files
...
040 (16548925.002.000) 02/05 22:36:17 Finished transferring output files
...
005 (16548925.002.000) 02/05 22:36:17 Job terminated.
	(1) Normal termination (return value 0)
		Usr 0 00:13:53, Sys 0 00:00:05  -  Run Remote Usage
		Usr 0 00:00:00, Sys 0 00:00:00  -  Run Local Usage
		Usr 0 00:13:53, Sys 0 00:00:05  -  Total Remote Usage
		Usr 0 00:00:00, Sys 0 00:00:00  -  Total Local Usage
	22968  -  Run Bytes Sent By Job
	10424  -  Run Bytes Received By Job
	22968  -  Total Bytes Sent By Job
	10424  -  Total Bytes Received By Job
	Partitionable Resources :    Usage  Request Allocated 
	   Cpus                 :     0.91        1         1 
	   Disk (KB)            :    58          12      3675 
	   GPUs                 :                           0 
	   Memory (MB)          :  1357        3000      3000 

	Job terminated of its own accord at 2025-02-05T21:36:17Z with exit-code 0.
...
