000 (16548924.010.000) 02/05 22:18:50 Job submitted from host: <188.185.72.155:9618?addrs=188.185.72.155-9618+[2001-1458-d00-8--100-95]-9618&alias=bigbird08.cern.ch&noUDP&sock=schedd_862983_22fa>
...
040 (16548924.010.000) 02/05 22:21:22 Started transferring input files
	Transferring to host: <188.185.194.120:9618?addrs=188.185.194.120-9618+[2001-1458-303-21--100-74]-9618&alias=b9p20p8045.cern.ch&noUDP&sock=slot1_15_649416_1221_26403>
...
040 (16548924.010.000) 02/05 22:21:22 Finished transferring input files
...
001 (16548924.010.000) 02/05 22:21:23 Job executing on host: <188.185.194.120:9618?addrs=188.185.194.120-9618+[2001-1458-303-21--100-74]-9618&alias=b9p20p8045.cern.ch&noUDP&sock=startd_8975_ae95>
	SlotName: slot1_15@b9p20p8045.cern.ch
	CondorScratchDir = "/pool/condor/dir_3009821"
	Cpus = 1
	Disk = 3794
	GPUs = 0
	Memory = 3000
...
006 (16548924.010.000) 02/05 22:21:31 Image size of job updated: 265476
	260  -  MemoryUsage of job (MB)
	265476  -  ResidentSetSize of job (KB)
...
006 (16548924.010.000) 02/05 22:26:31 Image size of job updated: 1103352
	1078  -  MemoryUsage of job (MB)
	1103352  -  ResidentSetSize of job (KB)
...
040 (16548924.010.000) 02/05 22:29:41 Started transferring output files
...
040 (16548924.010.000) 02/05 22:29:41 Finished transferring output files
...
005 (16548924.010.000) 02/05 22:29:41 Job terminated.
	(1) Normal termination (return value 0)
		Usr 0 00:07:45, Sys 0 00:00:03  -  Run Remote Usage
		Usr 0 00:00:00, Sys 0 00:00:00  -  Run Local Usage
		Usr 0 00:07:45, Sys 0 00:00:03  -  Total Remote Usage
		Usr 0 00:00:00, Sys 0 00:00:00  -  Total Local Usage
	22839  -  Run Bytes Sent By Job
	10424  -  Run Bytes Received By Job
	22839  -  Total Bytes Sent By Job
	10424  -  Total Bytes Received By Job
	Partitionable Resources :    Usage  Request Allocated 
	   Cpus                 :     0.94        1         1 
	   Disk (KB)            :    58          12      3794 
	   GPUs                 :                           0 
	   Memory (MB)          :  1078        3000      3000 

	Job terminated of its own accord at 2025-02-05T21:29:41Z with exit-code 0.
...
