000 (16548924.012.000) 02/05 22:18:50 Job submitted from host: <188.185.72.155:9618?addrs=188.185.72.155-9618+[2001-1458-d00-8--100-95]-9618&alias=bigbird08.cern.ch&noUDP&sock=schedd_862983_22fa>
...
040 (16548924.012.000) 02/05 22:21:21 Started transferring input files
	Transferring to host: <188.185.193.22:9618?addrs=188.185.193.22-9618+[2001-1458-303-20--100-12]-9618&alias=b9p19p8107.cern.ch&noUDP&sock=slot1_36_1821583_c2f3_45082>
...
040 (16548924.012.000) 02/05 22:21:21 Finished transferring input files
...
001 (16548924.012.000) 02/05 22:21:22 Job executing on host: <188.185.193.22:9618?addrs=188.185.193.22-9618+[2001-1458-303-20--100-12]-9618&alias=b9p19p8107.cern.ch&noUDP&sock=startd_7392_e029>
	SlotName: slot1_36@b9p19p8107.cern.ch
	CondorScratchDir = "/pool/condor/dir_2915798"
	Cpus = 1
	Disk = 3937
	GPUs = 0
	Memory = 3000
...
006 (16548924.012.000) 02/05 22:21:30 Image size of job updated: 109552
	107  -  MemoryUsage of job (MB)
	109552  -  ResidentSetSize of job (KB)
...
006 (16548924.012.000) 02/05 22:26:30 Image size of job updated: 1022144
	999  -  MemoryUsage of job (MB)
	1022144  -  ResidentSetSize of job (KB)
...
040 (16548924.012.000) 02/05 22:28:03 Started transferring output files
...
040 (16548924.012.000) 02/05 22:28:03 Finished transferring output files
...
005 (16548924.012.000) 02/05 22:28:03 Job terminated.
	(1) Normal termination (return value 0)
		Usr 0 00:06:07, Sys 0 00:00:02  -  Run Remote Usage
		Usr 0 00:00:00, Sys 0 00:00:00  -  Run Local Usage
		Usr 0 00:06:07, Sys 0 00:00:02  -  Total Remote Usage
		Usr 0 00:00:00, Sys 0 00:00:00  -  Total Local Usage
	22839  -  Run Bytes Sent By Job
	10424  -  Run Bytes Received By Job
	22839  -  Total Bytes Sent By Job
	10424  -  Total Bytes Received By Job
	Partitionable Resources :    Usage  Request Allocated 
	   Cpus                 :        0        1         1 
	   Disk (KB)            :       58       12      3937 
	   GPUs                 :                           0 
	   Memory (MB)          :      999     3000      3000 

	Job terminated of its own accord at 2025-02-05T21:28:03Z with exit-code 0.
...
