000 (16548924.011.000) 02/05 22:18:50 Job submitted from host: <188.185.72.155:9618?addrs=188.185.72.155-9618+[2001-1458-d00-8--100-95]-9618&alias=bigbird08.cern.ch&noUDP&sock=schedd_862983_22fa>
...
040 (16548924.011.000) 02/05 22:21:21 Started transferring input files
	Transferring to host: <188.185.194.13:9618?addrs=188.185.194.13-9618+[2001-1458-303-21--100-9]-9618&alias=b9p20p8620.cern.ch&noUDP&sock=slot1_4_861339_feeb_30553>
...
040 (16548924.011.000) 02/05 22:21:21 Finished transferring input files
...
001 (16548924.011.000) 02/05 22:21:22 Job executing on host: <188.185.194.13:9618?addrs=188.185.194.13-9618+[2001-1458-303-21--100-9]-9618&alias=b9p20p8620.cern.ch&noUDP&sock=startd_6536_bb18>
	SlotName: slot1_4@b9p20p8620.cern.ch
	CondorScratchDir = "/pool/condor/dir_1003960"
	Cpus = 1
	Disk = 3850
	GPUs = 0
	Memory = 3000
...
006 (16548924.011.000) 02/05 22:21:30 Image size of job updated: 85936
	84  -  MemoryUsage of job (MB)
	85936  -  ResidentSetSize of job (KB)
...
006 (16548924.011.000) 02/05 22:26:30 Image size of job updated: 1090580
	1066  -  MemoryUsage of job (MB)
	1090580  -  ResidentSetSize of job (KB)
...
040 (16548924.011.000) 02/05 22:29:12 Started transferring output files
...
040 (16548924.011.000) 02/05 22:29:12 Finished transferring output files
...
005 (16548924.011.000) 02/05 22:29:12 Job terminated.
	(1) Normal termination (return value 0)
		Usr 0 00:07:07, Sys 0 00:00:03  -  Run Remote Usage
		Usr 0 00:00:00, Sys 0 00:00:00  -  Run Local Usage
		Usr 0 00:07:07, Sys 0 00:00:03  -  Total Remote Usage
		Usr 0 00:00:00, Sys 0 00:00:00  -  Total Local Usage
	22859  -  Run Bytes Sent By Job
	10424  -  Run Bytes Received By Job
	22859  -  Total Bytes Sent By Job
	10424  -  Total Bytes Received By Job
	Partitionable Resources :    Usage  Request Allocated 
	   Cpus                 :        0        1         1 
	   Disk (KB)            :       57       12      3850 
	   GPUs                 :                           0 
	   Memory (MB)          :     1066     3000      3000 

	Job terminated of its own accord at 2025-02-05T21:29:12Z with exit-code 0.
...
