000 (16548925.004.000) 02/05 22:18:55 Job submitted from host: <188.185.72.155:9618?addrs=188.185.72.155-9618+[2001-1458-d00-8--100-95]-9618&alias=bigbird08.cern.ch&noUDP&sock=schedd_862983_22fa>
...
040 (16548925.004.000) 02/05 22:21:26 Started transferring input files
	Transferring to host: <188.185.198.26:9618?addrs=188.185.198.26-9618+[2001-1458-303-25--100-16]-9618&alias=b9p15p5462.cern.ch&noUDP&sock=slot1_32_8577_05b6_103540>
...
040 (16548925.004.000) 02/05 22:21:26 Finished transferring input files
...
001 (16548925.004.000) 02/05 22:21:27 Job executing on host: <188.185.198.26:9618?addrs=188.185.198.26-9618+[2001-1458-303-25--100-16]-9618&alias=b9p15p5462.cern.ch&noUDP&sock=startd_7631_cf4c>
	SlotName: slot1_32@b9p15p5462.cern.ch
	CondorScratchDir = "/pool/condor/dir_1533685"
	Cpus = 1
	Disk = 3852
	GPUs = 0
	Memory = 3000
...
006 (16548925.004.000) 02/05 22:21:35 Image size of job updated: 381532
	373  -  MemoryUsage of job (MB)
	381532  -  ResidentSetSize of job (KB)
...
006 (16548925.004.000) 02/05 22:22:41 Image size of job updated: 381532
	373  -  MemoryUsage of job (MB)
	381540  -  ResidentSetSize of job (KB)
...
040 (16548925.004.000) 02/05 22:22:41 Started transferring output files
...
040 (16548925.004.000) 02/05 22:22:41 Finished transferring output files
...
005 (16548925.004.000) 02/05 22:22:41 Job terminated.
	(1) Normal termination (return value 0)
		Usr 0 00:00:58, Sys 0 00:00:01  -  Run Remote Usage
		Usr 0 00:00:00, Sys 0 00:00:00  -  Run Local Usage
		Usr 0 00:00:58, Sys 0 00:00:01  -  Total Remote Usage
		Usr 0 00:00:00, Sys 0 00:00:00  -  Total Local Usage
	22901  -  Run Bytes Sent By Job
	10424  -  Run Bytes Received By Job
	22901  -  Total Bytes Sent By Job
	10424  -  Total Bytes Received By Job
	Partitionable Resources :    Usage  Request Allocated 
	   Cpus                 :        0        1         1 
	   Disk (KB)            :       58       12      3852 
	   GPUs                 :                           0 
	   Memory (MB)          :      373     3000      3000 

	Job terminated of its own accord at 2025-02-05T21:22:41Z with exit-code 0.
...
