000 (16548925.019.000) 02/05 22:18:55 Job submitted from host: <188.185.72.155:9618?addrs=188.185.72.155-9618+[2001-1458-d00-8--100-95]-9618&alias=bigbird08.cern.ch&noUDP&sock=schedd_862983_22fa>
...
040 (16548925.019.000) 02/05 22:21:31 Started transferring input files
	Transferring to host: <188.185.195.168:9618?addrs=188.185.195.168-9618+[2001-1458-303-22--100-a4]-9618&alias=b9p17p4836.cern.ch&noUDP&sock=slot1_12_3478401_ece1_3771>
...
040 (16548925.019.000) 02/05 22:21:31 Finished transferring input files
...
001 (16548925.019.000) 02/05 22:21:32 Job executing on host: <188.185.195.168:9618?addrs=188.185.195.168-9618+[2001-1458-303-22--100-a4]-9618&alias=b9p17p4836.cern.ch&noUDP&sock=startd_6598_41f7>
	SlotName: slot1_12@b9p17p4836.cern.ch
	CondorScratchDir = "/pool/condor/dir_3675874"
	Cpus = 1
	Disk = 3925
	GPUs = 0
	Memory = 3000
...
006 (16548925.019.000) 02/05 22:21:40 Image size of job updated: 1888
	2  -  MemoryUsage of job (MB)
	1888  -  ResidentSetSize of job (KB)
...
006 (16548925.019.000) 02/05 22:26:40 Image size of job updated: 814052
	795  -  MemoryUsage of job (MB)
	814052  -  ResidentSetSize of job (KB)
...
040 (16548925.019.000) 02/05 22:31:07 Started transferring output files
...
040 (16548925.019.000) 02/05 22:31:07 Finished transferring output files
...
005 (16548925.019.000) 02/05 22:31:07 Job terminated.
	(1) Normal termination (return value 0)
		Usr 0 00:08:41, Sys 0 00:00:03  -  Run Remote Usage
		Usr 0 00:00:00, Sys 0 00:00:00  -  Run Local Usage
		Usr 0 00:08:41, Sys 0 00:00:03  -  Total Remote Usage
		Usr 0 00:00:00, Sys 0 00:00:00  -  Total Local Usage
	15750  -  Run Bytes Sent By Job
	10424  -  Run Bytes Received By Job
	15750  -  Total Bytes Sent By Job
	10424  -  Total Bytes Received By Job
	Partitionable Resources :    Usage  Request Allocated 
	   Cpus                 :     0.96        1         1 
	   Disk (KB)            :    50          12      3925 
	   GPUs                 :                           0 
	   Memory (MB)          :   795        3000      3000 

	Job terminated of its own accord at 2025-02-05T21:31:07Z with exit-code 0.
...
