000 (16548924.009.000) 02/05 22:18:50 Job submitted from host: <188.185.72.155:9618?addrs=188.185.72.155-9618+[2001-1458-d00-8--100-95]-9618&alias=bigbird08.cern.ch&noUDP&sock=schedd_862983_22fa>
...
040 (16548924.009.000) 02/05 22:21:21 Started transferring input files
	Transferring to host: <188.185.193.115:9618?addrs=188.185.193.115-9618+[2001-1458-303-20--100-6f]-9618&alias=b9p19p4659.cern.ch&noUDP&sock=slot1_17_1023850_b25c_70094>
...
040 (16548924.009.000) 02/05 22:21:21 Finished transferring input files
...
001 (16548924.009.000) 02/05 22:21:22 Job executing on host: <188.185.193.115:9618?addrs=188.185.193.115-9618+[2001-1458-303-20--100-6f]-9618&alias=b9p19p4659.cern.ch&noUDP&sock=startd_6087_c112>
	SlotName: slot1_17@b9p19p4659.cern.ch
	CondorScratchDir = "/pool/condor/dir_1216304"
	Cpus = 1
	Disk = 3797
	GPUs = 0
	Memory = 3000
...
006 (16548924.009.000) 02/05 22:21:30 Image size of job updated: 164624
	161  -  MemoryUsage of job (MB)
	164624  -  ResidentSetSize of job (KB)
...
006 (16548924.009.000) 02/05 22:24:11 Image size of job updated: 164624
	161  -  MemoryUsage of job (MB)
	164628  -  ResidentSetSize of job (KB)
...
040 (16548924.009.000) 02/05 22:24:11 Started transferring output files
...
040 (16548924.009.000) 02/05 22:24:11 Finished transferring output files
...
005 (16548924.009.000) 02/05 22:24:11 Job terminated.
	(1) Normal termination (return value 0)
		Usr 0 00:02:21, Sys 0 00:00:01  -  Run Remote Usage
		Usr 0 00:00:00, Sys 0 00:00:00  -  Run Local Usage
		Usr 0 00:02:21, Sys 0 00:00:01  -  Total Remote Usage
		Usr 0 00:00:00, Sys 0 00:00:00  -  Total Local Usage
	22796  -  Run Bytes Sent By Job
	10424  -  Run Bytes Received By Job
	22796  -  Total Bytes Sent By Job
	10424  -  Total Bytes Received By Job
	Partitionable Resources :    Usage  Request Allocated 
	   Cpus                 :        0        1         1 
	   Disk (KB)            :       58       12      3797 
	   GPUs                 :                           0 
	   Memory (MB)          :      161     3000      3000 

	Job terminated of its own accord at 2025-02-05T21:24:11Z with exit-code 0.
...
