Submit jobs at 
PWD: /afs/cern.ch/user/v/vpant/pprefanalysis

Processing Track_Analyzer.C("input/ppref2024/20250205/ppjet120_set1_15.txt","/eos/user/v/vpant/ppref2024/ppref2024outputfiles/ppjet120_set1_15.root",0,0)...
List of input files founded! --> input/ppref2024/20250205/ppjet120_set1_15.txt
list operator is /eos/cms/store/group/phys_heavyions/vpant/ppref2024output/PPRefHardProbes1/crab_ppref2024/250129_034712/0000/HiForestMiniAOD_73.root
Adding file /eos/cms/store/group/phys_heavyions/vpant/ppref2024output/PPRefHardProbes1/crab_ppref2024/250129_034712/0000/HiForestMiniAOD_73.root to the chains
list operator is /eos/cms/store/group/phys_heavyions/vpant/ppref2024output/PPRefHardProbes1/crab_ppref2024/250129_034712/0000/HiForestMiniAOD_730.root
Adding file /eos/cms/store/group/phys_heavyions/vpant/ppref2024output/PPRefHardProbes1/crab_ppref2024/250129_034712/0000/HiForestMiniAOD_730.root to the chains
list operator is /eos/cms/store/group/phys_heavyions/vpant/ppref2024output/PPRefHardProbes1/crab_ppref2024/250129_034712/0000/HiForestMiniAOD_731.root
Adding file /eos/cms/store/group/phys_heavyions/vpant/ppref2024output/PPRefHardProbes1/crab_ppref2024/250129_034712/0000/HiForestMiniAOD_731.root to the chains
list operator is /eos/cms/store/group/phys_heavyions/vpant/ppref2024output/PPRefHardProbes1/crab_ppref2024/250129_034712/0000/HiForestMiniAOD_732.root
Adding file /eos/cms/store/group/phys_heavyions/vpant/ppref2024output/PPRefHardProbes1/crab_ppref2024/250129_034712/0000/HiForestMiniAOD_732.root to the chains
list operator is /eos/cms/store/group/phys_heavyions/vpant/ppref2024output/PPRefHardProbes1/crab_ppref2024/250129_034712/0000/HiForestMiniAOD_733.root
Adding file /eos/cms/store/group/phys_heavyions/vpant/ppref2024output/PPRefHardProbes1/crab_ppref2024/250129_034712/0000/HiForestMiniAOD_733.root to the chains
list operator is /eos/cms/store/group/phys_heavyions/vpant/ppref2024output/PPRefHardProbes1/crab_ppref2024/250129_034712/0000/HiForestMiniAOD_734.root
Adding file /eos/cms/store/group/phys_heavyions/vpant/ppref2024output/PPRefHardProbes1/crab_ppref2024/250129_034712/0000/HiForestMiniAOD_734.root to the chains
list operator is /eos/cms/store/group/phys_heavyions/vpant/ppref2024output/PPRefHardProbes1/crab_ppref2024/250129_034712/0000/HiForestMiniAOD_735.root
Adding file /eos/cms/store/group/phys_heavyions/vpant/ppref2024output/PPRefHardProbes1/crab_ppref2024/250129_034712/0000/HiForestMiniAOD_735.root to the chains
list operator is /eos/cms/store/group/phys_heavyions/vpant/ppref2024output/PPRefHardProbes1/crab_ppref2024/250129_034712/0000/HiForestMiniAOD_736.root
Adding file /eos/cms/store/group/phys_heavyions/vpant/ppref2024output/PPRefHardProbes1/crab_ppref2024/250129_034712/0000/HiForestMiniAOD_736.root to the chains
list operator is /eos/cms/store/group/phys_heavyions/vpant/ppref2024output/PPRefHardProbes1/crab_ppref2024/250129_034712/0000/HiForestMiniAOD_737.root
Adding file /eos/cms/store/group/phys_heavyions/vpant/ppref2024output/PPRefHardProbes1/crab_ppref2024/250129_034712/0000/HiForestMiniAOD_737.root to the chains
list operator is /eos/cms/store/group/phys_heavyions/vpant/ppref2024output/PPRefHardProbes1/crab_ppref2024/250129_034712/0000/HiForestMiniAOD_738.root
Adding file /eos/cms/store/group/phys_heavyions/vpant/ppref2024output/PPRefHardProbes1/crab_ppref2024/250129_034712/0000/HiForestMiniAOD_738.root to the chains
list operator is /eos/cms/store/group/phys_heavyions/vpant/ppref2024output/PPRefHardProbes1/crab_ppref2024/250129_034712/0000/HiForestMiniAOD_739.root
Adding file /eos/cms/store/group/phys_heavyions/vpant/ppref2024output/PPRefHardProbes1/crab_ppref2024/250129_034712/0000/HiForestMiniAOD_739.root to the chains
list operator is /eos/cms/store/group/phys_heavyions/vpant/ppref2024output/PPRefHardProbes1/crab_ppref2024/250129_034712/0000/HiForestMiniAOD_74.root
Adding file /eos/cms/store/group/phys_heavyions/vpant/ppref2024output/PPRefHardProbes1/crab_ppref2024/250129_034712/0000/HiForestMiniAOD_74.root to the chains
list operator is /eos/cms/store/group/phys_heavyions/vpant/ppref2024output/PPRefHardProbes1/crab_ppref2024/250129_034712/0000/HiForestMiniAOD_740.root
Adding file /eos/cms/store/group/phys_heavyions/vpant/ppref2024output/PPRefHardProbes1/crab_ppref2024/250129_034712/0000/HiForestMiniAOD_740.root to the chains
list operator is /eos/cms/store/group/phys_heavyions/vpant/ppref2024output/PPRefHardProbes1/crab_ppref2024/250129_034712/0000/HiForestMiniAOD_741.root
Adding file /eos/cms/store/group/phys_heavyions/vpant/ppref2024output/PPRefHardProbes1/crab_ppref2024/250129_034712/0000/HiForestMiniAOD_741.root to the chains
list operator is /eos/cms/store/group/phys_heavyions/vpant/ppref2024output/PPRefHardProbes1/crab_ppref2024/250129_034712/0000/HiForestMiniAOD_742.root
Adding file /eos/cms/store/group/phys_heavyions/vpant/ppref2024output/PPRefHardProbes1/crab_ppref2024/250129_034712/0000/HiForestMiniAOD_742.root to the chains
list operator is /eos/cms/store/group/phys_heavyions/vpant/ppref2024output/PPRefHardProbes1/crab_ppref2024/250129_034712/0000/HiForestMiniAOD_743.root
Adding file /eos/cms/store/group/phys_heavyions/vpant/ppref2024output/PPRefHardProbes1/crab_ppref2024/250129_034712/0000/HiForestMiniAOD_743.root to the chains
list operator is /eos/cms/store/group/phys_heavyions/vpant/ppref2024output/PPRefHardProbes1/crab_ppref2024/250129_034712/0000/HiForestMiniAOD_744.root
Adding file /eos/cms/store/group/phys_heavyions/vpant/ppref2024output/PPRefHardProbes1/crab_ppref2024/250129_034712/0000/HiForestMiniAOD_744.root to the chains
list operator is /eos/cms/store/group/phys_heavyions/vpant/ppref2024output/PPRefHardProbes1/crab_ppref2024/250129_034712/0000/HiForestMiniAOD_745.root
Adding file /eos/cms/store/group/phys_heavyions/vpant/ppref2024output/PPRefHardProbes1/crab_ppref2024/250129_034712/0000/HiForestMiniAOD_745.root to the chains
list operator is /eos/cms/store/group/phys_heavyions/vpant/ppref2024output/PPRefHardProbes1/crab_ppref2024/250129_034712/0000/HiForestMiniAOD_746.root
Adding file /eos/cms/store/group/phys_heavyions/vpant/ppref2024output/PPRefHardProbes1/crab_ppref2024/250129_034712/0000/HiForestMiniAOD_746.root to the chains
list operator is /eos/cms/store/group/phys_heavyions/vpant/ppref2024output/PPRefHardProbes1/crab_ppref2024/250129_034712/0000/HiForestMiniAOD_747.root
Adding file /eos/cms/store/group/phys_heavyions/vpant/ppref2024output/PPRefHardProbes1/crab_ppref2024/250129_034712/0000/HiForestMiniAOD_747.root to the chains
list operator is /eos/cms/store/group/phys_heavyions/vpant/ppref2024output/PPRefHardProbes1/crab_ppref2024/250129_034712/0000/HiForestMiniAOD_748.root
Adding file /eos/cms/store/group/phys_heavyions/vpant/ppref2024output/PPRefHardProbes1/crab_ppref2024/250129_034712/0000/HiForestMiniAOD_748.root to the chains
list operator is /eos/cms/store/group/phys_heavyions/vpant/ppref2024output/PPRefHardProbes1/crab_ppref2024/250129_034712/0000/HiForestMiniAOD_749.root
Adding file /eos/cms/store/group/phys_heavyions/vpant/ppref2024output/PPRefHardProbes1/crab_ppref2024/250129_034712/0000/HiForestMiniAOD_749.root to the chains
list operator is /eos/cms/store/group/phys_heavyions/vpant/ppref2024output/PPRefHardProbes1/crab_ppref2024/250129_034712/0000/HiForestMiniAOD_75.root
Adding file /eos/cms/store/group/phys_heavyions/vpant/ppref2024output/PPRefHardProbes1/crab_ppref2024/250129_034712/0000/HiForestMiniAOD_75.root to the chains
list operator is /eos/cms/store/group/phys_heavyions/vpant/ppref2024output/PPRefHardProbes1/crab_ppref2024/250129_034712/0000/HiForestMiniAOD_750.root
Adding file /eos/cms/store/group/phys_heavyions/vpant/ppref2024output/PPRefHardProbes1/crab_ppref2024/250129_034712/0000/HiForestMiniAOD_750.root to the chains
list operator is /eos/cms/store/group/phys_heavyions/vpant/ppref2024output/PPRefHardProbes1/crab_ppref2024/250129_034712/0000/HiForestMiniAOD_751.root
Adding file /eos/cms/store/group/phys_heavyions/vpant/ppref2024output/PPRefHardProbes1/crab_ppref2024/250129_034712/0000/HiForestMiniAOD_751.root to the chains
list operator is /eos/cms/store/group/phys_heavyions/vpant/ppref2024output/PPRefHardProbes1/crab_ppref2024/250129_034712/0000/HiForestMiniAOD_752.root
Adding file /eos/cms/store/group/phys_heavyions/vpant/ppref2024output/PPRefHardProbes1/crab_ppref2024/250129_034712/0000/HiForestMiniAOD_752.root to the chains
list operator is /eos/cms/store/group/phys_heavyions/vpant/ppref2024output/PPRefHardProbes1/crab_ppref2024/250129_034712/0000/HiForestMiniAOD_753.root
Adding file /eos/cms/store/group/phys_heavyions/vpant/ppref2024output/PPRefHardProbes1/crab_ppref2024/250129_034712/0000/HiForestMiniAOD_753.root to the chains
list operator is /eos/cms/store/group/phys_heavyions/vpant/ppref2024output/PPRefHardProbes1/crab_ppref2024/250129_034712/0000/HiForestMiniAOD_754.root
Adding file /eos/cms/store/group/phys_heavyions/vpant/ppref2024output/PPRefHardProbes1/crab_ppref2024/250129_034712/0000/HiForestMiniAOD_754.root to the chains
list operator is /eos/cms/store/group/phys_heavyions/vpant/ppref2024output/PPRefHardProbes1/crab_ppref2024/250129_034712/0000/HiForestMiniAOD_755.root
Adding file /eos/cms/store/group/phys_heavyions/vpant/ppref2024output/PPRefHardProbes1/crab_ppref2024/250129_034712/0000/HiForestMiniAOD_755.root to the chains
list operator is /eos/cms/store/group/phys_heavyions/vpant/ppref2024output/PPRefHardProbes1/crab_ppref2024/250129_034712/0000/HiForestMiniAOD_756.root
Adding file /eos/cms/store/group/phys_heavyions/vpant/ppref2024output/PPRefHardProbes1/crab_ppref2024/250129_034712/0000/HiForestMiniAOD_756.root to the chains
list operator is /eos/cms/store/group/phys_heavyions/vpant/ppref2024output/PPRefHardProbes1/crab_ppref2024/250129_034712/0000/HiForestMiniAOD_757.root
Adding file /eos/cms/store/group/phys_heavyions/vpant/ppref2024output/PPRefHardProbes1/crab_ppref2024/250129_034712/0000/HiForestMiniAOD_757.root to the chains
list operator is /eos/cms/store/group/phys_heavyions/vpant/ppref2024output/PPRefHardProbes1/crab_ppref2024/250129_034712/0000/HiForestMiniAOD_758.root
Adding file /eos/cms/store/group/phys_heavyions/vpant/ppref2024output/PPRefHardProbes1/crab_ppref2024/250129_034712/0000/HiForestMiniAOD_758.root to the chains
list operator is /eos/cms/store/group/phys_heavyions/vpant/ppref2024output/PPRefHardProbes1/crab_ppref2024/250129_034712/0000/HiForestMiniAOD_759.root
Adding file /eos/cms/store/group/phys_heavyions/vpant/ppref2024output/PPRefHardProbes1/crab_ppref2024/250129_034712/0000/HiForestMiniAOD_759.root to the chains
list operator is /eos/cms/store/group/phys_heavyions/vpant/ppref2024output/PPRefHardProbes1/crab_ppref2024/250129_034712/0000/HiForestMiniAOD_76.root
Adding file /eos/cms/store/group/phys_heavyions/vpant/ppref2024output/PPRefHardProbes1/crab_ppref2024/250129_034712/0000/HiForestMiniAOD_76.root to the chains
list operator is /eos/cms/store/group/phys_heavyions/vpant/ppref2024output/PPRefHardProbes1/crab_ppref2024/250129_034712/0000/HiForestMiniAOD_760.root
Adding file /eos/cms/store/group/phys_heavyions/vpant/ppref2024output/PPRefHardProbes1/crab_ppref2024/250129_034712/0000/HiForestMiniAOD_760.root to the chains
list operator is /eos/cms/store/group/phys_heavyions/vpant/ppref2024output/PPRefHardProbes1/crab_ppref2024/250129_034712/0000/HiForestMiniAOD_761.root
Adding file /eos/cms/store/group/phys_heavyions/vpant/ppref2024output/PPRefHardProbes1/crab_ppref2024/250129_034712/0000/HiForestMiniAOD_761.root to the chains
list operator is /eos/cms/store/group/phys_heavyions/vpant/ppref2024output/PPRefHardProbes1/crab_ppref2024/250129_034712/0000/HiForestMiniAOD_762.root
Adding file /eos/cms/store/group/phys_heavyions/vpant/ppref2024output/PPRefHardProbes1/crab_ppref2024/250129_034712/0000/HiForestMiniAOD_762.root to the chains
list operator is /eos/cms/store/group/phys_heavyions/vpant/ppref2024output/PPRefHardProbes1/crab_ppref2024/250129_034712/0000/HiForestMiniAOD_763.root
Adding file /eos/cms/store/group/phys_heavyions/vpant/ppref2024output/PPRefHardProbes1/crab_ppref2024/250129_034712/0000/HiForestMiniAOD_763.root to the chains
list operator is /eos/cms/store/group/phys_heavyions/vpant/ppref2024output/PPRefHardProbes1/crab_ppref2024/250129_034712/0000/HiForestMiniAOD_764.root
Adding file /eos/cms/store/group/phys_heavyions/vpant/ppref2024output/PPRefHardProbes1/crab_ppref2024/250129_034712/0000/HiForestMiniAOD_764.root to the chains
list operator is /eos/cms/store/group/phys_heavyions/vpant/ppref2024output/PPRefHardProbes1/crab_ppref2024/250129_034712/0000/HiForestMiniAOD_765.root
Adding file /eos/cms/store/group/phys_heavyions/vpant/ppref2024output/PPRefHardProbes1/crab_ppref2024/250129_034712/0000/HiForestMiniAOD_765.root to the chains
list operator is /eos/cms/store/group/phys_heavyions/vpant/ppref2024output/PPRefHardProbes1/crab_ppref2024/250129_034712/0000/HiForestMiniAOD_766.root
Adding file /eos/cms/store/group/phys_heavyions/vpant/ppref2024output/PPRefHardProbes1/crab_ppref2024/250129_034712/0000/HiForestMiniAOD_766.root to the chains
list operator is /eos/cms/store/group/phys_heavyions/vpant/ppref2024output/PPRefHardProbes1/crab_ppref2024/250129_034712/0000/HiForestMiniAOD_767.root
Adding file /eos/cms/store/group/phys_heavyions/vpant/ppref2024output/PPRefHardProbes1/crab_ppref2024/250129_034712/0000/HiForestMiniAOD_767.root to the chains
list operator is /eos/cms/store/group/phys_heavyions/vpant/ppref2024output/PPRefHardProbes1/crab_ppref2024/250129_034712/0000/HiForestMiniAOD_768.root
Adding file /eos/cms/store/group/phys_heavyions/vpant/ppref2024output/PPRefHardProbes1/crab_ppref2024/250129_034712/0000/HiForestMiniAOD_768.root to the chains
list operator is /eos/cms/store/group/phys_heavyions/vpant/ppref2024output/PPRefHardProbes1/crab_ppref2024/250129_034712/0000/HiForestMiniAOD_769.root
Adding file /eos/cms/store/group/phys_heavyions/vpant/ppref2024output/PPRefHardProbes1/crab_ppref2024/250129_034712/0000/HiForestMiniAOD_769.root to the chains
list operator is /eos/cms/store/group/phys_heavyions/vpant/ppref2024output/PPRefHardProbes1/crab_ppref2024/250129_034712/0000/HiForestMiniAOD_77.root
Adding file /eos/cms/store/group/phys_heavyions/vpant/ppref2024output/PPRefHardProbes1/crab_ppref2024/250129_034712/0000/HiForestMiniAOD_77.root to the chains
list operator is /eos/cms/store/group/phys_heavyions/vpant/ppref2024output/PPRefHardProbes1/crab_ppref2024/250129_034712/0000/HiForestMiniAOD_770.root
Adding file /eos/cms/store/group/phys_heavyions/vpant/ppref2024output/PPRefHardProbes1/crab_ppref2024/250129_034712/0000/HiForestMiniAOD_770.root to the chains
list operator is /eos/cms/store/group/phys_heavyions/vpant/ppref2024output/PPRefHardProbes1/crab_ppref2024/250129_034712/0000/HiForestMiniAOD_771.root
Adding file /eos/cms/store/group/phys_heavyions/vpant/ppref2024output/PPRefHardProbes1/crab_ppref2024/250129_034712/0000/HiForestMiniAOD_771.root to the chains
list operator is /eos/cms/store/group/phys_heavyions/vpant/ppref2024output/PPRefHardProbes1/crab_ppref2024/250129_034712/0000/HiForestMiniAOD_772.root
Adding file /eos/cms/store/group/phys_heavyions/vpant/ppref2024output/PPRefHardProbes1/crab_ppref2024/250129_034712/0000/HiForestMiniAOD_772.root to the chains
list operator is /eos/cms/store/group/phys_heavyions/vpant/ppref2024output/PPRefHardProbes1/crab_ppref2024/250129_034712/0000/HiForestMiniAOD_773.root
Adding file /eos/cms/store/group/phys_heavyions/vpant/ppref2024output/PPRefHardProbes1/crab_ppref2024/250129_034712/0000/HiForestMiniAOD_773.root to the chains
list operator is /eos/cms/store/group/phys_heavyions/vpant/ppref2024output/PPRefHardProbes1/crab_ppref2024/250129_034712/0000/HiForestMiniAOD_774.root
Adding file /eos/cms/store/group/phys_heavyions/vpant/ppref2024output/PPRefHardProbes1/crab_ppref2024/250129_034712/0000/HiForestMiniAOD_774.root to the chains
Total number of events in those files: 96568

-------------------------------------------------
0 events passed 
finished