000 (16548925.000.000) 02/05 22:18:55 Job submitted from host: <188.185.72.155:9618?addrs=188.185.72.155-9618+[2001-1458-d00-8--100-95]-9618&alias=bigbird08.cern.ch&noUDP&sock=schedd_862983_22fa>
...
040 (16548925.000.000) 02/05 22:21:25 Started transferring input files
	Transferring to host: <188.185.198.133:9618?addrs=188.185.198.133-9618+[2001-1458-303-25--100-81]-9618&alias=b9p15p6327.cern.ch&noUDP&sock=slot1_11_527288_d8bb_17656>
...
040 (16548925.000.000) 02/05 22:21:25 Finished transferring input files
...
001 (16548925.000.000) 02/05 22:21:26 Job executing on host: <188.185.198.133:9618?addrs=188.185.198.133-9618+[2001-1458-303-25--100-81]-9618&alias=b9p15p6327.cern.ch&noUDP&sock=startd_6970_6b32>
	SlotName: slot1_11@b9p15p6327.cern.ch
	CondorScratchDir = "/pool/condor/dir_2545386"
	Cpus = 1
	Disk = 3752
	GPUs = 0
	Memory = 3000
...
006 (16548925.000.000) 02/05 22:21:35 Image size of job updated: 1880
	2  -  MemoryUsage of job (MB)
	1880  -  ResidentSetSize of job (KB)
...
006 (16548925.000.000) 02/05 22:26:35 Image size of job updated: 965428
	943  -  MemoryUsage of job (MB)
	965428  -  ResidentSetSize of job (KB)
...
006 (16548925.000.000) 02/05 22:31:35 Image size of job updated: 1564096
	1528  -  MemoryUsage of job (MB)
	1564096  -  ResidentSetSize of job (KB)
...
006 (16548925.000.000) 02/05 22:36:36 Image size of job updated: 2122920
	2074  -  MemoryUsage of job (MB)
	2122920  -  ResidentSetSize of job (KB)
...
040 (16548925.000.000) 02/05 22:39:55 Started transferring output files
...
040 (16548925.000.000) 02/05 22:39:55 Finished transferring output files
...
005 (16548925.000.000) 02/05 22:39:55 Job terminated.
	(1) Normal termination (return value 0)
		Usr 0 00:17:05, Sys 0 00:00:08  -  Run Remote Usage
		Usr 0 00:00:00, Sys 0 00:00:00  -  Run Local Usage
		Usr 0 00:17:05, Sys 0 00:00:08  -  Total Remote Usage
		Usr 0 00:00:00, Sys 0 00:00:00  -  Total Local Usage
	22968  -  Run Bytes Sent By Job
	10424  -  Run Bytes Received By Job
	22968  -  Total Bytes Sent By Job
	10424  -  Total Bytes Received By Job
	Partitionable Resources :    Usage  Request Allocated 
	   Cpus                 :     0.94        1         1 
	   Disk (KB)            :    58          12      3752 
	   GPUs                 :                           0 
	   Memory (MB)          :  2074        3000      3000 

	Job terminated of its own accord at 2025-02-05T21:39:55Z with exit-code 0.
...
