000 (16548925.018.000) 02/05 22:18:55 Job submitted from host: <188.185.72.155:9618?addrs=188.185.72.155-9618+[2001-1458-d00-8--100-95]-9618&alias=bigbird08.cern.ch&noUDP&sock=schedd_862983_22fa>
...
040 (16548925.018.000) 02/05 22:21:31 Started transferring input files
	Transferring to host: <188.185.198.144:9618?addrs=188.185.198.144-9618+[2001-1458-303-25--100-8c]-9618&alias=b9p15p7420.cern.ch&noUDP&sock=slot1_4_816136_649d_2407>
...
040 (16548925.018.000) 02/05 22:21:31 Finished transferring input files
...
001 (16548925.018.000) 02/05 22:21:32 Job executing on host: <188.185.198.144:9618?addrs=188.185.198.144-9618+[2001-1458-303-25--100-8c]-9618&alias=b9p15p7420.cern.ch&noUDP&sock=startd_963861_0dd0>
	SlotName: slot1_4@b9p15p7420.cern.ch
	CondorScratchDir = "/pool/condor/dir_2559828"
	Cpus = 1
	Disk = 3960
	GPUs = 0
	Memory = 3000
...
006 (16548925.018.000) 02/05 22:21:40 Image size of job updated: 1876
	2  -  MemoryUsage of job (MB)
	1876  -  ResidentSetSize of job (KB)
...
006 (16548925.018.000) 02/05 22:26:40 Image size of job updated: 905508
	885  -  MemoryUsage of job (MB)
	905508  -  ResidentSetSize of job (KB)
...
006 (16548925.018.000) 02/05 22:31:41 Image size of job updated: 1644800
	1607  -  MemoryUsage of job (MB)
	1644800  -  ResidentSetSize of job (KB)
...
040 (16548925.018.000) 02/05 22:34:43 Started transferring output files
...
040 (16548925.018.000) 02/05 22:34:43 Finished transferring output files
...
005 (16548925.018.000) 02/05 22:34:43 Job terminated.
	(1) Normal termination (return value 0)
		Usr 0 00:12:01, Sys 0 00:00:05  -  Run Remote Usage
		Usr 0 00:00:00, Sys 0 00:00:00  -  Run Local Usage
		Usr 0 00:12:01, Sys 0 00:00:05  -  Total Remote Usage
		Usr 0 00:00:00, Sys 0 00:00:00  -  Total Local Usage
	22971  -  Run Bytes Sent By Job
	10424  -  Run Bytes Received By Job
	22971  -  Total Bytes Sent By Job
	10424  -  Total Bytes Received By Job
	Partitionable Resources :    Usage  Request Allocated 
	   Cpus                 :     0.95        1         1 
	   Disk (KB)            :    58          12      3960 
	   GPUs                 :                           0 
	   Memory (MB)          :  1607        3000      3000 

	Job terminated of its own accord at 2025-02-05T21:34:43Z with exit-code 0.
...
