000 (16548924.006.000) 02/05 22:18:50 Job submitted from host: <188.185.72.155:9618?addrs=188.185.72.155-9618+[2001-1458-d00-8--100-95]-9618&alias=bigbird08.cern.ch&noUDP&sock=schedd_862983_22fa>
...
040 (16548924.006.000) 02/05 22:21:21 Started transferring input files
	Transferring to host: <188.185.198.21:9618?addrs=188.185.198.21-9618+[2001-1458-303-25--100-11]-9618&alias=b9p15p3759.cern.ch&noUDP&sock=slot1_17_1979645_bd4f_4520>
...
040 (16548924.006.000) 02/05 22:21:21 Finished transferring input files
...
001 (16548924.006.000) 02/05 22:21:22 Job executing on host: <188.185.198.21:9618?addrs=188.185.198.21-9618+[2001-1458-303-25--100-11]-9618&alias=b9p15p3759.cern.ch&noUDP&sock=startd_8809_d1dc>
	SlotName: slot1_17@b9p15p3759.cern.ch
	CondorScratchDir = "/pool/condor/dir_836291"
	Cpus = 1
	Disk = 3894
	GPUs = 0
	Memory = 3000
...
006 (16548924.006.000) 02/05 22:21:30 Image size of job updated: 155904
	153  -  MemoryUsage of job (MB)
	155904  -  ResidentSetSize of job (KB)
...
006 (16548924.006.000) 02/05 22:26:30 Image size of job updated: 1072880
	1048  -  MemoryUsage of job (MB)
	1072880  -  ResidentSetSize of job (KB)
...
006 (16548924.006.000) 02/05 22:31:30 Image size of job updated: 1766064
	1725  -  MemoryUsage of job (MB)
	1766064  -  ResidentSetSize of job (KB)
...
040 (16548924.006.000) 02/05 22:33:05 Started transferring output files
...
040 (16548924.006.000) 02/05 22:33:05 Finished transferring output files
...
005 (16548924.006.000) 02/05 22:33:05 Job terminated.
	(1) Normal termination (return value 0)
		Usr 0 00:11:05, Sys 0 00:00:04  -  Run Remote Usage
		Usr 0 00:00:00, Sys 0 00:00:00  -  Run Local Usage
		Usr 0 00:11:05, Sys 0 00:00:04  -  Total Remote Usage
		Usr 0 00:00:00, Sys 0 00:00:00  -  Total Local Usage
	22854  -  Run Bytes Sent By Job
	10424  -  Run Bytes Received By Job
	22854  -  Total Bytes Sent By Job
	10424  -  Total Bytes Received By Job
	Partitionable Resources :    Usage  Request Allocated 
	   Cpus                 :     0.95        1         1 
	   Disk (KB)            :    58          12      3894 
	   GPUs                 :                           0 
	   Memory (MB)          :  1725        3000      3000 

	Job terminated of its own accord at 2025-02-05T21:33:05Z with exit-code 0.
...
