000 (16548924.013.000) 02/05 22:18:50 Job submitted from host: <188.185.72.155:9618?addrs=188.185.72.155-9618+[2001-1458-d00-8--100-95]-9618&alias=bigbird08.cern.ch&noUDP&sock=schedd_862983_22fa>
...
040 (16548924.013.000) 02/05 22:21:23 Started transferring input files
	Transferring to host: <188.185.198.93:9618?addrs=188.185.198.93-9618+[2001-1458-303-25--100-59]-9618&alias=b9p15p2047.cern.ch&noUDP&sock=slot1_15_2547951_ba55_48591>
...
040 (16548924.013.000) 02/05 22:21:23 Finished transferring input files
...
001 (16548924.013.000) 02/05 22:21:24 Job executing on host: <188.185.198.93:9618?addrs=188.185.198.93-9618+[2001-1458-303-25--100-59]-9618&alias=b9p15p2047.cern.ch&noUDP&sock=startd_3007_215f>
	SlotName: slot1_15@b9p15p2047.cern.ch
	CondorScratchDir = "/pool/condor/dir_858376"
	Cpus = 1
	Disk = 3826
	GPUs = 0
	Memory = 3000
...
006 (16548924.013.000) 02/05 22:21:33 Image size of job updated: 144472
	142  -  MemoryUsage of job (MB)
	144472  -  ResidentSetSize of job (KB)
...
006 (16548924.013.000) 02/05 22:26:34 Image size of job updated: 876564
	857  -  MemoryUsage of job (MB)
	876564  -  ResidentSetSize of job (KB)
...
040 (16548924.013.000) 02/05 22:29:20 Started transferring output files
...
040 (16548924.013.000) 02/05 22:29:20 Finished transferring output files
...
005 (16548924.013.000) 02/05 22:29:20 Job terminated.
	(1) Normal termination (return value 0)
		Usr 0 00:07:21, Sys 0 00:00:03  -  Run Remote Usage
		Usr 0 00:00:00, Sys 0 00:00:00  -  Run Local Usage
		Usr 0 00:07:21, Sys 0 00:00:03  -  Total Remote Usage
		Usr 0 00:00:00, Sys 0 00:00:00  -  Total Local Usage
	22837  -  Run Bytes Sent By Job
	10424  -  Run Bytes Received By Job
	22837  -  Total Bytes Sent By Job
	10424  -  Total Bytes Received By Job
	Partitionable Resources :    Usage  Request Allocated 
	   Cpus                 :     0.99        1         1 
	   Disk (KB)            :    58          12      3826 
	   GPUs                 :                           0 
	   Memory (MB)          :   857        3000      3000 

	Job terminated of its own accord at 2025-02-05T21:29:20Z with exit-code 0.
...
