Submit jobs at 
PWD: /afs/cern.ch/user/v/vpant/pprefanalysis

Processing Track_Analyzer.C("input/ppref2024/20250205/ppjet120_set2_16.txt","/eos/user/v/vpant/ppref2024/ppref2024outputfiles/ppjet120_set2_16.root",0,0)...
List of input files founded! --> input/ppref2024/20250205/ppjet120_set2_16.txt
list operator is /eos/cms/store/group/phys_heavyions/vpant/ppref2024output/PPRefHardProbes1/crab_ppref2024/250129_034712/0001/HiForestMiniAOD_1750.root
Adding file /eos/cms/store/group/phys_heavyions/vpant/ppref2024output/PPRefHardProbes1/crab_ppref2024/250129_034712/0001/HiForestMiniAOD_1750.root to the chains
list operator is /eos/cms/store/group/phys_heavyions/vpant/ppref2024output/PPRefHardProbes1/crab_ppref2024/250129_034712/0001/HiForestMiniAOD_1751.root
Adding file /eos/cms/store/group/phys_heavyions/vpant/ppref2024output/PPRefHardProbes1/crab_ppref2024/250129_034712/0001/HiForestMiniAOD_1751.root to the chains
list operator is /eos/cms/store/group/phys_heavyions/vpant/ppref2024output/PPRefHardProbes1/crab_ppref2024/250129_034712/0001/HiForestMiniAOD_1752.root
Adding file /eos/cms/store/group/phys_heavyions/vpant/ppref2024output/PPRefHardProbes1/crab_ppref2024/250129_034712/0001/HiForestMiniAOD_1752.root to the chains
list operator is /eos/cms/store/group/phys_heavyions/vpant/ppref2024output/PPRefHardProbes1/crab_ppref2024/250129_034712/0001/HiForestMiniAOD_1753.root
Adding file /eos/cms/store/group/phys_heavyions/vpant/ppref2024output/PPRefHardProbes1/crab_ppref2024/250129_034712/0001/HiForestMiniAOD_1753.root to the chains
list operator is /eos/cms/store/group/phys_heavyions/vpant/ppref2024output/PPRefHardProbes1/crab_ppref2024/250129_034712/0001/HiForestMiniAOD_1754.root
Adding file /eos/cms/store/group/phys_heavyions/vpant/ppref2024output/PPRefHardProbes1/crab_ppref2024/250129_034712/0001/HiForestMiniAOD_1754.root to the chains
list operator is /eos/cms/store/group/phys_heavyions/vpant/ppref2024output/PPRefHardProbes1/crab_ppref2024/250129_034712/0001/HiForestMiniAOD_1755.root
Adding file /eos/cms/store/group/phys_heavyions/vpant/ppref2024output/PPRefHardProbes1/crab_ppref2024/250129_034712/0001/HiForestMiniAOD_1755.root to the chains
list operator is /eos/cms/store/group/phys_heavyions/vpant/ppref2024output/PPRefHardProbes1/crab_ppref2024/250129_034712/0001/HiForestMiniAOD_1756.root
Adding file /eos/cms/store/group/phys_heavyions/vpant/ppref2024output/PPRefHardProbes1/crab_ppref2024/250129_034712/0001/HiForestMiniAOD_1756.root to the chains
list operator is /eos/cms/store/group/phys_heavyions/vpant/ppref2024output/PPRefHardProbes1/crab_ppref2024/250129_034712/0001/HiForestMiniAOD_1757.root
Adding file /eos/cms/store/group/phys_heavyions/vpant/ppref2024output/PPRefHardProbes1/crab_ppref2024/250129_034712/0001/HiForestMiniAOD_1757.root to the chains
list operator is /eos/cms/store/group/phys_heavyions/vpant/ppref2024output/PPRefHardProbes1/crab_ppref2024/250129_034712/0001/HiForestMiniAOD_1758.root
Adding file /eos/cms/store/group/phys_heavyions/vpant/ppref2024output/PPRefHardProbes1/crab_ppref2024/250129_034712/0001/HiForestMiniAOD_1758.root to the chains
list operator is /eos/cms/store/group/phys_heavyions/vpant/ppref2024output/PPRefHardProbes1/crab_ppref2024/250129_034712/0001/HiForestMiniAOD_1759.root
Adding file /eos/cms/store/group/phys_heavyions/vpant/ppref2024output/PPRefHardProbes1/crab_ppref2024/250129_034712/0001/HiForestMiniAOD_1759.root to the chains
list operator is /eos/cms/store/group/phys_heavyions/vpant/ppref2024output/PPRefHardProbes1/crab_ppref2024/250129_034712/0001/HiForestMiniAOD_1760.root
Adding file /eos/cms/store/group/phys_heavyions/vpant/ppref2024output/PPRefHardProbes1/crab_ppref2024/250129_034712/0001/HiForestMiniAOD_1760.root to the chains
list operator is /eos/cms/store/group/phys_heavyions/vpant/ppref2024output/PPRefHardProbes1/crab_ppref2024/250129_034712/0001/HiForestMiniAOD_1761.root
Adding file /eos/cms/store/group/phys_heavyions/vpant/ppref2024output/PPRefHardProbes1/crab_ppref2024/250129_034712/0001/HiForestMiniAOD_1761.root to the chains
list operator is /eos/cms/store/group/phys_heavyions/vpant/ppref2024output/PPRefHardProbes1/crab_ppref2024/250129_034712/0001/HiForestMiniAOD_1762.root
Adding file /eos/cms/store/group/phys_heavyions/vpant/ppref2024output/PPRefHardProbes1/crab_ppref2024/250129_034712/0001/HiForestMiniAOD_1762.root to the chains
list operator is /eos/cms/store/group/phys_heavyions/vpant/ppref2024output/PPRefHardProbes1/crab_ppref2024/250129_034712/0001/HiForestMiniAOD_1763.root
Adding file /eos/cms/store/group/phys_heavyions/vpant/ppref2024output/PPRefHardProbes1/crab_ppref2024/250129_034712/0001/HiForestMiniAOD_1763.root to the chains
list operator is /eos/cms/store/group/phys_heavyions/vpant/ppref2024output/PPRefHardProbes1/crab_ppref2024/250129_034712/0001/HiForestMiniAOD_1764.root
Adding file /eos/cms/store/group/phys_heavyions/vpant/ppref2024output/PPRefHardProbes1/crab_ppref2024/250129_034712/0001/HiForestMiniAOD_1764.root to the chains
list operator is /eos/cms/store/group/phys_heavyions/vpant/ppref2024output/PPRefHardProbes1/crab_ppref2024/250129_034712/0001/HiForestMiniAOD_1765.root
Adding file /eos/cms/store/group/phys_heavyions/vpant/ppref2024output/PPRefHardProbes1/crab_ppref2024/250129_034712/0001/HiForestMiniAOD_1765.root to the chains
list operator is /eos/cms/store/group/phys_heavyions/vpant/ppref2024output/PPRefHardProbes1/crab_ppref2024/250129_034712/0001/HiForestMiniAOD_1766.root
Adding file /eos/cms/store/group/phys_heavyions/vpant/ppref2024output/PPRefHardProbes1/crab_ppref2024/250129_034712/0001/HiForestMiniAOD_1766.root to the chains
list operator is /eos/cms/store/group/phys_heavyions/vpant/ppref2024output/PPRefHardProbes1/crab_ppref2024/250129_034712/0001/HiForestMiniAOD_1767.root
Adding file /eos/cms/store/group/phys_heavyions/vpant/ppref2024output/PPRefHardProbes1/crab_ppref2024/250129_034712/0001/HiForestMiniAOD_1767.root to the chains
list operator is /eos/cms/store/group/phys_heavyions/vpant/ppref2024output/PPRefHardProbes1/crab_ppref2024/250129_034712/0001/HiForestMiniAOD_1768.root
Adding file /eos/cms/store/group/phys_heavyions/vpant/ppref2024output/PPRefHardProbes1/crab_ppref2024/250129_034712/0001/HiForestMiniAOD_1768.root to the chains
list operator is /eos/cms/store/group/phys_heavyions/vpant/ppref2024output/PPRefHardProbes1/crab_ppref2024/250129_034712/0001/HiForestMiniAOD_1769.root
Adding file /eos/cms/store/group/phys_heavyions/vpant/ppref2024output/PPRefHardProbes1/crab_ppref2024/250129_034712/0001/HiForestMiniAOD_1769.root to the chains
list operator is /eos/cms/store/group/phys_heavyions/vpant/ppref2024output/PPRefHardProbes1/crab_ppref2024/250129_034712/0001/HiForestMiniAOD_1770.root
Adding file /eos/cms/store/group/phys_heavyions/vpant/ppref2024output/PPRefHardProbes1/crab_ppref2024/250129_034712/0001/HiForestMiniAOD_1770.root to the chains
list operator is /eos/cms/store/group/phys_heavyions/vpant/ppref2024output/PPRefHardProbes1/crab_ppref2024/250129_034712/0001/HiForestMiniAOD_1771.root
Adding file /eos/cms/store/group/phys_heavyions/vpant/ppref2024output/PPRefHardProbes1/crab_ppref2024/250129_034712/0001/HiForestMiniAOD_1771.root to the chains
list operator is /eos/cms/store/group/phys_heavyions/vpant/ppref2024output/PPRefHardProbes1/crab_ppref2024/250129_034712/0001/HiForestMiniAOD_1772.root
Adding file /eos/cms/store/group/phys_heavyions/vpant/ppref2024output/PPRefHardProbes1/crab_ppref2024/250129_034712/0001/HiForestMiniAOD_1772.root to the chains
list operator is /eos/cms/store/group/phys_heavyions/vpant/ppref2024output/PPRefHardProbes1/crab_ppref2024/250129_034712/0001/HiForestMiniAOD_1773.root
Adding file /eos/cms/store/group/phys_heavyions/vpant/ppref2024output/PPRefHardProbes1/crab_ppref2024/250129_034712/0001/HiForestMiniAOD_1773.root to the chains
list operator is /eos/cms/store/group/phys_heavyions/vpant/ppref2024output/PPRefHardProbes1/crab_ppref2024/250129_034712/0001/HiForestMiniAOD_1774.root
Adding file /eos/cms/store/group/phys_heavyions/vpant/ppref2024output/PPRefHardProbes1/crab_ppref2024/250129_034712/0001/HiForestMiniAOD_1774.root to the chains
list operator is /eos/cms/store/group/phys_heavyions/vpant/ppref2024output/PPRefHardProbes1/crab_ppref2024/250129_034712/0001/HiForestMiniAOD_1775.root
Adding file /eos/cms/store/group/phys_heavyions/vpant/ppref2024output/PPRefHardProbes1/crab_ppref2024/250129_034712/0001/HiForestMiniAOD_1775.root to the chains
list operator is /eos/cms/store/group/phys_heavyions/vpant/ppref2024output/PPRefHardProbes1/crab_ppref2024/250129_034712/0001/HiForestMiniAOD_1776.root
Adding file /eos/cms/store/group/phys_heavyions/vpant/ppref2024output/PPRefHardProbes1/crab_ppref2024/250129_034712/0001/HiForestMiniAOD_1776.root to the chains
list operator is /eos/cms/store/group/phys_heavyions/vpant/ppref2024output/PPRefHardProbes1/crab_ppref2024/250129_034712/0001/HiForestMiniAOD_1777.root
Adding file /eos/cms/store/group/phys_heavyions/vpant/ppref2024output/PPRefHardProbes1/crab_ppref2024/250129_034712/0001/HiForestMiniAOD_1777.root to the chains
list operator is /eos/cms/store/group/phys_heavyions/vpant/ppref2024output/PPRefHardProbes1/crab_ppref2024/250129_034712/0001/HiForestMiniAOD_1778.root
Adding file /eos/cms/store/group/phys_heavyions/vpant/ppref2024output/PPRefHardProbes1/crab_ppref2024/250129_034712/0001/HiForestMiniAOD_1778.root to the chains
list operator is /eos/cms/store/group/phys_heavyions/vpant/ppref2024output/PPRefHardProbes1/crab_ppref2024/250129_034712/0001/HiForestMiniAOD_1779.root
Adding file /eos/cms/store/group/phys_heavyions/vpant/ppref2024output/PPRefHardProbes1/crab_ppref2024/250129_034712/0001/HiForestMiniAOD_1779.root to the chains
list operator is /eos/cms/store/group/phys_heavyions/vpant/ppref2024output/PPRefHardProbes1/crab_ppref2024/250129_034712/0001/HiForestMiniAOD_1780.root
Adding file /eos/cms/store/group/phys_heavyions/vpant/ppref2024output/PPRefHardProbes1/crab_ppref2024/250129_034712/0001/HiForestMiniAOD_1780.root to the chains
list operator is /eos/cms/store/group/phys_heavyions/vpant/ppref2024output/PPRefHardProbes1/crab_ppref2024/250129_034712/0001/HiForestMiniAOD_1781.root
Adding file /eos/cms/store/group/phys_heavyions/vpant/ppref2024output/PPRefHardProbes1/crab_ppref2024/250129_034712/0001/HiForestMiniAOD_1781.root to the chains
list operator is /eos/cms/store/group/phys_heavyions/vpant/ppref2024output/PPRefHardProbes1/crab_ppref2024/250129_034712/0001/HiForestMiniAOD_1782.root
Adding file /eos/cms/store/group/phys_heavyions/vpant/ppref2024output/PPRefHardProbes1/crab_ppref2024/250129_034712/0001/HiForestMiniAOD_1782.root to the chains
list operator is /eos/cms/store/group/phys_heavyions/vpant/ppref2024output/PPRefHardProbes1/crab_ppref2024/250129_034712/0001/HiForestMiniAOD_1783.root
Adding file /eos/cms/store/group/phys_heavyions/vpant/ppref2024output/PPRefHardProbes1/crab_ppref2024/250129_034712/0001/HiForestMiniAOD_1783.root to the chains
list operator is /eos/cms/store/group/phys_heavyions/vpant/ppref2024output/PPRefHardProbes1/crab_ppref2024/250129_034712/0001/HiForestMiniAOD_1784.root
Adding file /eos/cms/store/group/phys_heavyions/vpant/ppref2024output/PPRefHardProbes1/crab_ppref2024/250129_034712/0001/HiForestMiniAOD_1784.root to the chains
list operator is /eos/cms/store/group/phys_heavyions/vpant/ppref2024output/PPRefHardProbes1/crab_ppref2024/250129_034712/0001/HiForestMiniAOD_1785.root
Adding file /eos/cms/store/group/phys_heavyions/vpant/ppref2024output/PPRefHardProbes1/crab_ppref2024/250129_034712/0001/HiForestMiniAOD_1785.root to the chains
list operator is /eos/cms/store/group/phys_heavyions/vpant/ppref2024output/PPRefHardProbes1/crab_ppref2024/250129_034712/0001/HiForestMiniAOD_1786.root
Adding file /eos/cms/store/group/phys_heavyions/vpant/ppref2024output/PPRefHardProbes1/crab_ppref2024/250129_034712/0001/HiForestMiniAOD_1786.root to the chains
list operator is /eos/cms/store/group/phys_heavyions/vpant/ppref2024output/PPRefHardProbes1/crab_ppref2024/250129_034712/0001/HiForestMiniAOD_1787.root
Adding file /eos/cms/store/group/phys_heavyions/vpant/ppref2024output/PPRefHardProbes1/crab_ppref2024/250129_034712/0001/HiForestMiniAOD_1787.root to the chains
list operator is /eos/cms/store/group/phys_heavyions/vpant/ppref2024output/PPRefHardProbes1/crab_ppref2024/250129_034712/0001/HiForestMiniAOD_1788.root
Adding file /eos/cms/store/group/phys_heavyions/vpant/ppref2024output/PPRefHardProbes1/crab_ppref2024/250129_034712/0001/HiForestMiniAOD_1788.root to the chains
list operator is /eos/cms/store/group/phys_heavyions/vpant/ppref2024output/PPRefHardProbes1/crab_ppref2024/250129_034712/0001/HiForestMiniAOD_1789.root
Adding file /eos/cms/store/group/phys_heavyions/vpant/ppref2024output/PPRefHardProbes1/crab_ppref2024/250129_034712/0001/HiForestMiniAOD_1789.root to the chains
list operator is /eos/cms/store/group/phys_heavyions/vpant/ppref2024output/PPRefHardProbes1/crab_ppref2024/250129_034712/0001/HiForestMiniAOD_1790.root
Adding file /eos/cms/store/group/phys_heavyions/vpant/ppref2024output/PPRefHardProbes1/crab_ppref2024/250129_034712/0001/HiForestMiniAOD_1790.root to the chains
list operator is /eos/cms/store/group/phys_heavyions/vpant/ppref2024output/PPRefHardProbes1/crab_ppref2024/250129_034712/0001/HiForestMiniAOD_1791.root
Adding file /eos/cms/store/group/phys_heavyions/vpant/ppref2024output/PPRefHardProbes1/crab_ppref2024/250129_034712/0001/HiForestMiniAOD_1791.root to the chains
list operator is /eos/cms/store/group/phys_heavyions/vpant/ppref2024output/PPRefHardProbes1/crab_ppref2024/250129_034712/0001/HiForestMiniAOD_1792.root
Adding file /eos/cms/store/group/phys_heavyions/vpant/ppref2024output/PPRefHardProbes1/crab_ppref2024/250129_034712/0001/HiForestMiniAOD_1792.root to the chains
list operator is /eos/cms/store/group/phys_heavyions/vpant/ppref2024output/PPRefHardProbes1/crab_ppref2024/250129_034712/0001/HiForestMiniAOD_1793.root
Adding file /eos/cms/store/group/phys_heavyions/vpant/ppref2024output/PPRefHardProbes1/crab_ppref2024/250129_034712/0001/HiForestMiniAOD_1793.root to the chains
list operator is /eos/cms/store/group/phys_heavyions/vpant/ppref2024output/PPRefHardProbes1/crab_ppref2024/250129_034712/0001/HiForestMiniAOD_1794.root
Adding file /eos/cms/store/group/phys_heavyions/vpant/ppref2024output/PPRefHardProbes1/crab_ppref2024/250129_034712/0001/HiForestMiniAOD_1794.root to the chains
list operator is /eos/cms/store/group/phys_heavyions/vpant/ppref2024output/PPRefHardProbes1/crab_ppref2024/250129_034712/0001/HiForestMiniAOD_1795.root
Adding file /eos/cms/store/group/phys_heavyions/vpant/ppref2024output/PPRefHardProbes1/crab_ppref2024/250129_034712/0001/HiForestMiniAOD_1795.root to the chains
list operator is /eos/cms/store/group/phys_heavyions/vpant/ppref2024output/PPRefHardProbes1/crab_ppref2024/250129_034712/0001/HiForestMiniAOD_1796.root
Adding file /eos/cms/store/group/phys_heavyions/vpant/ppref2024output/PPRefHardProbes1/crab_ppref2024/250129_034712/0001/HiForestMiniAOD_1796.root to the chains
list operator is /eos/cms/store/group/phys_heavyions/vpant/ppref2024output/PPRefHardProbes1/crab_ppref2024/250129_034712/0001/HiForestMiniAOD_1797.root
Adding file /eos/cms/store/group/phys_heavyions/vpant/ppref2024output/PPRefHardProbes1/crab_ppref2024/250129_034712/0001/HiForestMiniAOD_1797.root to the chains
list operator is /eos/cms/store/group/phys_heavyions/vpant/ppref2024output/PPRefHardProbes1/crab_ppref2024/250129_034712/0001/HiForestMiniAOD_1798.root
Adding file /eos/cms/store/group/phys_heavyions/vpant/ppref2024output/PPRefHardProbes1/crab_ppref2024/250129_034712/0001/HiForestMiniAOD_1798.root to the chains
list operator is /eos/cms/store/group/phys_heavyions/vpant/ppref2024output/PPRefHardProbes1/crab_ppref2024/250129_034712/0001/HiForestMiniAOD_1799.root
Adding file /eos/cms/store/group/phys_heavyions/vpant/ppref2024output/PPRefHardProbes1/crab_ppref2024/250129_034712/0001/HiForestMiniAOD_1799.root to the chains
Total number of events in those files: 291907

-------------------------------------------------
0 events passed 
100000 events passed 
200000 events passed 
finished