Submit jobs at 
PWD: /afs/cern.ch/user/v/vpant/pprefanalysis

Processing Track_Analyzer.C("input/ppref2024/20250205/pprefzerobiasplusforward3_set1_12.txt","/eos/user/v/vpant/ppref2024/ppref2024outputfiles/pprefzerobiasplusforward3_set1_12.root",0,0)...
List of input files founded! --> input/ppref2024/20250205/pprefzerobiasplusforward3_set1_12.txt
list operator is /eos/cms/store/group/phys_heavyions/vpant/ppref2024output/PPRefZeroBiasPlusForward3/crab_ppref2024/250203_013520/0000/HiForestMiniAOD_595.root
Adding file /eos/cms/store/group/phys_heavyions/vpant/ppref2024output/PPRefZeroBiasPlusForward3/crab_ppref2024/250203_013520/0000/HiForestMiniAOD_595.root to the chains
list operator is /eos/cms/store/group/phys_heavyions/vpant/ppref2024output/PPRefZeroBiasPlusForward3/crab_ppref2024/250203_013520/0000/HiForestMiniAOD_596.root
Adding file /eos/cms/store/group/phys_heavyions/vpant/ppref2024output/PPRefZeroBiasPlusForward3/crab_ppref2024/250203_013520/0000/HiForestMiniAOD_596.root to the chains
list operator is /eos/cms/store/group/phys_heavyions/vpant/ppref2024output/PPRefZeroBiasPlusForward3/crab_ppref2024/250203_013520/0000/HiForestMiniAOD_597.root
Adding file /eos/cms/store/group/phys_heavyions/vpant/ppref2024output/PPRefZeroBiasPlusForward3/crab_ppref2024/250203_013520/0000/HiForestMiniAOD_597.root to the chains
list operator is /eos/cms/store/group/phys_heavyions/vpant/ppref2024output/PPRefZeroBiasPlusForward3/crab_ppref2024/250203_013520/0000/HiForestMiniAOD_598.root
Adding file /eos/cms/store/group/phys_heavyions/vpant/ppref2024output/PPRefZeroBiasPlusForward3/crab_ppref2024/250203_013520/0000/HiForestMiniAOD_598.root to the chains
list operator is /eos/cms/store/group/phys_heavyions/vpant/ppref2024output/PPRefZeroBiasPlusForward3/crab_ppref2024/250203_013520/0000/HiForestMiniAOD_599.root
Adding file /eos/cms/store/group/phys_heavyions/vpant/ppref2024output/PPRefZeroBiasPlusForward3/crab_ppref2024/250203_013520/0000/HiForestMiniAOD_599.root to the chains
list operator is /eos/cms/store/group/phys_heavyions/vpant/ppref2024output/PPRefZeroBiasPlusForward3/crab_ppref2024/250203_013520/0000/HiForestMiniAOD_6.root
Adding file /eos/cms/store/group/phys_heavyions/vpant/ppref2024output/PPRefZeroBiasPlusForward3/crab_ppref2024/250203_013520/0000/HiForestMiniAOD_6.root to the chains
list operator is /eos/cms/store/group/phys_heavyions/vpant/ppref2024output/PPRefZeroBiasPlusForward3/crab_ppref2024/250203_013520/0000/HiForestMiniAOD_60.root
Adding file /eos/cms/store/group/phys_heavyions/vpant/ppref2024output/PPRefZeroBiasPlusForward3/crab_ppref2024/250203_013520/0000/HiForestMiniAOD_60.root to the chains
list operator is /eos/cms/store/group/phys_heavyions/vpant/ppref2024output/PPRefZeroBiasPlusForward3/crab_ppref2024/250203_013520/0000/HiForestMiniAOD_600.root
Adding file /eos/cms/store/group/phys_heavyions/vpant/ppref2024output/PPRefZeroBiasPlusForward3/crab_ppref2024/250203_013520/0000/HiForestMiniAOD_600.root to the chains
list operator is /eos/cms/store/group/phys_heavyions/vpant/ppref2024output/PPRefZeroBiasPlusForward3/crab_ppref2024/250203_013520/0000/HiForestMiniAOD_601.root
Adding file /eos/cms/store/group/phys_heavyions/vpant/ppref2024output/PPRefZeroBiasPlusForward3/crab_ppref2024/250203_013520/0000/HiForestMiniAOD_601.root to the chains
list operator is /eos/cms/store/group/phys_heavyions/vpant/ppref2024output/PPRefZeroBiasPlusForward3/crab_ppref2024/250203_013520/0000/HiForestMiniAOD_602.root
Adding file /eos/cms/store/group/phys_heavyions/vpant/ppref2024output/PPRefZeroBiasPlusForward3/crab_ppref2024/250203_013520/0000/HiForestMiniAOD_602.root to the chains
list operator is /eos/cms/store/group/phys_heavyions/vpant/ppref2024output/PPRefZeroBiasPlusForward3/crab_ppref2024/250203_013520/0000/HiForestMiniAOD_603.root
Adding file /eos/cms/store/group/phys_heavyions/vpant/ppref2024output/PPRefZeroBiasPlusForward3/crab_ppref2024/250203_013520/0000/HiForestMiniAOD_603.root to the chains
list operator is /eos/cms/store/group/phys_heavyions/vpant/ppref2024output/PPRefZeroBiasPlusForward3/crab_ppref2024/250203_013520/0000/HiForestMiniAOD_604.root
Adding file /eos/cms/store/group/phys_heavyions/vpant/ppref2024output/PPRefZeroBiasPlusForward3/crab_ppref2024/250203_013520/0000/HiForestMiniAOD_604.root to the chains
list operator is /eos/cms/store/group/phys_heavyions/vpant/ppref2024output/PPRefZeroBiasPlusForward3/crab_ppref2024/250203_013520/0000/HiForestMiniAOD_605.root
Adding file /eos/cms/store/group/phys_heavyions/vpant/ppref2024output/PPRefZeroBiasPlusForward3/crab_ppref2024/250203_013520/0000/HiForestMiniAOD_605.root to the chains
list operator is /eos/cms/store/group/phys_heavyions/vpant/ppref2024output/PPRefZeroBiasPlusForward3/crab_ppref2024/250203_013520/0000/HiForestMiniAOD_606.root
Adding file /eos/cms/store/group/phys_heavyions/vpant/ppref2024output/PPRefZeroBiasPlusForward3/crab_ppref2024/250203_013520/0000/HiForestMiniAOD_606.root to the chains
list operator is /eos/cms/store/group/phys_heavyions/vpant/ppref2024output/PPRefZeroBiasPlusForward3/crab_ppref2024/250203_013520/0000/HiForestMiniAOD_607.root
Adding file /eos/cms/store/group/phys_heavyions/vpant/ppref2024output/PPRefZeroBiasPlusForward3/crab_ppref2024/250203_013520/0000/HiForestMiniAOD_607.root to the chains
list operator is /eos/cms/store/group/phys_heavyions/vpant/ppref2024output/PPRefZeroBiasPlusForward3/crab_ppref2024/250203_013520/0000/HiForestMiniAOD_608.root
Adding file /eos/cms/store/group/phys_heavyions/vpant/ppref2024output/PPRefZeroBiasPlusForward3/crab_ppref2024/250203_013520/0000/HiForestMiniAOD_608.root to the chains
list operator is /eos/cms/store/group/phys_heavyions/vpant/ppref2024output/PPRefZeroBiasPlusForward3/crab_ppref2024/250203_013520/0000/HiForestMiniAOD_609.root
Adding file /eos/cms/store/group/phys_heavyions/vpant/ppref2024output/PPRefZeroBiasPlusForward3/crab_ppref2024/250203_013520/0000/HiForestMiniAOD_609.root to the chains
list operator is /eos/cms/store/group/phys_heavyions/vpant/ppref2024output/PPRefZeroBiasPlusForward3/crab_ppref2024/250203_013520/0000/HiForestMiniAOD_61.root
Adding file /eos/cms/store/group/phys_heavyions/vpant/ppref2024output/PPRefZeroBiasPlusForward3/crab_ppref2024/250203_013520/0000/HiForestMiniAOD_61.root to the chains
list operator is /eos/cms/store/group/phys_heavyions/vpant/ppref2024output/PPRefZeroBiasPlusForward3/crab_ppref2024/250203_013520/0000/HiForestMiniAOD_610.root
Adding file /eos/cms/store/group/phys_heavyions/vpant/ppref2024output/PPRefZeroBiasPlusForward3/crab_ppref2024/250203_013520/0000/HiForestMiniAOD_610.root to the chains
list operator is /eos/cms/store/group/phys_heavyions/vpant/ppref2024output/PPRefZeroBiasPlusForward3/crab_ppref2024/250203_013520/0000/HiForestMiniAOD_611.root
Adding file /eos/cms/store/group/phys_heavyions/vpant/ppref2024output/PPRefZeroBiasPlusForward3/crab_ppref2024/250203_013520/0000/HiForestMiniAOD_611.root to the chains
list operator is /eos/cms/store/group/phys_heavyions/vpant/ppref2024output/PPRefZeroBiasPlusForward3/crab_ppref2024/250203_013520/0000/HiForestMiniAOD_612.root
Adding file /eos/cms/store/group/phys_heavyions/vpant/ppref2024output/PPRefZeroBiasPlusForward3/crab_ppref2024/250203_013520/0000/HiForestMiniAOD_612.root to the chains
list operator is /eos/cms/store/group/phys_heavyions/vpant/ppref2024output/PPRefZeroBiasPlusForward3/crab_ppref2024/250203_013520/0000/HiForestMiniAOD_613.root
Adding file /eos/cms/store/group/phys_heavyions/vpant/ppref2024output/PPRefZeroBiasPlusForward3/crab_ppref2024/250203_013520/0000/HiForestMiniAOD_613.root to the chains
list operator is /eos/cms/store/group/phys_heavyions/vpant/ppref2024output/PPRefZeroBiasPlusForward3/crab_ppref2024/250203_013520/0000/HiForestMiniAOD_614.root
Adding file /eos/cms/store/group/phys_heavyions/vpant/ppref2024output/PPRefZeroBiasPlusForward3/crab_ppref2024/250203_013520/0000/HiForestMiniAOD_614.root to the chains
list operator is /eos/cms/store/group/phys_heavyions/vpant/ppref2024output/PPRefZeroBiasPlusForward3/crab_ppref2024/250203_013520/0000/HiForestMiniAOD_615.root
Adding file /eos/cms/store/group/phys_heavyions/vpant/ppref2024output/PPRefZeroBiasPlusForward3/crab_ppref2024/250203_013520/0000/HiForestMiniAOD_615.root to the chains
list operator is /eos/cms/store/group/phys_heavyions/vpant/ppref2024output/PPRefZeroBiasPlusForward3/crab_ppref2024/250203_013520/0000/HiForestMiniAOD_616.root
Adding file /eos/cms/store/group/phys_heavyions/vpant/ppref2024output/PPRefZeroBiasPlusForward3/crab_ppref2024/250203_013520/0000/HiForestMiniAOD_616.root to the chains
list operator is /eos/cms/store/group/phys_heavyions/vpant/ppref2024output/PPRefZeroBiasPlusForward3/crab_ppref2024/250203_013520/0000/HiForestMiniAOD_617.root
Adding file /eos/cms/store/group/phys_heavyions/vpant/ppref2024output/PPRefZeroBiasPlusForward3/crab_ppref2024/250203_013520/0000/HiForestMiniAOD_617.root to the chains
list operator is /eos/cms/store/group/phys_heavyions/vpant/ppref2024output/PPRefZeroBiasPlusForward3/crab_ppref2024/250203_013520/0000/HiForestMiniAOD_618.root
Adding file /eos/cms/store/group/phys_heavyions/vpant/ppref2024output/PPRefZeroBiasPlusForward3/crab_ppref2024/250203_013520/0000/HiForestMiniAOD_618.root to the chains
list operator is /eos/cms/store/group/phys_heavyions/vpant/ppref2024output/PPRefZeroBiasPlusForward3/crab_ppref2024/250203_013520/0000/HiForestMiniAOD_619.root
Adding file /eos/cms/store/group/phys_heavyions/vpant/ppref2024output/PPRefZeroBiasPlusForward3/crab_ppref2024/250203_013520/0000/HiForestMiniAOD_619.root to the chains
list operator is /eos/cms/store/group/phys_heavyions/vpant/ppref2024output/PPRefZeroBiasPlusForward3/crab_ppref2024/250203_013520/0000/HiForestMiniAOD_62.root
Adding file /eos/cms/store/group/phys_heavyions/vpant/ppref2024output/PPRefZeroBiasPlusForward3/crab_ppref2024/250203_013520/0000/HiForestMiniAOD_62.root to the chains
list operator is /eos/cms/store/group/phys_heavyions/vpant/ppref2024output/PPRefZeroBiasPlusForward3/crab_ppref2024/250203_013520/0000/HiForestMiniAOD_620.root
Adding file /eos/cms/store/group/phys_heavyions/vpant/ppref2024output/PPRefZeroBiasPlusForward3/crab_ppref2024/250203_013520/0000/HiForestMiniAOD_620.root to the chains
list operator is /eos/cms/store/group/phys_heavyions/vpant/ppref2024output/PPRefZeroBiasPlusForward3/crab_ppref2024/250203_013520/0000/HiForestMiniAOD_621.root
Adding file /eos/cms/store/group/phys_heavyions/vpant/ppref2024output/PPRefZeroBiasPlusForward3/crab_ppref2024/250203_013520/0000/HiForestMiniAOD_621.root to the chains
list operator is /eos/cms/store/group/phys_heavyions/vpant/ppref2024output/PPRefZeroBiasPlusForward3/crab_ppref2024/250203_013520/0000/HiForestMiniAOD_622.root
Adding file /eos/cms/store/group/phys_heavyions/vpant/ppref2024output/PPRefZeroBiasPlusForward3/crab_ppref2024/250203_013520/0000/HiForestMiniAOD_622.root to the chains
list operator is /eos/cms/store/group/phys_heavyions/vpant/ppref2024output/PPRefZeroBiasPlusForward3/crab_ppref2024/250203_013520/0000/HiForestMiniAOD_623.root
Adding file /eos/cms/store/group/phys_heavyions/vpant/ppref2024output/PPRefZeroBiasPlusForward3/crab_ppref2024/250203_013520/0000/HiForestMiniAOD_623.root to the chains
list operator is /eos/cms/store/group/phys_heavyions/vpant/ppref2024output/PPRefZeroBiasPlusForward3/crab_ppref2024/250203_013520/0000/HiForestMiniAOD_624.root
Adding file /eos/cms/store/group/phys_heavyions/vpant/ppref2024output/PPRefZeroBiasPlusForward3/crab_ppref2024/250203_013520/0000/HiForestMiniAOD_624.root to the chains
list operator is /eos/cms/store/group/phys_heavyions/vpant/ppref2024output/PPRefZeroBiasPlusForward3/crab_ppref2024/250203_013520/0000/HiForestMiniAOD_625.root
Adding file /eos/cms/store/group/phys_heavyions/vpant/ppref2024output/PPRefZeroBiasPlusForward3/crab_ppref2024/250203_013520/0000/HiForestMiniAOD_625.root to the chains
list operator is /eos/cms/store/group/phys_heavyions/vpant/ppref2024output/PPRefZeroBiasPlusForward3/crab_ppref2024/250203_013520/0000/HiForestMiniAOD_626.root
Adding file /eos/cms/store/group/phys_heavyions/vpant/ppref2024output/PPRefZeroBiasPlusForward3/crab_ppref2024/250203_013520/0000/HiForestMiniAOD_626.root to the chains
list operator is /eos/cms/store/group/phys_heavyions/vpant/ppref2024output/PPRefZeroBiasPlusForward3/crab_ppref2024/250203_013520/0000/HiForestMiniAOD_627.root
Adding file /eos/cms/store/group/phys_heavyions/vpant/ppref2024output/PPRefZeroBiasPlusForward3/crab_ppref2024/250203_013520/0000/HiForestMiniAOD_627.root to the chains
list operator is /eos/cms/store/group/phys_heavyions/vpant/ppref2024output/PPRefZeroBiasPlusForward3/crab_ppref2024/250203_013520/0000/HiForestMiniAOD_628.root
Adding file /eos/cms/store/group/phys_heavyions/vpant/ppref2024output/PPRefZeroBiasPlusForward3/crab_ppref2024/250203_013520/0000/HiForestMiniAOD_628.root to the chains
list operator is /eos/cms/store/group/phys_heavyions/vpant/ppref2024output/PPRefZeroBiasPlusForward3/crab_ppref2024/250203_013520/0000/HiForestMiniAOD_629.root
Adding file /eos/cms/store/group/phys_heavyions/vpant/ppref2024output/PPRefZeroBiasPlusForward3/crab_ppref2024/250203_013520/0000/HiForestMiniAOD_629.root to the chains
list operator is /eos/cms/store/group/phys_heavyions/vpant/ppref2024output/PPRefZeroBiasPlusForward3/crab_ppref2024/250203_013520/0000/HiForestMiniAOD_63.root
Adding file /eos/cms/store/group/phys_heavyions/vpant/ppref2024output/PPRefZeroBiasPlusForward3/crab_ppref2024/250203_013520/0000/HiForestMiniAOD_63.root to the chains
list operator is /eos/cms/store/group/phys_heavyions/vpant/ppref2024output/PPRefZeroBiasPlusForward3/crab_ppref2024/250203_013520/0000/HiForestMiniAOD_630.root
Adding file /eos/cms/store/group/phys_heavyions/vpant/ppref2024output/PPRefZeroBiasPlusForward3/crab_ppref2024/250203_013520/0000/HiForestMiniAOD_630.root to the chains
list operator is /eos/cms/store/group/phys_heavyions/vpant/ppref2024output/PPRefZeroBiasPlusForward3/crab_ppref2024/250203_013520/0000/HiForestMiniAOD_631.root
Adding file /eos/cms/store/group/phys_heavyions/vpant/ppref2024output/PPRefZeroBiasPlusForward3/crab_ppref2024/250203_013520/0000/HiForestMiniAOD_631.root to the chains
list operator is /eos/cms/store/group/phys_heavyions/vpant/ppref2024output/PPRefZeroBiasPlusForward3/crab_ppref2024/250203_013520/0000/HiForestMiniAOD_632.root
Adding file /eos/cms/store/group/phys_heavyions/vpant/ppref2024output/PPRefZeroBiasPlusForward3/crab_ppref2024/250203_013520/0000/HiForestMiniAOD_632.root to the chains
list operator is /eos/cms/store/group/phys_heavyions/vpant/ppref2024output/PPRefZeroBiasPlusForward3/crab_ppref2024/250203_013520/0000/HiForestMiniAOD_633.root
Adding file /eos/cms/store/group/phys_heavyions/vpant/ppref2024output/PPRefZeroBiasPlusForward3/crab_ppref2024/250203_013520/0000/HiForestMiniAOD_633.root to the chains
list operator is /eos/cms/store/group/phys_heavyions/vpant/ppref2024output/PPRefZeroBiasPlusForward3/crab_ppref2024/250203_013520/0000/HiForestMiniAOD_634.root
Adding file /eos/cms/store/group/phys_heavyions/vpant/ppref2024output/PPRefZeroBiasPlusForward3/crab_ppref2024/250203_013520/0000/HiForestMiniAOD_634.root to the chains
list operator is /eos/cms/store/group/phys_heavyions/vpant/ppref2024output/PPRefZeroBiasPlusForward3/crab_ppref2024/250203_013520/0000/HiForestMiniAOD_635.root
Adding file /eos/cms/store/group/phys_heavyions/vpant/ppref2024output/PPRefZeroBiasPlusForward3/crab_ppref2024/250203_013520/0000/HiForestMiniAOD_635.root to the chains
list operator is /eos/cms/store/group/phys_heavyions/vpant/ppref2024output/PPRefZeroBiasPlusForward3/crab_ppref2024/250203_013520/0000/HiForestMiniAOD_636.root
Adding file /eos/cms/store/group/phys_heavyions/vpant/ppref2024output/PPRefZeroBiasPlusForward3/crab_ppref2024/250203_013520/0000/HiForestMiniAOD_636.root to the chains
list operator is /eos/cms/store/group/phys_heavyions/vpant/ppref2024output/PPRefZeroBiasPlusForward3/crab_ppref2024/250203_013520/0000/HiForestMiniAOD_637.root
Adding file /eos/cms/store/group/phys_heavyions/vpant/ppref2024output/PPRefZeroBiasPlusForward3/crab_ppref2024/250203_013520/0000/HiForestMiniAOD_637.root to the chains
list operator is /eos/cms/store/group/phys_heavyions/vpant/ppref2024output/PPRefZeroBiasPlusForward3/crab_ppref2024/250203_013520/0000/HiForestMiniAOD_638.root
Adding file /eos/cms/store/group/phys_heavyions/vpant/ppref2024output/PPRefZeroBiasPlusForward3/crab_ppref2024/250203_013520/0000/HiForestMiniAOD_638.root to the chains
list operator is /eos/cms/store/group/phys_heavyions/vpant/ppref2024output/PPRefZeroBiasPlusForward3/crab_ppref2024/250203_013520/0000/HiForestMiniAOD_639.root
Adding file /eos/cms/store/group/phys_heavyions/vpant/ppref2024output/PPRefZeroBiasPlusForward3/crab_ppref2024/250203_013520/0000/HiForestMiniAOD_639.root to the chains
Total number of events in those files: 8122

-------------------------------------------------
0 events passed 
finished