000 (16548867.014.000) 02/05 22:12:07 Job submitted from host: <188.185.72.155:9618?addrs=188.185.72.155-9618+[2001-1458-d00-8--100-95]-9618&alias=bigbird08.cern.ch&noUDP&sock=schedd_862983_22fa>
...
040 (16548867.014.000) 02/05 22:12:52 Started transferring input files
	Transferring to host: <188.185.193.91:9618?addrs=188.185.193.91-9618+[2001-1458-303-20--100-57]-9618&alias=b9p19p7107.cern.ch&noUDP&sock=slot1_5_3496947_4293_3644>
...
040 (16548867.014.000) 02/05 22:12:52 Finished transferring input files
...
001 (16548867.014.000) 02/05 22:12:54 Job executing on host: <188.185.193.91:9618?addrs=188.185.193.91-9618+[2001-1458-303-20--100-57]-9618&alias=b9p19p7107.cern.ch&noUDP&sock=startd_7930_e61d>
	SlotName: slot1_5@b9p19p7107.cern.ch
	CondorScratchDir = "/pool/condor/dir_1819013"
	Cpus = 1
	Disk = 3852
	GPUs = 0
	Memory = 3000
...
006 (16548867.014.000) 02/05 22:13:02 Image size of job updated: 59068
	58  -  MemoryUsage of job (MB)
	59068  -  ResidentSetSize of job (KB)
...
006 (16548867.014.000) 02/05 22:13:27 Image size of job updated: 59068
	58  -  MemoryUsage of job (MB)
	59104  -  ResidentSetSize of job (KB)
...
040 (16548867.014.000) 02/05 22:13:27 Started transferring output files
...
040 (16548867.014.000) 02/05 22:13:27 Finished transferring output files
...
005 (16548867.014.000) 02/05 22:13:27 Job terminated.
	(1) Normal termination (return value 0)
		Usr 0 00:00:09, Sys 0 00:00:00  -  Run Remote Usage
		Usr 0 00:00:00, Sys 0 00:00:00  -  Run Local Usage
		Usr 0 00:00:09, Sys 0 00:00:00  -  Total Remote Usage
		Usr 0 00:00:00, Sys 0 00:00:00  -  Total Local Usage
	23854  -  Run Bytes Sent By Job
	10424  -  Run Bytes Received By Job
	23854  -  Total Bytes Sent By Job
	10424  -  Total Bytes Received By Job
	Partitionable Resources :    Usage  Request Allocated 
	   Cpus                 :        0        1         1 
	   Disk (KB)            :       59       12      3852 
	   GPUs                 :                           0 
	   Memory (MB)          :       58     3000      3000 

	Job terminated of its own accord at 2025-02-05T21:13:27Z with exit-code 0.
...
