000 (16548867.009.000) 02/05 22:12:07 Job submitted from host: <188.185.72.155:9618?addrs=188.185.72.155-9618+[2001-1458-d00-8--100-95]-9618&alias=bigbird08.cern.ch&noUDP&sock=schedd_862983_22fa>
...
040 (16548867.009.000) 02/05 22:12:50 Started transferring input files
	Transferring to host: <128.142.240.25:9618?addrs=128.142.240.25-9618+[2001-1458-301-11--100-19]-9618&alias=b9g29p8672.cern.ch&noUDP&sock=slot1_11_3678516_0bcb_92181>
...
040 (16548867.009.000) 02/05 22:12:50 Finished transferring input files
...
001 (16548867.009.000) 02/05 22:12:51 Job executing on host: <128.142.240.25:9618?addrs=128.142.240.25-9618+[2001-1458-301-11--100-19]-9618&alias=b9g29p8672.cern.ch&noUDP&sock=startd_3639571_8ed5>
	SlotName: slot1_11@b9g29p8672.cern.ch
	CondorScratchDir = "/pool/condor/dir_1575941"
	Cpus = 1
	Disk = 3658
	GPUs = 0
	Memory = 3000
...
006 (16548867.009.000) 02/05 22:13:00 Image size of job updated: 167008
	164  -  MemoryUsage of job (MB)
	167008  -  ResidentSetSize of job (KB)
...
040 (16548867.009.000) 02/05 22:13:23 Started transferring output files
...
040 (16548867.009.000) 02/05 22:13:23 Finished transferring output files
...
005 (16548867.009.000) 02/05 22:13:23 Job terminated.
	(1) Normal termination (return value 0)
		Usr 0 00:00:05, Sys 0 00:00:01  -  Run Remote Usage
		Usr 0 00:00:00, Sys 0 00:00:00  -  Run Local Usage
		Usr 0 00:00:05, Sys 0 00:00:01  -  Total Remote Usage
		Usr 0 00:00:00, Sys 0 00:00:00  -  Total Local Usage
	23854  -  Run Bytes Sent By Job
	10424  -  Run Bytes Received By Job
	23854  -  Total Bytes Sent By Job
	10424  -  Total Bytes Received By Job
	Partitionable Resources :    Usage  Request Allocated 
	   Cpus                 :     0.08        1         1 
	   Disk (KB)            :    59          12      3658 
	   GPUs                 :                           0 
	   Memory (MB)          :   164        3000      3000 

	Job terminated of its own accord at 2025-02-05T21:13:23Z with exit-code 0.
...
