000 (16548868.000.000) 02/05 22:12:19 Job submitted from host: <188.185.72.155:9618?addrs=188.185.72.155-9618+[2001-1458-d00-8--100-95]-9618&alias=bigbird08.cern.ch&noUDP&sock=schedd_862983_22fa>
...
040 (16548868.000.000) 02/05 22:12:54 Started transferring input files
	Transferring to host: <188.185.204.141:9618?addrs=188.185.204.141-9618+[2001-1458-303-8--100-81]-9618&alias=b9p02p4906.cern.ch&noUDP&sock=slot1_33_2229096_890f_115917>
...
040 (16548868.000.000) 02/05 22:12:54 Finished transferring input files
...
001 (16548868.000.000) 02/05 22:12:55 Job executing on host: <188.185.204.141:9618?addrs=188.185.204.141-9618+[2001-1458-303-8--100-81]-9618&alias=b9p02p4906.cern.ch&noUDP&sock=startd_5672_1944>
	SlotName: slot1_33@b9p02p4906.cern.ch
	CondorScratchDir = "/pool/condor/dir_1425358"
	Cpus = 1
	Disk = 3537
	GPUs = 0
	Memory = 3000
...
006 (16548868.000.000) 02/05 22:13:03 Image size of job updated: 56000
	55  -  MemoryUsage of job (MB)
	56000  -  ResidentSetSize of job (KB)
...
040 (16548868.000.000) 02/05 22:13:33 Started transferring output files
...
040 (16548868.000.000) 02/05 22:13:33 Finished transferring output files
...
005 (16548868.000.000) 02/05 22:13:34 Job terminated.
	(1) Normal termination (return value 0)
		Usr 0 00:00:12, Sys 0 00:00:01  -  Run Remote Usage
		Usr 0 00:00:00, Sys 0 00:00:00  -  Run Local Usage
		Usr 0 00:00:12, Sys 0 00:00:01  -  Total Remote Usage
		Usr 0 00:00:00, Sys 0 00:00:00  -  Total Local Usage
	23737  -  Run Bytes Sent By Job
	10424  -  Run Bytes Received By Job
	23737  -  Total Bytes Sent By Job
	10424  -  Total Bytes Received By Job
	Partitionable Resources :    Usage  Request Allocated 
	   Cpus                 :        0        1         1 
	   Disk (KB)            :       63       12      3537 
	   GPUs                 :                           0 
	   Memory (MB)          :       55     3000      3000 

	Job terminated of its own accord at 2025-02-05T21:13:32Z with exit-code 0.
...
