000 (16548865.016.000) 02/05 22:11:55 Job submitted from host: <188.185.72.155:9618?addrs=188.185.72.155-9618+[2001-1458-d00-8--100-95]-9618&alias=bigbird08.cern.ch&noUDP&sock=schedd_862983_22fa>
...
040 (16548865.016.000) 02/05 22:12:41 Started transferring input files
	Transferring to host: <128.142.161.105:9618?addrs=128.142.161.105-9618+[2001-1458-301-b8--100-3c]-9618&alias=b9g03p8655.cern.ch&noUDP&sock=slot1_2_934246_92a0_17883>
...
040 (16548865.016.000) 02/05 22:12:41 Finished transferring input files
...
001 (16548865.016.000) 02/05 22:12:42 Job executing on host: <128.142.161.105:9618?addrs=128.142.161.105-9618+[2001-1458-301-b8--100-3c]-9618&alias=b9g03p8655.cern.ch&noUDP&sock=startd_3181_7ada>
	SlotName: slot1_2@b9g03p8655.cern.ch
	CondorScratchDir = "/pool/condor/dir_2225709"
	Cpus = 1
	Disk = 3979
	GPUs = 0
	Memory = 3000
...
006 (16548865.016.000) 02/05 22:12:51 Image size of job updated: 369636
	361  -  MemoryUsage of job (MB)
	369636  -  ResidentSetSize of job (KB)
...
040 (16548865.016.000) 02/05 22:13:36 Started transferring output files
...
040 (16548865.016.000) 02/05 22:13:36 Finished transferring output files
...
005 (16548865.016.000) 02/05 22:13:36 Job terminated.
	(1) Normal termination (return value 0)
		Usr 0 00:00:17, Sys 0 00:00:01  -  Run Remote Usage
		Usr 0 00:00:00, Sys 0 00:00:00  -  Run Local Usage
		Usr 0 00:00:17, Sys 0 00:00:01  -  Total Remote Usage
		Usr 0 00:00:00, Sys 0 00:00:00  -  Total Local Usage
	23854  -  Run Bytes Sent By Job
	10424  -  Run Bytes Received By Job
	23854  -  Total Bytes Sent By Job
	10424  -  Total Bytes Received By Job
	Partitionable Resources :    Usage  Request Allocated 
	   Cpus                 :     0.20        1         1 
	   Disk (KB)            :    59          12      3979 
	   GPUs                 :                           0 
	   Memory (MB)          :   361        3000      3000 

	Job terminated of its own accord at 2025-02-05T21:13:35Z with exit-code 0.
...
