000 (16548868.002.000) 02/05 22:12:19 Job submitted from host: <188.185.72.155:9618?addrs=188.185.72.155-9618+[2001-1458-d00-8--100-95]-9618&alias=bigbird08.cern.ch&noUDP&sock=schedd_862983_22fa>
...
040 (16548868.002.000) 02/05 22:12:54 Started transferring input files
	Transferring to host: <188.185.195.126:9618?addrs=188.185.195.126-9618+[2001-1458-303-22--100-7a]-9618&alias=b9p17p6301.cern.ch&noUDP&sock=slot1_18_7760_5f35_107196>
...
040 (16548868.002.000) 02/05 22:12:54 Finished transferring input files
...
001 (16548868.002.000) 02/05 22:12:55 Job executing on host: <188.185.195.126:9618?addrs=188.185.195.126-9618+[2001-1458-303-22--100-7a]-9618&alias=b9p17p6301.cern.ch&noUDP&sock=startd_6950_b34d>
	SlotName: slot1_18@b9p17p6301.cern.ch
	CondorScratchDir = "/pool/condor/dir_1232294"
	Cpus = 1
	Disk = 3824
	GPUs = 0
	Memory = 3000
...
006 (16548868.002.000) 02/05 22:13:03 Image size of job updated: 138420
	136  -  MemoryUsage of job (MB)
	138420  -  ResidentSetSize of job (KB)
...
040 (16548868.002.000) 02/05 22:13:32 Started transferring output files
...
040 (16548868.002.000) 02/05 22:13:32 Finished transferring output files
...
005 (16548868.002.000) 02/05 22:13:32 Job terminated.
	(1) Normal termination (return value 0)
		Usr 0 00:00:08, Sys 0 00:00:00  -  Run Remote Usage
		Usr 0 00:00:00, Sys 0 00:00:00  -  Run Local Usage
		Usr 0 00:00:08, Sys 0 00:00:00  -  Total Remote Usage
		Usr 0 00:00:00, Sys 0 00:00:00  -  Total Local Usage
	23737  -  Run Bytes Sent By Job
	10424  -  Run Bytes Received By Job
	23737  -  Total Bytes Sent By Job
	10424  -  Total Bytes Received By Job
	Partitionable Resources :    Usage  Request Allocated 
	   Cpus                 :        0        1         1 
	   Disk (KB)            :       59       12      3824 
	   GPUs                 :                           0 
	   Memory (MB)          :      136     3000      3000 

	Job terminated of its own accord at 2025-02-05T21:13:31Z with exit-code 0.
...
