000 (16548867.013.000) 02/05 22:12:07 Job submitted from host: <188.185.72.155:9618?addrs=188.185.72.155-9618+[2001-1458-d00-8--100-95]-9618&alias=bigbird08.cern.ch&noUDP&sock=schedd_862983_22fa>
...
040 (16548867.013.000) 02/05 22:12:51 Started transferring input files
	Transferring to host: <188.185.198.56:9618?addrs=188.185.198.56-9618+[2001-1458-303-25--100-34]-9618&alias=b9p15p6243.cern.ch&noUDP&sock=slot1_5_517273_5f84_70194>
...
040 (16548867.013.000) 02/05 22:12:51 Finished transferring input files
...
001 (16548867.013.000) 02/05 22:12:53 Job executing on host: <188.185.198.56:9618?addrs=188.185.198.56-9618+[2001-1458-303-25--100-34]-9618&alias=b9p15p6243.cern.ch&noUDP&sock=startd_9302_fa0d>
	SlotName: slot1_5@b9p15p6243.cern.ch
	CondorScratchDir = "/pool/condor/dir_1696819"
	Cpus = 1
	Disk = 3887
	GPUs = 0
	Memory = 3000
...
006 (16548867.013.000) 02/05 22:13:01 Image size of job updated: 55612
	55  -  MemoryUsage of job (MB)
	55612  -  ResidentSetSize of job (KB)
...
040 (16548867.013.000) 02/05 22:13:19 Started transferring output files
...
040 (16548867.013.000) 02/05 22:13:19 Finished transferring output files
...
005 (16548867.013.000) 02/05 22:13:19 Job terminated.
	(1) Normal termination (return value 0)
		Usr 0 00:00:04, Sys 0 00:00:00  -  Run Remote Usage
		Usr 0 00:00:00, Sys 0 00:00:00  -  Run Local Usage
		Usr 0 00:00:04, Sys 0 00:00:00  -  Total Remote Usage
		Usr 0 00:00:00, Sys 0 00:00:00  -  Total Local Usage
	23854  -  Run Bytes Sent By Job
	10424  -  Run Bytes Received By Job
	23854  -  Total Bytes Sent By Job
	10424  -  Total Bytes Received By Job
	Partitionable Resources :    Usage  Request Allocated 
	   Cpus                 :        0        1         1 
	   Disk (KB)            :       59       12      3887 
	   GPUs                 :                           0 
	   Memory (MB)          :       55     3000      3000 

	Job terminated of its own accord at 2025-02-05T21:13:19Z with exit-code 0.
...
