000 (16548868.003.000) 02/05 22:12:19 Job submitted from host: <188.185.72.155:9618?addrs=188.185.72.155-9618+[2001-1458-d00-8--100-95]-9618&alias=bigbird08.cern.ch&noUDP&sock=schedd_862983_22fa>
...
040 (16548868.003.000) 02/05 22:12:54 Started transferring input files
	Transferring to host: <128.142.33.208:9618?addrs=128.142.33.208-9618+[2001-1458-301-39--100-d]-9618&alias=b9g24p0198.cern.ch&noUDP&sock=slot1_6_10410_8960_55973>
...
040 (16548868.003.000) 02/05 22:12:54 Finished transferring input files
...
001 (16548868.003.000) 02/05 22:12:55 Job executing on host: <128.142.33.208:9618?addrs=128.142.33.208-9618+[2001-1458-301-39--100-d]-9618&alias=b9g24p0198.cern.ch&noUDP&sock=startd_9462_b934>
	SlotName: slot1_6@b9g24p0198.cern.ch
	CondorScratchDir = "/pool/condor/dir_3787774"
	Cpus = 1
	Disk = 3731
	GPUs = 0
	Memory = 3000
...
006 (16548868.003.000) 02/05 22:13:04 Image size of job updated: 61984
	61  -  MemoryUsage of job (MB)
	61984  -  ResidentSetSize of job (KB)
...
040 (16548868.003.000) 02/05 22:13:28 Started transferring output files
...
040 (16548868.003.000) 02/05 22:13:28 Finished transferring output files
...
005 (16548868.003.000) 02/05 22:13:28 Job terminated.
	(1) Normal termination (return value 0)
		Usr 0 00:00:08, Sys 0 00:00:01  -  Run Remote Usage
		Usr 0 00:00:00, Sys 0 00:00:00  -  Run Local Usage
		Usr 0 00:00:08, Sys 0 00:00:01  -  Total Remote Usage
		Usr 0 00:00:00, Sys 0 00:00:00  -  Total Local Usage
	23743  -  Run Bytes Sent By Job
	10424  -  Run Bytes Received By Job
	23743  -  Total Bytes Sent By Job
	10424  -  Total Bytes Received By Job
	Partitionable Resources :    Usage  Request Allocated 
	   Cpus                 :        0        1         1 
	   Disk (KB)            :       59       12      3731 
	   GPUs                 :                           0 
	   Memory (MB)          :       61     3000      3000 

	Job terminated of its own accord at 2025-02-05T21:13:28Z with exit-code 0.
...
