000 (16548867.008.000) 02/05 22:12:07 Job submitted from host: <188.185.72.155:9618?addrs=188.185.72.155-9618+[2001-1458-d00-8--100-95]-9618&alias=bigbird08.cern.ch&noUDP&sock=schedd_862983_22fa>
...
040 (16548867.008.000) 02/05 22:12:58 Started transferring input files
	Transferring to host: <188.185.204.151:9618?addrs=188.185.204.151-9618+[2001-1458-303-8--100-8b]-9618&alias=b9p02p6555.cern.ch&noUDP&sock=slot1_10_1126506_22aa_18285>
...
040 (16548867.008.000) 02/05 22:12:58 Finished transferring input files
...
001 (16548867.008.000) 02/05 22:12:59 Job executing on host: <188.185.204.151:9618?addrs=188.185.204.151-9618+[2001-1458-303-8--100-8b]-9618&alias=b9p02p6555.cern.ch&noUDP&sock=startd_7884_58c2>
	SlotName: slot1_10@b9p02p6555.cern.ch
	CondorScratchDir = "/pool/condor/dir_1890407"
	Cpus = 1
	Disk = 3682
	GPUs = 0
	Memory = 3000
...
006 (16548867.008.000) 02/05 22:13:13 Image size of job updated: 58964
	58  -  MemoryUsage of job (MB)
	58964  -  ResidentSetSize of job (KB)
...
006 (16548867.008.000) 02/05 22:13:30 Image size of job updated: 70716
	58  -  MemoryUsage of job (MB)
	58964  -  ResidentSetSize of job (KB)
...
040 (16548867.008.000) 02/05 22:13:30 Started transferring output files
...
040 (16548867.008.000) 02/05 22:13:30 Finished transferring output files
...
005 (16548867.008.000) 02/05 22:13:30 Job terminated.
	(1) Normal termination (return value 0)
		Usr 0 00:00:04, Sys 0 00:00:01  -  Run Remote Usage
		Usr 0 00:00:00, Sys 0 00:00:00  -  Run Local Usage
		Usr 0 00:00:04, Sys 0 00:00:01  -  Total Remote Usage
		Usr 0 00:00:00, Sys 0 00:00:00  -  Total Local Usage
	23851  -  Run Bytes Sent By Job
	10424  -  Run Bytes Received By Job
	23851  -  Total Bytes Sent By Job
	10424  -  Total Bytes Received By Job
	Partitionable Resources :    Usage  Request Allocated 
	   Cpus                 :        0        1         1 
	   Disk (KB)            :       63       12      3682 
	   GPUs                 :                           0 
	   Memory (MB)          :       58     3000      3000 

	Job terminated of its own accord at 2025-02-05T21:13:30Z with exit-code 0.
...
