000 (16548866.014.000) 02/05 22:12:00 Job submitted from host: <188.185.72.155:9618?addrs=188.185.72.155-9618+[2001-1458-d00-8--100-95]-9618&alias=bigbird08.cern.ch&noUDP&sock=schedd_862983_22fa>
...
040 (16548866.014.000) 02/05 22:12:45 Started transferring input files
	Transferring to host: <128.142.131.35:9618?addrs=128.142.131.35-9618+[2001-1458-301-59--100-17]-9618&alias=b9g11p0695.cern.ch&noUDP&sock=slot1_5_3303538_1f7a_91949>
...
040 (16548866.014.000) 02/05 22:12:45 Finished transferring input files
...
001 (16548866.014.000) 02/05 22:12:46 Job executing on host: <128.142.131.35:9618?addrs=128.142.131.35-9618+[2001-1458-301-59--100-17]-9618&alias=b9g11p0695.cern.ch&noUDP&sock=startd_2665_8bfb>
	SlotName: slot1_5@b9g11p0695.cern.ch
	CondorScratchDir = "/pool/condor/dir_1526640"
	Cpus = 1
	Disk = 2606
	GPUs = 0
	Memory = 3000
...
006 (16548866.014.000) 02/05 22:12:55 Image size of job updated: 117440
	115  -  MemoryUsage of job (MB)
	117440  -  ResidentSetSize of job (KB)
...
040 (16548866.014.000) 02/05 22:13:19 Started transferring output files
...
040 (16548866.014.000) 02/05 22:13:19 Finished transferring output files
...
005 (16548866.014.000) 02/05 22:13:19 Job terminated.
	(1) Normal termination (return value 0)
		Usr 0 00:00:09, Sys 0 00:00:01  -  Run Remote Usage
		Usr 0 00:00:00, Sys 0 00:00:00  -  Run Local Usage
		Usr 0 00:00:09, Sys 0 00:00:01  -  Total Remote Usage
		Usr 0 00:00:00, Sys 0 00:00:00  -  Total Local Usage
	23854  -  Run Bytes Sent By Job
	10424  -  Run Bytes Received By Job
	23854  -  Total Bytes Sent By Job
	10424  -  Total Bytes Received By Job
	Partitionable Resources :    Usage  Request Allocated 
	   Cpus                 :        0        1         1 
	   Disk (KB)            :       58       12      2606 
	   GPUs                 :                           0 
	   Memory (MB)          :      115     3000      3000 

	Job terminated of its own accord at 2025-02-05T21:13:19Z with exit-code 0.
...
