000 (16548866.005.000) 02/05 22:12:00 Job submitted from host: <188.185.72.155:9618?addrs=188.185.72.155-9618+[2001-1458-d00-8--100-95]-9618&alias=bigbird08.cern.ch&noUDP&sock=schedd_862983_22fa>
...
040 (16548866.005.000) 02/05 22:12:38 Started transferring input files
	Transferring to host: <188.185.193.22:9618?addrs=188.185.193.22-9618+[2001-1458-303-20--100-12]-9618&alias=b9p19p8107.cern.ch&noUDP&sock=slot1_32_1821583_c2f3_45077>
...
040 (16548866.005.000) 02/05 22:12:38 Finished transferring input files
...
001 (16548866.005.000) 02/05 22:12:39 Job executing on host: <188.185.193.22:9618?addrs=188.185.193.22-9618+[2001-1458-303-20--100-12]-9618&alias=b9p19p8107.cern.ch&noUDP&sock=startd_7392_e029>
	SlotName: slot1_32@b9p19p8107.cern.ch
	CondorScratchDir = "/pool/condor/dir_2897160"
	Cpus = 1
	Disk = 3933
	GPUs = 0
	Memory = 3000
...
006 (16548866.005.000) 02/05 22:12:48 Image size of job updated: 120092
	118  -  MemoryUsage of job (MB)
	120092  -  ResidentSetSize of job (KB)
...
040 (16548866.005.000) 02/05 22:13:30 Started transferring output files
...
040 (16548866.005.000) 02/05 22:13:30 Finished transferring output files
...
005 (16548866.005.000) 02/05 22:13:30 Job terminated.
	(1) Normal termination (return value 0)
		Usr 0 00:00:05, Sys 0 00:00:00  -  Run Remote Usage
		Usr 0 00:00:00, Sys 0 00:00:00  -  Run Local Usage
		Usr 0 00:00:05, Sys 0 00:00:00  -  Total Remote Usage
		Usr 0 00:00:00, Sys 0 00:00:00  -  Total Local Usage
	23851  -  Run Bytes Sent By Job
	10424  -  Run Bytes Received By Job
	23851  -  Total Bytes Sent By Job
	10424  -  Total Bytes Received By Job
	Partitionable Resources :    Usage  Request Allocated 
	   Cpus                 :        0        1         1 
	   Disk (KB)            :       59       12      3933 
	   GPUs                 :                           0 
	   Memory (MB)          :      118     3000      3000 

	Job terminated of its own accord at 2025-02-05T21:13:30Z with exit-code 0.
...
