000 (16548864.001.000) 02/05 22:11:50 Job submitted from host: <188.185.72.155:9618?addrs=188.185.72.155-9618+[2001-1458-d00-8--100-95]-9618&alias=bigbird08.cern.ch&noUDP&sock=schedd_862983_22fa>
...
040 (16548864.001.000) 02/05 22:12:26 Started transferring input files
	Transferring to host: <188.185.193.102:9618?addrs=188.185.193.102-9618+[2001-1458-303-20--100-62]-9618&alias=b9p19p3500.cern.ch&noUDP&sock=slot1_12_1220875_a208_26324>
...
040 (16548864.001.000) 02/05 22:12:26 Finished transferring input files
...
001 (16548864.001.000) 02/05 22:12:28 Job executing on host: <188.185.193.102:9618?addrs=188.185.193.102-9618+[2001-1458-303-20--100-62]-9618&alias=b9p19p3500.cern.ch&noUDP&sock=startd_4910_6e19>
	SlotName: slot1_12@b9p19p3500.cern.ch
	CondorScratchDir = "/pool/condor/dir_3967642"
	Cpus = 1
	Disk = 3868
	GPUs = 0
	Memory = 3000
...
006 (16548864.001.000) 02/05 22:12:37 Image size of job updated: 73404
	72  -  MemoryUsage of job (MB)
	73404  -  ResidentSetSize of job (KB)
...
040 (16548864.001.000) 02/05 22:12:49 Started transferring output files
...
040 (16548864.001.000) 02/05 22:12:49 Finished transferring output files
...
005 (16548864.001.000) 02/05 22:12:50 Job terminated.
	(1) Normal termination (return value 0)
		Usr 0 00:00:08, Sys 0 00:00:00  -  Run Remote Usage
		Usr 0 00:00:00, Sys 0 00:00:00  -  Run Local Usage
		Usr 0 00:00:08, Sys 0 00:00:00  -  Total Remote Usage
		Usr 0 00:00:00, Sys 0 00:00:00  -  Total Local Usage
	23743  -  Run Bytes Sent By Job
	10424  -  Run Bytes Received By Job
	23743  -  Total Bytes Sent By Job
	10424  -  Total Bytes Received By Job
	Partitionable Resources :    Usage  Request Allocated 
	   Cpus                 :        0        1         1 
	   Disk (KB)            :       58       12      3868 
	   GPUs                 :                           0 
	   Memory (MB)          :       72     3000      3000 

	Job terminated of its own accord at 2025-02-05T21:12:49Z with exit-code 0.
...
