000 (16548864.004.000) 02/05 22:11:50 Job submitted from host: <188.185.72.155:9618?addrs=188.185.72.155-9618+[2001-1458-d00-8--100-95]-9618&alias=bigbird08.cern.ch&noUDP&sock=schedd_862983_22fa>
...
040 (16548864.004.000) 02/05 22:12:28 Started transferring input files
	Transferring to host: <188.185.196.131:9618?addrs=188.185.196.131-9618+[2001-1458-303-23--100-7f]-9618&alias=b9p16p3366.cern.ch&noUDP&sock=slot1_30_3187596_7ed0_3646>
...
040 (16548864.004.000) 02/05 22:12:28 Finished transferring input files
...
001 (16548864.004.000) 02/05 22:12:29 Job executing on host: <188.185.196.131:9618?addrs=188.185.196.131-9618+[2001-1458-303-23--100-7f]-9618&alias=b9p16p3366.cern.ch&noUDP&sock=startd_4497_257c>
	SlotName: slot1_30@b9p16p3366.cern.ch
	CondorScratchDir = "/pool/condor/dir_1873597"
	Cpus = 1
	Disk = 3900
	GPUs = 0
	Memory = 3000
...
006 (16548864.004.000) 02/05 22:12:38 Image size of job updated: 89040
	87  -  MemoryUsage of job (MB)
	89040  -  ResidentSetSize of job (KB)
...
040 (16548864.004.000) 02/05 22:12:49 Started transferring output files
...
040 (16548864.004.000) 02/05 22:12:49 Finished transferring output files
...
005 (16548864.004.000) 02/05 22:12:50 Job terminated.
	(1) Normal termination (return value 0)
		Usr 0 00:00:09, Sys 0 00:00:00  -  Run Remote Usage
		Usr 0 00:00:00, Sys 0 00:00:00  -  Run Local Usage
		Usr 0 00:00:09, Sys 0 00:00:00  -  Total Remote Usage
		Usr 0 00:00:00, Sys 0 00:00:00  -  Total Local Usage
	23737  -  Run Bytes Sent By Job
	10424  -  Run Bytes Received By Job
	23737  -  Total Bytes Sent By Job
	10424  -  Total Bytes Received By Job
	Partitionable Resources :    Usage  Request Allocated 
	   Cpus                 :        0        1         1 
	   Disk (KB)            :       59       12      3900 
	   GPUs                 :                           0 
	   Memory (MB)          :       87     3000      3000 

	Job terminated of its own accord at 2025-02-05T21:12:48Z with exit-code 0.
...
