000 (16548865.007.000) 02/05 22:11:55 Job submitted from host: <188.185.72.155:9618?addrs=188.185.72.155-9618+[2001-1458-d00-8--100-95]-9618&alias=bigbird08.cern.ch&noUDP&sock=schedd_862983_22fa>
...
040 (16548865.007.000) 02/05 22:12:34 Started transferring input files
	Transferring to host: <188.185.193.121:9618?addrs=188.185.193.121-9618+[2001-1458-303-20--100-75]-9618&alias=b9p19p7013.cern.ch&noUDP&sock=slot1_8_3792389_e041_3840>
...
040 (16548865.007.000) 02/05 22:12:34 Finished transferring input files
...
001 (16548865.007.000) 02/05 22:12:35 Job executing on host: <188.185.193.121:9618?addrs=188.185.193.121-9618+[2001-1458-303-20--100-75]-9618&alias=b9p19p7013.cern.ch&noUDP&sock=startd_4203_7ca4>
	SlotName: slot1_8@b9p19p7013.cern.ch
	CondorScratchDir = "/pool/condor/dir_1689575"
	Cpus = 1
	Disk = 3974
	GPUs = 0
	Memory = 3000
...
006 (16548865.007.000) 02/05 22:12:44 Image size of job updated: 91940
	90  -  MemoryUsage of job (MB)
	91940  -  ResidentSetSize of job (KB)
...
040 (16548865.007.000) 02/05 22:13:25 Started transferring output files
...
040 (16548865.007.000) 02/05 22:13:25 Finished transferring output files
...
005 (16548865.007.000) 02/05 22:13:25 Job terminated.
	(1) Normal termination (return value 0)
		Usr 0 00:00:10, Sys 0 00:00:00  -  Run Remote Usage
		Usr 0 00:00:00, Sys 0 00:00:00  -  Run Local Usage
		Usr 0 00:00:10, Sys 0 00:00:00  -  Total Remote Usage
		Usr 0 00:00:00, Sys 0 00:00:00  -  Total Local Usage
	23851  -  Run Bytes Sent By Job
	10424  -  Run Bytes Received By Job
	23851  -  Total Bytes Sent By Job
	10424  -  Total Bytes Received By Job
	Partitionable Resources :    Usage  Request Allocated 
	   Cpus                 :        0        1         1 
	   Disk (KB)            :       58       12      3974 
	   GPUs                 :                           0 
	   Memory (MB)          :       90     3000      3000 

	Job terminated of its own accord at 2025-02-05T21:13:24Z with exit-code 0.
...
