000 (16548865.000.000) 02/05 22:11:55 Job submitted from host: <188.185.72.155:9618?addrs=188.185.72.155-9618+[2001-1458-d00-8--100-95]-9618&alias=bigbird08.cern.ch&noUDP&sock=schedd_862983_22fa>
...
040 (16548865.000.000) 02/05 22:12:33 Started transferring input files
	Transferring to host: <188.185.196.40:9618?addrs=188.185.196.40-9618+[2001-1458-303-23--100-24]-9618&alias=b9p16p2836.cern.ch&noUDP&sock=slot1_17_4031710_2ba5_3817>
...
040 (16548865.000.000) 02/05 22:12:33 Finished transferring input files
...
001 (16548865.000.000) 02/05 22:12:34 Job executing on host: <188.185.196.40:9618?addrs=188.185.196.40-9618+[2001-1458-303-23--100-24]-9618&alias=b9p16p2836.cern.ch&noUDP&sock=startd_5025_4f7d>
	SlotName: slot1_17@b9p16p2836.cern.ch
	CondorScratchDir = "/pool/condor/dir_3937948"
	Cpus = 1
	Disk = 3923
	GPUs = 0
	Memory = 3000
...
006 (16548865.000.000) 02/05 22:12:42 Image size of job updated: 1880
	2  -  MemoryUsage of job (MB)
	1880  -  ResidentSetSize of job (KB)
...
006 (16548865.000.000) 02/05 22:13:31 Image size of job updated: 69064
	68  -  MemoryUsage of job (MB)
	69064  -  ResidentSetSize of job (KB)
...
040 (16548865.000.000) 02/05 22:13:31 Started transferring output files
...
040 (16548865.000.000) 02/05 22:13:31 Finished transferring output files
...
005 (16548865.000.000) 02/05 22:13:31 Job terminated.
	(1) Normal termination (return value 0)
		Usr 0 00:00:07, Sys 0 00:00:00  -  Run Remote Usage
		Usr 0 00:00:00, Sys 0 00:00:00  -  Run Local Usage
		Usr 0 00:00:07, Sys 0 00:00:00  -  Total Remote Usage
		Usr 0 00:00:00, Sys 0 00:00:00  -  Total Local Usage
	23851  -  Run Bytes Sent By Job
	10424  -  Run Bytes Received By Job
	23851  -  Total Bytes Sent By Job
	10424  -  Total Bytes Received By Job
	Partitionable Resources :    Usage  Request Allocated 
	   Cpus                 :        0        1         1 
	   Disk (KB)            :       58       12      3923 
	   GPUs                 :                           0 
	   Memory (MB)          :       68     3000      3000 

	Job terminated of its own accord at 2025-02-05T21:13:31Z with exit-code 0.
...
