000 (16548867.005.000) 02/05 22:12:07 Job submitted from host: <188.185.72.155:9618?addrs=188.185.72.155-9618+[2001-1458-d00-8--100-95]-9618&alias=bigbird08.cern.ch&noUDP&sock=schedd_862983_22fa>
...
040 (16548867.005.000) 02/05 22:12:49 Started transferring input files
	Transferring to host: <128.142.192.172:9618?addrs=128.142.192.172-9618+[2001-1458-301-56--100-28]-9618&alias=b9g18p0729.cern.ch&noUDP&sock=slot1_6_172264_5256_78339>
...
040 (16548867.005.000) 02/05 22:12:50 Finished transferring input files
...
001 (16548867.005.000) 02/05 22:12:51 Job executing on host: <128.142.192.172:9618?addrs=128.142.192.172-9618+[2001-1458-301-56--100-28]-9618&alias=b9g18p0729.cern.ch&noUDP&sock=startd_3683_cf65>
	SlotName: slot1_6@b9g18p0729.cern.ch
	CondorScratchDir = "/pool/condor/dir_871459"
	Cpus = 1
	Disk = 3705
	GPUs = 0
	Memory = 3000
...
006 (16548867.005.000) 02/05 22:12:59 Image size of job updated: 368384
	360  -  MemoryUsage of job (MB)
	368384  -  ResidentSetSize of job (KB)
...
040 (16548867.005.000) 02/05 22:13:26 Started transferring output files
...
040 (16548867.005.000) 02/05 22:13:26 Finished transferring output files
...
005 (16548867.005.000) 02/05 22:13:26 Job terminated.
	(1) Normal termination (return value 0)
		Usr 0 00:00:08, Sys 0 00:00:01  -  Run Remote Usage
		Usr 0 00:00:00, Sys 0 00:00:00  -  Run Local Usage
		Usr 0 00:00:08, Sys 0 00:00:01  -  Total Remote Usage
		Usr 0 00:00:00, Sys 0 00:00:00  -  Total Local Usage
	23851  -  Run Bytes Sent By Job
	10424  -  Run Bytes Received By Job
	23851  -  Total Bytes Sent By Job
	10424  -  Total Bytes Received By Job
	Partitionable Resources :    Usage  Request Allocated 
	   Cpus                 :     0.10        1         1 
	   Disk (KB)            :    58          12      3705 
	   GPUs                 :                           0 
	   Memory (MB)          :   360        3000      3000 

	Job terminated of its own accord at 2025-02-05T21:13:26Z with exit-code 0.
...
