000 (16548868.013.000) 02/05 22:12:19 Job submitted from host: <188.185.72.155:9618?addrs=188.185.72.155-9618+[2001-1458-d00-8--100-95]-9618&alias=bigbird08.cern.ch&noUDP&sock=schedd_862983_22fa>
...
040 (16548868.013.000) 02/05 22:12:56 Started transferring input files
	Transferring to host: <128.142.240.11:9618?addrs=128.142.240.11-9618+[2001-1458-301-11--100-b]-9618&alias=b9g29p5557.cern.ch&noUDP&sock=slot1_9_802119_2603_74653>
...
040 (16548868.013.000) 02/05 22:12:56 Finished transferring input files
...
001 (16548868.013.000) 02/05 22:12:57 Job executing on host: <128.142.240.11:9618?addrs=128.142.240.11-9618+[2001-1458-301-11--100-b]-9618&alias=b9g29p5557.cern.ch&noUDP&sock=startd_5805_535c>
	SlotName: slot1_9@b9g29p5557.cern.ch
	CondorScratchDir = "/pool/condor/dir_3899700"
	Cpus = 1
	Disk = 3709
	GPUs = 0
	Memory = 3000
...
006 (16548868.013.000) 02/05 22:13:06 Image size of job updated: 54056
	53  -  MemoryUsage of job (MB)
	54056  -  ResidentSetSize of job (KB)
...
040 (16548868.013.000) 02/05 22:13:38 Started transferring output files
...
040 (16548868.013.000) 02/05 22:13:38 Finished transferring output files
...
005 (16548868.013.000) 02/05 22:13:38 Job terminated.
	(1) Normal termination (return value 0)
		Usr 0 00:00:15, Sys 0 00:00:01  -  Run Remote Usage
		Usr 0 00:00:00, Sys 0 00:00:00  -  Run Local Usage
		Usr 0 00:00:15, Sys 0 00:00:01  -  Total Remote Usage
		Usr 0 00:00:00, Sys 0 00:00:00  -  Total Local Usage
	23742  -  Run Bytes Sent By Job
	10424  -  Run Bytes Received By Job
	23742  -  Total Bytes Sent By Job
	10424  -  Total Bytes Received By Job
	Partitionable Resources :    Usage  Request Allocated 
	   Cpus                 :        0        1         1 
	   Disk (KB)            :       58       12      3709 
	   GPUs                 :                           0 
	   Memory (MB)          :       53     3000      3000 

	Job terminated of its own accord at 2025-02-05T21:13:38Z with exit-code 0.
...
