000 (16548865.010.000) 02/05 22:11:55 Job submitted from host: <188.185.72.155:9618?addrs=188.185.72.155-9618+[2001-1458-d00-8--100-95]-9618&alias=bigbird08.cern.ch&noUDP&sock=schedd_862983_22fa>
...
040 (16548865.010.000) 02/05 22:12:35 Started transferring input files
	Transferring to host: <188.185.193.24:9618?addrs=188.185.193.24-9618+[2001-1458-303-20--100-14]-9618&alias=b9p19p8869.cern.ch&noUDP&sock=slot1_5_4123699_be22_3591>
...
040 (16548865.010.000) 02/05 22:12:35 Finished transferring input files
...
001 (16548865.010.000) 02/05 22:12:36 Job executing on host: <188.185.193.24:9618?addrs=188.185.193.24-9618+[2001-1458-303-20--100-14]-9618&alias=b9p19p8869.cern.ch&noUDP&sock=startd_4926_679d>
	SlotName: slot1_5@b9p19p8869.cern.ch
	CondorScratchDir = "/pool/condor/dir_1824020"
	Cpus = 1
	Disk = 3843
	GPUs = 0
	Memory = 3000
...
006 (16548865.010.000) 02/05 22:12:45 Image size of job updated: 180272
	177  -  MemoryUsage of job (MB)
	180272  -  ResidentSetSize of job (KB)
...
040 (16548865.010.000) 02/05 22:13:19 Started transferring output files
...
040 (16548865.010.000) 02/05 22:13:19 Finished transferring output files
...
005 (16548865.010.000) 02/05 22:13:19 Job terminated.
	(1) Normal termination (return value 0)
		Usr 0 00:00:06, Sys 0 00:00:00  -  Run Remote Usage
		Usr 0 00:00:00, Sys 0 00:00:00  -  Run Local Usage
		Usr 0 00:00:06, Sys 0 00:00:00  -  Total Remote Usage
		Usr 0 00:00:00, Sys 0 00:00:00  -  Total Local Usage
	23854  -  Run Bytes Sent By Job
	10424  -  Run Bytes Received By Job
	23854  -  Total Bytes Sent By Job
	10424  -  Total Bytes Received By Job
	Partitionable Resources :    Usage  Request Allocated 
	   Cpus                 :        0        1         1 
	   Disk (KB)            :       59       12      3843 
	   GPUs                 :                           0 
	   Memory (MB)          :      177     3000      3000 

	Job terminated of its own accord at 2025-02-05T21:13:19Z with exit-code 0.
...
