000 (16548866.000.000) 02/05 22:12:00 Job submitted from host: <188.185.72.155:9618?addrs=188.185.72.155-9618+[2001-1458-d00-8--100-95]-9618&alias=bigbird08.cern.ch&noUDP&sock=schedd_862983_22fa>
...
040 (16548866.000.000) 02/05 22:12:58 Started transferring input files
	Transferring to host: <188.185.192.151:9618?addrs=188.185.192.151-9618+[2001-1458-303-1f--100-93]-9618&alias=b9p13p3014.cern.ch&noUDP&sock=slot1_34_3612048_53bc_47086>
...
040 (16548866.000.000) 02/05 22:12:58 Finished transferring input files
...
001 (16548866.000.000) 02/05 22:12:59 Job executing on host: <188.185.192.151:9618?addrs=188.185.192.151-9618+[2001-1458-303-1f--100-93]-9618&alias=b9p13p3014.cern.ch&noUDP&sock=startd_5715_97d6>
	SlotName: slot1_34@b9p13p3014.cern.ch
	CondorScratchDir = "/pool/condor/dir_429469"
	Cpus = 1
	Disk = 3872
	GPUs = 0
	Memory = 3000
...
006 (16548866.000.000) 02/05 22:13:08 Image size of job updated: 62052
	61  -  MemoryUsage of job (MB)
	62052  -  ResidentSetSize of job (KB)
...
040 (16548866.000.000) 02/05 22:13:31 Started transferring output files
...
040 (16548866.000.000) 02/05 22:13:31 Finished transferring output files
...
005 (16548866.000.000) 02/05 22:13:31 Job terminated.
	(1) Normal termination (return value 0)
		Usr 0 00:00:08, Sys 0 00:00:00  -  Run Remote Usage
		Usr 0 00:00:00, Sys 0 00:00:00  -  Run Local Usage
		Usr 0 00:00:08, Sys 0 00:00:00  -  Total Remote Usage
		Usr 0 00:00:00, Sys 0 00:00:00  -  Total Local Usage
	23851  -  Run Bytes Sent By Job
	10424  -  Run Bytes Received By Job
	23851  -  Total Bytes Sent By Job
	10424  -  Total Bytes Received By Job
	Partitionable Resources :    Usage  Request Allocated 
	   Cpus                 :     0.07        1         1 
	   Disk (KB)            :    59          12      3872 
	   GPUs                 :                           0 
	   Memory (MB)          :    61        3000      3000 

	Job terminated of its own accord at 2025-02-05T21:13:31Z with exit-code 0.
...
