000 (16548868.001.000) 02/05 22:12:19 Job submitted from host: <188.185.72.155:9618?addrs=188.185.72.155-9618+[2001-1458-d00-8--100-95]-9618&alias=bigbird08.cern.ch&noUDP&sock=schedd_862983_22fa>
...
040 (16548868.001.000) 02/05 22:12:54 Started transferring input files
	Transferring to host: <188.185.193.128:9618?addrs=188.185.193.128-9618+[2001-1458-303-20--100-7c]-9618&alias=b9p19p3374.cern.ch&noUDP&sock=slot1_29_5923_0a0a_45023>
...
040 (16548868.001.000) 02/05 22:12:54 Finished transferring input files
...
001 (16548868.001.000) 02/05 22:12:55 Job executing on host: <188.185.193.128:9618?addrs=188.185.193.128-9618+[2001-1458-303-20--100-7c]-9618&alias=b9p19p3374.cern.ch&noUDP&sock=startd_5019_31ec>
	SlotName: slot1_29@b9p19p3374.cern.ch
	CondorScratchDir = "/pool/condor/dir_1329837"
	Cpus = 1
	Disk = 3877
	GPUs = 0
	Memory = 3000
...
006 (16548868.001.000) 02/05 22:13:03 Image size of job updated: 365296
	357  -  MemoryUsage of job (MB)
	365296  -  ResidentSetSize of job (KB)
...
040 (16548868.001.000) 02/05 22:13:52 Started transferring output files
...
040 (16548868.001.000) 02/05 22:13:52 Finished transferring output files
...
005 (16548868.001.000) 02/05 22:13:52 Job terminated.
	(1) Normal termination (return value 0)
		Usr 0 00:00:25, Sys 0 00:00:00  -  Run Remote Usage
		Usr 0 00:00:00, Sys 0 00:00:00  -  Run Local Usage
		Usr 0 00:00:25, Sys 0 00:00:00  -  Total Remote Usage
		Usr 0 00:00:00, Sys 0 00:00:00  -  Total Local Usage
	23743  -  Run Bytes Sent By Job
	10424  -  Run Bytes Received By Job
	23743  -  Total Bytes Sent By Job
	10424  -  Total Bytes Received By Job
	Partitionable Resources :    Usage  Request Allocated 
	   Cpus                 :        0        1         1 
	   Disk (KB)            :       59       12      3877 
	   GPUs                 :                           0 
	   Memory (MB)          :      357     3000      3000 

	Job terminated of its own accord at 2025-02-05T21:13:52Z with exit-code 0.
...
