000 (16548864.002.000) 02/05 22:11:50 Job submitted from host: <188.185.72.155:9618?addrs=188.185.72.155-9618+[2001-1458-d00-8--100-95]-9618&alias=bigbird08.cern.ch&noUDP&sock=schedd_862983_22fa>
...
040 (16548864.002.000) 02/05 22:12:26 Started transferring input files
	Transferring to host: <188.185.196.37:9618?addrs=188.185.196.37-9618+[2001-1458-303-23--100-21]-9618&alias=b9p16p4159.cern.ch&noUDP&sock=slot1_18_1483388_ca1b_4417>
...
040 (16548864.002.000) 02/05 22:12:27 Finished transferring input files
...
001 (16548864.002.000) 02/05 22:12:28 Job executing on host: <188.185.196.37:9618?addrs=188.185.196.37-9618+[2001-1458-303-23--100-21]-9618&alias=b9p16p4159.cern.ch&noUDP&sock=startd_8127_0645>
	SlotName: slot1_18@b9p16p4159.cern.ch
	CondorScratchDir = "/pool/condor/dir_2744890"
	Cpus = 1
	Disk = 3829
	GPUs = 0
	Memory = 3000
...
006 (16548864.002.000) 02/05 22:12:36 Image size of job updated: 94264
	93  -  MemoryUsage of job (MB)
	94264  -  ResidentSetSize of job (KB)
...
040 (16548864.002.000) 02/05 22:12:47 Started transferring output files
...
040 (16548864.002.000) 02/05 22:12:47 Finished transferring output files
...
005 (16548864.002.000) 02/05 22:12:48 Job terminated.
	(1) Normal termination (return value 0)
		Usr 0 00:00:07, Sys 0 00:00:00  -  Run Remote Usage
		Usr 0 00:00:00, Sys 0 00:00:00  -  Run Local Usage
		Usr 0 00:00:07, Sys 0 00:00:00  -  Total Remote Usage
		Usr 0 00:00:00, Sys 0 00:00:00  -  Total Local Usage
	23737  -  Run Bytes Sent By Job
	10424  -  Run Bytes Received By Job
	23737  -  Total Bytes Sent By Job
	10424  -  Total Bytes Received By Job
	Partitionable Resources :    Usage  Request Allocated 
	   Cpus                 :                 1         1 
	   Disk (KB)            :       51       12      3829 
	   GPUs                 :                           0 
	   Memory (MB)          :       93     3000      3000 

	Job terminated of its own accord at 2025-02-05T21:12:47Z with exit-code 0.
...
