000 (16548866.009.000) 02/05 22:12:00 Job submitted from host: <188.185.72.155:9618?addrs=188.185.72.155-9618+[2001-1458-d00-8--100-95]-9618&alias=bigbird08.cern.ch&noUDP&sock=schedd_862983_22fa>
...
040 (16548866.009.000) 02/05 22:12:44 Started transferring input files
	Transferring to host: <128.142.161.104:9618?addrs=128.142.161.104-9618+[2001-1458-301-b8--100-26]-9618&alias=b9g03p6832.cern.ch&noUDP&sock=slot1_6_2507584_864b_3950>
...
040 (16548866.009.000) 02/05 22:12:44 Finished transferring input files
...
001 (16548866.009.000) 02/05 22:12:45 Job executing on host: <128.142.161.104:9618?addrs=128.142.161.104-9618+[2001-1458-301-b8--100-26]-9618&alias=b9g03p6832.cern.ch&noUDP&sock=startd_3183_da0a>
	SlotName: slot1_6@b9g03p6832.cern.ch
	CondorScratchDir = "/pool/condor/dir_2480488"
	Cpus = 1
	Disk = 4060
	GPUs = 0
	Memory = 3000
...
006 (16548866.009.000) 02/05 22:12:54 Image size of job updated: 351564
	344  -  MemoryUsage of job (MB)
	351564  -  ResidentSetSize of job (KB)
...
040 (16548866.009.000) 02/05 22:13:08 Started transferring output files
...
040 (16548866.009.000) 02/05 22:13:08 Finished transferring output files
...
005 (16548866.009.000) 02/05 22:13:08 Job terminated.
	(1) Normal termination (return value 0)
		Usr 0 00:00:05, Sys 0 00:00:00  -  Run Remote Usage
		Usr 0 00:00:00, Sys 0 00:00:00  -  Run Local Usage
		Usr 0 00:00:05, Sys 0 00:00:00  -  Total Remote Usage
		Usr 0 00:00:00, Sys 0 00:00:00  -  Total Local Usage
	23854  -  Run Bytes Sent By Job
	10424  -  Run Bytes Received By Job
	23854  -  Total Bytes Sent By Job
	10424  -  Total Bytes Received By Job
	Partitionable Resources :    Usage  Request Allocated 
	   Cpus                 :        0        1         1 
	   Disk (KB)            :       58       12      4060 
	   GPUs                 :                           0 
	   Memory (MB)          :      344     3000      3000 

	Job terminated of its own accord at 2025-02-05T21:13:08Z with exit-code 0.
...
