000 (16548867.012.000) 02/05 22:12:07 Job submitted from host: <188.185.72.155:9618?addrs=188.185.72.155-9618+[2001-1458-d00-8--100-95]-9618&alias=bigbird08.cern.ch&noUDP&sock=schedd_862983_22fa>
...
040 (16548867.012.000) 02/05 22:12:51 Started transferring input files
	Transferring to host: <188.185.210.201:9618?addrs=188.185.210.201-9618+[2001-1458-303-15--100-45]-9618&alias=b9p22p5174.cern.ch&noUDP&sock=slot1_5_2712819_2605_81502>
...
040 (16548867.012.000) 02/05 22:12:51 Finished transferring input files
...
001 (16548867.012.000) 02/05 22:12:53 Job executing on host: <188.185.210.201:9618?addrs=188.185.210.201-9618+[2001-1458-303-15--100-45]-9618&alias=b9p22p5174.cern.ch&noUDP&sock=startd_5270_5c31>
	SlotName: slot1_5@b9p22p5174.cern.ch
	CondorScratchDir = "/pool/condor/dir_3670238"
	Cpus = 1
	Disk = 3779
	GPUs = 0
	Memory = 3000
...
006 (16548867.012.000) 02/05 22:13:01 Image size of job updated: 151128
	148  -  MemoryUsage of job (MB)
	151128  -  ResidentSetSize of job (KB)
...
040 (16548867.012.000) 02/05 22:13:07 Started transferring output files
...
040 (16548867.012.000) 02/05 22:13:08 Finished transferring output files
...
005 (16548867.012.000) 02/05 22:13:08 Job terminated.
	(1) Normal termination (return value 0)
		Usr 0 00:00:01, Sys 0 00:00:00  -  Run Remote Usage
		Usr 0 00:00:00, Sys 0 00:00:00  -  Run Local Usage
		Usr 0 00:00:01, Sys 0 00:00:00  -  Total Remote Usage
		Usr 0 00:00:00, Sys 0 00:00:00  -  Total Local Usage
	23834  -  Run Bytes Sent By Job
	10424  -  Run Bytes Received By Job
	23834  -  Total Bytes Sent By Job
	10424  -  Total Bytes Received By Job
	Partitionable Resources :    Usage  Request Allocated 
	   Cpus                 :        0        1         1 
	   Disk (KB)            :       58       12      3779 
	   GPUs                 :                           0 
	   Memory (MB)          :      148     3000      3000 

	Job terminated of its own accord at 2025-02-05T21:13:07Z with exit-code 0.
...
