000 (16548864.018.000) 02/05 22:11:50 Job submitted from host: <188.185.72.155:9618?addrs=188.185.72.155-9618+[2001-1458-d00-8--100-95]-9618&alias=bigbird08.cern.ch&noUDP&sock=schedd_862983_22fa>
...
040 (16548864.018.000) 02/05 22:12:32 Started transferring input files
	Transferring to host: <188.185.195.117:9618?addrs=188.185.195.117-9618+[2001-1458-303-22--100-71]-9618&alias=b9p17p3627.cern.ch&noUDP&sock=slot1_25_588628_6cf9_64850>
...
040 (16548864.018.000) 02/05 22:12:32 Finished transferring input files
...
001 (16548864.018.000) 02/05 22:12:34 Job executing on host: <188.185.195.117:9618?addrs=188.185.195.117-9618+[2001-1458-303-22--100-71]-9618&alias=b9p17p3627.cern.ch&noUDP&sock=startd_8726_e380>
	SlotName: slot1_25@b9p17p3627.cern.ch
	CondorScratchDir = "/pool/condor/dir_1081837"
	Cpus = 1
	Disk = 3934
	GPUs = 0
	Memory = 3000
...
006 (16548864.018.000) 02/05 22:12:42 Image size of job updated: 73020
	72  -  MemoryUsage of job (MB)
	73020  -  ResidentSetSize of job (KB)
...
040 (16548864.018.000) 02/05 22:12:57 Started transferring output files
...
040 (16548864.018.000) 02/05 22:12:57 Finished transferring output files
...
005 (16548864.018.000) 02/05 22:12:57 Job terminated.
	(1) Normal termination (return value 0)
		Usr 0 00:00:08, Sys 0 00:00:00  -  Run Remote Usage
		Usr 0 00:00:00, Sys 0 00:00:00  -  Run Local Usage
		Usr 0 00:00:08, Sys 0 00:00:00  -  Total Remote Usage
		Usr 0 00:00:00, Sys 0 00:00:00  -  Total Local Usage
	23744  -  Run Bytes Sent By Job
	10424  -  Run Bytes Received By Job
	23744  -  Total Bytes Sent By Job
	10424  -  Total Bytes Received By Job
	Partitionable Resources :    Usage  Request Allocated 
	   Cpus                 :        0        1         1 
	   Disk (KB)            :       58       12      3934 
	   GPUs                 :                           0 
	   Memory (MB)          :       72     3000      3000 

	Job terminated of its own accord at 2025-02-05T21:12:57Z with exit-code 0.
...
