000 (16548866.008.000) 02/05 22:12:00 Job submitted from host: <188.185.72.155:9618?addrs=188.185.72.155-9618+[2001-1458-d00-8--100-95]-9618&alias=bigbird08.cern.ch&noUDP&sock=schedd_862983_22fa>
...
040 (16548866.008.000) 02/05 22:12:43 Started transferring input files
	Transferring to host: <128.142.51.209:9618?addrs=128.142.51.209-9618+[2001-1458-301-3--100-e]-9618&alias=b9g02p0891.cern.ch&noUDP&sock=slot1_22_605820_beb5_2008>
...
040 (16548866.008.000) 02/05 22:12:43 Finished transferring input files
...
001 (16548866.008.000) 02/05 22:12:44 Job executing on host: <128.142.51.209:9618?addrs=128.142.51.209-9618+[2001-1458-301-3--100-e]-9618&alias=b9g02p0891.cern.ch&noUDP&sock=startd_7846_4828>
	SlotName: slot1_22@b9g02p0891.cern.ch
	CondorScratchDir = "/pool/condor/dir_2824298"
	Cpus = 1
	Disk = 3857
	GPUs = 0
	Memory = 3000
...
006 (16548866.008.000) 02/05 22:12:53 Image size of job updated: 1884
	2  -  MemoryUsage of job (MB)
	1884  -  ResidentSetSize of job (KB)
...
006 (16548866.008.000) 02/05 22:13:22 Image size of job updated: 62912
	62  -  MemoryUsage of job (MB)
	62912  -  ResidentSetSize of job (KB)
...
040 (16548866.008.000) 02/05 22:13:22 Started transferring output files
...
040 (16548866.008.000) 02/05 22:13:22 Finished transferring output files
...
005 (16548866.008.000) 02/05 22:13:22 Job terminated.
	(1) Normal termination (return value 0)
		Usr 0 00:00:01, Sys 0 00:00:00  -  Run Remote Usage
		Usr 0 00:00:00, Sys 0 00:00:00  -  Run Local Usage
		Usr 0 00:00:01, Sys 0 00:00:00  -  Total Remote Usage
		Usr 0 00:00:00, Sys 0 00:00:00  -  Total Local Usage
	23831  -  Run Bytes Sent By Job
	10424  -  Run Bytes Received By Job
	23831  -  Total Bytes Sent By Job
	10424  -  Total Bytes Received By Job
	Partitionable Resources :    Usage  Request Allocated 
	   Cpus                 :        0        1         1 
	   Disk (KB)            :       59       12      3857 
	   GPUs                 :                           0 
	   Memory (MB)          :       62     3000      3000 

	Job terminated of its own accord at 2025-02-05T21:13:22Z with exit-code 0.
...
