000 (16548865.012.000) 02/05 22:11:55 Job submitted from host: <188.185.72.155:9618?addrs=188.185.72.155-9618+[2001-1458-d00-8--100-95]-9618&alias=bigbird08.cern.ch&noUDP&sock=schedd_862983_22fa>
...
040 (16548865.012.000) 02/05 22:12:36 Started transferring input files
	Transferring to host: <188.185.198.8:9618?addrs=188.185.198.8-9618+[2001-1458-303-25--100-4]-9618&alias=b9p15p0417.cern.ch&noUDP&sock=slot1_21_1986952_2e98_33473>
...
040 (16548865.012.000) 02/05 22:12:36 Finished transferring input files
...
001 (16548865.012.000) 02/05 22:12:37 Job executing on host: <188.185.198.8:9618?addrs=188.185.198.8-9618+[2001-1458-303-25--100-4]-9618&alias=b9p15p0417.cern.ch&noUDP&sock=startd_9684_ff3b>
	SlotName: slot1_21@b9p15p0417.cern.ch
	CondorScratchDir = "/pool/condor/dir_2500317"
	Cpus = 1
	Disk = 3694
	GPUs = 0
	Memory = 3000
...
006 (16548865.012.000) 02/05 22:12:44 Image size of job updated: 44044
	44  -  MemoryUsage of job (MB)
	44044  -  ResidentSetSize of job (KB)
...
040 (16548865.012.000) 02/05 22:12:44 Started transferring output files
...
040 (16548865.012.000) 02/05 22:12:44 Finished transferring output files
...
005 (16548865.012.000) 02/05 22:12:44 Job terminated.
	(1) Normal termination (return value 0)
		Usr 0 00:00:01, Sys 0 00:00:00  -  Run Remote Usage
		Usr 0 00:00:00, Sys 0 00:00:00  -  Run Local Usage
		Usr 0 00:00:01, Sys 0 00:00:00  -  Total Remote Usage
		Usr 0 00:00:00, Sys 0 00:00:00  -  Total Local Usage
	23834  -  Run Bytes Sent By Job
	10424  -  Run Bytes Received By Job
	23834  -  Total Bytes Sent By Job
	10424  -  Total Bytes Received By Job
	Partitionable Resources :    Usage  Request Allocated 
	   Cpus                 :        0        1         1 
	   Disk (KB)            :       58       12      3694 
	   GPUs                 :                           0 
	   Memory (MB)          :       44     3000      3000 

	Job terminated of its own accord at 2025-02-05T21:12:44Z with exit-code 0.
...
