000 (16548866.013.000) 02/05 22:12:00 Job submitted from host: <188.185.72.155:9618?addrs=188.185.72.155-9618+[2001-1458-d00-8--100-95]-9618&alias=bigbird08.cern.ch&noUDP&sock=schedd_862983_22fa>
...
040 (16548866.013.000) 02/05 22:12:57 Started transferring input files
	Transferring to host: <188.185.213.185:9618?addrs=188.185.213.185-9618+[2001-1458-303-1b--100-35]-9618&alias=b9p28p5486.cern.ch&noUDP&sock=slot1_8_2528560_03a0_81901>
...
040 (16548866.013.000) 02/05 22:12:57 Finished transferring input files
...
001 (16548866.013.000) 02/05 22:12:59 Job executing on host: <188.185.213.185:9618?addrs=188.185.213.185-9618+[2001-1458-303-1b--100-35]-9618&alias=b9p28p5486.cern.ch&noUDP&sock=startd_2942_8bb7>
	SlotName: slot1_8@b9p28p5486.cern.ch
	CondorScratchDir = "/pool/condor/dir_2109247"
	Cpus = 1
	Disk = 3868
	GPUs = 0
	Memory = 3000
...
006 (16548866.013.000) 02/05 22:13:07 Image size of job updated: 369616
	361  -  MemoryUsage of job (MB)
	369616  -  ResidentSetSize of job (KB)
...
040 (16548866.013.000) 02/05 22:13:30 Started transferring output files
...
040 (16548866.013.000) 02/05 22:13:31 Finished transferring output files
...
005 (16548866.013.000) 02/05 22:13:31 Job terminated.
	(1) Normal termination (return value 0)
		Usr 0 00:00:06, Sys 0 00:00:01  -  Run Remote Usage
		Usr 0 00:00:00, Sys 0 00:00:00  -  Run Local Usage
		Usr 0 00:00:06, Sys 0 00:00:01  -  Total Remote Usage
		Usr 0 00:00:00, Sys 0 00:00:00  -  Total Local Usage
	23854  -  Run Bytes Sent By Job
	10424  -  Run Bytes Received By Job
	23854  -  Total Bytes Sent By Job
	10424  -  Total Bytes Received By Job
	Partitionable Resources :    Usage  Request Allocated 
	   Cpus                 :        0        1         1 
	   Disk (KB)            :       59       12      3868 
	   GPUs                 :                           0 
	   Memory (MB)          :      361     3000      3000 

	Job terminated of its own accord at 2025-02-05T21:13:30Z with exit-code 0.
...
