000 (16548867.016.000) 02/05 22:12:07 Job submitted from host: <188.185.72.155:9618?addrs=188.185.72.155-9618+[2001-1458-d00-8--100-95]-9618&alias=bigbird08.cern.ch&noUDP&sock=schedd_862983_22fa>
...
040 (16548867.016.000) 02/05 22:12:53 Started transferring input files
	Transferring to host: <128.142.132.49:9618?addrs=128.142.132.49-9618+[2001-1458-301-5a--100-25]-9618&alias=b9g12p4961.cern.ch&noUDP&sock=slot1_4_2801_4ecb_104038>
...
040 (16548867.016.000) 02/05 22:12:53 Finished transferring input files
...
001 (16548867.016.000) 02/05 22:12:54 Job executing on host: <128.142.132.49:9618?addrs=128.142.132.49-9618+[2001-1458-301-5a--100-25]-9618&alias=b9g12p4961.cern.ch&noUDP&sock=startd_2435_c933>
	SlotName: slot1_4@b9g12p4961.cern.ch
	CondorScratchDir = "/pool/condor/dir_3857165"
	Cpus = 1
	Disk = 2721
	GPUs = 0
	Memory = 3000
...
006 (16548867.016.000) 02/05 22:13:02 Image size of job updated: 62180
	61  -  MemoryUsage of job (MB)
	62180  -  ResidentSetSize of job (KB)
...
040 (16548867.016.000) 02/05 22:13:26 Started transferring output files
...
040 (16548867.016.000) 02/05 22:13:26 Finished transferring output files
...
005 (16548867.016.000) 02/05 22:13:27 Job terminated.
	(1) Normal termination (return value 0)
		Usr 0 00:00:09, Sys 0 00:00:01  -  Run Remote Usage
		Usr 0 00:00:00, Sys 0 00:00:00  -  Run Local Usage
		Usr 0 00:00:09, Sys 0 00:00:01  -  Total Remote Usage
		Usr 0 00:00:00, Sys 0 00:00:00  -  Total Local Usage
	23854  -  Run Bytes Sent By Job
	10424  -  Run Bytes Received By Job
	23854  -  Total Bytes Sent By Job
	10424  -  Total Bytes Received By Job
	Partitionable Resources :    Usage  Request Allocated 
	   Cpus                 :        0        1         1 
	   Disk (KB)            :       59       12      2721 
	   GPUs                 :                           0 
	   Memory (MB)          :       61     3000      3000 

	Job terminated of its own accord at 2025-02-05T21:13:26Z with exit-code 0.
...
