000 (16548868.014.000) 02/05 22:12:19 Job submitted from host: <188.185.72.155:9618?addrs=188.185.72.155-9618+[2001-1458-d00-8--100-95]-9618&alias=bigbird08.cern.ch&noUDP&sock=schedd_862983_22fa>
...
040 (16548868.014.000) 02/05 22:12:57 Started transferring input files
	Transferring to host: <188.185.198.162:9618?addrs=188.185.198.162-9618+[2001-1458-303-25--100-9e]-9618&alias=b9p15p0695.cern.ch&noUDP&sock=slot1_2_2161433_d4af_3533>
...
040 (16548868.014.000) 02/05 22:12:57 Finished transferring input files
...
001 (16548868.014.000) 02/05 22:12:58 Job executing on host: <188.185.198.162:9618?addrs=188.185.198.162-9618+[2001-1458-303-25--100-9e]-9618&alias=b9p15p0695.cern.ch&noUDP&sock=startd_9010_b066>
	SlotName: slot1_2@b9p15p0695.cern.ch
	CondorScratchDir = "/pool/condor/dir_4072659"
	Cpus = 1
	Disk = 3726
	GPUs = 0
	Memory = 3000
...
006 (16548868.014.000) 02/05 22:13:07 Image size of job updated: 1900
	2  -  MemoryUsage of job (MB)
	1900  -  ResidentSetSize of job (KB)
...
006 (16548868.014.000) 02/05 22:13:56 Image size of job updated: 316332
	309  -  MemoryUsage of job (MB)
	316332  -  ResidentSetSize of job (KB)
...
040 (16548868.014.000) 02/05 22:13:56 Started transferring output files
...
040 (16548868.014.000) 02/05 22:13:57 Finished transferring output files
...
005 (16548868.014.000) 02/05 22:13:57 Job terminated.
	(1) Normal termination (return value 0)
		Usr 0 00:00:20, Sys 0 00:00:01  -  Run Remote Usage
		Usr 0 00:00:00, Sys 0 00:00:00  -  Run Local Usage
		Usr 0 00:00:20, Sys 0 00:00:01  -  Total Remote Usage
		Usr 0 00:00:00, Sys 0 00:00:00  -  Total Local Usage
	23744  -  Run Bytes Sent By Job
	10424  -  Run Bytes Received By Job
	23744  -  Total Bytes Sent By Job
	10424  -  Total Bytes Received By Job
	Partitionable Resources :    Usage  Request Allocated 
	   Cpus                 :        0        1         1 
	   Disk (KB)            :       59       12      3726 
	   GPUs                 :                           0 
	   Memory (MB)          :      309     3000      3000 

	Job terminated of its own accord at 2025-02-05T21:13:56Z with exit-code 0.
...
