000 (16548865.009.000) 02/05 22:11:55 Job submitted from host: <188.185.72.155:9618?addrs=188.185.72.155-9618+[2001-1458-d00-8--100-95]-9618&alias=bigbird08.cern.ch&noUDP&sock=schedd_862983_22fa>
...
040 (16548865.009.000) 02/05 22:12:35 Started transferring input files
	Transferring to host: <128.142.161.141:9618?addrs=128.142.161.141-9618+[2001-1458-301-b9--100-a]-9618&alias=b9g03p9566.cern.ch&noUDP&sock=slot1_14_3373067_97e6_17272>
...
040 (16548865.009.000) 02/05 22:12:35 Finished transferring input files
...
001 (16548865.009.000) 02/05 22:12:36 Job executing on host: <128.142.161.141:9618?addrs=128.142.161.141-9618+[2001-1458-301-b9--100-a]-9618&alias=b9g03p9566.cern.ch&noUDP&sock=startd_1112162_346e>
	SlotName: slot1_14@b9g03p9566.cern.ch
	CondorScratchDir = "/pool/condor/dir_1705896"
	Cpus = 1
	Disk = 4060
	GPUs = 0
	Memory = 3000
...
006 (16548865.009.000) 02/05 22:12:45 Image size of job updated: 1884
	2  -  MemoryUsage of job (MB)
	1884  -  ResidentSetSize of job (KB)
...
006 (16548865.009.000) 02/05 22:13:38 Image size of job updated: 111028
	109  -  MemoryUsage of job (MB)
	111028  -  ResidentSetSize of job (KB)
...
040 (16548865.009.000) 02/05 22:13:38 Started transferring output files
...
040 (16548865.009.000) 02/05 22:13:38 Finished transferring output files
...
005 (16548865.009.000) 02/05 22:13:39 Job terminated.
	(1) Normal termination (return value 0)
		Usr 0 00:00:08, Sys 0 00:00:00  -  Run Remote Usage
		Usr 0 00:00:00, Sys 0 00:00:00  -  Run Local Usage
		Usr 0 00:00:08, Sys 0 00:00:00  -  Total Remote Usage
		Usr 0 00:00:00, Sys 0 00:00:00  -  Total Local Usage
	23854  -  Run Bytes Sent By Job
	10424  -  Run Bytes Received By Job
	23854  -  Total Bytes Sent By Job
	10424  -  Total Bytes Received By Job
	Partitionable Resources :    Usage  Request Allocated 
	   Cpus                 :        0        1         1 
	   Disk (KB)            :       58       12      4060 
	   GPUs                 :                           0 
	   Memory (MB)          :      109     3000      3000 

	Job terminated of its own accord at 2025-02-05T21:13:38Z with exit-code 0.
...
