000 (16548866.002.000) 02/05 22:12:00 Job submitted from host: <188.185.72.155:9618?addrs=188.185.72.155-9618+[2001-1458-d00-8--100-95]-9618&alias=bigbird08.cern.ch&noUDP&sock=schedd_862983_22fa>
...
040 (16548866.002.000) 02/05 22:12:37 Started transferring input files
	Transferring to host: <188.185.194.115:9618?addrs=188.185.194.115-9618+[2001-1458-303-21--100-6f]-9618&alias=b9p20p4883.cern.ch&noUDP&sock=slot1_7_3981703_b714_1705>
...
040 (16548866.002.000) 02/05 22:12:37 Finished transferring input files
...
001 (16548866.002.000) 02/05 22:12:38 Job executing on host: <188.185.194.115:9618?addrs=188.185.194.115-9618+[2001-1458-303-21--100-6f]-9618&alias=b9p20p4883.cern.ch&noUDP&sock=startd_8951_384f>
	SlotName: slot1_7@b9p20p4883.cern.ch
	CondorScratchDir = "/pool/condor/dir_1378315"
	Cpus = 1
	Disk = 3850
	GPUs = 0
	Memory = 3000
...
006 (16548866.002.000) 02/05 22:12:47 Image size of job updated: 174656
	171  -  MemoryUsage of job (MB)
	174656  -  ResidentSetSize of job (KB)
...
040 (16548866.002.000) 02/05 22:13:06 Started transferring output files
...
040 (16548866.002.000) 02/05 22:13:06 Finished transferring output files
...
005 (16548866.002.000) 02/05 22:13:06 Job terminated.
	(1) Normal termination (return value 0)
		Usr 0 00:00:07, Sys 0 00:00:00  -  Run Remote Usage
		Usr 0 00:00:00, Sys 0 00:00:00  -  Run Local Usage
		Usr 0 00:00:07, Sys 0 00:00:00  -  Total Remote Usage
		Usr 0 00:00:00, Sys 0 00:00:00  -  Total Local Usage
	23851  -  Run Bytes Sent By Job
	10424  -  Run Bytes Received By Job
	23851  -  Total Bytes Sent By Job
	10424  -  Total Bytes Received By Job
	Partitionable Resources :    Usage  Request Allocated 
	   Cpus                 :        0        1         1 
	   Disk (KB)            :       59       12      3850 
	   GPUs                 :                           0 
	   Memory (MB)          :      171     3000      3000 

	Job terminated of its own accord at 2025-02-05T21:13:06Z with exit-code 0.
...
