000 (16548868.019.000) 02/05 22:12:19 Job submitted from host: <188.185.72.155:9618?addrs=188.185.72.155-9618+[2001-1458-d00-8--100-95]-9618&alias=bigbird08.cern.ch&noUDP&sock=schedd_862983_22fa>
...
040 (16548868.019.000) 02/05 22:12:58 Started transferring input files
	Transferring to host: <128.142.240.13:9618?addrs=128.142.240.13-9618+[2001-1458-301-11--100-d]-9618&alias=b9g29p4811.cern.ch&noUDP&sock=slot1_8_3851569_8a28_93063>
...
040 (16548868.019.000) 02/05 22:12:58 Finished transferring input files
...
001 (16548868.019.000) 02/05 22:12:59 Job executing on host: <128.142.240.13:9618?addrs=128.142.240.13-9618+[2001-1458-301-11--100-d]-9618&alias=b9g29p4811.cern.ch&noUDP&sock=startd_3851460_c9ab>
	SlotName: slot1_8@b9g29p4811.cern.ch
	CondorScratchDir = "/pool/condor/dir_75823"
	Cpus = 1
	Disk = 3781
	GPUs = 0
	Memory = 3000
...
006 (16548868.019.000) 02/05 22:13:08 Image size of job updated: 133992
	131  -  MemoryUsage of job (MB)
	133992  -  ResidentSetSize of job (KB)
...
040 (16548868.019.000) 02/05 22:13:37 Started transferring output files
...
040 (16548868.019.000) 02/05 22:13:37 Finished transferring output files
...
005 (16548868.019.000) 02/05 22:13:37 Job terminated.
	(1) Normal termination (return value 0)
		Usr 0 00:00:13, Sys 0 00:00:01  -  Run Remote Usage
		Usr 0 00:00:00, Sys 0 00:00:00  -  Run Local Usage
		Usr 0 00:00:13, Sys 0 00:00:01  -  Total Remote Usage
		Usr 0 00:00:00, Sys 0 00:00:00  -  Total Local Usage
	21772  -  Run Bytes Sent By Job
	10424  -  Run Bytes Received By Job
	21772  -  Total Bytes Sent By Job
	10424  -  Total Bytes Received By Job
	Partitionable Resources :    Usage  Request Allocated 
	   Cpus                 :        0        1         1 
	   Disk (KB)            :       57       12      3781 
	   GPUs                 :                           0 
	   Memory (MB)          :      131     3000      3000 

	Job terminated of its own accord at 2025-02-05T21:13:37Z with exit-code 0.
...
