000 (16548864.008.000) 02/05 22:11:50 Job submitted from host: <188.185.72.155:9618?addrs=188.185.72.155-9618+[2001-1458-d00-8--100-95]-9618&alias=bigbird08.cern.ch&noUDP&sock=schedd_862983_22fa>
...
040 (16548864.008.000) 02/05 22:12:29 Started transferring input files
	Transferring to host: <188.185.193.176:9618?addrs=188.185.193.176-9618+[2001-1458-303-20--100-ac]-9618&alias=b9p19p1353.cern.ch&noUDP&sock=slot1_20_3578095_5df7_86541>
...
040 (16548864.008.000) 02/05 22:12:30 Finished transferring input files
...
001 (16548864.008.000) 02/05 22:12:30 Job executing on host: <188.185.193.176:9618?addrs=188.185.193.176-9618+[2001-1458-303-20--100-ac]-9618&alias=b9p19p1353.cern.ch&noUDP&sock=startd_8935_3ecb>
	SlotName: slot1_20@b9p19p1353.cern.ch
	CondorScratchDir = "/pool/condor/dir_1229101"
	Cpus = 1
	Disk = 3836
	GPUs = 0
	Memory = 3000
...
006 (16548864.008.000) 02/05 22:12:39 Image size of job updated: 76912
	76  -  MemoryUsage of job (MB)
	76912  -  ResidentSetSize of job (KB)
...
040 (16548864.008.000) 02/05 22:12:51 Started transferring output files
...
040 (16548864.008.000) 02/05 22:12:51 Finished transferring output files
...
005 (16548864.008.000) 02/05 22:12:52 Job terminated.
	(1) Normal termination (return value 0)
		Usr 0 00:00:09, Sys 0 00:00:00  -  Run Remote Usage
		Usr 0 00:00:00, Sys 0 00:00:00  -  Run Local Usage
		Usr 0 00:00:09, Sys 0 00:00:00  -  Total Remote Usage
		Usr 0 00:00:00, Sys 0 00:00:00  -  Total Local Usage
	23737  -  Run Bytes Sent By Job
	10424  -  Run Bytes Received By Job
	23737  -  Total Bytes Sent By Job
	10424  -  Total Bytes Received By Job
	Partitionable Resources :    Usage  Request Allocated 
	   Cpus                 :        0        1         1 
	   Disk (KB)            :       59       12      3836 
	   GPUs                 :                           0 
	   Memory (MB)          :       76     3000      3000 

	Job terminated of its own accord at 2025-02-05T21:12:51Z with exit-code 0.
...
