000 (16548868.010.000) 02/05 22:12:19 Job submitted from host: <188.185.72.155:9618?addrs=188.185.72.155-9618+[2001-1458-d00-8--100-95]-9618&alias=bigbird08.cern.ch&noUDP&sock=schedd_862983_22fa>
...
040 (16548868.010.000) 02/05 22:12:56 Started transferring input files
	Transferring to host: <188.185.198.180:9618?addrs=188.185.198.180-9618+[2001-1458-303-25--100-b0]-9618&alias=b9p15p8633.cern.ch&noUDP&sock=slot1_6_713049_469d_36539>
...
040 (16548868.010.000) 02/05 22:12:56 Finished transferring input files
...
001 (16548868.010.000) 02/05 22:12:57 Job executing on host: <188.185.198.180:9618?addrs=188.185.198.180-9618+[2001-1458-303-25--100-b0]-9618&alias=b9p15p8633.cern.ch&noUDP&sock=startd_7821_224a>
	SlotName: slot1_6@b9p15p8633.cern.ch
	CondorScratchDir = "/pool/condor/dir_1875680"
	Cpus = 1
	Disk = 3931
	GPUs = 0
	Memory = 3000
...
006 (16548868.010.000) 02/05 22:13:06 Image size of job updated: 56944
	56  -  MemoryUsage of job (MB)
	56944  -  ResidentSetSize of job (KB)
...
040 (16548868.010.000) 02/05 22:13:54 Started transferring output files
...
040 (16548868.010.000) 02/05 22:13:54 Finished transferring output files
...
005 (16548868.010.000) 02/05 22:13:55 Job terminated.
	(1) Normal termination (return value 0)
		Usr 0 00:00:27, Sys 0 00:00:01  -  Run Remote Usage
		Usr 0 00:00:00, Sys 0 00:00:00  -  Run Local Usage
		Usr 0 00:00:27, Sys 0 00:00:01  -  Total Remote Usage
		Usr 0 00:00:00, Sys 0 00:00:00  -  Total Local Usage
	23744  -  Run Bytes Sent By Job
	10424  -  Run Bytes Received By Job
	23744  -  Total Bytes Sent By Job
	10424  -  Total Bytes Received By Job
	Partitionable Resources :    Usage  Request Allocated 
	   Cpus                 :     0.39        1         1 
	   Disk (KB)            :    59          12      3931 
	   GPUs                 :                           0 
	   Memory (MB)          :    56        3000      3000 

	Job terminated of its own accord at 2025-02-05T21:13:54Z with exit-code 0.
...
