000 (16548868.009.000) 02/05 22:12:19 Job submitted from host: <188.185.72.155:9618?addrs=188.185.72.155-9618+[2001-1458-d00-8--100-95]-9618&alias=bigbird08.cern.ch&noUDP&sock=schedd_862983_22fa>
...
040 (16548868.009.000) 02/05 22:12:55 Started transferring input files
	Transferring to host: <188.185.194.57:9618?addrs=188.185.194.57-9618+[2001-1458-303-21--100-35]-9618&alias=b9p20p9132.cern.ch&noUDP&sock=slot1_17_1333155_0cdd_22262>
...
040 (16548868.009.000) 02/05 22:12:55 Finished transferring input files
...
001 (16548868.009.000) 02/05 22:12:56 Job executing on host: <188.185.194.57:9618?addrs=188.185.194.57-9618+[2001-1458-303-21--100-35]-9618&alias=b9p20p9132.cern.ch&noUDP&sock=startd_8605_e48a>
	SlotName: slot1_17@b9p20p9132.cern.ch
	CondorScratchDir = "/pool/condor/dir_3221597"
	Cpus = 1
	Disk = 3981
	GPUs = 0
	Memory = 3000
...
006 (16548868.009.000) 02/05 22:13:05 Image size of job updated: 59976
	59  -  MemoryUsage of job (MB)
	59976  -  ResidentSetSize of job (KB)
...
040 (16548868.009.000) 02/05 22:13:43 Started transferring output files
...
040 (16548868.009.000) 02/05 22:13:43 Finished transferring output files
...
005 (16548868.009.000) 02/05 22:13:43 Job terminated.
	(1) Normal termination (return value 0)
		Usr 0 00:00:21, Sys 0 00:00:01  -  Run Remote Usage
		Usr 0 00:00:00, Sys 0 00:00:00  -  Run Local Usage
		Usr 0 00:00:21, Sys 0 00:00:01  -  Total Remote Usage
		Usr 0 00:00:00, Sys 0 00:00:00  -  Total Local Usage
	23746  -  Run Bytes Sent By Job
	10424  -  Run Bytes Received By Job
	23746  -  Total Bytes Sent By Job
	10424  -  Total Bytes Received By Job
	Partitionable Resources :    Usage  Request Allocated 
	   Cpus                 :        0        1         1 
	   Disk (KB)            :       58       12      3981 
	   GPUs                 :                           0 
	   Memory (MB)          :       59     3000      3000 

	Job terminated of its own accord at 2025-02-05T21:13:43Z with exit-code 0.
...
