000 (16548864.015.000) 02/05 22:11:50 Job submitted from host: <188.185.72.155:9618?addrs=188.185.72.155-9618+[2001-1458-d00-8--100-95]-9618&alias=bigbird08.cern.ch&noUDP&sock=schedd_862983_22fa>
...
040 (16548864.015.000) 02/05 22:12:31 Started transferring input files
	Transferring to host: <188.185.194.13:9618?addrs=188.185.194.13-9618+[2001-1458-303-21--100-9]-9618&alias=b9p20p8620.cern.ch&noUDP&sock=slot1_31_861339_feeb_30543>
...
040 (16548864.015.000) 02/05 22:12:31 Finished transferring input files
...
001 (16548864.015.000) 02/05 22:12:32 Job executing on host: <188.185.194.13:9618?addrs=188.185.194.13-9618+[2001-1458-303-21--100-9]-9618&alias=b9p20p8620.cern.ch&noUDP&sock=startd_6536_bb18>
	SlotName: slot1_31@b9p20p8620.cern.ch
	CondorScratchDir = "/pool/condor/dir_966555"
	Cpus = 1
	Disk = 3857
	GPUs = 0
	Memory = 3000
...
006 (16548864.015.000) 02/05 22:12:41 Image size of job updated: 75168
	74  -  MemoryUsage of job (MB)
	75168  -  ResidentSetSize of job (KB)
...
040 (16548864.015.000) 02/05 22:12:54 Started transferring output files
...
040 (16548864.015.000) 02/05 22:12:54 Finished transferring output files
...
005 (16548864.015.000) 02/05 22:12:54 Job terminated.
	(1) Normal termination (return value 0)
		Usr 0 00:00:05, Sys 0 00:00:00  -  Run Remote Usage
		Usr 0 00:00:00, Sys 0 00:00:00  -  Run Local Usage
		Usr 0 00:00:05, Sys 0 00:00:00  -  Total Remote Usage
		Usr 0 00:00:00, Sys 0 00:00:00  -  Total Local Usage
	23742  -  Run Bytes Sent By Job
	10424  -  Run Bytes Received By Job
	23742  -  Total Bytes Sent By Job
	10424  -  Total Bytes Received By Job
	Partitionable Resources :    Usage  Request Allocated 
	   Cpus                 :        0        1         1 
	   Disk (KB)            :       58       12      3857 
	   GPUs                 :                           0 
	   Memory (MB)          :       74     3000      3000 

	Job terminated of its own accord at 2025-02-05T21:12:53Z with exit-code 0.
...
