000 (16548866.012.000) 02/05 22:12:00 Job submitted from host: <188.185.72.155:9618?addrs=188.185.72.155-9618+[2001-1458-d00-8--100-95]-9618&alias=bigbird08.cern.ch&noUDP&sock=schedd_862983_22fa>
...
040 (16548866.012.000) 02/05 22:12:45 Started transferring input files
	Transferring to host: <188.185.195.95:9618?addrs=188.185.195.95-9618+[2001-1458-303-22--100-5b]-9618&alias=b9p17p1975.cern.ch&noUDP&sock=slot1_4_451504_29b1_1919>
...
040 (16548866.012.000) 02/05 22:12:45 Finished transferring input files
...
001 (16548866.012.000) 02/05 22:12:46 Job executing on host: <188.185.195.95:9618?addrs=188.185.195.95-9618+[2001-1458-303-22--100-5b]-9618&alias=b9p17p1975.cern.ch&noUDP&sock=startd_2058406_e234>
	SlotName: slot1_4@b9p17p1975.cern.ch
	CondorScratchDir = "/pool/condor/dir_668694"
	Cpus = 1
	Disk = 3920
	GPUs = 0
	Memory = 3000
...
006 (16548866.012.000) 02/05 22:12:55 Image size of job updated: 156584
	153  -  MemoryUsage of job (MB)
	156584  -  ResidentSetSize of job (KB)
...
040 (16548866.012.000) 02/05 22:13:35 Started transferring output files
...
040 (16548866.012.000) 02/05 22:13:35 Finished transferring output files
...
005 (16548866.012.000) 02/05 22:13:35 Job terminated.
	(1) Normal termination (return value 0)
		Usr 0 00:00:10, Sys 0 00:00:01  -  Run Remote Usage
		Usr 0 00:00:00, Sys 0 00:00:00  -  Run Local Usage
		Usr 0 00:00:10, Sys 0 00:00:01  -  Total Remote Usage
		Usr 0 00:00:00, Sys 0 00:00:00  -  Total Local Usage
	23854  -  Run Bytes Sent By Job
	10424  -  Run Bytes Received By Job
	23854  -  Total Bytes Sent By Job
	10424  -  Total Bytes Received By Job
	Partitionable Resources :    Usage  Request Allocated 
	   Cpus                 :        0        1         1 
	   Disk (KB)            :       59       12      3920 
	   GPUs                 :                           0 
	   Memory (MB)          :      153     3000      3000 

	Job terminated of its own accord at 2025-02-05T21:13:35Z with exit-code 0.
...
