000 (16548868.007.000) 02/05 22:12:19 Job submitted from host: <188.185.72.155:9618?addrs=188.185.72.155-9618+[2001-1458-d00-8--100-95]-9618&alias=bigbird08.cern.ch&noUDP&sock=schedd_862983_22fa>
...
040 (16548868.007.000) 02/05 22:12:55 Started transferring input files
	Transferring to host: <128.142.131.71:9618?addrs=128.142.131.71-9618+[2001-1458-301-59--100-3b]-9618&alias=b9g11p0067.cern.ch&noUDP&sock=slot1_36_2283505_9913_84599>
...
040 (16548868.007.000) 02/05 22:12:55 Finished transferring input files
...
001 (16548868.007.000) 02/05 22:12:56 Job executing on host: <128.142.131.71:9618?addrs=128.142.131.71-9618+[2001-1458-301-59--100-3b]-9618&alias=b9g11p0067.cern.ch&noUDP&sock=startd_2452_724f>
	SlotName: slot1_36@b9g11p0067.cern.ch
	CondorScratchDir = "/pool/condor/dir_3056678"
	Cpus = 1
	Disk = 2687
	GPUs = 0
	Memory = 3000
...
006 (16548868.007.000) 02/05 22:13:05 Image size of job updated: 67932
	67  -  MemoryUsage of job (MB)
	67932  -  ResidentSetSize of job (KB)
...
040 (16548868.007.000) 02/05 22:13:48 Started transferring output files
...
040 (16548868.007.000) 02/05 22:13:48 Finished transferring output files
...
005 (16548868.007.000) 02/05 22:13:48 Job terminated.
	(1) Normal termination (return value 0)
		Usr 0 00:00:24, Sys 0 00:00:01  -  Run Remote Usage
		Usr 0 00:00:00, Sys 0 00:00:00  -  Run Local Usage
		Usr 0 00:00:24, Sys 0 00:00:01  -  Total Remote Usage
		Usr 0 00:00:00, Sys 0 00:00:00  -  Total Local Usage
	23743  -  Run Bytes Sent By Job
	10424  -  Run Bytes Received By Job
	23743  -  Total Bytes Sent By Job
	10424  -  Total Bytes Received By Job
	Partitionable Resources :    Usage  Request Allocated 
	   Cpus                 :        0        1         1 
	   Disk (KB)            :       58       12      2687 
	   GPUs                 :                           0 
	   Memory (MB)          :       67     3000      3000 

	Job terminated of its own accord at 2025-02-05T21:13:48Z with exit-code 0.
...
