000 (16548866.019.000) 02/05 22:12:00 Job submitted from host: <188.185.72.155:9618?addrs=188.185.72.155-9618+[2001-1458-d00-8--100-95]-9618&alias=bigbird08.cern.ch&noUDP&sock=schedd_862983_22fa>
...
040 (16548866.019.000) 02/05 22:12:47 Started transferring input files
	Transferring to host: <128.142.33.206:9618?addrs=128.142.33.206-9618+[2001-1458-301-39--100-b]-9618&alias=b9g24p1210.cern.ch&noUDP&sock=slot1_14_102001_ae8d_69827>
...
040 (16548866.019.000) 02/05 22:12:47 Finished transferring input files
...
001 (16548866.019.000) 02/05 22:12:48 Job executing on host: <128.142.33.206:9618?addrs=128.142.33.206-9618+[2001-1458-301-39--100-b]-9618&alias=b9g24p1210.cern.ch&noUDP&sock=startd_2526_3451>
	SlotName: slot1_14@b9g24p1210.cern.ch
	CondorScratchDir = "/pool/condor/dir_3583194"
	Cpus = 1
	Disk = 3733
	GPUs = 0
	Memory = 3000
...
006 (16548866.019.000) 02/05 22:12:57 Image size of job updated: 292544
	286  -  MemoryUsage of job (MB)
	292544  -  ResidentSetSize of job (KB)
...
006 (16548866.019.000) 02/05 22:13:01 Image size of job updated: 292544
	286  -  MemoryUsage of job (MB)
	292596  -  ResidentSetSize of job (KB)
...
040 (16548866.019.000) 02/05 22:13:01 Started transferring output files
...
040 (16548866.019.000) 02/05 22:13:01 Finished transferring output files
...
005 (16548866.019.000) 02/05 22:13:01 Job terminated.
	(1) Normal termination (return value 0)
		Usr 0 00:00:00, Sys 0 00:00:00  -  Run Remote Usage
		Usr 0 00:00:00, Sys 0 00:00:00  -  Run Local Usage
		Usr 0 00:00:00, Sys 0 00:00:00  -  Total Remote Usage
		Usr 0 00:00:00, Sys 0 00:00:00  -  Total Local Usage
	23834  -  Run Bytes Sent By Job
	10424  -  Run Bytes Received By Job
	23834  -  Total Bytes Sent By Job
	10424  -  Total Bytes Received By Job
	Partitionable Resources :    Usage  Request Allocated 
	   Cpus                 :        0        1         1 
	   Disk (KB)            :       59       12      3733 
	   GPUs                 :                           0 
	   Memory (MB)          :      286     3000      3000 

	Job terminated of its own accord at 2025-02-05T21:13:01Z with exit-code 0.
...
