000 (16548868.005.000) 02/05 22:12:19 Job submitted from host: <188.185.72.155:9618?addrs=188.185.72.155-9618+[2001-1458-d00-8--100-95]-9618&alias=bigbird08.cern.ch&noUDP&sock=schedd_862983_22fa>
...
040 (16548868.005.000) 02/05 22:12:54 Started transferring input files
	Transferring to host: <188.185.195.130:9618?addrs=188.185.195.130-9618+[2001-1458-303-22--100-7e]-9618&alias=b9p17p4657.cern.ch&noUDP&sock=slot1_13_1926787_7f29_52787>
...
040 (16548868.005.000) 02/05 22:12:54 Finished transferring input files
...
001 (16548868.005.000) 02/05 22:12:55 Job executing on host: <188.185.195.130:9618?addrs=188.185.195.130-9618+[2001-1458-303-22--100-7e]-9618&alias=b9p17p4657.cern.ch&noUDP&sock=startd_10915_5c50>
	SlotName: slot1_13@b9p17p4657.cern.ch
	CondorScratchDir = "/pool/condor/dir_3075052"
	Cpus = 1
	Disk = 3926
	GPUs = 0
	Memory = 3000
...
006 (16548868.005.000) 02/05 22:13:04 Image size of job updated: 260884
	255  -  MemoryUsage of job (MB)
	260884  -  ResidentSetSize of job (KB)
...
040 (16548868.005.000) 02/05 22:13:39 Started transferring output files
...
040 (16548868.005.000) 02/05 22:13:39 Finished transferring output files
...
005 (16548868.005.000) 02/05 22:13:40 Job terminated.
	(1) Normal termination (return value 0)
		Usr 0 00:00:18, Sys 0 00:00:00  -  Run Remote Usage
		Usr 0 00:00:00, Sys 0 00:00:00  -  Run Local Usage
		Usr 0 00:00:18, Sys 0 00:00:00  -  Total Remote Usage
		Usr 0 00:00:00, Sys 0 00:00:00  -  Total Local Usage
	23743  -  Run Bytes Sent By Job
	10424  -  Run Bytes Received By Job
	23743  -  Total Bytes Sent By Job
	10424  -  Total Bytes Received By Job
	Partitionable Resources :    Usage  Request Allocated 
	   Cpus                 :        0        1         1 
	   Disk (KB)            :       58       12      3926 
	   GPUs                 :                           0 
	   Memory (MB)          :      255     3000      3000 

	Job terminated of its own accord at 2025-02-05T21:13:39Z with exit-code 0.
...
