000 (16548865.008.000) 02/05 22:11:55 Job submitted from host: <188.185.72.155:9618?addrs=188.185.72.155-9618+[2001-1458-d00-8--100-95]-9618&alias=bigbird08.cern.ch&noUDP&sock=schedd_862983_22fa>
...
040 (16548865.008.000) 02/05 22:12:35 Started transferring input files
	Transferring to host: <128.142.161.117:9618?addrs=128.142.161.117-9618+[2001-1458-301-b8--100-33]-9618&alias=b9g03p0247.cern.ch&noUDP&sock=slot1_3_3262_1fbe_1875>
...
040 (16548865.008.000) 02/05 22:12:35 Finished transferring input files
...
001 (16548865.008.000) 02/05 22:12:36 Job executing on host: <128.142.161.117:9618?addrs=128.142.161.117-9618+[2001-1458-301-b8--100-33]-9618&alias=b9g03p0247.cern.ch&noUDP&sock=startd_2555_1890>
	SlotName: slot1_3@b9g03p0247.cern.ch
	CondorScratchDir = "/pool/condor/dir_3486494"
	Cpus = 1
	Disk = 4089
	GPUs = 0
	Memory = 3000
...
006 (16548865.008.000) 02/05 22:12:50 Image size of job updated: 59036
	58  -  MemoryUsage of job (MB)
	59036  -  ResidentSetSize of job (KB)
...
006 (16548865.008.000) 02/05 22:13:26 Image size of job updated: 74044
	58  -  MemoryUsage of job (MB)
	59036  -  ResidentSetSize of job (KB)
...
040 (16548865.008.000) 02/05 22:13:26 Started transferring output files
...
040 (16548865.008.000) 02/05 22:13:26 Finished transferring output files
...
005 (16548865.008.000) 02/05 22:13:27 Job terminated.
	(1) Normal termination (return value 0)
		Usr 0 00:00:09, Sys 0 00:00:01  -  Run Remote Usage
		Usr 0 00:00:00, Sys 0 00:00:00  -  Run Local Usage
		Usr 0 00:00:09, Sys 0 00:00:01  -  Total Remote Usage
		Usr 0 00:00:00, Sys 0 00:00:00  -  Total Local Usage
	23851  -  Run Bytes Sent By Job
	10424  -  Run Bytes Received By Job
	23851  -  Total Bytes Sent By Job
	10424  -  Total Bytes Received By Job
	Partitionable Resources :    Usage  Request Allocated 
	   Cpus                 :        0        1         1 
	   Disk (KB)            :       59       12      4089 
	   GPUs                 :                           0 
	   Memory (MB)          :       58     3000      3000 

	Job terminated of its own accord at 2025-02-05T21:13:26Z with exit-code 0.
...
