000 (16548866.003.000) 02/05 22:12:00 Job submitted from host: <188.185.72.155:9618?addrs=188.185.72.155-9618+[2001-1458-d00-8--100-95]-9618&alias=bigbird08.cern.ch&noUDP&sock=schedd_862983_22fa>
...
040 (16548866.003.000) 02/05 22:12:42 Started transferring input files
	Transferring to host: <188.185.195.23:9618?addrs=188.185.195.23-9618+[2001-1458-303-22--100-13]-9618&alias=b9p17p9165.cern.ch&noUDP&sock=slot1_27_7037_f3f7_107317>
...
040 (16548866.003.000) 02/05 22:12:42 Finished transferring input files
...
001 (16548866.003.000) 02/05 22:12:43 Job executing on host: <188.185.195.23:9618?addrs=188.185.195.23-9618+[2001-1458-303-22--100-13]-9618&alias=b9p17p9165.cern.ch&noUDP&sock=startd_6032_075c>
	SlotName: slot1_27@b9p17p9165.cern.ch
	CondorScratchDir = "/pool/condor/dir_2366575"
	Cpus = 1
	Disk = 3946
	GPUs = 0
	Memory = 3000
...
006 (16548866.003.000) 02/05 22:12:52 Image size of job updated: 72408
	71  -  MemoryUsage of job (MB)
	72408  -  ResidentSetSize of job (KB)
...
040 (16548866.003.000) 02/05 22:13:09 Started transferring output files
...
040 (16548866.003.000) 02/05 22:13:09 Finished transferring output files
...
005 (16548866.003.000) 02/05 22:13:09 Job terminated.
	(1) Normal termination (return value 0)
		Usr 0 00:00:07, Sys 0 00:00:00  -  Run Remote Usage
		Usr 0 00:00:00, Sys 0 00:00:00  -  Run Local Usage
		Usr 0 00:00:07, Sys 0 00:00:00  -  Total Remote Usage
		Usr 0 00:00:00, Sys 0 00:00:00  -  Total Local Usage
	23851  -  Run Bytes Sent By Job
	10424  -  Run Bytes Received By Job
	23851  -  Total Bytes Sent By Job
	10424  -  Total Bytes Received By Job
	Partitionable Resources :    Usage  Request Allocated 
	   Cpus                 :        0        1         1 
	   Disk (KB)            :       59       12      3946 
	   GPUs                 :                           0 
	   Memory (MB)          :       71     3000      3000 

	Job terminated of its own accord at 2025-02-05T21:13:09Z with exit-code 0.
...
