000 (16548864.009.000) 02/05 22:11:50 Job submitted from host: <188.185.72.155:9618?addrs=188.185.72.155-9618+[2001-1458-d00-8--100-95]-9618&alias=bigbird08.cern.ch&noUDP&sock=schedd_862983_22fa>
...
040 (16548864.009.000) 02/05 22:12:29 Started transferring input files
	Transferring to host: <188.185.195.63:9618?addrs=188.185.195.63-9618+[2001-1458-303-22--100-3b]-9618&alias=b9p17p3309.cern.ch&noUDP&sock=slot1_14_3067516_45bd_4059>
...
040 (16548864.009.000) 02/05 22:12:30 Finished transferring input files
...
001 (16548864.009.000) 02/05 22:12:30 Job executing on host: <188.185.195.63:9618?addrs=188.185.195.63-9618+[2001-1458-303-22--100-3b]-9618&alias=b9p17p3309.cern.ch&noUDP&sock=startd_8159_f94d>
	SlotName: slot1_14@b9p17p3309.cern.ch
	CondorScratchDir = "/pool/condor/dir_1281816"
	Cpus = 1
	Disk = 3882
	GPUs = 0
	Memory = 3000
...
006 (16548864.009.000) 02/05 22:12:39 Image size of job updated: 1872
	2  -  MemoryUsage of job (MB)
	1872  -  ResidentSetSize of job (KB)
...
006 (16548864.009.000) 02/05 22:13:31 Image size of job updated: 79036
	78  -  MemoryUsage of job (MB)
	79036  -  ResidentSetSize of job (KB)
...
040 (16548864.009.000) 02/05 22:13:31 Started transferring output files
...
040 (16548864.009.000) 02/05 22:13:31 Finished transferring output files
...
005 (16548864.009.000) 02/05 22:13:31 Job terminated.
	(1) Normal termination (return value 0)
		Usr 0 00:00:09, Sys 0 00:00:00  -  Run Remote Usage
		Usr 0 00:00:00, Sys 0 00:00:00  -  Run Local Usage
		Usr 0 00:00:09, Sys 0 00:00:00  -  Total Remote Usage
		Usr 0 00:00:00, Sys 0 00:00:00  -  Total Local Usage
	23746  -  Run Bytes Sent By Job
	10424  -  Run Bytes Received By Job
	23746  -  Total Bytes Sent By Job
	10424  -  Total Bytes Received By Job
	Partitionable Resources :    Usage  Request Allocated 
	   Cpus                 :        0        1         1 
	   Disk (KB)            :       58       12      3882 
	   GPUs                 :                           0 
	   Memory (MB)          :       78     3000      3000 

	Job terminated of its own accord at 2025-02-05T21:13:31Z with exit-code 0.
...
