000 (16548867.010.000) 02/05 22:12:07 Job submitted from host: <188.185.72.155:9618?addrs=188.185.72.155-9618+[2001-1458-d00-8--100-95]-9618&alias=bigbird08.cern.ch&noUDP&sock=schedd_862983_22fa>
...
040 (16548867.010.000) 02/05 22:12:50 Started transferring input files
	Transferring to host: <188.185.194.123:9618?addrs=188.185.194.123-9618+[2001-1458-303-21--100-77]-9618&alias=b9p20p9107.cern.ch&noUDP&sock=slot1_9_5957_fecb_109336>
...
040 (16548867.010.000) 02/05 22:12:50 Finished transferring input files
...
001 (16548867.010.000) 02/05 22:12:51 Job executing on host: <188.185.194.123:9618?addrs=188.185.194.123-9618+[2001-1458-303-21--100-77]-9618&alias=b9p20p9107.cern.ch&noUDP&sock=startd_4445_7a8f>
	SlotName: slot1_9@b9p20p9107.cern.ch
	CondorScratchDir = "/pool/condor/dir_2325455"
	Cpus = 1
	Disk = 3923
	GPUs = 0
	Memory = 3000
...
006 (16548867.010.000) 02/05 22:13:00 Image size of job updated: 113572
	111  -  MemoryUsage of job (MB)
	113572  -  ResidentSetSize of job (KB)
...
040 (16548867.010.000) 02/05 22:13:19 Started transferring output files
...
040 (16548867.010.000) 02/05 22:13:19 Finished transferring output files
...
005 (16548867.010.000) 02/05 22:13:19 Job terminated.
	(1) Normal termination (return value 0)
		Usr 0 00:00:05, Sys 0 00:00:00  -  Run Remote Usage
		Usr 0 00:00:00, Sys 0 00:00:00  -  Run Local Usage
		Usr 0 00:00:05, Sys 0 00:00:00  -  Total Remote Usage
		Usr 0 00:00:00, Sys 0 00:00:00  -  Total Local Usage
	23854  -  Run Bytes Sent By Job
	10424  -  Run Bytes Received By Job
	23854  -  Total Bytes Sent By Job
	10424  -  Total Bytes Received By Job
	Partitionable Resources :    Usage  Request Allocated 
	   Cpus                 :        0        1         1 
	   Disk (KB)            :       59       12      3923 
	   GPUs                 :                           0 
	   Memory (MB)          :      111     3000      3000 

	Job terminated of its own accord at 2025-02-05T21:13:19Z with exit-code 0.
...
