000 (16548867.007.000) 02/05 22:12:07 Job submitted from host: <188.185.72.155:9618?addrs=188.185.72.155-9618+[2001-1458-d00-8--100-95]-9618&alias=bigbird08.cern.ch&noUDP&sock=schedd_862983_22fa>
...
040 (16548867.007.000) 02/05 22:12:50 Started transferring input files
	Transferring to host: <188.185.196.123:9618?addrs=188.185.196.123-9618+[2001-1458-303-23--100-77]-9618&alias=b9p16p2769.cern.ch&noUDP&sock=slot1_17_2535789_7fa6_1593>
...
040 (16548867.007.000) 02/05 22:12:50 Finished transferring input files
...
001 (16548867.007.000) 02/05 22:12:51 Job executing on host: <188.185.196.123:9618?addrs=188.185.196.123-9618+[2001-1458-303-23--100-77]-9618&alias=b9p16p2769.cern.ch&noUDP&sock=startd_4921_f9a4>
	SlotName: slot1_17@b9p16p2769.cern.ch
	CondorScratchDir = "/pool/condor/dir_1114049"
	Cpus = 1
	Disk = 3875
	GPUs = 0
	Memory = 3000
...
006 (16548867.007.000) 02/05 22:13:00 Image size of job updated: 1884
	2  -  MemoryUsage of job (MB)
	1884  -  ResidentSetSize of job (KB)
...
006 (16548867.007.000) 02/05 22:13:53 Image size of job updated: 315608
	309  -  MemoryUsage of job (MB)
	315608  -  ResidentSetSize of job (KB)
...
040 (16548867.007.000) 02/05 22:13:53 Started transferring output files
...
040 (16548867.007.000) 02/05 22:13:53 Finished transferring output files
...
005 (16548867.007.000) 02/05 22:13:53 Job terminated.
	(1) Normal termination (return value 0)
		Usr 0 00:00:09, Sys 0 00:00:01  -  Run Remote Usage
		Usr 0 00:00:00, Sys 0 00:00:00  -  Run Local Usage
		Usr 0 00:00:09, Sys 0 00:00:01  -  Total Remote Usage
		Usr 0 00:00:00, Sys 0 00:00:00  -  Total Local Usage
	23851  -  Run Bytes Sent By Job
	10424  -  Run Bytes Received By Job
	23851  -  Total Bytes Sent By Job
	10424  -  Total Bytes Received By Job
	Partitionable Resources :    Usage  Request Allocated 
	   Cpus                 :        0        1         1 
	   Disk (KB)            :       58       12      3875 
	   GPUs                 :                           0 
	   Memory (MB)          :      309     3000      3000 

	Job terminated of its own accord at 2025-02-05T21:13:53Z with exit-code 0.
...
