000 (16548864.011.000) 02/05 22:11:50 Job submitted from host: <188.185.72.155:9618?addrs=188.185.72.155-9618+[2001-1458-d00-8--100-95]-9618&alias=bigbird08.cern.ch&noUDP&sock=schedd_862983_22fa>
...
040 (16548864.011.000) 02/05 22:12:30 Started transferring input files
	Transferring to host: <188.185.198.51:9618?addrs=188.185.198.51-9618+[2001-1458-303-25--100-2f]-9618&alias=b9p15p1642.cern.ch&noUDP&sock=slot1_17_1997547_5167_4002>
...
040 (16548864.011.000) 02/05 22:12:30 Finished transferring input files
...
001 (16548864.011.000) 02/05 22:12:31 Job executing on host: <188.185.198.51:9618?addrs=188.185.198.51-9618+[2001-1458-303-25--100-2f]-9618&alias=b9p15p1642.cern.ch&noUDP&sock=startd_6676_c25a>
	SlotName: slot1_17@b9p15p1642.cern.ch
	CondorScratchDir = "/pool/condor/dir_1341689"
	Cpus = 1
	Disk = 3876
	GPUs = 0
	Memory = 3000
...
006 (16548864.011.000) 02/05 22:12:40 Image size of job updated: 139312
	137  -  MemoryUsage of job (MB)
	139312  -  ResidentSetSize of job (KB)
...
040 (16548864.011.000) 02/05 22:12:52 Started transferring output files
...
040 (16548864.011.000) 02/05 22:12:53 Finished transferring output files
...
005 (16548864.011.000) 02/05 22:12:54 Job terminated.
	(1) Normal termination (return value 0)
		Usr 0 00:00:07, Sys 0 00:00:00  -  Run Remote Usage
		Usr 0 00:00:00, Sys 0 00:00:00  -  Run Local Usage
		Usr 0 00:00:07, Sys 0 00:00:00  -  Total Remote Usage
		Usr 0 00:00:00, Sys 0 00:00:00  -  Total Local Usage
	23742  -  Run Bytes Sent By Job
	10424  -  Run Bytes Received By Job
	23742  -  Total Bytes Sent By Job
	10424  -  Total Bytes Received By Job
	Partitionable Resources :    Usage  Request Allocated 
	   Cpus                 :        0        1         1 
	   Disk (KB)            :       58       12      3876 
	   GPUs                 :                           0 
	   Memory (MB)          :      137     3000      3000 

	Job terminated of its own accord at 2025-02-05T21:12:52Z with exit-code 0.
...
