000 (16548868.017.000) 02/05 22:12:19 Job submitted from host: <188.185.72.155:9618?addrs=188.185.72.155-9618+[2001-1458-d00-8--100-95]-9618&alias=bigbird08.cern.ch&noUDP&sock=schedd_862983_22fa>
...
040 (16548868.017.000) 02/05 22:12:40 Started transferring input files
	Transferring to host: <128.142.161.119:9618?addrs=128.142.161.119-9618+[2001-1458-301-b8--100-35]-9618&alias=b9g03p6597.cern.ch&noUDP&sock=slot1_10_1743104_34dc_24159>
...
040 (16548868.017.000) 02/05 22:12:40 Finished transferring input files
...
001 (16548868.017.000) 02/05 22:12:41 Job executing on host: <128.142.161.119:9618?addrs=128.142.161.119-9618+[2001-1458-301-b8--100-35]-9618&alias=b9g03p6597.cern.ch&noUDP&sock=startd_3158_b42c>
	SlotName: slot1_10@b9g03p6597.cern.ch
	CondorScratchDir = "/pool/condor/dir_2891489"
	Cpus = 1
	Disk = 3940
	GPUs = 0
	Memory = 3000
...
006 (16548868.017.000) 02/05 22:12:50 Image size of job updated: 363704
	356  -  MemoryUsage of job (MB)
	363704  -  ResidentSetSize of job (KB)
...
040 (16548868.017.000) 02/05 22:13:36 Started transferring output files
...
040 (16548868.017.000) 02/05 22:13:36 Finished transferring output files
...
005 (16548868.017.000) 02/05 22:13:36 Job terminated.
	(1) Normal termination (return value 0)
		Usr 0 00:00:21, Sys 0 00:00:00  -  Run Remote Usage
		Usr 0 00:00:00, Sys 0 00:00:00  -  Run Local Usage
		Usr 0 00:00:21, Sys 0 00:00:00  -  Total Remote Usage
		Usr 0 00:00:00, Sys 0 00:00:00  -  Total Local Usage
	23742  -  Run Bytes Sent By Job
	10424  -  Run Bytes Received By Job
	23742  -  Total Bytes Sent By Job
	10424  -  Total Bytes Received By Job
	Partitionable Resources :    Usage  Request Allocated 
	   Cpus                 :        0        1         1 
	   Disk (KB)            :       59       12      3940 
	   GPUs                 :                           0 
	   Memory (MB)          :      356     3000      3000 

	Job terminated of its own accord at 2025-02-05T21:13:36Z with exit-code 0.
...
