000 (16548868.016.000) 02/05 22:12:19 Job submitted from host: <188.185.72.155:9618?addrs=188.185.72.155-9618+[2001-1458-d00-8--100-95]-9618&alias=bigbird08.cern.ch&noUDP&sock=schedd_862983_22fa>
...
040 (16548868.016.000) 02/05 22:12:40 Started transferring input files
	Transferring to host: <128.142.161.99:9618?addrs=128.142.161.99-9618+[2001-1458-301-b8--100-21]-9618&alias=b9g03p0440.cern.ch&noUDP&sock=slot1_8_3238426_d423_39039>
...
040 (16548868.016.000) 02/05 22:12:40 Finished transferring input files
...
001 (16548868.016.000) 02/05 22:12:41 Job executing on host: <128.142.161.99:9618?addrs=128.142.161.99-9618+[2001-1458-301-b8--100-21]-9618&alias=b9g03p0440.cern.ch&noUDP&sock=startd_3203_91ef>
	SlotName: slot1_8@b9g03p0440.cern.ch
	CondorScratchDir = "/pool/condor/dir_1732514"
	Cpus = 1
	Disk = 4015
	GPUs = 0
	Memory = 3000
...
006 (16548868.016.000) 02/05 22:12:50 Image size of job updated: 167464
	164  -  MemoryUsage of job (MB)
	167464  -  ResidentSetSize of job (KB)
...
040 (16548868.016.000) 02/05 22:13:26 Started transferring output files
...
040 (16548868.016.000) 02/05 22:13:26 Finished transferring output files
...
005 (16548868.016.000) 02/05 22:13:26 Job terminated.
	(1) Normal termination (return value 0)
		Usr 0 00:00:19, Sys 0 00:00:01  -  Run Remote Usage
		Usr 0 00:00:00, Sys 0 00:00:00  -  Run Local Usage
		Usr 0 00:00:19, Sys 0 00:00:01  -  Total Remote Usage
		Usr 0 00:00:00, Sys 0 00:00:00  -  Total Local Usage
	23744  -  Run Bytes Sent By Job
	10424  -  Run Bytes Received By Job
	23744  -  Total Bytes Sent By Job
	10424  -  Total Bytes Received By Job
	Partitionable Resources :    Usage  Request Allocated 
	   Cpus                 :        0        1         1 
	   Disk (KB)            :       58       12      4015 
	   GPUs                 :                           0 
	   Memory (MB)          :      164     3000      3000 

	Job terminated of its own accord at 2025-02-05T21:13:26Z with exit-code 0.
...
