000 (16548865.014.000) 02/05 22:11:55 Job submitted from host: <188.185.72.155:9618?addrs=188.185.72.155-9618+[2001-1458-d00-8--100-95]-9618&alias=bigbird08.cern.ch&noUDP&sock=schedd_862983_22fa>
...
040 (16548865.014.000) 02/05 22:12:37 Started transferring input files
	Transferring to host: <188.185.196.75:9618?addrs=188.185.196.75-9618+[2001-1458-303-23--100-47]-9618&alias=b9p16p1542.cern.ch&noUDP&sock=slot1_14_239910_0c55_66194>
...
040 (16548865.014.000) 02/05 22:12:37 Finished transferring input files
...
001 (16548865.014.000) 02/05 22:12:38 Job executing on host: <188.185.196.75:9618?addrs=188.185.196.75-9618+[2001-1458-303-23--100-47]-9618&alias=b9p16p1542.cern.ch&noUDP&sock=startd_4647_08b1>
	SlotName: slot1_14@b9p16p1542.cern.ch
	CondorScratchDir = "/pool/condor/dir_3393878"
	Cpus = 1
	Disk = 3834
	GPUs = 0
	Memory = 3000
...
006 (16548865.014.000) 02/05 22:12:47 Image size of job updated: 377920
	370  -  MemoryUsage of job (MB)
	377920  -  ResidentSetSize of job (KB)
...
040 (16548865.014.000) 02/05 22:13:13 Started transferring output files
...
040 (16548865.014.000) 02/05 22:13:13 Finished transferring output files
...
005 (16548865.014.000) 02/05 22:13:14 Job terminated.
	(1) Normal termination (return value 0)
		Usr 0 00:00:12, Sys 0 00:00:01  -  Run Remote Usage
		Usr 0 00:00:00, Sys 0 00:00:00  -  Run Local Usage
		Usr 0 00:00:12, Sys 0 00:00:01  -  Total Remote Usage
		Usr 0 00:00:00, Sys 0 00:00:00  -  Total Local Usage
	23854  -  Run Bytes Sent By Job
	10424  -  Run Bytes Received By Job
	23854  -  Total Bytes Sent By Job
	10424  -  Total Bytes Received By Job
	Partitionable Resources :    Usage  Request Allocated 
	   Cpus                 :        0        1         1 
	   Disk (KB)            :       59       12      3834 
	   GPUs                 :                           0 
	   Memory (MB)          :      370     3000      3000 

	Job terminated of its own accord at 2025-02-05T21:13:13Z with exit-code 0.
...
