000 (16548865.002.000) 02/05 22:11:55 Job submitted from host: <188.185.72.155:9618?addrs=188.185.72.155-9618+[2001-1458-d00-8--100-95]-9618&alias=bigbird08.cern.ch&noUDP&sock=schedd_862983_22fa>
...
040 (16548865.002.000) 02/05 22:12:33 Started transferring input files
	Transferring to host: <188.185.194.23:9618?addrs=188.185.194.23-9618+[2001-1458-303-21--100-13]-9618&alias=b9p20p3714.cern.ch&noUDP&sock=slot1_19_1381044_2ed9_62211>
...
040 (16548865.002.000) 02/05 22:12:33 Finished transferring input files
...
001 (16548865.002.000) 02/05 22:12:34 Job executing on host: <188.185.194.23:9618?addrs=188.185.194.23-9618+[2001-1458-303-21--100-13]-9618&alias=b9p20p3714.cern.ch&noUDP&sock=startd_3833_b299>
	SlotName: slot1_19@b9p20p3714.cern.ch
	CondorScratchDir = "/pool/condor/dir_405509"
	Cpus = 1
	Disk = 3798
	GPUs = 0
	Memory = 3000
...
006 (16548865.002.000) 02/05 22:12:43 Image size of job updated: 72416
	71  -  MemoryUsage of job (MB)
	72416  -  ResidentSetSize of job (KB)
...
040 (16548865.002.000) 02/05 22:12:55 Started transferring output files
...
040 (16548865.002.000) 02/05 22:12:55 Finished transferring output files
...
005 (16548865.002.000) 02/05 22:12:55 Job terminated.
	(1) Normal termination (return value 0)
		Usr 0 00:00:07, Sys 0 00:00:00  -  Run Remote Usage
		Usr 0 00:00:00, Sys 0 00:00:00  -  Run Local Usage
		Usr 0 00:00:07, Sys 0 00:00:00  -  Total Remote Usage
		Usr 0 00:00:00, Sys 0 00:00:00  -  Total Local Usage
	23851  -  Run Bytes Sent By Job
	10424  -  Run Bytes Received By Job
	23851  -  Total Bytes Sent By Job
	10424  -  Total Bytes Received By Job
	Partitionable Resources :    Usage  Request Allocated 
	   Cpus                 :        0        1         1 
	   Disk (KB)            :       59       12      3798 
	   GPUs                 :                           0 
	   Memory (MB)          :       71     3000      3000 

	Job terminated of its own accord at 2025-02-05T21:12:54Z with exit-code 0.
...
