Submit jobs at 
PWD: /afs/cern.ch/user/v/vpant/pprefanalysis

Processing Track_Analyzer.C("input/ppref2024/20250205/pprefzerobiasplusforward3_set1_11.txt","/eos/user/v/vpant/ppref2024/ppref2024outputfiles/pprefzerobiasplusforward3_set1_11.root",0,0)...
List of input files founded! --> input/ppref2024/20250205/pprefzerobiasplusforward3_set1_11.txt
list operator is /eos/cms/store/group/phys_heavyions/vpant/ppref2024output/PPRefZeroBiasPlusForward3/crab_ppref2024/250203_013520/0000/HiForestMiniAOD_55.root
Adding file /eos/cms/store/group/phys_heavyions/vpant/ppref2024output/PPRefZeroBiasPlusForward3/crab_ppref2024/250203_013520/0000/HiForestMiniAOD_55.root to the chains
list operator is /eos/cms/store/group/phys_heavyions/vpant/ppref2024output/PPRefZeroBiasPlusForward3/crab_ppref2024/250203_013520/0000/HiForestMiniAOD_550.root
Adding file /eos/cms/store/group/phys_heavyions/vpant/ppref2024output/PPRefZeroBiasPlusForward3/crab_ppref2024/250203_013520/0000/HiForestMiniAOD_550.root to the chains
list operator is /eos/cms/store/group/phys_heavyions/vpant/ppref2024output/PPRefZeroBiasPlusForward3/crab_ppref2024/250203_013520/0000/HiForestMiniAOD_551.root
Adding file /eos/cms/store/group/phys_heavyions/vpant/ppref2024output/PPRefZeroBiasPlusForward3/crab_ppref2024/250203_013520/0000/HiForestMiniAOD_551.root to the chains
list operator is /eos/cms/store/group/phys_heavyions/vpant/ppref2024output/PPRefZeroBiasPlusForward3/crab_ppref2024/250203_013520/0000/HiForestMiniAOD_552.root
Adding file /eos/cms/store/group/phys_heavyions/vpant/ppref2024output/PPRefZeroBiasPlusForward3/crab_ppref2024/250203_013520/0000/HiForestMiniAOD_552.root to the chains
list operator is /eos/cms/store/group/phys_heavyions/vpant/ppref2024output/PPRefZeroBiasPlusForward3/crab_ppref2024/250203_013520/0000/HiForestMiniAOD_553.root
Adding file /eos/cms/store/group/phys_heavyions/vpant/ppref2024output/PPRefZeroBiasPlusForward3/crab_ppref2024/250203_013520/0000/HiForestMiniAOD_553.root to the chains
list operator is /eos/cms/store/group/phys_heavyions/vpant/ppref2024output/PPRefZeroBiasPlusForward3/crab_ppref2024/250203_013520/0000/HiForestMiniAOD_554.root
Adding file /eos/cms/store/group/phys_heavyions/vpant/ppref2024output/PPRefZeroBiasPlusForward3/crab_ppref2024/250203_013520/0000/HiForestMiniAOD_554.root to the chains
list operator is /eos/cms/store/group/phys_heavyions/vpant/ppref2024output/PPRefZeroBiasPlusForward3/crab_ppref2024/250203_013520/0000/HiForestMiniAOD_555.root
Adding file /eos/cms/store/group/phys_heavyions/vpant/ppref2024output/PPRefZeroBiasPlusForward3/crab_ppref2024/250203_013520/0000/HiForestMiniAOD_555.root to the chains
list operator is /eos/cms/store/group/phys_heavyions/vpant/ppref2024output/PPRefZeroBiasPlusForward3/crab_ppref2024/250203_013520/0000/HiForestMiniAOD_556.root
Adding file /eos/cms/store/group/phys_heavyions/vpant/ppref2024output/PPRefZeroBiasPlusForward3/crab_ppref2024/250203_013520/0000/HiForestMiniAOD_556.root to the chains
list operator is /eos/cms/store/group/phys_heavyions/vpant/ppref2024output/PPRefZeroBiasPlusForward3/crab_ppref2024/250203_013520/0000/HiForestMiniAOD_557.root
Adding file /eos/cms/store/group/phys_heavyions/vpant/ppref2024output/PPRefZeroBiasPlusForward3/crab_ppref2024/250203_013520/0000/HiForestMiniAOD_557.root to the chains
list operator is /eos/cms/store/group/phys_heavyions/vpant/ppref2024output/PPRefZeroBiasPlusForward3/crab_ppref2024/250203_013520/0000/HiForestMiniAOD_558.root
Adding file /eos/cms/store/group/phys_heavyions/vpant/ppref2024output/PPRefZeroBiasPlusForward3/crab_ppref2024/250203_013520/0000/HiForestMiniAOD_558.root to the chains
list operator is /eos/cms/store/group/phys_heavyions/vpant/ppref2024output/PPRefZeroBiasPlusForward3/crab_ppref2024/250203_013520/0000/HiForestMiniAOD_559.root
Adding file /eos/cms/store/group/phys_heavyions/vpant/ppref2024output/PPRefZeroBiasPlusForward3/crab_ppref2024/250203_013520/0000/HiForestMiniAOD_559.root to the chains
list operator is /eos/cms/store/group/phys_heavyions/vpant/ppref2024output/PPRefZeroBiasPlusForward3/crab_ppref2024/250203_013520/0000/HiForestMiniAOD_56.root
Adding file /eos/cms/store/group/phys_heavyions/vpant/ppref2024output/PPRefZeroBiasPlusForward3/crab_ppref2024/250203_013520/0000/HiForestMiniAOD_56.root to the chains
list operator is /eos/cms/store/group/phys_heavyions/vpant/ppref2024output/PPRefZeroBiasPlusForward3/crab_ppref2024/250203_013520/0000/HiForestMiniAOD_560.root
Adding file /eos/cms/store/group/phys_heavyions/vpant/ppref2024output/PPRefZeroBiasPlusForward3/crab_ppref2024/250203_013520/0000/HiForestMiniAOD_560.root to the chains
list operator is /eos/cms/store/group/phys_heavyions/vpant/ppref2024output/PPRefZeroBiasPlusForward3/crab_ppref2024/250203_013520/0000/HiForestMiniAOD_561.root
Adding file /eos/cms/store/group/phys_heavyions/vpant/ppref2024output/PPRefZeroBiasPlusForward3/crab_ppref2024/250203_013520/0000/HiForestMiniAOD_561.root to the chains
list operator is /eos/cms/store/group/phys_heavyions/vpant/ppref2024output/PPRefZeroBiasPlusForward3/crab_ppref2024/250203_013520/0000/HiForestMiniAOD_562.root
Adding file /eos/cms/store/group/phys_heavyions/vpant/ppref2024output/PPRefZeroBiasPlusForward3/crab_ppref2024/250203_013520/0000/HiForestMiniAOD_562.root to the chains
list operator is /eos/cms/store/group/phys_heavyions/vpant/ppref2024output/PPRefZeroBiasPlusForward3/crab_ppref2024/250203_013520/0000/HiForestMiniAOD_563.root
Adding file /eos/cms/store/group/phys_heavyions/vpant/ppref2024output/PPRefZeroBiasPlusForward3/crab_ppref2024/250203_013520/0000/HiForestMiniAOD_563.root to the chains
list operator is /eos/cms/store/group/phys_heavyions/vpant/ppref2024output/PPRefZeroBiasPlusForward3/crab_ppref2024/250203_013520/0000/HiForestMiniAOD_564.root
Adding file /eos/cms/store/group/phys_heavyions/vpant/ppref2024output/PPRefZeroBiasPlusForward3/crab_ppref2024/250203_013520/0000/HiForestMiniAOD_564.root to the chains
list operator is /eos/cms/store/group/phys_heavyions/vpant/ppref2024output/PPRefZeroBiasPlusForward3/crab_ppref2024/250203_013520/0000/HiForestMiniAOD_565.root
Adding file /eos/cms/store/group/phys_heavyions/vpant/ppref2024output/PPRefZeroBiasPlusForward3/crab_ppref2024/250203_013520/0000/HiForestMiniAOD_565.root to the chains
list operator is /eos/cms/store/group/phys_heavyions/vpant/ppref2024output/PPRefZeroBiasPlusForward3/crab_ppref2024/250203_013520/0000/HiForestMiniAOD_566.root
Adding file /eos/cms/store/group/phys_heavyions/vpant/ppref2024output/PPRefZeroBiasPlusForward3/crab_ppref2024/250203_013520/0000/HiForestMiniAOD_566.root to the chains
list operator is /eos/cms/store/group/phys_heavyions/vpant/ppref2024output/PPRefZeroBiasPlusForward3/crab_ppref2024/250203_013520/0000/HiForestMiniAOD_567.root
Adding file /eos/cms/store/group/phys_heavyions/vpant/ppref2024output/PPRefZeroBiasPlusForward3/crab_ppref2024/250203_013520/0000/HiForestMiniAOD_567.root to the chains
list operator is /eos/cms/store/group/phys_heavyions/vpant/ppref2024output/PPRefZeroBiasPlusForward3/crab_ppref2024/250203_013520/0000/HiForestMiniAOD_568.root
Adding file /eos/cms/store/group/phys_heavyions/vpant/ppref2024output/PPRefZeroBiasPlusForward3/crab_ppref2024/250203_013520/0000/HiForestMiniAOD_568.root to the chains
list operator is /eos/cms/store/group/phys_heavyions/vpant/ppref2024output/PPRefZeroBiasPlusForward3/crab_ppref2024/250203_013520/0000/HiForestMiniAOD_569.root
Adding file /eos/cms/store/group/phys_heavyions/vpant/ppref2024output/PPRefZeroBiasPlusForward3/crab_ppref2024/250203_013520/0000/HiForestMiniAOD_569.root to the chains
list operator is /eos/cms/store/group/phys_heavyions/vpant/ppref2024output/PPRefZeroBiasPlusForward3/crab_ppref2024/250203_013520/0000/HiForestMiniAOD_57.root
Adding file /eos/cms/store/group/phys_heavyions/vpant/ppref2024output/PPRefZeroBiasPlusForward3/crab_ppref2024/250203_013520/0000/HiForestMiniAOD_57.root to the chains
list operator is /eos/cms/store/group/phys_heavyions/vpant/ppref2024output/PPRefZeroBiasPlusForward3/crab_ppref2024/250203_013520/0000/HiForestMiniAOD_570.root
Adding file /eos/cms/store/group/phys_heavyions/vpant/ppref2024output/PPRefZeroBiasPlusForward3/crab_ppref2024/250203_013520/0000/HiForestMiniAOD_570.root to the chains
list operator is /eos/cms/store/group/phys_heavyions/vpant/ppref2024output/PPRefZeroBiasPlusForward3/crab_ppref2024/250203_013520/0000/HiForestMiniAOD_571.root
Adding file /eos/cms/store/group/phys_heavyions/vpant/ppref2024output/PPRefZeroBiasPlusForward3/crab_ppref2024/250203_013520/0000/HiForestMiniAOD_571.root to the chains
list operator is /eos/cms/store/group/phys_heavyions/vpant/ppref2024output/PPRefZeroBiasPlusForward3/crab_ppref2024/250203_013520/0000/HiForestMiniAOD_572.root
Adding file /eos/cms/store/group/phys_heavyions/vpant/ppref2024output/PPRefZeroBiasPlusForward3/crab_ppref2024/250203_013520/0000/HiForestMiniAOD_572.root to the chains
list operator is /eos/cms/store/group/phys_heavyions/vpant/ppref2024output/PPRefZeroBiasPlusForward3/crab_ppref2024/250203_013520/0000/HiForestMiniAOD_573.root
Adding file /eos/cms/store/group/phys_heavyions/vpant/ppref2024output/PPRefZeroBiasPlusForward3/crab_ppref2024/250203_013520/0000/HiForestMiniAOD_573.root to the chains
list operator is /eos/cms/store/group/phys_heavyions/vpant/ppref2024output/PPRefZeroBiasPlusForward3/crab_ppref2024/250203_013520/0000/HiForestMiniAOD_574.root
Adding file /eos/cms/store/group/phys_heavyions/vpant/ppref2024output/PPRefZeroBiasPlusForward3/crab_ppref2024/250203_013520/0000/HiForestMiniAOD_574.root to the chains
list operator is /eos/cms/store/group/phys_heavyions/vpant/ppref2024output/PPRefZeroBiasPlusForward3/crab_ppref2024/250203_013520/0000/HiForestMiniAOD_575.root
Adding file /eos/cms/store/group/phys_heavyions/vpant/ppref2024output/PPRefZeroBiasPlusForward3/crab_ppref2024/250203_013520/0000/HiForestMiniAOD_575.root to the chains
list operator is /eos/cms/store/group/phys_heavyions/vpant/ppref2024output/PPRefZeroBiasPlusForward3/crab_ppref2024/250203_013520/0000/HiForestMiniAOD_576.root
Adding file /eos/cms/store/group/phys_heavyions/vpant/ppref2024output/PPRefZeroBiasPlusForward3/crab_ppref2024/250203_013520/0000/HiForestMiniAOD_576.root to the chains
list operator is /eos/cms/store/group/phys_heavyions/vpant/ppref2024output/PPRefZeroBiasPlusForward3/crab_ppref2024/250203_013520/0000/HiForestMiniAOD_577.root
Adding file /eos/cms/store/group/phys_heavyions/vpant/ppref2024output/PPRefZeroBiasPlusForward3/crab_ppref2024/250203_013520/0000/HiForestMiniAOD_577.root to the chains
list operator is /eos/cms/store/group/phys_heavyions/vpant/ppref2024output/PPRefZeroBiasPlusForward3/crab_ppref2024/250203_013520/0000/HiForestMiniAOD_578.root
Adding file /eos/cms/store/group/phys_heavyions/vpant/ppref2024output/PPRefZeroBiasPlusForward3/crab_ppref2024/250203_013520/0000/HiForestMiniAOD_578.root to the chains
list operator is /eos/cms/store/group/phys_heavyions/vpant/ppref2024output/PPRefZeroBiasPlusForward3/crab_ppref2024/250203_013520/0000/HiForestMiniAOD_579.root
Adding file /eos/cms/store/group/phys_heavyions/vpant/ppref2024output/PPRefZeroBiasPlusForward3/crab_ppref2024/250203_013520/0000/HiForestMiniAOD_579.root to the chains
list operator is /eos/cms/store/group/phys_heavyions/vpant/ppref2024output/PPRefZeroBiasPlusForward3/crab_ppref2024/250203_013520/0000/HiForestMiniAOD_58.root
Adding file /eos/cms/store/group/phys_heavyions/vpant/ppref2024output/PPRefZeroBiasPlusForward3/crab_ppref2024/250203_013520/0000/HiForestMiniAOD_58.root to the chains
list operator is /eos/cms/store/group/phys_heavyions/vpant/ppref2024output/PPRefZeroBiasPlusForward3/crab_ppref2024/250203_013520/0000/HiForestMiniAOD_580.root
Adding file /eos/cms/store/group/phys_heavyions/vpant/ppref2024output/PPRefZeroBiasPlusForward3/crab_ppref2024/250203_013520/0000/HiForestMiniAOD_580.root to the chains
list operator is /eos/cms/store/group/phys_heavyions/vpant/ppref2024output/PPRefZeroBiasPlusForward3/crab_ppref2024/250203_013520/0000/HiForestMiniAOD_581.root
Adding file /eos/cms/store/group/phys_heavyions/vpant/ppref2024output/PPRefZeroBiasPlusForward3/crab_ppref2024/250203_013520/0000/HiForestMiniAOD_581.root to the chains
list operator is /eos/cms/store/group/phys_heavyions/vpant/ppref2024output/PPRefZeroBiasPlusForward3/crab_ppref2024/250203_013520/0000/HiForestMiniAOD_582.root
Adding file /eos/cms/store/group/phys_heavyions/vpant/ppref2024output/PPRefZeroBiasPlusForward3/crab_ppref2024/250203_013520/0000/HiForestMiniAOD_582.root to the chains
list operator is /eos/cms/store/group/phys_heavyions/vpant/ppref2024output/PPRefZeroBiasPlusForward3/crab_ppref2024/250203_013520/0000/HiForestMiniAOD_583.root
Adding file /eos/cms/store/group/phys_heavyions/vpant/ppref2024output/PPRefZeroBiasPlusForward3/crab_ppref2024/250203_013520/0000/HiForestMiniAOD_583.root to the chains
list operator is /eos/cms/store/group/phys_heavyions/vpant/ppref2024output/PPRefZeroBiasPlusForward3/crab_ppref2024/250203_013520/0000/HiForestMiniAOD_584.root
Adding file /eos/cms/store/group/phys_heavyions/vpant/ppref2024output/PPRefZeroBiasPlusForward3/crab_ppref2024/250203_013520/0000/HiForestMiniAOD_584.root to the chains
list operator is /eos/cms/store/group/phys_heavyions/vpant/ppref2024output/PPRefZeroBiasPlusForward3/crab_ppref2024/250203_013520/0000/HiForestMiniAOD_585.root
Adding file /eos/cms/store/group/phys_heavyions/vpant/ppref2024output/PPRefZeroBiasPlusForward3/crab_ppref2024/250203_013520/0000/HiForestMiniAOD_585.root to the chains
list operator is /eos/cms/store/group/phys_heavyions/vpant/ppref2024output/PPRefZeroBiasPlusForward3/crab_ppref2024/250203_013520/0000/HiForestMiniAOD_586.root
Adding file /eos/cms/store/group/phys_heavyions/vpant/ppref2024output/PPRefZeroBiasPlusForward3/crab_ppref2024/250203_013520/0000/HiForestMiniAOD_586.root to the chains
list operator is /eos/cms/store/group/phys_heavyions/vpant/ppref2024output/PPRefZeroBiasPlusForward3/crab_ppref2024/250203_013520/0000/HiForestMiniAOD_587.root
Adding file /eos/cms/store/group/phys_heavyions/vpant/ppref2024output/PPRefZeroBiasPlusForward3/crab_ppref2024/250203_013520/0000/HiForestMiniAOD_587.root to the chains
list operator is /eos/cms/store/group/phys_heavyions/vpant/ppref2024output/PPRefZeroBiasPlusForward3/crab_ppref2024/250203_013520/0000/HiForestMiniAOD_588.root
Adding file /eos/cms/store/group/phys_heavyions/vpant/ppref2024output/PPRefZeroBiasPlusForward3/crab_ppref2024/250203_013520/0000/HiForestMiniAOD_588.root to the chains
list operator is /eos/cms/store/group/phys_heavyions/vpant/ppref2024output/PPRefZeroBiasPlusForward3/crab_ppref2024/250203_013520/0000/HiForestMiniAOD_589.root
Adding file /eos/cms/store/group/phys_heavyions/vpant/ppref2024output/PPRefZeroBiasPlusForward3/crab_ppref2024/250203_013520/0000/HiForestMiniAOD_589.root to the chains
list operator is /eos/cms/store/group/phys_heavyions/vpant/ppref2024output/PPRefZeroBiasPlusForward3/crab_ppref2024/250203_013520/0000/HiForestMiniAOD_59.root
Adding file /eos/cms/store/group/phys_heavyions/vpant/ppref2024output/PPRefZeroBiasPlusForward3/crab_ppref2024/250203_013520/0000/HiForestMiniAOD_59.root to the chains
list operator is /eos/cms/store/group/phys_heavyions/vpant/ppref2024output/PPRefZeroBiasPlusForward3/crab_ppref2024/250203_013520/0000/HiForestMiniAOD_590.root
Adding file /eos/cms/store/group/phys_heavyions/vpant/ppref2024output/PPRefZeroBiasPlusForward3/crab_ppref2024/250203_013520/0000/HiForestMiniAOD_590.root to the chains
list operator is /eos/cms/store/group/phys_heavyions/vpant/ppref2024output/PPRefZeroBiasPlusForward3/crab_ppref2024/250203_013520/0000/HiForestMiniAOD_591.root
Adding file /eos/cms/store/group/phys_heavyions/vpant/ppref2024output/PPRefZeroBiasPlusForward3/crab_ppref2024/250203_013520/0000/HiForestMiniAOD_591.root to the chains
list operator is /eos/cms/store/group/phys_heavyions/vpant/ppref2024output/PPRefZeroBiasPlusForward3/crab_ppref2024/250203_013520/0000/HiForestMiniAOD_592.root
Adding file /eos/cms/store/group/phys_heavyions/vpant/ppref2024output/PPRefZeroBiasPlusForward3/crab_ppref2024/250203_013520/0000/HiForestMiniAOD_592.root to the chains
list operator is /eos/cms/store/group/phys_heavyions/vpant/ppref2024output/PPRefZeroBiasPlusForward3/crab_ppref2024/250203_013520/0000/HiForestMiniAOD_593.root
Adding file /eos/cms/store/group/phys_heavyions/vpant/ppref2024output/PPRefZeroBiasPlusForward3/crab_ppref2024/250203_013520/0000/HiForestMiniAOD_593.root to the chains
list operator is /eos/cms/store/group/phys_heavyions/vpant/ppref2024output/PPRefZeroBiasPlusForward3/crab_ppref2024/250203_013520/0000/HiForestMiniAOD_594.root
Adding file /eos/cms/store/group/phys_heavyions/vpant/ppref2024output/PPRefZeroBiasPlusForward3/crab_ppref2024/250203_013520/0000/HiForestMiniAOD_594.root to the chains
Total number of events in those files: 9121

-------------------------------------------------
0 events passed 
finished