000 (16548867.003.000) 02/05 22:12:07 Job submitted from host: <188.185.72.155:9618?addrs=188.185.72.155-9618+[2001-1458-d00-8--100-95]-9618&alias=bigbird08.cern.ch&noUDP&sock=schedd_862983_22fa>
...
040 (16548867.003.000) 02/05 22:12:48 Started transferring input files
	Transferring to host: <188.185.196.66:9618?addrs=188.185.196.66-9618+[2001-1458-303-23--100-3e]-9618&alias=b9p16p8444.cern.ch&noUDP&sock=slot1_13_795872_9265_9624>
...
040 (16548867.003.000) 02/05 22:12:48 Finished transferring input files
...
001 (16548867.003.000) 02/05 22:12:49 Job executing on host: <188.185.196.66:9618?addrs=188.185.196.66-9618+[2001-1458-303-23--100-3e]-9618&alias=b9p16p8444.cern.ch&noUDP&sock=startd_5148_ada4>
	SlotName: slot1_13@b9p16p8444.cern.ch
	CondorScratchDir = "/pool/condor/dir_1932691"
	Cpus = 1
	Disk = 3873
	GPUs = 0
	Memory = 3000
...
006 (16548867.003.000) 02/05 22:12:59 Image size of job updated: 1904
	2  -  MemoryUsage of job (MB)
	1904  -  ResidentSetSize of job (KB)
...
006 (16548867.003.000) 02/05 22:13:40 Image size of job updated: 244244
	239  -  MemoryUsage of job (MB)
	244244  -  ResidentSetSize of job (KB)
...
040 (16548867.003.000) 02/05 22:13:40 Started transferring output files
...
040 (16548867.003.000) 02/05 22:13:40 Finished transferring output files
...
005 (16548867.003.000) 02/05 22:13:40 Job terminated.
	(1) Normal termination (return value 0)
		Usr 0 00:00:07, Sys 0 00:00:00  -  Run Remote Usage
		Usr 0 00:00:00, Sys 0 00:00:00  -  Run Local Usage
		Usr 0 00:00:07, Sys 0 00:00:00  -  Total Remote Usage
		Usr 0 00:00:00, Sys 0 00:00:00  -  Total Local Usage
	23851  -  Run Bytes Sent By Job
	10424  -  Run Bytes Received By Job
	23851  -  Total Bytes Sent By Job
	10424  -  Total Bytes Received By Job
	Partitionable Resources :    Usage  Request Allocated 
	   Cpus                 :        0        1         1 
	   Disk (KB)            :       59       12      3873 
	   GPUs                 :                           0 
	   Memory (MB)          :      239     3000      3000 

	Job terminated of its own accord at 2025-02-05T21:13:40Z with exit-code 0.
...
