000 (16548865.003.000) 02/05 22:11:55 Job submitted from host: <188.185.72.155:9618?addrs=188.185.72.155-9618+[2001-1458-d00-8--100-95]-9618&alias=bigbird08.cern.ch&noUDP&sock=schedd_862983_22fa>
...
040 (16548865.003.000) 02/05 22:12:38 Started transferring input files
	Transferring to host: <188.185.193.161:9618?addrs=188.185.193.161-9618+[2001-1458-303-20--100-9d]-9618&alias=b9p19p2854.cern.ch&noUDP&sock=slot1_32_2510461_a1a0_85341>
...
040 (16548865.003.000) 02/05 22:12:38 Finished transferring input files
...
001 (16548865.003.000) 02/05 22:12:39 Job executing on host: <188.185.193.161:9618?addrs=188.185.193.161-9618+[2001-1458-303-20--100-9d]-9618&alias=b9p19p2854.cern.ch&noUDP&sock=startd_2507_2c05>
	SlotName: slot1_32@b9p19p2854.cern.ch
	CondorScratchDir = "/pool/condor/dir_3219447"
	Cpus = 1
	Disk = 3818
	GPUs = 0
	Memory = 3000
...
006 (16548865.003.000) 02/05 22:12:48 Image size of job updated: 1880
	2  -  MemoryUsage of job (MB)
	1880  -  ResidentSetSize of job (KB)
...
006 (16548865.003.000) 02/05 22:13:34 Image size of job updated: 115100
	113  -  MemoryUsage of job (MB)
	115100  -  ResidentSetSize of job (KB)
...
040 (16548865.003.000) 02/05 22:13:35 Started transferring output files
...
040 (16548865.003.000) 02/05 22:13:35 Finished transferring output files
...
005 (16548865.003.000) 02/05 22:13:35 Job terminated.
	(1) Normal termination (return value 0)
		Usr 0 00:00:08, Sys 0 00:00:00  -  Run Remote Usage
		Usr 0 00:00:00, Sys 0 00:00:00  -  Run Local Usage
		Usr 0 00:00:08, Sys 0 00:00:00  -  Total Remote Usage
		Usr 0 00:00:00, Sys 0 00:00:00  -  Total Local Usage
	23851  -  Run Bytes Sent By Job
	10424  -  Run Bytes Received By Job
	23851  -  Total Bytes Sent By Job
	10424  -  Total Bytes Received By Job
	Partitionable Resources :    Usage  Request Allocated 
	   Cpus                 :        0        1         1 
	   Disk (KB)            :       59       12      3818 
	   GPUs                 :                           0 
	   Memory (MB)          :      113     3000      3000 

	Job terminated of its own accord at 2025-02-05T21:13:34Z with exit-code 0.
...
