000 (16548867.001.000) 02/05 22:12:07 Job submitted from host: <188.185.72.155:9618?addrs=188.185.72.155-9618+[2001-1458-d00-8--100-95]-9618&alias=bigbird08.cern.ch&noUDP&sock=schedd_862983_22fa>
...
040 (16548867.001.000) 02/05 22:12:47 Started transferring input files
	Transferring to host: <188.185.193.60:9618?addrs=188.185.193.60-9618+[2001-1458-303-20--100-38]-9618&alias=b9p19p3889.cern.ch&noUDP&sock=slot1_8_1881163_42ea_9873>
...
040 (16548867.001.000) 02/05 22:12:48 Finished transferring input files
...
001 (16548867.001.000) 02/05 22:12:48 Job executing on host: <188.185.193.60:9618?addrs=188.185.193.60-9618+[2001-1458-303-20--100-38]-9618&alias=b9p19p3889.cern.ch&noUDP&sock=startd_7048_eb95>
	SlotName: slot1_8@b9p19p3889.cern.ch
	CondorScratchDir = "/pool/condor/dir_1565751"
	Cpus = 1
	Disk = 3811
	GPUs = 0
	Memory = 3000
...
006 (16548867.001.000) 02/05 22:12:57 Image size of job updated: 128032
	126  -  MemoryUsage of job (MB)
	128032  -  ResidentSetSize of job (KB)
...
040 (16548867.001.000) 02/05 22:13:03 Started transferring output files
...
040 (16548867.001.000) 02/05 22:13:03 Finished transferring output files
...
005 (16548867.001.000) 02/05 22:13:04 Job terminated.
	(1) Normal termination (return value 0)
		Usr 0 00:00:01, Sys 0 00:00:00  -  Run Remote Usage
		Usr 0 00:00:00, Sys 0 00:00:00  -  Run Local Usage
		Usr 0 00:00:01, Sys 0 00:00:00  -  Total Remote Usage
		Usr 0 00:00:00, Sys 0 00:00:00  -  Total Local Usage
	23831  -  Run Bytes Sent By Job
	10424  -  Run Bytes Received By Job
	23831  -  Total Bytes Sent By Job
	10424  -  Total Bytes Received By Job
	Partitionable Resources :    Usage  Request Allocated 
	   Cpus                 :        0        1         1 
	   Disk (KB)            :       59       12      3811 
	   GPUs                 :                           0 
	   Memory (MB)          :      126     3000      3000 

	Job terminated of its own accord at 2025-02-05T21:13:03Z with exit-code 0.
...
