000 (16548866.016.000) 02/05 22:12:00 Job submitted from host: <188.185.72.155:9618?addrs=188.185.72.155-9618+[2001-1458-d00-8--100-95]-9618&alias=bigbird08.cern.ch&noUDP&sock=schedd_862983_22fa>
...
040 (16548866.016.000) 02/05 22:12:46 Started transferring input files
	Transferring to host: <128.142.132.188:9618?addrs=128.142.132.188-9618+[2001-1458-301-5a--100-b0]-9618&alias=b9g12p2884.cern.ch&noUDP&sock=slot1_7_1212830_33e0_60020>
...
040 (16548866.016.000) 02/05 22:12:46 Finished transferring input files
...
001 (16548866.016.000) 02/05 22:12:47 Job executing on host: <128.142.132.188:9618?addrs=128.142.132.188-9618+[2001-1458-301-5a--100-b0]-9618&alias=b9g12p2884.cern.ch&noUDP&sock=startd_2480_a6f6>
	SlotName: slot1_7@b9g12p2884.cern.ch
	CondorScratchDir = "/pool/condor/dir_2705964"
	Cpus = 1
	Disk = 2637
	GPUs = 0
	Memory = 3000
...
006 (16548866.016.000) 02/05 22:12:56 Image size of job updated: 68768
	68  -  MemoryUsage of job (MB)
	68768  -  ResidentSetSize of job (KB)
...
006 (16548866.016.000) 02/05 22:13:34 Image size of job updated: 68768
	68  -  MemoryUsage of job (MB)
	69024  -  ResidentSetSize of job (KB)
...
040 (16548866.016.000) 02/05 22:13:34 Started transferring output files
...
040 (16548866.016.000) 02/05 22:13:35 Finished transferring output files
...
005 (16548866.016.000) 02/05 22:13:35 Job terminated.
	(1) Normal termination (return value 0)
		Usr 0 00:00:09, Sys 0 00:00:01  -  Run Remote Usage
		Usr 0 00:00:00, Sys 0 00:00:00  -  Run Local Usage
		Usr 0 00:00:09, Sys 0 00:00:01  -  Total Remote Usage
		Usr 0 00:00:00, Sys 0 00:00:00  -  Total Local Usage
	23854  -  Run Bytes Sent By Job
	10424  -  Run Bytes Received By Job
	23854  -  Total Bytes Sent By Job
	10424  -  Total Bytes Received By Job
	Partitionable Resources :    Usage  Request Allocated 
	   Cpus                 :        0        1         1 
	   Disk (KB)            :       59       12      2637 
	   GPUs                 :                           0 
	   Memory (MB)          :       68     3000      3000 

	Job terminated of its own accord at 2025-02-05T21:13:34Z with exit-code 0.
...
