000 (16548867.015.000) 02/05 22:12:07 Job submitted from host: <188.185.72.155:9618?addrs=188.185.72.155-9618+[2001-1458-d00-8--100-95]-9618&alias=bigbird08.cern.ch&noUDP&sock=schedd_862983_22fa>
...
040 (16548867.015.000) 02/05 22:12:53 Started transferring input files
	Transferring to host: <128.142.132.36:9618?addrs=128.142.132.36-9618+[2001-1458-301-5a--100-18]-9618&alias=b9g12p5638.cern.ch&noUDP&sock=slot1_19_2766_a5aa_64329>
...
040 (16548867.015.000) 02/05 22:12:53 Finished transferring input files
...
001 (16548867.015.000) 02/05 22:12:54 Job executing on host: <128.142.132.36:9618?addrs=128.142.132.36-9618+[2001-1458-301-5a--100-18]-9618&alias=b9g12p5638.cern.ch&noUDP&sock=startd_2381_bf16>
	SlotName: slot1_19@b9g12p5638.cern.ch
	CondorScratchDir = "/pool/condor/dir_1445960"
	Cpus = 1
	Disk = 2685
	GPUs = 0
	Memory = 3000
...
006 (16548867.015.000) 02/05 22:13:02 Image size of job updated: 102504
	101  -  MemoryUsage of job (MB)
	102504  -  ResidentSetSize of job (KB)
...
040 (16548867.015.000) 02/05 22:13:29 Started transferring output files
...
040 (16548867.015.000) 02/05 22:13:29 Finished transferring output files
...
005 (16548867.015.000) 02/05 22:13:29 Job terminated.
	(1) Normal termination (return value 0)
		Usr 0 00:00:08, Sys 0 00:00:01  -  Run Remote Usage
		Usr 0 00:00:00, Sys 0 00:00:00  -  Run Local Usage
		Usr 0 00:00:08, Sys 0 00:00:01  -  Total Remote Usage
		Usr 0 00:00:00, Sys 0 00:00:00  -  Total Local Usage
	23854  -  Run Bytes Sent By Job
	10424  -  Run Bytes Received By Job
	23854  -  Total Bytes Sent By Job
	10424  -  Total Bytes Received By Job
	Partitionable Resources :    Usage  Request Allocated 
	   Cpus                 :        0        1         1 
	   Disk (KB)            :       58       12      2685 
	   GPUs                 :                           0 
	   Memory (MB)          :      101     3000      3000 

	Job terminated of its own accord at 2025-02-05T21:13:29Z with exit-code 0.
...
