000 (16548864.012.000) 02/05 22:11:50 Job submitted from host: <188.185.72.155:9618?addrs=188.185.72.155-9618+[2001-1458-d00-8--100-95]-9618&alias=bigbird08.cern.ch&noUDP&sock=schedd_862983_22fa>
...
040 (16548864.012.000) 02/05 22:12:30 Started transferring input files
	Transferring to host: <128.142.196.44:9618?addrs=128.142.196.44-9618+[2001-1458-301-3c--100-2a]-9618&alias=b9g32p0061.cern.ch&noUDP&sock=slot1_5_2212181_633f_70125>
...
040 (16548864.012.000) 02/05 22:12:30 Finished transferring input files
...
001 (16548864.012.000) 02/05 22:12:32 Job executing on host: <128.142.196.44:9618?addrs=128.142.196.44-9618+[2001-1458-301-3c--100-2a]-9618&alias=b9g32p0061.cern.ch&noUDP&sock=startd_2634_488c>
	SlotName: slot1_5@b9g32p0061.cern.ch
	CondorScratchDir = "/pool/condor/dir_2230255"
	Cpus = 1
	Disk = 3789
	GPUs = 0
	Memory = 3000
...
006 (16548864.012.000) 02/05 22:12:40 Image size of job updated: 225180
	220  -  MemoryUsage of job (MB)
	225180  -  ResidentSetSize of job (KB)
...
040 (16548864.012.000) 02/05 22:12:54 Started transferring output files
...
040 (16548864.012.000) 02/05 22:12:54 Finished transferring output files
...
005 (16548864.012.000) 02/05 22:12:55 Job terminated.
	(1) Normal termination (return value 0)
		Usr 0 00:00:05, Sys 0 00:00:01  -  Run Remote Usage
		Usr 0 00:00:00, Sys 0 00:00:00  -  Run Local Usage
		Usr 0 00:00:05, Sys 0 00:00:01  -  Total Remote Usage
		Usr 0 00:00:00, Sys 0 00:00:00  -  Total Local Usage
	23744  -  Run Bytes Sent By Job
	10424  -  Run Bytes Received By Job
	23744  -  Total Bytes Sent By Job
	10424  -  Total Bytes Received By Job
	Partitionable Resources :    Usage  Request Allocated 
	   Cpus                 :        0        1         1 
	   Disk (KB)            :       59       12      3789 
	   GPUs                 :                           0 
	   Memory (MB)          :      220     3000      3000 

	Job terminated of its own accord at 2025-02-05T21:12:54Z with exit-code 0.
...
