Submit jobs at 
PWD: /afs/cern.ch/user/v/vpant/pprefanalysis

Processing Track_Analyzer.C("input/ppref2024/20250205/pprefzerobiasplusforward3_set1_3.txt","/eos/user/v/vpant/ppref2024/ppref2024outputfiles/pprefzerobiasplusforward3_set1_3.root",0,0)...
List of input files founded! --> input/ppref2024/20250205/pprefzerobiasplusforward3_set1_3.txt
list operator is /eos/cms/store/group/phys_heavyions/vpant/ppref2024output/PPRefZeroBiasPlusForward3/crab_ppref2024/250203_013520/0000/HiForestMiniAOD_19.root
Adding file /eos/cms/store/group/phys_heavyions/vpant/ppref2024output/PPRefZeroBiasPlusForward3/crab_ppref2024/250203_013520/0000/HiForestMiniAOD_19.root to the chains
list operator is /eos/cms/store/group/phys_heavyions/vpant/ppref2024output/PPRefZeroBiasPlusForward3/crab_ppref2024/250203_013520/0000/HiForestMiniAOD_190.root
Adding file /eos/cms/store/group/phys_heavyions/vpant/ppref2024output/PPRefZeroBiasPlusForward3/crab_ppref2024/250203_013520/0000/HiForestMiniAOD_190.root to the chains
list operator is /eos/cms/store/group/phys_heavyions/vpant/ppref2024output/PPRefZeroBiasPlusForward3/crab_ppref2024/250203_013520/0000/HiForestMiniAOD_191.root
Adding file /eos/cms/store/group/phys_heavyions/vpant/ppref2024output/PPRefZeroBiasPlusForward3/crab_ppref2024/250203_013520/0000/HiForestMiniAOD_191.root to the chains
list operator is /eos/cms/store/group/phys_heavyions/vpant/ppref2024output/PPRefZeroBiasPlusForward3/crab_ppref2024/250203_013520/0000/HiForestMiniAOD_192.root
Adding file /eos/cms/store/group/phys_heavyions/vpant/ppref2024output/PPRefZeroBiasPlusForward3/crab_ppref2024/250203_013520/0000/HiForestMiniAOD_192.root to the chains
list operator is /eos/cms/store/group/phys_heavyions/vpant/ppref2024output/PPRefZeroBiasPlusForward3/crab_ppref2024/250203_013520/0000/HiForestMiniAOD_193.root
Adding file /eos/cms/store/group/phys_heavyions/vpant/ppref2024output/PPRefZeroBiasPlusForward3/crab_ppref2024/250203_013520/0000/HiForestMiniAOD_193.root to the chains
list operator is /eos/cms/store/group/phys_heavyions/vpant/ppref2024output/PPRefZeroBiasPlusForward3/crab_ppref2024/250203_013520/0000/HiForestMiniAOD_194.root
Adding file /eos/cms/store/group/phys_heavyions/vpant/ppref2024output/PPRefZeroBiasPlusForward3/crab_ppref2024/250203_013520/0000/HiForestMiniAOD_194.root to the chains
list operator is /eos/cms/store/group/phys_heavyions/vpant/ppref2024output/PPRefZeroBiasPlusForward3/crab_ppref2024/250203_013520/0000/HiForestMiniAOD_195.root
Adding file /eos/cms/store/group/phys_heavyions/vpant/ppref2024output/PPRefZeroBiasPlusForward3/crab_ppref2024/250203_013520/0000/HiForestMiniAOD_195.root to the chains
list operator is /eos/cms/store/group/phys_heavyions/vpant/ppref2024output/PPRefZeroBiasPlusForward3/crab_ppref2024/250203_013520/0000/HiForestMiniAOD_196.root
Adding file /eos/cms/store/group/phys_heavyions/vpant/ppref2024output/PPRefZeroBiasPlusForward3/crab_ppref2024/250203_013520/0000/HiForestMiniAOD_196.root to the chains
list operator is /eos/cms/store/group/phys_heavyions/vpant/ppref2024output/PPRefZeroBiasPlusForward3/crab_ppref2024/250203_013520/0000/HiForestMiniAOD_197.root
Adding file /eos/cms/store/group/phys_heavyions/vpant/ppref2024output/PPRefZeroBiasPlusForward3/crab_ppref2024/250203_013520/0000/HiForestMiniAOD_197.root to the chains
list operator is /eos/cms/store/group/phys_heavyions/vpant/ppref2024output/PPRefZeroBiasPlusForward3/crab_ppref2024/250203_013520/0000/HiForestMiniAOD_198.root
Adding file /eos/cms/store/group/phys_heavyions/vpant/ppref2024output/PPRefZeroBiasPlusForward3/crab_ppref2024/250203_013520/0000/HiForestMiniAOD_198.root to the chains
list operator is /eos/cms/store/group/phys_heavyions/vpant/ppref2024output/PPRefZeroBiasPlusForward3/crab_ppref2024/250203_013520/0000/HiForestMiniAOD_199.root
Adding file /eos/cms/store/group/phys_heavyions/vpant/ppref2024output/PPRefZeroBiasPlusForward3/crab_ppref2024/250203_013520/0000/HiForestMiniAOD_199.root to the chains
list operator is /eos/cms/store/group/phys_heavyions/vpant/ppref2024output/PPRefZeroBiasPlusForward3/crab_ppref2024/250203_013520/0000/HiForestMiniAOD_2.root
Adding file /eos/cms/store/group/phys_heavyions/vpant/ppref2024output/PPRefZeroBiasPlusForward3/crab_ppref2024/250203_013520/0000/HiForestMiniAOD_2.root to the chains
list operator is /eos/cms/store/group/phys_heavyions/vpant/ppref2024output/PPRefZeroBiasPlusForward3/crab_ppref2024/250203_013520/0000/HiForestMiniAOD_20.root
Adding file /eos/cms/store/group/phys_heavyions/vpant/ppref2024output/PPRefZeroBiasPlusForward3/crab_ppref2024/250203_013520/0000/HiForestMiniAOD_20.root to the chains
list operator is /eos/cms/store/group/phys_heavyions/vpant/ppref2024output/PPRefZeroBiasPlusForward3/crab_ppref2024/250203_013520/0000/HiForestMiniAOD_200.root
Adding file /eos/cms/store/group/phys_heavyions/vpant/ppref2024output/PPRefZeroBiasPlusForward3/crab_ppref2024/250203_013520/0000/HiForestMiniAOD_200.root to the chains
list operator is /eos/cms/store/group/phys_heavyions/vpant/ppref2024output/PPRefZeroBiasPlusForward3/crab_ppref2024/250203_013520/0000/HiForestMiniAOD_201.root
Adding file /eos/cms/store/group/phys_heavyions/vpant/ppref2024output/PPRefZeroBiasPlusForward3/crab_ppref2024/250203_013520/0000/HiForestMiniAOD_201.root to the chains
list operator is /eos/cms/store/group/phys_heavyions/vpant/ppref2024output/PPRefZeroBiasPlusForward3/crab_ppref2024/250203_013520/0000/HiForestMiniAOD_202.root
Adding file /eos/cms/store/group/phys_heavyions/vpant/ppref2024output/PPRefZeroBiasPlusForward3/crab_ppref2024/250203_013520/0000/HiForestMiniAOD_202.root to the chains
list operator is /eos/cms/store/group/phys_heavyions/vpant/ppref2024output/PPRefZeroBiasPlusForward3/crab_ppref2024/250203_013520/0000/HiForestMiniAOD_203.root
Adding file /eos/cms/store/group/phys_heavyions/vpant/ppref2024output/PPRefZeroBiasPlusForward3/crab_ppref2024/250203_013520/0000/HiForestMiniAOD_203.root to the chains
list operator is /eos/cms/store/group/phys_heavyions/vpant/ppref2024output/PPRefZeroBiasPlusForward3/crab_ppref2024/250203_013520/0000/HiForestMiniAOD_204.root
Adding file /eos/cms/store/group/phys_heavyions/vpant/ppref2024output/PPRefZeroBiasPlusForward3/crab_ppref2024/250203_013520/0000/HiForestMiniAOD_204.root to the chains
list operator is /eos/cms/store/group/phys_heavyions/vpant/ppref2024output/PPRefZeroBiasPlusForward3/crab_ppref2024/250203_013520/0000/HiForestMiniAOD_205.root
Adding file /eos/cms/store/group/phys_heavyions/vpant/ppref2024output/PPRefZeroBiasPlusForward3/crab_ppref2024/250203_013520/0000/HiForestMiniAOD_205.root to the chains
list operator is /eos/cms/store/group/phys_heavyions/vpant/ppref2024output/PPRefZeroBiasPlusForward3/crab_ppref2024/250203_013520/0000/HiForestMiniAOD_206.root
Adding file /eos/cms/store/group/phys_heavyions/vpant/ppref2024output/PPRefZeroBiasPlusForward3/crab_ppref2024/250203_013520/0000/HiForestMiniAOD_206.root to the chains
list operator is /eos/cms/store/group/phys_heavyions/vpant/ppref2024output/PPRefZeroBiasPlusForward3/crab_ppref2024/250203_013520/0000/HiForestMiniAOD_207.root
Adding file /eos/cms/store/group/phys_heavyions/vpant/ppref2024output/PPRefZeroBiasPlusForward3/crab_ppref2024/250203_013520/0000/HiForestMiniAOD_207.root to the chains
list operator is /eos/cms/store/group/phys_heavyions/vpant/ppref2024output/PPRefZeroBiasPlusForward3/crab_ppref2024/250203_013520/0000/HiForestMiniAOD_208.root
Adding file /eos/cms/store/group/phys_heavyions/vpant/ppref2024output/PPRefZeroBiasPlusForward3/crab_ppref2024/250203_013520/0000/HiForestMiniAOD_208.root to the chains
list operator is /eos/cms/store/group/phys_heavyions/vpant/ppref2024output/PPRefZeroBiasPlusForward3/crab_ppref2024/250203_013520/0000/HiForestMiniAOD_209.root
Adding file /eos/cms/store/group/phys_heavyions/vpant/ppref2024output/PPRefZeroBiasPlusForward3/crab_ppref2024/250203_013520/0000/HiForestMiniAOD_209.root to the chains
list operator is /eos/cms/store/group/phys_heavyions/vpant/ppref2024output/PPRefZeroBiasPlusForward3/crab_ppref2024/250203_013520/0000/HiForestMiniAOD_21.root
Adding file /eos/cms/store/group/phys_heavyions/vpant/ppref2024output/PPRefZeroBiasPlusForward3/crab_ppref2024/250203_013520/0000/HiForestMiniAOD_21.root to the chains
list operator is /eos/cms/store/group/phys_heavyions/vpant/ppref2024output/PPRefZeroBiasPlusForward3/crab_ppref2024/250203_013520/0000/HiForestMiniAOD_210.root
Adding file /eos/cms/store/group/phys_heavyions/vpant/ppref2024output/PPRefZeroBiasPlusForward3/crab_ppref2024/250203_013520/0000/HiForestMiniAOD_210.root to the chains
list operator is /eos/cms/store/group/phys_heavyions/vpant/ppref2024output/PPRefZeroBiasPlusForward3/crab_ppref2024/250203_013520/0000/HiForestMiniAOD_211.root
Adding file /eos/cms/store/group/phys_heavyions/vpant/ppref2024output/PPRefZeroBiasPlusForward3/crab_ppref2024/250203_013520/0000/HiForestMiniAOD_211.root to the chains
list operator is /eos/cms/store/group/phys_heavyions/vpant/ppref2024output/PPRefZeroBiasPlusForward3/crab_ppref2024/250203_013520/0000/HiForestMiniAOD_212.root
Adding file /eos/cms/store/group/phys_heavyions/vpant/ppref2024output/PPRefZeroBiasPlusForward3/crab_ppref2024/250203_013520/0000/HiForestMiniAOD_212.root to the chains
list operator is /eos/cms/store/group/phys_heavyions/vpant/ppref2024output/PPRefZeroBiasPlusForward3/crab_ppref2024/250203_013520/0000/HiForestMiniAOD_213.root
Adding file /eos/cms/store/group/phys_heavyions/vpant/ppref2024output/PPRefZeroBiasPlusForward3/crab_ppref2024/250203_013520/0000/HiForestMiniAOD_213.root to the chains
list operator is /eos/cms/store/group/phys_heavyions/vpant/ppref2024output/PPRefZeroBiasPlusForward3/crab_ppref2024/250203_013520/0000/HiForestMiniAOD_214.root
Adding file /eos/cms/store/group/phys_heavyions/vpant/ppref2024output/PPRefZeroBiasPlusForward3/crab_ppref2024/250203_013520/0000/HiForestMiniAOD_214.root to the chains
list operator is /eos/cms/store/group/phys_heavyions/vpant/ppref2024output/PPRefZeroBiasPlusForward3/crab_ppref2024/250203_013520/0000/HiForestMiniAOD_215.root
Adding file /eos/cms/store/group/phys_heavyions/vpant/ppref2024output/PPRefZeroBiasPlusForward3/crab_ppref2024/250203_013520/0000/HiForestMiniAOD_215.root to the chains
list operator is /eos/cms/store/group/phys_heavyions/vpant/ppref2024output/PPRefZeroBiasPlusForward3/crab_ppref2024/250203_013520/0000/HiForestMiniAOD_216.root
Adding file /eos/cms/store/group/phys_heavyions/vpant/ppref2024output/PPRefZeroBiasPlusForward3/crab_ppref2024/250203_013520/0000/HiForestMiniAOD_216.root to the chains
list operator is /eos/cms/store/group/phys_heavyions/vpant/ppref2024output/PPRefZeroBiasPlusForward3/crab_ppref2024/250203_013520/0000/HiForestMiniAOD_217.root
Adding file /eos/cms/store/group/phys_heavyions/vpant/ppref2024output/PPRefZeroBiasPlusForward3/crab_ppref2024/250203_013520/0000/HiForestMiniAOD_217.root to the chains
list operator is /eos/cms/store/group/phys_heavyions/vpant/ppref2024output/PPRefZeroBiasPlusForward3/crab_ppref2024/250203_013520/0000/HiForestMiniAOD_218.root
Adding file /eos/cms/store/group/phys_heavyions/vpant/ppref2024output/PPRefZeroBiasPlusForward3/crab_ppref2024/250203_013520/0000/HiForestMiniAOD_218.root to the chains
list operator is /eos/cms/store/group/phys_heavyions/vpant/ppref2024output/PPRefZeroBiasPlusForward3/crab_ppref2024/250203_013520/0000/HiForestMiniAOD_219.root
Adding file /eos/cms/store/group/phys_heavyions/vpant/ppref2024output/PPRefZeroBiasPlusForward3/crab_ppref2024/250203_013520/0000/HiForestMiniAOD_219.root to the chains
list operator is /eos/cms/store/group/phys_heavyions/vpant/ppref2024output/PPRefZeroBiasPlusForward3/crab_ppref2024/250203_013520/0000/HiForestMiniAOD_22.root
Adding file /eos/cms/store/group/phys_heavyions/vpant/ppref2024output/PPRefZeroBiasPlusForward3/crab_ppref2024/250203_013520/0000/HiForestMiniAOD_22.root to the chains
list operator is /eos/cms/store/group/phys_heavyions/vpant/ppref2024output/PPRefZeroBiasPlusForward3/crab_ppref2024/250203_013520/0000/HiForestMiniAOD_220.root
Adding file /eos/cms/store/group/phys_heavyions/vpant/ppref2024output/PPRefZeroBiasPlusForward3/crab_ppref2024/250203_013520/0000/HiForestMiniAOD_220.root to the chains
list operator is /eos/cms/store/group/phys_heavyions/vpant/ppref2024output/PPRefZeroBiasPlusForward3/crab_ppref2024/250203_013520/0000/HiForestMiniAOD_221.root
Adding file /eos/cms/store/group/phys_heavyions/vpant/ppref2024output/PPRefZeroBiasPlusForward3/crab_ppref2024/250203_013520/0000/HiForestMiniAOD_221.root to the chains
list operator is /eos/cms/store/group/phys_heavyions/vpant/ppref2024output/PPRefZeroBiasPlusForward3/crab_ppref2024/250203_013520/0000/HiForestMiniAOD_222.root
Adding file /eos/cms/store/group/phys_heavyions/vpant/ppref2024output/PPRefZeroBiasPlusForward3/crab_ppref2024/250203_013520/0000/HiForestMiniAOD_222.root to the chains
list operator is /eos/cms/store/group/phys_heavyions/vpant/ppref2024output/PPRefZeroBiasPlusForward3/crab_ppref2024/250203_013520/0000/HiForestMiniAOD_223.root
Adding file /eos/cms/store/group/phys_heavyions/vpant/ppref2024output/PPRefZeroBiasPlusForward3/crab_ppref2024/250203_013520/0000/HiForestMiniAOD_223.root to the chains
list operator is /eos/cms/store/group/phys_heavyions/vpant/ppref2024output/PPRefZeroBiasPlusForward3/crab_ppref2024/250203_013520/0000/HiForestMiniAOD_224.root
Adding file /eos/cms/store/group/phys_heavyions/vpant/ppref2024output/PPRefZeroBiasPlusForward3/crab_ppref2024/250203_013520/0000/HiForestMiniAOD_224.root to the chains
list operator is /eos/cms/store/group/phys_heavyions/vpant/ppref2024output/PPRefZeroBiasPlusForward3/crab_ppref2024/250203_013520/0000/HiForestMiniAOD_225.root
Adding file /eos/cms/store/group/phys_heavyions/vpant/ppref2024output/PPRefZeroBiasPlusForward3/crab_ppref2024/250203_013520/0000/HiForestMiniAOD_225.root to the chains
list operator is /eos/cms/store/group/phys_heavyions/vpant/ppref2024output/PPRefZeroBiasPlusForward3/crab_ppref2024/250203_013520/0000/HiForestMiniAOD_226.root
Adding file /eos/cms/store/group/phys_heavyions/vpant/ppref2024output/PPRefZeroBiasPlusForward3/crab_ppref2024/250203_013520/0000/HiForestMiniAOD_226.root to the chains
list operator is /eos/cms/store/group/phys_heavyions/vpant/ppref2024output/PPRefZeroBiasPlusForward3/crab_ppref2024/250203_013520/0000/HiForestMiniAOD_227.root
Adding file /eos/cms/store/group/phys_heavyions/vpant/ppref2024output/PPRefZeroBiasPlusForward3/crab_ppref2024/250203_013520/0000/HiForestMiniAOD_227.root to the chains
list operator is /eos/cms/store/group/phys_heavyions/vpant/ppref2024output/PPRefZeroBiasPlusForward3/crab_ppref2024/250203_013520/0000/HiForestMiniAOD_228.root
Adding file /eos/cms/store/group/phys_heavyions/vpant/ppref2024output/PPRefZeroBiasPlusForward3/crab_ppref2024/250203_013520/0000/HiForestMiniAOD_228.root to the chains
list operator is /eos/cms/store/group/phys_heavyions/vpant/ppref2024output/PPRefZeroBiasPlusForward3/crab_ppref2024/250203_013520/0000/HiForestMiniAOD_229.root
Adding file /eos/cms/store/group/phys_heavyions/vpant/ppref2024output/PPRefZeroBiasPlusForward3/crab_ppref2024/250203_013520/0000/HiForestMiniAOD_229.root to the chains
list operator is /eos/cms/store/group/phys_heavyions/vpant/ppref2024output/PPRefZeroBiasPlusForward3/crab_ppref2024/250203_013520/0000/HiForestMiniAOD_23.root
Adding file /eos/cms/store/group/phys_heavyions/vpant/ppref2024output/PPRefZeroBiasPlusForward3/crab_ppref2024/250203_013520/0000/HiForestMiniAOD_23.root to the chains
list operator is /eos/cms/store/group/phys_heavyions/vpant/ppref2024output/PPRefZeroBiasPlusForward3/crab_ppref2024/250203_013520/0000/HiForestMiniAOD_230.root
Adding file /eos/cms/store/group/phys_heavyions/vpant/ppref2024output/PPRefZeroBiasPlusForward3/crab_ppref2024/250203_013520/0000/HiForestMiniAOD_230.root to the chains
list operator is /eos/cms/store/group/phys_heavyions/vpant/ppref2024output/PPRefZeroBiasPlusForward3/crab_ppref2024/250203_013520/0000/HiForestMiniAOD_231.root
Adding file /eos/cms/store/group/phys_heavyions/vpant/ppref2024output/PPRefZeroBiasPlusForward3/crab_ppref2024/250203_013520/0000/HiForestMiniAOD_231.root to the chains
list operator is /eos/cms/store/group/phys_heavyions/vpant/ppref2024output/PPRefZeroBiasPlusForward3/crab_ppref2024/250203_013520/0000/HiForestMiniAOD_232.root
Adding file /eos/cms/store/group/phys_heavyions/vpant/ppref2024output/PPRefZeroBiasPlusForward3/crab_ppref2024/250203_013520/0000/HiForestMiniAOD_232.root to the chains
list operator is /eos/cms/store/group/phys_heavyions/vpant/ppref2024output/PPRefZeroBiasPlusForward3/crab_ppref2024/250203_013520/0000/HiForestMiniAOD_233.root
Adding file /eos/cms/store/group/phys_heavyions/vpant/ppref2024output/PPRefZeroBiasPlusForward3/crab_ppref2024/250203_013520/0000/HiForestMiniAOD_233.root to the chains
Total number of events in those files: 2727

-------------------------------------------------
0 events passed 
finished