000 (16548864.000.000) 02/05 22:11:50 Job submitted from host: <188.185.72.155:9618?addrs=188.185.72.155-9618+[2001-1458-d00-8--100-95]-9618&alias=bigbird08.cern.ch&noUDP&sock=schedd_862983_22fa>
...
040 (16548864.000.000) 02/05 22:12:25 Started transferring input files
	Transferring to host: <188.185.196.146:9618?addrs=188.185.196.146-9618+[2001-1458-303-23--100-8e]-9618&alias=b9p16p3934.cern.ch&noUDP&sock=slot1_2_857404_6eab_3311>
...
040 (16548864.000.000) 02/05 22:12:25 Finished transferring input files
...
001 (16548864.000.000) 02/05 22:12:28 Job executing on host: <188.185.196.146:9618?addrs=188.185.196.146-9618+[2001-1458-303-23--100-8e]-9618&alias=b9p16p3934.cern.ch&noUDP&sock=startd_4723_29e3>
	SlotName: slot1_2@b9p16p3934.cern.ch
	CondorScratchDir = "/pool/condor/dir_602477"
	Cpus = 1
	Disk = 3636
	GPUs = 0
	Memory = 3000
...
006 (16548864.000.000) 02/05 22:12:36 Image size of job updated: 79704
	78  -  MemoryUsage of job (MB)
	79704  -  ResidentSetSize of job (KB)
...
040 (16548864.000.000) 02/05 22:13:07 Started transferring output files
...
040 (16548864.000.000) 02/05 22:13:07 Finished transferring output files
...
005 (16548864.000.000) 02/05 22:13:07 Job terminated.
	(1) Normal termination (return value 0)
		Usr 0 00:00:08, Sys 0 00:00:01  -  Run Remote Usage
		Usr 0 00:00:00, Sys 0 00:00:00  -  Run Local Usage
		Usr 0 00:00:08, Sys 0 00:00:01  -  Total Remote Usage
		Usr 0 00:00:00, Sys 0 00:00:00  -  Total Local Usage
	23737  -  Run Bytes Sent By Job
	10424  -  Run Bytes Received By Job
	23737  -  Total Bytes Sent By Job
	10424  -  Total Bytes Received By Job
	Partitionable Resources :    Usage  Request Allocated 
	   Cpus                 :        0        1         1 
	   Disk (KB)            :       58       12      3636 
	   GPUs                 :                           0 
	   Memory (MB)          :       78     3000      3000 

	Job terminated of its own accord at 2025-02-05T21:13:07Z with exit-code 0.
...
