000 (16548868.008.000) 02/05 22:12:19 Job submitted from host: <188.185.72.155:9618?addrs=188.185.72.155-9618+[2001-1458-d00-8--100-95]-9618&alias=bigbird08.cern.ch&noUDP&sock=schedd_862983_22fa>
...
040 (16548868.008.000) 02/05 22:12:55 Started transferring input files
	Transferring to host: <128.142.132.146:9618?addrs=128.142.132.146-9618+[2001-1458-301-5a--100-86]-9618&alias=b9g12p4617.cern.ch&noUDP&sock=slot1_25_2059576_5c21_65251>
...
040 (16548868.008.000) 02/05 22:12:55 Finished transferring input files
...
001 (16548868.008.000) 02/05 22:12:56 Job executing on host: <128.142.132.146:9618?addrs=128.142.132.146-9618+[2001-1458-301-5a--100-86]-9618&alias=b9g12p4617.cern.ch&noUDP&sock=startd_2443_45f5>
	SlotName: slot1_25@b9g12p4617.cern.ch
	CondorScratchDir = "/pool/condor/dir_2714798"
	Cpus = 1
	Disk = 2662
	GPUs = 0
	Memory = 3000
...
006 (16548868.008.000) 02/05 22:13:05 Image size of job updated: 53888
	53  -  MemoryUsage of job (MB)
	53888  -  ResidentSetSize of job (KB)
...
040 (16548868.008.000) 02/05 22:13:55 Started transferring output files
...
040 (16548868.008.000) 02/05 22:13:55 Finished transferring output files
...
005 (16548868.008.000) 02/05 22:13:55 Job terminated.
	(1) Normal termination (return value 0)
		Usr 0 00:00:28, Sys 0 00:00:01  -  Run Remote Usage
		Usr 0 00:00:00, Sys 0 00:00:00  -  Run Local Usage
		Usr 0 00:00:28, Sys 0 00:00:01  -  Total Remote Usage
		Usr 0 00:00:00, Sys 0 00:00:00  -  Total Local Usage
	23737  -  Run Bytes Sent By Job
	10424  -  Run Bytes Received By Job
	23737  -  Total Bytes Sent By Job
	10424  -  Total Bytes Received By Job
	Partitionable Resources :    Usage  Request Allocated 
	   Cpus                 :        0        1         1 
	   Disk (KB)            :       58       12      2662 
	   GPUs                 :                           0 
	   Memory (MB)          :       53     3000      3000 

	Job terminated of its own accord at 2025-02-05T21:13:55Z with exit-code 0.
...
