000 (16579324.014.000) 02/09 19:06:07 Job submitted from host: <188.185.72.155:9618?addrs=188.185.72.155-9618+[2001-1458-d00-8--100-95]-9618&alias=bigbird08.cern.ch&noUDP&sock=schedd_862983_22fa>
...
040 (16579324.014.000) 02/09 19:07:41 Started transferring input files
	Transferring to host: <188.185.194.187:9618?addrs=188.185.194.187-9618+[2001-1458-303-21--100-b7]-9618&alias=b9p20p1860.cern.ch&noUDP&sock=slot1_22_2901740_1567_69813>
...
040 (16579324.014.000) 02/09 19:07:41 Finished transferring input files
...
001 (16579324.014.000) 02/09 19:07:42 Job executing on host: <188.185.194.187:9618?addrs=188.185.194.187-9618+[2001-1458-303-21--100-b7]-9618&alias=b9p20p1860.cern.ch&noUDP&sock=startd_3865_a5a1>
	SlotName: slot1_22@b9p20p1860.cern.ch
	CondorScratchDir = "/pool/condor/dir_1636316"
	Cpus = 1
	Disk = 3918
	GPUs = 0
	Memory = 3000
...
006 (16579324.014.000) 02/09 19:07:51 Image size of job updated: 62580
	62  -  MemoryUsage of job (MB)
	62580  -  ResidentSetSize of job (KB)
...
040 (16579324.014.000) 02/09 19:08:10 Started transferring output files
...
040 (16579324.014.000) 02/09 19:08:10 Finished transferring output files
...
005 (16579324.014.000) 02/09 19:08:10 Job terminated.
	(1) Normal termination (return value 0)
		Usr 0 00:00:07, Sys 0 00:00:00  -  Run Remote Usage
		Usr 0 00:00:00, Sys 0 00:00:00  -  Run Local Usage
		Usr 0 00:00:07, Sys 0 00:00:00  -  Total Remote Usage
		Usr 0 00:00:00, Sys 0 00:00:00  -  Total Local Usage
	23854  -  Run Bytes Sent By Job
	10424  -  Run Bytes Received By Job
	23854  -  Total Bytes Sent By Job
	10424  -  Total Bytes Received By Job
	Partitionable Resources :    Usage  Request Allocated 
	   Cpus                 :        0        1         1 
	   Disk (KB)            :       59       12      3918 
	   GPUs                 :                           0 
	   Memory (MB)          :       62     3000      3000 

	Job terminated of its own accord at 2025-02-09T18:08:10Z with exit-code 0.
...
000 (16579329.014.000) 02/09 19:13:50 Job submitted from host: <188.185.72.155:9618?addrs=188.185.72.155-9618+[2001-1458-d00-8--100-95]-9618&alias=bigbird08.cern.ch&noUDP&sock=schedd_862983_22fa>
...
040 (16579329.014.000) 02/09 19:14:51 Started transferring input files
	Transferring to host: <128.142.132.96:9618?addrs=128.142.132.96-9618+[2001-1458-301-5a--100-54]-9618&alias=b9g12p1108.cern.ch&noUDP&sock=slot1_16_2780_82ea_67728>
...
040 (16579329.014.000) 02/09 19:14:51 Finished transferring input files
...
001 (16579329.014.000) 02/09 19:14:52 Job executing on host: <128.142.132.96:9618?addrs=128.142.132.96-9618+[2001-1458-301-5a--100-54]-9618&alias=b9g12p1108.cern.ch&noUDP&sock=startd_2402_2693>
	SlotName: slot1_16@b9g12p1108.cern.ch
	CondorScratchDir = "/pool/condor/dir_2497323"
	Cpus = 1
	Disk = 2601
	GPUs = 0
	Memory = 3000
...
006 (16579329.014.000) 02/09 19:15:01 Image size of job updated: 346884
	339  -  MemoryUsage of job (MB)
	346884  -  ResidentSetSize of job (KB)
...
040 (16579329.014.000) 02/09 19:15:26 Started transferring output files
...
040 (16579329.014.000) 02/09 19:15:26 Finished transferring output files
...
005 (16579329.014.000) 02/09 19:15:27 Job terminated.
	(1) Normal termination (return value 0)
		Usr 0 00:00:09, Sys 0 00:00:01  -  Run Remote Usage
		Usr 0 00:00:00, Sys 0 00:00:00  -  Run Local Usage
		Usr 0 00:00:09, Sys 0 00:00:01  -  Total Remote Usage
		Usr 0 00:00:00, Sys 0 00:00:00  -  Total Local Usage
	23854  -  Run Bytes Sent By Job
	10424  -  Run Bytes Received By Job
	23854  -  Total Bytes Sent By Job
	10424  -  Total Bytes Received By Job
	Partitionable Resources :    Usage  Request Allocated 
	   Cpus                 :        0        1         1 
	   Disk (KB)            :       59       12      2601 
	   GPUs                 :                           0 
	   Memory (MB)          :      339     3000      3000 

	Job terminated of its own accord at 2025-02-09T18:15:26Z with exit-code 0.
...
