000 (16579322.019.000) 02/09 19:05:38 Job submitted from host: <188.185.72.155:9618?addrs=188.185.72.155-9618+[2001-1458-d00-8--100-95]-9618&alias=bigbird08.cern.ch&noUDP&sock=schedd_862983_22fa>
...
040 (16579322.019.000) 02/09 19:07:30 Started transferring input files
	Transferring to host: <188.185.213.167:9618?addrs=188.185.213.167-9618+[2001-1458-303-1b--100-23]-9618&alias=b9p28p1049.cern.ch&noUDP&sock=slot1_48_221138_79da_114399>
...
040 (16579322.019.000) 02/09 19:07:30 Finished transferring input files
...
001 (16579322.019.000) 02/09 19:07:31 Job executing on host: <188.185.213.167:9618?addrs=188.185.213.167-9618+[2001-1458-303-1b--100-23]-9618&alias=b9p28p1049.cern.ch&noUDP&sock=startd_221080_11e0>
	SlotName: slot1_48@b9p28p1049.cern.ch
	CondorScratchDir = "/pool/condor/dir_1748911"
	Cpus = 1
	Disk = 3890
	GPUs = 0
	Memory = 3000
...
006 (16579322.019.000) 02/09 19:07:40 Image size of job updated: 72320
	71  -  MemoryUsage of job (MB)
	72320  -  ResidentSetSize of job (KB)
...
040 (16579322.019.000) 02/09 19:07:51 Started transferring output files
...
040 (16579322.019.000) 02/09 19:07:51 Finished transferring output files
...
005 (16579322.019.000) 02/09 19:07:51 Job terminated.
	(1) Normal termination (return value 0)
		Usr 0 00:00:04, Sys 0 00:00:00  -  Run Remote Usage
		Usr 0 00:00:00, Sys 0 00:00:00  -  Run Local Usage
		Usr 0 00:00:04, Sys 0 00:00:00  -  Total Remote Usage
		Usr 0 00:00:00, Sys 0 00:00:00  -  Total Local Usage
	23417  -  Run Bytes Sent By Job
	10424  -  Run Bytes Received By Job
	23417  -  Total Bytes Sent By Job
	10424  -  Total Bytes Received By Job
	Partitionable Resources :    Usage  Request Allocated 
	   Cpus                 :        0        1         1 
	   Disk (KB)            :       58       12      3890 
	   GPUs                 :                           0 
	   Memory (MB)          :       71     3000      3000 

	Job terminated of its own accord at 2025-02-09T18:07:51Z with exit-code 0.
...
000 (16579327.019.000) 02/09 19:13:41 Job submitted from host: <188.185.72.155:9618?addrs=188.185.72.155-9618+[2001-1458-d00-8--100-95]-9618&alias=bigbird08.cern.ch&noUDP&sock=schedd_862983_22fa>
...
040 (16579327.019.000) 02/09 19:14:55 Started transferring input files
	Transferring to host: <188.185.194.33:9618?addrs=188.185.194.33-9618+[2001-1458-303-21--100-1d]-9618&alias=b9p20p5315.cern.ch&noUDP&sock=slot1_22_8212_d8c7_108780>
...
040 (16579327.019.000) 02/09 19:14:55 Finished transferring input files
...
001 (16579327.019.000) 02/09 19:14:56 Job executing on host: <188.185.194.33:9618?addrs=188.185.194.33-9618+[2001-1458-303-21--100-1d]-9618&alias=b9p20p5315.cern.ch&noUDP&sock=startd_6864_b628>
	SlotName: slot1_22@b9p20p5315.cern.ch
	CondorScratchDir = "/pool/condor/dir_2267"
	Cpus = 1
	Disk = 3845
	GPUs = 0
	Memory = 3000
...
006 (16579327.019.000) 02/09 19:15:05 Image size of job updated: 65820
	65  -  MemoryUsage of job (MB)
	65820  -  ResidentSetSize of job (KB)
...
040 (16579327.019.000) 02/09 19:15:24 Started transferring output files
...
040 (16579327.019.000) 02/09 19:15:24 Finished transferring output files
...
005 (16579327.019.000) 02/09 19:15:24 Job terminated.
	(1) Normal termination (return value 0)
		Usr 0 00:00:04, Sys 0 00:00:00  -  Run Remote Usage
		Usr 0 00:00:00, Sys 0 00:00:00  -  Run Local Usage
		Usr 0 00:00:04, Sys 0 00:00:00  -  Total Remote Usage
		Usr 0 00:00:00, Sys 0 00:00:00  -  Total Local Usage
	23417  -  Run Bytes Sent By Job
	10424  -  Run Bytes Received By Job
	23417  -  Total Bytes Sent By Job
	10424  -  Total Bytes Received By Job
	Partitionable Resources :    Usage  Request Allocated 
	   Cpus                 :        0        1         1 
	   Disk (KB)            :       58       12      3845 
	   GPUs                 :                           0 
	   Memory (MB)          :       65     3000      3000 

	Job terminated of its own accord at 2025-02-09T18:15:24Z with exit-code 0.
...
