000 (16579324.000.000) 02/09 19:06:07 Job submitted from host: <188.185.72.155:9618?addrs=188.185.72.155-9618+[2001-1458-d00-8--100-95]-9618&alias=bigbird08.cern.ch&noUDP&sock=schedd_862983_22fa>
...
040 (16579324.000.000) 02/09 19:07:36 Started transferring input files
	Transferring to host: <188.185.193.119:9618?addrs=188.185.193.119-9618+[2001-1458-303-20--100-73]-9618&alias=b9p19p8272.cern.ch&noUDP&sock=slot1_31_1973763_56a0_28290>
...
040 (16579324.000.000) 02/09 19:07:36 Finished transferring input files
...
001 (16579324.000.000) 02/09 19:07:37 Job executing on host: <188.185.193.119:9618?addrs=188.185.193.119-9618+[2001-1458-303-20--100-73]-9618&alias=b9p19p8272.cern.ch&noUDP&sock=startd_1552682_48af>
	SlotName: slot1_31@b9p19p8272.cern.ch
	CondorScratchDir = "/pool/condor/dir_1632309"
	Cpus = 1
	Disk = 3843
	GPUs = 0
	Memory = 3000
...
006 (16579324.000.000) 02/09 19:07:46 Image size of job updated: 1880
	2  -  MemoryUsage of job (MB)
	1880  -  ResidentSetSize of job (KB)
...
040 (16579324.000.000) 02/09 19:08:26 Started transferring output files
...
040 (16579324.000.000) 02/09 19:08:26 Finished transferring output files
...
005 (16579324.000.000) 02/09 19:08:26 Job terminated.
	(1) Normal termination (return value 0)
		Usr 0 00:00:08, Sys 0 00:00:00  -  Run Remote Usage
		Usr 0 00:00:00, Sys 0 00:00:00  -  Run Local Usage
		Usr 0 00:00:08, Sys 0 00:00:00  -  Total Remote Usage
		Usr 0 00:00:00, Sys 0 00:00:00  -  Total Local Usage
	23851  -  Run Bytes Sent By Job
	10424  -  Run Bytes Received By Job
	23851  -  Total Bytes Sent By Job
	10424  -  Total Bytes Received By Job
	Partitionable Resources :    Usage  Request Allocated 
	   Cpus                 :        0        1         1 
	   Disk (KB)            :       58       12      3843 
	   GPUs                 :                           0 
	   Memory (MB)          :        2     3000      3000 

	Job terminated of its own accord at 2025-02-09T18:08:26Z with exit-code 0.
...
000 (16579329.000.000) 02/09 19:13:50 Job submitted from host: <188.185.72.155:9618?addrs=188.185.72.155-9618+[2001-1458-d00-8--100-95]-9618&alias=bigbird08.cern.ch&noUDP&sock=schedd_862983_22fa>
...
040 (16579329.000.000) 02/09 19:20:21 Started transferring input files
	Transferring to host: <188.185.193.28:9618?addrs=188.185.193.28-9618+[2001-1458-303-20--100-18]-9618&alias=b9p19p6111.cern.ch&noUDP&sock=slot1_36_2245585_870d_8142>
...
040 (16579329.000.000) 02/09 19:20:21 Finished transferring input files
...
001 (16579329.000.000) 02/09 19:20:23 Job executing on host: <188.185.193.28:9618?addrs=188.185.193.28-9618+[2001-1458-303-20--100-18]-9618&alias=b9p19p6111.cern.ch&noUDP&sock=startd_8487_f45d>
	SlotName: slot1_36@b9p19p6111.cern.ch
	CondorScratchDir = "/pool/condor/dir_3282840"
	Cpus = 1
	Disk = 3856
	GPUs = 0
	Memory = 3000
...
006 (16579329.000.000) 02/09 19:20:31 Image size of job updated: 385224
	377  -  MemoryUsage of job (MB)
	385224  -  ResidentSetSize of job (KB)
...
040 (16579329.000.000) 02/09 19:20:45 Started transferring output files
...
040 (16579329.000.000) 02/09 19:20:45 Finished transferring output files
...
005 (16579329.000.000) 02/09 19:20:46 Job terminated.
	(1) Normal termination (return value 0)
		Usr 0 00:00:10, Sys 0 00:00:01  -  Run Remote Usage
		Usr 0 00:00:00, Sys 0 00:00:00  -  Run Local Usage
		Usr 0 00:00:10, Sys 0 00:00:01  -  Total Remote Usage
		Usr 0 00:00:00, Sys 0 00:00:00  -  Total Local Usage
	23851  -  Run Bytes Sent By Job
	10424  -  Run Bytes Received By Job
	23851  -  Total Bytes Sent By Job
	10424  -  Total Bytes Received By Job
	Partitionable Resources :    Usage  Request Allocated 
	   Cpus                 :                 1         1 
	   Disk (KB)            :       52       12      3856 
	   GPUs                 :                           0 
	   Memory (MB)          :      377     3000      3000 

	Job terminated of its own accord at 2025-02-09T18:20:45Z with exit-code 0.
...
