000 (16579324.011.000) 02/09 19:06:07 Job submitted from host: <188.185.72.155:9618?addrs=188.185.72.155-9618+[2001-1458-d00-8--100-95]-9618&alias=bigbird08.cern.ch&noUDP&sock=schedd_862983_22fa>
...
040 (16579324.011.000) 02/09 19:07:41 Started transferring input files
	Transferring to host: <188.185.193.119:9618?addrs=188.185.193.119-9618+[2001-1458-303-20--100-73]-9618&alias=b9p19p8272.cern.ch&noUDP&sock=slot1_32_1973763_56a0_28291>
...
040 (16579324.011.000) 02/09 19:07:41 Finished transferring input files
...
001 (16579324.011.000) 02/09 19:07:42 Job executing on host: <188.185.193.119:9618?addrs=188.185.193.119-9618+[2001-1458-303-20--100-73]-9618&alias=b9p19p8272.cern.ch&noUDP&sock=startd_1552682_48af>
	SlotName: slot1_32@b9p19p8272.cern.ch
	CondorScratchDir = "/pool/condor/dir_1632494"
	Cpus = 1
	Disk = 3842
	GPUs = 0
	Memory = 3000
...
006 (16579324.011.000) 02/09 19:07:50 Image size of job updated: 1880
	2  -  MemoryUsage of job (MB)
	1880  -  ResidentSetSize of job (KB)
...
040 (16579324.011.000) 02/09 19:08:30 Started transferring output files
...
040 (16579324.011.000) 02/09 19:08:30 Finished transferring output files
...
005 (16579324.011.000) 02/09 19:08:30 Job terminated.
	(1) Normal termination (return value 0)
		Usr 0 00:00:08, Sys 0 00:00:00  -  Run Remote Usage
		Usr 0 00:00:00, Sys 0 00:00:00  -  Run Local Usage
		Usr 0 00:00:08, Sys 0 00:00:00  -  Total Remote Usage
		Usr 0 00:00:00, Sys 0 00:00:00  -  Total Local Usage
	23854  -  Run Bytes Sent By Job
	10424  -  Run Bytes Received By Job
	23854  -  Total Bytes Sent By Job
	10424  -  Total Bytes Received By Job
	Partitionable Resources :    Usage  Request Allocated 
	   Cpus                 :        0        1         1 
	   Disk (KB)            :       58       12      3842 
	   GPUs                 :                           0 
	   Memory (MB)          :        2     3000      3000 

	Job terminated of its own accord at 2025-02-09T18:08:30Z with exit-code 0.
...
000 (16579329.011.000) 02/09 19:13:50 Job submitted from host: <188.185.72.155:9618?addrs=188.185.72.155-9618+[2001-1458-d00-8--100-95]-9618&alias=bigbird08.cern.ch&noUDP&sock=schedd_862983_22fa>
...
040 (16579329.011.000) 02/09 19:14:50 Started transferring input files
	Transferring to host: <188.185.196.64:9618?addrs=188.185.196.64-9618+[2001-1458-303-23--100-3c]-9618&alias=b9p16p7116.cern.ch&noUDP&sock=slot1_12_2064023_ac76_91903>
...
040 (16579329.011.000) 02/09 19:14:50 Finished transferring input files
...
001 (16579329.011.000) 02/09 19:14:52 Job executing on host: <188.185.196.64:9618?addrs=188.185.196.64-9618+[2001-1458-303-23--100-3c]-9618&alias=b9p16p7116.cern.ch&noUDP&sock=startd_5820_9d48>
	SlotName: slot1_12@b9p16p7116.cern.ch
	CondorScratchDir = "/pool/condor/dir_1189493"
	Cpus = 1
	Disk = 3819
	GPUs = 0
	Memory = 3000
...
006 (16579329.011.000) 02/09 19:15:00 Image size of job updated: 382888
	374  -  MemoryUsage of job (MB)
	382888  -  ResidentSetSize of job (KB)
...
040 (16579329.011.000) 02/09 19:15:27 Started transferring output files
...
040 (16579329.011.000) 02/09 19:15:27 Finished transferring output files
...
005 (16579329.011.000) 02/09 19:15:27 Job terminated.
	(1) Normal termination (return value 0)
		Usr 0 00:00:09, Sys 0 00:00:01  -  Run Remote Usage
		Usr 0 00:00:00, Sys 0 00:00:00  -  Run Local Usage
		Usr 0 00:00:09, Sys 0 00:00:01  -  Total Remote Usage
		Usr 0 00:00:00, Sys 0 00:00:00  -  Total Local Usage
	23854  -  Run Bytes Sent By Job
	10424  -  Run Bytes Received By Job
	23854  -  Total Bytes Sent By Job
	10424  -  Total Bytes Received By Job
	Partitionable Resources :    Usage  Request Allocated 
	   Cpus                 :        0        1         1 
	   Disk (KB)            :       59       12      3819 
	   GPUs                 :                           0 
	   Memory (MB)          :      374     3000      3000 

	Job terminated of its own accord at 2025-02-09T18:15:26Z with exit-code 0.
...
