000 (16579325.006.000) 02/09 19:06:11 Job submitted from host: <188.185.72.155:9618?addrs=188.185.72.155-9618+[2001-1458-d00-8--100-95]-9618&alias=bigbird08.cern.ch&noUDP&sock=schedd_862983_22fa>
...
040 (16579325.006.000) 02/09 19:07:45 Started transferring input files
	Transferring to host: <128.142.51.211:9618?addrs=128.142.51.211-9618+[2001-1458-301-3--100-10]-9618&alias=b9g02p0513.cern.ch&noUDP&sock=slot1_42_3111150_5f6b_6313>
...
040 (16579325.006.000) 02/09 19:07:45 Finished transferring input files
...
001 (16579325.006.000) 02/09 19:07:46 Job executing on host: <128.142.51.211:9618?addrs=128.142.51.211-9618+[2001-1458-301-3--100-10]-9618&alias=b9g02p0513.cern.ch&noUDP&sock=startd_6899_b7f8>
	SlotName: slot1_42@b9g02p0513.cern.ch
	CondorScratchDir = "/pool/condor/dir_1515594"
	Cpus = 1
	Disk = 3852
	GPUs = 0
	Memory = 3000
...
006 (16579325.006.000) 02/09 19:07:55 Image size of job updated: 1880
	2  -  MemoryUsage of job (MB)
	1880  -  ResidentSetSize of job (KB)
...
040 (16579325.006.000) 02/09 19:08:34 Started transferring output files
...
040 (16579325.006.000) 02/09 19:08:34 Finished transferring output files
...
005 (16579325.006.000) 02/09 19:08:34 Job terminated.
	(1) Normal termination (return value 0)
		Usr 0 00:00:08, Sys 0 00:00:00  -  Run Remote Usage
		Usr 0 00:00:00, Sys 0 00:00:00  -  Run Local Usage
		Usr 0 00:00:08, Sys 0 00:00:00  -  Total Remote Usage
		Usr 0 00:00:00, Sys 0 00:00:00  -  Total Local Usage
	23851  -  Run Bytes Sent By Job
	10424  -  Run Bytes Received By Job
	23851  -  Total Bytes Sent By Job
	10424  -  Total Bytes Received By Job
	Partitionable Resources :    Usage  Request Allocated 
	   Cpus                 :        0        1         1 
	   Disk (KB)            :       59       12      3852 
	   GPUs                 :                           0 
	   Memory (MB)          :        2     3000      3000 

	Job terminated of its own accord at 2025-02-09T18:08:34Z with exit-code 0.
...
000 (16579330.006.000) 02/09 19:13:54 Job submitted from host: <188.185.72.155:9618?addrs=188.185.72.155-9618+[2001-1458-d00-8--100-95]-9618&alias=bigbird08.cern.ch&noUDP&sock=schedd_862983_22fa>
...
040 (16579330.006.000) 02/09 19:14:56 Started transferring input files
	Transferring to host: <188.185.198.124:9618?addrs=188.185.198.124-9618+[2001-1458-303-25--100-78]-9618&alias=b9p15p4771.cern.ch&noUDP&sock=slot1_23_2922503_7ed4_89754>
...
040 (16579330.006.000) 02/09 19:14:56 Finished transferring input files
...
001 (16579330.006.000) 02/09 19:14:57 Job executing on host: <188.185.198.124:9618?addrs=188.185.198.124-9618+[2001-1458-303-25--100-78]-9618&alias=b9p15p4771.cern.ch&noUDP&sock=startd_9052_7f60>
	SlotName: slot1_23@b9p15p4771.cern.ch
	CondorScratchDir = "/pool/condor/dir_3723283"
	Cpus = 1
	Disk = 3824
	GPUs = 0
	Memory = 3000
...
006 (16579330.006.000) 02/09 19:15:06 Image size of job updated: 1892
	2  -  MemoryUsage of job (MB)
	1892  -  ResidentSetSize of job (KB)
...
040 (16579330.006.000) 02/09 19:15:47 Started transferring output files
...
040 (16579330.006.000) 02/09 19:15:47 Finished transferring output files
...
005 (16579330.006.000) 02/09 19:15:47 Job terminated.
	(1) Normal termination (return value 0)
		Usr 0 00:00:08, Sys 0 00:00:01  -  Run Remote Usage
		Usr 0 00:00:00, Sys 0 00:00:00  -  Run Local Usage
		Usr 0 00:00:08, Sys 0 00:00:01  -  Total Remote Usage
		Usr 0 00:00:00, Sys 0 00:00:00  -  Total Local Usage
	23851  -  Run Bytes Sent By Job
	10424  -  Run Bytes Received By Job
	23851  -  Total Bytes Sent By Job
	10424  -  Total Bytes Received By Job
	Partitionable Resources :    Usage  Request Allocated 
	   Cpus                 :     0.02        1         1 
	   Disk (KB)            :    59          12      3824 
	   GPUs                 :                           0 
	   Memory (MB)          :     2        3000      3000 

	Job terminated of its own accord at 2025-02-09T18:15:47Z with exit-code 0.
...
