000 (16579322.003.000) 02/09 19:05:38 Job submitted from host: <188.185.72.155:9618?addrs=188.185.72.155-9618+[2001-1458-d00-8--100-95]-9618&alias=bigbird08.cern.ch&noUDP&sock=schedd_862983_22fa>
...
040 (16579322.003.000) 02/09 19:07:26 Started transferring input files
	Transferring to host: <188.185.214.107:9618?addrs=188.185.214.107-9618+[2001-1458-303-1c--100-67]-9618&alias=b9p29p2852.cern.ch&noUDP&sock=slot1_23_140848_e859_4839>
...
040 (16579322.003.000) 02/09 19:07:26 Finished transferring input files
...
001 (16579322.003.000) 02/09 19:07:27 Job executing on host: <188.185.214.107:9618?addrs=188.185.214.107-9618+[2001-1458-303-1c--100-67]-9618&alias=b9p29p2852.cern.ch&noUDP&sock=startd_6591_74cd>
	SlotName: slot1_23@b9p29p2852.cern.ch
	CondorScratchDir = "/pool/condor/dir_2356334"
	Cpus = 1
	Disk = 3825
	GPUs = 0
	Memory = 3000
...
006 (16579322.003.000) 02/09 19:07:40 Image size of job updated: 67428
	66  -  MemoryUsage of job (MB)
	67428  -  ResidentSetSize of job (KB)
...
006 (16579322.003.000) 02/09 19:07:56 Image size of job updated: 71524
	66  -  MemoryUsage of job (MB)
	67428  -  ResidentSetSize of job (KB)
...
040 (16579322.003.000) 02/09 19:07:57 Started transferring output files
...
040 (16579322.003.000) 02/09 19:07:57 Finished transferring output files
...
005 (16579322.003.000) 02/09 19:07:57 Job terminated.
	(1) Normal termination (return value 0)
		Usr 0 00:00:06, Sys 0 00:00:01  -  Run Remote Usage
		Usr 0 00:00:00, Sys 0 00:00:00  -  Run Local Usage
		Usr 0 00:00:06, Sys 0 00:00:01  -  Total Remote Usage
		Usr 0 00:00:00, Sys 0 00:00:00  -  Total Local Usage
	23743  -  Run Bytes Sent By Job
	10424  -  Run Bytes Received By Job
	23743  -  Total Bytes Sent By Job
	10424  -  Total Bytes Received By Job
	Partitionable Resources :    Usage  Request Allocated 
	   Cpus                 :        0        1         1 
	   Disk (KB)            :       58       12      3825 
	   GPUs                 :                           0 
	   Memory (MB)          :       66     3000      3000 

	Job terminated of its own accord at 2025-02-09T18:07:56Z with exit-code 0.
...
000 (16579327.003.000) 02/09 19:13:40 Job submitted from host: <188.185.72.155:9618?addrs=188.185.72.155-9618+[2001-1458-d00-8--100-95]-9618&alias=bigbird08.cern.ch&noUDP&sock=schedd_862983_22fa>
...
040 (16579327.003.000) 02/09 19:14:36 Started transferring input files
	Transferring to host: <188.185.193.151:9618?addrs=188.185.193.151-9618+[2001-1458-303-20--100-93]-9618&alias=b9p19p9652.cern.ch&noUDP&sock=slot1_17_1340465_9b47_69826>
...
040 (16579327.003.000) 02/09 19:14:36 Finished transferring input files
...
001 (16579327.003.000) 02/09 19:14:37 Job executing on host: <188.185.193.151:9618?addrs=188.185.193.151-9618+[2001-1458-303-20--100-93]-9618&alias=b9p19p9652.cern.ch&noUDP&sock=startd_7401_0c83>
	SlotName: slot1_17@b9p19p9652.cern.ch
	CondorScratchDir = "/pool/condor/dir_3333450"
	Cpus = 1
	Disk = 3877
	GPUs = 0
	Memory = 3000
...
006 (16579327.003.000) 02/09 19:14:45 Image size of job updated: 73288
	72  -  MemoryUsage of job (MB)
	73288  -  ResidentSetSize of job (KB)
...
040 (16579327.003.000) 02/09 19:14:56 Started transferring output files
...
040 (16579327.003.000) 02/09 19:14:56 Finished transferring output files
...
005 (16579327.003.000) 02/09 19:14:56 Job terminated.
	(1) Normal termination (return value 0)
		Usr 0 00:00:08, Sys 0 00:00:00  -  Run Remote Usage
		Usr 0 00:00:00, Sys 0 00:00:00  -  Run Local Usage
		Usr 0 00:00:08, Sys 0 00:00:00  -  Total Remote Usage
		Usr 0 00:00:00, Sys 0 00:00:00  -  Total Local Usage
	23743  -  Run Bytes Sent By Job
	10424  -  Run Bytes Received By Job
	23743  -  Total Bytes Sent By Job
	10424  -  Total Bytes Received By Job
	Partitionable Resources :    Usage  Request Allocated 
	   Cpus                 :        0        1         1 
	   Disk (KB)            :       58       12      3877 
	   GPUs                 :                           0 
	   Memory (MB)          :       72     3000      3000 

	Job terminated of its own accord at 2025-02-09T18:14:56Z with exit-code 0.
...
