000 (16579324.015.000) 02/09 19:06:07 Job submitted from host: <188.185.72.155:9618?addrs=188.185.72.155-9618+[2001-1458-d00-8--100-95]-9618&alias=bigbird08.cern.ch&noUDP&sock=schedd_862983_22fa>
...
040 (16579324.015.000) 02/09 19:07:42 Started transferring input files
	Transferring to host: <188.185.194.107:9618?addrs=188.185.194.107-9618+[2001-1458-303-21--100-67]-9618&alias=b9p20p3190.cern.ch&noUDP&sock=slot1_19_3589674_d1ee_5392>
...
040 (16579324.015.000) 02/09 19:07:42 Finished transferring input files
...
001 (16579324.015.000) 02/09 19:07:43 Job executing on host: <188.185.194.107:9618?addrs=188.185.194.107-9618+[2001-1458-303-21--100-67]-9618&alias=b9p20p3190.cern.ch&noUDP&sock=startd_7105_047b>
	SlotName: slot1_19@b9p20p3190.cern.ch
	CondorScratchDir = "/pool/condor/dir_2338923"
	Cpus = 1
	Disk = 3944
	GPUs = 0
	Memory = 3000
...
006 (16579324.015.000) 02/09 19:07:52 Image size of job updated: 1892
	2  -  MemoryUsage of job (MB)
	1892  -  ResidentSetSize of job (KB)
...
040 (16579324.015.000) 02/09 19:08:28 Started transferring output files
...
040 (16579324.015.000) 02/09 19:08:28 Finished transferring output files
...
005 (16579324.015.000) 02/09 19:08:28 Job terminated.
	(1) Normal termination (return value 0)
		Usr 0 00:00:07, Sys 0 00:00:00  -  Run Remote Usage
		Usr 0 00:00:00, Sys 0 00:00:00  -  Run Local Usage
		Usr 0 00:00:07, Sys 0 00:00:00  -  Total Remote Usage
		Usr 0 00:00:00, Sys 0 00:00:00  -  Total Local Usage
	23854  -  Run Bytes Sent By Job
	10424  -  Run Bytes Received By Job
	23854  -  Total Bytes Sent By Job
	10424  -  Total Bytes Received By Job
	Partitionable Resources :    Usage  Request Allocated 
	   Cpus                 :        0        1         1 
	   Disk (KB)            :       58       12      3944 
	   GPUs                 :                           0 
	   Memory (MB)          :        2     3000      3000 

	Job terminated of its own accord at 2025-02-09T18:08:28Z with exit-code 0.
...
000 (16579329.015.000) 02/09 19:13:50 Job submitted from host: <188.185.72.155:9618?addrs=188.185.72.155-9618+[2001-1458-d00-8--100-95]-9618&alias=bigbird08.cern.ch&noUDP&sock=schedd_862983_22fa>
...
040 (16579329.015.000) 02/09 19:14:52 Started transferring input files
	Transferring to host: <128.142.132.104:9618?addrs=128.142.132.104-9618+[2001-1458-301-5a--100-5c]-9618&alias=b9g12p5821.cern.ch&noUDP&sock=slot1_12_2789_da4a_67926>
...
040 (16579329.015.000) 02/09 19:14:52 Finished transferring input files
...
001 (16579329.015.000) 02/09 19:14:53 Job executing on host: <128.142.132.104:9618?addrs=128.142.132.104-9618+[2001-1458-301-5a--100-5c]-9618&alias=b9g12p5821.cern.ch&noUDP&sock=startd_2427_4c71>
	SlotName: slot1_12@b9g12p5821.cern.ch
	CondorScratchDir = "/pool/condor/dir_2987854"
	Cpus = 1
	Disk = 2708
	GPUs = 0
	Memory = 3000
...
006 (16579329.015.000) 02/09 19:15:02 Image size of job updated: 62952
	62  -  MemoryUsage of job (MB)
	62952  -  ResidentSetSize of job (KB)
...
040 (16579329.015.000) 02/09 19:15:27 Started transferring output files
...
040 (16579329.015.000) 02/09 19:15:27 Finished transferring output files
...
005 (16579329.015.000) 02/09 19:15:27 Job terminated.
	(1) Normal termination (return value 0)
		Usr 0 00:00:08, Sys 0 00:00:01  -  Run Remote Usage
		Usr 0 00:00:00, Sys 0 00:00:00  -  Run Local Usage
		Usr 0 00:00:08, Sys 0 00:00:01  -  Total Remote Usage
		Usr 0 00:00:00, Sys 0 00:00:00  -  Total Local Usage
	23854  -  Run Bytes Sent By Job
	10424  -  Run Bytes Received By Job
	23854  -  Total Bytes Sent By Job
	10424  -  Total Bytes Received By Job
	Partitionable Resources :    Usage  Request Allocated 
	   Cpus                 :        0        1         1 
	   Disk (KB)            :       59       12      2708 
	   GPUs                 :                           0 
	   Memory (MB)          :       62     3000      3000 

	Job terminated of its own accord at 2025-02-09T18:15:27Z with exit-code 0.
...
