000 (16579323.006.000) 02/09 19:06:02 Job submitted from host: <188.185.72.155:9618?addrs=188.185.72.155-9618+[2001-1458-d00-8--100-95]-9618&alias=bigbird08.cern.ch&noUDP&sock=schedd_862983_22fa>
...
040 (16579323.006.000) 02/09 19:07:32 Started transferring input files
	Transferring to host: <188.185.193.119:9618?addrs=188.185.193.119-9618+[2001-1458-303-20--100-73]-9618&alias=b9p19p8272.cern.ch&noUDP&sock=slot1_30_1973763_56a0_28289>
...
040 (16579323.006.000) 02/09 19:07:32 Finished transferring input files
...
001 (16579323.006.000) 02/09 19:07:33 Job executing on host: <188.185.193.119:9618?addrs=188.185.193.119-9618+[2001-1458-303-20--100-73]-9618&alias=b9p19p8272.cern.ch&noUDP&sock=startd_1552682_48af>
	SlotName: slot1_30@b9p19p8272.cern.ch
	CondorScratchDir = "/pool/condor/dir_1632186"
	Cpus = 1
	Disk = 3843
	GPUs = 0
	Memory = 3000
...
006 (16579323.006.000) 02/09 19:07:42 Image size of job updated: 1888
	2  -  MemoryUsage of job (MB)
	1888  -  ResidentSetSize of job (KB)
...
040 (16579323.006.000) 02/09 19:08:25 Started transferring output files
...
040 (16579323.006.000) 02/09 19:08:25 Finished transferring output files
...
005 (16579323.006.000) 02/09 19:08:25 Job terminated.
	(1) Normal termination (return value 0)
		Usr 0 00:00:08, Sys 0 00:00:00  -  Run Remote Usage
		Usr 0 00:00:00, Sys 0 00:00:00  -  Run Local Usage
		Usr 0 00:00:08, Sys 0 00:00:00  -  Total Remote Usage
		Usr 0 00:00:00, Sys 0 00:00:00  -  Total Local Usage
	23851  -  Run Bytes Sent By Job
	10424  -  Run Bytes Received By Job
	23851  -  Total Bytes Sent By Job
	10424  -  Total Bytes Received By Job
	Partitionable Resources :    Usage  Request Allocated 
	   Cpus                 :        0        1         1 
	   Disk (KB)            :       58       12      3843 
	   GPUs                 :                           0 
	   Memory (MB)          :        2     3000      3000 

	Job terminated of its own accord at 2025-02-09T18:08:25Z with exit-code 0.
...
000 (16579328.006.000) 02/09 19:13:46 Job submitted from host: <188.185.72.155:9618?addrs=188.185.72.155-9618+[2001-1458-d00-8--100-95]-9618&alias=bigbird08.cern.ch&noUDP&sock=schedd_862983_22fa>
...
040 (16579328.006.000) 02/09 19:14:42 Started transferring input files
	Transferring to host: <188.185.196.76:9618?addrs=188.185.196.76-9618+[2001-1458-303-23--100-48]-9618&alias=b9p16p7014.cern.ch&noUDP&sock=slot1_12_150846_672f_6633>
...
040 (16579328.006.000) 02/09 19:14:42 Finished transferring input files
...
001 (16579328.006.000) 02/09 19:14:43 Job executing on host: <188.185.196.76:9618?addrs=188.185.196.76-9618+[2001-1458-303-23--100-48]-9618&alias=b9p16p7014.cern.ch&noUDP&sock=startd_6122_c2e2>
	SlotName: slot1_12@b9p16p7014.cern.ch
	CondorScratchDir = "/pool/condor/dir_2920083"
	Cpus = 1
	Disk = 3915
	GPUs = 0
	Memory = 3000
...
006 (16579328.006.000) 02/09 19:14:52 Image size of job updated: 372832
	365  -  MemoryUsage of job (MB)
	372832  -  ResidentSetSize of job (KB)
...
040 (16579328.006.000) 02/09 19:15:20 Started transferring output files
...
040 (16579328.006.000) 02/09 19:15:20 Finished transferring output files
...
005 (16579328.006.000) 02/09 19:15:20 Job terminated.
	(1) Normal termination (return value 0)
		Usr 0 00:00:09, Sys 0 00:00:00  -  Run Remote Usage
		Usr 0 00:00:00, Sys 0 00:00:00  -  Run Local Usage
		Usr 0 00:00:09, Sys 0 00:00:00  -  Total Remote Usage
		Usr 0 00:00:00, Sys 0 00:00:00  -  Total Local Usage
	23851  -  Run Bytes Sent By Job
	10424  -  Run Bytes Received By Job
	23851  -  Total Bytes Sent By Job
	10424  -  Total Bytes Received By Job
	Partitionable Resources :    Usage  Request Allocated 
	   Cpus                 :        0        1         1 
	   Disk (KB)            :       59       12      3915 
	   GPUs                 :                           0 
	   Memory (MB)          :      365     3000      3000 

	Job terminated of its own accord at 2025-02-09T18:15:20Z with exit-code 0.
...
