000 (16579323.016.000) 02/09 19:06:02 Job submitted from host: <188.185.72.155:9618?addrs=188.185.72.155-9618+[2001-1458-d00-8--100-95]-9618&alias=bigbird08.cern.ch&noUDP&sock=schedd_862983_22fa>
...
040 (16579323.016.000) 02/09 19:07:35 Started transferring input files
	Transferring to host: <188.185.195.167:9618?addrs=188.185.195.167-9618+[2001-1458-303-22--100-a3]-9618&alias=b9p17p1897.cern.ch&noUDP&sock=slot1_25_90372_ffd4_13985>
...
040 (16579323.016.000) 02/09 19:07:35 Finished transferring input files
...
001 (16579323.016.000) 02/09 19:07:36 Job executing on host: <188.185.195.167:9618?addrs=188.185.195.167-9618+[2001-1458-303-22--100-a3]-9618&alias=b9p17p1897.cern.ch&noUDP&sock=startd_7349_6197>
	SlotName: slot1_25@b9p17p1897.cern.ch
	CondorScratchDir = "/pool/condor/dir_4109289"
	Cpus = 1
	Disk = 3765
	GPUs = 0
	Memory = 3000
...
006 (16579323.016.000) 02/09 19:07:45 Image size of job updated: 70064
	69  -  MemoryUsage of job (MB)
	70064  -  ResidentSetSize of job (KB)
...
040 (16579323.016.000) 02/09 19:08:12 Started transferring output files
...
040 (16579323.016.000) 02/09 19:08:12 Finished transferring output files
...
005 (16579323.016.000) 02/09 19:08:12 Job terminated.
	(1) Normal termination (return value 0)
		Usr 0 00:00:15, Sys 0 00:00:00  -  Run Remote Usage
		Usr 0 00:00:00, Sys 0 00:00:00  -  Run Local Usage
		Usr 0 00:00:15, Sys 0 00:00:00  -  Total Remote Usage
		Usr 0 00:00:00, Sys 0 00:00:00  -  Total Local Usage
	23854  -  Run Bytes Sent By Job
	10424  -  Run Bytes Received By Job
	23854  -  Total Bytes Sent By Job
	10424  -  Total Bytes Received By Job
	Partitionable Resources :    Usage  Request Allocated 
	   Cpus                 :        0        1         1 
	   Disk (KB)            :       59       12      3765 
	   GPUs                 :                           0 
	   Memory (MB)          :       69     3000      3000 

	Job terminated of its own accord at 2025-02-09T18:08:12Z with exit-code 0.
...
000 (16579328.016.000) 02/09 19:13:46 Job submitted from host: <188.185.72.155:9618?addrs=188.185.72.155-9618+[2001-1458-d00-8--100-95]-9618&alias=bigbird08.cern.ch&noUDP&sock=schedd_862983_22fa>
...
040 (16579328.016.000) 02/09 19:14:46 Started transferring input files
	Transferring to host: <188.185.196.179:9618?addrs=188.185.196.179-9618+[2001-1458-303-23--100-af]-9618&alias=b9p16p0754.cern.ch&noUDP&sock=slot1_21_3484182_29ac_65570>
...
040 (16579328.016.000) 02/09 19:14:46 Finished transferring input files
...
001 (16579328.016.000) 02/09 19:14:47 Job executing on host: <188.185.196.179:9618?addrs=188.185.196.179-9618+[2001-1458-303-23--100-af]-9618&alias=b9p16p0754.cern.ch&noUDP&sock=startd_6886_cd3d>
	SlotName: slot1_21@b9p16p0754.cern.ch
	CondorScratchDir = "/pool/condor/dir_4027161"
	Cpus = 1
	Disk = 3781
	GPUs = 0
	Memory = 3000
...
006 (16579328.016.000) 02/09 19:14:55 Image size of job updated: 197816
	194  -  MemoryUsage of job (MB)
	197816  -  ResidentSetSize of job (KB)
...
040 (16579328.016.000) 02/09 19:15:29 Started transferring output files
...
040 (16579328.016.000) 02/09 19:15:29 Finished transferring output files
...
005 (16579328.016.000) 02/09 19:15:29 Job terminated.
	(1) Normal termination (return value 0)
		Usr 0 00:00:15, Sys 0 00:00:01  -  Run Remote Usage
		Usr 0 00:00:00, Sys 0 00:00:00  -  Run Local Usage
		Usr 0 00:00:15, Sys 0 00:00:01  -  Total Remote Usage
		Usr 0 00:00:00, Sys 0 00:00:00  -  Total Local Usage
	23854  -  Run Bytes Sent By Job
	10424  -  Run Bytes Received By Job
	23854  -  Total Bytes Sent By Job
	10424  -  Total Bytes Received By Job
	Partitionable Resources :    Usage  Request Allocated 
	   Cpus                 :        0        1         1 
	   Disk (KB)            :       59       12      3781 
	   GPUs                 :                           0 
	   Memory (MB)          :      194     3000      3000 

	Job terminated of its own accord at 2025-02-09T18:15:29Z with exit-code 0.
...
