000 (16579325.015.000) 02/09 19:06:11 Job submitted from host: <188.185.72.155:9618?addrs=188.185.72.155-9618+[2001-1458-d00-8--100-95]-9618&alias=bigbird08.cern.ch&noUDP&sock=schedd_862983_22fa>
...
040 (16579325.015.000) 02/09 19:07:49 Started transferring input files
	Transferring to host: <188.185.198.58:9618?addrs=188.185.198.58-9618+[2001-1458-303-25--100-36]-9618&alias=b9p15p9291.cern.ch&noUDP&sock=slot1_22_8736_0d5c_553>
...
040 (16579325.015.000) 02/09 19:07:49 Finished transferring input files
...
001 (16579325.015.000) 02/09 19:07:50 Job executing on host: <188.185.198.58:9618?addrs=188.185.198.58-9618+[2001-1458-303-25--100-36]-9618&alias=b9p15p9291.cern.ch&noUDP&sock=startd_8681_05bd>
	SlotName: slot1_22@b9p15p9291.cern.ch
	CondorScratchDir = "/pool/condor/dir_2692294"
	Cpus = 1
	Disk = 3818
	GPUs = 0
	Memory = 3000
...
006 (16579325.015.000) 02/09 19:07:59 Image size of job updated: 63024
	62  -  MemoryUsage of job (MB)
	63024  -  ResidentSetSize of job (KB)
...
040 (16579325.015.000) 02/09 19:08:17 Started transferring output files
...
040 (16579325.015.000) 02/09 19:08:17 Finished transferring output files
...
005 (16579325.015.000) 02/09 19:08:17 Job terminated.
	(1) Normal termination (return value 0)
		Usr 0 00:00:08, Sys 0 00:00:00  -  Run Remote Usage
		Usr 0 00:00:00, Sys 0 00:00:00  -  Run Local Usage
		Usr 0 00:00:08, Sys 0 00:00:00  -  Total Remote Usage
		Usr 0 00:00:00, Sys 0 00:00:00  -  Total Local Usage
	23854  -  Run Bytes Sent By Job
	10424  -  Run Bytes Received By Job
	23854  -  Total Bytes Sent By Job
	10424  -  Total Bytes Received By Job
	Partitionable Resources :    Usage  Request Allocated 
	   Cpus                 :        0        1         1 
	   Disk (KB)            :       58       12      3818 
	   GPUs                 :                           0 
	   Memory (MB)          :       62     3000      3000 

	Job terminated of its own accord at 2025-02-09T18:08:17Z with exit-code 0.
...
000 (16579330.015.000) 02/09 19:13:54 Job submitted from host: <188.185.72.155:9618?addrs=188.185.72.155-9618+[2001-1458-d00-8--100-95]-9618&alias=bigbird08.cern.ch&noUDP&sock=schedd_862983_22fa>
...
040 (16579330.015.000) 02/09 19:15:02 Started transferring input files
	Transferring to host: <188.185.206.200:9618?addrs=188.185.206.200-9618+[2001-1458-303-c--100-45]-9618&alias=b9p06p1686.cern.ch&noUDP&sock=slot1_25_2278780_6873_120963>
...
040 (16579330.015.000) 02/09 19:15:02 Finished transferring input files
...
001 (16579330.015.000) 02/09 19:15:03 Job executing on host: <188.185.206.200:9618?addrs=188.185.206.200-9618+[2001-1458-303-c--100-45]-9618&alias=b9p06p1686.cern.ch&noUDP&sock=startd_2278507_dcc5>
	SlotName: slot1_25@b9p06p1686.cern.ch
	CondorScratchDir = "/pool/condor/dir_706295"
	Cpus = 1
	Disk = 3672
	GPUs = 0
	Memory = 3000
...
006 (16579330.015.000) 02/09 19:15:12 Image size of job updated: 62316
	61  -  MemoryUsage of job (MB)
	62316  -  ResidentSetSize of job (KB)
...
040 (16579330.015.000) 02/09 19:15:30 Started transferring output files
...
040 (16579330.015.000) 02/09 19:15:30 Finished transferring output files
...
005 (16579330.015.000) 02/09 19:15:30 Job terminated.
	(1) Normal termination (return value 0)
		Usr 0 00:00:05, Sys 0 00:00:01  -  Run Remote Usage
		Usr 0 00:00:00, Sys 0 00:00:00  -  Run Local Usage
		Usr 0 00:00:05, Sys 0 00:00:01  -  Total Remote Usage
		Usr 0 00:00:00, Sys 0 00:00:00  -  Total Local Usage
	23854  -  Run Bytes Sent By Job
	10424  -  Run Bytes Received By Job
	23854  -  Total Bytes Sent By Job
	10424  -  Total Bytes Received By Job
	Partitionable Resources :    Usage  Request Allocated 
	   Cpus                 :        0        1         1 
	   Disk (KB)            :       61       12      3672 
	   GPUs                 :                           0 
	   Memory (MB)          :       61     3000      3000 

	Job terminated of its own accord at 2025-02-09T18:15:29Z with exit-code 0.
...
