000 (16579326.000.000) 02/09 19:06:22 Job submitted from host: <188.185.72.155:9618?addrs=188.185.72.155-9618+[2001-1458-d00-8--100-95]-9618&alias=bigbird08.cern.ch&noUDP&sock=schedd_862983_22fa>
...
040 (16579326.000.000) 02/09 19:07:50 Started transferring input files
	Transferring to host: <188.185.193.57:9618?addrs=188.185.193.57-9618+[2001-1458-303-20--100-35]-9618&alias=b9p19p6242.cern.ch&noUDP&sock=slot1_38_2470032_be54_7208>
...
040 (16579326.000.000) 02/09 19:07:50 Finished transferring input files
...
001 (16579326.000.000) 02/09 19:07:51 Job executing on host: <188.185.193.57:9618?addrs=188.185.193.57-9618+[2001-1458-303-20--100-35]-9618&alias=b9p19p6242.cern.ch&noUDP&sock=startd_4462_23ab>
	SlotName: slot1_38@b9p19p6242.cern.ch
	CondorScratchDir = "/pool/condor/dir_1592370"
	Cpus = 1
	Disk = 3866
	GPUs = 0
	Memory = 3000
...
006 (16579326.000.000) 02/09 19:08:00 Image size of job updated: 61316
	60  -  MemoryUsage of job (MB)
	61316  -  ResidentSetSize of job (KB)
...
040 (16579326.000.000) 02/09 19:08:30 Started transferring output files
...
040 (16579326.000.000) 02/09 19:08:30 Finished transferring output files
...
005 (16579326.000.000) 02/09 19:08:30 Job terminated.
	(1) Normal termination (return value 0)
		Usr 0 00:00:19, Sys 0 00:00:01  -  Run Remote Usage
		Usr 0 00:00:00, Sys 0 00:00:00  -  Run Local Usage
		Usr 0 00:00:19, Sys 0 00:00:01  -  Total Remote Usage
		Usr 0 00:00:00, Sys 0 00:00:00  -  Total Local Usage
	23737  -  Run Bytes Sent By Job
	10424  -  Run Bytes Received By Job
	23737  -  Total Bytes Sent By Job
	10424  -  Total Bytes Received By Job
	Partitionable Resources :    Usage  Request Allocated 
	   Cpus                 :        0        1         1 
	   Disk (KB)            :       59       12      3866 
	   GPUs                 :                           0 
	   Memory (MB)          :       60     3000      3000 

	Job terminated of its own accord at 2025-02-09T18:08:30Z with exit-code 0.
...
000 (16579331.000.000) 02/09 19:14:01 Job submitted from host: <188.185.72.155:9618?addrs=188.185.72.155-9618+[2001-1458-d00-8--100-95]-9618&alias=bigbird08.cern.ch&noUDP&sock=schedd_862983_22fa>
...
040 (16579331.000.000) 02/09 19:15:01 Started transferring input files
	Transferring to host: <128.142.33.220:9618?addrs=128.142.33.220-9618+[2001-1458-301-39--100-19]-9618&alias=b9g24p0879.cern.ch&noUDP&sock=slot1_14_4754_5f7a_60040>
...
040 (16579331.000.000) 02/09 19:15:01 Finished transferring input files
...
001 (16579331.000.000) 02/09 19:15:02 Job executing on host: <128.142.33.220:9618?addrs=128.142.33.220-9618+[2001-1458-301-39--100-19]-9618&alias=b9g24p0879.cern.ch&noUDP&sock=startd_3992_c228>
	SlotName: slot1_14@b9g24p0879.cern.ch
	CondorScratchDir = "/pool/condor/dir_3046848"
	Cpus = 1
	Disk = 3738
	GPUs = 0
	Memory = 3000
...
006 (16579331.000.000) 02/09 19:15:10 Image size of job updated: 61680
	61  -  MemoryUsage of job (MB)
	61680  -  ResidentSetSize of job (KB)
...
040 (16579331.000.000) 02/09 19:15:38 Started transferring output files
...
040 (16579331.000.000) 02/09 19:15:38 Finished transferring output files
...
005 (16579331.000.000) 02/09 19:15:38 Job terminated.
	(1) Normal termination (return value 0)
		Usr 0 00:00:12, Sys 0 00:00:01  -  Run Remote Usage
		Usr 0 00:00:00, Sys 0 00:00:00  -  Run Local Usage
		Usr 0 00:00:12, Sys 0 00:00:01  -  Total Remote Usage
		Usr 0 00:00:00, Sys 0 00:00:00  -  Total Local Usage
	23737  -  Run Bytes Sent By Job
	10424  -  Run Bytes Received By Job
	23737  -  Total Bytes Sent By Job
	10424  -  Total Bytes Received By Job
	Partitionable Resources :    Usage  Request Allocated 
	   Cpus                 :        0        1         1 
	   Disk (KB)            :       58       12      3738 
	   GPUs                 :                           0 
	   Memory (MB)          :       61     3000      3000 

	Job terminated of its own accord at 2025-02-09T18:15:37Z with exit-code 0.
...
