000 (16579323.002.000) 02/09 19:06:02 Job submitted from host: <188.185.72.155:9618?addrs=188.185.72.155-9618+[2001-1458-d00-8--100-95]-9618&alias=bigbird08.cern.ch&noUDP&sock=schedd_862983_22fa>
...
040 (16579323.002.000) 02/09 19:07:31 Started transferring input files
	Transferring to host: <188.185.213.208:9618?addrs=188.185.213.208-9618+[2001-1458-303-1b--100-4c]-9618&alias=b9p28p7725.cern.ch&noUDP&sock=slot1_35_3531177_6443_113563>
...
040 (16579323.002.000) 02/09 19:07:31 Finished transferring input files
...
001 (16579323.002.000) 02/09 19:07:32 Job executing on host: <188.185.213.208:9618?addrs=188.185.213.208-9618+[2001-1458-303-1b--100-4c]-9618&alias=b9p28p7725.cern.ch&noUDP&sock=startd_3530401_04b0>
	SlotName: slot1_35@b9p28p7725.cern.ch
	CondorScratchDir = "/pool/condor/dir_1897026"
	Cpus = 1
	Disk = 3860
	GPUs = 0
	Memory = 3000
...
006 (16579323.002.000) 02/09 19:07:41 Image size of job updated: 72388
	71  -  MemoryUsage of job (MB)
	72388  -  ResidentSetSize of job (KB)
...
040 (16579323.002.000) 02/09 19:07:52 Started transferring output files
...
040 (16579323.002.000) 02/09 19:07:52 Finished transferring output files
...
005 (16579323.002.000) 02/09 19:07:52 Job terminated.
	(1) Normal termination (return value 0)
		Usr 0 00:00:04, Sys 0 00:00:00  -  Run Remote Usage
		Usr 0 00:00:00, Sys 0 00:00:00  -  Run Local Usage
		Usr 0 00:00:04, Sys 0 00:00:00  -  Total Remote Usage
		Usr 0 00:00:00, Sys 0 00:00:00  -  Total Local Usage
	23851  -  Run Bytes Sent By Job
	10424  -  Run Bytes Received By Job
	23851  -  Total Bytes Sent By Job
	10424  -  Total Bytes Received By Job
	Partitionable Resources :    Usage  Request Allocated 
	   Cpus                 :        0        1         1 
	   Disk (KB)            :       58       12      3860 
	   GPUs                 :                           0 
	   Memory (MB)          :       71     3000      3000 

	Job terminated of its own accord at 2025-02-09T18:07:52Z with exit-code 0.
...
000 (16579328.002.000) 02/09 19:13:46 Job submitted from host: <188.185.72.155:9618?addrs=188.185.72.155-9618+[2001-1458-d00-8--100-95]-9618&alias=bigbird08.cern.ch&noUDP&sock=schedd_862983_22fa>
...
040 (16579328.002.000) 02/09 19:14:40 Started transferring input files
	Transferring to host: <188.185.195.101:9618?addrs=188.185.195.101-9618+[2001-1458-303-22--100-61]-9618&alias=b9p17p5877.cern.ch&noUDP&sock=slot1_8_5885_43c8_110814>
...
040 (16579328.002.000) 02/09 19:14:40 Finished transferring input files
...
001 (16579328.002.000) 02/09 19:14:41 Job executing on host: <188.185.195.101:9618?addrs=188.185.195.101-9618+[2001-1458-303-22--100-61]-9618&alias=b9p17p5877.cern.ch&noUDP&sock=startd_4513_1f00>
	SlotName: slot1_8@b9p17p5877.cern.ch
	CondorScratchDir = "/pool/condor/dir_3010671"
	Cpus = 1
	Disk = 3809
	GPUs = 0
	Memory = 3000
...
006 (16579328.002.000) 02/09 19:14:50 Image size of job updated: 1888
	2  -  MemoryUsage of job (MB)
	1888  -  ResidentSetSize of job (KB)
...
006 (16579328.002.000) 02/09 19:15:37 Image size of job updated: 218620
	214  -  MemoryUsage of job (MB)
	218620  -  ResidentSetSize of job (KB)
...
040 (16579328.002.000) 02/09 19:15:37 Started transferring output files
...
040 (16579328.002.000) 02/09 19:15:37 Finished transferring output files
...
005 (16579328.002.000) 02/09 19:15:38 Job terminated.
	(1) Normal termination (return value 0)
		Usr 0 00:00:08, Sys 0 00:00:00  -  Run Remote Usage
		Usr 0 00:00:00, Sys 0 00:00:00  -  Run Local Usage
		Usr 0 00:00:08, Sys 0 00:00:00  -  Total Remote Usage
		Usr 0 00:00:00, Sys 0 00:00:00  -  Total Local Usage
	23851  -  Run Bytes Sent By Job
	10424  -  Run Bytes Received By Job
	23851  -  Total Bytes Sent By Job
	10424  -  Total Bytes Received By Job
	Partitionable Resources :    Usage  Request Allocated 
	   Cpus                 :        0        1         1 
	   Disk (KB)            :       59       12      3809 
	   GPUs                 :                           0 
	   Memory (MB)          :      214     3000      3000 

	Job terminated of its own accord at 2025-02-09T18:15:37Z with exit-code 0.
...
