000 (16579326.019.000) 02/09 19:06:22 Job submitted from host: <188.185.72.155:9618?addrs=188.185.72.155-9618+[2001-1458-d00-8--100-95]-9618&alias=bigbird08.cern.ch&noUDP&sock=schedd_862983_22fa>
...
040 (16579326.019.000) 02/09 19:07:58 Started transferring input files
	Transferring to host: <188.185.194.187:9618?addrs=188.185.194.187-9618+[2001-1458-303-21--100-b7]-9618&alias=b9p20p1860.cern.ch&noUDP&sock=slot1_33_2901740_1567_69824>
...
040 (16579326.019.000) 02/09 19:07:58 Finished transferring input files
...
001 (16579326.019.000) 02/09 19:07:59 Job executing on host: <188.185.194.187:9618?addrs=188.185.194.187-9618+[2001-1458-303-21--100-b7]-9618&alias=b9p20p1860.cern.ch&noUDP&sock=startd_3865_a5a1>
	SlotName: slot1_33@b9p20p1860.cern.ch
	CondorScratchDir = "/pool/condor/dir_1637365"
	Cpus = 1
	Disk = 3917
	GPUs = 0
	Memory = 3000
...
006 (16579326.019.000) 02/09 19:08:07 Image size of job updated: 61768
	61  -  MemoryUsage of job (MB)
	61768  -  ResidentSetSize of job (KB)
...
040 (16579326.019.000) 02/09 19:08:35 Started transferring output files
...
040 (16579326.019.000) 02/09 19:08:35 Finished transferring output files
...
005 (16579326.019.000) 02/09 19:08:35 Job terminated.
	(1) Normal termination (return value 0)
		Usr 0 00:00:18, Sys 0 00:00:00  -  Run Remote Usage
		Usr 0 00:00:00, Sys 0 00:00:00  -  Run Local Usage
		Usr 0 00:00:18, Sys 0 00:00:00  -  Total Remote Usage
		Usr 0 00:00:00, Sys 0 00:00:00  -  Total Local Usage
	21772  -  Run Bytes Sent By Job
	10424  -  Run Bytes Received By Job
	21772  -  Total Bytes Sent By Job
	10424  -  Total Bytes Received By Job
	Partitionable Resources :    Usage  Request Allocated 
	   Cpus                 :        0        1         1 
	   Disk (KB)            :       57       12      3917 
	   GPUs                 :                           0 
	   Memory (MB)          :       61     3000      3000 

	Job terminated of its own accord at 2025-02-09T18:08:35Z with exit-code 0.
...
000 (16579331.019.000) 02/09 19:14:01 Job submitted from host: <188.185.72.155:9618?addrs=188.185.72.155-9618+[2001-1458-d00-8--100-95]-9618&alias=bigbird08.cern.ch&noUDP&sock=schedd_862983_22fa>
...
040 (16579331.019.000) 02/09 19:15:09 Started transferring input files
	Transferring to host: <188.185.194.103:9618?addrs=188.185.194.103-9618+[2001-1458-303-21--100-63]-9618&alias=b9p20p8653.cern.ch&noUDP&sock=slot1_42_3271868_be33_3528>
...
040 (16579331.019.000) 02/09 19:15:09 Finished transferring input files
...
001 (16579331.019.000) 02/09 19:15:10 Job executing on host: <188.185.194.103:9618?addrs=188.185.194.103-9618+[2001-1458-303-21--100-63]-9618&alias=b9p20p8653.cern.ch&noUDP&sock=startd_6869_2421>
	SlotName: slot1_42@b9p20p8653.cern.ch
	CondorScratchDir = "/pool/condor/dir_98107"
	Cpus = 1
	Disk = 3758
	GPUs = 0
	Memory = 3000
...
006 (16579331.019.000) 02/09 19:15:18 Image size of job updated: 1900
	2  -  MemoryUsage of job (MB)
	1900  -  ResidentSetSize of job (KB)
...
040 (16579331.019.000) 02/09 19:16:06 Started transferring output files
...
040 (16579331.019.000) 02/09 19:16:06 Finished transferring output files
...
005 (16579331.019.000) 02/09 19:16:06 Job terminated.
	(1) Normal termination (return value 0)
		Usr 0 00:00:21, Sys 0 00:00:01  -  Run Remote Usage
		Usr 0 00:00:00, Sys 0 00:00:00  -  Run Local Usage
		Usr 0 00:00:21, Sys 0 00:00:01  -  Total Remote Usage
		Usr 0 00:00:00, Sys 0 00:00:00  -  Total Local Usage
	21772  -  Run Bytes Sent By Job
	10424  -  Run Bytes Received By Job
	21772  -  Total Bytes Sent By Job
	10424  -  Total Bytes Received By Job
	Partitionable Resources :    Usage  Request Allocated 
	   Cpus                 :                 1         1 
	   Disk (KB)            :       49       12      3758 
	   GPUs                 :                           0 
	   Memory (MB)          :        2     3000      3000 

	Job terminated of its own accord at 2025-02-09T18:16:06Z with exit-code 0.
...
