000 (16579323.017.000) 02/09 19:06:02 Job submitted from host: <188.185.72.155:9618?addrs=188.185.72.155-9618+[2001-1458-d00-8--100-95]-9618&alias=bigbird08.cern.ch&noUDP&sock=schedd_862983_22fa>
...
040 (16579323.017.000) 02/09 19:07:35 Started transferring input files
	Transferring to host: <188.185.213.208:9618?addrs=188.185.213.208-9618+[2001-1458-303-1b--100-4c]-9618&alias=b9p28p7725.cern.ch&noUDP&sock=slot1_36_3531177_6443_113565>
...
040 (16579323.017.000) 02/09 19:07:35 Finished transferring input files
...
001 (16579323.017.000) 02/09 19:07:36 Job executing on host: <188.185.213.208:9618?addrs=188.185.213.208-9618+[2001-1458-303-1b--100-4c]-9618&alias=b9p28p7725.cern.ch&noUDP&sock=startd_3530401_04b0>
	SlotName: slot1_36@b9p28p7725.cern.ch
	CondorScratchDir = "/pool/condor/dir_1897359"
	Cpus = 1
	Disk = 3860
	GPUs = 0
	Memory = 3000
...
006 (16579323.017.000) 02/09 19:07:45 Image size of job updated: 70932
	70  -  MemoryUsage of job (MB)
	70932  -  ResidentSetSize of job (KB)
...
040 (16579323.017.000) 02/09 19:08:01 Started transferring output files
...
040 (16579323.017.000) 02/09 19:08:01 Finished transferring output files
...
005 (16579323.017.000) 02/09 19:08:01 Job terminated.
	(1) Normal termination (return value 0)
		Usr 0 00:00:06, Sys 0 00:00:01  -  Run Remote Usage
		Usr 0 00:00:00, Sys 0 00:00:00  -  Run Local Usage
		Usr 0 00:00:06, Sys 0 00:00:01  -  Total Remote Usage
		Usr 0 00:00:00, Sys 0 00:00:00  -  Total Local Usage
	23854  -  Run Bytes Sent By Job
	10424  -  Run Bytes Received By Job
	23854  -  Total Bytes Sent By Job
	10424  -  Total Bytes Received By Job
	Partitionable Resources :    Usage  Request Allocated 
	   Cpus                 :        0        1         1 
	   Disk (KB)            :       58       12      3860 
	   GPUs                 :                           0 
	   Memory (MB)          :       70     3000      3000 

	Job terminated of its own accord at 2025-02-09T18:08:01Z with exit-code 0.
...
000 (16579328.017.000) 02/09 19:13:46 Job submitted from host: <188.185.72.155:9618?addrs=188.185.72.155-9618+[2001-1458-d00-8--100-95]-9618&alias=bigbird08.cern.ch&noUDP&sock=schedd_862983_22fa>
...
040 (16579328.017.000) 02/09 19:14:47 Started transferring input files
	Transferring to host: <188.185.196.130:9618?addrs=188.185.196.130-9618+[2001-1458-303-23--100-7e]-9618&alias=b9p16p5254.cern.ch&noUDP&sock=slot1_18_6999_2db6_110680>
...
040 (16579328.017.000) 02/09 19:14:47 Finished transferring input files
...
001 (16579328.017.000) 02/09 19:14:48 Job executing on host: <188.185.196.130:9618?addrs=188.185.196.130-9618+[2001-1458-303-23--100-7e]-9618&alias=b9p16p5254.cern.ch&noUDP&sock=startd_6234_957e>
	SlotName: slot1_18@b9p16p5254.cern.ch
	CondorScratchDir = "/pool/condor/dir_52625"
	Cpus = 1
	Disk = 3821
	GPUs = 0
	Memory = 3000
...
006 (16579328.017.000) 02/09 19:14:56 Image size of job updated: 190132
	186  -  MemoryUsage of job (MB)
	190132  -  ResidentSetSize of job (KB)
...
006 (16579328.017.000) 02/09 19:15:33 Image size of job updated: 190132
	187  -  MemoryUsage of job (MB)
	190640  -  ResidentSetSize of job (KB)
...
040 (16579328.017.000) 02/09 19:15:33 Started transferring output files
...
040 (16579328.017.000) 02/09 19:15:33 Finished transferring output files
...
005 (16579328.017.000) 02/09 19:15:33 Job terminated.
	(1) Normal termination (return value 0)
		Usr 0 00:00:14, Sys 0 00:00:01  -  Run Remote Usage
		Usr 0 00:00:00, Sys 0 00:00:00  -  Run Local Usage
		Usr 0 00:00:14, Sys 0 00:00:01  -  Total Remote Usage
		Usr 0 00:00:00, Sys 0 00:00:00  -  Total Local Usage
	23854  -  Run Bytes Sent By Job
	10424  -  Run Bytes Received By Job
	23854  -  Total Bytes Sent By Job
	10424  -  Total Bytes Received By Job
	Partitionable Resources :    Usage  Request Allocated 
	   Cpus                 :        0        1         1 
	   Disk (KB)            :       59       12      3821 
	   GPUs                 :                           0 
	   Memory (MB)          :      187     3000      3000 

	Job terminated of its own accord at 2025-02-09T18:15:33Z with exit-code 0.
...
