000 (16579323.018.000) 02/09 19:06:02 Job submitted from host: <188.185.72.155:9618?addrs=188.185.72.155-9618+[2001-1458-d00-8--100-95]-9618&alias=bigbird08.cern.ch&noUDP&sock=schedd_862983_22fa>
...
040 (16579323.018.000) 02/09 19:07:36 Started transferring input files
	Transferring to host: <188.185.193.13:9618?addrs=188.185.193.13-9618+[2001-1458-303-20--100-9]-9618&alias=b9p19p6329.cern.ch&noUDP&sock=slot1_26_1960192_5758_84216>
...
040 (16579323.018.000) 02/09 19:07:36 Finished transferring input files
...
001 (16579323.018.000) 02/09 19:07:37 Job executing on host: <188.185.193.13:9618?addrs=188.185.193.13-9618+[2001-1458-303-20--100-9]-9618&alias=b9p19p6329.cern.ch&noUDP&sock=startd_5191_2c36>
	SlotName: slot1_26@b9p19p6329.cern.ch
	CondorScratchDir = "/pool/condor/dir_133706"
	Cpus = 1
	Disk = 3908
	GPUs = 0
	Memory = 3000
...
006 (16579323.018.000) 02/09 19:07:46 Image size of job updated: 1880
	2  -  MemoryUsage of job (MB)
	1880  -  ResidentSetSize of job (KB)
...
040 (16579323.018.000) 02/09 19:08:31 Started transferring output files
...
040 (16579323.018.000) 02/09 19:08:31 Finished transferring output files
...
005 (16579323.018.000) 02/09 19:08:31 Job terminated.
	(1) Normal termination (return value 0)
		Usr 0 00:00:09, Sys 0 00:00:00  -  Run Remote Usage
		Usr 0 00:00:00, Sys 0 00:00:00  -  Run Local Usage
		Usr 0 00:00:09, Sys 0 00:00:00  -  Total Remote Usage
		Usr 0 00:00:00, Sys 0 00:00:00  -  Total Local Usage
	23854  -  Run Bytes Sent By Job
	10424  -  Run Bytes Received By Job
	23854  -  Total Bytes Sent By Job
	10424  -  Total Bytes Received By Job
	Partitionable Resources :    Usage  Request Allocated 
	   Cpus                 :        0        1         1 
	   Disk (KB)            :       59       12      3908 
	   GPUs                 :                           0 
	   Memory (MB)          :        2     3000      3000 

	Job terminated of its own accord at 2025-02-09T18:08:31Z with exit-code 0.
...
000 (16579328.018.000) 02/09 19:13:46 Job submitted from host: <188.185.72.155:9618?addrs=188.185.72.155-9618+[2001-1458-d00-8--100-95]-9618&alias=bigbird08.cern.ch&noUDP&sock=schedd_862983_22fa>
...
040 (16579328.018.000) 02/09 19:14:52 Started transferring input files
	Transferring to host: <188.185.213.167:9618?addrs=188.185.213.167-9618+[2001-1458-303-1b--100-23]-9618&alias=b9p28p1049.cern.ch&noUDP&sock=slot1_43_221138_79da_114412>
...
040 (16579328.018.000) 02/09 19:14:52 Finished transferring input files
...
001 (16579328.018.000) 02/09 19:14:53 Job executing on host: <188.185.213.167:9618?addrs=188.185.213.167-9618+[2001-1458-303-1b--100-23]-9618&alias=b9p28p1049.cern.ch&noUDP&sock=startd_221080_11e0>
	SlotName: slot1_43@b9p28p1049.cern.ch
	CondorScratchDir = "/pool/condor/dir_1763029"
	Cpus = 1
	Disk = 3887
	GPUs = 0
	Memory = 3000
...
006 (16579328.018.000) 02/09 19:15:01 Image size of job updated: 72980
	72  -  MemoryUsage of job (MB)
	72980  -  ResidentSetSize of job (KB)
...
040 (16579328.018.000) 02/09 19:15:19 Started transferring output files
...
040 (16579328.018.000) 02/09 19:15:19 Finished transferring output files
...
005 (16579328.018.000) 02/09 19:15:19 Job terminated.
	(1) Normal termination (return value 0)
		Usr 0 00:00:04, Sys 0 00:00:01  -  Run Remote Usage
		Usr 0 00:00:00, Sys 0 00:00:00  -  Run Local Usage
		Usr 0 00:00:04, Sys 0 00:00:01  -  Total Remote Usage
		Usr 0 00:00:00, Sys 0 00:00:00  -  Total Local Usage
	23854  -  Run Bytes Sent By Job
	10424  -  Run Bytes Received By Job
	23854  -  Total Bytes Sent By Job
	10424  -  Total Bytes Received By Job
	Partitionable Resources :    Usage  Request Allocated 
	   Cpus                 :        0        1         1 
	   Disk (KB)            :       59       12      3887 
	   GPUs                 :                           0 
	   Memory (MB)          :       72     3000      3000 

	Job terminated of its own accord at 2025-02-09T18:15:19Z with exit-code 0.
...
