000 (16579323.011.000) 02/09 19:06:02 Job submitted from host: <188.185.72.155:9618?addrs=188.185.72.155-9618+[2001-1458-d00-8--100-95]-9618&alias=bigbird08.cern.ch&noUDP&sock=schedd_862983_22fa>
...
040 (16579323.011.000) 02/09 19:07:32 Started transferring input files
	Transferring to host: <188.185.205.220:9618?addrs=188.185.205.220-9618+[2001-1458-303-a--100-59]-9618&alias=b9p04p1288.cern.ch&noUDP&sock=slot1_34_2249424_7349_66012>
...
040 (16579323.011.000) 02/09 19:07:32 Finished transferring input files
...
001 (16579323.011.000) 02/09 19:07:33 Job executing on host: <188.185.205.220:9618?addrs=188.185.205.220-9618+[2001-1458-303-a--100-59]-9618&alias=b9p04p1288.cern.ch&noUDP&sock=startd_3394_9486>
	SlotName: slot1_34@b9p04p1288.cern.ch
	CondorScratchDir = "/pool/condor/dir_1310506"
	Cpus = 1
	Disk = 3638
	GPUs = 0
	Memory = 3000
...
006 (16579323.011.000) 02/09 19:07:38 Image size of job updated: 1268
	2  -  MemoryUsage of job (MB)
	1268  -  ResidentSetSize of job (KB)
...
040 (16579323.011.000) 02/09 19:07:39 Started transferring output files
...
040 (16579323.011.000) 02/09 19:07:39 Finished transferring output files
...
005 (16579323.011.000) 02/09 19:07:39 Job terminated.
	(1) Normal termination (return value 0)
		Usr 0 00:00:00, Sys 0 00:00:00  -  Run Remote Usage
		Usr 0 00:00:00, Sys 0 00:00:00  -  Run Local Usage
		Usr 0 00:00:00, Sys 0 00:00:00  -  Total Remote Usage
		Usr 0 00:00:00, Sys 0 00:00:00  -  Total Local Usage
	23834  -  Run Bytes Sent By Job
	10424  -  Run Bytes Received By Job
	23834  -  Total Bytes Sent By Job
	10424  -  Total Bytes Received By Job
	Partitionable Resources :    Usage  Request Allocated 
	   Cpus                 :        0        1         1 
	   Disk (KB)            :       62       12      3638 
	   GPUs                 :                           0 
	   Memory (MB)          :        2     3000      3000 

	Job terminated of its own accord at 2025-02-09T18:07:38Z with exit-code 0.
...
000 (16579328.011.000) 02/09 19:13:46 Job submitted from host: <188.185.72.155:9618?addrs=188.185.72.155-9618+[2001-1458-d00-8--100-95]-9618&alias=bigbird08.cern.ch&noUDP&sock=schedd_862983_22fa>
...
040 (16579328.011.000) 02/09 19:14:44 Started transferring input files
	Transferring to host: <188.185.195.87:9618?addrs=188.185.195.87-9618+[2001-1458-303-22--100-53]-9618&alias=b9p17p3514.cern.ch&noUDP&sock=slot1_28_575420_31e0_68121>
...
040 (16579328.011.000) 02/09 19:14:44 Finished transferring input files
...
001 (16579328.011.000) 02/09 19:14:45 Job executing on host: <188.185.195.87:9618?addrs=188.185.195.87-9618+[2001-1458-303-22--100-53]-9618&alias=b9p17p3514.cern.ch&noUDP&sock=startd_8100_8137>
	SlotName: slot1_28@b9p17p3514.cern.ch
	CondorScratchDir = "/pool/condor/dir_3917450"
	Cpus = 1
	Disk = 3830
	GPUs = 0
	Memory = 3000
...
006 (16579328.011.000) 02/09 19:14:52 Image size of job updated: 280848
	275  -  MemoryUsage of job (MB)
	280848  -  ResidentSetSize of job (KB)
...
040 (16579328.011.000) 02/09 19:14:52 Started transferring output files
...
040 (16579328.011.000) 02/09 19:14:52 Finished transferring output files
...
005 (16579328.011.000) 02/09 19:14:52 Job terminated.
	(1) Normal termination (return value 0)
		Usr 0 00:00:01, Sys 0 00:00:00  -  Run Remote Usage
		Usr 0 00:00:00, Sys 0 00:00:00  -  Run Local Usage
		Usr 0 00:00:01, Sys 0 00:00:00  -  Total Remote Usage
		Usr 0 00:00:00, Sys 0 00:00:00  -  Total Local Usage
	23834  -  Run Bytes Sent By Job
	10424  -  Run Bytes Received By Job
	23834  -  Total Bytes Sent By Job
	10424  -  Total Bytes Received By Job
	Partitionable Resources :    Usage  Request Allocated 
	   Cpus                 :        0        1         1 
	   Disk (KB)            :       59       12      3830 
	   GPUs                 :                           0 
	   Memory (MB)          :      275     3000      3000 

	Job terminated of its own accord at 2025-02-09T18:14:52Z with exit-code 0.
...
