000 (16579323.013.000) 02/09 19:06:02 Job submitted from host: <188.185.72.155:9618?addrs=188.185.72.155-9618+[2001-1458-d00-8--100-95]-9618&alias=bigbird08.cern.ch&noUDP&sock=schedd_862983_22fa>
...
040 (16579323.013.000) 02/09 19:07:34 Started transferring input files
	Transferring to host: <188.185.193.10:9618?addrs=188.185.193.10-9618+[2001-1458-303-20--100-6]-9618&alias=b9p19p4756.cern.ch&noUDP&sock=slot1_28_2613825_eb8b_53019>
...
040 (16579323.013.000) 02/09 19:07:34 Finished transferring input files
...
001 (16579323.013.000) 02/09 19:07:35 Job executing on host: <188.185.193.10:9618?addrs=188.185.193.10-9618+[2001-1458-303-20--100-6]-9618&alias=b9p19p4756.cern.ch&noUDP&sock=startd_6713_235b>
	SlotName: slot1_28@b9p19p4756.cern.ch
	CondorScratchDir = "/pool/condor/dir_3005039"
	Cpus = 1
	Disk = 3814
	GPUs = 0
	Memory = 3000
...
006 (16579323.013.000) 02/09 19:07:43 Image size of job updated: 1000
	1  -  MemoryUsage of job (MB)
	1000  -  ResidentSetSize of job (KB)
...
040 (16579323.013.000) 02/09 19:07:43 Started transferring output files
...
040 (16579323.013.000) 02/09 19:07:43 Finished transferring output files
...
005 (16579323.013.000) 02/09 19:07:43 Job terminated.
	(1) Normal termination (return value 0)
		Usr 0 00:00:01, Sys 0 00:00:00  -  Run Remote Usage
		Usr 0 00:00:00, Sys 0 00:00:00  -  Run Local Usage
		Usr 0 00:00:01, Sys 0 00:00:00  -  Total Remote Usage
		Usr 0 00:00:00, Sys 0 00:00:00  -  Total Local Usage
	23834  -  Run Bytes Sent By Job
	10424  -  Run Bytes Received By Job
	23834  -  Total Bytes Sent By Job
	10424  -  Total Bytes Received By Job
	Partitionable Resources :    Usage  Request Allocated 
	   Cpus                 :        0        1         1 
	   Disk (KB)            :       58       12      3814 
	   GPUs                 :                           0 
	   Memory (MB)          :        1     3000      3000 

	Job terminated of its own accord at 2025-02-09T18:07:43Z with exit-code 0.
...
000 (16579328.013.000) 02/09 19:13:46 Job submitted from host: <188.185.72.155:9618?addrs=188.185.72.155-9618+[2001-1458-d00-8--100-95]-9618&alias=bigbird08.cern.ch&noUDP&sock=schedd_862983_22fa>
...
040 (16579328.013.000) 02/09 19:14:46 Started transferring input files
	Transferring to host: <188.185.215.162:9618?addrs=188.185.215.162-9618+[2001-1458-303-26--100-1e]-9618&alias=b9p18p7274.cern.ch&noUDP&sock=slot1_27_1588757_c837_67542>
...
040 (16579328.013.000) 02/09 19:14:46 Finished transferring input files
...
001 (16579328.013.000) 02/09 19:14:47 Job executing on host: <188.185.215.162:9618?addrs=188.185.215.162-9618+[2001-1458-303-26--100-1e]-9618&alias=b9p18p7274.cern.ch&noUDP&sock=startd_8688_d2e7>
	SlotName: slot1_27@b9p18p7274.cern.ch
	CondorScratchDir = "/pool/condor/dir_317135"
	Cpus = 1
	Disk = 3808
	GPUs = 0
	Memory = 3000
...
006 (16579328.013.000) 02/09 19:14:54 Image size of job updated: 270272
	264  -  MemoryUsage of job (MB)
	270272  -  ResidentSetSize of job (KB)
...
040 (16579328.013.000) 02/09 19:14:55 Started transferring output files
...
040 (16579328.013.000) 02/09 19:14:55 Finished transferring output files
...
005 (16579328.013.000) 02/09 19:14:55 Job terminated.
	(1) Normal termination (return value 0)
		Usr 0 00:00:01, Sys 0 00:00:00  -  Run Remote Usage
		Usr 0 00:00:00, Sys 0 00:00:00  -  Run Local Usage
		Usr 0 00:00:01, Sys 0 00:00:00  -  Total Remote Usage
		Usr 0 00:00:00, Sys 0 00:00:00  -  Total Local Usage
	23834  -  Run Bytes Sent By Job
	10424  -  Run Bytes Received By Job
	23834  -  Total Bytes Sent By Job
	10424  -  Total Bytes Received By Job
	Partitionable Resources :    Usage  Request Allocated 
	   Cpus                 :        0        1         1 
	   Disk (KB)            :       59       12      3808 
	   GPUs                 :                           0 
	   Memory (MB)          :      264     3000      3000 

	Job terminated of its own accord at 2025-02-09T18:14:54Z with exit-code 0.
...
