Submit jobs at 
PWD: /afs/cern.ch/user/v/vpant/pprefanalysis

Processing Track_Analyzer.C("input/ppref2024/20250209/pprefzerobiasplusforward3_set1_9.txt","/eos/user/v/vpant/ppref2024/ppref2024outputfiles/pprefzerobiasplusforward3_set1_9.root",0,0)...
List of input files founded! --> input/ppref2024/20250209/pprefzerobiasplusforward3_set1_9.txt
list operator is /eos/cms/store/group/phys_heavyions/vpant/ppref2024output/PPRefZeroBiasPlusForward3/crab_ppref2024/250203_013520/0000/HiForestMiniAOD_46.root
Adding file /eos/cms/store/group/phys_heavyions/vpant/ppref2024output/PPRefZeroBiasPlusForward3/crab_ppref2024/250203_013520/0000/HiForestMiniAOD_46.root to the chains
list operator is /eos/cms/store/group/phys_heavyions/vpant/ppref2024output/PPRefZeroBiasPlusForward3/crab_ppref2024/250203_013520/0000/HiForestMiniAOD_460.root
Adding file /eos/cms/store/group/phys_heavyions/vpant/ppref2024output/PPRefZeroBiasPlusForward3/crab_ppref2024/250203_013520/0000/HiForestMiniAOD_460.root to the chains
list operator is /eos/cms/store/group/phys_heavyions/vpant/ppref2024output/PPRefZeroBiasPlusForward3/crab_ppref2024/250203_013520/0000/HiForestMiniAOD_461.root
Adding file /eos/cms/store/group/phys_heavyions/vpant/ppref2024output/PPRefZeroBiasPlusForward3/crab_ppref2024/250203_013520/0000/HiForestMiniAOD_461.root to the chains
list operator is /eos/cms/store/group/phys_heavyions/vpant/ppref2024output/PPRefZeroBiasPlusForward3/crab_ppref2024/250203_013520/0000/HiForestMiniAOD_462.root
Adding file /eos/cms/store/group/phys_heavyions/vpant/ppref2024output/PPRefZeroBiasPlusForward3/crab_ppref2024/250203_013520/0000/HiForestMiniAOD_462.root to the chains
list operator is /eos/cms/store/group/phys_heavyions/vpant/ppref2024output/PPRefZeroBiasPlusForward3/crab_ppref2024/250203_013520/0000/HiForestMiniAOD_463.root
Adding file /eos/cms/store/group/phys_heavyions/vpant/ppref2024output/PPRefZeroBiasPlusForward3/crab_ppref2024/250203_013520/0000/HiForestMiniAOD_463.root to the chains
list operator is /eos/cms/store/group/phys_heavyions/vpant/ppref2024output/PPRefZeroBiasPlusForward3/crab_ppref2024/250203_013520/0000/HiForestMiniAOD_464.root
Adding file /eos/cms/store/group/phys_heavyions/vpant/ppref2024output/PPRefZeroBiasPlusForward3/crab_ppref2024/250203_013520/0000/HiForestMiniAOD_464.root to the chains
list operator is /eos/cms/store/group/phys_heavyions/vpant/ppref2024output/PPRefZeroBiasPlusForward3/crab_ppref2024/250203_013520/0000/HiForestMiniAOD_465.root
Adding file /eos/cms/store/group/phys_heavyions/vpant/ppref2024output/PPRefZeroBiasPlusForward3/crab_ppref2024/250203_013520/0000/HiForestMiniAOD_465.root to the chains
list operator is /eos/cms/store/group/phys_heavyions/vpant/ppref2024output/PPRefZeroBiasPlusForward3/crab_ppref2024/250203_013520/0000/HiForestMiniAOD_466.root
Adding file /eos/cms/store/group/phys_heavyions/vpant/ppref2024output/PPRefZeroBiasPlusForward3/crab_ppref2024/250203_013520/0000/HiForestMiniAOD_466.root to the chains
list operator is /eos/cms/store/group/phys_heavyions/vpant/ppref2024output/PPRefZeroBiasPlusForward3/crab_ppref2024/250203_013520/0000/HiForestMiniAOD_467.root
Adding file /eos/cms/store/group/phys_heavyions/vpant/ppref2024output/PPRefZeroBiasPlusForward3/crab_ppref2024/250203_013520/0000/HiForestMiniAOD_467.root to the chains
list operator is /eos/cms/store/group/phys_heavyions/vpant/ppref2024output/PPRefZeroBiasPlusForward3/crab_ppref2024/250203_013520/0000/HiForestMiniAOD_468.root
Adding file /eos/cms/store/group/phys_heavyions/vpant/ppref2024output/PPRefZeroBiasPlusForward3/crab_ppref2024/250203_013520/0000/HiForestMiniAOD_468.root to the chains
list operator is /eos/cms/store/group/phys_heavyions/vpant/ppref2024output/PPRefZeroBiasPlusForward3/crab_ppref2024/250203_013520/0000/HiForestMiniAOD_469.root
Adding file /eos/cms/store/group/phys_heavyions/vpant/ppref2024output/PPRefZeroBiasPlusForward3/crab_ppref2024/250203_013520/0000/HiForestMiniAOD_469.root to the chains
list operator is /eos/cms/store/group/phys_heavyions/vpant/ppref2024output/PPRefZeroBiasPlusForward3/crab_ppref2024/250203_013520/0000/HiForestMiniAOD_47.root
Adding file /eos/cms/store/group/phys_heavyions/vpant/ppref2024output/PPRefZeroBiasPlusForward3/crab_ppref2024/250203_013520/0000/HiForestMiniAOD_47.root to the chains
list operator is /eos/cms/store/group/phys_heavyions/vpant/ppref2024output/PPRefZeroBiasPlusForward3/crab_ppref2024/250203_013520/0000/HiForestMiniAOD_470.root
Adding file /eos/cms/store/group/phys_heavyions/vpant/ppref2024output/PPRefZeroBiasPlusForward3/crab_ppref2024/250203_013520/0000/HiForestMiniAOD_470.root to the chains
list operator is /eos/cms/store/group/phys_heavyions/vpant/ppref2024output/PPRefZeroBiasPlusForward3/crab_ppref2024/250203_013520/0000/HiForestMiniAOD_471.root
Adding file /eos/cms/store/group/phys_heavyions/vpant/ppref2024output/PPRefZeroBiasPlusForward3/crab_ppref2024/250203_013520/0000/HiForestMiniAOD_471.root to the chains
list operator is /eos/cms/store/group/phys_heavyions/vpant/ppref2024output/PPRefZeroBiasPlusForward3/crab_ppref2024/250203_013520/0000/HiForestMiniAOD_472.root
Adding file /eos/cms/store/group/phys_heavyions/vpant/ppref2024output/PPRefZeroBiasPlusForward3/crab_ppref2024/250203_013520/0000/HiForestMiniAOD_472.root to the chains
list operator is /eos/cms/store/group/phys_heavyions/vpant/ppref2024output/PPRefZeroBiasPlusForward3/crab_ppref2024/250203_013520/0000/HiForestMiniAOD_473.root
Adding file /eos/cms/store/group/phys_heavyions/vpant/ppref2024output/PPRefZeroBiasPlusForward3/crab_ppref2024/250203_013520/0000/HiForestMiniAOD_473.root to the chains
list operator is /eos/cms/store/group/phys_heavyions/vpant/ppref2024output/PPRefZeroBiasPlusForward3/crab_ppref2024/250203_013520/0000/HiForestMiniAOD_474.root
Adding file /eos/cms/store/group/phys_heavyions/vpant/ppref2024output/PPRefZeroBiasPlusForward3/crab_ppref2024/250203_013520/0000/HiForestMiniAOD_474.root to the chains
list operator is /eos/cms/store/group/phys_heavyions/vpant/ppref2024output/PPRefZeroBiasPlusForward3/crab_ppref2024/250203_013520/0000/HiForestMiniAOD_475.root
Adding file /eos/cms/store/group/phys_heavyions/vpant/ppref2024output/PPRefZeroBiasPlusForward3/crab_ppref2024/250203_013520/0000/HiForestMiniAOD_475.root to the chains
list operator is /eos/cms/store/group/phys_heavyions/vpant/ppref2024output/PPRefZeroBiasPlusForward3/crab_ppref2024/250203_013520/0000/HiForestMiniAOD_476.root
Adding file /eos/cms/store/group/phys_heavyions/vpant/ppref2024output/PPRefZeroBiasPlusForward3/crab_ppref2024/250203_013520/0000/HiForestMiniAOD_476.root to the chains
list operator is /eos/cms/store/group/phys_heavyions/vpant/ppref2024output/PPRefZeroBiasPlusForward3/crab_ppref2024/250203_013520/0000/HiForestMiniAOD_477.root
Adding file /eos/cms/store/group/phys_heavyions/vpant/ppref2024output/PPRefZeroBiasPlusForward3/crab_ppref2024/250203_013520/0000/HiForestMiniAOD_477.root to the chains
list operator is /eos/cms/store/group/phys_heavyions/vpant/ppref2024output/PPRefZeroBiasPlusForward3/crab_ppref2024/250203_013520/0000/HiForestMiniAOD_478.root
Adding file /eos/cms/store/group/phys_heavyions/vpant/ppref2024output/PPRefZeroBiasPlusForward3/crab_ppref2024/250203_013520/0000/HiForestMiniAOD_478.root to the chains
list operator is /eos/cms/store/group/phys_heavyions/vpant/ppref2024output/PPRefZeroBiasPlusForward3/crab_ppref2024/250203_013520/0000/HiForestMiniAOD_479.root
Adding file /eos/cms/store/group/phys_heavyions/vpant/ppref2024output/PPRefZeroBiasPlusForward3/crab_ppref2024/250203_013520/0000/HiForestMiniAOD_479.root to the chains
list operator is /eos/cms/store/group/phys_heavyions/vpant/ppref2024output/PPRefZeroBiasPlusForward3/crab_ppref2024/250203_013520/0000/HiForestMiniAOD_48.root
Adding file /eos/cms/store/group/phys_heavyions/vpant/ppref2024output/PPRefZeroBiasPlusForward3/crab_ppref2024/250203_013520/0000/HiForestMiniAOD_48.root to the chains
list operator is /eos/cms/store/group/phys_heavyions/vpant/ppref2024output/PPRefZeroBiasPlusForward3/crab_ppref2024/250203_013520/0000/HiForestMiniAOD_480.root
Adding file /eos/cms/store/group/phys_heavyions/vpant/ppref2024output/PPRefZeroBiasPlusForward3/crab_ppref2024/250203_013520/0000/HiForestMiniAOD_480.root to the chains
list operator is /eos/cms/store/group/phys_heavyions/vpant/ppref2024output/PPRefZeroBiasPlusForward3/crab_ppref2024/250203_013520/0000/HiForestMiniAOD_481.root
Adding file /eos/cms/store/group/phys_heavyions/vpant/ppref2024output/PPRefZeroBiasPlusForward3/crab_ppref2024/250203_013520/0000/HiForestMiniAOD_481.root to the chains
list operator is /eos/cms/store/group/phys_heavyions/vpant/ppref2024output/PPRefZeroBiasPlusForward3/crab_ppref2024/250203_013520/0000/HiForestMiniAOD_482.root
Adding file /eos/cms/store/group/phys_heavyions/vpant/ppref2024output/PPRefZeroBiasPlusForward3/crab_ppref2024/250203_013520/0000/HiForestMiniAOD_482.root to the chains
list operator is /eos/cms/store/group/phys_heavyions/vpant/ppref2024output/PPRefZeroBiasPlusForward3/crab_ppref2024/250203_013520/0000/HiForestMiniAOD_483.root
Adding file /eos/cms/store/group/phys_heavyions/vpant/ppref2024output/PPRefZeroBiasPlusForward3/crab_ppref2024/250203_013520/0000/HiForestMiniAOD_483.root to the chains
list operator is /eos/cms/store/group/phys_heavyions/vpant/ppref2024output/PPRefZeroBiasPlusForward3/crab_ppref2024/250203_013520/0000/HiForestMiniAOD_484.root
Adding file /eos/cms/store/group/phys_heavyions/vpant/ppref2024output/PPRefZeroBiasPlusForward3/crab_ppref2024/250203_013520/0000/HiForestMiniAOD_484.root to the chains
list operator is /eos/cms/store/group/phys_heavyions/vpant/ppref2024output/PPRefZeroBiasPlusForward3/crab_ppref2024/250203_013520/0000/HiForestMiniAOD_485.root
Adding file /eos/cms/store/group/phys_heavyions/vpant/ppref2024output/PPRefZeroBiasPlusForward3/crab_ppref2024/250203_013520/0000/HiForestMiniAOD_485.root to the chains
list operator is /eos/cms/store/group/phys_heavyions/vpant/ppref2024output/PPRefZeroBiasPlusForward3/crab_ppref2024/250203_013520/0000/HiForestMiniAOD_486.root
Adding file /eos/cms/store/group/phys_heavyions/vpant/ppref2024output/PPRefZeroBiasPlusForward3/crab_ppref2024/250203_013520/0000/HiForestMiniAOD_486.root to the chains
list operator is /eos/cms/store/group/phys_heavyions/vpant/ppref2024output/PPRefZeroBiasPlusForward3/crab_ppref2024/250203_013520/0000/HiForestMiniAOD_487.root
Adding file /eos/cms/store/group/phys_heavyions/vpant/ppref2024output/PPRefZeroBiasPlusForward3/crab_ppref2024/250203_013520/0000/HiForestMiniAOD_487.root to the chains
list operator is /eos/cms/store/group/phys_heavyions/vpant/ppref2024output/PPRefZeroBiasPlusForward3/crab_ppref2024/250203_013520/0000/HiForestMiniAOD_488.root
Adding file /eos/cms/store/group/phys_heavyions/vpant/ppref2024output/PPRefZeroBiasPlusForward3/crab_ppref2024/250203_013520/0000/HiForestMiniAOD_488.root to the chains
list operator is /eos/cms/store/group/phys_heavyions/vpant/ppref2024output/PPRefZeroBiasPlusForward3/crab_ppref2024/250203_013520/0000/HiForestMiniAOD_489.root
Adding file /eos/cms/store/group/phys_heavyions/vpant/ppref2024output/PPRefZeroBiasPlusForward3/crab_ppref2024/250203_013520/0000/HiForestMiniAOD_489.root to the chains
list operator is /eos/cms/store/group/phys_heavyions/vpant/ppref2024output/PPRefZeroBiasPlusForward3/crab_ppref2024/250203_013520/0000/HiForestMiniAOD_49.root
Adding file /eos/cms/store/group/phys_heavyions/vpant/ppref2024output/PPRefZeroBiasPlusForward3/crab_ppref2024/250203_013520/0000/HiForestMiniAOD_49.root to the chains
list operator is /eos/cms/store/group/phys_heavyions/vpant/ppref2024output/PPRefZeroBiasPlusForward3/crab_ppref2024/250203_013520/0000/HiForestMiniAOD_490.root
Adding file /eos/cms/store/group/phys_heavyions/vpant/ppref2024output/PPRefZeroBiasPlusForward3/crab_ppref2024/250203_013520/0000/HiForestMiniAOD_490.root to the chains
list operator is /eos/cms/store/group/phys_heavyions/vpant/ppref2024output/PPRefZeroBiasPlusForward3/crab_ppref2024/250203_013520/0000/HiForestMiniAOD_491.root
Adding file /eos/cms/store/group/phys_heavyions/vpant/ppref2024output/PPRefZeroBiasPlusForward3/crab_ppref2024/250203_013520/0000/HiForestMiniAOD_491.root to the chains
list operator is /eos/cms/store/group/phys_heavyions/vpant/ppref2024output/PPRefZeroBiasPlusForward3/crab_ppref2024/250203_013520/0000/HiForestMiniAOD_492.root
Adding file /eos/cms/store/group/phys_heavyions/vpant/ppref2024output/PPRefZeroBiasPlusForward3/crab_ppref2024/250203_013520/0000/HiForestMiniAOD_492.root to the chains
list operator is /eos/cms/store/group/phys_heavyions/vpant/ppref2024output/PPRefZeroBiasPlusForward3/crab_ppref2024/250203_013520/0000/HiForestMiniAOD_493.root
Adding file /eos/cms/store/group/phys_heavyions/vpant/ppref2024output/PPRefZeroBiasPlusForward3/crab_ppref2024/250203_013520/0000/HiForestMiniAOD_493.root to the chains
list operator is /eos/cms/store/group/phys_heavyions/vpant/ppref2024output/PPRefZeroBiasPlusForward3/crab_ppref2024/250203_013520/0000/HiForestMiniAOD_494.root
Adding file /eos/cms/store/group/phys_heavyions/vpant/ppref2024output/PPRefZeroBiasPlusForward3/crab_ppref2024/250203_013520/0000/HiForestMiniAOD_494.root to the chains
list operator is /eos/cms/store/group/phys_heavyions/vpant/ppref2024output/PPRefZeroBiasPlusForward3/crab_ppref2024/250203_013520/0000/HiForestMiniAOD_495.root
Adding file /eos/cms/store/group/phys_heavyions/vpant/ppref2024output/PPRefZeroBiasPlusForward3/crab_ppref2024/250203_013520/0000/HiForestMiniAOD_495.root to the chains
list operator is /eos/cms/store/group/phys_heavyions/vpant/ppref2024output/PPRefZeroBiasPlusForward3/crab_ppref2024/250203_013520/0000/HiForestMiniAOD_496.root
Adding file /eos/cms/store/group/phys_heavyions/vpant/ppref2024output/PPRefZeroBiasPlusForward3/crab_ppref2024/250203_013520/0000/HiForestMiniAOD_496.root to the chains
list operator is /eos/cms/store/group/phys_heavyions/vpant/ppref2024output/PPRefZeroBiasPlusForward3/crab_ppref2024/250203_013520/0000/HiForestMiniAOD_497.root
Adding file /eos/cms/store/group/phys_heavyions/vpant/ppref2024output/PPRefZeroBiasPlusForward3/crab_ppref2024/250203_013520/0000/HiForestMiniAOD_497.root to the chains
list operator is /eos/cms/store/group/phys_heavyions/vpant/ppref2024output/PPRefZeroBiasPlusForward3/crab_ppref2024/250203_013520/0000/HiForestMiniAOD_498.root
Adding file /eos/cms/store/group/phys_heavyions/vpant/ppref2024output/PPRefZeroBiasPlusForward3/crab_ppref2024/250203_013520/0000/HiForestMiniAOD_498.root to the chains
list operator is /eos/cms/store/group/phys_heavyions/vpant/ppref2024output/PPRefZeroBiasPlusForward3/crab_ppref2024/250203_013520/0000/HiForestMiniAOD_499.root
Adding file /eos/cms/store/group/phys_heavyions/vpant/ppref2024output/PPRefZeroBiasPlusForward3/crab_ppref2024/250203_013520/0000/HiForestMiniAOD_499.root to the chains
list operator is /eos/cms/store/group/phys_heavyions/vpant/ppref2024output/PPRefZeroBiasPlusForward3/crab_ppref2024/250203_013520/0000/HiForestMiniAOD_5.root
Adding file /eos/cms/store/group/phys_heavyions/vpant/ppref2024output/PPRefZeroBiasPlusForward3/crab_ppref2024/250203_013520/0000/HiForestMiniAOD_5.root to the chains
list operator is /eos/cms/store/group/phys_heavyions/vpant/ppref2024output/PPRefZeroBiasPlusForward3/crab_ppref2024/250203_013520/0000/HiForestMiniAOD_50.root
Adding file /eos/cms/store/group/phys_heavyions/vpant/ppref2024output/PPRefZeroBiasPlusForward3/crab_ppref2024/250203_013520/0000/HiForestMiniAOD_50.root to the chains
list operator is /eos/cms/store/group/phys_heavyions/vpant/ppref2024output/PPRefZeroBiasPlusForward3/crab_ppref2024/250203_013520/0000/HiForestMiniAOD_500.root
Adding file /eos/cms/store/group/phys_heavyions/vpant/ppref2024output/PPRefZeroBiasPlusForward3/crab_ppref2024/250203_013520/0000/HiForestMiniAOD_500.root to the chains
list operator is /eos/cms/store/group/phys_heavyions/vpant/ppref2024output/PPRefZeroBiasPlusForward3/crab_ppref2024/250203_013520/0000/HiForestMiniAOD_501.root
Adding file /eos/cms/store/group/phys_heavyions/vpant/ppref2024output/PPRefZeroBiasPlusForward3/crab_ppref2024/250203_013520/0000/HiForestMiniAOD_501.root to the chains
list operator is /eos/cms/store/group/phys_heavyions/vpant/ppref2024output/PPRefZeroBiasPlusForward3/crab_ppref2024/250203_013520/0000/HiForestMiniAOD_502.root
Adding file /eos/cms/store/group/phys_heavyions/vpant/ppref2024output/PPRefZeroBiasPlusForward3/crab_ppref2024/250203_013520/0000/HiForestMiniAOD_502.root to the chains
list operator is /eos/cms/store/group/phys_heavyions/vpant/ppref2024output/PPRefZeroBiasPlusForward3/crab_ppref2024/250203_013520/0000/HiForestMiniAOD_503.root
Adding file /eos/cms/store/group/phys_heavyions/vpant/ppref2024output/PPRefZeroBiasPlusForward3/crab_ppref2024/250203_013520/0000/HiForestMiniAOD_503.root to the chains
Total number of events in those files: 8490

-------------------------------------------------
0 events passed 
finished