000 (16579324.004.000) 02/09 19:06:07 Job submitted from host: <188.185.72.155:9618?addrs=188.185.72.155-9618+[2001-1458-d00-8--100-95]-9618&alias=bigbird08.cern.ch&noUDP&sock=schedd_862983_22fa>
...
040 (16579324.004.000) 02/09 19:07:38 Started transferring input files
	Transferring to host: <188.185.193.57:9618?addrs=188.185.193.57-9618+[2001-1458-303-20--100-35]-9618&alias=b9p19p6242.cern.ch&noUDP&sock=slot1_33_2470032_be54_7204>
...
040 (16579324.004.000) 02/09 19:07:38 Finished transferring input files
...
001 (16579324.004.000) 02/09 19:07:40 Job executing on host: <188.185.193.57:9618?addrs=188.185.193.57-9618+[2001-1458-303-20--100-35]-9618&alias=b9p19p6242.cern.ch&noUDP&sock=startd_4462_23ab>
	SlotName: slot1_33@b9p19p6242.cern.ch
	CondorScratchDir = "/pool/condor/dir_1591311"
	Cpus = 1
	Disk = 3866
	GPUs = 0
	Memory = 3000
...
006 (16579324.004.000) 02/09 19:07:48 Image size of job updated: 61928
	61  -  MemoryUsage of job (MB)
	61928  -  ResidentSetSize of job (KB)
...
040 (16579324.004.000) 02/09 19:08:10 Started transferring output files
...
040 (16579324.004.000) 02/09 19:08:10 Finished transferring output files
...
005 (16579324.004.000) 02/09 19:08:10 Job terminated.
	(1) Normal termination (return value 0)
		Usr 0 00:00:09, Sys 0 00:00:00  -  Run Remote Usage
		Usr 0 00:00:00, Sys 0 00:00:00  -  Run Local Usage
		Usr 0 00:00:09, Sys 0 00:00:00  -  Total Remote Usage
		Usr 0 00:00:00, Sys 0 00:00:00  -  Total Local Usage
	23851  -  Run Bytes Sent By Job
	10424  -  Run Bytes Received By Job
	23851  -  Total Bytes Sent By Job
	10424  -  Total Bytes Received By Job
	Partitionable Resources :    Usage  Request Allocated 
	   Cpus                 :        0        1         1 
	   Disk (KB)            :       59       12      3866 
	   GPUs                 :                           0 
	   Memory (MB)          :       61     3000      3000 

	Job terminated of its own accord at 2025-02-09T18:08:10Z with exit-code 0.
...
000 (16579329.004.000) 02/09 19:13:50 Job submitted from host: <188.185.72.155:9618?addrs=188.185.72.155-9618+[2001-1458-d00-8--100-95]-9618&alias=bigbird08.cern.ch&noUDP&sock=schedd_862983_22fa>
...
040 (16579329.004.000) 02/09 19:14:48 Started transferring input files
	Transferring to host: <188.185.213.185:9618?addrs=188.185.213.185-9618+[2001-1458-303-1b--100-35]-9618&alias=b9p28p5486.cern.ch&noUDP&sock=slot1_18_2528560_03a0_86526>
...
040 (16579329.004.000) 02/09 19:14:48 Finished transferring input files
...
001 (16579329.004.000) 02/09 19:14:49 Job executing on host: <188.185.213.185:9618?addrs=188.185.213.185-9618+[2001-1458-303-1b--100-35]-9618&alias=b9p28p5486.cern.ch&noUDP&sock=startd_2942_8bb7>
	SlotName: slot1_18@b9p28p5486.cern.ch
	CondorScratchDir = "/pool/condor/dir_1528490"
	Cpus = 1
	Disk = 3880
	GPUs = 0
	Memory = 3000
...
006 (16579329.004.000) 02/09 19:14:58 Image size of job updated: 70484
	69  -  MemoryUsage of job (MB)
	70484  -  ResidentSetSize of job (KB)
...
006 (16579329.004.000) 02/09 19:15:17 Image size of job updated: 70484
	69  -  MemoryUsage of job (MB)
	70568  -  ResidentSetSize of job (KB)
...
040 (16579329.004.000) 02/09 19:15:17 Started transferring output files
...
040 (16579329.004.000) 02/09 19:15:17 Finished transferring output files
...
005 (16579329.004.000) 02/09 19:15:17 Job terminated.
	(1) Normal termination (return value 0)
		Usr 0 00:00:05, Sys 0 00:00:01  -  Run Remote Usage
		Usr 0 00:00:00, Sys 0 00:00:00  -  Run Local Usage
		Usr 0 00:00:05, Sys 0 00:00:01  -  Total Remote Usage
		Usr 0 00:00:00, Sys 0 00:00:00  -  Total Local Usage
	23851  -  Run Bytes Sent By Job
	10424  -  Run Bytes Received By Job
	23851  -  Total Bytes Sent By Job
	10424  -  Total Bytes Received By Job
	Partitionable Resources :    Usage  Request Allocated 
	   Cpus                 :        0        1         1 
	   Disk (KB)            :       59       12      3880 
	   GPUs                 :                           0 
	   Memory (MB)          :       69     3000      3000 

	Job terminated of its own accord at 2025-02-09T18:15:17Z with exit-code 0.
...
