000 (16579325.013.000) 02/09 19:06:11 Job submitted from host: <188.185.72.155:9618?addrs=188.185.72.155-9618+[2001-1458-d00-8--100-95]-9618&alias=bigbird08.cern.ch&noUDP&sock=schedd_862983_22fa>
...
040 (16579325.013.000) 02/09 19:07:48 Started transferring input files
	Transferring to host: <188.185.195.123:9618?addrs=188.185.195.123-9618+[2001-1458-303-22--100-77]-9618&alias=b9p17p5699.cern.ch&noUDP&sock=slot1_41_6172_7b74_112091>
...
040 (16579325.013.000) 02/09 19:07:48 Finished transferring input files
...
001 (16579325.013.000) 02/09 19:07:49 Job executing on host: <188.185.195.123:9618?addrs=188.185.195.123-9618+[2001-1458-303-22--100-77]-9618&alias=b9p17p5699.cern.ch&noUDP&sock=startd_4598_6c8d>
	SlotName: slot1_41@b9p17p5699.cern.ch
	CondorScratchDir = "/pool/condor/dir_1733137"
	Cpus = 1
	Disk = 3757
	GPUs = 0
	Memory = 3000
...
006 (16579325.013.000) 02/09 19:07:58 Image size of job updated: 62064
	61  -  MemoryUsage of job (MB)
	62064  -  ResidentSetSize of job (KB)
...
040 (16579325.013.000) 02/09 19:08:13 Started transferring output files
...
040 (16579325.013.000) 02/09 19:08:13 Finished transferring output files
...
005 (16579325.013.000) 02/09 19:08:13 Job terminated.
	(1) Normal termination (return value 0)
		Usr 0 00:00:05, Sys 0 00:00:00  -  Run Remote Usage
		Usr 0 00:00:00, Sys 0 00:00:00  -  Run Local Usage
		Usr 0 00:00:05, Sys 0 00:00:00  -  Total Remote Usage
		Usr 0 00:00:00, Sys 0 00:00:00  -  Total Local Usage
	23854  -  Run Bytes Sent By Job
	10424  -  Run Bytes Received By Job
	23854  -  Total Bytes Sent By Job
	10424  -  Total Bytes Received By Job
	Partitionable Resources :    Usage  Request Allocated 
	   Cpus                 :        0        1         1 
	   Disk (KB)            :       59       12      3757 
	   GPUs                 :                           0 
	   Memory (MB)          :       61     3000      3000 

	Job terminated of its own accord at 2025-02-09T18:08:13Z with exit-code 0.
...
000 (16579330.013.000) 02/09 19:13:54 Job submitted from host: <188.185.72.155:9618?addrs=188.185.72.155-9618+[2001-1458-d00-8--100-95]-9618&alias=bigbird08.cern.ch&noUDP&sock=schedd_862983_22fa>
...
040 (16579330.013.000) 02/09 19:14:59 Started transferring input files
	Transferring to host: <128.142.132.104:9618?addrs=128.142.132.104-9618+[2001-1458-301-5a--100-5c]-9618&alias=b9g12p5821.cern.ch&noUDP&sock=slot1_22_2789_da4a_67927>
...
040 (16579330.013.000) 02/09 19:14:59 Finished transferring input files
...
001 (16579330.013.000) 02/09 19:15:00 Job executing on host: <128.142.132.104:9618?addrs=128.142.132.104-9618+[2001-1458-301-5a--100-5c]-9618&alias=b9g12p5821.cern.ch&noUDP&sock=startd_2427_4c71>
	SlotName: slot1_22@b9g12p5821.cern.ch
	CondorScratchDir = "/pool/condor/dir_2988164"
	Cpus = 1
	Disk = 2707
	GPUs = 0
	Memory = 3000
...
006 (16579330.013.000) 02/09 19:15:09 Image size of job updated: 61888
	61  -  MemoryUsage of job (MB)
	61888  -  ResidentSetSize of job (KB)
...
040 (16579330.013.000) 02/09 19:15:29 Started transferring output files
...
040 (16579330.013.000) 02/09 19:15:29 Finished transferring output files
...
005 (16579330.013.000) 02/09 19:15:29 Job terminated.
	(1) Normal termination (return value 0)
		Usr 0 00:00:06, Sys 0 00:00:01  -  Run Remote Usage
		Usr 0 00:00:00, Sys 0 00:00:00  -  Run Local Usage
		Usr 0 00:00:06, Sys 0 00:00:01  -  Total Remote Usage
		Usr 0 00:00:00, Sys 0 00:00:00  -  Total Local Usage
	23854  -  Run Bytes Sent By Job
	10424  -  Run Bytes Received By Job
	23854  -  Total Bytes Sent By Job
	10424  -  Total Bytes Received By Job
	Partitionable Resources :    Usage  Request Allocated 
	   Cpus                 :        0        1         1 
	   Disk (KB)            :       59       12      2707 
	   GPUs                 :                           0 
	   Memory (MB)          :       61     3000      3000 

	Job terminated of its own accord at 2025-02-09T18:15:29Z with exit-code 0.
...
