000 (16579322.015.000) 02/09 19:05:38 Job submitted from host: <188.185.72.155:9618?addrs=188.185.72.155-9618+[2001-1458-d00-8--100-95]-9618&alias=bigbird08.cern.ch&noUDP&sock=schedd_862983_22fa>
...
040 (16579322.015.000) 02/09 19:07:29 Started transferring input files
	Transferring to host: <188.185.194.187:9618?addrs=188.185.194.187-9618+[2001-1458-303-21--100-b7]-9618&alias=b9p20p1860.cern.ch&noUDP&sock=slot1_7_2901740_1567_69810>
...
040 (16579322.015.000) 02/09 19:07:29 Finished transferring input files
...
001 (16579322.015.000) 02/09 19:07:30 Job executing on host: <188.185.194.187:9618?addrs=188.185.194.187-9618+[2001-1458-303-21--100-b7]-9618&alias=b9p20p1860.cern.ch&noUDP&sock=startd_3865_a5a1>
	SlotName: slot1_7@b9p20p1860.cern.ch
	CondorScratchDir = "/pool/condor/dir_1635555"
	Cpus = 1
	Disk = 3917
	GPUs = 0
	Memory = 3000
...
006 (16579322.015.000) 02/09 19:07:39 Image size of job updated: 71140
	70  -  MemoryUsage of job (MB)
	71140  -  ResidentSetSize of job (KB)
...
040 (16579322.015.000) 02/09 19:07:57 Started transferring output files
...
040 (16579322.015.000) 02/09 19:07:57 Finished transferring output files
...
005 (16579322.015.000) 02/09 19:07:57 Job terminated.
	(1) Normal termination (return value 0)
		Usr 0 00:00:08, Sys 0 00:00:00  -  Run Remote Usage
		Usr 0 00:00:00, Sys 0 00:00:00  -  Run Local Usage
		Usr 0 00:00:08, Sys 0 00:00:00  -  Total Remote Usage
		Usr 0 00:00:00, Sys 0 00:00:00  -  Total Local Usage
	23742  -  Run Bytes Sent By Job
	10424  -  Run Bytes Received By Job
	23742  -  Total Bytes Sent By Job
	10424  -  Total Bytes Received By Job
	Partitionable Resources :    Usage  Request Allocated 
	   Cpus                 :        0        1         1 
	   Disk (KB)            :       59       12      3917 
	   GPUs                 :                           0 
	   Memory (MB)          :       70     3000      3000 

	Job terminated of its own accord at 2025-02-09T18:07:57Z with exit-code 0.
...
000 (16579327.015.000) 02/09 19:13:41 Job submitted from host: <188.185.72.155:9618?addrs=188.185.72.155-9618+[2001-1458-d00-8--100-95]-9618&alias=bigbird08.cern.ch&noUDP&sock=schedd_862983_22fa>
...
040 (16579327.015.000) 02/09 19:14:39 Started transferring input files
	Transferring to host: <188.185.198.120:9618?addrs=188.185.198.120-9618+[2001-1458-303-25--100-74]-9618&alias=b9p15p0387.cern.ch&noUDP&sock=slot1_2_236508_080b_5211>
...
040 (16579327.015.000) 02/09 19:14:39 Finished transferring input files
...
001 (16579327.015.000) 02/09 19:14:40 Job executing on host: <188.185.198.120:9618?addrs=188.185.198.120-9618+[2001-1458-303-25--100-74]-9618&alias=b9p15p0387.cern.ch&noUDP&sock=startd_9480_11e9>
	SlotName: slot1_2@b9p15p0387.cern.ch
	CondorScratchDir = "/pool/condor/dir_1837039"
	Cpus = 1
	Disk = 3957
	GPUs = 0
	Memory = 3000
...
006 (16579327.015.000) 02/09 19:14:49 Image size of job updated: 354212
	346  -  MemoryUsage of job (MB)
	354212  -  ResidentSetSize of job (KB)
...
040 (16579327.015.000) 02/09 19:15:03 Started transferring output files
...
040 (16579327.015.000) 02/09 19:15:03 Finished transferring output files
...
005 (16579327.015.000) 02/09 19:15:03 Job terminated.
	(1) Normal termination (return value 0)
		Usr 0 00:00:08, Sys 0 00:00:00  -  Run Remote Usage
		Usr 0 00:00:00, Sys 0 00:00:00  -  Run Local Usage
		Usr 0 00:00:08, Sys 0 00:00:00  -  Total Remote Usage
		Usr 0 00:00:00, Sys 0 00:00:00  -  Total Local Usage
	23742  -  Run Bytes Sent By Job
	10424  -  Run Bytes Received By Job
	23742  -  Total Bytes Sent By Job
	10424  -  Total Bytes Received By Job
	Partitionable Resources :    Usage  Request Allocated 
	   Cpus                 :        0        1         1 
	   Disk (KB)            :       59       12      3957 
	   GPUs                 :                           0 
	   Memory (MB)          :      346     3000      3000 

	Job terminated of its own accord at 2025-02-09T18:15:03Z with exit-code 0.
...
