000 (16579322.007.000) 02/09 19:05:38 Job submitted from host: <188.185.72.155:9618?addrs=188.185.72.155-9618+[2001-1458-d00-8--100-95]-9618&alias=bigbird08.cern.ch&noUDP&sock=schedd_862983_22fa>
...
040 (16579322.007.000) 02/09 19:07:23 Started transferring input files
	Transferring to host: <128.142.192.200:9618?addrs=128.142.192.200-9618+[2001-1458-301-56--100-44]-9618&alias=b9g18p0307.cern.ch&noUDP&sock=slot1_21_3711609_0eec_80603>
...
040 (16579322.007.000) 02/09 19:07:23 Finished transferring input files
...
001 (16579322.007.000) 02/09 19:07:24 Job executing on host: <128.142.192.200:9618?addrs=128.142.192.200-9618+[2001-1458-301-56--100-44]-9618&alias=b9g18p0307.cern.ch&noUDP&sock=startd_3989_b360>
	SlotName: slot1_21@b9g18p0307.cern.ch
	CondorScratchDir = "/pool/condor/dir_1721488"
	Cpus = 1
	Disk = 3905
	GPUs = 0
	Memory = 3000
...
006 (16579322.007.000) 02/09 19:07:33 Image size of job updated: 72692
	71  -  MemoryUsage of job (MB)
	72692  -  ResidentSetSize of job (KB)
...
040 (16579322.007.000) 02/09 19:07:42 Started transferring output files
...
040 (16579322.007.000) 02/09 19:07:42 Finished transferring output files
...
005 (16579322.007.000) 02/09 19:07:43 Job terminated.
	(1) Normal termination (return value 0)
		Usr 0 00:00:05, Sys 0 00:00:00  -  Run Remote Usage
		Usr 0 00:00:00, Sys 0 00:00:00  -  Run Local Usage
		Usr 0 00:00:05, Sys 0 00:00:00  -  Total Remote Usage
		Usr 0 00:00:00, Sys 0 00:00:00  -  Total Local Usage
	23743  -  Run Bytes Sent By Job
	10424  -  Run Bytes Received By Job
	23743  -  Total Bytes Sent By Job
	10424  -  Total Bytes Received By Job
	Partitionable Resources :    Usage  Request Allocated 
	   Cpus                 :        0        1         1 
	   Disk (KB)            :       58       12      3905 
	   GPUs                 :                           0 
	   Memory (MB)          :       71     3000      3000 

	Job terminated of its own accord at 2025-02-09T18:07:42Z with exit-code 0.
...
000 (16579327.007.000) 02/09 19:13:40 Job submitted from host: <188.185.72.155:9618?addrs=188.185.72.155-9618+[2001-1458-d00-8--100-95]-9618&alias=bigbird08.cern.ch&noUDP&sock=schedd_862983_22fa>
...
040 (16579327.007.000) 02/09 19:14:41 Started transferring input files
	Transferring to host: <188.185.193.162:9618?addrs=188.185.193.162-9618+[2001-1458-303-20--100-9e]-9618&alias=b9p19p8956.cern.ch&noUDP&sock=slot1_24_3771386_5ccb_55495>
...
040 (16579327.007.000) 02/09 19:14:41 Finished transferring input files
...
001 (16579327.007.000) 02/09 19:14:42 Job executing on host: <188.185.193.162:9618?addrs=188.185.193.162-9618+[2001-1458-303-20--100-9e]-9618&alias=b9p19p8956.cern.ch&noUDP&sock=startd_5260_803f>
	SlotName: slot1_24@b9p19p8956.cern.ch
	CondorScratchDir = "/pool/condor/dir_2963053"
	Cpus = 1
	Disk = 3846
	GPUs = 0
	Memory = 3000
...
006 (16579327.007.000) 02/09 19:14:51 Image size of job updated: 72828
	72  -  MemoryUsage of job (MB)
	72828  -  ResidentSetSize of job (KB)
...
040 (16579327.007.000) 02/09 19:15:08 Started transferring output files
...
040 (16579327.007.000) 02/09 19:15:08 Finished transferring output files
...
005 (16579327.007.000) 02/09 19:15:08 Job terminated.
	(1) Normal termination (return value 0)
		Usr 0 00:00:09, Sys 0 00:00:00  -  Run Remote Usage
		Usr 0 00:00:00, Sys 0 00:00:00  -  Run Local Usage
		Usr 0 00:00:09, Sys 0 00:00:00  -  Total Remote Usage
		Usr 0 00:00:00, Sys 0 00:00:00  -  Total Local Usage
	23743  -  Run Bytes Sent By Job
	10424  -  Run Bytes Received By Job
	23743  -  Total Bytes Sent By Job
	10424  -  Total Bytes Received By Job
	Partitionable Resources :    Usage  Request Allocated 
	   Cpus                 :        0        1         1 
	   Disk (KB)            :       58       12      3846 
	   GPUs                 :                           0 
	   Memory (MB)          :       72     3000      3000 

	Job terminated of its own accord at 2025-02-09T18:15:07Z with exit-code 0.
...
