000 (16579324.018.000) 02/09 19:06:07 Job submitted from host: <188.185.72.155:9618?addrs=188.185.72.155-9618+[2001-1458-d00-8--100-95]-9618&alias=bigbird08.cern.ch&noUDP&sock=schedd_862983_22fa>
...
040 (16579324.018.000) 02/09 19:07:43 Started transferring input files
	Transferring to host: <128.142.51.211:9618?addrs=128.142.51.211-9618+[2001-1458-301-3--100-10]-9618&alias=b9g02p0513.cern.ch&noUDP&sock=slot1_37_3111150_5f6b_6312>
...
040 (16579324.018.000) 02/09 19:07:43 Finished transferring input files
...
001 (16579324.018.000) 02/09 19:07:44 Job executing on host: <128.142.51.211:9618?addrs=128.142.51.211-9618+[2001-1458-301-3--100-10]-9618&alias=b9g02p0513.cern.ch&noUDP&sock=startd_6899_b7f8>
	SlotName: slot1_37@b9g02p0513.cern.ch
	CondorScratchDir = "/pool/condor/dir_1515555"
	Cpus = 1
	Disk = 3852
	GPUs = 0
	Memory = 3000
...
006 (16579324.018.000) 02/09 19:07:52 Image size of job updated: 1880
	2  -  MemoryUsage of job (MB)
	1880  -  ResidentSetSize of job (KB)
...
040 (16579324.018.000) 02/09 19:08:25 Started transferring output files
...
040 (16579324.018.000) 02/09 19:08:25 Finished transferring output files
...
005 (16579324.018.000) 02/09 19:08:25 Job terminated.
	(1) Normal termination (return value 0)
		Usr 0 00:00:04, Sys 0 00:00:00  -  Run Remote Usage
		Usr 0 00:00:00, Sys 0 00:00:00  -  Run Local Usage
		Usr 0 00:00:04, Sys 0 00:00:00  -  Total Remote Usage
		Usr 0 00:00:00, Sys 0 00:00:00  -  Total Local Usage
	23854  -  Run Bytes Sent By Job
	10424  -  Run Bytes Received By Job
	23854  -  Total Bytes Sent By Job
	10424  -  Total Bytes Received By Job
	Partitionable Resources :    Usage  Request Allocated 
	   Cpus                 :        0        1         1 
	   Disk (KB)            :       59       12      3852 
	   GPUs                 :                           0 
	   Memory (MB)          :        2     3000      3000 

	Job terminated of its own accord at 2025-02-09T18:08:25Z with exit-code 0.
...
000 (16579329.018.000) 02/09 19:13:50 Job submitted from host: <188.185.72.155:9618?addrs=188.185.72.155-9618+[2001-1458-d00-8--100-95]-9618&alias=bigbird08.cern.ch&noUDP&sock=schedd_862983_22fa>
...
040 (16579329.018.000) 02/09 19:14:52 Started transferring input files
	Transferring to host: <188.185.206.200:9618?addrs=188.185.206.200-9618+[2001-1458-303-c--100-45]-9618&alias=b9p06p1686.cern.ch&noUDP&sock=slot1_19_2278780_6873_120962>
...
040 (16579329.018.000) 02/09 19:14:52 Finished transferring input files
...
001 (16579329.018.000) 02/09 19:14:53 Job executing on host: <188.185.206.200:9618?addrs=188.185.206.200-9618+[2001-1458-303-c--100-45]-9618&alias=b9p06p1686.cern.ch&noUDP&sock=startd_2278507_dcc5>
	SlotName: slot1_19@b9p06p1686.cern.ch
	CondorScratchDir = "/pool/condor/dir_704761"
	Cpus = 1
	Disk = 3672
	GPUs = 0
	Memory = 3000
...
006 (16579329.018.000) 02/09 19:15:02 Image size of job updated: 62200
	61  -  MemoryUsage of job (MB)
	62200  -  ResidentSetSize of job (KB)
...
006 (16579329.018.000) 02/09 19:15:16 Image size of job updated: 62200
	62  -  MemoryUsage of job (MB)
	62480  -  ResidentSetSize of job (KB)
...
040 (16579329.018.000) 02/09 19:15:16 Started transferring output files
...
040 (16579329.018.000) 02/09 19:15:16 Finished transferring output files
...
005 (16579329.018.000) 02/09 19:15:16 Job terminated.
	(1) Normal termination (return value 0)
		Usr 0 00:00:03, Sys 0 00:00:00  -  Run Remote Usage
		Usr 0 00:00:00, Sys 0 00:00:00  -  Run Local Usage
		Usr 0 00:00:03, Sys 0 00:00:00  -  Total Remote Usage
		Usr 0 00:00:00, Sys 0 00:00:00  -  Total Local Usage
	23854  -  Run Bytes Sent By Job
	10424  -  Run Bytes Received By Job
	23854  -  Total Bytes Sent By Job
	10424  -  Total Bytes Received By Job
	Partitionable Resources :    Usage  Request Allocated 
	   Cpus                 :        0        1         1 
	   Disk (KB)            :       61       12      3672 
	   GPUs                 :                           0 
	   Memory (MB)          :       62     3000      3000 

	Job terminated of its own accord at 2025-02-09T18:15:16Z with exit-code 0.
...
