000 (16579325.010.000) 02/09 19:06:11 Job submitted from host: <188.185.72.155:9618?addrs=188.185.72.155-9618+[2001-1458-d00-8--100-95]-9618&alias=bigbird08.cern.ch&noUDP&sock=schedd_862983_22fa>
...
040 (16579325.010.000) 02/09 19:07:46 Started transferring input files
	Transferring to host: <188.185.193.119:9618?addrs=188.185.193.119-9618+[2001-1458-303-20--100-73]-9618&alias=b9p19p8272.cern.ch&noUDP&sock=slot1_34_1973763_56a0_28293>
...
040 (16579325.010.000) 02/09 19:07:46 Finished transferring input files
...
001 (16579325.010.000) 02/09 19:07:47 Job executing on host: <188.185.193.119:9618?addrs=188.185.193.119-9618+[2001-1458-303-20--100-73]-9618&alias=b9p19p8272.cern.ch&noUDP&sock=startd_1552682_48af>
	SlotName: slot1_34@b9p19p8272.cern.ch
	CondorScratchDir = "/pool/condor/dir_1633753"
	Cpus = 1
	Disk = 3842
	GPUs = 0
	Memory = 3000
...
006 (16579325.010.000) 02/09 19:07:56 Image size of job updated: 1876
	2  -  MemoryUsage of job (MB)
	1876  -  ResidentSetSize of job (KB)
...
040 (16579325.010.000) 02/09 19:08:30 Started transferring output files
...
040 (16579325.010.000) 02/09 19:08:30 Finished transferring output files
...
005 (16579325.010.000) 02/09 19:08:30 Job terminated.
	(1) Normal termination (return value 0)
		Usr 0 00:00:06, Sys 0 00:00:00  -  Run Remote Usage
		Usr 0 00:00:00, Sys 0 00:00:00  -  Run Local Usage
		Usr 0 00:00:06, Sys 0 00:00:00  -  Total Remote Usage
		Usr 0 00:00:00, Sys 0 00:00:00  -  Total Local Usage
	23854  -  Run Bytes Sent By Job
	10424  -  Run Bytes Received By Job
	23854  -  Total Bytes Sent By Job
	10424  -  Total Bytes Received By Job
	Partitionable Resources :    Usage  Request Allocated 
	   Cpus                 :        0        1         1 
	   Disk (KB)            :       58       12      3842 
	   GPUs                 :                           0 
	   Memory (MB)          :        2     3000      3000 

	Job terminated of its own accord at 2025-02-09T18:08:30Z with exit-code 0.
...
000 (16579330.010.000) 02/09 19:13:54 Job submitted from host: <188.185.72.155:9618?addrs=188.185.72.155-9618+[2001-1458-d00-8--100-95]-9618&alias=bigbird08.cern.ch&noUDP&sock=schedd_862983_22fa>
...
040 (16579330.010.000) 02/09 19:14:58 Started transferring input files
	Transferring to host: <188.185.195.115:9618?addrs=188.185.195.115-9618+[2001-1458-303-22--100-6f]-9618&alias=b9p17p9555.cern.ch&noUDP&sock=slot1_16_3730496_a88c_6531>
...
040 (16579330.010.000) 02/09 19:14:58 Finished transferring input files
...
001 (16579330.010.000) 02/09 19:14:59 Job executing on host: <188.185.195.115:9618?addrs=188.185.195.115-9618+[2001-1458-303-22--100-6f]-9618&alias=b9p17p9555.cern.ch&noUDP&sock=startd_7682_caa0>
	SlotName: slot1_16@b9p17p9555.cern.ch
	CondorScratchDir = "/pool/condor/dir_834458"
	Cpus = 1
	Disk = 3871
	GPUs = 0
	Memory = 3000
...
006 (16579330.010.000) 02/09 19:15:07 Image size of job updated: 62868
	62  -  MemoryUsage of job (MB)
	62868  -  ResidentSetSize of job (KB)
...
040 (16579330.010.000) 02/09 19:15:26 Started transferring output files
...
040 (16579330.010.000) 02/09 19:15:26 Finished transferring output files
...
005 (16579330.010.000) 02/09 19:15:26 Job terminated.
	(1) Normal termination (return value 0)
		Usr 0 00:00:05, Sys 0 00:00:00  -  Run Remote Usage
		Usr 0 00:00:00, Sys 0 00:00:00  -  Run Local Usage
		Usr 0 00:00:05, Sys 0 00:00:00  -  Total Remote Usage
		Usr 0 00:00:00, Sys 0 00:00:00  -  Total Local Usage
	23854  -  Run Bytes Sent By Job
	10424  -  Run Bytes Received By Job
	23854  -  Total Bytes Sent By Job
	10424  -  Total Bytes Received By Job
	Partitionable Resources :    Usage  Request Allocated 
	   Cpus                 :        0        1         1 
	   Disk (KB)            :       59       12      3871 
	   GPUs                 :                           0 
	   Memory (MB)          :       62     3000      3000 

	Job terminated of its own accord at 2025-02-09T18:15:26Z with exit-code 0.
...
