000 (16579324.006.000) 02/09 19:06:07 Job submitted from host: <188.185.72.155:9618?addrs=188.185.72.155-9618+[2001-1458-d00-8--100-95]-9618&alias=bigbird08.cern.ch&noUDP&sock=schedd_862983_22fa>
...
040 (16579324.006.000) 02/09 19:07:39 Started transferring input files
	Transferring to host: <128.142.51.211:9618?addrs=128.142.51.211-9618+[2001-1458-301-3--100-10]-9618&alias=b9g02p0513.cern.ch&noUDP&sock=slot1_13_3111150_5f6b_6311>
...
040 (16579324.006.000) 02/09 19:07:39 Finished transferring input files
...
001 (16579324.006.000) 02/09 19:07:40 Job executing on host: <128.142.51.211:9618?addrs=128.142.51.211-9618+[2001-1458-301-3--100-10]-9618&alias=b9g02p0513.cern.ch&noUDP&sock=startd_6899_b7f8>
	SlotName: slot1_13@b9g02p0513.cern.ch
	CondorScratchDir = "/pool/condor/dir_1515465"
	Cpus = 1
	Disk = 3852
	GPUs = 0
	Memory = 3000
...
006 (16579324.006.000) 02/09 19:07:48 Image size of job updated: 1884
	2  -  MemoryUsage of job (MB)
	1884  -  ResidentSetSize of job (KB)
...
040 (16579324.006.000) 02/09 19:08:28 Started transferring output files
...
040 (16579324.006.000) 02/09 19:08:28 Finished transferring output files
...
005 (16579324.006.000) 02/09 19:08:28 Job terminated.
	(1) Normal termination (return value 0)
		Usr 0 00:00:08, Sys 0 00:00:00  -  Run Remote Usage
		Usr 0 00:00:00, Sys 0 00:00:00  -  Run Local Usage
		Usr 0 00:00:08, Sys 0 00:00:00  -  Total Remote Usage
		Usr 0 00:00:00, Sys 0 00:00:00  -  Total Local Usage
	23851  -  Run Bytes Sent By Job
	10424  -  Run Bytes Received By Job
	23851  -  Total Bytes Sent By Job
	10424  -  Total Bytes Received By Job
	Partitionable Resources :    Usage  Request Allocated 
	   Cpus                 :        0        1         1 
	   Disk (KB)            :       59       12      3852 
	   GPUs                 :                           0 
	   Memory (MB)          :        2     3000      3000 

	Job terminated of its own accord at 2025-02-09T18:08:28Z with exit-code 0.
...
000 (16579329.006.000) 02/09 19:13:50 Job submitted from host: <188.185.72.155:9618?addrs=188.185.72.155-9618+[2001-1458-d00-8--100-95]-9618&alias=bigbird08.cern.ch&noUDP&sock=schedd_862983_22fa>
...
040 (16579329.006.000) 02/09 19:14:49 Started transferring input files
	Transferring to host: <188.185.194.127:9618?addrs=188.185.194.127-9618+[2001-1458-303-21--100-7b]-9618&alias=b9p20p9686.cern.ch&noUDP&sock=slot1_11_1104385_e3c7_61445>
...
040 (16579329.006.000) 02/09 19:14:49 Finished transferring input files
...
001 (16579329.006.000) 02/09 19:14:50 Job executing on host: <188.185.194.127:9618?addrs=188.185.194.127-9618+[2001-1458-303-21--100-7b]-9618&alias=b9p20p9686.cern.ch&noUDP&sock=startd_8823_6c30>
	SlotName: slot1_11@b9p20p9686.cern.ch
	CondorScratchDir = "/pool/condor/dir_2819355"
	Cpus = 1
	Disk = 3842
	GPUs = 0
	Memory = 3000
...
006 (16579329.006.000) 02/09 19:14:59 Image size of job updated: 241680
	237  -  MemoryUsage of job (MB)
	241680  -  ResidentSetSize of job (KB)
...
040 (16579329.006.000) 02/09 19:15:22 Started transferring output files
...
040 (16579329.006.000) 02/09 19:15:22 Finished transferring output files
...
005 (16579329.006.000) 02/09 19:15:22 Job terminated.
	(1) Normal termination (return value 0)
		Usr 0 00:00:08, Sys 0 00:00:01  -  Run Remote Usage
		Usr 0 00:00:00, Sys 0 00:00:00  -  Run Local Usage
		Usr 0 00:00:08, Sys 0 00:00:01  -  Total Remote Usage
		Usr 0 00:00:00, Sys 0 00:00:00  -  Total Local Usage
	23851  -  Run Bytes Sent By Job
	10424  -  Run Bytes Received By Job
	23851  -  Total Bytes Sent By Job
	10424  -  Total Bytes Received By Job
	Partitionable Resources :    Usage  Request Allocated 
	   Cpus                 :        0        1         1 
	   Disk (KB)            :       59       12      3842 
	   GPUs                 :                           0 
	   Memory (MB)          :      237     3000      3000 

	Job terminated of its own accord at 2025-02-09T18:15:22Z with exit-code 0.
...
