000 (16579322.013.000) 02/09 19:05:38 Job submitted from host: <188.185.72.155:9618?addrs=188.185.72.155-9618+[2001-1458-d00-8--100-95]-9618&alias=bigbird08.cern.ch&noUDP&sock=schedd_862983_22fa>
...
040 (16579322.013.000) 02/09 19:07:28 Started transferring input files
	Transferring to host: <188.185.195.123:9618?addrs=188.185.195.123-9618+[2001-1458-303-22--100-77]-9618&alias=b9p17p5699.cern.ch&noUDP&sock=slot1_8_6172_7b74_112086>
...
040 (16579322.013.000) 02/09 19:07:28 Finished transferring input files
...
001 (16579322.013.000) 02/09 19:07:29 Job executing on host: <188.185.195.123:9618?addrs=188.185.195.123-9618+[2001-1458-303-22--100-77]-9618&alias=b9p17p5699.cern.ch&noUDP&sock=startd_4598_6c8d>
	SlotName: slot1_8@b9p17p5699.cern.ch
	CondorScratchDir = "/pool/condor/dir_1732287"
	Cpus = 1
	Disk = 3757
	GPUs = 0
	Memory = 3000
...
006 (16579322.013.000) 02/09 19:07:38 Image size of job updated: 120508
	118  -  MemoryUsage of job (MB)
	120508  -  ResidentSetSize of job (KB)
...
040 (16579322.013.000) 02/09 19:07:49 Started transferring output files
...
040 (16579322.013.000) 02/09 19:07:49 Finished transferring output files
...
005 (16579322.013.000) 02/09 19:07:49 Job terminated.
	(1) Normal termination (return value 0)
		Usr 0 00:00:08, Sys 0 00:00:00  -  Run Remote Usage
		Usr 0 00:00:00, Sys 0 00:00:00  -  Run Local Usage
		Usr 0 00:00:08, Sys 0 00:00:00  -  Total Remote Usage
		Usr 0 00:00:00, Sys 0 00:00:00  -  Total Local Usage
	23742  -  Run Bytes Sent By Job
	10424  -  Run Bytes Received By Job
	23742  -  Total Bytes Sent By Job
	10424  -  Total Bytes Received By Job
	Partitionable Resources :    Usage  Request Allocated 
	   Cpus                 :        0        1         1 
	   Disk (KB)            :       59       12      3757 
	   GPUs                 :                           0 
	   Memory (MB)          :      118     3000      3000 

	Job terminated of its own accord at 2025-02-09T18:07:49Z with exit-code 0.
...
000 (16579327.013.000) 02/09 19:13:41 Job submitted from host: <188.185.72.155:9618?addrs=188.185.72.155-9618+[2001-1458-d00-8--100-95]-9618&alias=bigbird08.cern.ch&noUDP&sock=schedd_862983_22fa>
...
040 (16579327.013.000) 02/09 19:14:39 Started transferring input files
	Transferring to host: <188.185.198.162:9618?addrs=188.185.198.162-9618+[2001-1458-303-25--100-9e]-9618&alias=b9p15p0695.cern.ch&noUDP&sock=slot1_13_2161433_d4af_7339>
...
040 (16579327.013.000) 02/09 19:14:39 Finished transferring input files
...
001 (16579327.013.000) 02/09 19:14:40 Job executing on host: <188.185.198.162:9618?addrs=188.185.198.162-9618+[2001-1458-303-25--100-9e]-9618&alias=b9p15p0695.cern.ch&noUDP&sock=startd_9010_b066>
	SlotName: slot1_13@b9p15p0695.cern.ch
	CondorScratchDir = "/pool/condor/dir_287990"
	Cpus = 1
	Disk = 3758
	GPUs = 0
	Memory = 3000
...
006 (16579327.013.000) 02/09 19:14:49 Image size of job updated: 1880
	2  -  MemoryUsage of job (MB)
	1880  -  ResidentSetSize of job (KB)
...
006 (16579327.013.000) 02/09 19:15:38 Image size of job updated: 136580
	134  -  MemoryUsage of job (MB)
	136580  -  ResidentSetSize of job (KB)
...
040 (16579327.013.000) 02/09 19:15:38 Started transferring output files
...
040 (16579327.013.000) 02/09 19:15:38 Finished transferring output files
...
005 (16579327.013.000) 02/09 19:15:38 Job terminated.
	(1) Normal termination (return value 0)
		Usr 0 00:00:09, Sys 0 00:00:00  -  Run Remote Usage
		Usr 0 00:00:00, Sys 0 00:00:00  -  Run Local Usage
		Usr 0 00:00:09, Sys 0 00:00:00  -  Total Remote Usage
		Usr 0 00:00:00, Sys 0 00:00:00  -  Total Local Usage
	23742  -  Run Bytes Sent By Job
	10424  -  Run Bytes Received By Job
	23742  -  Total Bytes Sent By Job
	10424  -  Total Bytes Received By Job
	Partitionable Resources :    Usage  Request Allocated 
	   Cpus                 :        0        1         1 
	   Disk (KB)            :       59       12      3758 
	   GPUs                 :                           0 
	   Memory (MB)          :      134     3000      3000 

	Job terminated of its own accord at 2025-02-09T18:15:38Z with exit-code 0.
...
