Submit jobs at 
PWD: /afs/cern.ch/user/v/vpant/pprefanalysis

Processing Track_Analyzer.C("input/ppref2024/20250209/pprefzerobiasplusforward2_set2_2.txt","/eos/user/v/vpant/ppref2024/ppref2024outputfiles/pprefzerobiasplusforward2_set2_2.root",0,0)...
List of input files founded! --> input/ppref2024/20250209/pprefzerobiasplusforward2_set2_2.txt
list operator is /eos/cms/store/group/phys_heavyions/vpant/ppref2024output/PPRefZeroBiasPlusForward2/crab_ppref2024/250129_075322/0001/HiForestMiniAOD_1050.root
Adding file /eos/cms/store/group/phys_heavyions/vpant/ppref2024output/PPRefZeroBiasPlusForward2/crab_ppref2024/250129_075322/0001/HiForestMiniAOD_1050.root to the chains
list operator is /eos/cms/store/group/phys_heavyions/vpant/ppref2024output/PPRefZeroBiasPlusForward2/crab_ppref2024/250129_075322/0001/HiForestMiniAOD_1051.root
Adding file /eos/cms/store/group/phys_heavyions/vpant/ppref2024output/PPRefZeroBiasPlusForward2/crab_ppref2024/250129_075322/0001/HiForestMiniAOD_1051.root to the chains
list operator is /eos/cms/store/group/phys_heavyions/vpant/ppref2024output/PPRefZeroBiasPlusForward2/crab_ppref2024/250129_075322/0001/HiForestMiniAOD_1052.root
Adding file /eos/cms/store/group/phys_heavyions/vpant/ppref2024output/PPRefZeroBiasPlusForward2/crab_ppref2024/250129_075322/0001/HiForestMiniAOD_1052.root to the chains
list operator is /eos/cms/store/group/phys_heavyions/vpant/ppref2024output/PPRefZeroBiasPlusForward2/crab_ppref2024/250129_075322/0001/HiForestMiniAOD_1053.root
Adding file /eos/cms/store/group/phys_heavyions/vpant/ppref2024output/PPRefZeroBiasPlusForward2/crab_ppref2024/250129_075322/0001/HiForestMiniAOD_1053.root to the chains
list operator is /eos/cms/store/group/phys_heavyions/vpant/ppref2024output/PPRefZeroBiasPlusForward2/crab_ppref2024/250129_075322/0001/HiForestMiniAOD_1054.root
Adding file /eos/cms/store/group/phys_heavyions/vpant/ppref2024output/PPRefZeroBiasPlusForward2/crab_ppref2024/250129_075322/0001/HiForestMiniAOD_1054.root to the chains
list operator is /eos/cms/store/group/phys_heavyions/vpant/ppref2024output/PPRefZeroBiasPlusForward2/crab_ppref2024/250129_075322/0001/HiForestMiniAOD_1055.root
Adding file /eos/cms/store/group/phys_heavyions/vpant/ppref2024output/PPRefZeroBiasPlusForward2/crab_ppref2024/250129_075322/0001/HiForestMiniAOD_1055.root to the chains
list operator is /eos/cms/store/group/phys_heavyions/vpant/ppref2024output/PPRefZeroBiasPlusForward2/crab_ppref2024/250129_075322/0001/HiForestMiniAOD_1056.root
Adding file /eos/cms/store/group/phys_heavyions/vpant/ppref2024output/PPRefZeroBiasPlusForward2/crab_ppref2024/250129_075322/0001/HiForestMiniAOD_1056.root to the chains
list operator is /eos/cms/store/group/phys_heavyions/vpant/ppref2024output/PPRefZeroBiasPlusForward2/crab_ppref2024/250129_075322/0001/HiForestMiniAOD_1057.root
Adding file /eos/cms/store/group/phys_heavyions/vpant/ppref2024output/PPRefZeroBiasPlusForward2/crab_ppref2024/250129_075322/0001/HiForestMiniAOD_1057.root to the chains
list operator is /eos/cms/store/group/phys_heavyions/vpant/ppref2024output/PPRefZeroBiasPlusForward2/crab_ppref2024/250129_075322/0001/HiForestMiniAOD_1058.root
Adding file /eos/cms/store/group/phys_heavyions/vpant/ppref2024output/PPRefZeroBiasPlusForward2/crab_ppref2024/250129_075322/0001/HiForestMiniAOD_1058.root to the chains
list operator is /eos/cms/store/group/phys_heavyions/vpant/ppref2024output/PPRefZeroBiasPlusForward2/crab_ppref2024/250129_075322/0001/HiForestMiniAOD_1059.root
Adding file /eos/cms/store/group/phys_heavyions/vpant/ppref2024output/PPRefZeroBiasPlusForward2/crab_ppref2024/250129_075322/0001/HiForestMiniAOD_1059.root to the chains
list operator is /eos/cms/store/group/phys_heavyions/vpant/ppref2024output/PPRefZeroBiasPlusForward2/crab_ppref2024/250129_075322/0001/HiForestMiniAOD_1060.root
Adding file /eos/cms/store/group/phys_heavyions/vpant/ppref2024output/PPRefZeroBiasPlusForward2/crab_ppref2024/250129_075322/0001/HiForestMiniAOD_1060.root to the chains
list operator is /eos/cms/store/group/phys_heavyions/vpant/ppref2024output/PPRefZeroBiasPlusForward2/crab_ppref2024/250129_075322/0001/HiForestMiniAOD_1061.root
Adding file /eos/cms/store/group/phys_heavyions/vpant/ppref2024output/PPRefZeroBiasPlusForward2/crab_ppref2024/250129_075322/0001/HiForestMiniAOD_1061.root to the chains
list operator is /eos/cms/store/group/phys_heavyions/vpant/ppref2024output/PPRefZeroBiasPlusForward2/crab_ppref2024/250129_075322/0001/HiForestMiniAOD_1062.root
Adding file /eos/cms/store/group/phys_heavyions/vpant/ppref2024output/PPRefZeroBiasPlusForward2/crab_ppref2024/250129_075322/0001/HiForestMiniAOD_1062.root to the chains
list operator is /eos/cms/store/group/phys_heavyions/vpant/ppref2024output/PPRefZeroBiasPlusForward2/crab_ppref2024/250129_075322/0001/HiForestMiniAOD_1063.root
Adding file /eos/cms/store/group/phys_heavyions/vpant/ppref2024output/PPRefZeroBiasPlusForward2/crab_ppref2024/250129_075322/0001/HiForestMiniAOD_1063.root to the chains
list operator is /eos/cms/store/group/phys_heavyions/vpant/ppref2024output/PPRefZeroBiasPlusForward2/crab_ppref2024/250129_075322/0001/HiForestMiniAOD_1064.root
Adding file /eos/cms/store/group/phys_heavyions/vpant/ppref2024output/PPRefZeroBiasPlusForward2/crab_ppref2024/250129_075322/0001/HiForestMiniAOD_1064.root to the chains
list operator is /eos/cms/store/group/phys_heavyions/vpant/ppref2024output/PPRefZeroBiasPlusForward2/crab_ppref2024/250129_075322/0001/HiForestMiniAOD_1065.root
Adding file /eos/cms/store/group/phys_heavyions/vpant/ppref2024output/PPRefZeroBiasPlusForward2/crab_ppref2024/250129_075322/0001/HiForestMiniAOD_1065.root to the chains
list operator is /eos/cms/store/group/phys_heavyions/vpant/ppref2024output/PPRefZeroBiasPlusForward2/crab_ppref2024/250129_075322/0001/HiForestMiniAOD_1066.root
Adding file /eos/cms/store/group/phys_heavyions/vpant/ppref2024output/PPRefZeroBiasPlusForward2/crab_ppref2024/250129_075322/0001/HiForestMiniAOD_1066.root to the chains
list operator is /eos/cms/store/group/phys_heavyions/vpant/ppref2024output/PPRefZeroBiasPlusForward2/crab_ppref2024/250129_075322/0001/HiForestMiniAOD_1067.root
Adding file /eos/cms/store/group/phys_heavyions/vpant/ppref2024output/PPRefZeroBiasPlusForward2/crab_ppref2024/250129_075322/0001/HiForestMiniAOD_1067.root to the chains
list operator is /eos/cms/store/group/phys_heavyions/vpant/ppref2024output/PPRefZeroBiasPlusForward2/crab_ppref2024/250129_075322/0001/HiForestMiniAOD_1068.root
Adding file /eos/cms/store/group/phys_heavyions/vpant/ppref2024output/PPRefZeroBiasPlusForward2/crab_ppref2024/250129_075322/0001/HiForestMiniAOD_1068.root to the chains
list operator is /eos/cms/store/group/phys_heavyions/vpant/ppref2024output/PPRefZeroBiasPlusForward2/crab_ppref2024/250129_075322/0001/HiForestMiniAOD_1069.root
Adding file /eos/cms/store/group/phys_heavyions/vpant/ppref2024output/PPRefZeroBiasPlusForward2/crab_ppref2024/250129_075322/0001/HiForestMiniAOD_1069.root to the chains
list operator is /eos/cms/store/group/phys_heavyions/vpant/ppref2024output/PPRefZeroBiasPlusForward2/crab_ppref2024/250129_075322/0001/HiForestMiniAOD_1070.root
Adding file /eos/cms/store/group/phys_heavyions/vpant/ppref2024output/PPRefZeroBiasPlusForward2/crab_ppref2024/250129_075322/0001/HiForestMiniAOD_1070.root to the chains
list operator is /eos/cms/store/group/phys_heavyions/vpant/ppref2024output/PPRefZeroBiasPlusForward2/crab_ppref2024/250129_075322/0001/HiForestMiniAOD_1071.root
Adding file /eos/cms/store/group/phys_heavyions/vpant/ppref2024output/PPRefZeroBiasPlusForward2/crab_ppref2024/250129_075322/0001/HiForestMiniAOD_1071.root to the chains
list operator is /eos/cms/store/group/phys_heavyions/vpant/ppref2024output/PPRefZeroBiasPlusForward2/crab_ppref2024/250129_075322/0001/HiForestMiniAOD_1072.root
Adding file /eos/cms/store/group/phys_heavyions/vpant/ppref2024output/PPRefZeroBiasPlusForward2/crab_ppref2024/250129_075322/0001/HiForestMiniAOD_1072.root to the chains
list operator is /eos/cms/store/group/phys_heavyions/vpant/ppref2024output/PPRefZeroBiasPlusForward2/crab_ppref2024/250129_075322/0001/HiForestMiniAOD_1073.root
Adding file /eos/cms/store/group/phys_heavyions/vpant/ppref2024output/PPRefZeroBiasPlusForward2/crab_ppref2024/250129_075322/0001/HiForestMiniAOD_1073.root to the chains
list operator is /eos/cms/store/group/phys_heavyions/vpant/ppref2024output/PPRefZeroBiasPlusForward2/crab_ppref2024/250129_075322/0001/HiForestMiniAOD_1074.root
Adding file /eos/cms/store/group/phys_heavyions/vpant/ppref2024output/PPRefZeroBiasPlusForward2/crab_ppref2024/250129_075322/0001/HiForestMiniAOD_1074.root to the chains
list operator is /eos/cms/store/group/phys_heavyions/vpant/ppref2024output/PPRefZeroBiasPlusForward2/crab_ppref2024/250129_075322/0001/HiForestMiniAOD_1075.root
Adding file /eos/cms/store/group/phys_heavyions/vpant/ppref2024output/PPRefZeroBiasPlusForward2/crab_ppref2024/250129_075322/0001/HiForestMiniAOD_1075.root to the chains
list operator is /eos/cms/store/group/phys_heavyions/vpant/ppref2024output/PPRefZeroBiasPlusForward2/crab_ppref2024/250129_075322/0001/HiForestMiniAOD_1076.root
Adding file /eos/cms/store/group/phys_heavyions/vpant/ppref2024output/PPRefZeroBiasPlusForward2/crab_ppref2024/250129_075322/0001/HiForestMiniAOD_1076.root to the chains
list operator is /eos/cms/store/group/phys_heavyions/vpant/ppref2024output/PPRefZeroBiasPlusForward2/crab_ppref2024/250129_075322/0001/HiForestMiniAOD_1077.root
Adding file /eos/cms/store/group/phys_heavyions/vpant/ppref2024output/PPRefZeroBiasPlusForward2/crab_ppref2024/250129_075322/0001/HiForestMiniAOD_1077.root to the chains
list operator is /eos/cms/store/group/phys_heavyions/vpant/ppref2024output/PPRefZeroBiasPlusForward2/crab_ppref2024/250129_075322/0001/HiForestMiniAOD_1078.root
Adding file /eos/cms/store/group/phys_heavyions/vpant/ppref2024output/PPRefZeroBiasPlusForward2/crab_ppref2024/250129_075322/0001/HiForestMiniAOD_1078.root to the chains
list operator is /eos/cms/store/group/phys_heavyions/vpant/ppref2024output/PPRefZeroBiasPlusForward2/crab_ppref2024/250129_075322/0001/HiForestMiniAOD_1079.root
Adding file /eos/cms/store/group/phys_heavyions/vpant/ppref2024output/PPRefZeroBiasPlusForward2/crab_ppref2024/250129_075322/0001/HiForestMiniAOD_1079.root to the chains
list operator is /eos/cms/store/group/phys_heavyions/vpant/ppref2024output/PPRefZeroBiasPlusForward2/crab_ppref2024/250129_075322/0001/HiForestMiniAOD_1080.root
Adding file /eos/cms/store/group/phys_heavyions/vpant/ppref2024output/PPRefZeroBiasPlusForward2/crab_ppref2024/250129_075322/0001/HiForestMiniAOD_1080.root to the chains
list operator is /eos/cms/store/group/phys_heavyions/vpant/ppref2024output/PPRefZeroBiasPlusForward2/crab_ppref2024/250129_075322/0001/HiForestMiniAOD_1081.root
Adding file /eos/cms/store/group/phys_heavyions/vpant/ppref2024output/PPRefZeroBiasPlusForward2/crab_ppref2024/250129_075322/0001/HiForestMiniAOD_1081.root to the chains
list operator is /eos/cms/store/group/phys_heavyions/vpant/ppref2024output/PPRefZeroBiasPlusForward2/crab_ppref2024/250129_075322/0001/HiForestMiniAOD_1082.root
Adding file /eos/cms/store/group/phys_heavyions/vpant/ppref2024output/PPRefZeroBiasPlusForward2/crab_ppref2024/250129_075322/0001/HiForestMiniAOD_1082.root to the chains
list operator is /eos/cms/store/group/phys_heavyions/vpant/ppref2024output/PPRefZeroBiasPlusForward2/crab_ppref2024/250129_075322/0001/HiForestMiniAOD_1083.root
Adding file /eos/cms/store/group/phys_heavyions/vpant/ppref2024output/PPRefZeroBiasPlusForward2/crab_ppref2024/250129_075322/0001/HiForestMiniAOD_1083.root to the chains
list operator is /eos/cms/store/group/phys_heavyions/vpant/ppref2024output/PPRefZeroBiasPlusForward2/crab_ppref2024/250129_075322/0001/HiForestMiniAOD_1084.root
Adding file /eos/cms/store/group/phys_heavyions/vpant/ppref2024output/PPRefZeroBiasPlusForward2/crab_ppref2024/250129_075322/0001/HiForestMiniAOD_1084.root to the chains
list operator is /eos/cms/store/group/phys_heavyions/vpant/ppref2024output/PPRefZeroBiasPlusForward2/crab_ppref2024/250129_075322/0001/HiForestMiniAOD_1085.root
Adding file /eos/cms/store/group/phys_heavyions/vpant/ppref2024output/PPRefZeroBiasPlusForward2/crab_ppref2024/250129_075322/0001/HiForestMiniAOD_1085.root to the chains
list operator is /eos/cms/store/group/phys_heavyions/vpant/ppref2024output/PPRefZeroBiasPlusForward2/crab_ppref2024/250129_075322/0001/HiForestMiniAOD_1086.root
Adding file /eos/cms/store/group/phys_heavyions/vpant/ppref2024output/PPRefZeroBiasPlusForward2/crab_ppref2024/250129_075322/0001/HiForestMiniAOD_1086.root to the chains
list operator is /eos/cms/store/group/phys_heavyions/vpant/ppref2024output/PPRefZeroBiasPlusForward2/crab_ppref2024/250129_075322/0001/HiForestMiniAOD_1087.root
Adding file /eos/cms/store/group/phys_heavyions/vpant/ppref2024output/PPRefZeroBiasPlusForward2/crab_ppref2024/250129_075322/0001/HiForestMiniAOD_1087.root to the chains
list operator is /eos/cms/store/group/phys_heavyions/vpant/ppref2024output/PPRefZeroBiasPlusForward2/crab_ppref2024/250129_075322/0001/HiForestMiniAOD_1088.root
Adding file /eos/cms/store/group/phys_heavyions/vpant/ppref2024output/PPRefZeroBiasPlusForward2/crab_ppref2024/250129_075322/0001/HiForestMiniAOD_1088.root to the chains
list operator is /eos/cms/store/group/phys_heavyions/vpant/ppref2024output/PPRefZeroBiasPlusForward2/crab_ppref2024/250129_075322/0001/HiForestMiniAOD_1089.root
Adding file /eos/cms/store/group/phys_heavyions/vpant/ppref2024output/PPRefZeroBiasPlusForward2/crab_ppref2024/250129_075322/0001/HiForestMiniAOD_1089.root to the chains
list operator is /eos/cms/store/group/phys_heavyions/vpant/ppref2024output/PPRefZeroBiasPlusForward2/crab_ppref2024/250129_075322/0001/HiForestMiniAOD_1090.root
Adding file /eos/cms/store/group/phys_heavyions/vpant/ppref2024output/PPRefZeroBiasPlusForward2/crab_ppref2024/250129_075322/0001/HiForestMiniAOD_1090.root to the chains
list operator is /eos/cms/store/group/phys_heavyions/vpant/ppref2024output/PPRefZeroBiasPlusForward2/crab_ppref2024/250129_075322/0001/HiForestMiniAOD_1091.root
Adding file /eos/cms/store/group/phys_heavyions/vpant/ppref2024output/PPRefZeroBiasPlusForward2/crab_ppref2024/250129_075322/0001/HiForestMiniAOD_1091.root to the chains
list operator is /eos/cms/store/group/phys_heavyions/vpant/ppref2024output/PPRefZeroBiasPlusForward2/crab_ppref2024/250129_075322/0001/HiForestMiniAOD_1092.root
Adding file /eos/cms/store/group/phys_heavyions/vpant/ppref2024output/PPRefZeroBiasPlusForward2/crab_ppref2024/250129_075322/0001/HiForestMiniAOD_1092.root to the chains
list operator is /eos/cms/store/group/phys_heavyions/vpant/ppref2024output/PPRefZeroBiasPlusForward2/crab_ppref2024/250129_075322/0001/HiForestMiniAOD_1093.root
Adding file /eos/cms/store/group/phys_heavyions/vpant/ppref2024output/PPRefZeroBiasPlusForward2/crab_ppref2024/250129_075322/0001/HiForestMiniAOD_1093.root to the chains
list operator is /eos/cms/store/group/phys_heavyions/vpant/ppref2024output/PPRefZeroBiasPlusForward2/crab_ppref2024/250129_075322/0001/HiForestMiniAOD_1094.root
Adding file /eos/cms/store/group/phys_heavyions/vpant/ppref2024output/PPRefZeroBiasPlusForward2/crab_ppref2024/250129_075322/0001/HiForestMiniAOD_1094.root to the chains
list operator is /eos/cms/store/group/phys_heavyions/vpant/ppref2024output/PPRefZeroBiasPlusForward2/crab_ppref2024/250129_075322/0001/HiForestMiniAOD_1095.root
Adding file /eos/cms/store/group/phys_heavyions/vpant/ppref2024output/PPRefZeroBiasPlusForward2/crab_ppref2024/250129_075322/0001/HiForestMiniAOD_1095.root to the chains
list operator is /eos/cms/store/group/phys_heavyions/vpant/ppref2024output/PPRefZeroBiasPlusForward2/crab_ppref2024/250129_075322/0001/HiForestMiniAOD_1096.root
Adding file /eos/cms/store/group/phys_heavyions/vpant/ppref2024output/PPRefZeroBiasPlusForward2/crab_ppref2024/250129_075322/0001/HiForestMiniAOD_1096.root to the chains
list operator is /eos/cms/store/group/phys_heavyions/vpant/ppref2024output/PPRefZeroBiasPlusForward2/crab_ppref2024/250129_075322/0001/HiForestMiniAOD_1097.root
Adding file /eos/cms/store/group/phys_heavyions/vpant/ppref2024output/PPRefZeroBiasPlusForward2/crab_ppref2024/250129_075322/0001/HiForestMiniAOD_1097.root to the chains
list operator is /eos/cms/store/group/phys_heavyions/vpant/ppref2024output/PPRefZeroBiasPlusForward2/crab_ppref2024/250129_075322/0001/HiForestMiniAOD_1098.root
Adding file /eos/cms/store/group/phys_heavyions/vpant/ppref2024output/PPRefZeroBiasPlusForward2/crab_ppref2024/250129_075322/0001/HiForestMiniAOD_1098.root to the chains
list operator is /eos/cms/store/group/phys_heavyions/vpant/ppref2024output/PPRefZeroBiasPlusForward2/crab_ppref2024/250129_075322/0001/HiForestMiniAOD_1099.root
Adding file /eos/cms/store/group/phys_heavyions/vpant/ppref2024output/PPRefZeroBiasPlusForward2/crab_ppref2024/250129_075322/0001/HiForestMiniAOD_1099.root to the chains
Total number of events in those files: 2209

-------------------------------------------------
0 events passed 
finished