000 (16579322.016.000) 02/09 19:05:38 Job submitted from host: <188.185.72.155:9618?addrs=188.185.72.155-9618+[2001-1458-d00-8--100-95]-9618&alias=bigbird08.cern.ch&noUDP&sock=schedd_862983_22fa>
...
040 (16579322.016.000) 02/09 19:07:29 Started transferring input files
	Transferring to host: <128.142.192.200:9618?addrs=128.142.192.200-9618+[2001-1458-301-56--100-44]-9618&alias=b9g18p0307.cern.ch&noUDP&sock=slot1_26_3711609_0eec_80604>
...
040 (16579322.016.000) 02/09 19:07:29 Finished transferring input files
...
001 (16579322.016.000) 02/09 19:07:30 Job executing on host: <128.142.192.200:9618?addrs=128.142.192.200-9618+[2001-1458-301-56--100-44]-9618&alias=b9g18p0307.cern.ch&noUDP&sock=startd_3989_b360>
	SlotName: slot1_26@b9g18p0307.cern.ch
	CondorScratchDir = "/pool/condor/dir_1721929"
	Cpus = 1
	Disk = 3905
	GPUs = 0
	Memory = 3000
...
006 (16579322.016.000) 02/09 19:07:39 Image size of job updated: 72788
	72  -  MemoryUsage of job (MB)
	72788  -  ResidentSetSize of job (KB)
...
040 (16579322.016.000) 02/09 19:07:51 Started transferring output files
...
040 (16579322.016.000) 02/09 19:07:51 Finished transferring output files
...
005 (16579322.016.000) 02/09 19:07:51 Job terminated.
	(1) Normal termination (return value 0)
		Usr 0 00:00:05, Sys 0 00:00:00  -  Run Remote Usage
		Usr 0 00:00:00, Sys 0 00:00:00  -  Run Local Usage
		Usr 0 00:00:05, Sys 0 00:00:00  -  Total Remote Usage
		Usr 0 00:00:00, Sys 0 00:00:00  -  Total Local Usage
	23744  -  Run Bytes Sent By Job
	10424  -  Run Bytes Received By Job
	23744  -  Total Bytes Sent By Job
	10424  -  Total Bytes Received By Job
	Partitionable Resources :    Usage  Request Allocated 
	   Cpus                 :        0        1         1 
	   Disk (KB)            :       58       12      3905 
	   GPUs                 :                           0 
	   Memory (MB)          :       72     3000      3000 

	Job terminated of its own accord at 2025-02-09T18:07:51Z with exit-code 0.
...
000 (16579327.016.000) 02/09 19:13:41 Job submitted from host: <188.185.72.155:9618?addrs=188.185.72.155-9618+[2001-1458-d00-8--100-95]-9618&alias=bigbird08.cern.ch&noUDP&sock=schedd_862983_22fa>
...
040 (16579327.016.000) 02/09 19:14:55 Started transferring input files
	Transferring to host: <128.142.161.98:9618?addrs=128.142.161.98-9618+[2001-1458-301-b8--100-20]-9618&alias=b9g03p9785.cern.ch&noUDP&sock=slot1_54_3428549_ae76_1171>
...
040 (16579327.016.000) 02/09 19:14:55 Finished transferring input files
...
001 (16579327.016.000) 02/09 19:14:56 Job executing on host: <128.142.161.98:9618?addrs=128.142.161.98-9618+[2001-1458-301-b8--100-20]-9618&alias=b9g03p9785.cern.ch&noUDP&sock=startd_2569_b2e4>
	SlotName: slot1_54@b9g03p9785.cern.ch
	CondorScratchDir = "/pool/condor/dir_1752348"
	Cpus = 1
	Disk = 4114
	GPUs = 0
	Memory = 3000
...
006 (16579327.016.000) 02/09 19:15:04 Image size of job updated: 62880
	62  -  MemoryUsage of job (MB)
	62880  -  ResidentSetSize of job (KB)
...
040 (16579327.016.000) 02/09 19:15:22 Started transferring output files
...
040 (16579327.016.000) 02/09 19:15:22 Finished transferring output files
...
005 (16579327.016.000) 02/09 19:15:22 Job terminated.
	(1) Normal termination (return value 0)
		Usr 0 00:00:04, Sys 0 00:00:00  -  Run Remote Usage
		Usr 0 00:00:00, Sys 0 00:00:00  -  Run Local Usage
		Usr 0 00:00:04, Sys 0 00:00:00  -  Total Remote Usage
		Usr 0 00:00:00, Sys 0 00:00:00  -  Total Local Usage
	23744  -  Run Bytes Sent By Job
	10424  -  Run Bytes Received By Job
	23744  -  Total Bytes Sent By Job
	10424  -  Total Bytes Received By Job
	Partitionable Resources :    Usage  Request Allocated 
	   Cpus                 :        0        1         1 
	   Disk (KB)            :       58       12      4114 
	   GPUs                 :                           0 
	   Memory (MB)          :       62     3000      3000 

	Job terminated of its own accord at 2025-02-09T18:15:22Z with exit-code 0.
...
