000 (16579325.004.000) 02/09 19:06:11 Job submitted from host: <188.185.72.155:9618?addrs=188.185.72.155-9618+[2001-1458-d00-8--100-95]-9618&alias=bigbird08.cern.ch&noUDP&sock=schedd_862983_22fa>
...
040 (16579325.004.000) 02/09 19:07:45 Started transferring input files
	Transferring to host: <188.185.193.57:9618?addrs=188.185.193.57-9618+[2001-1458-303-20--100-35]-9618&alias=b9p19p6242.cern.ch&noUDP&sock=slot1_36_2470032_be54_7206>
...
040 (16579325.004.000) 02/09 19:07:45 Finished transferring input files
...
001 (16579325.004.000) 02/09 19:07:46 Job executing on host: <188.185.193.57:9618?addrs=188.185.193.57-9618+[2001-1458-303-20--100-35]-9618&alias=b9p19p6242.cern.ch&noUDP&sock=startd_4462_23ab>
	SlotName: slot1_36@b9p19p6242.cern.ch
	CondorScratchDir = "/pool/condor/dir_1591735"
	Cpus = 1
	Disk = 3866
	GPUs = 0
	Memory = 3000
...
006 (16579325.004.000) 02/09 19:07:55 Image size of job updated: 62032
	61  -  MemoryUsage of job (MB)
	62032  -  ResidentSetSize of job (KB)
...
040 (16579325.004.000) 02/09 19:08:16 Started transferring output files
...
040 (16579325.004.000) 02/09 19:08:16 Finished transferring output files
...
005 (16579325.004.000) 02/09 19:08:16 Job terminated.
	(1) Normal termination (return value 0)
		Usr 0 00:00:09, Sys 0 00:00:01  -  Run Remote Usage
		Usr 0 00:00:00, Sys 0 00:00:00  -  Run Local Usage
		Usr 0 00:00:09, Sys 0 00:00:01  -  Total Remote Usage
		Usr 0 00:00:00, Sys 0 00:00:00  -  Total Local Usage
	23851  -  Run Bytes Sent By Job
	10424  -  Run Bytes Received By Job
	23851  -  Total Bytes Sent By Job
	10424  -  Total Bytes Received By Job
	Partitionable Resources :    Usage  Request Allocated 
	   Cpus                 :        0        1         1 
	   Disk (KB)            :       59       12      3866 
	   GPUs                 :                           0 
	   Memory (MB)          :       61     3000      3000 

	Job terminated of its own accord at 2025-02-09T18:08:16Z with exit-code 0.
...
000 (16579330.004.000) 02/09 19:13:54 Job submitted from host: <188.185.72.155:9618?addrs=188.185.72.155-9618+[2001-1458-d00-8--100-95]-9618&alias=bigbird08.cern.ch&noUDP&sock=schedd_862983_22fa>
...
040 (16579330.004.000) 02/09 19:14:55 Started transferring input files
	Transferring to host: <188.185.198.162:9618?addrs=188.185.198.162-9618+[2001-1458-303-25--100-9e]-9618&alias=b9p15p0695.cern.ch&noUDP&sock=slot1_38_2161433_d4af_7340>
...
040 (16579330.004.000) 02/09 19:14:55 Finished transferring input files
...
001 (16579330.004.000) 02/09 19:14:56 Job executing on host: <188.185.198.162:9618?addrs=188.185.198.162-9618+[2001-1458-303-25--100-9e]-9618&alias=b9p15p0695.cern.ch&noUDP&sock=startd_9010_b066>
	SlotName: slot1_38@b9p15p0695.cern.ch
	CondorScratchDir = "/pool/condor/dir_288365"
	Cpus = 1
	Disk = 3757
	GPUs = 0
	Memory = 3000
...
006 (16579330.004.000) 02/09 19:15:04 Image size of job updated: 1888
	2  -  MemoryUsage of job (MB)
	1888  -  ResidentSetSize of job (KB)
...
040 (16579330.004.000) 02/09 19:15:43 Started transferring output files
...
040 (16579330.004.000) 02/09 19:15:43 Finished transferring output files
...
005 (16579330.004.000) 02/09 19:15:44 Job terminated.
	(1) Normal termination (return value 0)
		Usr 0 00:00:08, Sys 0 00:00:01  -  Run Remote Usage
		Usr 0 00:00:00, Sys 0 00:00:00  -  Run Local Usage
		Usr 0 00:00:08, Sys 0 00:00:01  -  Total Remote Usage
		Usr 0 00:00:00, Sys 0 00:00:00  -  Total Local Usage
	23851  -  Run Bytes Sent By Job
	10424  -  Run Bytes Received By Job
	23851  -  Total Bytes Sent By Job
	10424  -  Total Bytes Received By Job
	Partitionable Resources :    Usage  Request Allocated 
	   Cpus                 :        0        1         1 
	   Disk (KB)            :       58       12      3757 
	   GPUs                 :                           0 
	   Memory (MB)          :        2     3000      3000 

	Job terminated of its own accord at 2025-02-09T18:15:43Z with exit-code 0.
...
