000 (16579322.006.000) 02/09 19:05:38 Job submitted from host: <188.185.72.155:9618?addrs=188.185.72.155-9618+[2001-1458-d00-8--100-95]-9618&alias=bigbird08.cern.ch&noUDP&sock=schedd_862983_22fa>
...
040 (16579322.006.000) 02/09 19:07:29 Started transferring input files
	Transferring to host: <188.185.205.220:9618?addrs=188.185.205.220-9618+[2001-1458-303-a--100-59]-9618&alias=b9p04p1288.cern.ch&noUDP&sock=slot1_21_2249424_7349_66011>
...
040 (16579322.006.000) 02/09 19:07:29 Finished transferring input files
...
001 (16579322.006.000) 02/09 19:07:30 Job executing on host: <188.185.205.220:9618?addrs=188.185.205.220-9618+[2001-1458-303-a--100-59]-9618&alias=b9p04p1288.cern.ch&noUDP&sock=startd_3394_9486>
	SlotName: slot1_21@b9p04p1288.cern.ch
	CondorScratchDir = "/pool/condor/dir_1308667"
	Cpus = 1
	Disk = 3639
	GPUs = 0
	Memory = 3000
...
006 (16579322.006.000) 02/09 19:07:39 Image size of job updated: 73468
	72  -  MemoryUsage of job (MB)
	73468  -  ResidentSetSize of job (KB)
...
040 (16579322.006.000) 02/09 19:07:48 Started transferring output files
...
040 (16579322.006.000) 02/09 19:07:48 Finished transferring output files
...
005 (16579322.006.000) 02/09 19:07:48 Job terminated.
	(1) Normal termination (return value 0)
		Usr 0 00:00:04, Sys 0 00:00:01  -  Run Remote Usage
		Usr 0 00:00:00, Sys 0 00:00:00  -  Run Local Usage
		Usr 0 00:00:04, Sys 0 00:00:01  -  Total Remote Usage
		Usr 0 00:00:00, Sys 0 00:00:00  -  Total Local Usage
	23737  -  Run Bytes Sent By Job
	10424  -  Run Bytes Received By Job
	23737  -  Total Bytes Sent By Job
	10424  -  Total Bytes Received By Job
	Partitionable Resources :    Usage  Request Allocated 
	   Cpus                 :        0        1         1 
	   Disk (KB)            :       62       12      3639 
	   GPUs                 :                           0 
	   Memory (MB)          :       72     3000      3000 

	Job terminated of its own accord at 2025-02-09T18:07:48Z with exit-code 0.
...
000 (16579327.006.000) 02/09 19:13:40 Job submitted from host: <188.185.72.155:9618?addrs=188.185.72.155-9618+[2001-1458-d00-8--100-95]-9618&alias=bigbird08.cern.ch&noUDP&sock=schedd_862983_22fa>
...
040 (16579327.006.000) 02/09 19:14:37 Started transferring input files
	Transferring to host: <188.185.193.175:9618?addrs=188.185.193.175-9618+[2001-1458-303-20--100-ab]-9618&alias=b9p19p8190.cern.ch&noUDP&sock=slot1_21_841080_b293_5941>
...
040 (16579327.006.000) 02/09 19:14:37 Finished transferring input files
...
001 (16579327.006.000) 02/09 19:14:38 Job executing on host: <188.185.193.175:9618?addrs=188.185.193.175-9618+[2001-1458-303-20--100-ab]-9618&alias=b9p19p8190.cern.ch&noUDP&sock=startd_10987_bf22>
	SlotName: slot1_21@b9p19p8190.cern.ch
	CondorScratchDir = "/pool/condor/dir_2282657"
	Cpus = 1
	Disk = 3937
	GPUs = 0
	Memory = 3000
...
006 (16579327.006.000) 02/09 19:14:47 Image size of job updated: 1880
	2  -  MemoryUsage of job (MB)
	1880  -  ResidentSetSize of job (KB)
...
006 (16579327.006.000) 02/09 19:15:35 Image size of job updated: 315684
	309  -  MemoryUsage of job (MB)
	315684  -  ResidentSetSize of job (KB)
...
040 (16579327.006.000) 02/09 19:15:35 Started transferring output files
...
040 (16579327.006.000) 02/09 19:15:36 Finished transferring output files
...
005 (16579327.006.000) 02/09 19:15:36 Job terminated.
	(1) Normal termination (return value 0)
		Usr 0 00:00:09, Sys 0 00:00:01  -  Run Remote Usage
		Usr 0 00:00:00, Sys 0 00:00:00  -  Run Local Usage
		Usr 0 00:00:09, Sys 0 00:00:01  -  Total Remote Usage
		Usr 0 00:00:00, Sys 0 00:00:00  -  Total Local Usage
	23737  -  Run Bytes Sent By Job
	10424  -  Run Bytes Received By Job
	23737  -  Total Bytes Sent By Job
	10424  -  Total Bytes Received By Job
	Partitionable Resources :    Usage  Request Allocated 
	   Cpus                 :        0        1         1 
	   Disk (KB)            :       59       12      3937 
	   GPUs                 :                           0 
	   Memory (MB)          :      309     3000      3000 

	Job terminated of its own accord at 2025-02-09T18:15:35Z with exit-code 0.
...
