000 (16579326.017.000) 02/09 19:06:22 Job submitted from host: <188.185.72.155:9618?addrs=188.185.72.155-9618+[2001-1458-d00-8--100-95]-9618&alias=bigbird08.cern.ch&noUDP&sock=schedd_862983_22fa>
...
040 (16579326.017.000) 02/09 19:07:57 Started transferring input files
	Transferring to host: <188.185.194.187:9618?addrs=188.185.194.187-9618+[2001-1458-303-21--100-b7]-9618&alias=b9p20p1860.cern.ch&noUDP&sock=slot1_31_2901740_1567_69822>
...
040 (16579326.017.000) 02/09 19:07:57 Finished transferring input files
...
001 (16579326.017.000) 02/09 19:07:58 Job executing on host: <188.185.194.187:9618?addrs=188.185.194.187-9618+[2001-1458-303-21--100-b7]-9618&alias=b9p20p1860.cern.ch&noUDP&sock=startd_3865_a5a1>
	SlotName: slot1_31@b9p20p1860.cern.ch
	CondorScratchDir = "/pool/condor/dir_1637268"
	Cpus = 1
	Disk = 3917
	GPUs = 0
	Memory = 3000
...
006 (16579326.017.000) 02/09 19:08:06 Image size of job updated: 61816
	61  -  MemoryUsage of job (MB)
	61816  -  ResidentSetSize of job (KB)
...
040 (16579326.017.000) 02/09 19:08:35 Started transferring output files
...
040 (16579326.017.000) 02/09 19:08:35 Finished transferring output files
...
005 (16579326.017.000) 02/09 19:08:35 Job terminated.
	(1) Normal termination (return value 0)
		Usr 0 00:00:22, Sys 0 00:00:00  -  Run Remote Usage
		Usr 0 00:00:00, Sys 0 00:00:00  -  Run Local Usage
		Usr 0 00:00:22, Sys 0 00:00:00  -  Total Remote Usage
		Usr 0 00:00:00, Sys 0 00:00:00  -  Total Local Usage
	23742  -  Run Bytes Sent By Job
	10424  -  Run Bytes Received By Job
	23742  -  Total Bytes Sent By Job
	10424  -  Total Bytes Received By Job
	Partitionable Resources :    Usage  Request Allocated 
	   Cpus                 :        0        1         1 
	   Disk (KB)            :       59       12      3917 
	   GPUs                 :                           0 
	   Memory (MB)          :       61     3000      3000 

	Job terminated of its own accord at 2025-02-09T18:08:35Z with exit-code 0.
...
000 (16579331.017.000) 02/09 19:14:01 Job submitted from host: <188.185.72.155:9618?addrs=188.185.72.155-9618+[2001-1458-d00-8--100-95]-9618&alias=bigbird08.cern.ch&noUDP&sock=schedd_862983_22fa>
...
040 (16579331.017.000) 02/09 19:15:08 Started transferring input files
	Transferring to host: <188.185.196.103:9618?addrs=188.185.196.103-9618+[2001-1458-303-23--100-63]-9618&alias=b9p16p2687.cern.ch&noUDP&sock=slot1_26_1403453_59c8_28433>
...
040 (16579331.017.000) 02/09 19:15:08 Finished transferring input files
...
001 (16579331.017.000) 02/09 19:15:09 Job executing on host: <188.185.196.103:9618?addrs=188.185.196.103-9618+[2001-1458-303-23--100-63]-9618&alias=b9p16p2687.cern.ch&noUDP&sock=startd_7407_2a15>
	SlotName: slot1_26@b9p16p2687.cern.ch
	CondorScratchDir = "/pool/condor/dir_2922532"
	Cpus = 1
	Disk = 3949
	GPUs = 0
	Memory = 3000
...
006 (16579331.017.000) 02/09 19:15:18 Image size of job updated: 61140
	60  -  MemoryUsage of job (MB)
	61140  -  ResidentSetSize of job (KB)
...
040 (16579331.017.000) 02/09 19:15:45 Started transferring output files
...
040 (16579331.017.000) 02/09 19:15:45 Finished transferring output files
...
005 (16579331.017.000) 02/09 19:15:45 Job terminated.
	(1) Normal termination (return value 0)
		Usr 0 00:00:19, Sys 0 00:00:00  -  Run Remote Usage
		Usr 0 00:00:00, Sys 0 00:00:00  -  Run Local Usage
		Usr 0 00:00:19, Sys 0 00:00:00  -  Total Remote Usage
		Usr 0 00:00:00, Sys 0 00:00:00  -  Total Local Usage
	23742  -  Run Bytes Sent By Job
	10424  -  Run Bytes Received By Job
	23742  -  Total Bytes Sent By Job
	10424  -  Total Bytes Received By Job
	Partitionable Resources :    Usage  Request Allocated 
	   Cpus                 :                 1         1 
	   Disk (KB)            :       51       12      3949 
	   GPUs                 :                           0 
	   Memory (MB)          :       60     3000      3000 

	Job terminated of its own accord at 2025-02-09T18:15:45Z with exit-code 0.
...
