000 (16579323.007.000) 02/09 19:06:02 Job submitted from host: <188.185.72.155:9618?addrs=188.185.72.155-9618+[2001-1458-d00-8--100-95]-9618&alias=bigbird08.cern.ch&noUDP&sock=schedd_862983_22fa>
...
040 (16579323.007.000) 02/09 19:07:32 Started transferring input files
	Transferring to host: <188.185.194.107:9618?addrs=188.185.194.107-9618+[2001-1458-303-21--100-67]-9618&alias=b9p20p3190.cern.ch&noUDP&sock=slot1_17_3589674_d1ee_5390>
...
040 (16579323.007.000) 02/09 19:07:32 Finished transferring input files
...
001 (16579323.007.000) 02/09 19:07:33 Job executing on host: <188.185.194.107:9618?addrs=188.185.194.107-9618+[2001-1458-303-21--100-67]-9618&alias=b9p20p3190.cern.ch&noUDP&sock=startd_7105_047b>
	SlotName: slot1_17@b9p20p3190.cern.ch
	CondorScratchDir = "/pool/condor/dir_2336717"
	Cpus = 1
	Disk = 3932
	GPUs = 0
	Memory = 3000
...
006 (16579323.007.000) 02/09 19:07:42 Image size of job updated: 1880
	2  -  MemoryUsage of job (MB)
	1880  -  ResidentSetSize of job (KB)
...
040 (16579323.007.000) 02/09 19:08:26 Started transferring output files
...
040 (16579323.007.000) 02/09 19:08:26 Finished transferring output files
...
005 (16579323.007.000) 02/09 19:08:26 Job terminated.
	(1) Normal termination (return value 0)
		Usr 0 00:00:08, Sys 0 00:00:00  -  Run Remote Usage
		Usr 0 00:00:00, Sys 0 00:00:00  -  Run Local Usage
		Usr 0 00:00:08, Sys 0 00:00:00  -  Total Remote Usage
		Usr 0 00:00:00, Sys 0 00:00:00  -  Total Local Usage
	23851  -  Run Bytes Sent By Job
	10424  -  Run Bytes Received By Job
	23851  -  Total Bytes Sent By Job
	10424  -  Total Bytes Received By Job
	Partitionable Resources :    Usage  Request Allocated 
	   Cpus                 :        0        1         1 
	   Disk (KB)            :       58       12      3932 
	   GPUs                 :                           0 
	   Memory (MB)          :        2     3000      3000 

	Job terminated of its own accord at 2025-02-09T18:08:25Z with exit-code 0.
...
000 (16579328.007.000) 02/09 19:13:46 Job submitted from host: <188.185.72.155:9618?addrs=188.185.72.155-9618+[2001-1458-d00-8--100-95]-9618&alias=bigbird08.cern.ch&noUDP&sock=schedd_862983_22fa>
...
040 (16579328.007.000) 02/09 19:14:43 Started transferring input files
	Transferring to host: <188.185.196.187:9618?addrs=188.185.196.187-9618+[2001-1458-303-23--100-b7]-9618&alias=b9p16p4396.cern.ch&noUDP&sock=slot1_10_402778_49b4_1661>
...
040 (16579328.007.000) 02/09 19:14:43 Finished transferring input files
...
001 (16579328.007.000) 02/09 19:14:44 Job executing on host: <188.185.196.187:9618?addrs=188.185.196.187-9618+[2001-1458-303-23--100-b7]-9618&alias=b9p16p4396.cern.ch&noUDP&sock=startd_8266_5def>
	SlotName: slot1_10@b9p16p4396.cern.ch
	CondorScratchDir = "/pool/condor/dir_2295507"
	Cpus = 1
	Disk = 3919
	GPUs = 0
	Memory = 3000
...
006 (16579328.007.000) 02/09 19:14:58 Image size of job updated: 59128
	58  -  MemoryUsage of job (MB)
	59128  -  ResidentSetSize of job (KB)
...
006 (16579328.007.000) 02/09 19:15:24 Image size of job updated: 74012
	58  -  MemoryUsage of job (MB)
	59128  -  ResidentSetSize of job (KB)
...
040 (16579328.007.000) 02/09 19:15:24 Started transferring output files
...
040 (16579328.007.000) 02/09 19:15:24 Finished transferring output files
...
005 (16579328.007.000) 02/09 19:15:24 Job terminated.
	(1) Normal termination (return value 0)
		Usr 0 00:00:09, Sys 0 00:00:00  -  Run Remote Usage
		Usr 0 00:00:00, Sys 0 00:00:00  -  Run Local Usage
		Usr 0 00:00:09, Sys 0 00:00:00  -  Total Remote Usage
		Usr 0 00:00:00, Sys 0 00:00:00  -  Total Local Usage
	23851  -  Run Bytes Sent By Job
	10424  -  Run Bytes Received By Job
	23851  -  Total Bytes Sent By Job
	10424  -  Total Bytes Received By Job
	Partitionable Resources :    Usage  Request Allocated 
	   Cpus                 :        0        1         1 
	   Disk (KB)            :       58       12      3919 
	   GPUs                 :                           0 
	   Memory (MB)          :       58     3000      3000 

	Job terminated of its own accord at 2025-02-09T18:15:24Z with exit-code 0.
...
