000 (16579322.014.000) 02/09 19:05:38 Job submitted from host: <188.185.72.155:9618?addrs=188.185.72.155-9618+[2001-1458-d00-8--100-95]-9618&alias=bigbird08.cern.ch&noUDP&sock=schedd_862983_22fa>
...
040 (16579322.014.000) 02/09 19:07:29 Started transferring input files
	Transferring to host: <128.142.51.211:9618?addrs=128.142.51.211-9618+[2001-1458-301-3--100-10]-9618&alias=b9g02p0513.cern.ch&noUDP&sock=slot1_7_3111150_5f6b_6309>
...
040 (16579322.014.000) 02/09 19:07:29 Finished transferring input files
...
001 (16579322.014.000) 02/09 19:07:30 Job executing on host: <128.142.51.211:9618?addrs=128.142.51.211-9618+[2001-1458-301-3--100-10]-9618&alias=b9g02p0513.cern.ch&noUDP&sock=startd_6899_b7f8>
	SlotName: slot1_7@b9g02p0513.cern.ch
	CondorScratchDir = "/pool/condor/dir_1515209"
	Cpus = 1
	Disk = 3852
	GPUs = 0
	Memory = 3000
...
006 (16579322.014.000) 02/09 19:07:39 Image size of job updated: 1872
	2  -  MemoryUsage of job (MB)
	1872  -  ResidentSetSize of job (KB)
...
040 (16579322.014.000) 02/09 19:08:24 Started transferring output files
...
040 (16579322.014.000) 02/09 19:08:24 Finished transferring output files
...
005 (16579322.014.000) 02/09 19:08:24 Job terminated.
	(1) Normal termination (return value 0)
		Usr 0 00:00:11, Sys 0 00:00:00  -  Run Remote Usage
		Usr 0 00:00:00, Sys 0 00:00:00  -  Run Local Usage
		Usr 0 00:00:11, Sys 0 00:00:00  -  Total Remote Usage
		Usr 0 00:00:00, Sys 0 00:00:00  -  Total Local Usage
	23744  -  Run Bytes Sent By Job
	10424  -  Run Bytes Received By Job
	23744  -  Total Bytes Sent By Job
	10424  -  Total Bytes Received By Job
	Partitionable Resources :    Usage  Request Allocated 
	   Cpus                 :        0        1         1 
	   Disk (KB)            :       59       12      3852 
	   GPUs                 :                           0 
	   Memory (MB)          :        2     3000      3000 

	Job terminated of its own accord at 2025-02-09T18:08:23Z with exit-code 0.
...
000 (16579327.014.000) 02/09 19:13:41 Job submitted from host: <188.185.72.155:9618?addrs=188.185.72.155-9618+[2001-1458-d00-8--100-95]-9618&alias=bigbird08.cern.ch&noUDP&sock=schedd_862983_22fa>
...
040 (16579327.014.000) 02/09 19:14:39 Started transferring input files
	Transferring to host: <188.185.215.140:9618?addrs=188.185.215.140-9618+[2001-1458-303-26--100-8]-9618&alias=b9p18p0368.cern.ch&noUDP&sock=slot1_7_1206990_64f3_90481>
...
040 (16579327.014.000) 02/09 19:14:39 Finished transferring input files
...
001 (16579327.014.000) 02/09 19:14:40 Job executing on host: <188.185.215.140:9618?addrs=188.185.215.140-9618+[2001-1458-303-26--100-8]-9618&alias=b9p18p0368.cern.ch&noUDP&sock=startd_9008_5135>
	SlotName: slot1_7@b9p18p0368.cern.ch
	CondorScratchDir = "/pool/condor/dir_3940091"
	Cpus = 1
	Disk = 3861
	GPUs = 0
	Memory = 3000
...
006 (16579327.014.000) 02/09 19:14:49 Image size of job updated: 356916
	349  -  MemoryUsage of job (MB)
	356916  -  ResidentSetSize of job (KB)
...
040 (16579327.014.000) 02/09 19:15:12 Started transferring output files
...
040 (16579327.014.000) 02/09 19:15:12 Finished transferring output files
...
005 (16579327.014.000) 02/09 19:15:12 Job terminated.
	(1) Normal termination (return value 0)
		Usr 0 00:00:12, Sys 0 00:00:01  -  Run Remote Usage
		Usr 0 00:00:00, Sys 0 00:00:00  -  Run Local Usage
		Usr 0 00:00:12, Sys 0 00:00:01  -  Total Remote Usage
		Usr 0 00:00:00, Sys 0 00:00:00  -  Total Local Usage
	23744  -  Run Bytes Sent By Job
	10424  -  Run Bytes Received By Job
	23744  -  Total Bytes Sent By Job
	10424  -  Total Bytes Received By Job
	Partitionable Resources :    Usage  Request Allocated 
	   Cpus                 :        0        1         1 
	   Disk (KB)            :       58       12      3861 
	   GPUs                 :                           0 
	   Memory (MB)          :      349     3000      3000 

	Job terminated of its own accord at 2025-02-09T18:15:12Z with exit-code 0.
...
