000 (16579323.019.000) 02/09 19:06:02 Job submitted from host: <188.185.72.155:9618?addrs=188.185.72.155-9618+[2001-1458-d00-8--100-95]-9618&alias=bigbird08.cern.ch&noUDP&sock=schedd_862983_22fa>
...
040 (16579323.019.000) 02/09 19:07:36 Started transferring input files
	Transferring to host: <188.185.198.58:9618?addrs=188.185.198.58-9618+[2001-1458-303-25--100-36]-9618&alias=b9p15p9291.cern.ch&noUDP&sock=slot1_18_8736_0d5c_549>
...
040 (16579323.019.000) 02/09 19:07:36 Finished transferring input files
...
001 (16579323.019.000) 02/09 19:07:37 Job executing on host: <188.185.198.58:9618?addrs=188.185.198.58-9618+[2001-1458-303-25--100-36]-9618&alias=b9p15p9291.cern.ch&noUDP&sock=startd_8681_05bd>
	SlotName: slot1_18@b9p15p9291.cern.ch
	CondorScratchDir = "/pool/condor/dir_2691331"
	Cpus = 1
	Disk = 3818
	GPUs = 0
	Memory = 3000
...
006 (16579323.019.000) 02/09 19:07:46 Image size of job updated: 61788
	61  -  MemoryUsage of job (MB)
	61788  -  ResidentSetSize of job (KB)
...
040 (16579323.019.000) 02/09 19:08:05 Started transferring output files
...
040 (16579323.019.000) 02/09 19:08:05 Finished transferring output files
...
005 (16579323.019.000) 02/09 19:08:05 Job terminated.
	(1) Normal termination (return value 0)
		Usr 0 00:00:08, Sys 0 00:00:00  -  Run Remote Usage
		Usr 0 00:00:00, Sys 0 00:00:00  -  Run Local Usage
		Usr 0 00:00:08, Sys 0 00:00:00  -  Total Remote Usage
		Usr 0 00:00:00, Sys 0 00:00:00  -  Total Local Usage
	23854  -  Run Bytes Sent By Job
	10424  -  Run Bytes Received By Job
	23854  -  Total Bytes Sent By Job
	10424  -  Total Bytes Received By Job
	Partitionable Resources :    Usage  Request Allocated 
	   Cpus                 :        0        1         1 
	   Disk (KB)            :       58       12      3818 
	   GPUs                 :                           0 
	   Memory (MB)          :       61     3000      3000 

	Job terminated of its own accord at 2025-02-09T18:08:05Z with exit-code 0.
...
000 (16579328.019.000) 02/09 19:13:46 Job submitted from host: <188.185.72.155:9618?addrs=188.185.72.155-9618+[2001-1458-d00-8--100-95]-9618&alias=bigbird08.cern.ch&noUDP&sock=schedd_862983_22fa>
...
040 (16579328.019.000) 02/09 19:14:47 Started transferring input files
	Transferring to host: <128.142.161.98:9618?addrs=128.142.161.98-9618+[2001-1458-301-b8--100-20]-9618&alias=b9g03p9785.cern.ch&noUDP&sock=slot1_1_3428549_ae76_1170>
...
040 (16579328.019.000) 02/09 19:14:47 Finished transferring input files
...
001 (16579328.019.000) 02/09 19:14:48 Job executing on host: <128.142.161.98:9618?addrs=128.142.161.98-9618+[2001-1458-301-b8--100-20]-9618&alias=b9g03p9785.cern.ch&noUDP&sock=startd_2569_b2e4>
	SlotName: slot1_1@b9g03p9785.cern.ch
	CondorScratchDir = "/pool/condor/dir_1752035"
	Cpus = 1
	Disk = 4114
	GPUs = 0
	Memory = 3000
...
006 (16579328.019.000) 02/09 19:14:56 Image size of job updated: 386144
	378  -  MemoryUsage of job (MB)
	386144  -  ResidentSetSize of job (KB)
...
040 (16579328.019.000) 02/09 19:15:14 Started transferring output files
...
040 (16579328.019.000) 02/09 19:15:14 Finished transferring output files
...
005 (16579328.019.000) 02/09 19:15:14 Job terminated.
	(1) Normal termination (return value 0)
		Usr 0 00:00:04, Sys 0 00:00:00  -  Run Remote Usage
		Usr 0 00:00:00, Sys 0 00:00:00  -  Run Local Usage
		Usr 0 00:00:04, Sys 0 00:00:00  -  Total Remote Usage
		Usr 0 00:00:00, Sys 0 00:00:00  -  Total Local Usage
	23854  -  Run Bytes Sent By Job
	10424  -  Run Bytes Received By Job
	23854  -  Total Bytes Sent By Job
	10424  -  Total Bytes Received By Job
	Partitionable Resources :    Usage  Request Allocated 
	   Cpus                 :        0        1         1 
	   Disk (KB)            :       58       12      4114 
	   GPUs                 :                           0 
	   Memory (MB)          :      378     3000      3000 

	Job terminated of its own accord at 2025-02-09T18:15:14Z with exit-code 0.
...
