000 (16579326.012.000) 02/09 19:06:22 Job submitted from host: <188.185.72.155:9618?addrs=188.185.72.155-9618+[2001-1458-d00-8--100-95]-9618&alias=bigbird08.cern.ch&noUDP&sock=schedd_862983_22fa>
...
040 (16579326.012.000) 02/09 19:07:55 Started transferring input files
	Transferring to host: <128.142.51.211:9618?addrs=128.142.51.211-9618+[2001-1458-301-3--100-10]-9618&alias=b9g02p0513.cern.ch&noUDP&sock=slot1_48_3111150_5f6b_6318>
...
040 (16579326.012.000) 02/09 19:07:55 Finished transferring input files
...
001 (16579326.012.000) 02/09 19:07:56 Job executing on host: <128.142.51.211:9618?addrs=128.142.51.211-9618+[2001-1458-301-3--100-10]-9618&alias=b9g02p0513.cern.ch&noUDP&sock=startd_6899_b7f8>
	SlotName: slot1_48@b9g02p0513.cern.ch
	CondorScratchDir = "/pool/condor/dir_1516904"
	Cpus = 1
	Disk = 3851
	GPUs = 0
	Memory = 3000
...
006 (16579326.012.000) 02/09 19:08:05 Image size of job updated: 1884
	2  -  MemoryUsage of job (MB)
	1884  -  ResidentSetSize of job (KB)
...
040 (16579326.012.000) 02/09 19:08:59 Started transferring output files
...
040 (16579326.012.000) 02/09 19:08:59 Finished transferring output files
...
005 (16579326.012.000) 02/09 19:08:59 Job terminated.
	(1) Normal termination (return value 0)
		Usr 0 00:00:24, Sys 0 00:00:01  -  Run Remote Usage
		Usr 0 00:00:00, Sys 0 00:00:00  -  Run Local Usage
		Usr 0 00:00:24, Sys 0 00:00:01  -  Total Remote Usage
		Usr 0 00:00:00, Sys 0 00:00:00  -  Total Local Usage
	23744  -  Run Bytes Sent By Job
	10424  -  Run Bytes Received By Job
	23744  -  Total Bytes Sent By Job
	10424  -  Total Bytes Received By Job
	Partitionable Resources :    Usage  Request Allocated 
	   Cpus                 :        0        1         1 
	   Disk (KB)            :       58       12      3851 
	   GPUs                 :                           0 
	   Memory (MB)          :        2     3000      3000 

	Job terminated of its own accord at 2025-02-09T18:08:59Z with exit-code 0.
...
000 (16579331.012.000) 02/09 19:14:01 Job submitted from host: <188.185.72.155:9618?addrs=188.185.72.155-9618+[2001-1458-d00-8--100-95]-9618&alias=bigbird08.cern.ch&noUDP&sock=schedd_862983_22fa>
...
040 (16579331.012.000) 02/09 19:15:07 Started transferring input files
	Transferring to host: <128.142.131.137:9618?addrs=128.142.131.137-9618+[2001-1458-301-59--100-7d]-9618&alias=b9g11p0028.cern.ch&noUDP&sock=slot1_31_2642700_f842_42209>
...
040 (16579331.012.000) 02/09 19:15:07 Finished transferring input files
...
001 (16579331.012.000) 02/09 19:15:08 Job executing on host: <128.142.131.137:9618?addrs=128.142.131.137-9618+[2001-1458-301-59--100-7d]-9618&alias=b9g11p0028.cern.ch&noUDP&sock=startd_2656_5fa1>
	SlotName: slot1_31@b9g11p0028.cern.ch
	CondorScratchDir = "/pool/condor/dir_573228"
	Cpus = 1
	Disk = 2597
	GPUs = 0
	Memory = 3000
...
006 (16579331.012.000) 02/09 19:15:17 Image size of job updated: 1872
	2  -  MemoryUsage of job (MB)
	1872  -  ResidentSetSize of job (KB)
...
040 (16579331.012.000) 02/09 19:16:12 Started transferring output files
...
040 (16579331.012.000) 02/09 19:16:12 Finished transferring output files
...
005 (16579331.012.000) 02/09 19:16:12 Job terminated.
	(1) Normal termination (return value 0)
		Usr 0 00:00:28, Sys 0 00:00:01  -  Run Remote Usage
		Usr 0 00:00:00, Sys 0 00:00:00  -  Run Local Usage
		Usr 0 00:00:28, Sys 0 00:00:01  -  Total Remote Usage
		Usr 0 00:00:00, Sys 0 00:00:00  -  Total Local Usage
	23744  -  Run Bytes Sent By Job
	10424  -  Run Bytes Received By Job
	23744  -  Total Bytes Sent By Job
	10424  -  Total Bytes Received By Job
	Partitionable Resources :    Usage  Request Allocated 
	   Cpus                 :        0        1         1 
	   Disk (KB)            :       58       12      2597 
	   GPUs                 :                           0 
	   Memory (MB)          :        2     3000      3000 

	Job terminated of its own accord at 2025-02-09T18:16:12Z with exit-code 0.
...
