000 (16579326.011.000) 02/09 19:06:22 Job submitted from host: <188.185.72.155:9618?addrs=188.185.72.155-9618+[2001-1458-d00-8--100-95]-9618&alias=bigbird08.cern.ch&noUDP&sock=schedd_862983_22fa>
...
040 (16579326.011.000) 02/09 19:07:53 Started transferring input files
	Transferring to host: <128.142.51.211:9618?addrs=128.142.51.211-9618+[2001-1458-301-3--100-10]-9618&alias=b9g02p0513.cern.ch&noUDP&sock=slot1_47_3111150_5f6b_6317>
...
040 (16579326.011.000) 02/09 19:07:53 Finished transferring input files
...
001 (16579326.011.000) 02/09 19:07:55 Job executing on host: <128.142.51.211:9618?addrs=128.142.51.211-9618+[2001-1458-301-3--100-10]-9618&alias=b9g02p0513.cern.ch&noUDP&sock=startd_6899_b7f8>
	SlotName: slot1_47@b9g02p0513.cern.ch
	CondorScratchDir = "/pool/condor/dir_1516896"
	Cpus = 1
	Disk = 3851
	GPUs = 0
	Memory = 3000
...
006 (16579326.011.000) 02/09 19:08:04 Image size of job updated: 1872
	2  -  MemoryUsage of job (MB)
	1872  -  ResidentSetSize of job (KB)
...
040 (16579326.011.000) 02/09 19:08:56 Started transferring output files
...
040 (16579326.011.000) 02/09 19:08:56 Finished transferring output files
...
005 (16579326.011.000) 02/09 19:08:56 Job terminated.
	(1) Normal termination (return value 0)
		Usr 0 00:00:22, Sys 0 00:00:01  -  Run Remote Usage
		Usr 0 00:00:00, Sys 0 00:00:00  -  Run Local Usage
		Usr 0 00:00:22, Sys 0 00:00:01  -  Total Remote Usage
		Usr 0 00:00:00, Sys 0 00:00:00  -  Total Local Usage
	23742  -  Run Bytes Sent By Job
	10424  -  Run Bytes Received By Job
	23742  -  Total Bytes Sent By Job
	10424  -  Total Bytes Received By Job
	Partitionable Resources :    Usage  Request Allocated 
	   Cpus                 :        0        1         1 
	   Disk (KB)            :       58       12      3851 
	   GPUs                 :                           0 
	   Memory (MB)          :        2     3000      3000 

	Job terminated of its own accord at 2025-02-09T18:08:56Z with exit-code 0.
...
000 (16579331.011.000) 02/09 19:14:01 Job submitted from host: <188.185.72.155:9618?addrs=188.185.72.155-9618+[2001-1458-d00-8--100-95]-9618&alias=bigbird08.cern.ch&noUDP&sock=schedd_862983_22fa>
...
040 (16579331.011.000) 02/09 19:15:06 Started transferring input files
	Transferring to host: <128.142.33.220:9618?addrs=128.142.33.220-9618+[2001-1458-301-39--100-19]-9618&alias=b9g24p0879.cern.ch&noUDP&sock=slot1_24_4754_5f7a_60042>
...
040 (16579331.011.000) 02/09 19:15:06 Finished transferring input files
...
001 (16579331.011.000) 02/09 19:15:07 Job executing on host: <128.142.33.220:9618?addrs=128.142.33.220-9618+[2001-1458-301-39--100-19]-9618&alias=b9g24p0879.cern.ch&noUDP&sock=startd_3992_c228>
	SlotName: slot1_24@b9g24p0879.cern.ch
	CondorScratchDir = "/pool/condor/dir_3047558"
	Cpus = 1
	Disk = 3738
	GPUs = 0
	Memory = 3000
...
006 (16579331.011.000) 02/09 19:15:16 Image size of job updated: 61276
	60  -  MemoryUsage of job (MB)
	61276  -  ResidentSetSize of job (KB)
...
040 (16579331.011.000) 02/09 19:15:43 Started transferring output files
...
040 (16579331.011.000) 02/09 19:15:44 Finished transferring output files
...
005 (16579331.011.000) 02/09 19:15:44 Job terminated.
	(1) Normal termination (return value 0)
		Usr 0 00:00:15, Sys 0 00:00:01  -  Run Remote Usage
		Usr 0 00:00:00, Sys 0 00:00:00  -  Run Local Usage
		Usr 0 00:00:15, Sys 0 00:00:01  -  Total Remote Usage
		Usr 0 00:00:00, Sys 0 00:00:00  -  Total Local Usage
	23742  -  Run Bytes Sent By Job
	10424  -  Run Bytes Received By Job
	23742  -  Total Bytes Sent By Job
	10424  -  Total Bytes Received By Job
	Partitionable Resources :    Usage  Request Allocated 
	   Cpus                 :        0        1         1 
	   Disk (KB)            :       58       12      3738 
	   GPUs                 :                           0 
	   Memory (MB)          :       60     3000      3000 

	Job terminated of its own accord at 2025-02-09T18:15:43Z with exit-code 0.
...
