000 (16579323.010.000) 02/09 19:06:02 Job submitted from host: <188.185.72.155:9618?addrs=188.185.72.155-9618+[2001-1458-d00-8--100-95]-9618&alias=bigbird08.cern.ch&noUDP&sock=schedd_862983_22fa>
...
040 (16579323.010.000) 02/09 19:07:33 Started transferring input files
	Transferring to host: <188.185.194.187:9618?addrs=188.185.194.187-9618+[2001-1458-303-21--100-b7]-9618&alias=b9p20p1860.cern.ch&noUDP&sock=slot1_12_2901740_1567_69811>
...
040 (16579323.010.000) 02/09 19:07:33 Finished transferring input files
...
001 (16579323.010.000) 02/09 19:07:34 Job executing on host: <188.185.194.187:9618?addrs=188.185.194.187-9618+[2001-1458-303-21--100-b7]-9618&alias=b9p20p1860.cern.ch&noUDP&sock=startd_3865_a5a1>
	SlotName: slot1_12@b9p20p1860.cern.ch
	CondorScratchDir = "/pool/condor/dir_1635867"
	Cpus = 1
	Disk = 3918
	GPUs = 0
	Memory = 3000
...
006 (16579323.010.000) 02/09 19:07:44 Image size of job updated: 71336
	70  -  MemoryUsage of job (MB)
	71336  -  ResidentSetSize of job (KB)
...
040 (16579323.010.000) 02/09 19:07:55 Started transferring output files
...
040 (16579323.010.000) 02/09 19:07:55 Finished transferring output files
...
005 (16579323.010.000) 02/09 19:07:55 Job terminated.
	(1) Normal termination (return value 0)
		Usr 0 00:00:05, Sys 0 00:00:00  -  Run Remote Usage
		Usr 0 00:00:00, Sys 0 00:00:00  -  Run Local Usage
		Usr 0 00:00:05, Sys 0 00:00:00  -  Total Remote Usage
		Usr 0 00:00:00, Sys 0 00:00:00  -  Total Local Usage
	23854  -  Run Bytes Sent By Job
	10424  -  Run Bytes Received By Job
	23854  -  Total Bytes Sent By Job
	10424  -  Total Bytes Received By Job
	Partitionable Resources :    Usage  Request Allocated 
	   Cpus                 :        0        1         1 
	   Disk (KB)            :       59       12      3918 
	   GPUs                 :                           0 
	   Memory (MB)          :       70     3000      3000 

	Job terminated of its own accord at 2025-02-09T18:07:54Z with exit-code 0.
...
000 (16579328.010.000) 02/09 19:13:46 Job submitted from host: <188.185.72.155:9618?addrs=188.185.72.155-9618+[2001-1458-d00-8--100-95]-9618&alias=bigbird08.cern.ch&noUDP&sock=schedd_862983_22fa>
...
040 (16579328.010.000) 02/09 19:14:43 Started transferring input files
	Transferring to host: <188.185.193.13:9618?addrs=188.185.193.13-9618+[2001-1458-303-20--100-9]-9618&alias=b9p19p6329.cern.ch&noUDP&sock=slot1_4_1960192_5758_84224>
...
040 (16579328.010.000) 02/09 19:14:43 Finished transferring input files
...
001 (16579328.010.000) 02/09 19:14:44 Job executing on host: <188.185.193.13:9618?addrs=188.185.193.13-9618+[2001-1458-303-20--100-9]-9618&alias=b9p19p6329.cern.ch&noUDP&sock=startd_5191_2c36>
	SlotName: slot1_4@b9p19p6329.cern.ch
	CondorScratchDir = "/pool/condor/dir_170942"
	Cpus = 1
	Disk = 3925
	GPUs = 0
	Memory = 3000
...
006 (16579328.010.000) 02/09 19:14:53 Image size of job updated: 1892
	2  -  MemoryUsage of job (MB)
	1892  -  ResidentSetSize of job (KB)
...
040 (16579328.010.000) 02/09 19:15:34 Started transferring output files
...
040 (16579328.010.000) 02/09 19:15:35 Finished transferring output files
...
005 (16579328.010.000) 02/09 19:15:36 Job terminated.
	(1) Normal termination (return value 0)
		Usr 0 00:00:06, Sys 0 00:00:00  -  Run Remote Usage
		Usr 0 00:00:00, Sys 0 00:00:00  -  Run Local Usage
		Usr 0 00:00:06, Sys 0 00:00:00  -  Total Remote Usage
		Usr 0 00:00:00, Sys 0 00:00:00  -  Total Local Usage
	23854  -  Run Bytes Sent By Job
	10424  -  Run Bytes Received By Job
	23854  -  Total Bytes Sent By Job
	10424  -  Total Bytes Received By Job
	Partitionable Resources :    Usage  Request Allocated 
	   Cpus                 :        0        1         1 
	   Disk (KB)            :       59       12      3925 
	   GPUs                 :                           0 
	   Memory (MB)          :        2     3000      3000 

	Job terminated of its own accord at 2025-02-09T18:15:34Z with exit-code 0.
...
