000 (16579322.012.000) 02/09 19:05:38 Job submitted from host: <188.185.72.155:9618?addrs=188.185.72.155-9618+[2001-1458-d00-8--100-95]-9618&alias=bigbird08.cern.ch&noUDP&sock=schedd_862983_22fa>
...
040 (16579322.012.000) 02/09 19:07:28 Started transferring input files
	Transferring to host: <188.185.194.107:9618?addrs=188.185.194.107-9618+[2001-1458-303-21--100-67]-9618&alias=b9p20p3190.cern.ch&noUDP&sock=slot1_2_3589674_d1ee_5389>
...
040 (16579322.012.000) 02/09 19:07:28 Finished transferring input files
...
001 (16579322.012.000) 02/09 19:07:29 Job executing on host: <188.185.194.107:9618?addrs=188.185.194.107-9618+[2001-1458-303-21--100-67]-9618&alias=b9p20p3190.cern.ch&noUDP&sock=startd_7105_047b>
	SlotName: slot1_2@b9p20p3190.cern.ch
	CondorScratchDir = "/pool/condor/dir_2336459"
	Cpus = 1
	Disk = 3932
	GPUs = 0
	Memory = 3000
...
006 (16579322.012.000) 02/09 19:07:38 Image size of job updated: 1892
	2  -  MemoryUsage of job (MB)
	1892  -  ResidentSetSize of job (KB)
...
006 (16579322.012.000) 02/09 19:08:21 Image size of job updated: 51600
	51  -  MemoryUsage of job (MB)
	51600  -  ResidentSetSize of job (KB)
...
040 (16579322.012.000) 02/09 19:08:21 Started transferring output files
...
040 (16579322.012.000) 02/09 19:08:21 Finished transferring output files
...
005 (16579322.012.000) 02/09 19:08:22 Job terminated.
	(1) Normal termination (return value 0)
		Usr 0 00:00:07, Sys 0 00:00:00  -  Run Remote Usage
		Usr 0 00:00:00, Sys 0 00:00:00  -  Run Local Usage
		Usr 0 00:00:07, Sys 0 00:00:00  -  Total Remote Usage
		Usr 0 00:00:00, Sys 0 00:00:00  -  Total Local Usage
	23744  -  Run Bytes Sent By Job
	10424  -  Run Bytes Received By Job
	23744  -  Total Bytes Sent By Job
	10424  -  Total Bytes Received By Job
	Partitionable Resources :    Usage  Request Allocated 
	   Cpus                 :        0        1         1 
	   Disk (KB)            :       58       12      3932 
	   GPUs                 :                           0 
	   Memory (MB)          :       51     3000      3000 

	Job terminated of its own accord at 2025-02-09T18:08:21Z with exit-code 0.
...
000 (16579327.012.000) 02/09 19:13:41 Job submitted from host: <188.185.72.155:9618?addrs=188.185.72.155-9618+[2001-1458-d00-8--100-95]-9618&alias=bigbird08.cern.ch&noUDP&sock=schedd_862983_22fa>
...
040 (16579327.012.000) 02/09 19:14:38 Started transferring input files
	Transferring to host: <188.185.192.172:9618?addrs=188.185.192.172-9618+[2001-1458-303-1f--100-a8]-9618&alias=b9p13p7703.cern.ch&noUDP&sock=slot1_14_1226716_2555_96150>
...
040 (16579327.012.000) 02/09 19:14:38 Finished transferring input files
...
001 (16579327.012.000) 02/09 19:14:39 Job executing on host: <188.185.192.172:9618?addrs=188.185.192.172-9618+[2001-1458-303-1f--100-a8]-9618&alias=b9p13p7703.cern.ch&noUDP&sock=startd_10954_1c82>
	SlotName: slot1_14@b9p13p7703.cern.ch
	CondorScratchDir = "/pool/condor/dir_472386"
	Cpus = 1
	Disk = 3818
	GPUs = 0
	Memory = 3000
...
006 (16579327.012.000) 02/09 19:14:48 Image size of job updated: 121316
	119  -  MemoryUsage of job (MB)
	121316  -  ResidentSetSize of job (KB)
...
040 (16579327.012.000) 02/09 19:15:06 Started transferring output files
...
040 (16579327.012.000) 02/09 19:15:06 Finished transferring output files
...
005 (16579327.012.000) 02/09 19:15:07 Job terminated.
	(1) Normal termination (return value 0)
		Usr 0 00:00:08, Sys 0 00:00:00  -  Run Remote Usage
		Usr 0 00:00:00, Sys 0 00:00:00  -  Run Local Usage
		Usr 0 00:00:08, Sys 0 00:00:00  -  Total Remote Usage
		Usr 0 00:00:00, Sys 0 00:00:00  -  Total Local Usage
	23744  -  Run Bytes Sent By Job
	10424  -  Run Bytes Received By Job
	23744  -  Total Bytes Sent By Job
	10424  -  Total Bytes Received By Job
	Partitionable Resources :    Usage  Request Allocated 
	   Cpus                 :        0        1         1 
	   Disk (KB)            :       59       12      3818 
	   GPUs                 :                           0 
	   Memory (MB)          :      119     3000      3000 

	Job terminated of its own accord at 2025-02-09T18:15:06Z with exit-code 0.
...
