000 (16579322.010.000) 02/09 19:05:38 Job submitted from host: <188.185.72.155:9618?addrs=188.185.72.155-9618+[2001-1458-d00-8--100-95]-9618&alias=bigbird08.cern.ch&noUDP&sock=schedd_862983_22fa>
...
040 (16579322.010.000) 02/09 19:07:27 Started transferring input files
	Transferring to host: <188.185.198.58:9618?addrs=188.185.198.58-9618+[2001-1458-303-25--100-36]-9618&alias=b9p15p9291.cern.ch&noUDP&sock=slot1_7_8736_0d5c_546>
...
040 (16579322.010.000) 02/09 19:07:27 Finished transferring input files
...
001 (16579322.010.000) 02/09 19:07:28 Job executing on host: <188.185.198.58:9618?addrs=188.185.198.58-9618+[2001-1458-303-25--100-36]-9618&alias=b9p15p9291.cern.ch&noUDP&sock=startd_8681_05bd>
	SlotName: slot1_7@b9p15p9291.cern.ch
	CondorScratchDir = "/pool/condor/dir_2690688"
	Cpus = 1
	Disk = 3818
	GPUs = 0
	Memory = 3000
...
006 (16579322.010.000) 02/09 19:07:37 Image size of job updated: 386308
	378  -  MemoryUsage of job (MB)
	386308  -  ResidentSetSize of job (KB)
...
040 (16579322.010.000) 02/09 19:07:51 Started transferring output files
...
040 (16579322.010.000) 02/09 19:07:51 Finished transferring output files
...
005 (16579322.010.000) 02/09 19:07:51 Job terminated.
	(1) Normal termination (return value 0)
		Usr 0 00:00:08, Sys 0 00:00:00  -  Run Remote Usage
		Usr 0 00:00:00, Sys 0 00:00:00  -  Run Local Usage
		Usr 0 00:00:08, Sys 0 00:00:00  -  Total Remote Usage
		Usr 0 00:00:00, Sys 0 00:00:00  -  Total Local Usage
	23744  -  Run Bytes Sent By Job
	10424  -  Run Bytes Received By Job
	23744  -  Total Bytes Sent By Job
	10424  -  Total Bytes Received By Job
	Partitionable Resources :    Usage  Request Allocated 
	   Cpus                 :        0        1         1 
	   Disk (KB)            :       58       12      3818 
	   GPUs                 :                           0 
	   Memory (MB)          :      378     3000      3000 

	Job terminated of its own accord at 2025-02-09T18:07:51Z with exit-code 0.
...
000 (16579327.010.000) 02/09 19:13:40 Job submitted from host: <188.185.72.155:9618?addrs=188.185.72.155-9618+[2001-1458-d00-8--100-95]-9618&alias=bigbird08.cern.ch&noUDP&sock=schedd_862983_22fa>
...
040 (16579327.010.000) 02/09 19:14:38 Started transferring input files
	Transferring to host: <188.185.198.176:9618?addrs=188.185.198.176-9618+[2001-1458-303-25--100-ac]-9618&alias=b9p15p4347.cern.ch&noUDP&sock=slot1_29_2027928_7b1a_73248>
...
040 (16579327.010.000) 02/09 19:14:38 Finished transferring input files
...
001 (16579327.010.000) 02/09 19:14:39 Job executing on host: <188.185.198.176:9618?addrs=188.185.198.176-9618+[2001-1458-303-25--100-ac]-9618&alias=b9p15p4347.cern.ch&noUDP&sock=startd_6816_c99c>
	SlotName: slot1_29@b9p15p4347.cern.ch
	CondorScratchDir = "/pool/condor/dir_1186994"
	Cpus = 1
	Disk = 3747
	GPUs = 0
	Memory = 3000
...
006 (16579327.010.000) 02/09 19:14:48 Image size of job updated: 190864
	187  -  MemoryUsage of job (MB)
	190864  -  ResidentSetSize of job (KB)
...
040 (16579327.010.000) 02/09 19:15:12 Started transferring output files
...
040 (16579327.010.000) 02/09 19:15:12 Finished transferring output files
...
005 (16579327.010.000) 02/09 19:15:12 Job terminated.
	(1) Normal termination (return value 0)
		Usr 0 00:00:10, Sys 0 00:00:01  -  Run Remote Usage
		Usr 0 00:00:00, Sys 0 00:00:00  -  Run Local Usage
		Usr 0 00:00:10, Sys 0 00:00:01  -  Total Remote Usage
		Usr 0 00:00:00, Sys 0 00:00:00  -  Total Local Usage
	23744  -  Run Bytes Sent By Job
	10424  -  Run Bytes Received By Job
	23744  -  Total Bytes Sent By Job
	10424  -  Total Bytes Received By Job
	Partitionable Resources :    Usage  Request Allocated 
	   Cpus                 :        0        1         1 
	   Disk (KB)            :       58       12      3747 
	   GPUs                 :                           0 
	   Memory (MB)          :      187     3000      3000 

	Job terminated of its own accord at 2025-02-09T18:15:12Z with exit-code 0.
...
