000 (16579326.016.000) 02/09 19:06:22 Job submitted from host: <188.185.72.155:9618?addrs=188.185.72.155-9618+[2001-1458-d00-8--100-95]-9618&alias=bigbird08.cern.ch&noUDP&sock=schedd_862983_22fa>
...
040 (16579326.016.000) 02/09 19:07:57 Started transferring input files
	Transferring to host: <128.142.51.211:9618?addrs=128.142.51.211-9618+[2001-1458-301-3--100-10]-9618&alias=b9g02p0513.cern.ch&noUDP&sock=slot1_50_3111150_5f6b_6320>
...
040 (16579326.016.000) 02/09 19:07:57 Finished transferring input files
...
001 (16579326.016.000) 02/09 19:07:58 Job executing on host: <128.142.51.211:9618?addrs=128.142.51.211-9618+[2001-1458-301-3--100-10]-9618&alias=b9g02p0513.cern.ch&noUDP&sock=startd_6899_b7f8>
	SlotName: slot1_50@b9g02p0513.cern.ch
	CondorScratchDir = "/pool/condor/dir_1517058"
	Cpus = 1
	Disk = 3851
	GPUs = 0
	Memory = 3000
...
006 (16579326.016.000) 02/09 19:08:06 Image size of job updated: 1868
	2  -  MemoryUsage of job (MB)
	1868  -  ResidentSetSize of job (KB)
...
040 (16579326.016.000) 02/09 19:08:52 Started transferring output files
...
040 (16579326.016.000) 02/09 19:08:52 Finished transferring output files
...
005 (16579326.016.000) 02/09 19:08:52 Job terminated.
	(1) Normal termination (return value 0)
		Usr 0 00:00:18, Sys 0 00:00:00  -  Run Remote Usage
		Usr 0 00:00:00, Sys 0 00:00:00  -  Run Local Usage
		Usr 0 00:00:18, Sys 0 00:00:00  -  Total Remote Usage
		Usr 0 00:00:00, Sys 0 00:00:00  -  Total Local Usage
	23744  -  Run Bytes Sent By Job
	10424  -  Run Bytes Received By Job
	23744  -  Total Bytes Sent By Job
	10424  -  Total Bytes Received By Job
	Partitionable Resources :    Usage  Request Allocated 
	   Cpus                 :        0        1         1 
	   Disk (KB)            :       58       12      3851 
	   GPUs                 :                           0 
	   Memory (MB)          :        2     3000      3000 

	Job terminated of its own accord at 2025-02-09T18:08:52Z with exit-code 0.
...
000 (16579331.016.000) 02/09 19:14:01 Job submitted from host: <188.185.72.155:9618?addrs=188.185.72.155-9618+[2001-1458-d00-8--100-95]-9618&alias=bigbird08.cern.ch&noUDP&sock=schedd_862983_22fa>
...
040 (16579331.016.000) 02/09 19:15:08 Started transferring input files
	Transferring to host: <188.185.194.103:9618?addrs=188.185.194.103-9618+[2001-1458-303-21--100-63]-9618&alias=b9p20p8653.cern.ch&noUDP&sock=slot1_41_3271868_be33_3527>
...
040 (16579331.016.000) 02/09 19:15:08 Finished transferring input files
...
001 (16579331.016.000) 02/09 19:15:09 Job executing on host: <188.185.194.103:9618?addrs=188.185.194.103-9618+[2001-1458-303-21--100-63]-9618&alias=b9p20p8653.cern.ch&noUDP&sock=startd_6869_2421>
	SlotName: slot1_41@b9p20p8653.cern.ch
	CondorScratchDir = "/pool/condor/dir_98105"
	Cpus = 1
	Disk = 3758
	GPUs = 0
	Memory = 3000
...
006 (16579331.016.000) 02/09 19:15:18 Image size of job updated: 1888
	2  -  MemoryUsage of job (MB)
	1888  -  ResidentSetSize of job (KB)
...
040 (16579331.016.000) 02/09 19:16:02 Started transferring output files
...
040 (16579331.016.000) 02/09 19:16:02 Finished transferring output files
...
005 (16579331.016.000) 02/09 19:16:02 Job terminated.
	(1) Normal termination (return value 0)
		Usr 0 00:00:19, Sys 0 00:00:01  -  Run Remote Usage
		Usr 0 00:00:00, Sys 0 00:00:00  -  Run Local Usage
		Usr 0 00:00:19, Sys 0 00:00:01  -  Total Remote Usage
		Usr 0 00:00:00, Sys 0 00:00:00  -  Total Local Usage
	23744  -  Run Bytes Sent By Job
	10424  -  Run Bytes Received By Job
	23744  -  Total Bytes Sent By Job
	10424  -  Total Bytes Received By Job
	Partitionable Resources :    Usage  Request Allocated 
	   Cpus                 :        0        1         1 
	   Disk (KB)            :       59       12      3758 
	   GPUs                 :                           0 
	   Memory (MB)          :        2     3000      3000 

	Job terminated of its own accord at 2025-02-09T18:16:02Z with exit-code 0.
...
