000 (16579325.007.000) 02/09 19:06:11 Job submitted from host: <188.185.72.155:9618?addrs=188.185.72.155-9618+[2001-1458-d00-8--100-95]-9618&alias=bigbird08.cern.ch&noUDP&sock=schedd_862983_22fa>
...
040 (16579325.007.000) 02/09 19:07:47 Started transferring input files
	Transferring to host: <188.185.194.107:9618?addrs=188.185.194.107-9618+[2001-1458-303-21--100-67]-9618&alias=b9p20p3190.cern.ch&noUDP&sock=slot1_21_3589674_d1ee_5394>
...
040 (16579325.007.000) 02/09 19:07:47 Finished transferring input files
...
001 (16579325.007.000) 02/09 19:07:48 Job executing on host: <188.185.194.107:9618?addrs=188.185.194.107-9618+[2001-1458-303-21--100-67]-9618&alias=b9p20p3190.cern.ch&noUDP&sock=startd_7105_047b>
	SlotName: slot1_21@b9p20p3190.cern.ch
	CondorScratchDir = "/pool/condor/dir_2339107"
	Cpus = 1
	Disk = 3944
	GPUs = 0
	Memory = 3000
...
006 (16579325.007.000) 02/09 19:07:56 Image size of job updated: 1888
	2  -  MemoryUsage of job (MB)
	1888  -  ResidentSetSize of job (KB)
...
040 (16579325.007.000) 02/09 19:08:33 Started transferring output files
...
040 (16579325.007.000) 02/09 19:08:33 Finished transferring output files
...
005 (16579325.007.000) 02/09 19:08:34 Job terminated.
	(1) Normal termination (return value 0)
		Usr 0 00:00:08, Sys 0 00:00:00  -  Run Remote Usage
		Usr 0 00:00:00, Sys 0 00:00:00  -  Run Local Usage
		Usr 0 00:00:08, Sys 0 00:00:00  -  Total Remote Usage
		Usr 0 00:00:00, Sys 0 00:00:00  -  Total Local Usage
	23851  -  Run Bytes Sent By Job
	10424  -  Run Bytes Received By Job
	23851  -  Total Bytes Sent By Job
	10424  -  Total Bytes Received By Job
	Partitionable Resources :    Usage  Request Allocated 
	   Cpus                 :        0        1         1 
	   Disk (KB)            :       58       12      3944 
	   GPUs                 :                           0 
	   Memory (MB)          :        2     3000      3000 

	Job terminated of its own accord at 2025-02-09T18:08:33Z with exit-code 0.
...
000 (16579330.007.000) 02/09 19:13:54 Job submitted from host: <188.185.72.155:9618?addrs=188.185.72.155-9618+[2001-1458-d00-8--100-95]-9618&alias=bigbird08.cern.ch&noUDP&sock=schedd_862983_22fa>
...
040 (16579330.007.000) 02/09 19:14:56 Started transferring input files
	Transferring to host: <188.185.194.127:9618?addrs=188.185.194.127-9618+[2001-1458-303-21--100-7b]-9618&alias=b9p20p9686.cern.ch&noUDP&sock=slot1_25_1104385_e3c7_61446>
...
040 (16579330.007.000) 02/09 19:14:56 Finished transferring input files
...
001 (16579330.007.000) 02/09 19:14:57 Job executing on host: <188.185.194.127:9618?addrs=188.185.194.127-9618+[2001-1458-303-21--100-7b]-9618&alias=b9p20p9686.cern.ch&noUDP&sock=startd_8823_6c30>
	SlotName: slot1_25@b9p20p9686.cern.ch
	CondorScratchDir = "/pool/condor/dir_2821779"
	Cpus = 1
	Disk = 3842
	GPUs = 0
	Memory = 3000
...
006 (16579330.007.000) 02/09 19:15:06 Image size of job updated: 61956
	61  -  MemoryUsage of job (MB)
	61956  -  ResidentSetSize of job (KB)
...
040 (16579330.007.000) 02/09 19:15:30 Started transferring output files
...
040 (16579330.007.000) 02/09 19:15:30 Finished transferring output files
...
005 (16579330.007.000) 02/09 19:15:30 Job terminated.
	(1) Normal termination (return value 0)
		Usr 0 00:00:09, Sys 0 00:00:00  -  Run Remote Usage
		Usr 0 00:00:00, Sys 0 00:00:00  -  Run Local Usage
		Usr 0 00:00:09, Sys 0 00:00:00  -  Total Remote Usage
		Usr 0 00:00:00, Sys 0 00:00:00  -  Total Local Usage
	23851  -  Run Bytes Sent By Job
	10424  -  Run Bytes Received By Job
	23851  -  Total Bytes Sent By Job
	10424  -  Total Bytes Received By Job
	Partitionable Resources :    Usage  Request Allocated 
	   Cpus                 :        0        1         1 
	   Disk (KB)            :       59       12      3842 
	   GPUs                 :                           0 
	   Memory (MB)          :       61     3000      3000 

	Job terminated of its own accord at 2025-02-09T18:15:30Z with exit-code 0.
...
