000 (16579322.017.000) 02/09 19:05:38 Job submitted from host: <188.185.72.155:9618?addrs=188.185.72.155-9618+[2001-1458-d00-8--100-95]-9618&alias=bigbird08.cern.ch&noUDP&sock=schedd_862983_22fa>
...
040 (16579322.017.000) 02/09 19:07:29 Started transferring input files
	Transferring to host: <188.185.193.10:9618?addrs=188.185.193.10-9618+[2001-1458-303-20--100-6]-9618&alias=b9p19p4756.cern.ch&noUDP&sock=slot1_26_2613825_eb8b_53018>
...
040 (16579322.017.000) 02/09 19:07:29 Finished transferring input files
...
001 (16579322.017.000) 02/09 19:07:30 Job executing on host: <188.185.193.10:9618?addrs=188.185.193.10-9618+[2001-1458-303-20--100-6]-9618&alias=b9p19p4756.cern.ch&noUDP&sock=startd_6713_235b>
	SlotName: slot1_26@b9p19p4756.cern.ch
	CondorScratchDir = "/pool/condor/dir_3004364"
	Cpus = 1
	Disk = 3814
	GPUs = 0
	Memory = 3000
...
006 (16579322.017.000) 02/09 19:07:39 Image size of job updated: 71416
	70  -  MemoryUsage of job (MB)
	71416  -  ResidentSetSize of job (KB)
...
006 (16579322.017.000) 02/09 19:08:03 Image size of job updated: 71416
	70  -  MemoryUsage of job (MB)
	71420  -  ResidentSetSize of job (KB)
...
040 (16579322.017.000) 02/09 19:08:03 Started transferring output files
...
040 (16579322.017.000) 02/09 19:08:03 Finished transferring output files
...
005 (16579322.017.000) 02/09 19:08:03 Job terminated.
	(1) Normal termination (return value 0)
		Usr 0 00:00:09, Sys 0 00:00:00  -  Run Remote Usage
		Usr 0 00:00:00, Sys 0 00:00:00  -  Run Local Usage
		Usr 0 00:00:09, Sys 0 00:00:00  -  Total Remote Usage
		Usr 0 00:00:00, Sys 0 00:00:00  -  Total Local Usage
	23742  -  Run Bytes Sent By Job
	10424  -  Run Bytes Received By Job
	23742  -  Total Bytes Sent By Job
	10424  -  Total Bytes Received By Job
	Partitionable Resources :    Usage  Request Allocated 
	   Cpus                 :        0        1         1 
	   Disk (KB)            :       58       12      3814 
	   GPUs                 :                           0 
	   Memory (MB)          :       70     3000      3000 

	Job terminated of its own accord at 2025-02-09T18:08:03Z with exit-code 0.
...
000 (16579327.017.000) 02/09 19:13:41 Job submitted from host: <188.185.72.155:9618?addrs=188.185.72.155-9618+[2001-1458-d00-8--100-95]-9618&alias=bigbird08.cern.ch&noUDP&sock=schedd_862983_22fa>
...
040 (16579327.017.000) 02/09 19:15:16 Started transferring input files
	Transferring to host: <188.185.192.9:9618?addrs=188.185.192.9-9618+[2001-1458-303-1f--100-5]-9618&alias=b9p13p0510.cern.ch&noUDP&sock=slot1_40_2380341_51f5_5320>
...
040 (16579327.017.000) 02/09 19:15:16 Finished transferring input files
...
001 (16579327.017.000) 02/09 19:15:17 Job executing on host: <188.185.192.9:9618?addrs=188.185.192.9-9618+[2001-1458-303-1f--100-5]-9618&alias=b9p13p0510.cern.ch&noUDP&sock=startd_11224_4f14>
	SlotName: slot1_40@b9p13p0510.cern.ch
	CondorScratchDir = "/pool/condor/dir_2207008"
	Cpus = 1
	Disk = 3741
	GPUs = 0
	Memory = 3000
...
006 (16579327.017.000) 02/09 19:15:26 Image size of job updated: 342132
	335  -  MemoryUsage of job (MB)
	342132  -  ResidentSetSize of job (KB)
...
040 (16579327.017.000) 02/09 19:15:41 Started transferring output files
...
040 (16579327.017.000) 02/09 19:15:41 Finished transferring output files
...
005 (16579327.017.000) 02/09 19:15:45 Job terminated.
	(1) Normal termination (return value 0)
		Usr 0 00:00:09, Sys 0 00:00:01  -  Run Remote Usage
		Usr 0 00:00:00, Sys 0 00:00:00  -  Run Local Usage
		Usr 0 00:00:09, Sys 0 00:00:01  -  Total Remote Usage
		Usr 0 00:00:00, Sys 0 00:00:00  -  Total Local Usage
	23742  -  Run Bytes Sent By Job
	10424  -  Run Bytes Received By Job
	23742  -  Total Bytes Sent By Job
	10424  -  Total Bytes Received By Job
	Partitionable Resources :    Usage  Request Allocated 
	   Cpus                 :        0        1         1 
	   Disk (KB)            :       58       12      3741 
	   GPUs                 :                           0 
	   Memory (MB)          :      335     3000      3000 

	Job terminated of its own accord at 2025-02-09T18:15:41Z with exit-code 0.
...
