000 (16579326.018.000) 02/09 19:06:22 Job submitted from host: <188.185.72.155:9618?addrs=188.185.72.155-9618+[2001-1458-d00-8--100-95]-9618&alias=bigbird08.cern.ch&noUDP&sock=schedd_862983_22fa>
...
040 (16579326.018.000) 02/09 19:07:58 Started transferring input files
	Transferring to host: <188.185.194.187:9618?addrs=188.185.194.187-9618+[2001-1458-303-21--100-b7]-9618&alias=b9p20p1860.cern.ch&noUDP&sock=slot1_32_2901740_1567_69823>
...
040 (16579326.018.000) 02/09 19:07:58 Finished transferring input files
...
001 (16579326.018.000) 02/09 19:07:59 Job executing on host: <188.185.194.187:9618?addrs=188.185.194.187-9618+[2001-1458-303-21--100-b7]-9618&alias=b9p20p1860.cern.ch&noUDP&sock=startd_3865_a5a1>
	SlotName: slot1_32@b9p20p1860.cern.ch
	CondorScratchDir = "/pool/condor/dir_1637364"
	Cpus = 1
	Disk = 3917
	GPUs = 0
	Memory = 3000
...
006 (16579326.018.000) 02/09 19:08:07 Image size of job updated: 62664
	62  -  MemoryUsage of job (MB)
	62664  -  ResidentSetSize of job (KB)
...
040 (16579326.018.000) 02/09 19:08:34 Started transferring output files
...
040 (16579326.018.000) 02/09 19:08:34 Finished transferring output files
...
005 (16579326.018.000) 02/09 19:08:34 Job terminated.
	(1) Normal termination (return value 0)
		Usr 0 00:00:17, Sys 0 00:00:00  -  Run Remote Usage
		Usr 0 00:00:00, Sys 0 00:00:00  -  Run Local Usage
		Usr 0 00:00:17, Sys 0 00:00:00  -  Total Remote Usage
		Usr 0 00:00:00, Sys 0 00:00:00  -  Total Local Usage
	23744  -  Run Bytes Sent By Job
	10424  -  Run Bytes Received By Job
	23744  -  Total Bytes Sent By Job
	10424  -  Total Bytes Received By Job
	Partitionable Resources :    Usage  Request Allocated 
	   Cpus                 :        0        1         1 
	   Disk (KB)            :       59       12      3917 
	   GPUs                 :                           0 
	   Memory (MB)          :       62     3000      3000 

	Job terminated of its own accord at 2025-02-09T18:08:34Z with exit-code 0.
...
000 (16579331.018.000) 02/09 19:14:01 Job submitted from host: <188.185.72.155:9618?addrs=188.185.72.155-9618+[2001-1458-d00-8--100-95]-9618&alias=bigbird08.cern.ch&noUDP&sock=schedd_862983_22fa>
...
040 (16579331.018.000) 02/09 19:15:08 Started transferring input files
	Transferring to host: <128.142.131.20:9618?addrs=128.142.131.20-9618+[2001-1458-301-59--100-8]-9618&alias=b9g11p0183.cern.ch&noUDP&sock=slot1_33_3004_56f3_29455>
...
040 (16579331.018.000) 02/09 19:15:08 Finished transferring input files
...
001 (16579331.018.000) 02/09 19:15:09 Job executing on host: <128.142.131.20:9618?addrs=128.142.131.20-9618+[2001-1458-301-59--100-8]-9618&alias=b9g11p0183.cern.ch&noUDP&sock=startd_2631_39c3>
	SlotName: slot1_33@b9g11p0183.cern.ch
	CondorScratchDir = "/pool/condor/dir_3396464"
	Cpus = 1
	Disk = 2637
	GPUs = 0
	Memory = 3000
...
006 (16579331.018.000) 02/09 19:15:18 Image size of job updated: 61100
	60  -  MemoryUsage of job (MB)
	61100  -  ResidentSetSize of job (KB)
...
040 (16579331.018.000) 02/09 19:15:47 Started transferring output files
...
040 (16579331.018.000) 02/09 19:15:47 Finished transferring output files
...
005 (16579331.018.000) 02/09 19:15:48 Job terminated.
	(1) Normal termination (return value 0)
		Usr 0 00:00:19, Sys 0 00:00:01  -  Run Remote Usage
		Usr 0 00:00:00, Sys 0 00:00:00  -  Run Local Usage
		Usr 0 00:00:19, Sys 0 00:00:01  -  Total Remote Usage
		Usr 0 00:00:00, Sys 0 00:00:00  -  Total Local Usage
	23744  -  Run Bytes Sent By Job
	10424  -  Run Bytes Received By Job
	23744  -  Total Bytes Sent By Job
	10424  -  Total Bytes Received By Job
	Partitionable Resources :    Usage  Request Allocated 
	   Cpus                 :                 1         1 
	   Disk (KB)            :       51       12      2637 
	   GPUs                 :                           0 
	   Memory (MB)          :       60     3000      3000 

	Job terminated of its own accord at 2025-02-09T18:15:47Z with exit-code 0.
...
