000 (16579324.009.000) 02/09 19:06:07 Job submitted from host: <188.185.72.155:9618?addrs=188.185.72.155-9618+[2001-1458-d00-8--100-95]-9618&alias=bigbird08.cern.ch&noUDP&sock=schedd_862983_22fa>
...
040 (16579324.009.000) 02/09 19:07:40 Started transferring input files
	Transferring to host: <188.185.193.13:9618?addrs=188.185.193.13-9618+[2001-1458-303-20--100-9]-9618&alias=b9p19p6329.cern.ch&noUDP&sock=slot1_27_1960192_5758_84217>
...
040 (16579324.009.000) 02/09 19:07:40 Finished transferring input files
...
001 (16579324.009.000) 02/09 19:07:41 Job executing on host: <188.185.193.13:9618?addrs=188.185.193.13-9618+[2001-1458-303-20--100-9]-9618&alias=b9p19p6329.cern.ch&noUDP&sock=startd_5191_2c36>
	SlotName: slot1_27@b9p19p6329.cern.ch
	CondorScratchDir = "/pool/condor/dir_134085"
	Cpus = 1
	Disk = 3907
	GPUs = 0
	Memory = 3000
...
006 (16579324.009.000) 02/09 19:07:50 Image size of job updated: 1884
	2  -  MemoryUsage of job (MB)
	1884  -  ResidentSetSize of job (KB)
...
040 (16579324.009.000) 02/09 19:08:32 Started transferring output files
...
040 (16579324.009.000) 02/09 19:08:32 Finished transferring output files
...
005 (16579324.009.000) 02/09 19:08:33 Job terminated.
	(1) Normal termination (return value 0)
		Usr 0 00:00:06, Sys 0 00:00:00  -  Run Remote Usage
		Usr 0 00:00:00, Sys 0 00:00:00  -  Run Local Usage
		Usr 0 00:00:06, Sys 0 00:00:00  -  Total Remote Usage
		Usr 0 00:00:00, Sys 0 00:00:00  -  Total Local Usage
	23854  -  Run Bytes Sent By Job
	10424  -  Run Bytes Received By Job
	23854  -  Total Bytes Sent By Job
	10424  -  Total Bytes Received By Job
	Partitionable Resources :    Usage  Request Allocated 
	   Cpus                 :        0        1         1 
	   Disk (KB)            :       59       12      3907 
	   GPUs                 :                           0 
	   Memory (MB)          :        2     3000      3000 

	Job terminated of its own accord at 2025-02-09T18:08:32Z with exit-code 0.
...
000 (16579329.009.000) 02/09 19:13:50 Job submitted from host: <188.185.72.155:9618?addrs=188.185.72.155-9618+[2001-1458-d00-8--100-95]-9618&alias=bigbird08.cern.ch&noUDP&sock=schedd_862983_22fa>
...
040 (16579329.009.000) 02/09 19:14:50 Started transferring input files
	Transferring to host: <188.185.195.115:9618?addrs=188.185.195.115-9618+[2001-1458-303-22--100-6f]-9618&alias=b9p17p9555.cern.ch&noUDP&sock=slot1_8_3730496_a88c_6530>
...
040 (16579329.009.000) 02/09 19:14:50 Finished transferring input files
...
001 (16579329.009.000) 02/09 19:14:51 Job executing on host: <188.185.195.115:9618?addrs=188.185.195.115-9618+[2001-1458-303-22--100-6f]-9618&alias=b9p17p9555.cern.ch&noUDP&sock=startd_7682_caa0>
	SlotName: slot1_8@b9p17p9555.cern.ch
	CondorScratchDir = "/pool/condor/dir_833994"
	Cpus = 1
	Disk = 3871
	GPUs = 0
	Memory = 3000
...
006 (16579329.009.000) 02/09 19:15:00 Image size of job updated: 88652
	87  -  MemoryUsage of job (MB)
	88652  -  ResidentSetSize of job (KB)
...
040 (16579329.009.000) 02/09 19:15:10 Started transferring output files
...
040 (16579329.009.000) 02/09 19:15:11 Finished transferring output files
...
005 (16579329.009.000) 02/09 19:15:11 Job terminated.
	(1) Normal termination (return value 0)
		Usr 0 00:00:04, Sys 0 00:00:00  -  Run Remote Usage
		Usr 0 00:00:00, Sys 0 00:00:00  -  Run Local Usage
		Usr 0 00:00:04, Sys 0 00:00:00  -  Total Remote Usage
		Usr 0 00:00:00, Sys 0 00:00:00  -  Total Local Usage
	23854  -  Run Bytes Sent By Job
	10424  -  Run Bytes Received By Job
	23854  -  Total Bytes Sent By Job
	10424  -  Total Bytes Received By Job
	Partitionable Resources :    Usage  Request Allocated 
	   Cpus                 :        0        1         1 
	   Disk (KB)            :       59       12      3871 
	   GPUs                 :                           0 
	   Memory (MB)          :       87     3000      3000 

	Job terminated of its own accord at 2025-02-09T18:15:10Z with exit-code 0.
...
