000 (16579325.009.000) 02/09 19:06:11 Job submitted from host: <188.185.72.155:9618?addrs=188.185.72.155-9618+[2001-1458-d00-8--100-95]-9618&alias=bigbird08.cern.ch&noUDP&sock=schedd_862983_22fa>
...
040 (16579325.009.000) 02/09 19:07:46 Started transferring input files
	Transferring to host: <188.185.198.58:9618?addrs=188.185.198.58-9618+[2001-1458-303-25--100-36]-9618&alias=b9p15p9291.cern.ch&noUDP&sock=slot1_21_8736_0d5c_552>
...
040 (16579325.009.000) 02/09 19:07:46 Finished transferring input files
...
001 (16579325.009.000) 02/09 19:07:47 Job executing on host: <188.185.198.58:9618?addrs=188.185.198.58-9618+[2001-1458-303-25--100-36]-9618&alias=b9p15p9291.cern.ch&noUDP&sock=startd_8681_05bd>
	SlotName: slot1_21@b9p15p9291.cern.ch
	CondorScratchDir = "/pool/condor/dir_2692002"
	Cpus = 1
	Disk = 3818
	GPUs = 0
	Memory = 3000
...
006 (16579325.009.000) 02/09 19:07:55 Image size of job updated: 61948
	61  -  MemoryUsage of job (MB)
	61948  -  ResidentSetSize of job (KB)
...
040 (16579325.009.000) 02/09 19:08:28 Started transferring output files
...
040 (16579325.009.000) 02/09 19:08:28 Finished transferring output files
...
005 (16579325.009.000) 02/09 19:08:28 Job terminated.
	(1) Normal termination (return value 0)
		Usr 0 00:00:08, Sys 0 00:00:00  -  Run Remote Usage
		Usr 0 00:00:00, Sys 0 00:00:00  -  Run Local Usage
		Usr 0 00:00:08, Sys 0 00:00:00  -  Total Remote Usage
		Usr 0 00:00:00, Sys 0 00:00:00  -  Total Local Usage
	23854  -  Run Bytes Sent By Job
	10424  -  Run Bytes Received By Job
	23854  -  Total Bytes Sent By Job
	10424  -  Total Bytes Received By Job
	Partitionable Resources :    Usage  Request Allocated 
	   Cpus                 :        0        1         1 
	   Disk (KB)            :       58       12      3818 
	   GPUs                 :                           0 
	   Memory (MB)          :       61     3000      3000 

	Job terminated of its own accord at 2025-02-09T18:08:28Z with exit-code 0.
...
000 (16579330.009.000) 02/09 19:13:54 Job submitted from host: <188.185.72.155:9618?addrs=188.185.72.155-9618+[2001-1458-d00-8--100-95]-9618&alias=bigbird08.cern.ch&noUDP&sock=schedd_862983_22fa>
...
040 (16579330.009.000) 02/09 19:14:58 Started transferring input files
	Transferring to host: <188.185.196.15:9618?addrs=188.185.196.15-9618+[2001-1458-303-23--100-b]-9618&alias=b9p16p7545.cern.ch&noUDP&sock=slot1_33_9534_50bd_110210>
...
040 (16579330.009.000) 02/09 19:14:58 Finished transferring input files
...
001 (16579330.009.000) 02/09 19:14:59 Job executing on host: <188.185.196.15:9618?addrs=188.185.196.15-9618+[2001-1458-303-23--100-b]-9618&alias=b9p16p7545.cern.ch&noUDP&sock=startd_8400_47a0>
	SlotName: slot1_33@b9p16p7545.cern.ch
	CondorScratchDir = "/pool/condor/dir_63597"
	Cpus = 1
	Disk = 3726
	GPUs = 0
	Memory = 3000
...
006 (16579330.009.000) 02/09 19:15:07 Image size of job updated: 62992
	62  -  MemoryUsage of job (MB)
	62992  -  ResidentSetSize of job (KB)
...
006 (16579330.009.000) 02/09 19:15:34 Image size of job updated: 62992
	62  -  MemoryUsage of job (MB)
	63248  -  ResidentSetSize of job (KB)
...
040 (16579330.009.000) 02/09 19:15:34 Started transferring output files
...
040 (16579330.009.000) 02/09 19:15:34 Finished transferring output files
...
005 (16579330.009.000) 02/09 19:15:34 Job terminated.
	(1) Normal termination (return value 0)
		Usr 0 00:00:09, Sys 0 00:00:00  -  Run Remote Usage
		Usr 0 00:00:00, Sys 0 00:00:00  -  Run Local Usage
		Usr 0 00:00:09, Sys 0 00:00:00  -  Total Remote Usage
		Usr 0 00:00:00, Sys 0 00:00:00  -  Total Local Usage
	23854  -  Run Bytes Sent By Job
	10424  -  Run Bytes Received By Job
	23854  -  Total Bytes Sent By Job
	10424  -  Total Bytes Received By Job
	Partitionable Resources :    Usage  Request Allocated 
	   Cpus                 :        0        1         1 
	   Disk (KB)            :       59       12      3726 
	   GPUs                 :                           0 
	   Memory (MB)          :       62     3000      3000 

	Job terminated of its own accord at 2025-02-09T18:15:34Z with exit-code 0.
...
