000 (16579324.008.000) 02/09 19:06:07 Job submitted from host: <188.185.72.155:9618?addrs=188.185.72.155-9618+[2001-1458-d00-8--100-95]-9618&alias=bigbird08.cern.ch&noUDP&sock=schedd_862983_22fa>
...
040 (16579324.008.000) 02/09 19:07:40 Started transferring input files
	Transferring to host: <188.185.213.208:9618?addrs=188.185.213.208-9618+[2001-1458-303-1b--100-4c]-9618&alias=b9p28p7725.cern.ch&noUDP&sock=slot1_37_3531177_6443_113566>
...
040 (16579324.008.000) 02/09 19:07:40 Finished transferring input files
...
001 (16579324.008.000) 02/09 19:07:41 Job executing on host: <188.185.213.208:9618?addrs=188.185.213.208-9618+[2001-1458-303-1b--100-4c]-9618&alias=b9p28p7725.cern.ch&noUDP&sock=startd_3530401_04b0>
	SlotName: slot1_37@b9p28p7725.cern.ch
	CondorScratchDir = "/pool/condor/dir_1897801"
	Cpus = 1
	Disk = 3860
	GPUs = 0
	Memory = 3000
...
006 (16579324.008.000) 02/09 19:07:49 Image size of job updated: 61796
	61  -  MemoryUsage of job (MB)
	61796  -  ResidentSetSize of job (KB)
...
040 (16579324.008.000) 02/09 19:07:49 Started transferring output files
...
040 (16579324.008.000) 02/09 19:07:50 Finished transferring output files
...
005 (16579324.008.000) 02/09 19:07:50 Job terminated.
	(1) Normal termination (return value 0)
		Usr 0 00:00:00, Sys 0 00:00:00  -  Run Remote Usage
		Usr 0 00:00:00, Sys 0 00:00:00  -  Run Local Usage
		Usr 0 00:00:00, Sys 0 00:00:00  -  Total Remote Usage
		Usr 0 00:00:00, Sys 0 00:00:00  -  Total Local Usage
	23831  -  Run Bytes Sent By Job
	10424  -  Run Bytes Received By Job
	23831  -  Total Bytes Sent By Job
	10424  -  Total Bytes Received By Job
	Partitionable Resources :    Usage  Request Allocated 
	   Cpus                 :        0        1         1 
	   Disk (KB)            :       58       12      3860 
	   GPUs                 :                           0 
	   Memory (MB)          :       61     3000      3000 

	Job terminated of its own accord at 2025-02-09T18:07:49Z with exit-code 0.
...
000 (16579329.008.000) 02/09 19:13:50 Job submitted from host: <188.185.72.155:9618?addrs=188.185.72.155-9618+[2001-1458-d00-8--100-95]-9618&alias=bigbird08.cern.ch&noUDP&sock=schedd_862983_22fa>
...
040 (16579329.008.000) 02/09 19:14:49 Started transferring input files
	Transferring to host: <188.185.196.15:9618?addrs=188.185.196.15-9618+[2001-1458-303-23--100-b]-9618&alias=b9p16p7545.cern.ch&noUDP&sock=slot1_13_9534_50bd_110209>
...
040 (16579329.008.000) 02/09 19:14:49 Finished transferring input files
...
001 (16579329.008.000) 02/09 19:14:50 Job executing on host: <188.185.196.15:9618?addrs=188.185.196.15-9618+[2001-1458-303-23--100-b]-9618&alias=b9p16p7545.cern.ch&noUDP&sock=startd_8400_47a0>
	SlotName: slot1_13@b9p16p7545.cern.ch
	CondorScratchDir = "/pool/condor/dir_63124"
	Cpus = 1
	Disk = 3726
	GPUs = 0
	Memory = 3000
...
006 (16579329.008.000) 02/09 19:14:59 Image size of job updated: 346728
	339  -  MemoryUsage of job (MB)
	346728  -  ResidentSetSize of job (KB)
...
006 (16579329.008.000) 02/09 19:15:00 Image size of job updated: 346728
	339  -  MemoryUsage of job (MB)
	346980  -  ResidentSetSize of job (KB)
...
040 (16579329.008.000) 02/09 19:15:01 Started transferring output files
...
040 (16579329.008.000) 02/09 19:15:01 Finished transferring output files
...
005 (16579329.008.000) 02/09 19:15:01 Job terminated.
	(1) Normal termination (return value 0)
		Usr 0 00:00:01, Sys 0 00:00:00  -  Run Remote Usage
		Usr 0 00:00:00, Sys 0 00:00:00  -  Run Local Usage
		Usr 0 00:00:01, Sys 0 00:00:00  -  Total Remote Usage
		Usr 0 00:00:00, Sys 0 00:00:00  -  Total Local Usage
	23831  -  Run Bytes Sent By Job
	10424  -  Run Bytes Received By Job
	23831  -  Total Bytes Sent By Job
	10424  -  Total Bytes Received By Job
	Partitionable Resources :    Usage  Request Allocated 
	   Cpus                 :        0        1         1 
	   Disk (KB)            :       59       12      3726 
	   GPUs                 :                           0 
	   Memory (MB)          :      339     3000      3000 

	Job terminated of its own accord at 2025-02-09T18:15:00Z with exit-code 0.
...
