Submit jobs at 
PWD: /afs/cern.ch/user/v/vpant/pprefanalysis

Processing Track_Analyzer.C("input/ppref2024/20250209/pprefzerobiasplusforward2_set4_2.txt","/eos/user/v/vpant/ppref2024/ppref2024outputfiles/pprefzerobiasplusforward2_set4_2.root",0,0)...
List of input files founded! --> input/ppref2024/20250209/pprefzerobiasplusforward2_set4_2.txt
list operator is /eos/cms/store/group/phys_heavyions/vpant/ppref2024output/PPRefZeroBiasPlusForward2/crab_ppref2024/250129_075322/0003/HiForestMiniAOD_3050.root
Adding file /eos/cms/store/group/phys_heavyions/vpant/ppref2024output/PPRefZeroBiasPlusForward2/crab_ppref2024/250129_075322/0003/HiForestMiniAOD_3050.root to the chains
list operator is /eos/cms/store/group/phys_heavyions/vpant/ppref2024output/PPRefZeroBiasPlusForward2/crab_ppref2024/250129_075322/0003/HiForestMiniAOD_3051.root
Adding file /eos/cms/store/group/phys_heavyions/vpant/ppref2024output/PPRefZeroBiasPlusForward2/crab_ppref2024/250129_075322/0003/HiForestMiniAOD_3051.root to the chains
list operator is /eos/cms/store/group/phys_heavyions/vpant/ppref2024output/PPRefZeroBiasPlusForward2/crab_ppref2024/250129_075322/0003/HiForestMiniAOD_3052.root
Adding file /eos/cms/store/group/phys_heavyions/vpant/ppref2024output/PPRefZeroBiasPlusForward2/crab_ppref2024/250129_075322/0003/HiForestMiniAOD_3052.root to the chains
list operator is /eos/cms/store/group/phys_heavyions/vpant/ppref2024output/PPRefZeroBiasPlusForward2/crab_ppref2024/250129_075322/0003/HiForestMiniAOD_3053.root
Adding file /eos/cms/store/group/phys_heavyions/vpant/ppref2024output/PPRefZeroBiasPlusForward2/crab_ppref2024/250129_075322/0003/HiForestMiniAOD_3053.root to the chains
list operator is /eos/cms/store/group/phys_heavyions/vpant/ppref2024output/PPRefZeroBiasPlusForward2/crab_ppref2024/250129_075322/0003/HiForestMiniAOD_3054.root
Adding file /eos/cms/store/group/phys_heavyions/vpant/ppref2024output/PPRefZeroBiasPlusForward2/crab_ppref2024/250129_075322/0003/HiForestMiniAOD_3054.root to the chains
list operator is /eos/cms/store/group/phys_heavyions/vpant/ppref2024output/PPRefZeroBiasPlusForward2/crab_ppref2024/250129_075322/0003/HiForestMiniAOD_3055.root
Adding file /eos/cms/store/group/phys_heavyions/vpant/ppref2024output/PPRefZeroBiasPlusForward2/crab_ppref2024/250129_075322/0003/HiForestMiniAOD_3055.root to the chains
list operator is /eos/cms/store/group/phys_heavyions/vpant/ppref2024output/PPRefZeroBiasPlusForward2/crab_ppref2024/250129_075322/0003/HiForestMiniAOD_3056.root
Adding file /eos/cms/store/group/phys_heavyions/vpant/ppref2024output/PPRefZeroBiasPlusForward2/crab_ppref2024/250129_075322/0003/HiForestMiniAOD_3056.root to the chains
list operator is /eos/cms/store/group/phys_heavyions/vpant/ppref2024output/PPRefZeroBiasPlusForward2/crab_ppref2024/250129_075322/0003/HiForestMiniAOD_3057.root
Adding file /eos/cms/store/group/phys_heavyions/vpant/ppref2024output/PPRefZeroBiasPlusForward2/crab_ppref2024/250129_075322/0003/HiForestMiniAOD_3057.root to the chains
list operator is /eos/cms/store/group/phys_heavyions/vpant/ppref2024output/PPRefZeroBiasPlusForward2/crab_ppref2024/250129_075322/0003/HiForestMiniAOD_3058.root
Adding file /eos/cms/store/group/phys_heavyions/vpant/ppref2024output/PPRefZeroBiasPlusForward2/crab_ppref2024/250129_075322/0003/HiForestMiniAOD_3058.root to the chains
list operator is /eos/cms/store/group/phys_heavyions/vpant/ppref2024output/PPRefZeroBiasPlusForward2/crab_ppref2024/250129_075322/0003/HiForestMiniAOD_3059.root
Adding file /eos/cms/store/group/phys_heavyions/vpant/ppref2024output/PPRefZeroBiasPlusForward2/crab_ppref2024/250129_075322/0003/HiForestMiniAOD_3059.root to the chains
list operator is /eos/cms/store/group/phys_heavyions/vpant/ppref2024output/PPRefZeroBiasPlusForward2/crab_ppref2024/250129_075322/0003/HiForestMiniAOD_3060.root
Adding file /eos/cms/store/group/phys_heavyions/vpant/ppref2024output/PPRefZeroBiasPlusForward2/crab_ppref2024/250129_075322/0003/HiForestMiniAOD_3060.root to the chains
list operator is /eos/cms/store/group/phys_heavyions/vpant/ppref2024output/PPRefZeroBiasPlusForward2/crab_ppref2024/250129_075322/0003/HiForestMiniAOD_3061.root
Adding file /eos/cms/store/group/phys_heavyions/vpant/ppref2024output/PPRefZeroBiasPlusForward2/crab_ppref2024/250129_075322/0003/HiForestMiniAOD_3061.root to the chains
list operator is /eos/cms/store/group/phys_heavyions/vpant/ppref2024output/PPRefZeroBiasPlusForward2/crab_ppref2024/250129_075322/0003/HiForestMiniAOD_3062.root
Adding file /eos/cms/store/group/phys_heavyions/vpant/ppref2024output/PPRefZeroBiasPlusForward2/crab_ppref2024/250129_075322/0003/HiForestMiniAOD_3062.root to the chains
list operator is /eos/cms/store/group/phys_heavyions/vpant/ppref2024output/PPRefZeroBiasPlusForward2/crab_ppref2024/250129_075322/0003/HiForestMiniAOD_3063.root
Adding file /eos/cms/store/group/phys_heavyions/vpant/ppref2024output/PPRefZeroBiasPlusForward2/crab_ppref2024/250129_075322/0003/HiForestMiniAOD_3063.root to the chains
list operator is /eos/cms/store/group/phys_heavyions/vpant/ppref2024output/PPRefZeroBiasPlusForward2/crab_ppref2024/250129_075322/0003/HiForestMiniAOD_3064.root
Adding file /eos/cms/store/group/phys_heavyions/vpant/ppref2024output/PPRefZeroBiasPlusForward2/crab_ppref2024/250129_075322/0003/HiForestMiniAOD_3064.root to the chains
list operator is /eos/cms/store/group/phys_heavyions/vpant/ppref2024output/PPRefZeroBiasPlusForward2/crab_ppref2024/250129_075322/0003/HiForestMiniAOD_3065.root
Adding file /eos/cms/store/group/phys_heavyions/vpant/ppref2024output/PPRefZeroBiasPlusForward2/crab_ppref2024/250129_075322/0003/HiForestMiniAOD_3065.root to the chains
list operator is /eos/cms/store/group/phys_heavyions/vpant/ppref2024output/PPRefZeroBiasPlusForward2/crab_ppref2024/250129_075322/0003/HiForestMiniAOD_3066.root
Adding file /eos/cms/store/group/phys_heavyions/vpant/ppref2024output/PPRefZeroBiasPlusForward2/crab_ppref2024/250129_075322/0003/HiForestMiniAOD_3066.root to the chains
list operator is /eos/cms/store/group/phys_heavyions/vpant/ppref2024output/PPRefZeroBiasPlusForward2/crab_ppref2024/250129_075322/0003/HiForestMiniAOD_3067.root
Adding file /eos/cms/store/group/phys_heavyions/vpant/ppref2024output/PPRefZeroBiasPlusForward2/crab_ppref2024/250129_075322/0003/HiForestMiniAOD_3067.root to the chains
list operator is /eos/cms/store/group/phys_heavyions/vpant/ppref2024output/PPRefZeroBiasPlusForward2/crab_ppref2024/250129_075322/0003/HiForestMiniAOD_3068.root
Adding file /eos/cms/store/group/phys_heavyions/vpant/ppref2024output/PPRefZeroBiasPlusForward2/crab_ppref2024/250129_075322/0003/HiForestMiniAOD_3068.root to the chains
list operator is /eos/cms/store/group/phys_heavyions/vpant/ppref2024output/PPRefZeroBiasPlusForward2/crab_ppref2024/250129_075322/0003/HiForestMiniAOD_3069.root
Adding file /eos/cms/store/group/phys_heavyions/vpant/ppref2024output/PPRefZeroBiasPlusForward2/crab_ppref2024/250129_075322/0003/HiForestMiniAOD_3069.root to the chains
list operator is /eos/cms/store/group/phys_heavyions/vpant/ppref2024output/PPRefZeroBiasPlusForward2/crab_ppref2024/250129_075322/0003/HiForestMiniAOD_3070.root
Adding file /eos/cms/store/group/phys_heavyions/vpant/ppref2024output/PPRefZeroBiasPlusForward2/crab_ppref2024/250129_075322/0003/HiForestMiniAOD_3070.root to the chains
list operator is /eos/cms/store/group/phys_heavyions/vpant/ppref2024output/PPRefZeroBiasPlusForward2/crab_ppref2024/250129_075322/0003/HiForestMiniAOD_3071.root
Adding file /eos/cms/store/group/phys_heavyions/vpant/ppref2024output/PPRefZeroBiasPlusForward2/crab_ppref2024/250129_075322/0003/HiForestMiniAOD_3071.root to the chains
list operator is /eos/cms/store/group/phys_heavyions/vpant/ppref2024output/PPRefZeroBiasPlusForward2/crab_ppref2024/250129_075322/0003/HiForestMiniAOD_3072.root
Adding file /eos/cms/store/group/phys_heavyions/vpant/ppref2024output/PPRefZeroBiasPlusForward2/crab_ppref2024/250129_075322/0003/HiForestMiniAOD_3072.root to the chains
list operator is /eos/cms/store/group/phys_heavyions/vpant/ppref2024output/PPRefZeroBiasPlusForward2/crab_ppref2024/250129_075322/0003/HiForestMiniAOD_3073.root
Adding file /eos/cms/store/group/phys_heavyions/vpant/ppref2024output/PPRefZeroBiasPlusForward2/crab_ppref2024/250129_075322/0003/HiForestMiniAOD_3073.root to the chains
list operator is /eos/cms/store/group/phys_heavyions/vpant/ppref2024output/PPRefZeroBiasPlusForward2/crab_ppref2024/250129_075322/0003/HiForestMiniAOD_3074.root
Adding file /eos/cms/store/group/phys_heavyions/vpant/ppref2024output/PPRefZeroBiasPlusForward2/crab_ppref2024/250129_075322/0003/HiForestMiniAOD_3074.root to the chains
list operator is /eos/cms/store/group/phys_heavyions/vpant/ppref2024output/PPRefZeroBiasPlusForward2/crab_ppref2024/250129_075322/0003/HiForestMiniAOD_3075.root
Adding file /eos/cms/store/group/phys_heavyions/vpant/ppref2024output/PPRefZeroBiasPlusForward2/crab_ppref2024/250129_075322/0003/HiForestMiniAOD_3075.root to the chains
list operator is /eos/cms/store/group/phys_heavyions/vpant/ppref2024output/PPRefZeroBiasPlusForward2/crab_ppref2024/250129_075322/0003/HiForestMiniAOD_3076.root
Adding file /eos/cms/store/group/phys_heavyions/vpant/ppref2024output/PPRefZeroBiasPlusForward2/crab_ppref2024/250129_075322/0003/HiForestMiniAOD_3076.root to the chains
list operator is /eos/cms/store/group/phys_heavyions/vpant/ppref2024output/PPRefZeroBiasPlusForward2/crab_ppref2024/250129_075322/0003/HiForestMiniAOD_3077.root
Adding file /eos/cms/store/group/phys_heavyions/vpant/ppref2024output/PPRefZeroBiasPlusForward2/crab_ppref2024/250129_075322/0003/HiForestMiniAOD_3077.root to the chains
list operator is /eos/cms/store/group/phys_heavyions/vpant/ppref2024output/PPRefZeroBiasPlusForward2/crab_ppref2024/250129_075322/0003/HiForestMiniAOD_3078.root
Adding file /eos/cms/store/group/phys_heavyions/vpant/ppref2024output/PPRefZeroBiasPlusForward2/crab_ppref2024/250129_075322/0003/HiForestMiniAOD_3078.root to the chains
list operator is /eos/cms/store/group/phys_heavyions/vpant/ppref2024output/PPRefZeroBiasPlusForward2/crab_ppref2024/250129_075322/0003/HiForestMiniAOD_3079.root
Adding file /eos/cms/store/group/phys_heavyions/vpant/ppref2024output/PPRefZeroBiasPlusForward2/crab_ppref2024/250129_075322/0003/HiForestMiniAOD_3079.root to the chains
list operator is /eos/cms/store/group/phys_heavyions/vpant/ppref2024output/PPRefZeroBiasPlusForward2/crab_ppref2024/250129_075322/0003/HiForestMiniAOD_3080.root
Adding file /eos/cms/store/group/phys_heavyions/vpant/ppref2024output/PPRefZeroBiasPlusForward2/crab_ppref2024/250129_075322/0003/HiForestMiniAOD_3080.root to the chains
list operator is /eos/cms/store/group/phys_heavyions/vpant/ppref2024output/PPRefZeroBiasPlusForward2/crab_ppref2024/250129_075322/0003/HiForestMiniAOD_3081.root
Adding file /eos/cms/store/group/phys_heavyions/vpant/ppref2024output/PPRefZeroBiasPlusForward2/crab_ppref2024/250129_075322/0003/HiForestMiniAOD_3081.root to the chains
list operator is /eos/cms/store/group/phys_heavyions/vpant/ppref2024output/PPRefZeroBiasPlusForward2/crab_ppref2024/250129_075322/0003/HiForestMiniAOD_3082.root
Adding file /eos/cms/store/group/phys_heavyions/vpant/ppref2024output/PPRefZeroBiasPlusForward2/crab_ppref2024/250129_075322/0003/HiForestMiniAOD_3082.root to the chains
list operator is /eos/cms/store/group/phys_heavyions/vpant/ppref2024output/PPRefZeroBiasPlusForward2/crab_ppref2024/250129_075322/0003/HiForestMiniAOD_3083.root
Adding file /eos/cms/store/group/phys_heavyions/vpant/ppref2024output/PPRefZeroBiasPlusForward2/crab_ppref2024/250129_075322/0003/HiForestMiniAOD_3083.root to the chains
list operator is /eos/cms/store/group/phys_heavyions/vpant/ppref2024output/PPRefZeroBiasPlusForward2/crab_ppref2024/250129_075322/0003/HiForestMiniAOD_3084.root
Adding file /eos/cms/store/group/phys_heavyions/vpant/ppref2024output/PPRefZeroBiasPlusForward2/crab_ppref2024/250129_075322/0003/HiForestMiniAOD_3084.root to the chains
list operator is /eos/cms/store/group/phys_heavyions/vpant/ppref2024output/PPRefZeroBiasPlusForward2/crab_ppref2024/250129_075322/0003/HiForestMiniAOD_3085.root
Adding file /eos/cms/store/group/phys_heavyions/vpant/ppref2024output/PPRefZeroBiasPlusForward2/crab_ppref2024/250129_075322/0003/HiForestMiniAOD_3085.root to the chains
list operator is /eos/cms/store/group/phys_heavyions/vpant/ppref2024output/PPRefZeroBiasPlusForward2/crab_ppref2024/250129_075322/0003/HiForestMiniAOD_3086.root
Adding file /eos/cms/store/group/phys_heavyions/vpant/ppref2024output/PPRefZeroBiasPlusForward2/crab_ppref2024/250129_075322/0003/HiForestMiniAOD_3086.root to the chains
list operator is /eos/cms/store/group/phys_heavyions/vpant/ppref2024output/PPRefZeroBiasPlusForward2/crab_ppref2024/250129_075322/0003/HiForestMiniAOD_3087.root
Adding file /eos/cms/store/group/phys_heavyions/vpant/ppref2024output/PPRefZeroBiasPlusForward2/crab_ppref2024/250129_075322/0003/HiForestMiniAOD_3087.root to the chains
list operator is /eos/cms/store/group/phys_heavyions/vpant/ppref2024output/PPRefZeroBiasPlusForward2/crab_ppref2024/250129_075322/0003/HiForestMiniAOD_3088.root
Adding file /eos/cms/store/group/phys_heavyions/vpant/ppref2024output/PPRefZeroBiasPlusForward2/crab_ppref2024/250129_075322/0003/HiForestMiniAOD_3088.root to the chains
list operator is /eos/cms/store/group/phys_heavyions/vpant/ppref2024output/PPRefZeroBiasPlusForward2/crab_ppref2024/250129_075322/0003/HiForestMiniAOD_3089.root
Adding file /eos/cms/store/group/phys_heavyions/vpant/ppref2024output/PPRefZeroBiasPlusForward2/crab_ppref2024/250129_075322/0003/HiForestMiniAOD_3089.root to the chains
list operator is /eos/cms/store/group/phys_heavyions/vpant/ppref2024output/PPRefZeroBiasPlusForward2/crab_ppref2024/250129_075322/0003/HiForestMiniAOD_3090.root
Adding file /eos/cms/store/group/phys_heavyions/vpant/ppref2024output/PPRefZeroBiasPlusForward2/crab_ppref2024/250129_075322/0003/HiForestMiniAOD_3090.root to the chains
list operator is /eos/cms/store/group/phys_heavyions/vpant/ppref2024output/PPRefZeroBiasPlusForward2/crab_ppref2024/250129_075322/0003/HiForestMiniAOD_3091.root
Adding file /eos/cms/store/group/phys_heavyions/vpant/ppref2024output/PPRefZeroBiasPlusForward2/crab_ppref2024/250129_075322/0003/HiForestMiniAOD_3091.root to the chains
list operator is /eos/cms/store/group/phys_heavyions/vpant/ppref2024output/PPRefZeroBiasPlusForward2/crab_ppref2024/250129_075322/0003/HiForestMiniAOD_3092.root
Adding file /eos/cms/store/group/phys_heavyions/vpant/ppref2024output/PPRefZeroBiasPlusForward2/crab_ppref2024/250129_075322/0003/HiForestMiniAOD_3092.root to the chains
list operator is /eos/cms/store/group/phys_heavyions/vpant/ppref2024output/PPRefZeroBiasPlusForward2/crab_ppref2024/250129_075322/0003/HiForestMiniAOD_3093.root
Adding file /eos/cms/store/group/phys_heavyions/vpant/ppref2024output/PPRefZeroBiasPlusForward2/crab_ppref2024/250129_075322/0003/HiForestMiniAOD_3093.root to the chains
list operator is /eos/cms/store/group/phys_heavyions/vpant/ppref2024output/PPRefZeroBiasPlusForward2/crab_ppref2024/250129_075322/0003/HiForestMiniAOD_3094.root
Adding file /eos/cms/store/group/phys_heavyions/vpant/ppref2024output/PPRefZeroBiasPlusForward2/crab_ppref2024/250129_075322/0003/HiForestMiniAOD_3094.root to the chains
list operator is /eos/cms/store/group/phys_heavyions/vpant/ppref2024output/PPRefZeroBiasPlusForward2/crab_ppref2024/250129_075322/0003/HiForestMiniAOD_3095.root
Adding file /eos/cms/store/group/phys_heavyions/vpant/ppref2024output/PPRefZeroBiasPlusForward2/crab_ppref2024/250129_075322/0003/HiForestMiniAOD_3095.root to the chains
list operator is /eos/cms/store/group/phys_heavyions/vpant/ppref2024output/PPRefZeroBiasPlusForward2/crab_ppref2024/250129_075322/0003/HiForestMiniAOD_3096.root
Adding file /eos/cms/store/group/phys_heavyions/vpant/ppref2024output/PPRefZeroBiasPlusForward2/crab_ppref2024/250129_075322/0003/HiForestMiniAOD_3096.root to the chains
list operator is /eos/cms/store/group/phys_heavyions/vpant/ppref2024output/PPRefZeroBiasPlusForward2/crab_ppref2024/250129_075322/0003/HiForestMiniAOD_3097.root
Adding file /eos/cms/store/group/phys_heavyions/vpant/ppref2024output/PPRefZeroBiasPlusForward2/crab_ppref2024/250129_075322/0003/HiForestMiniAOD_3097.root to the chains
list operator is /eos/cms/store/group/phys_heavyions/vpant/ppref2024output/PPRefZeroBiasPlusForward2/crab_ppref2024/250129_075322/0003/HiForestMiniAOD_3098.root
Adding file /eos/cms/store/group/phys_heavyions/vpant/ppref2024output/PPRefZeroBiasPlusForward2/crab_ppref2024/250129_075322/0003/HiForestMiniAOD_3098.root to the chains
list operator is /eos/cms/store/group/phys_heavyions/vpant/ppref2024output/PPRefZeroBiasPlusForward2/crab_ppref2024/250129_075322/0003/HiForestMiniAOD_3099.root
Adding file /eos/cms/store/group/phys_heavyions/vpant/ppref2024output/PPRefZeroBiasPlusForward2/crab_ppref2024/250129_075322/0003/HiForestMiniAOD_3099.root to the chains
Total number of events in those files: 0

-------------------------------------------------
finished