000 (16579326.006.000) 02/09 19:06:22 Job submitted from host: <188.185.72.155:9618?addrs=188.185.72.155-9618+[2001-1458-d00-8--100-95]-9618&alias=bigbird08.cern.ch&noUDP&sock=schedd_862983_22fa>
...
040 (16579326.006.000) 02/09 19:07:52 Started transferring input files
	Transferring to host: <188.185.194.107:9618?addrs=188.185.194.107-9618+[2001-1458-303-21--100-67]-9618&alias=b9p20p3190.cern.ch&noUDP&sock=slot1_23_3589674_d1ee_5396>
...
040 (16579326.006.000) 02/09 19:07:52 Finished transferring input files
...
001 (16579326.006.000) 02/09 19:07:53 Job executing on host: <188.185.194.107:9618?addrs=188.185.194.107-9618+[2001-1458-303-21--100-67]-9618&alias=b9p20p3190.cern.ch&noUDP&sock=startd_7105_047b>
	SlotName: slot1_23@b9p20p3190.cern.ch
	CondorScratchDir = "/pool/condor/dir_2339191"
	Cpus = 1
	Disk = 3944
	GPUs = 0
	Memory = 3000
...
006 (16579326.006.000) 02/09 19:08:01 Image size of job updated: 1896
	2  -  MemoryUsage of job (MB)
	1896  -  ResidentSetSize of job (KB)
...
040 (16579326.006.000) 02/09 19:08:56 Started transferring output files
...
040 (16579326.006.000) 02/09 19:08:56 Finished transferring output files
...
005 (16579326.006.000) 02/09 19:08:56 Job terminated.
	(1) Normal termination (return value 0)
		Usr 0 00:00:22, Sys 0 00:00:00  -  Run Remote Usage
		Usr 0 00:00:00, Sys 0 00:00:00  -  Run Local Usage
		Usr 0 00:00:22, Sys 0 00:00:00  -  Total Remote Usage
		Usr 0 00:00:00, Sys 0 00:00:00  -  Total Local Usage
	23737  -  Run Bytes Sent By Job
	10424  -  Run Bytes Received By Job
	23737  -  Total Bytes Sent By Job
	10424  -  Total Bytes Received By Job
	Partitionable Resources :    Usage  Request Allocated 
	   Cpus                 :        0        1         1 
	   Disk (KB)            :       58       12      3944 
	   GPUs                 :                           0 
	   Memory (MB)          :        2     3000      3000 

	Job terminated of its own accord at 2025-02-09T18:08:56Z with exit-code 0.
...
000 (16579331.006.000) 02/09 19:14:01 Job submitted from host: <188.185.72.155:9618?addrs=188.185.72.155-9618+[2001-1458-d00-8--100-95]-9618&alias=bigbird08.cern.ch&noUDP&sock=schedd_862983_22fa>
...
040 (16579331.006.000) 02/09 19:15:05 Started transferring input files
	Transferring to host: <188.185.196.103:9618?addrs=188.185.196.103-9618+[2001-1458-303-23--100-63]-9618&alias=b9p16p2687.cern.ch&noUDP&sock=slot1_24_1403453_59c8_28431>
...
040 (16579331.006.000) 02/09 19:15:05 Finished transferring input files
...
001 (16579331.006.000) 02/09 19:15:07 Job executing on host: <188.185.196.103:9618?addrs=188.185.196.103-9618+[2001-1458-303-23--100-63]-9618&alias=b9p16p2687.cern.ch&noUDP&sock=startd_7407_2a15>
	SlotName: slot1_24@b9p16p2687.cern.ch
	CondorScratchDir = "/pool/condor/dir_2922320"
	Cpus = 1
	Disk = 3949
	GPUs = 0
	Memory = 3000
...
006 (16579331.006.000) 02/09 19:15:15 Image size of job updated: 63448
	62  -  MemoryUsage of job (MB)
	63448  -  ResidentSetSize of job (KB)
...
040 (16579331.006.000) 02/09 19:15:47 Started transferring output files
...
040 (16579331.006.000) 02/09 19:15:47 Finished transferring output files
...
005 (16579331.006.000) 02/09 19:15:48 Job terminated.
	(1) Normal termination (return value 0)
		Usr 0 00:00:18, Sys 0 00:00:00  -  Run Remote Usage
		Usr 0 00:00:00, Sys 0 00:00:00  -  Run Local Usage
		Usr 0 00:00:18, Sys 0 00:00:00  -  Total Remote Usage
		Usr 0 00:00:00, Sys 0 00:00:00  -  Total Local Usage
	23737  -  Run Bytes Sent By Job
	10424  -  Run Bytes Received By Job
	23737  -  Total Bytes Sent By Job
	10424  -  Total Bytes Received By Job
	Partitionable Resources :    Usage  Request Allocated 
	   Cpus                 :        0        1         1 
	   Disk (KB)            :       59       12      3949 
	   GPUs                 :                           0 
	   Memory (MB)          :       62     3000      3000 

	Job terminated of its own accord at 2025-02-09T18:15:47Z with exit-code 0.
...
