000 (16579322.009.000) 02/09 19:05:38 Job submitted from host: <188.185.72.155:9618?addrs=188.185.72.155-9618+[2001-1458-d00-8--100-95]-9618&alias=bigbird08.cern.ch&noUDP&sock=schedd_862983_22fa>
...
040 (16579322.009.000) 02/09 19:07:27 Started transferring input files
	Transferring to host: <188.185.193.57:9618?addrs=188.185.193.57-9618+[2001-1458-303-20--100-35]-9618&alias=b9p19p6242.cern.ch&noUDP&sock=slot1_9_2470032_be54_7202>
...
040 (16579322.009.000) 02/09 19:07:27 Finished transferring input files
...
001 (16579322.009.000) 02/09 19:07:28 Job executing on host: <188.185.193.57:9618?addrs=188.185.193.57-9618+[2001-1458-303-20--100-35]-9618&alias=b9p19p6242.cern.ch&noUDP&sock=startd_4462_23ab>
	SlotName: slot1_9@b9p19p6242.cern.ch
	CondorScratchDir = "/pool/condor/dir_1590503"
	Cpus = 1
	Disk = 3866
	GPUs = 0
	Memory = 3000
...
006 (16579322.009.000) 02/09 19:07:36 Image size of job updated: 112740
	111  -  MemoryUsage of job (MB)
	112740  -  ResidentSetSize of job (KB)
...
040 (16579322.009.000) 02/09 19:07:58 Started transferring output files
...
040 (16579322.009.000) 02/09 19:07:58 Finished transferring output files
...
005 (16579322.009.000) 02/09 19:07:58 Job terminated.
	(1) Normal termination (return value 0)
		Usr 0 00:00:09, Sys 0 00:00:01  -  Run Remote Usage
		Usr 0 00:00:00, Sys 0 00:00:00  -  Run Local Usage
		Usr 0 00:00:09, Sys 0 00:00:01  -  Total Remote Usage
		Usr 0 00:00:00, Sys 0 00:00:00  -  Total Local Usage
	23746  -  Run Bytes Sent By Job
	10424  -  Run Bytes Received By Job
	23746  -  Total Bytes Sent By Job
	10424  -  Total Bytes Received By Job
	Partitionable Resources :    Usage  Request Allocated 
	   Cpus                 :        0        1         1 
	   Disk (KB)            :       59       12      3866 
	   GPUs                 :                           0 
	   Memory (MB)          :      111     3000      3000 

	Job terminated of its own accord at 2025-02-09T18:07:58Z with exit-code 0.
...
000 (16579327.009.000) 02/09 19:13:40 Job submitted from host: <188.185.72.155:9618?addrs=188.185.72.155-9618+[2001-1458-d00-8--100-95]-9618&alias=bigbird08.cern.ch&noUDP&sock=schedd_862983_22fa>
...
040 (16579327.009.000) 02/09 19:14:37 Started transferring input files
	Transferring to host: <188.185.193.9:9618?addrs=188.185.193.9-9618+[2001-1458-303-20--100-5]-9618&alias=b9p19p9968.cern.ch&noUDP&sock=slot1_18_3784878_b270_39914>
...
040 (16579327.009.000) 02/09 19:14:37 Finished transferring input files
...
001 (16579327.009.000) 02/09 19:14:38 Job executing on host: <188.185.193.9:9618?addrs=188.185.193.9-9618+[2001-1458-303-20--100-5]-9618&alias=b9p19p9968.cern.ch&noUDP&sock=startd_4510_1037>
	SlotName: slot1_18@b9p19p9968.cern.ch
	CondorScratchDir = "/pool/condor/dir_3119537"
	Cpus = 1
	Disk = 3946
	GPUs = 0
	Memory = 3000
...
006 (16579327.009.000) 02/09 19:14:47 Image size of job updated: 84192
	83  -  MemoryUsage of job (MB)
	84192  -  ResidentSetSize of job (KB)
...
040 (16579327.009.000) 02/09 19:15:05 Started transferring output files
...
040 (16579327.009.000) 02/09 19:15:05 Finished transferring output files
...
005 (16579327.009.000) 02/09 19:15:05 Job terminated.
	(1) Normal termination (return value 0)
		Usr 0 00:00:09, Sys 0 00:00:00  -  Run Remote Usage
		Usr 0 00:00:00, Sys 0 00:00:00  -  Run Local Usage
		Usr 0 00:00:09, Sys 0 00:00:00  -  Total Remote Usage
		Usr 0 00:00:00, Sys 0 00:00:00  -  Total Local Usage
	23746  -  Run Bytes Sent By Job
	10424  -  Run Bytes Received By Job
	23746  -  Total Bytes Sent By Job
	10424  -  Total Bytes Received By Job
	Partitionable Resources :    Usage  Request Allocated 
	   Cpus                 :        0        1         1 
	   Disk (KB)            :       59       12      3946 
	   GPUs                 :                           0 
	   Memory (MB)          :       83     3000      3000 

	Job terminated of its own accord at 2025-02-09T18:15:05Z with exit-code 0.
...
