000 (16579323.009.000) 02/09 19:06:02 Job submitted from host: <188.185.72.155:9618?addrs=188.185.72.155-9618+[2001-1458-d00-8--100-95]-9618&alias=bigbird08.cern.ch&noUDP&sock=schedd_862983_22fa>
...
040 (16579323.009.000) 02/09 19:07:34 Started transferring input files
	Transferring to host: <128.142.51.211:9618?addrs=128.142.51.211-9618+[2001-1458-301-3--100-10]-9618&alias=b9g02p0513.cern.ch&noUDP&sock=slot1_10_3111150_5f6b_6310>
...
040 (16579323.009.000) 02/09 19:07:34 Finished transferring input files
...
001 (16579323.009.000) 02/09 19:07:35 Job executing on host: <128.142.51.211:9618?addrs=128.142.51.211-9618+[2001-1458-301-3--100-10]-9618&alias=b9g02p0513.cern.ch&noUDP&sock=startd_6899_b7f8>
	SlotName: slot1_10@b9g02p0513.cern.ch
	CondorScratchDir = "/pool/condor/dir_1515413"
	Cpus = 1
	Disk = 3852
	GPUs = 0
	Memory = 3000
...
006 (16579323.009.000) 02/09 19:07:43 Image size of job updated: 1892
	2  -  MemoryUsage of job (MB)
	1892  -  ResidentSetSize of job (KB)
...
040 (16579323.009.000) 02/09 19:08:24 Started transferring output files
...
040 (16579323.009.000) 02/09 19:08:24 Finished transferring output files
...
005 (16579323.009.000) 02/09 19:08:24 Job terminated.
	(1) Normal termination (return value 0)
		Usr 0 00:00:07, Sys 0 00:00:00  -  Run Remote Usage
		Usr 0 00:00:00, Sys 0 00:00:00  -  Run Local Usage
		Usr 0 00:00:07, Sys 0 00:00:00  -  Total Remote Usage
		Usr 0 00:00:00, Sys 0 00:00:00  -  Total Local Usage
	23854  -  Run Bytes Sent By Job
	10424  -  Run Bytes Received By Job
	23854  -  Total Bytes Sent By Job
	10424  -  Total Bytes Received By Job
	Partitionable Resources :    Usage  Request Allocated 
	   Cpus                 :     0.07        1         1 
	   Disk (KB)            :    59          12      3852 
	   GPUs                 :                           0 
	   Memory (MB)          :     2        3000      3000 

	Job terminated of its own accord at 2025-02-09T18:08:24Z with exit-code 0.
...
000 (16579328.009.000) 02/09 19:13:46 Job submitted from host: <188.185.72.155:9618?addrs=188.185.72.155-9618+[2001-1458-d00-8--100-95]-9618&alias=bigbird08.cern.ch&noUDP&sock=schedd_862983_22fa>
...
040 (16579328.009.000) 02/09 19:14:43 Started transferring input files
	Transferring to host: <188.185.198.141:9618?addrs=188.185.198.141-9618+[2001-1458-303-25--100-89]-9618&alias=b9p15p0565.cern.ch&noUDP&sock=slot1_17_3657112_fde4_3648>
...
040 (16579328.009.000) 02/09 19:14:43 Finished transferring input files
...
001 (16579328.009.000) 02/09 19:14:44 Job executing on host: <188.185.198.141:9618?addrs=188.185.198.141-9618+[2001-1458-303-25--100-89]-9618&alias=b9p15p0565.cern.ch&noUDP&sock=startd_6128_e074>
	SlotName: slot1_17@b9p15p0565.cern.ch
	CondorScratchDir = "/pool/condor/dir_1591254"
	Cpus = 1
	Disk = 3730
	GPUs = 0
	Memory = 3000
...
006 (16579328.009.000) 02/09 19:14:53 Image size of job updated: 384504
	376  -  MemoryUsage of job (MB)
	384504  -  ResidentSetSize of job (KB)
...
040 (16579328.009.000) 02/09 19:15:10 Started transferring output files
...
040 (16579328.009.000) 02/09 19:15:11 Finished transferring output files
...
005 (16579328.009.000) 02/09 19:15:11 Job terminated.
	(1) Normal termination (return value 0)
		Usr 0 00:00:07, Sys 0 00:00:00  -  Run Remote Usage
		Usr 0 00:00:00, Sys 0 00:00:00  -  Run Local Usage
		Usr 0 00:00:07, Sys 0 00:00:00  -  Total Remote Usage
		Usr 0 00:00:00, Sys 0 00:00:00  -  Total Local Usage
	23854  -  Run Bytes Sent By Job
	10424  -  Run Bytes Received By Job
	23854  -  Total Bytes Sent By Job
	10424  -  Total Bytes Received By Job
	Partitionable Resources :    Usage  Request Allocated 
	   Cpus                 :        0        1         1 
	   Disk (KB)            :       59       12      3730 
	   GPUs                 :                           0 
	   Memory (MB)          :      376     3000      3000 

	Job terminated of its own accord at 2025-02-09T18:15:10Z with exit-code 0.
...
