000 (16579325.008.000) 02/09 19:06:11 Job submitted from host: <188.185.72.155:9618?addrs=188.185.72.155-9618+[2001-1458-d00-8--100-95]-9618&alias=bigbird08.cern.ch&noUDP&sock=schedd_862983_22fa>
...
040 (16579325.008.000) 02/09 19:07:46 Started transferring input files
	Transferring to host: <188.185.193.13:9618?addrs=188.185.193.13-9618+[2001-1458-303-20--100-9]-9618&alias=b9p19p6329.cern.ch&noUDP&sock=slot1_29_1960192_5758_84219>
...
040 (16579325.008.000) 02/09 19:07:46 Finished transferring input files
...
001 (16579325.008.000) 02/09 19:07:47 Job executing on host: <188.185.193.13:9618?addrs=188.185.193.13-9618+[2001-1458-303-20--100-9]-9618&alias=b9p19p6329.cern.ch&noUDP&sock=startd_5191_2c36>
	SlotName: slot1_29@b9p19p6329.cern.ch
	CondorScratchDir = "/pool/condor/dir_134848"
	Cpus = 1
	Disk = 3907
	GPUs = 0
	Memory = 3000
...
006 (16579325.008.000) 02/09 19:07:56 Image size of job updated: 1876
	2  -  MemoryUsage of job (MB)
	1876  -  ResidentSetSize of job (KB)
...
040 (16579325.008.000) 02/09 19:08:37 Started transferring output files
...
040 (16579325.008.000) 02/09 19:08:37 Finished transferring output files
...
005 (16579325.008.000) 02/09 19:08:37 Job terminated.
	(1) Normal termination (return value 0)
		Usr 0 00:00:08, Sys 0 00:00:00  -  Run Remote Usage
		Usr 0 00:00:00, Sys 0 00:00:00  -  Run Local Usage
		Usr 0 00:00:08, Sys 0 00:00:00  -  Total Remote Usage
		Usr 0 00:00:00, Sys 0 00:00:00  -  Total Local Usage
	23851  -  Run Bytes Sent By Job
	10424  -  Run Bytes Received By Job
	23851  -  Total Bytes Sent By Job
	10424  -  Total Bytes Received By Job
	Partitionable Resources :    Usage  Request Allocated 
	   Cpus                 :        0        1         1 
	   Disk (KB)            :       59       12      3907 
	   GPUs                 :                           0 
	   Memory (MB)          :        2     3000      3000 

	Job terminated of its own accord at 2025-02-09T18:08:37Z with exit-code 0.
...
000 (16579330.008.000) 02/09 19:13:54 Job submitted from host: <188.185.72.155:9618?addrs=188.185.72.155-9618+[2001-1458-d00-8--100-95]-9618&alias=bigbird08.cern.ch&noUDP&sock=schedd_862983_22fa>
...
040 (16579330.008.000) 02/09 19:14:58 Started transferring input files
	Transferring to host: <188.185.198.140:9618?addrs=188.185.198.140-9618+[2001-1458-303-25--100-88]-9618&alias=b9p15p5294.cern.ch&noUDP&sock=slot1_17_1270058_8178_5590>
...
040 (16579330.008.000) 02/09 19:14:58 Finished transferring input files
...
001 (16579330.008.000) 02/09 19:14:59 Job executing on host: <188.185.198.140:9618?addrs=188.185.198.140-9618+[2001-1458-303-25--100-88]-9618&alias=b9p15p5294.cern.ch&noUDP&sock=startd_6006_31e6>
	SlotName: slot1_17@b9p15p5294.cern.ch
	CondorScratchDir = "/pool/condor/dir_1445289"
	Cpus = 1
	Disk = 3796
	GPUs = 0
	Memory = 3000
...
006 (16579330.008.000) 02/09 19:15:07 Image size of job updated: 62252
	61  -  MemoryUsage of job (MB)
	62252  -  ResidentSetSize of job (KB)
...
040 (16579330.008.000) 02/09 19:15:29 Started transferring output files
...
040 (16579330.008.000) 02/09 19:15:29 Finished transferring output files
...
005 (16579330.008.000) 02/09 19:15:29 Job terminated.
	(1) Normal termination (return value 0)
		Usr 0 00:00:07, Sys 0 00:00:00  -  Run Remote Usage
		Usr 0 00:00:00, Sys 0 00:00:00  -  Run Local Usage
		Usr 0 00:00:07, Sys 0 00:00:00  -  Total Remote Usage
		Usr 0 00:00:00, Sys 0 00:00:00  -  Total Local Usage
	23851  -  Run Bytes Sent By Job
	10424  -  Run Bytes Received By Job
	23851  -  Total Bytes Sent By Job
	10424  -  Total Bytes Received By Job
	Partitionable Resources :    Usage  Request Allocated 
	   Cpus                 :        0        1         1 
	   Disk (KB)            :       58       12      3796 
	   GPUs                 :                           0 
	   Memory (MB)          :       61     3000      3000 

	Job terminated of its own accord at 2025-02-09T18:15:29Z with exit-code 0.
...
