000 (16579323.001.000) 02/09 19:06:02 Job submitted from host: <188.185.72.155:9618?addrs=188.185.72.155-9618+[2001-1458-d00-8--100-95]-9618&alias=bigbird08.cern.ch&noUDP&sock=schedd_862983_22fa>
...
040 (16579323.001.000) 02/09 19:07:30 Started transferring input files
	Transferring to host: <188.185.195.167:9618?addrs=188.185.195.167-9618+[2001-1458-303-22--100-a3]-9618&alias=b9p17p1897.cern.ch&noUDP&sock=slot1_24_90372_ffd4_13984>
...
040 (16579323.001.000) 02/09 19:07:30 Finished transferring input files
...
001 (16579323.001.000) 02/09 19:07:31 Job executing on host: <188.185.195.167:9618?addrs=188.185.195.167-9618+[2001-1458-303-22--100-a3]-9618&alias=b9p17p1897.cern.ch&noUDP&sock=startd_7349_6197>
	SlotName: slot1_24@b9p17p1897.cern.ch
	CondorScratchDir = "/pool/condor/dir_4108087"
	Cpus = 1
	Disk = 3765
	GPUs = 0
	Memory = 3000
...
006 (16579323.001.000) 02/09 19:07:40 Image size of job updated: 70368
	69  -  MemoryUsage of job (MB)
	70368  -  ResidentSetSize of job (KB)
...
040 (16579323.001.000) 02/09 19:07:58 Started transferring output files
...
040 (16579323.001.000) 02/09 19:07:58 Finished transferring output files
...
005 (16579323.001.000) 02/09 19:07:58 Job terminated.
	(1) Normal termination (return value 0)
		Usr 0 00:00:08, Sys 0 00:00:01  -  Run Remote Usage
		Usr 0 00:00:00, Sys 0 00:00:00  -  Run Local Usage
		Usr 0 00:00:08, Sys 0 00:00:01  -  Total Remote Usage
		Usr 0 00:00:00, Sys 0 00:00:00  -  Total Local Usage
	23851  -  Run Bytes Sent By Job
	10424  -  Run Bytes Received By Job
	23851  -  Total Bytes Sent By Job
	10424  -  Total Bytes Received By Job
	Partitionable Resources :    Usage  Request Allocated 
	   Cpus                 :        0        1         1 
	   Disk (KB)            :       59       12      3765 
	   GPUs                 :                           0 
	   Memory (MB)          :       69     3000      3000 

	Job terminated of its own accord at 2025-02-09T18:07:58Z with exit-code 0.
...
000 (16579328.001.000) 02/09 19:13:46 Job submitted from host: <188.185.72.155:9618?addrs=188.185.72.155-9618+[2001-1458-d00-8--100-95]-9618&alias=bigbird08.cern.ch&noUDP&sock=schedd_862983_22fa>
...
040 (16579328.001.000) 02/09 19:14:40 Started transferring input files
	Transferring to host: <188.185.195.15:9618?addrs=188.185.195.15-9618+[2001-1458-303-22--100-b]-9618&alias=b9p17p8817.cern.ch&noUDP&sock=slot1_17_1981884_514a_6188>
...
040 (16579328.001.000) 02/09 19:14:40 Finished transferring input files
...
001 (16579328.001.000) 02/09 19:14:41 Job executing on host: <188.185.195.15:9618?addrs=188.185.195.15-9618+[2001-1458-303-22--100-b]-9618&alias=b9p17p8817.cern.ch&noUDP&sock=startd_8325_d606>
	SlotName: slot1_17@b9p17p8817.cern.ch
	CondorScratchDir = "/pool/condor/dir_3696111"
	Cpus = 1
	Disk = 3823
	GPUs = 0
	Memory = 3000
...
006 (16579328.001.000) 02/09 19:14:50 Image size of job updated: 84876
	83  -  MemoryUsage of job (MB)
	84876  -  ResidentSetSize of job (KB)
...
006 (16579328.001.000) 02/09 19:15:06 Image size of job updated: 84876
	84  -  MemoryUsage of job (MB)
	85136  -  ResidentSetSize of job (KB)
...
040 (16579328.001.000) 02/09 19:15:07 Started transferring output files
...
040 (16579328.001.000) 02/09 19:15:07 Finished transferring output files
...
005 (16579328.001.000) 02/09 19:15:07 Job terminated.
	(1) Normal termination (return value 0)
		Usr 0 00:00:08, Sys 0 00:00:01  -  Run Remote Usage
		Usr 0 00:00:00, Sys 0 00:00:00  -  Run Local Usage
		Usr 0 00:00:08, Sys 0 00:00:01  -  Total Remote Usage
		Usr 0 00:00:00, Sys 0 00:00:00  -  Total Local Usage
	23851  -  Run Bytes Sent By Job
	10424  -  Run Bytes Received By Job
	23851  -  Total Bytes Sent By Job
	10424  -  Total Bytes Received By Job
	Partitionable Resources :    Usage  Request Allocated 
	   Cpus                 :        0        1         1 
	   Disk (KB)            :       58       12      3823 
	   GPUs                 :                           0 
	   Memory (MB)          :       84     3000      3000 

	Job terminated of its own accord at 2025-02-09T18:15:06Z with exit-code 0.
...
