000 (16579322.001.000) 02/09 19:05:38 Job submitted from host: <188.185.72.155:9618?addrs=188.185.72.155-9618+[2001-1458-d00-8--100-95]-9618&alias=bigbird08.cern.ch&noUDP&sock=schedd_862983_22fa>
...
040 (16579322.001.000) 02/09 19:07:24 Started transferring input files
	Transferring to host: <128.142.131.161:9618?addrs=128.142.131.161-9618+[2001-1458-301-59--100-95]-9618&alias=b9g11p0602.cern.ch&noUDP&sock=slot1_4_1730341_84b5_63905>
...
040 (16579322.001.000) 02/09 19:07:24 Finished transferring input files
...
001 (16579322.001.000) 02/09 19:07:26 Job executing on host: <128.142.131.161:9618?addrs=128.142.131.161-9618+[2001-1458-301-59--100-95]-9618&alias=b9g11p0602.cern.ch&noUDP&sock=startd_2662_7d33>
	SlotName: slot1_4@b9g11p0602.cern.ch
	CondorScratchDir = "/pool/condor/dir_1098393"
	Cpus = 1
	Disk = 2461
	GPUs = 0
	Memory = 3000
...
006 (16579322.001.000) 02/09 19:07:34 Image size of job updated: 354028
	346  -  MemoryUsage of job (MB)
	354028  -  ResidentSetSize of job (KB)
...
040 (16579322.001.000) 02/09 19:07:51 Started transferring output files
...
040 (16579322.001.000) 02/09 19:07:51 Finished transferring output files
...
005 (16579322.001.000) 02/09 19:07:51 Job terminated.
	(1) Normal termination (return value 0)
		Usr 0 00:00:09, Sys 0 00:00:01  -  Run Remote Usage
		Usr 0 00:00:00, Sys 0 00:00:00  -  Run Local Usage
		Usr 0 00:00:09, Sys 0 00:00:01  -  Total Remote Usage
		Usr 0 00:00:00, Sys 0 00:00:00  -  Total Local Usage
	23743  -  Run Bytes Sent By Job
	10424  -  Run Bytes Received By Job
	23743  -  Total Bytes Sent By Job
	10424  -  Total Bytes Received By Job
	Partitionable Resources :    Usage  Request Allocated 
	   Cpus                 :        0        1         1 
	   Disk (KB)            :       59       12      2461 
	   GPUs                 :                           0 
	   Memory (MB)          :      346     3000      3000 

	Job terminated of its own accord at 2025-02-09T18:07:51Z with exit-code 0.
...
000 (16579327.001.000) 02/09 19:13:40 Job submitted from host: <188.185.72.155:9618?addrs=188.185.72.155-9618+[2001-1458-d00-8--100-95]-9618&alias=bigbird08.cern.ch&noUDP&sock=schedd_862983_22fa>
...
040 (16579327.001.000) 02/09 19:14:35 Started transferring input files
	Transferring to host: <188.185.193.167:9618?addrs=188.185.193.167-9618+[2001-1458-303-20--100-a3]-9618&alias=b9p19p1965.cern.ch&noUDP&sock=slot1_32_1725685_f1f7_67343>
...
040 (16579327.001.000) 02/09 19:14:35 Finished transferring input files
...
001 (16579327.001.000) 02/09 19:14:36 Job executing on host: <188.185.193.167:9618?addrs=188.185.193.167-9618+[2001-1458-303-20--100-a3]-9618&alias=b9p19p1965.cern.ch&noUDP&sock=startd_7809_e727>
	SlotName: slot1_32@b9p19p1965.cern.ch
	CondorScratchDir = "/pool/condor/dir_2637618"
	Cpus = 1
	Disk = 3884
	GPUs = 0
	Memory = 3000
...
006 (16579327.001.000) 02/09 19:14:44 Image size of job updated: 384648
	376  -  MemoryUsage of job (MB)
	384648  -  ResidentSetSize of job (KB)
...
040 (16579327.001.000) 02/09 19:15:06 Started transferring output files
...
040 (16579327.001.000) 02/09 19:15:06 Finished transferring output files
...
005 (16579327.001.000) 02/09 19:15:07 Job terminated.
	(1) Normal termination (return value 0)
		Usr 0 00:00:09, Sys 0 00:00:01  -  Run Remote Usage
		Usr 0 00:00:00, Sys 0 00:00:00  -  Run Local Usage
		Usr 0 00:00:09, Sys 0 00:00:01  -  Total Remote Usage
		Usr 0 00:00:00, Sys 0 00:00:00  -  Total Local Usage
	23743  -  Run Bytes Sent By Job
	10424  -  Run Bytes Received By Job
	23743  -  Total Bytes Sent By Job
	10424  -  Total Bytes Received By Job
	Partitionable Resources :    Usage  Request Allocated 
	   Cpus                 :        0        1         1 
	   Disk (KB)            :       59       12      3884 
	   GPUs                 :                           0 
	   Memory (MB)          :      376     3000      3000 

	Job terminated of its own accord at 2025-02-09T18:15:06Z with exit-code 0.
...
