000 (16579323.008.000) 02/09 19:06:02 Job submitted from host: <188.185.72.155:9618?addrs=188.185.72.155-9618+[2001-1458-d00-8--100-95]-9618&alias=bigbird08.cern.ch&noUDP&sock=schedd_862983_22fa>
...
040 (16579323.008.000) 02/09 19:07:34 Started transferring input files
	Transferring to host: <188.185.195.123:9618?addrs=188.185.195.123-9618+[2001-1458-303-22--100-77]-9618&alias=b9p17p5699.cern.ch&noUDP&sock=slot1_37_6172_7b74_112087>
...
040 (16579323.008.000) 02/09 19:07:34 Finished transferring input files
...
001 (16579323.008.000) 02/09 19:07:35 Job executing on host: <188.185.195.123:9618?addrs=188.185.195.123-9618+[2001-1458-303-22--100-77]-9618&alias=b9p17p5699.cern.ch&noUDP&sock=startd_4598_6c8d>
	SlotName: slot1_37@b9p17p5699.cern.ch
	CondorScratchDir = "/pool/condor/dir_1732604"
	Cpus = 1
	Disk = 3757
	GPUs = 0
	Memory = 3000
...
006 (16579323.008.000) 02/09 19:07:43 Image size of job updated: 70752
	70  -  MemoryUsage of job (MB)
	70752  -  ResidentSetSize of job (KB)
...
040 (16579323.008.000) 02/09 19:08:03 Started transferring output files
...
040 (16579323.008.000) 02/09 19:08:03 Finished transferring output files
...
005 (16579323.008.000) 02/09 19:08:03 Job terminated.
	(1) Normal termination (return value 0)
		Usr 0 00:00:09, Sys 0 00:00:00  -  Run Remote Usage
		Usr 0 00:00:00, Sys 0 00:00:00  -  Run Local Usage
		Usr 0 00:00:09, Sys 0 00:00:00  -  Total Remote Usage
		Usr 0 00:00:00, Sys 0 00:00:00  -  Total Local Usage
	23851  -  Run Bytes Sent By Job
	10424  -  Run Bytes Received By Job
	23851  -  Total Bytes Sent By Job
	10424  -  Total Bytes Received By Job
	Partitionable Resources :    Usage  Request Allocated 
	   Cpus                 :        0        1         1 
	   Disk (KB)            :       59       12      3757 
	   GPUs                 :                           0 
	   Memory (MB)          :       70     3000      3000 

	Job terminated of its own accord at 2025-02-09T18:08:03Z with exit-code 0.
...
000 (16579328.008.000) 02/09 19:13:46 Job submitted from host: <188.185.72.155:9618?addrs=188.185.72.155-9618+[2001-1458-d00-8--100-95]-9618&alias=bigbird08.cern.ch&noUDP&sock=schedd_862983_22fa>
...
040 (16579328.008.000) 02/09 19:14:43 Started transferring input files
	Transferring to host: <188.185.215.139:9618?addrs=188.185.215.139-9618+[2001-1458-303-26--100-7]-9618&alias=b9p18p4907.cern.ch&noUDP&sock=slot1_2_1343946_4934_28783>
...
040 (16579328.008.000) 02/09 19:14:43 Finished transferring input files
...
001 (16579328.008.000) 02/09 19:14:44 Job executing on host: <188.185.215.139:9618?addrs=188.185.215.139-9618+[2001-1458-303-26--100-7]-9618&alias=b9p18p4907.cern.ch&noUDP&sock=startd_5074_eba1>
	SlotName: slot1_2@b9p18p4907.cern.ch
	CondorScratchDir = "/pool/condor/dir_510634"
	Cpus = 1
	Disk = 3841
	GPUs = 0
	Memory = 3000
...
006 (16579328.008.000) 02/09 19:14:53 Image size of job updated: 1884
	2  -  MemoryUsage of job (MB)
	1884  -  ResidentSetSize of job (KB)
...
040 (16579328.008.000) 02/09 19:15:37 Started transferring output files
...
040 (16579328.008.000) 02/09 19:15:37 Finished transferring output files
...
005 (16579328.008.000) 02/09 19:15:38 Job terminated.
	(1) Normal termination (return value 0)
		Usr 0 00:00:08, Sys 0 00:00:00  -  Run Remote Usage
		Usr 0 00:00:00, Sys 0 00:00:00  -  Run Local Usage
		Usr 0 00:00:08, Sys 0 00:00:00  -  Total Remote Usage
		Usr 0 00:00:00, Sys 0 00:00:00  -  Total Local Usage
	23851  -  Run Bytes Sent By Job
	10424  -  Run Bytes Received By Job
	23851  -  Total Bytes Sent By Job
	10424  -  Total Bytes Received By Job
	Partitionable Resources :    Usage  Request Allocated 
	   Cpus                 :        0        1         1 
	   Disk (KB)            :       59       12      3841 
	   GPUs                 :                           0 
	   Memory (MB)          :        2     3000      3000 

	Job terminated of its own accord at 2025-02-09T18:15:37Z with exit-code 0.
...
