000 (16579322.018.000) 02/09 19:05:38 Job submitted from host: <188.185.72.155:9618?addrs=188.185.72.155-9618+[2001-1458-d00-8--100-95]-9618&alias=bigbird08.cern.ch&noUDP&sock=schedd_862983_22fa>
...
040 (16579322.018.000) 02/09 19:07:29 Started transferring input files
	Transferring to host: <128.142.131.161:9618?addrs=128.142.131.161-9618+[2001-1458-301-59--100-95]-9618&alias=b9g11p0602.cern.ch&noUDP&sock=slot1_28_1730341_84b5_63906>
...
040 (16579322.018.000) 02/09 19:07:29 Finished transferring input files
...
001 (16579322.018.000) 02/09 19:07:30 Job executing on host: <128.142.131.161:9618?addrs=128.142.131.161-9618+[2001-1458-301-59--100-95]-9618&alias=b9g11p0602.cern.ch&noUDP&sock=startd_2662_7d33>
	SlotName: slot1_28@b9g11p0602.cern.ch
	CondorScratchDir = "/pool/condor/dir_1098694"
	Cpus = 1
	Disk = 2461
	GPUs = 0
	Memory = 3000
...
006 (16579322.018.000) 02/09 19:07:39 Image size of job updated: 71212
	70  -  MemoryUsage of job (MB)
	71212  -  ResidentSetSize of job (KB)
...
040 (16579322.018.000) 02/09 19:07:58 Started transferring output files
...
040 (16579322.018.000) 02/09 19:07:58 Finished transferring output files
...
005 (16579322.018.000) 02/09 19:07:58 Job terminated.
	(1) Normal termination (return value 0)
		Usr 0 00:00:10, Sys 0 00:00:01  -  Run Remote Usage
		Usr 0 00:00:00, Sys 0 00:00:00  -  Run Local Usage
		Usr 0 00:00:10, Sys 0 00:00:01  -  Total Remote Usage
		Usr 0 00:00:00, Sys 0 00:00:00  -  Total Local Usage
	23744  -  Run Bytes Sent By Job
	10424  -  Run Bytes Received By Job
	23744  -  Total Bytes Sent By Job
	10424  -  Total Bytes Received By Job
	Partitionable Resources :    Usage  Request Allocated 
	   Cpus                 :        0        1         1 
	   Disk (KB)            :       58       12      2461 
	   GPUs                 :                           0 
	   Memory (MB)          :       70     3000      3000 

	Job terminated of its own accord at 2025-02-09T18:07:58Z with exit-code 0.
...
000 (16579327.018.000) 02/09 19:13:41 Job submitted from host: <188.185.72.155:9618?addrs=188.185.72.155-9618+[2001-1458-d00-8--100-95]-9618&alias=bigbird08.cern.ch&noUDP&sock=schedd_862983_22fa>
...
040 (16579327.018.000) 02/09 19:14:41 Started transferring input files
	Transferring to host: <188.185.196.9:9618?addrs=188.185.196.9-9618+[2001-1458-303-23--100-5]-9618&alias=b9p16p6656.cern.ch&noUDP&sock=slot1_42_605240_151d_2938>
...
040 (16579327.018.000) 02/09 19:14:41 Finished transferring input files
...
001 (16579327.018.000) 02/09 19:14:42 Job executing on host: <188.185.196.9:9618?addrs=188.185.196.9-9618+[2001-1458-303-23--100-5]-9618&alias=b9p16p6656.cern.ch&noUDP&sock=startd_4850_466b>
	SlotName: slot1_42@b9p16p6656.cern.ch
	CondorScratchDir = "/pool/condor/dir_2702406"
	Cpus = 1
	Disk = 3735
	GPUs = 0
	Memory = 3000
...
006 (16579327.018.000) 02/09 19:14:51 Image size of job updated: 299292
	293  -  MemoryUsage of job (MB)
	299292  -  ResidentSetSize of job (KB)
...
040 (16579327.018.000) 02/09 19:15:13 Started transferring output files
...
040 (16579327.018.000) 02/09 19:15:13 Finished transferring output files
...
005 (16579327.018.000) 02/09 19:15:13 Job terminated.
	(1) Normal termination (return value 0)
		Usr 0 00:00:09, Sys 0 00:00:01  -  Run Remote Usage
		Usr 0 00:00:00, Sys 0 00:00:00  -  Run Local Usage
		Usr 0 00:00:09, Sys 0 00:00:01  -  Total Remote Usage
		Usr 0 00:00:00, Sys 0 00:00:00  -  Total Local Usage
	23744  -  Run Bytes Sent By Job
	10424  -  Run Bytes Received By Job
	23744  -  Total Bytes Sent By Job
	10424  -  Total Bytes Received By Job
	Partitionable Resources :    Usage  Request Allocated 
	   Cpus                 :        0        1         1 
	   Disk (KB)            :       59       12      3735 
	   GPUs                 :                           0 
	   Memory (MB)          :      293     3000      3000 

	Job terminated of its own accord at 2025-02-09T18:15:13Z with exit-code 0.
...
