000 (16579323.003.000) 02/09 19:06:02 Job submitted from host: <188.185.72.155:9618?addrs=188.185.72.155-9618+[2001-1458-d00-8--100-95]-9618&alias=bigbird08.cern.ch&noUDP&sock=schedd_862983_22fa>
...
040 (16579323.003.000) 02/09 19:07:31 Started transferring input files
	Transferring to host: <188.185.193.13:9618?addrs=188.185.193.13-9618+[2001-1458-303-20--100-9]-9618&alias=b9p19p6329.cern.ch&noUDP&sock=slot1_25_1960192_5758_84215>
...
040 (16579323.003.000) 02/09 19:07:31 Finished transferring input files
...
001 (16579323.003.000) 02/09 19:07:32 Job executing on host: <188.185.193.13:9618?addrs=188.185.193.13-9618+[2001-1458-303-20--100-9]-9618&alias=b9p19p6329.cern.ch&noUDP&sock=startd_5191_2c36>
	SlotName: slot1_25@b9p19p6329.cern.ch
	CondorScratchDir = "/pool/condor/dir_133021"
	Cpus = 1
	Disk = 3907
	GPUs = 0
	Memory = 3000
...
006 (16579323.003.000) 02/09 19:07:41 Image size of job updated: 1880
	2  -  MemoryUsage of job (MB)
	1880  -  ResidentSetSize of job (KB)
...
040 (16579323.003.000) 02/09 19:08:32 Started transferring output files
...
040 (16579323.003.000) 02/09 19:08:32 Finished transferring output files
...
005 (16579323.003.000) 02/09 19:08:32 Job terminated.
	(1) Normal termination (return value 0)
		Usr 0 00:00:10, Sys 0 00:00:00  -  Run Remote Usage
		Usr 0 00:00:00, Sys 0 00:00:00  -  Run Local Usage
		Usr 0 00:00:10, Sys 0 00:00:00  -  Total Remote Usage
		Usr 0 00:00:00, Sys 0 00:00:00  -  Total Local Usage
	23851  -  Run Bytes Sent By Job
	10424  -  Run Bytes Received By Job
	23851  -  Total Bytes Sent By Job
	10424  -  Total Bytes Received By Job
	Partitionable Resources :    Usage  Request Allocated 
	   Cpus                 :        0        1         1 
	   Disk (KB)            :       59       12      3907 
	   GPUs                 :                           0 
	   Memory (MB)          :        2     3000      3000 

	Job terminated of its own accord at 2025-02-09T18:08:32Z with exit-code 0.
...
000 (16579328.003.000) 02/09 19:13:46 Job submitted from host: <188.185.72.155:9618?addrs=188.185.72.155-9618+[2001-1458-d00-8--100-95]-9618&alias=bigbird08.cern.ch&noUDP&sock=schedd_862983_22fa>
...
040 (16579328.003.000) 02/09 19:14:42 Started transferring input files
	Transferring to host: <188.185.193.70:9618?addrs=188.185.193.70-9618+[2001-1458-303-20--100-42]-9618&alias=b9p19p7561.cern.ch&noUDP&sock=slot1_36_2242908_56c0_6949>
...
040 (16579328.003.000) 02/09 19:14:42 Finished transferring input files
...
001 (16579328.003.000) 02/09 19:14:43 Job executing on host: <188.185.193.70:9618?addrs=188.185.193.70-9618+[2001-1458-303-20--100-42]-9618&alias=b9p19p7561.cern.ch&noUDP&sock=startd_8814_3fd5>
	SlotName: slot1_36@b9p19p7561.cern.ch
	CondorScratchDir = "/pool/condor/dir_709987"
	Cpus = 1
	Disk = 3689
	GPUs = 0
	Memory = 3000
...
006 (16579328.003.000) 02/09 19:14:52 Image size of job updated: 148404
	145  -  MemoryUsage of job (MB)
	148404  -  ResidentSetSize of job (KB)
...
040 (16579328.003.000) 02/09 19:15:18 Started transferring output files
...
040 (16579328.003.000) 02/09 19:15:18 Finished transferring output files
...
005 (16579328.003.000) 02/09 19:15:19 Job terminated.
	(1) Normal termination (return value 0)
		Usr 0 00:00:11, Sys 0 00:00:01  -  Run Remote Usage
		Usr 0 00:00:00, Sys 0 00:00:00  -  Run Local Usage
		Usr 0 00:00:11, Sys 0 00:00:01  -  Total Remote Usage
		Usr 0 00:00:00, Sys 0 00:00:00  -  Total Local Usage
	23851  -  Run Bytes Sent By Job
	10424  -  Run Bytes Received By Job
	23851  -  Total Bytes Sent By Job
	10424  -  Total Bytes Received By Job
	Partitionable Resources :    Usage  Request Allocated 
	   Cpus                 :        0        1         1 
	   Disk (KB)            :       59       12      3689 
	   GPUs                 :                           0 
	   Memory (MB)          :      145     3000      3000 

	Job terminated of its own accord at 2025-02-09T18:15:18Z with exit-code 0.
...
