000 (16579325.005.000) 02/09 19:06:11 Job submitted from host: <188.185.72.155:9618?addrs=188.185.72.155-9618+[2001-1458-d00-8--100-95]-9618&alias=bigbird08.cern.ch&noUDP&sock=schedd_862983_22fa>
...
040 (16579325.005.000) 02/09 19:07:45 Started transferring input files
	Transferring to host: <188.185.195.123:9618?addrs=188.185.195.123-9618+[2001-1458-303-22--100-77]-9618&alias=b9p17p5699.cern.ch&noUDP&sock=slot1_40_6172_7b74_112090>
...
040 (16579325.005.000) 02/09 19:07:45 Finished transferring input files
...
001 (16579325.005.000) 02/09 19:07:46 Job executing on host: <188.185.195.123:9618?addrs=188.185.195.123-9618+[2001-1458-303-22--100-77]-9618&alias=b9p17p5699.cern.ch&noUDP&sock=startd_4598_6c8d>
	SlotName: slot1_40@b9p17p5699.cern.ch
	CondorScratchDir = "/pool/condor/dir_1733020"
	Cpus = 1
	Disk = 3757
	GPUs = 0
	Memory = 3000
...
006 (16579325.005.000) 02/09 19:07:55 Image size of job updated: 69876
	69  -  MemoryUsage of job (MB)
	69876  -  ResidentSetSize of job (KB)
...
040 (16579325.005.000) 02/09 19:08:13 Started transferring output files
...
040 (16579325.005.000) 02/09 19:08:13 Finished transferring output files
...
005 (16579325.005.000) 02/09 19:08:13 Job terminated.
	(1) Normal termination (return value 0)
		Usr 0 00:00:08, Sys 0 00:00:00  -  Run Remote Usage
		Usr 0 00:00:00, Sys 0 00:00:00  -  Run Local Usage
		Usr 0 00:00:08, Sys 0 00:00:00  -  Total Remote Usage
		Usr 0 00:00:00, Sys 0 00:00:00  -  Total Local Usage
	23851  -  Run Bytes Sent By Job
	10424  -  Run Bytes Received By Job
	23851  -  Total Bytes Sent By Job
	10424  -  Total Bytes Received By Job
	Partitionable Resources :    Usage  Request Allocated 
	   Cpus                 :        0        1         1 
	   Disk (KB)            :       59       12      3757 
	   GPUs                 :                           0 
	   Memory (MB)          :       69     3000      3000 

	Job terminated of its own accord at 2025-02-09T18:08:12Z with exit-code 0.
...
000 (16579330.005.000) 02/09 19:13:54 Job submitted from host: <188.185.72.155:9618?addrs=188.185.72.155-9618+[2001-1458-d00-8--100-95]-9618&alias=bigbird08.cern.ch&noUDP&sock=schedd_862983_22fa>
...
040 (16579330.005.000) 02/09 19:14:56 Started transferring input files
	Transferring to host: <188.185.215.140:9618?addrs=188.185.215.140-9618+[2001-1458-303-26--100-8]-9618&alias=b9p18p0368.cern.ch&noUDP&sock=slot1_31_1206990_64f3_90483>
...
040 (16579330.005.000) 02/09 19:14:56 Finished transferring input files
...
001 (16579330.005.000) 02/09 19:14:58 Job executing on host: <188.185.215.140:9618?addrs=188.185.215.140-9618+[2001-1458-303-26--100-8]-9618&alias=b9p18p0368.cern.ch&noUDP&sock=startd_9008_5135>
	SlotName: slot1_31@b9p18p0368.cern.ch
	CondorScratchDir = "/pool/condor/dir_3940808"
	Cpus = 1
	Disk = 3861
	GPUs = 0
	Memory = 3000
...
006 (16579330.005.000) 02/09 19:15:06 Image size of job updated: 62780
	62  -  MemoryUsage of job (MB)
	62780  -  ResidentSetSize of job (KB)
...
006 (16579330.005.000) 02/09 19:15:35 Image size of job updated: 62780
	62  -  MemoryUsage of job (MB)
	62792  -  ResidentSetSize of job (KB)
...
040 (16579330.005.000) 02/09 19:15:35 Started transferring output files
...
040 (16579330.005.000) 02/09 19:15:36 Finished transferring output files
...
005 (16579330.005.000) 02/09 19:15:36 Job terminated.
	(1) Normal termination (return value 0)
		Usr 0 00:00:09, Sys 0 00:00:01  -  Run Remote Usage
		Usr 0 00:00:00, Sys 0 00:00:00  -  Run Local Usage
		Usr 0 00:00:09, Sys 0 00:00:01  -  Total Remote Usage
		Usr 0 00:00:00, Sys 0 00:00:00  -  Total Local Usage
	23851  -  Run Bytes Sent By Job
	10424  -  Run Bytes Received By Job
	23851  -  Total Bytes Sent By Job
	10424  -  Total Bytes Received By Job
	Partitionable Resources :    Usage  Request Allocated 
	   Cpus                 :        0        1         1 
	   Disk (KB)            :       58       12      3861 
	   GPUs                 :                           0 
	   Memory (MB)          :       62     3000      3000 

	Job terminated of its own accord at 2025-02-09T18:15:34Z with exit-code 0.
...
