000 (16579322.008.000) 02/09 19:05:38 Job submitted from host: <188.185.72.155:9618?addrs=188.185.72.155-9618+[2001-1458-d00-8--100-95]-9618&alias=bigbird08.cern.ch&noUDP&sock=schedd_862983_22fa>
...
040 (16579322.008.000) 02/09 19:07:27 Started transferring input files
	Transferring to host: <188.185.193.13:9618?addrs=188.185.193.13-9618+[2001-1458-303-20--100-9]-9618&alias=b9p19p6329.cern.ch&noUDP&sock=slot1_11_1960192_5758_84214>
...
040 (16579322.008.000) 02/09 19:07:27 Finished transferring input files
...
001 (16579322.008.000) 02/09 19:07:28 Job executing on host: <188.185.193.13:9618?addrs=188.185.193.13-9618+[2001-1458-303-20--100-9]-9618&alias=b9p19p6329.cern.ch&noUDP&sock=startd_5191_2c36>
	SlotName: slot1_11@b9p19p6329.cern.ch
	CondorScratchDir = "/pool/condor/dir_132225"
	Cpus = 1
	Disk = 3907
	GPUs = 0
	Memory = 3000
...
006 (16579322.008.000) 02/09 19:07:36 Image size of job updated: 1896
	2  -  MemoryUsage of job (MB)
	1896  -  ResidentSetSize of job (KB)
...
006 (16579322.008.000) 02/09 19:08:27 Image size of job updated: 56516
	56  -  MemoryUsage of job (MB)
	56516  -  ResidentSetSize of job (KB)
...
040 (16579322.008.000) 02/09 19:08:27 Started transferring output files
...
040 (16579322.008.000) 02/09 19:08:27 Finished transferring output files
...
005 (16579322.008.000) 02/09 19:08:27 Job terminated.
	(1) Normal termination (return value 0)
		Usr 0 00:00:10, Sys 0 00:00:01  -  Run Remote Usage
		Usr 0 00:00:00, Sys 0 00:00:00  -  Run Local Usage
		Usr 0 00:00:10, Sys 0 00:00:01  -  Total Remote Usage
		Usr 0 00:00:00, Sys 0 00:00:00  -  Total Local Usage
	23737  -  Run Bytes Sent By Job
	10424  -  Run Bytes Received By Job
	23737  -  Total Bytes Sent By Job
	10424  -  Total Bytes Received By Job
	Partitionable Resources :    Usage  Request Allocated 
	   Cpus                 :        0        1         1 
	   Disk (KB)            :       59       12      3907 
	   GPUs                 :                           0 
	   Memory (MB)          :       56     3000      3000 

	Job terminated of its own accord at 2025-02-09T18:08:27Z with exit-code 0.
...
000 (16579327.008.000) 02/09 19:13:40 Job submitted from host: <188.185.72.155:9618?addrs=188.185.72.155-9618+[2001-1458-d00-8--100-95]-9618&alias=bigbird08.cern.ch&noUDP&sock=schedd_862983_22fa>
...
040 (16579327.008.000) 02/09 19:14:37 Started transferring input files
	Transferring to host: <188.185.193.125:9618?addrs=188.185.193.125-9618+[2001-1458-303-20--100-79]-9618&alias=b9p19p7400.cern.ch&noUDP&sock=slot1_23_2946261_27da_11560>
...
040 (16579327.008.000) 02/09 19:14:37 Finished transferring input files
...
001 (16579327.008.000) 02/09 19:14:38 Job executing on host: <188.185.193.125:9618?addrs=188.185.193.125-9618+[2001-1458-303-20--100-79]-9618&alias=b9p19p7400.cern.ch&noUDP&sock=startd_8975_ae95>
	SlotName: slot1_23@b9p19p7400.cern.ch
	CondorScratchDir = "/pool/condor/dir_1603335"
	Cpus = 1
	Disk = 3871
	GPUs = 0
	Memory = 3000
...
006 (16579327.008.000) 02/09 19:14:46 Image size of job updated: 73992
	73  -  MemoryUsage of job (MB)
	73992  -  ResidentSetSize of job (KB)
...
040 (16579327.008.000) 02/09 19:14:59 Started transferring output files
...
040 (16579327.008.000) 02/09 19:14:59 Finished transferring output files
...
005 (16579327.008.000) 02/09 19:14:59 Job terminated.
	(1) Normal termination (return value 0)
		Usr 0 00:00:08, Sys 0 00:00:00  -  Run Remote Usage
		Usr 0 00:00:00, Sys 0 00:00:00  -  Run Local Usage
		Usr 0 00:00:08, Sys 0 00:00:00  -  Total Remote Usage
		Usr 0 00:00:00, Sys 0 00:00:00  -  Total Local Usage
	23737  -  Run Bytes Sent By Job
	10424  -  Run Bytes Received By Job
	23737  -  Total Bytes Sent By Job
	10424  -  Total Bytes Received By Job
	Partitionable Resources :    Usage  Request Allocated 
	   Cpus                 :        0        1         1 
	   Disk (KB)            :       59       12      3871 
	   GPUs                 :                           0 
	   Memory (MB)          :       73     3000      3000 

	Job terminated of its own accord at 2025-02-09T18:14:59Z with exit-code 0.
...
