Submit jobs at 
PWD: /afs/cern.ch/user/v/vpant/pprefanalysis

Processing Track_Analyzer.C("input/ppref2024/20250209/pprefzerobiasplusforward3_set1_16.txt","/eos/user/v/vpant/ppref2024/ppref2024outputfiles/pprefzerobiasplusforward3_set1_16.root",0,0)...
List of input files founded! --> input/ppref2024/20250209/pprefzerobiasplusforward3_set1_16.txt
list operator is /eos/cms/store/group/phys_heavyions/vpant/ppref2024output/PPRefZeroBiasPlusForward3/crab_ppref2024/250203_013520/0000/HiForestMiniAOD_775.root
Adding file /eos/cms/store/group/phys_heavyions/vpant/ppref2024output/PPRefZeroBiasPlusForward3/crab_ppref2024/250203_013520/0000/HiForestMiniAOD_775.root to the chains
list operator is /eos/cms/store/group/phys_heavyions/vpant/ppref2024output/PPRefZeroBiasPlusForward3/crab_ppref2024/250203_013520/0000/HiForestMiniAOD_776.root
Adding file /eos/cms/store/group/phys_heavyions/vpant/ppref2024output/PPRefZeroBiasPlusForward3/crab_ppref2024/250203_013520/0000/HiForestMiniAOD_776.root to the chains
list operator is /eos/cms/store/group/phys_heavyions/vpant/ppref2024output/PPRefZeroBiasPlusForward3/crab_ppref2024/250203_013520/0000/HiForestMiniAOD_777.root
Adding file /eos/cms/store/group/phys_heavyions/vpant/ppref2024output/PPRefZeroBiasPlusForward3/crab_ppref2024/250203_013520/0000/HiForestMiniAOD_777.root to the chains
list operator is /eos/cms/store/group/phys_heavyions/vpant/ppref2024output/PPRefZeroBiasPlusForward3/crab_ppref2024/250203_013520/0000/HiForestMiniAOD_778.root
Adding file /eos/cms/store/group/phys_heavyions/vpant/ppref2024output/PPRefZeroBiasPlusForward3/crab_ppref2024/250203_013520/0000/HiForestMiniAOD_778.root to the chains
list operator is /eos/cms/store/group/phys_heavyions/vpant/ppref2024output/PPRefZeroBiasPlusForward3/crab_ppref2024/250203_013520/0000/HiForestMiniAOD_779.root
Adding file /eos/cms/store/group/phys_heavyions/vpant/ppref2024output/PPRefZeroBiasPlusForward3/crab_ppref2024/250203_013520/0000/HiForestMiniAOD_779.root to the chains
list operator is /eos/cms/store/group/phys_heavyions/vpant/ppref2024output/PPRefZeroBiasPlusForward3/crab_ppref2024/250203_013520/0000/HiForestMiniAOD_78.root
Adding file /eos/cms/store/group/phys_heavyions/vpant/ppref2024output/PPRefZeroBiasPlusForward3/crab_ppref2024/250203_013520/0000/HiForestMiniAOD_78.root to the chains
list operator is /eos/cms/store/group/phys_heavyions/vpant/ppref2024output/PPRefZeroBiasPlusForward3/crab_ppref2024/250203_013520/0000/HiForestMiniAOD_780.root
Adding file /eos/cms/store/group/phys_heavyions/vpant/ppref2024output/PPRefZeroBiasPlusForward3/crab_ppref2024/250203_013520/0000/HiForestMiniAOD_780.root to the chains
list operator is /eos/cms/store/group/phys_heavyions/vpant/ppref2024output/PPRefZeroBiasPlusForward3/crab_ppref2024/250203_013520/0000/HiForestMiniAOD_781.root
Adding file /eos/cms/store/group/phys_heavyions/vpant/ppref2024output/PPRefZeroBiasPlusForward3/crab_ppref2024/250203_013520/0000/HiForestMiniAOD_781.root to the chains
list operator is /eos/cms/store/group/phys_heavyions/vpant/ppref2024output/PPRefZeroBiasPlusForward3/crab_ppref2024/250203_013520/0000/HiForestMiniAOD_782.root
Adding file /eos/cms/store/group/phys_heavyions/vpant/ppref2024output/PPRefZeroBiasPlusForward3/crab_ppref2024/250203_013520/0000/HiForestMiniAOD_782.root to the chains
list operator is /eos/cms/store/group/phys_heavyions/vpant/ppref2024output/PPRefZeroBiasPlusForward3/crab_ppref2024/250203_013520/0000/HiForestMiniAOD_783.root
Adding file /eos/cms/store/group/phys_heavyions/vpant/ppref2024output/PPRefZeroBiasPlusForward3/crab_ppref2024/250203_013520/0000/HiForestMiniAOD_783.root to the chains
list operator is /eos/cms/store/group/phys_heavyions/vpant/ppref2024output/PPRefZeroBiasPlusForward3/crab_ppref2024/250203_013520/0000/HiForestMiniAOD_784.root
Adding file /eos/cms/store/group/phys_heavyions/vpant/ppref2024output/PPRefZeroBiasPlusForward3/crab_ppref2024/250203_013520/0000/HiForestMiniAOD_784.root to the chains
list operator is /eos/cms/store/group/phys_heavyions/vpant/ppref2024output/PPRefZeroBiasPlusForward3/crab_ppref2024/250203_013520/0000/HiForestMiniAOD_785.root
Adding file /eos/cms/store/group/phys_heavyions/vpant/ppref2024output/PPRefZeroBiasPlusForward3/crab_ppref2024/250203_013520/0000/HiForestMiniAOD_785.root to the chains
list operator is /eos/cms/store/group/phys_heavyions/vpant/ppref2024output/PPRefZeroBiasPlusForward3/crab_ppref2024/250203_013520/0000/HiForestMiniAOD_786.root
Adding file /eos/cms/store/group/phys_heavyions/vpant/ppref2024output/PPRefZeroBiasPlusForward3/crab_ppref2024/250203_013520/0000/HiForestMiniAOD_786.root to the chains
list operator is /eos/cms/store/group/phys_heavyions/vpant/ppref2024output/PPRefZeroBiasPlusForward3/crab_ppref2024/250203_013520/0000/HiForestMiniAOD_787.root
Adding file /eos/cms/store/group/phys_heavyions/vpant/ppref2024output/PPRefZeroBiasPlusForward3/crab_ppref2024/250203_013520/0000/HiForestMiniAOD_787.root to the chains
list operator is /eos/cms/store/group/phys_heavyions/vpant/ppref2024output/PPRefZeroBiasPlusForward3/crab_ppref2024/250203_013520/0000/HiForestMiniAOD_788.root
Adding file /eos/cms/store/group/phys_heavyions/vpant/ppref2024output/PPRefZeroBiasPlusForward3/crab_ppref2024/250203_013520/0000/HiForestMiniAOD_788.root to the chains
list operator is /eos/cms/store/group/phys_heavyions/vpant/ppref2024output/PPRefZeroBiasPlusForward3/crab_ppref2024/250203_013520/0000/HiForestMiniAOD_789.root
Adding file /eos/cms/store/group/phys_heavyions/vpant/ppref2024output/PPRefZeroBiasPlusForward3/crab_ppref2024/250203_013520/0000/HiForestMiniAOD_789.root to the chains
list operator is /eos/cms/store/group/phys_heavyions/vpant/ppref2024output/PPRefZeroBiasPlusForward3/crab_ppref2024/250203_013520/0000/HiForestMiniAOD_79.root
Adding file /eos/cms/store/group/phys_heavyions/vpant/ppref2024output/PPRefZeroBiasPlusForward3/crab_ppref2024/250203_013520/0000/HiForestMiniAOD_79.root to the chains
list operator is /eos/cms/store/group/phys_heavyions/vpant/ppref2024output/PPRefZeroBiasPlusForward3/crab_ppref2024/250203_013520/0000/HiForestMiniAOD_790.root
Adding file /eos/cms/store/group/phys_heavyions/vpant/ppref2024output/PPRefZeroBiasPlusForward3/crab_ppref2024/250203_013520/0000/HiForestMiniAOD_790.root to the chains
list operator is /eos/cms/store/group/phys_heavyions/vpant/ppref2024output/PPRefZeroBiasPlusForward3/crab_ppref2024/250203_013520/0000/HiForestMiniAOD_791.root
Adding file /eos/cms/store/group/phys_heavyions/vpant/ppref2024output/PPRefZeroBiasPlusForward3/crab_ppref2024/250203_013520/0000/HiForestMiniAOD_791.root to the chains
list operator is /eos/cms/store/group/phys_heavyions/vpant/ppref2024output/PPRefZeroBiasPlusForward3/crab_ppref2024/250203_013520/0000/HiForestMiniAOD_792.root
Adding file /eos/cms/store/group/phys_heavyions/vpant/ppref2024output/PPRefZeroBiasPlusForward3/crab_ppref2024/250203_013520/0000/HiForestMiniAOD_792.root to the chains
list operator is /eos/cms/store/group/phys_heavyions/vpant/ppref2024output/PPRefZeroBiasPlusForward3/crab_ppref2024/250203_013520/0000/HiForestMiniAOD_793.root
Adding file /eos/cms/store/group/phys_heavyions/vpant/ppref2024output/PPRefZeroBiasPlusForward3/crab_ppref2024/250203_013520/0000/HiForestMiniAOD_793.root to the chains
list operator is /eos/cms/store/group/phys_heavyions/vpant/ppref2024output/PPRefZeroBiasPlusForward3/crab_ppref2024/250203_013520/0000/HiForestMiniAOD_794.root
Adding file /eos/cms/store/group/phys_heavyions/vpant/ppref2024output/PPRefZeroBiasPlusForward3/crab_ppref2024/250203_013520/0000/HiForestMiniAOD_794.root to the chains
list operator is /eos/cms/store/group/phys_heavyions/vpant/ppref2024output/PPRefZeroBiasPlusForward3/crab_ppref2024/250203_013520/0000/HiForestMiniAOD_795.root
Adding file /eos/cms/store/group/phys_heavyions/vpant/ppref2024output/PPRefZeroBiasPlusForward3/crab_ppref2024/250203_013520/0000/HiForestMiniAOD_795.root to the chains
list operator is /eos/cms/store/group/phys_heavyions/vpant/ppref2024output/PPRefZeroBiasPlusForward3/crab_ppref2024/250203_013520/0000/HiForestMiniAOD_796.root
Adding file /eos/cms/store/group/phys_heavyions/vpant/ppref2024output/PPRefZeroBiasPlusForward3/crab_ppref2024/250203_013520/0000/HiForestMiniAOD_796.root to the chains
list operator is /eos/cms/store/group/phys_heavyions/vpant/ppref2024output/PPRefZeroBiasPlusForward3/crab_ppref2024/250203_013520/0000/HiForestMiniAOD_797.root
Adding file /eos/cms/store/group/phys_heavyions/vpant/ppref2024output/PPRefZeroBiasPlusForward3/crab_ppref2024/250203_013520/0000/HiForestMiniAOD_797.root to the chains
list operator is /eos/cms/store/group/phys_heavyions/vpant/ppref2024output/PPRefZeroBiasPlusForward3/crab_ppref2024/250203_013520/0000/HiForestMiniAOD_798.root
Adding file /eos/cms/store/group/phys_heavyions/vpant/ppref2024output/PPRefZeroBiasPlusForward3/crab_ppref2024/250203_013520/0000/HiForestMiniAOD_798.root to the chains
list operator is /eos/cms/store/group/phys_heavyions/vpant/ppref2024output/PPRefZeroBiasPlusForward3/crab_ppref2024/250203_013520/0000/HiForestMiniAOD_799.root
Adding file /eos/cms/store/group/phys_heavyions/vpant/ppref2024output/PPRefZeroBiasPlusForward3/crab_ppref2024/250203_013520/0000/HiForestMiniAOD_799.root to the chains
list operator is /eos/cms/store/group/phys_heavyions/vpant/ppref2024output/PPRefZeroBiasPlusForward3/crab_ppref2024/250203_013520/0000/HiForestMiniAOD_8.root
Adding file /eos/cms/store/group/phys_heavyions/vpant/ppref2024output/PPRefZeroBiasPlusForward3/crab_ppref2024/250203_013520/0000/HiForestMiniAOD_8.root to the chains
list operator is /eos/cms/store/group/phys_heavyions/vpant/ppref2024output/PPRefZeroBiasPlusForward3/crab_ppref2024/250203_013520/0000/HiForestMiniAOD_80.root
Adding file /eos/cms/store/group/phys_heavyions/vpant/ppref2024output/PPRefZeroBiasPlusForward3/crab_ppref2024/250203_013520/0000/HiForestMiniAOD_80.root to the chains
list operator is /eos/cms/store/group/phys_heavyions/vpant/ppref2024output/PPRefZeroBiasPlusForward3/crab_ppref2024/250203_013520/0000/HiForestMiniAOD_800.root
Adding file /eos/cms/store/group/phys_heavyions/vpant/ppref2024output/PPRefZeroBiasPlusForward3/crab_ppref2024/250203_013520/0000/HiForestMiniAOD_800.root to the chains
list operator is /eos/cms/store/group/phys_heavyions/vpant/ppref2024output/PPRefZeroBiasPlusForward3/crab_ppref2024/250203_013520/0000/HiForestMiniAOD_801.root
Adding file /eos/cms/store/group/phys_heavyions/vpant/ppref2024output/PPRefZeroBiasPlusForward3/crab_ppref2024/250203_013520/0000/HiForestMiniAOD_801.root to the chains
list operator is /eos/cms/store/group/phys_heavyions/vpant/ppref2024output/PPRefZeroBiasPlusForward3/crab_ppref2024/250203_013520/0000/HiForestMiniAOD_802.root
Adding file /eos/cms/store/group/phys_heavyions/vpant/ppref2024output/PPRefZeroBiasPlusForward3/crab_ppref2024/250203_013520/0000/HiForestMiniAOD_802.root to the chains
list operator is /eos/cms/store/group/phys_heavyions/vpant/ppref2024output/PPRefZeroBiasPlusForward3/crab_ppref2024/250203_013520/0000/HiForestMiniAOD_803.root
Adding file /eos/cms/store/group/phys_heavyions/vpant/ppref2024output/PPRefZeroBiasPlusForward3/crab_ppref2024/250203_013520/0000/HiForestMiniAOD_803.root to the chains
list operator is /eos/cms/store/group/phys_heavyions/vpant/ppref2024output/PPRefZeroBiasPlusForward3/crab_ppref2024/250203_013520/0000/HiForestMiniAOD_804.root
Adding file /eos/cms/store/group/phys_heavyions/vpant/ppref2024output/PPRefZeroBiasPlusForward3/crab_ppref2024/250203_013520/0000/HiForestMiniAOD_804.root to the chains
list operator is /eos/cms/store/group/phys_heavyions/vpant/ppref2024output/PPRefZeroBiasPlusForward3/crab_ppref2024/250203_013520/0000/HiForestMiniAOD_805.root
Adding file /eos/cms/store/group/phys_heavyions/vpant/ppref2024output/PPRefZeroBiasPlusForward3/crab_ppref2024/250203_013520/0000/HiForestMiniAOD_805.root to the chains
list operator is /eos/cms/store/group/phys_heavyions/vpant/ppref2024output/PPRefZeroBiasPlusForward3/crab_ppref2024/250203_013520/0000/HiForestMiniAOD_806.root
Adding file /eos/cms/store/group/phys_heavyions/vpant/ppref2024output/PPRefZeroBiasPlusForward3/crab_ppref2024/250203_013520/0000/HiForestMiniAOD_806.root to the chains
list operator is /eos/cms/store/group/phys_heavyions/vpant/ppref2024output/PPRefZeroBiasPlusForward3/crab_ppref2024/250203_013520/0000/HiForestMiniAOD_807.root
Adding file /eos/cms/store/group/phys_heavyions/vpant/ppref2024output/PPRefZeroBiasPlusForward3/crab_ppref2024/250203_013520/0000/HiForestMiniAOD_807.root to the chains
list operator is /eos/cms/store/group/phys_heavyions/vpant/ppref2024output/PPRefZeroBiasPlusForward3/crab_ppref2024/250203_013520/0000/HiForestMiniAOD_808.root
Adding file /eos/cms/store/group/phys_heavyions/vpant/ppref2024output/PPRefZeroBiasPlusForward3/crab_ppref2024/250203_013520/0000/HiForestMiniAOD_808.root to the chains
list operator is /eos/cms/store/group/phys_heavyions/vpant/ppref2024output/PPRefZeroBiasPlusForward3/crab_ppref2024/250203_013520/0000/HiForestMiniAOD_809.root
Adding file /eos/cms/store/group/phys_heavyions/vpant/ppref2024output/PPRefZeroBiasPlusForward3/crab_ppref2024/250203_013520/0000/HiForestMiniAOD_809.root to the chains
list operator is /eos/cms/store/group/phys_heavyions/vpant/ppref2024output/PPRefZeroBiasPlusForward3/crab_ppref2024/250203_013520/0000/HiForestMiniAOD_81.root
Adding file /eos/cms/store/group/phys_heavyions/vpant/ppref2024output/PPRefZeroBiasPlusForward3/crab_ppref2024/250203_013520/0000/HiForestMiniAOD_81.root to the chains
list operator is /eos/cms/store/group/phys_heavyions/vpant/ppref2024output/PPRefZeroBiasPlusForward3/crab_ppref2024/250203_013520/0000/HiForestMiniAOD_810.root
Adding file /eos/cms/store/group/phys_heavyions/vpant/ppref2024output/PPRefZeroBiasPlusForward3/crab_ppref2024/250203_013520/0000/HiForestMiniAOD_810.root to the chains
list operator is /eos/cms/store/group/phys_heavyions/vpant/ppref2024output/PPRefZeroBiasPlusForward3/crab_ppref2024/250203_013520/0000/HiForestMiniAOD_811.root
Adding file /eos/cms/store/group/phys_heavyions/vpant/ppref2024output/PPRefZeroBiasPlusForward3/crab_ppref2024/250203_013520/0000/HiForestMiniAOD_811.root to the chains
list operator is /eos/cms/store/group/phys_heavyions/vpant/ppref2024output/PPRefZeroBiasPlusForward3/crab_ppref2024/250203_013520/0000/HiForestMiniAOD_812.root
Adding file /eos/cms/store/group/phys_heavyions/vpant/ppref2024output/PPRefZeroBiasPlusForward3/crab_ppref2024/250203_013520/0000/HiForestMiniAOD_812.root to the chains
list operator is /eos/cms/store/group/phys_heavyions/vpant/ppref2024output/PPRefZeroBiasPlusForward3/crab_ppref2024/250203_013520/0000/HiForestMiniAOD_813.root
Adding file /eos/cms/store/group/phys_heavyions/vpant/ppref2024output/PPRefZeroBiasPlusForward3/crab_ppref2024/250203_013520/0000/HiForestMiniAOD_813.root to the chains
list operator is /eos/cms/store/group/phys_heavyions/vpant/ppref2024output/PPRefZeroBiasPlusForward3/crab_ppref2024/250203_013520/0000/HiForestMiniAOD_814.root
Adding file /eos/cms/store/group/phys_heavyions/vpant/ppref2024output/PPRefZeroBiasPlusForward3/crab_ppref2024/250203_013520/0000/HiForestMiniAOD_814.root to the chains
list operator is /eos/cms/store/group/phys_heavyions/vpant/ppref2024output/PPRefZeroBiasPlusForward3/crab_ppref2024/250203_013520/0000/HiForestMiniAOD_815.root
Adding file /eos/cms/store/group/phys_heavyions/vpant/ppref2024output/PPRefZeroBiasPlusForward3/crab_ppref2024/250203_013520/0000/HiForestMiniAOD_815.root to the chains
list operator is /eos/cms/store/group/phys_heavyions/vpant/ppref2024output/PPRefZeroBiasPlusForward3/crab_ppref2024/250203_013520/0000/HiForestMiniAOD_816.root
Adding file /eos/cms/store/group/phys_heavyions/vpant/ppref2024output/PPRefZeroBiasPlusForward3/crab_ppref2024/250203_013520/0000/HiForestMiniAOD_816.root to the chains
list operator is /eos/cms/store/group/phys_heavyions/vpant/ppref2024output/PPRefZeroBiasPlusForward3/crab_ppref2024/250203_013520/0000/HiForestMiniAOD_817.root
Adding file /eos/cms/store/group/phys_heavyions/vpant/ppref2024output/PPRefZeroBiasPlusForward3/crab_ppref2024/250203_013520/0000/HiForestMiniAOD_817.root to the chains
list operator is /eos/cms/store/group/phys_heavyions/vpant/ppref2024output/PPRefZeroBiasPlusForward3/crab_ppref2024/250203_013520/0000/HiForestMiniAOD_818.root
Adding file /eos/cms/store/group/phys_heavyions/vpant/ppref2024output/PPRefZeroBiasPlusForward3/crab_ppref2024/250203_013520/0000/HiForestMiniAOD_818.root to the chains
list operator is /eos/cms/store/group/phys_heavyions/vpant/ppref2024output/PPRefZeroBiasPlusForward3/crab_ppref2024/250203_013520/0000/HiForestMiniAOD_819.root
Adding file /eos/cms/store/group/phys_heavyions/vpant/ppref2024output/PPRefZeroBiasPlusForward3/crab_ppref2024/250203_013520/0000/HiForestMiniAOD_819.root to the chains
Total number of events in those files: 7950

-------------------------------------------------
0 events passed 
finished