000 (16579324.012.000) 02/09 19:06:07 Job submitted from host: <188.185.72.155:9618?addrs=188.185.72.155-9618+[2001-1458-d00-8--100-95]-9618&alias=bigbird08.cern.ch&noUDP&sock=schedd_862983_22fa>
...
040 (16579324.012.000) 02/09 19:07:39 Started transferring input files
	Transferring to host: <128.142.192.200:9618?addrs=128.142.192.200-9618+[2001-1458-301-56--100-44]-9618&alias=b9g18p0307.cern.ch&noUDP&sock=slot1_29_3711609_0eec_80606>
...
040 (16579324.012.000) 02/09 19:07:39 Finished transferring input files
...
001 (16579324.012.000) 02/09 19:07:40 Job executing on host: <128.142.192.200:9618?addrs=128.142.192.200-9618+[2001-1458-301-56--100-44]-9618&alias=b9g18p0307.cern.ch&noUDP&sock=startd_3989_b360>
	SlotName: slot1_29@b9g18p0307.cern.ch
	CondorScratchDir = "/pool/condor/dir_1722360"
	Cpus = 1
	Disk = 3905
	GPUs = 0
	Memory = 3000
...
006 (16579324.012.000) 02/09 19:07:48 Image size of job updated: 63208
	62  -  MemoryUsage of job (MB)
	63208  -  ResidentSetSize of job (KB)
...
040 (16579324.012.000) 02/09 19:08:05 Started transferring output files
...
040 (16579324.012.000) 02/09 19:08:05 Finished transferring output files
...
005 (16579324.012.000) 02/09 19:08:05 Job terminated.
	(1) Normal termination (return value 0)
		Usr 0 00:00:05, Sys 0 00:00:00  -  Run Remote Usage
		Usr 0 00:00:00, Sys 0 00:00:00  -  Run Local Usage
		Usr 0 00:00:05, Sys 0 00:00:00  -  Total Remote Usage
		Usr 0 00:00:00, Sys 0 00:00:00  -  Total Local Usage
	23854  -  Run Bytes Sent By Job
	10424  -  Run Bytes Received By Job
	23854  -  Total Bytes Sent By Job
	10424  -  Total Bytes Received By Job
	Partitionable Resources :    Usage  Request Allocated 
	   Cpus                 :     0.35        1         1 
	   Disk (KB)            :    58          12      3905 
	   GPUs                 :                           0 
	   Memory (MB)          :    62        3000      3000 

	Job terminated of its own accord at 2025-02-09T18:08:05Z with exit-code 0.
...
000 (16579329.012.000) 02/09 19:13:50 Job submitted from host: <188.185.72.155:9618?addrs=188.185.72.155-9618+[2001-1458-d00-8--100-95]-9618&alias=bigbird08.cern.ch&noUDP&sock=schedd_862983_22fa>
...
040 (16579329.012.000) 02/09 19:14:51 Started transferring input files
	Transferring to host: <128.142.132.30:9618?addrs=128.142.132.30-9618+[2001-1458-301-5a--100-12]-9618&alias=b9g12p1169.cern.ch&noUDP&sock=slot1_4_1172158_196a_91599>
...
040 (16579329.012.000) 02/09 19:14:51 Finished transferring input files
...
001 (16579329.012.000) 02/09 19:14:52 Job executing on host: <128.142.132.30:9618?addrs=128.142.132.30-9618+[2001-1458-301-5a--100-12]-9618&alias=b9g12p1169.cern.ch&noUDP&sock=startd_2423_8e10>
	SlotName: slot1_4@b9g12p1169.cern.ch
	CondorScratchDir = "/pool/condor/dir_83562"
	Cpus = 1
	Disk = 2711
	GPUs = 0
	Memory = 3000
...
006 (16579329.012.000) 02/09 19:15:01 Image size of job updated: 80808
	79  -  MemoryUsage of job (MB)
	80808  -  ResidentSetSize of job (KB)
...
040 (16579329.012.000) 02/09 19:15:28 Started transferring output files
...
040 (16579329.012.000) 02/09 19:15:28 Finished transferring output files
...
005 (16579329.012.000) 02/09 19:15:28 Job terminated.
	(1) Normal termination (return value 0)
		Usr 0 00:00:10, Sys 0 00:00:01  -  Run Remote Usage
		Usr 0 00:00:00, Sys 0 00:00:00  -  Run Local Usage
		Usr 0 00:00:10, Sys 0 00:00:01  -  Total Remote Usage
		Usr 0 00:00:00, Sys 0 00:00:00  -  Total Local Usage
	23854  -  Run Bytes Sent By Job
	10424  -  Run Bytes Received By Job
	23854  -  Total Bytes Sent By Job
	10424  -  Total Bytes Received By Job
	Partitionable Resources :    Usage  Request Allocated 
	   Cpus                 :        0        1         1 
	   Disk (KB)            :       59       12      2711 
	   GPUs                 :                           0 
	   Memory (MB)          :       79     3000      3000 

	Job terminated of its own accord at 2025-02-09T18:15:28Z with exit-code 0.
...
