000 (16579324.001.000) 02/09 19:06:07 Job submitted from host: <188.185.72.155:9618?addrs=188.185.72.155-9618+[2001-1458-d00-8--100-95]-9618&alias=bigbird08.cern.ch&noUDP&sock=schedd_862983_22fa>
...
040 (16579324.001.000) 02/09 19:07:38 Started transferring input files
	Transferring to host: <188.185.194.107:9618?addrs=188.185.194.107-9618+[2001-1458-303-21--100-67]-9618&alias=b9p20p3190.cern.ch&noUDP&sock=slot1_18_3589674_d1ee_5391>
...
040 (16579324.001.000) 02/09 19:07:38 Finished transferring input files
...
001 (16579324.001.000) 02/09 19:07:39 Job executing on host: <188.185.194.107:9618?addrs=188.185.194.107-9618+[2001-1458-303-21--100-67]-9618&alias=b9p20p3190.cern.ch&noUDP&sock=startd_7105_047b>
	SlotName: slot1_18@b9p20p3190.cern.ch
	CondorScratchDir = "/pool/condor/dir_2337664"
	Cpus = 1
	Disk = 3944
	GPUs = 0
	Memory = 3000
...
006 (16579324.001.000) 02/09 19:07:48 Image size of job updated: 1900
	2  -  MemoryUsage of job (MB)
	1900  -  ResidentSetSize of job (KB)
...
040 (16579324.001.000) 02/09 19:08:30 Started transferring output files
...
040 (16579324.001.000) 02/09 19:08:30 Finished transferring output files
...
005 (16579324.001.000) 02/09 19:08:30 Job terminated.
	(1) Normal termination (return value 0)
		Usr 0 00:00:08, Sys 0 00:00:00  -  Run Remote Usage
		Usr 0 00:00:00, Sys 0 00:00:00  -  Run Local Usage
		Usr 0 00:00:08, Sys 0 00:00:00  -  Total Remote Usage
		Usr 0 00:00:00, Sys 0 00:00:00  -  Total Local Usage
	23851  -  Run Bytes Sent By Job
	10424  -  Run Bytes Received By Job
	23851  -  Total Bytes Sent By Job
	10424  -  Total Bytes Received By Job
	Partitionable Resources :    Usage  Request Allocated 
	   Cpus                 :        0        1         1 
	   Disk (KB)            :       58       12      3944 
	   GPUs                 :                           0 
	   Memory (MB)          :        2     3000      3000 

	Job terminated of its own accord at 2025-02-09T18:08:30Z with exit-code 0.
...
000 (16579329.001.000) 02/09 19:13:50 Job submitted from host: <188.185.72.155:9618?addrs=188.185.72.155-9618+[2001-1458-d00-8--100-95]-9618&alias=bigbird08.cern.ch&noUDP&sock=schedd_862983_22fa>
...
040 (16579329.001.000) 02/09 19:14:47 Started transferring input files
	Transferring to host: <188.185.194.33:9618?addrs=188.185.194.33-9618+[2001-1458-303-21--100-1d]-9618&alias=b9p20p5315.cern.ch&noUDP&sock=slot1_7_8212_d8c7_108779>
...
040 (16579329.001.000) 02/09 19:14:47 Finished transferring input files
...
001 (16579329.001.000) 02/09 19:14:48 Job executing on host: <188.185.194.33:9618?addrs=188.185.194.33-9618+[2001-1458-303-21--100-1d]-9618&alias=b9p20p5315.cern.ch&noUDP&sock=startd_6864_b628>
	SlotName: slot1_7@b9p20p5315.cern.ch
	CondorScratchDir = "/pool/condor/dir_1791"
	Cpus = 1
	Disk = 3845
	GPUs = 0
	Memory = 3000
...
006 (16579329.001.000) 02/09 19:14:56 Image size of job updated: 109592
	108  -  MemoryUsage of job (MB)
	109592  -  ResidentSetSize of job (KB)
...
040 (16579329.001.000) 02/09 19:15:11 Started transferring output files
...
040 (16579329.001.000) 02/09 19:15:11 Finished transferring output files
...
005 (16579329.001.000) 02/09 19:15:11 Job terminated.
	(1) Normal termination (return value 0)
		Usr 0 00:00:05, Sys 0 00:00:00  -  Run Remote Usage
		Usr 0 00:00:00, Sys 0 00:00:00  -  Run Local Usage
		Usr 0 00:00:05, Sys 0 00:00:00  -  Total Remote Usage
		Usr 0 00:00:00, Sys 0 00:00:00  -  Total Local Usage
	23851  -  Run Bytes Sent By Job
	10424  -  Run Bytes Received By Job
	23851  -  Total Bytes Sent By Job
	10424  -  Total Bytes Received By Job
	Partitionable Resources :    Usage  Request Allocated 
	   Cpus                 :        0        1         1 
	   Disk (KB)            :       59       12      3845 
	   GPUs                 :                           0 
	   Memory (MB)          :      108     3000      3000 

	Job terminated of its own accord at 2025-02-09T18:15:11Z with exit-code 0.
...
