000 (16630220.111.000) 02/18 00:26:50 Job submitted from host: <188.185.72.155:9618?addrs=188.185.72.155-9618+[2001-1458-d00-8--100-95]-9618&alias=bigbird08.cern.ch&noUDP&sock=schedd_862983_22fa>
...
040 (16630220.111.000) 02/18 00:42:48 Started transferring input files
	Transferring to host: <188.185.213.145:9618?addrs=188.185.213.145-9618+[2001-1458-303-1b--100-d]-9618&alias=b9p28p6428.cern.ch&noUDP&sock=slot1_12_4076881_39f2_31616>
...
040 (16630220.111.000) 02/18 00:42:48 Finished transferring input files
...
001 (16630220.111.000) 02/18 00:42:49 Job executing on host: <188.185.213.145:9618?addrs=188.185.213.145-9618+[2001-1458-303-1b--100-d]-9618&alias=b9p28p6428.cern.ch&noUDP&sock=startd_2909_e917>
	SlotName: slot1_12@b9p28p6428.cern.ch
	CondorScratchDir = "/pool/condor/dir_3045522"
	Cpus = 1
	Disk = 3771
	GPUs = 0
	Memory = 3000
...
006 (16630220.111.000) 02/18 00:42:58 Image size of job updated: 145688
	143  -  MemoryUsage of job (MB)
	145688  -  ResidentSetSize of job (KB)
...
006 (16630220.111.000) 02/18 00:47:59 Image size of job updated: 383792
	375  -  MemoryUsage of job (MB)
	383792  -  ResidentSetSize of job (KB)
...
006 (16630220.111.000) 02/18 00:53:00 Image size of job updated: 387932
	379  -  MemoryUsage of job (MB)
	387932  -  ResidentSetSize of job (KB)
...
006 (16630220.111.000) 02/18 00:58:00 Image size of job updated: 392872
	384  -  MemoryUsage of job (MB)
	392872  -  ResidentSetSize of job (KB)
...
040 (16630220.111.000) 02/18 01:31:23 Started transferring output files
...
040 (16630220.111.000) 02/18 01:31:23 Finished transferring output files
...
005 (16630220.111.000) 02/18 01:31:23 Job terminated.
	(1) Normal termination (return value 0)
		Usr 0 00:44:16, Sys 0 00:00:21  -  Run Remote Usage
		Usr 0 00:00:00, Sys 0 00:00:00  -  Run Local Usage
		Usr 0 00:44:16, Sys 0 00:00:21  -  Total Remote Usage
		Usr 0 00:00:00, Sys 0 00:00:00  -  Total Local Usage
	8149  -  Run Bytes Sent By Job
	10428  -  Run Bytes Received By Job
	8149  -  Total Bytes Sent By Job
	10428  -  Total Bytes Received By Job
	Partitionable Resources :    Usage  Request Allocated 
	   Cpus                 :     0.98        1         1 
	   Disk (KB)            :    81          12      3771 
	   GPUs                 :                           0 
	   Memory (MB)          :   384        3000      3000 

	Job terminated of its own accord at 2025-02-18T00:31:23Z with exit-code 0.
...
