000 (16630220.089.000) 02/18 00:26:50 Job submitted from host: <188.185.72.155:9618?addrs=188.185.72.155-9618+[2001-1458-d00-8--100-95]-9618&alias=bigbird08.cern.ch&noUDP&sock=schedd_862983_22fa>
...
040 (16630220.089.000) 02/18 00:28:02 Started transferring input files
	Transferring to host: <188.185.198.127:9618?addrs=188.185.198.127-9618+[2001-1458-303-25--100-7b]-9618&alias=b9p15p1592.cern.ch&noUDP&sock=slot1_16_2684691_6d8d_3381>
...
040 (16630220.089.000) 02/18 00:28:02 Finished transferring input files
...
001 (16630220.089.000) 02/18 00:28:03 Job executing on host: <188.185.198.127:9618?addrs=188.185.198.127-9618+[2001-1458-303-25--100-7b]-9618&alias=b9p15p1592.cern.ch&noUDP&sock=startd_6590_c535>
	SlotName: slot1_16@b9p15p1592.cern.ch
	CondorScratchDir = "/pool/condor/dir_1397802"
	Cpus = 1
	Disk = 3931
	GPUs = 0
	Memory = 3000
...
006 (16630220.089.000) 02/18 00:28:12 Image size of job updated: 96340
	95  -  MemoryUsage of job (MB)
	96340  -  ResidentSetSize of job (KB)
...
006 (16630220.089.000) 02/18 00:33:13 Image size of job updated: 307800
	301  -  MemoryUsage of job (MB)
	307800  -  ResidentSetSize of job (KB)
...
006 (16630220.089.000) 02/18 00:38:13 Image size of job updated: 315728
	309  -  MemoryUsage of job (MB)
	315728  -  ResidentSetSize of job (KB)
...
006 (16630220.089.000) 02/18 00:43:14 Image size of job updated: 321716
	315  -  MemoryUsage of job (MB)
	321716  -  ResidentSetSize of job (KB)
...
006 (16630220.089.000) 02/18 00:48:15 Image size of job updated: 326716
	320  -  MemoryUsage of job (MB)
	326716  -  ResidentSetSize of job (KB)
...
040 (16630220.089.000) 02/18 01:17:04 Started transferring output files
...
040 (16630220.089.000) 02/18 01:17:04 Finished transferring output files
...
005 (16630220.089.000) 02/18 01:17:04 Job terminated.
	(1) Normal termination (return value 0)
		Usr 0 00:45:48, Sys 0 00:00:11  -  Run Remote Usage
		Usr 0 00:00:00, Sys 0 00:00:00  -  Run Local Usage
		Usr 0 00:45:48, Sys 0 00:00:11  -  Total Remote Usage
		Usr 0 00:00:00, Sys 0 00:00:00  -  Total Local Usage
	8150  -  Run Bytes Sent By Job
	10428  -  Run Bytes Received By Job
	8150  -  Total Bytes Sent By Job
	10428  -  Total Bytes Received By Job
	Partitionable Resources :    Usage  Request Allocated 
	   Cpus                 :     0.99        1         1 
	   Disk (KB)            :    80          12      3931 
	   GPUs                 :                           0 
	   Memory (MB)          :   320        3000      3000 

	Job terminated of its own accord at 2025-02-18T00:17:04Z with exit-code 0.
...
