000 (16630220.014.000) 02/18 00:26:50 Job submitted from host: <188.185.72.155:9618?addrs=188.185.72.155-9618+[2001-1458-d00-8--100-95]-9618&alias=bigbird08.cern.ch&noUDP&sock=schedd_862983_22fa>
...
040 (16630220.014.000) 02/18 00:27:36 Started transferring input files
	Transferring to host: <188.185.195.167:9618?addrs=188.185.195.167-9618+[2001-1458-303-22--100-a3]-9618&alias=b9p17p1897.cern.ch&noUDP&sock=slot1_33_543149_5b20_3133>
...
040 (16630220.014.000) 02/18 00:27:36 Finished transferring input files
...
001 (16630220.014.000) 02/18 00:27:37 Job executing on host: <188.185.195.167:9618?addrs=188.185.195.167-9618+[2001-1458-303-22--100-a3]-9618&alias=b9p17p1897.cern.ch&noUDP&sock=startd_7349_6197>
	SlotName: slot1_33@b9p17p1897.cern.ch
	CondorScratchDir = "/pool/condor/dir_4025933"
	Cpus = 1
	Disk = 3767
	GPUs = 0
	Memory = 3000
...
006 (16630220.014.000) 02/18 00:27:46 Image size of job updated: 240208
	235  -  MemoryUsage of job (MB)
	240208  -  ResidentSetSize of job (KB)
...
006 (16630220.014.000) 02/18 00:32:47 Image size of job updated: 879564
	859  -  MemoryUsage of job (MB)
	879564  -  ResidentSetSize of job (KB)
...
006 (16630220.014.000) 02/18 00:37:47 Image size of job updated: 920684
	900  -  MemoryUsage of job (MB)
	920684  -  ResidentSetSize of job (KB)
...
006 (16630220.014.000) 02/18 00:42:47 Image size of job updated: 924556
	903  -  MemoryUsage of job (MB)
	924556  -  ResidentSetSize of job (KB)
...
006 (16630220.014.000) 02/18 00:47:48 Image size of job updated: 927996
	907  -  MemoryUsage of job (MB)
	927996  -  ResidentSetSize of job (KB)
...
006 (16630220.014.000) 02/18 00:52:48 Image size of job updated: 931852
	911  -  MemoryUsage of job (MB)
	931852  -  ResidentSetSize of job (KB)
...
040 (16630220.014.000) 02/18 01:23:43 Started transferring output files
...
040 (16630220.014.000) 02/18 01:23:43 Finished transferring output files
...
005 (16630220.014.000) 02/18 01:23:43 Job terminated.
	(1) Normal termination (return value 0)
		Usr 0 00:52:06, Sys 0 00:00:09  -  Run Remote Usage
		Usr 0 00:00:00, Sys 0 00:00:00  -  Run Local Usage
		Usr 0 00:52:06, Sys 0 00:00:09  -  Total Remote Usage
		Usr 0 00:00:00, Sys 0 00:00:00  -  Total Local Usage
	8152  -  Run Bytes Sent By Job
	10428  -  Run Bytes Received By Job
	8152  -  Total Bytes Sent By Job
	10428  -  Total Bytes Received By Job
	Partitionable Resources :    Usage  Request Allocated 
	   Cpus                 :     0.99        1         1 
	   Disk (KB)            :    80          12      3767 
	   GPUs                 :                           0 
	   Memory (MB)          :   911        3000      3000 

	Job terminated of its own accord at 2025-02-18T00:23:43Z with exit-code 0.
...
