000 (16630220.005.000) 02/18 00:26:50 Job submitted from host: <188.185.72.155:9618?addrs=188.185.72.155-9618+[2001-1458-d00-8--100-95]-9618&alias=bigbird08.cern.ch&noUDP&sock=schedd_862983_22fa>
...
040 (16630220.005.000) 02/18 00:27:33 Started transferring input files
	Transferring to host: <188.185.196.39:9618?addrs=188.185.196.39-9618+[2001-1458-303-23--100-23]-9618&alias=b9p16p4634.cern.ch&noUDP&sock=slot1_33_2842988_fc12_7062>
...
040 (16630220.005.000) 02/18 00:27:33 Finished transferring input files
...
001 (16630220.005.000) 02/18 00:27:34 Job executing on host: <188.185.196.39:9618?addrs=188.185.196.39-9618+[2001-1458-303-23--100-23]-9618&alias=b9p16p4634.cern.ch&noUDP&sock=startd_2478_47c6>
	SlotName: slot1_33@b9p16p4634.cern.ch
	CondorScratchDir = "/pool/condor/dir_3489060"
	Cpus = 1
	Disk = 3805
	GPUs = 0
	Memory = 3000
...
006 (16630220.005.000) 02/18 00:27:43 Image size of job updated: 198156
	194  -  MemoryUsage of job (MB)
	198156  -  ResidentSetSize of job (KB)
...
006 (16630220.005.000) 02/18 00:32:44 Image size of job updated: 932524
	911  -  MemoryUsage of job (MB)
	932524  -  ResidentSetSize of job (KB)
...
006 (16630220.005.000) 02/18 00:37:44 Image size of job updated: 975088
	953  -  MemoryUsage of job (MB)
	975088  -  ResidentSetSize of job (KB)
...
006 (16630220.005.000) 02/18 00:42:44 Image size of job updated: 978672
	956  -  MemoryUsage of job (MB)
	978672  -  ResidentSetSize of job (KB)
...
006 (16630220.005.000) 02/18 00:47:45 Image size of job updated: 984692
	962  -  MemoryUsage of job (MB)
	984692  -  ResidentSetSize of job (KB)
...
006 (16630220.005.000) 02/18 00:52:45 Image size of job updated: 986796
	964  -  MemoryUsage of job (MB)
	986796  -  ResidentSetSize of job (KB)
...
006 (16630220.005.000) 02/18 00:57:45 Image size of job updated: 986872
	964  -  MemoryUsage of job (MB)
	986872  -  ResidentSetSize of job (KB)
...
040 (16630220.005.000) 02/18 01:27:43 Started transferring output files
...
040 (16630220.005.000) 02/18 01:27:43 Finished transferring output files
...
005 (16630220.005.000) 02/18 01:27:43 Job terminated.
	(1) Normal termination (return value 0)
		Usr 0 00:56:16, Sys 0 00:00:12  -  Run Remote Usage
		Usr 0 00:00:00, Sys 0 00:00:00  -  Run Local Usage
		Usr 0 00:56:16, Sys 0 00:00:12  -  Total Remote Usage
		Usr 0 00:00:00, Sys 0 00:00:00  -  Total Local Usage
	8149  -  Run Bytes Sent By Job
	10428  -  Run Bytes Received By Job
	8149  -  Total Bytes Sent By Job
	10428  -  Total Bytes Received By Job
	Partitionable Resources :    Usage  Request Allocated 
	   Cpus                 :     0.98        1         1 
	   Disk (KB)            :    81          12      3805 
	   GPUs                 :                           0 
	   Memory (MB)          :   964        3000      3000 

	Job terminated of its own accord at 2025-02-18T00:27:43Z with exit-code 0.
...
