000 (16630220.329.000) 02/18 00:26:51 Job submitted from host: <188.185.72.155:9618?addrs=188.185.72.155-9618+[2001-1458-d00-8--100-95]-9618&alias=bigbird08.cern.ch&noUDP&sock=schedd_862983_22fa>
...
040 (16630220.329.000) 02/18 00:49:28 Started transferring input files
	Transferring to host: <128.142.161.73:9618?addrs=128.142.161.73-9618+[2001-1458-301-b8--100-7]-9618&alias=b9g03p4186.cern.ch&noUDP&sock=slot1_10_3248240_adf2_34912>
...
040 (16630220.329.000) 02/18 00:49:28 Finished transferring input files
...
001 (16630220.329.000) 02/18 00:49:29 Job executing on host: <128.142.161.73:9618?addrs=128.142.161.73-9618+[2001-1458-301-b8--100-7]-9618&alias=b9g03p4186.cern.ch&noUDP&sock=startd_3164_d1be>
	SlotName: slot1_10@b9g03p4186.cern.ch
	CondorScratchDir = "/pool/condor/dir_546595"
	Cpus = 1
	Disk = 4083
	GPUs = 0
	Memory = 3000
...
006 (16630220.329.000) 02/18 00:49:38 Image size of job updated: 88008
	86  -  MemoryUsage of job (MB)
	88008  -  ResidentSetSize of job (KB)
...
006 (16630220.329.000) 02/18 00:54:39 Image size of job updated: 125204
	123  -  MemoryUsage of job (MB)
	125204  -  ResidentSetSize of job (KB)
...
006 (16630220.329.000) 02/18 00:59:39 Image size of job updated: 168444
	165  -  MemoryUsage of job (MB)
	168444  -  ResidentSetSize of job (KB)
...
006 (16630220.329.000) 02/18 01:04:39 Image size of job updated: 169424
	166  -  MemoryUsage of job (MB)
	169424  -  ResidentSetSize of job (KB)
...
006 (16630220.329.000) 02/18 01:09:40 Image size of job updated: 174000
	170  -  MemoryUsage of job (MB)
	174000  -  ResidentSetSize of job (KB)
...
006 (16630220.329.000) 02/18 01:14:41 Image size of job updated: 176812
	173  -  MemoryUsage of job (MB)
	176812  -  ResidentSetSize of job (KB)
...
006 (16630220.329.000) 02/18 01:19:41 Image size of job updated: 178356
	175  -  MemoryUsage of job (MB)
	178356  -  ResidentSetSize of job (KB)
...
006 (16630220.329.000) 02/18 01:34:43 Image size of job updated: 202604
	198  -  MemoryUsage of job (MB)
	202604  -  ResidentSetSize of job (KB)
...
006 (16630220.329.000) 02/18 01:39:44 Image size of job updated: 205220
	201  -  MemoryUsage of job (MB)
	205220  -  ResidentSetSize of job (KB)
...
006 (16630220.329.000) 02/18 01:44:45 Image size of job updated: 206512
	202  -  MemoryUsage of job (MB)
	206512  -  ResidentSetSize of job (KB)
...
006 (16630220.329.000) 02/18 01:49:45 Image size of job updated: 210812
	206  -  MemoryUsage of job (MB)
	210812  -  ResidentSetSize of job (KB)
...
006 (16630220.329.000) 02/18 01:54:45 Image size of job updated: 213392
	209  -  MemoryUsage of job (MB)
	213392  -  ResidentSetSize of job (KB)
...
040 (16630220.329.000) 02/18 01:57:42 Started transferring output files
...
040 (16630220.329.000) 02/18 01:57:42 Finished transferring output files
...
005 (16630220.329.000) 02/18 01:57:42 Job terminated.
	(1) Normal termination (return value 0)
		Usr 0 01:04:09, Sys 0 00:00:18  -  Run Remote Usage
		Usr 0 00:00:00, Sys 0 00:00:00  -  Run Local Usage
		Usr 0 01:04:09, Sys 0 00:00:18  -  Total Remote Usage
		Usr 0 00:00:00, Sys 0 00:00:00  -  Total Local Usage
	8155  -  Run Bytes Sent By Job
	10428  -  Run Bytes Received By Job
	8155  -  Total Bytes Sent By Job
	10428  -  Total Bytes Received By Job
	Partitionable Resources :    Usage  Request Allocated 
	   Cpus                 :     0.96        1         1 
	   Disk (KB)            :    81          12      4083 
	   GPUs                 :                           0 
	   Memory (MB)          :   209        3000      3000 

	Job terminated of its own accord at 2025-02-18T00:57:42Z with exit-code 0.
...
