000 (16630220.168.000) 02/18 00:26:50 Job submitted from host: <188.185.72.155:9618?addrs=188.185.72.155-9618+[2001-1458-d00-8--100-95]-9618&alias=bigbird08.cern.ch&noUDP&sock=schedd_862983_22fa>
...
040 (16630220.168.000) 02/18 00:48:06 Started transferring input files
	Transferring to host: <188.185.194.13:9618?addrs=188.185.194.13-9618+[2001-1458-303-21--100-9]-9618&alias=b9p20p8620.cern.ch&noUDP&sock=slot1_26_861339_feeb_42195>
...
040 (16630220.168.000) 02/18 00:48:06 Finished transferring input files
...
001 (16630220.168.000) 02/18 00:48:07 Job executing on host: <188.185.194.13:9618?addrs=188.185.194.13-9618+[2001-1458-303-21--100-9]-9618&alias=b9p20p8620.cern.ch&noUDP&sock=startd_6536_bb18>
	SlotName: slot1_26@b9p20p8620.cern.ch
	CondorScratchDir = "/pool/condor/dir_561118"
	Cpus = 1
	Disk = 3783
	GPUs = 0
	Memory = 3000
...
006 (16630220.168.000) 02/18 00:48:16 Image size of job updated: 490888
	480  -  MemoryUsage of job (MB)
	490888  -  ResidentSetSize of job (KB)
...
006 (16630220.168.000) 02/18 00:53:17 Image size of job updated: 1184772
	1158  -  MemoryUsage of job (MB)
	1184772  -  ResidentSetSize of job (KB)
...
006 (16630220.168.000) 02/18 00:58:17 Image size of job updated: 1222772
	1195  -  MemoryUsage of job (MB)
	1222772  -  ResidentSetSize of job (KB)
...
040 (16630220.168.000) 02/18 01:45:48 Started transferring output files
...
040 (16630220.168.000) 02/18 01:45:48 Finished transferring output files
...
005 (16630220.168.000) 02/18 01:45:48 Job terminated.
	(1) Normal termination (return value 0)
		Usr 0 00:55:45, Sys 0 00:00:12  -  Run Remote Usage
		Usr 0 00:00:00, Sys 0 00:00:00  -  Run Local Usage
		Usr 0 00:55:45, Sys 0 00:00:12  -  Total Remote Usage
		Usr 0 00:00:00, Sys 0 00:00:00  -  Total Local Usage
	8155  -  Run Bytes Sent By Job
	10428  -  Run Bytes Received By Job
	8155  -  Total Bytes Sent By Job
	10428  -  Total Bytes Received By Job
	Partitionable Resources :    Usage  Request Allocated 
	   Cpus                 :     0.98        1         1 
	   Disk (KB)            :    81          12      3783 
	   GPUs                 :                           0 
	   Memory (MB)          :  1195        3000      3000 

	Job terminated of its own accord at 2025-02-18T00:45:48Z with exit-code 0.
...
