000 (16630220.159.000) 02/18 00:26:50 Job submitted from host: <188.185.72.155:9618?addrs=188.185.72.155-9618+[2001-1458-d00-8--100-95]-9618&alias=bigbird08.cern.ch&noUDP&sock=schedd_862983_22fa>
...
040 (16630220.159.000) 02/18 00:48:00 Started transferring input files
	Transferring to host: <128.142.132.94:9618?addrs=128.142.132.94-9618+[2001-1458-301-5a--100-52]-9618&alias=b9g12p3201.cern.ch&noUDP&sock=slot1_34_1822345_a8d2_6581>
...
040 (16630220.159.000) 02/18 00:48:00 Finished transferring input files
...
001 (16630220.159.000) 02/18 00:48:01 Job executing on host: <128.142.132.94:9618?addrs=128.142.132.94-9618+[2001-1458-301-5a--100-52]-9618&alias=b9g12p3201.cern.ch&noUDP&sock=startd_2412_0285>
	SlotName: slot1_34@b9g12p3201.cern.ch
	CondorScratchDir = "/pool/condor/dir_595130"
	Cpus = 1
	Disk = 2538
	GPUs = 0
	Memory = 3000
...
006 (16630220.159.000) 02/18 00:48:10 Image size of job updated: 416544
	407  -  MemoryUsage of job (MB)
	416544  -  ResidentSetSize of job (KB)
...
006 (16630220.159.000) 02/18 00:53:11 Image size of job updated: 1204300
	1177  -  MemoryUsage of job (MB)
	1204300  -  ResidentSetSize of job (KB)
...
006 (16630220.159.000) 02/18 00:58:11 Image size of job updated: 1243472
	1215  -  MemoryUsage of job (MB)
	1243472  -  ResidentSetSize of job (KB)
...
040 (16630220.159.000) 02/18 01:54:31 Started transferring output files
...
040 (16630220.159.000) 02/18 01:54:31 Finished transferring output files
...
005 (16630220.159.000) 02/18 01:54:31 Job terminated.
	(1) Normal termination (return value 0)
		Usr 0 01:03:39, Sys 0 00:00:24  -  Run Remote Usage
		Usr 0 00:00:00, Sys 0 00:00:00  -  Run Local Usage
		Usr 0 01:03:39, Sys 0 00:00:24  -  Total Remote Usage
		Usr 0 00:00:00, Sys 0 00:00:00  -  Total Local Usage
	8155  -  Run Bytes Sent By Job
	10428  -  Run Bytes Received By Job
	8155  -  Total Bytes Sent By Job
	10428  -  Total Bytes Received By Job
	Partitionable Resources :    Usage  Request Allocated 
	   Cpus                 :     0.98        1         1 
	   Disk (KB)            :    81          12      2538 
	   GPUs                 :                           0 
	   Memory (MB)          :  1215        3000      3000 

	Job terminated of its own accord at 2025-02-18T00:54:31Z with exit-code 0.
...
