000 (16630220.273.000) 02/18 00:26:51 Job submitted from host: <188.185.72.155:9618?addrs=188.185.72.155-9618+[2001-1458-d00-8--100-95]-9618&alias=bigbird08.cern.ch&noUDP&sock=schedd_862983_22fa>
...
040 (16630220.273.000) 02/18 00:49:08 Started transferring input files
	Transferring to host: <128.142.161.88:9618?addrs=128.142.161.88-9618+[2001-1458-301-b8--100-16]-9618&alias=b9g03p2986.cern.ch&noUDP&sock=slot1_19_3443790_5842_9674>
...
040 (16630220.273.000) 02/18 00:49:08 Finished transferring input files
...
001 (16630220.273.000) 02/18 00:49:09 Job executing on host: <128.142.161.88:9618?addrs=128.142.161.88-9618+[2001-1458-301-b8--100-16]-9618&alias=b9g03p2986.cern.ch&noUDP&sock=startd_3193_b5fd>
	SlotName: slot1_19@b9g03p2986.cern.ch
	CondorScratchDir = "/pool/condor/dir_1855767"
	Cpus = 1
	Disk = 4014
	GPUs = 0
	Memory = 3000
...
006 (16630220.273.000) 02/18 00:49:17 Image size of job updated: 87000
	85  -  MemoryUsage of job (MB)
	87000  -  ResidentSetSize of job (KB)
...
006 (16630220.273.000) 02/18 00:54:17 Image size of job updated: 146488
	144  -  MemoryUsage of job (MB)
	146488  -  ResidentSetSize of job (KB)
...
006 (16630220.273.000) 02/18 00:59:18 Image size of job updated: 167400
	164  -  MemoryUsage of job (MB)
	167400  -  ResidentSetSize of job (KB)
...
006 (16630220.273.000) 02/18 01:04:18 Image size of job updated: 169444
	166  -  MemoryUsage of job (MB)
	169444  -  ResidentSetSize of job (KB)
...
006 (16630220.273.000) 02/18 01:09:18 Image size of job updated: 175072
	171  -  MemoryUsage of job (MB)
	175072  -  ResidentSetSize of job (KB)
...
006 (16630220.273.000) 02/18 01:14:19 Image size of job updated: 176976
	173  -  MemoryUsage of job (MB)
	176976  -  ResidentSetSize of job (KB)
...
006 (16630220.273.000) 02/18 01:19:20 Image size of job updated: 176976
	174  -  MemoryUsage of job (MB)
	177232  -  ResidentSetSize of job (KB)
...
006 (16630220.273.000) 02/18 01:24:20 Image size of job updated: 186744
	183  -  MemoryUsage of job (MB)
	186744  -  ResidentSetSize of job (KB)
...
006 (16630220.273.000) 02/18 01:29:20 Image size of job updated: 191256
	187  -  MemoryUsage of job (MB)
	191256  -  ResidentSetSize of job (KB)
...
006 (16630220.273.000) 02/18 01:34:21 Image size of job updated: 194660
	191  -  MemoryUsage of job (MB)
	194660  -  ResidentSetSize of job (KB)
...
040 (16630220.273.000) 02/18 01:38:00 Started transferring output files
...
040 (16630220.273.000) 02/18 01:38:00 Finished transferring output files
...
005 (16630220.273.000) 02/18 01:38:00 Job terminated.
	(1) Normal termination (return value 0)
		Usr 0 00:47:17, Sys 0 00:00:07  -  Run Remote Usage
		Usr 0 00:00:00, Sys 0 00:00:00  -  Run Local Usage
		Usr 0 00:47:17, Sys 0 00:00:07  -  Total Remote Usage
		Usr 0 00:00:00, Sys 0 00:00:00  -  Total Local Usage
	8155  -  Run Bytes Sent By Job
	10428  -  Run Bytes Received By Job
	8155  -  Total Bytes Sent By Job
	10428  -  Total Bytes Received By Job
	Partitionable Resources :    Usage  Request Allocated 
	   Cpus                 :     0.99        1         1 
	   Disk (KB)            :    80          12      4014 
	   GPUs                 :                           0 
	   Memory (MB)          :   191        3000      3000 

	Job terminated of its own accord at 2025-02-18T00:38:00Z with exit-code 0.
...
