000 (16630220.210.000) 02/18 00:26:50 Job submitted from host: <188.185.72.155:9618?addrs=188.185.72.155-9618+[2001-1458-d00-8--100-95]-9618&alias=bigbird08.cern.ch&noUDP&sock=schedd_862983_22fa>
...
040 (16630220.210.000) 02/18 00:48:35 Started transferring input files
	Transferring to host: <188.185.208.168:9618?addrs=188.185.208.168-9618+[2001-1458-303-10--100-25]-9618&alias=b9p10p1412.cern.ch&noUDP&sock=slot1_14_8343_25ec_134538>
...
040 (16630220.210.000) 02/18 00:48:35 Finished transferring input files
...
001 (16630220.210.000) 02/18 00:48:36 Job executing on host: <188.185.208.168:9618?addrs=188.185.208.168-9618+[2001-1458-303-10--100-25]-9618&alias=b9p10p1412.cern.ch&noUDP&sock=startd_7007_cc33>
	SlotName: slot1_14@b9p10p1412.cern.ch
	CondorScratchDir = "/pool/condor/dir_3340129"
	Cpus = 1
	Disk = 3666
	GPUs = 0
	Memory = 3000
...
006 (16630220.210.000) 02/18 00:48:45 Image size of job updated: 499856
	489  -  MemoryUsage of job (MB)
	499856  -  ResidentSetSize of job (KB)
...
006 (16630220.210.000) 02/18 00:53:47 Image size of job updated: 1161564
	1135  -  MemoryUsage of job (MB)
	1161564  -  ResidentSetSize of job (KB)
...
006 (16630220.210.000) 02/18 00:58:47 Image size of job updated: 1168300
	1141  -  MemoryUsage of job (MB)
	1168300  -  ResidentSetSize of job (KB)
...
040 (16630220.210.000) 02/18 01:21:05 Started transferring output files
...
040 (16630220.210.000) 02/18 01:21:06 Finished transferring output files
...
005 (16630220.210.000) 02/18 01:21:06 Job terminated.
	(1) Normal termination (return value 0)
		Usr 0 00:30:53, Sys 0 00:00:10  -  Run Remote Usage
		Usr 0 00:00:00, Sys 0 00:00:00  -  Run Local Usage
		Usr 0 00:30:53, Sys 0 00:00:10  -  Total Remote Usage
		Usr 0 00:00:00, Sys 0 00:00:00  -  Total Local Usage
	8155  -  Run Bytes Sent By Job
	10428  -  Run Bytes Received By Job
	8155  -  Total Bytes Sent By Job
	10428  -  Total Bytes Received By Job
	Partitionable Resources :    Usage  Request Allocated 
	   Cpus                 :     0.99        1         1 
	   Disk (KB)            :    81          12      3666 
	   GPUs                 :                           0 
	   Memory (MB)          :  1141        3000      3000 

	Job terminated of its own accord at 2025-02-18T00:21:05Z with exit-code 0.
...
