000 (16630220.233.000) 02/18 00:26:51 Job submitted from host: <188.185.72.155:9618?addrs=188.185.72.155-9618+[2001-1458-d00-8--100-95]-9618&alias=bigbird08.cern.ch&noUDP&sock=schedd_862983_22fa>
...
040 (16630220.233.000) 02/18 00:48:55 Started transferring input files
	Transferring to host: <188.185.213.145:9618?addrs=188.185.213.145-9618+[2001-1458-303-1b--100-d]-9618&alias=b9p28p6428.cern.ch&noUDP&sock=slot1_13_4076881_39f2_31624>
...
040 (16630220.233.000) 02/18 00:48:55 Finished transferring input files
...
001 (16630220.233.000) 02/18 00:48:56 Job executing on host: <188.185.213.145:9618?addrs=188.185.213.145-9618+[2001-1458-303-1b--100-d]-9618&alias=b9p28p6428.cern.ch&noUDP&sock=startd_2909_e917>
	SlotName: slot1_13@b9p28p6428.cern.ch
	CondorScratchDir = "/pool/condor/dir_3053356"
	Cpus = 1
	Disk = 3765
	GPUs = 0
	Memory = 3000
...
006 (16630220.233.000) 02/18 00:49:05 Image size of job updated: 86552
	85  -  MemoryUsage of job (MB)
	86552  -  ResidentSetSize of job (KB)
...
006 (16630220.233.000) 02/18 00:54:06 Image size of job updated: 160472
	157  -  MemoryUsage of job (MB)
	160472  -  ResidentSetSize of job (KB)
...
006 (16630220.233.000) 02/18 00:59:06 Image size of job updated: 166432
	163  -  MemoryUsage of job (MB)
	166432  -  ResidentSetSize of job (KB)
...
006 (16630220.233.000) 02/18 01:04:06 Image size of job updated: 172528
	169  -  MemoryUsage of job (MB)
	172528  -  ResidentSetSize of job (KB)
...
006 (16630220.233.000) 02/18 01:09:07 Image size of job updated: 175600
	172  -  MemoryUsage of job (MB)
	175600  -  ResidentSetSize of job (KB)
...
006 (16630220.233.000) 02/18 01:19:08 Image size of job updated: 188108
	184  -  MemoryUsage of job (MB)
	188108  -  ResidentSetSize of job (KB)
...
006 (16630220.233.000) 02/18 01:24:09 Image size of job updated: 192216
	188  -  MemoryUsage of job (MB)
	192216  -  ResidentSetSize of job (KB)
...
006 (16630220.233.000) 02/18 01:29:10 Image size of job updated: 195580
	191  -  MemoryUsage of job (MB)
	195580  -  ResidentSetSize of job (KB)
...
006 (16630220.233.000) 02/18 01:34:10 Image size of job updated: 201084
	197  -  MemoryUsage of job (MB)
	201084  -  ResidentSetSize of job (KB)
...
040 (16630220.233.000) 02/18 01:34:59 Started transferring output files
...
040 (16630220.233.000) 02/18 01:34:59 Finished transferring output files
...
005 (16630220.233.000) 02/18 01:34:59 Job terminated.
	(1) Normal termination (return value 0)
		Usr 0 00:43:18, Sys 0 00:00:18  -  Run Remote Usage
		Usr 0 00:00:00, Sys 0 00:00:00  -  Run Local Usage
		Usr 0 00:43:18, Sys 0 00:00:18  -  Total Remote Usage
		Usr 0 00:00:00, Sys 0 00:00:00  -  Total Local Usage
	8153  -  Run Bytes Sent By Job
	10428  -  Run Bytes Received By Job
	8153  -  Total Bytes Sent By Job
	10428  -  Total Bytes Received By Job
	Partitionable Resources :    Usage  Request Allocated 
	   Cpus                 :     0.99        1         1 
	   Disk (KB)            :    81          12      3765 
	   GPUs                 :                           0 
	   Memory (MB)          :   197        3000      3000 

	Job terminated of its own accord at 2025-02-18T00:34:59Z with exit-code 0.
...
