000 (16630220.459.000) 02/18 00:26:51 Job submitted from host: <188.185.72.155:9618?addrs=188.185.72.155-9618+[2001-1458-d00-8--100-95]-9618&alias=bigbird08.cern.ch&noUDP&sock=schedd_862983_22fa>
...
040 (16630220.459.000) 02/18 00:52:54 Started transferring input files
	Transferring to host: <188.185.196.11:9618?addrs=188.185.196.11-9618+[2001-1458-303-23--100-7]-9618&alias=b9p16p0601.cern.ch&noUDP&sock=slot1_4_3126503_f33b_15249>
...
040 (16630220.459.000) 02/18 00:52:54 Finished transferring input files
...
001 (16630220.459.000) 02/18 00:52:55 Job executing on host: <188.185.196.11:9618?addrs=188.185.196.11-9618+[2001-1458-303-23--100-7]-9618&alias=b9p16p0601.cern.ch&noUDP&sock=startd_2528_9382>
	SlotName: slot1_4@b9p16p0601.cern.ch
	CondorScratchDir = "/pool/condor/dir_2062760"
	Cpus = 1
	Disk = 3675
	GPUs = 0
	Memory = 3000
...
006 (16630220.459.000) 02/18 00:53:03 Image size of job updated: 348084
	340  -  MemoryUsage of job (MB)
	348084  -  ResidentSetSize of job (KB)
...
006 (16630220.459.000) 02/18 00:58:03 Image size of job updated: 1210840
	1183  -  MemoryUsage of job (MB)
	1210840  -  ResidentSetSize of job (KB)
...
040 (16630220.459.000) 02/18 01:37:53 Started transferring output files
...
040 (16630220.459.000) 02/18 01:37:53 Finished transferring output files
...
005 (16630220.459.000) 02/18 01:37:53 Job terminated.
	(1) Normal termination (return value 0)
		Usr 0 00:43:14, Sys 0 00:00:09  -  Run Remote Usage
		Usr 0 00:00:00, Sys 0 00:00:00  -  Run Local Usage
		Usr 0 00:43:14, Sys 0 00:00:09  -  Total Remote Usage
		Usr 0 00:00:00, Sys 0 00:00:00  -  Total Local Usage
	8155  -  Run Bytes Sent By Job
	10428  -  Run Bytes Received By Job
	8155  -  Total Bytes Sent By Job
	10428  -  Total Bytes Received By Job
	Partitionable Resources :    Usage  Request Allocated 
	   Cpus                 :     0.99        1         1 
	   Disk (KB)            :    81          12      3675 
	   GPUs                 :                           0 
	   Memory (MB)          :  1183        3000      3000 

	Job terminated of its own accord at 2025-02-18T00:37:52Z with exit-code 0.
...
