000 (16630220.355.000) 02/18 00:26:51 Job submitted from host: <188.185.72.155:9618?addrs=188.185.72.155-9618+[2001-1458-d00-8--100-95]-9618&alias=bigbird08.cern.ch&noUDP&sock=schedd_862983_22fa>
...
040 (16630220.355.000) 02/18 00:49:43 Started transferring input files
	Transferring to host: <188.185.198.120:9618?addrs=188.185.198.120-9618+[2001-1458-303-25--100-74]-9618&alias=b9p15p0387.cern.ch&noUDP&sock=slot1_30_236508_080b_13279>
...
040 (16630220.355.000) 02/18 00:49:43 Finished transferring input files
...
001 (16630220.355.000) 02/18 00:49:44 Job executing on host: <188.185.198.120:9618?addrs=188.185.198.120-9618+[2001-1458-303-25--100-74]-9618&alias=b9p15p0387.cern.ch&noUDP&sock=startd_9480_11e9>
	SlotName: slot1_30@b9p15p0387.cern.ch
	CondorScratchDir = "/pool/condor/dir_1145485"
	Cpus = 1
	Disk = 3747
	GPUs = 0
	Memory = 3000
...
006 (16630220.355.000) 02/18 00:49:52 Image size of job updated: 88164
	87  -  MemoryUsage of job (MB)
	88164  -  ResidentSetSize of job (KB)
...
006 (16630220.355.000) 02/18 00:54:52 Image size of job updated: 125512
	123  -  MemoryUsage of job (MB)
	125512  -  ResidentSetSize of job (KB)
...
006 (16630220.355.000) 02/18 00:59:53 Image size of job updated: 165404
	162  -  MemoryUsage of job (MB)
	165404  -  ResidentSetSize of job (KB)
...
006 (16630220.355.000) 02/18 01:04:53 Image size of job updated: 171744
	168  -  MemoryUsage of job (MB)
	171744  -  ResidentSetSize of job (KB)
...
006 (16630220.355.000) 02/18 01:09:53 Image size of job updated: 174764
	171  -  MemoryUsage of job (MB)
	174764  -  ResidentSetSize of job (KB)
...
006 (16630220.355.000) 02/18 01:14:55 Image size of job updated: 177008
	173  -  MemoryUsage of job (MB)
	177008  -  ResidentSetSize of job (KB)
...
006 (16630220.355.000) 02/18 01:19:55 Image size of job updated: 182040
	178  -  MemoryUsage of job (MB)
	182040  -  ResidentSetSize of job (KB)
...
006 (16630220.355.000) 02/18 01:24:55 Image size of job updated: 187320
	183  -  MemoryUsage of job (MB)
	187320  -  ResidentSetSize of job (KB)
...
006 (16630220.355.000) 02/18 01:29:56 Image size of job updated: 190312
	186  -  MemoryUsage of job (MB)
	190312  -  ResidentSetSize of job (KB)
...
006 (16630220.355.000) 02/18 01:34:57 Image size of job updated: 193280
	189  -  MemoryUsage of job (MB)
	193280  -  ResidentSetSize of job (KB)
...
006 (16630220.355.000) 02/18 01:39:57 Image size of job updated: 197100
	193  -  MemoryUsage of job (MB)
	197100  -  ResidentSetSize of job (KB)
...
040 (16630220.355.000) 02/18 01:42:20 Started transferring output files
...
040 (16630220.355.000) 02/18 01:42:20 Finished transferring output files
...
005 (16630220.355.000) 02/18 01:42:20 Job terminated.
	(1) Normal termination (return value 0)
		Usr 0 00:51:34, Sys 0 00:00:06  -  Run Remote Usage
		Usr 0 00:00:00, Sys 0 00:00:00  -  Run Local Usage
		Usr 0 00:51:34, Sys 0 00:00:06  -  Total Remote Usage
		Usr 0 00:00:00, Sys 0 00:00:00  -  Total Local Usage
	8153  -  Run Bytes Sent By Job
	10428  -  Run Bytes Received By Job
	8153  -  Total Bytes Sent By Job
	10428  -  Total Bytes Received By Job
	Partitionable Resources :    Usage  Request Allocated 
	   Cpus                 :     0.99        1         1 
	   Disk (KB)            :    81          12      3747 
	   GPUs                 :                           0 
	   Memory (MB)          :   193        3000      3000 

	Job terminated of its own accord at 2025-02-18T00:42:20Z with exit-code 0.
...
