000 (16630220.326.000) 02/18 00:26:51 Job submitted from host: <188.185.72.155:9618?addrs=188.185.72.155-9618+[2001-1458-d00-8--100-95]-9618&alias=bigbird08.cern.ch&noUDP&sock=schedd_862983_22fa>
...
040 (16630220.326.000) 02/18 00:49:27 Started transferring input files
	Transferring to host: <128.142.161.74:9618?addrs=128.142.161.74-9618+[2001-1458-301-b8--100-8]-9618&alias=b9g03p5829.cern.ch&noUDP&sock=slot1_9_3030_a8b4_2994>
...
040 (16630220.326.000) 02/18 00:49:27 Finished transferring input files
...
001 (16630220.326.000) 02/18 00:49:28 Job executing on host: <128.142.161.74:9618?addrs=128.142.161.74-9618+[2001-1458-301-b8--100-8]-9618&alias=b9g03p5829.cern.ch&noUDP&sock=startd_2549_faff>
	SlotName: slot1_9@b9g03p5829.cern.ch
	CondorScratchDir = "/pool/condor/dir_2419814"
	Cpus = 1
	Disk = 4032
	GPUs = 0
	Memory = 3000
...
006 (16630220.326.000) 02/18 00:49:37 Image size of job updated: 87680
	86  -  MemoryUsage of job (MB)
	87680  -  ResidentSetSize of job (KB)
...
006 (16630220.326.000) 02/18 00:54:38 Image size of job updated: 124748
	122  -  MemoryUsage of job (MB)
	124748  -  ResidentSetSize of job (KB)
...
006 (16630220.326.000) 02/18 00:59:38 Image size of job updated: 162656
	159  -  MemoryUsage of job (MB)
	162656  -  ResidentSetSize of job (KB)
...
006 (16630220.326.000) 02/18 01:04:38 Image size of job updated: 167324
	164  -  MemoryUsage of job (MB)
	167324  -  ResidentSetSize of job (KB)
...
006 (16630220.326.000) 02/18 01:09:39 Image size of job updated: 172016
	168  -  MemoryUsage of job (MB)
	172016  -  ResidentSetSize of job (KB)
...
006 (16630220.326.000) 02/18 01:14:40 Image size of job updated: 174020
	170  -  MemoryUsage of job (MB)
	174020  -  ResidentSetSize of job (KB)
...
006 (16630220.326.000) 02/18 01:19:40 Image size of job updated: 177248
	174  -  MemoryUsage of job (MB)
	177248  -  ResidentSetSize of job (KB)
...
040 (16630220.326.000) 02/18 01:53:43 Started transferring output files
...
040 (16630220.326.000) 02/18 01:53:43 Finished transferring output files
...
005 (16630220.326.000) 02/18 01:53:43 Job terminated.
	(1) Normal termination (return value 0)
		Usr 0 01:02:10, Sys 0 00:00:18  -  Run Remote Usage
		Usr 0 00:00:00, Sys 0 00:00:00  -  Run Local Usage
		Usr 0 01:02:10, Sys 0 00:00:18  -  Total Remote Usage
		Usr 0 00:00:00, Sys 0 00:00:00  -  Total Local Usage
	8155  -  Run Bytes Sent By Job
	10428  -  Run Bytes Received By Job
	8155  -  Total Bytes Sent By Job
	10428  -  Total Bytes Received By Job
	Partitionable Resources :    Usage  Request Allocated 
	   Cpus                 :     0.99        1         1 
	   Disk (KB)            :    81          12      4032 
	   GPUs                 :                           0 
	   Memory (MB)          :   174        3000      3000 

	Job terminated of its own accord at 2025-02-18T00:53:43Z with exit-code 0.
...
