000 (16630220.297.000) 02/18 00:26:51 Job submitted from host: <188.185.72.155:9618?addrs=188.185.72.155-9618+[2001-1458-d00-8--100-95]-9618&alias=bigbird08.cern.ch&noUDP&sock=schedd_862983_22fa>
...
040 (16630220.297.000) 02/18 00:49:20 Started transferring input files
	Transferring to host: <188.185.193.55:9618?addrs=188.185.193.55-9618+[2001-1458-303-20--100-33]-9618&alias=b9p19p9988.cern.ch&noUDP&sock=slot1_4_514859_7de2_2538>
...
040 (16630220.297.000) 02/18 00:49:20 Finished transferring input files
...
001 (16630220.297.000) 02/18 00:49:21 Job executing on host: <188.185.193.55:9618?addrs=188.185.193.55-9618+[2001-1458-303-20--100-33]-9618&alias=b9p19p9988.cern.ch&noUDP&sock=startd_6300_dabe>
	SlotName: slot1_4@b9p19p9988.cern.ch
	CondorScratchDir = "/pool/condor/dir_3895493"
	Cpus = 1
	Disk = 3712
	GPUs = 0
	Memory = 3000
...
006 (16630220.297.000) 02/18 00:49:29 Image size of job updated: 2940
	3  -  MemoryUsage of job (MB)
	2940  -  ResidentSetSize of job (KB)
...
006 (16630220.297.000) 02/18 00:54:29 Image size of job updated: 1248300
	1220  -  MemoryUsage of job (MB)
	1248300  -  ResidentSetSize of job (KB)
...
006 (16630220.297.000) 02/18 00:59:30 Image size of job updated: 1257128
	1228  -  MemoryUsage of job (MB)
	1257128  -  ResidentSetSize of job (KB)
...
040 (16630220.297.000) 02/18 01:33:14 Started transferring output files
...
040 (16630220.297.000) 02/18 01:33:14 Finished transferring output files
...
005 (16630220.297.000) 02/18 01:33:14 Job terminated.
	(1) Normal termination (return value 0)
		Usr 0 00:41:54, Sys 0 00:00:08  -  Run Remote Usage
		Usr 0 00:00:00, Sys 0 00:00:00  -  Run Local Usage
		Usr 0 00:41:54, Sys 0 00:00:08  -  Total Remote Usage
		Usr 0 00:00:00, Sys 0 00:00:00  -  Total Local Usage
	8155  -  Run Bytes Sent By Job
	10428  -  Run Bytes Received By Job
	8155  -  Total Bytes Sent By Job
	10428  -  Total Bytes Received By Job
	Partitionable Resources :    Usage  Request Allocated 
	   Cpus                 :     0.95        1         1 
	   Disk (KB)            :    80          12      3712 
	   GPUs                 :                           0 
	   Memory (MB)          :  1228        3000      3000 

	Job terminated of its own accord at 2025-02-18T00:33:14Z with exit-code 0.
...
