000 (16630220.030.000) 02/18 00:26:50 Job submitted from host: <188.185.72.155:9618?addrs=188.185.72.155-9618+[2001-1458-d00-8--100-95]-9618&alias=bigbird08.cern.ch&noUDP&sock=schedd_862983_22fa>
...
040 (16630220.030.000) 02/18 00:27:42 Started transferring input files
	Transferring to host: <188.185.198.142:9618?addrs=188.185.198.142-9618+[2001-1458-303-25--100-8a]-9618&alias=b9p15p5603.cern.ch&noUDP&sock=slot1_27_3956846_b5c1_4123>
...
040 (16630220.030.000) 02/18 00:27:42 Finished transferring input files
...
001 (16630220.030.000) 02/18 00:27:43 Job executing on host: <188.185.198.142:9618?addrs=188.185.198.142-9618+[2001-1458-303-25--100-8a]-9618&alias=b9p15p5603.cern.ch&noUDP&sock=startd_5776_6f1d>
	SlotName: slot1_27@b9p15p5603.cern.ch
	CondorScratchDir = "/pool/condor/dir_2434758"
	Cpus = 1
	Disk = 3768
	GPUs = 0
	Memory = 3000
...
006 (16630220.030.000) 02/18 00:27:52 Image size of job updated: 2948
	3  -  MemoryUsage of job (MB)
	2948  -  ResidentSetSize of job (KB)
...
006 (16630220.030.000) 02/18 00:32:53 Image size of job updated: 832020
	813  -  MemoryUsage of job (MB)
	832020  -  ResidentSetSize of job (KB)
...
006 (16630220.030.000) 02/18 00:37:54 Image size of job updated: 875828
	856  -  MemoryUsage of job (MB)
	875828  -  ResidentSetSize of job (KB)
...
006 (16630220.030.000) 02/18 00:42:54 Image size of job updated: 880604
	860  -  MemoryUsage of job (MB)
	880604  -  ResidentSetSize of job (KB)
...
006 (16630220.030.000) 02/18 00:47:54 Image size of job updated: 882808
	863  -  MemoryUsage of job (MB)
	882808  -  ResidentSetSize of job (KB)
...
006 (16630220.030.000) 02/18 00:52:55 Image size of job updated: 886464
	866  -  MemoryUsage of job (MB)
	886464  -  ResidentSetSize of job (KB)
...
040 (16630220.030.000) 02/18 01:23:24 Started transferring output files
...
040 (16630220.030.000) 02/18 01:23:24 Finished transferring output files
...
005 (16630220.030.000) 02/18 01:23:24 Job terminated.
	(1) Normal termination (return value 0)
		Usr 0 00:52:08, Sys 0 00:00:09  -  Run Remote Usage
		Usr 0 00:00:00, Sys 0 00:00:00  -  Run Local Usage
		Usr 0 00:52:08, Sys 0 00:00:09  -  Total Remote Usage
		Usr 0 00:00:00, Sys 0 00:00:00  -  Total Local Usage
	8152  -  Run Bytes Sent By Job
	10428  -  Run Bytes Received By Job
	8152  -  Total Bytes Sent By Job
	10428  -  Total Bytes Received By Job
	Partitionable Resources :    Usage  Request Allocated 
	   Cpus                 :     0.98        1         1 
	   Disk (KB)            :    81          12      3768 
	   GPUs                 :                           0 
	   Memory (MB)          :   866        3000      3000 

	Job terminated of its own accord at 2025-02-18T00:23:24Z with exit-code 0.
...
