000 (16630220.299.000) 02/18 00:26:51 Job submitted from host: <188.185.72.155:9618?addrs=188.185.72.155-9618+[2001-1458-d00-8--100-95]-9618&alias=bigbird08.cern.ch&noUDP&sock=schedd_862983_22fa>
...
040 (16630220.299.000) 02/18 00:49:20 Started transferring input files
	Transferring to host: <188.185.198.12:9618?addrs=188.185.198.12-9618+[2001-1458-303-25--100-8]-9618&alias=b9p15p3804.cern.ch&noUDP&sock=slot1_11_9419_4998_118911>
...
040 (16630220.299.000) 02/18 00:49:20 Finished transferring input files
...
001 (16630220.299.000) 02/18 00:49:21 Job executing on host: <188.185.198.12:9618?addrs=188.185.198.12-9618+[2001-1458-303-25--100-8]-9618&alias=b9p15p3804.cern.ch&noUDP&sock=startd_8806_c314>
	SlotName: slot1_11@b9p15p3804.cern.ch
	CondorScratchDir = "/pool/condor/dir_500836"
	Cpus = 1
	Disk = 3723
	GPUs = 0
	Memory = 3000
...
006 (16630220.299.000) 02/18 00:49:30 Image size of job updated: 89404
	88  -  MemoryUsage of job (MB)
	89404  -  ResidentSetSize of job (KB)
...
006 (16630220.299.000) 02/18 00:54:31 Image size of job updated: 160732
	157  -  MemoryUsage of job (MB)
	160732  -  ResidentSetSize of job (KB)
...
006 (16630220.299.000) 02/18 00:59:32 Image size of job updated: 166388
	163  -  MemoryUsage of job (MB)
	166388  -  ResidentSetSize of job (KB)
...
006 (16630220.299.000) 02/18 01:04:32 Image size of job updated: 177024
	173  -  MemoryUsage of job (MB)
	177024  -  ResidentSetSize of job (KB)
...
006 (16630220.299.000) 02/18 01:09:33 Image size of job updated: 180456
	177  -  MemoryUsage of job (MB)
	180456  -  ResidentSetSize of job (KB)
...
006 (16630220.299.000) 02/18 01:19:34 Image size of job updated: 197704
	194  -  MemoryUsage of job (MB)
	197704  -  ResidentSetSize of job (KB)
...
006 (16630220.299.000) 02/18 01:24:34 Image size of job updated: 201816
	198  -  MemoryUsage of job (MB)
	201816  -  ResidentSetSize of job (KB)
...
006 (16630220.299.000) 02/18 01:29:35 Image size of job updated: 205536
	201  -  MemoryUsage of job (MB)
	205536  -  ResidentSetSize of job (KB)
...
040 (16630220.299.000) 02/18 01:33:31 Started transferring output files
...
040 (16630220.299.000) 02/18 01:33:31 Finished transferring output files
...
005 (16630220.299.000) 02/18 01:33:31 Job terminated.
	(1) Normal termination (return value 0)
		Usr 0 00:43:15, Sys 0 00:00:08  -  Run Remote Usage
		Usr 0 00:00:00, Sys 0 00:00:00  -  Run Local Usage
		Usr 0 00:43:15, Sys 0 00:00:08  -  Total Remote Usage
		Usr 0 00:00:00, Sys 0 00:00:00  -  Total Local Usage
	8155  -  Run Bytes Sent By Job
	10428  -  Run Bytes Received By Job
	8155  -  Total Bytes Sent By Job
	10428  -  Total Bytes Received By Job
	Partitionable Resources :    Usage  Request Allocated 
	   Cpus                 :     0.99        1         1 
	   Disk (KB)            :    81          12      3723 
	   GPUs                 :                           0 
	   Memory (MB)          :   201        3000      3000 

	Job terminated of its own accord at 2025-02-18T00:33:31Z with exit-code 0.
...
