000 (16630220.496.000) 02/18 00:26:51 Job submitted from host: <188.185.72.155:9618?addrs=188.185.72.155-9618+[2001-1458-d00-8--100-95]-9618&alias=bigbird08.cern.ch&noUDP&sock=schedd_862983_22fa>
...
040 (16630220.496.000) 02/18 00:53:07 Started transferring input files
	Transferring to host: <128.142.196.41:9618?addrs=128.142.196.41-9618+[2001-1458-301-3c--100-27]-9618&alias=b9g32p1063.cern.ch&noUDP&sock=slot1_7_3270_c2be_3454>
...
040 (16630220.496.000) 02/18 00:53:07 Finished transferring input files
...
001 (16630220.496.000) 02/18 00:53:08 Job executing on host: <128.142.196.41:9618?addrs=128.142.196.41-9618+[2001-1458-301-3c--100-27]-9618&alias=b9g32p1063.cern.ch&noUDP&sock=startd_3042_2330>
	SlotName: slot1_7@b9g32p1063.cern.ch
	CondorScratchDir = "/pool/condor/dir_102883"
	Cpus = 1
	Disk = 3826
	GPUs = 0
	Memory = 3000
...
006 (16630220.496.000) 02/18 00:53:16 Image size of job updated: 193184
	189  -  MemoryUsage of job (MB)
	193184  -  ResidentSetSize of job (KB)
...
006 (16630220.496.000) 02/18 00:58:17 Image size of job updated: 1211000
	1183  -  MemoryUsage of job (MB)
	1211000  -  ResidentSetSize of job (KB)
...
040 (16630220.496.000) 02/18 01:36:10 Started transferring output files
...
040 (16630220.496.000) 02/18 01:36:10 Finished transferring output files
...
005 (16630220.496.000) 02/18 01:36:10 Job terminated.
	(1) Normal termination (return value 0)
		Usr 0 00:40:19, Sys 0 00:00:09  -  Run Remote Usage
		Usr 0 00:00:00, Sys 0 00:00:00  -  Run Local Usage
		Usr 0 00:40:19, Sys 0 00:00:09  -  Total Remote Usage
		Usr 0 00:00:00, Sys 0 00:00:00  -  Total Local Usage
	8155  -  Run Bytes Sent By Job
	10428  -  Run Bytes Received By Job
	8155  -  Total Bytes Sent By Job
	10428  -  Total Bytes Received By Job
	Partitionable Resources :    Usage  Request Allocated 
	   Cpus                 :     0.99        1         1 
	   Disk (KB)            :    81          12      3826 
	   GPUs                 :                           0 
	   Memory (MB)          :  1183        3000      3000 

	Job terminated of its own accord at 2025-02-18T00:36:10Z with exit-code 0.
...
