000 (16630220.336.000) 02/18 00:26:51 Job submitted from host: <188.185.72.155:9618?addrs=188.185.72.155-9618+[2001-1458-d00-8--100-95]-9618&alias=bigbird08.cern.ch&noUDP&sock=schedd_862983_22fa>
...
040 (16630220.336.000) 02/18 00:49:34 Started transferring input files
	Transferring to host: <188.185.196.15:9618?addrs=188.185.196.15-9618+[2001-1458-303-23--100-b]-9618&alias=b9p16p7545.cern.ch&noUDP&sock=slot1_2_4104111_3985_5046>
...
040 (16630220.336.000) 02/18 00:49:34 Finished transferring input files
...
001 (16630220.336.000) 02/18 00:49:35 Job executing on host: <188.185.196.15:9618?addrs=188.185.196.15-9618+[2001-1458-303-23--100-b]-9618&alias=b9p16p7545.cern.ch&noUDP&sock=startd_8400_47a0>
	SlotName: slot1_2@b9p16p7545.cern.ch
	CondorScratchDir = "/pool/condor/dir_1161205"
	Cpus = 1
	Disk = 3776
	GPUs = 0
	Memory = 3000
...
006 (16630220.336.000) 02/18 00:49:44 Image size of job updated: 94788
	93  -  MemoryUsage of job (MB)
	94788  -  ResidentSetSize of job (KB)
...
006 (16630220.336.000) 02/18 00:54:45 Image size of job updated: 126064
	124  -  MemoryUsage of job (MB)
	126064  -  ResidentSetSize of job (KB)
...
006 (16630220.336.000) 02/18 00:59:45 Image size of job updated: 164956
	162  -  MemoryUsage of job (MB)
	164956  -  ResidentSetSize of job (KB)
...
006 (16630220.336.000) 02/18 01:04:45 Image size of job updated: 172248
	169  -  MemoryUsage of job (MB)
	172248  -  ResidentSetSize of job (KB)
...
006 (16630220.336.000) 02/18 01:09:46 Image size of job updated: 175128
	172  -  MemoryUsage of job (MB)
	175128  -  ResidentSetSize of job (KB)
...
006 (16630220.336.000) 02/18 01:14:46 Image size of job updated: 178452
	175  -  MemoryUsage of job (MB)
	178452  -  ResidentSetSize of job (KB)
...
006 (16630220.336.000) 02/18 01:24:47 Image size of job updated: 190760
	187  -  MemoryUsage of job (MB)
	190760  -  ResidentSetSize of job (KB)
...
006 (16630220.336.000) 02/18 01:29:48 Image size of job updated: 192812
	189  -  MemoryUsage of job (MB)
	192812  -  ResidentSetSize of job (KB)
...
006 (16630220.336.000) 02/18 01:34:48 Image size of job updated: 197164
	193  -  MemoryUsage of job (MB)
	197164  -  ResidentSetSize of job (KB)
...
006 (16630220.336.000) 02/18 01:39:49 Image size of job updated: 199108
	195  -  MemoryUsage of job (MB)
	199108  -  ResidentSetSize of job (KB)
...
040 (16630220.336.000) 02/18 01:40:31 Started transferring output files
...
040 (16630220.336.000) 02/18 01:40:31 Finished transferring output files
...
005 (16630220.336.000) 02/18 01:40:31 Job terminated.
	(1) Normal termination (return value 0)
		Usr 0 00:50:04, Sys 0 00:00:04  -  Run Remote Usage
		Usr 0 00:00:00, Sys 0 00:00:00  -  Run Local Usage
		Usr 0 00:50:04, Sys 0 00:00:04  -  Total Remote Usage
		Usr 0 00:00:00, Sys 0 00:00:00  -  Total Local Usage
	8134  -  Run Bytes Sent By Job
	10428  -  Run Bytes Received By Job
	8134  -  Total Bytes Sent By Job
	10428  -  Total Bytes Received By Job
	Partitionable Resources :    Usage  Request Allocated 
	   Cpus                 :     0.99        1         1 
	   Disk (KB)            :    80          12      3776 
	   GPUs                 :                           0 
	   Memory (MB)          :   195        3000      3000 

	Job terminated of its own accord at 2025-02-18T00:40:31Z with exit-code 0.
...
