000 (16630220.253.000) 02/18 00:26:51 Job submitted from host: <188.185.72.155:9618?addrs=188.185.72.155-9618+[2001-1458-d00-8--100-95]-9618&alias=bigbird08.cern.ch&noUDP&sock=schedd_862983_22fa>
...
040 (16630220.253.000) 02/18 00:49:01 Started transferring input files
	Transferring to host: <188.185.192.119:9618?addrs=188.185.192.119-9618+[2001-1458-303-1f--100-73]-9618&alias=b9p13p5632.cern.ch&noUDP&sock=slot1_37_2408495_5c2e_67767>
...
040 (16630220.253.000) 02/18 00:49:01 Finished transferring input files
...
001 (16630220.253.000) 02/18 00:49:02 Job executing on host: <188.185.192.119:9618?addrs=188.185.192.119-9618+[2001-1458-303-1f--100-73]-9618&alias=b9p13p5632.cern.ch&noUDP&sock=startd_8600_7691>
	SlotName: slot1_37@b9p13p5632.cern.ch
	CondorScratchDir = "/pool/condor/dir_1612152"
	Cpus = 1
	Disk = 3716
	GPUs = 0
	Memory = 3000
...
006 (16630220.253.000) 02/18 00:49:10 Image size of job updated: 108072
	106  -  MemoryUsage of job (MB)
	108072  -  ResidentSetSize of job (KB)
...
006 (16630220.253.000) 02/18 00:54:10 Image size of job updated: 159984
	157  -  MemoryUsage of job (MB)
	159984  -  ResidentSetSize of job (KB)
...
006 (16630220.253.000) 02/18 00:59:12 Image size of job updated: 169180
	166  -  MemoryUsage of job (MB)
	169180  -  ResidentSetSize of job (KB)
...
006 (16630220.253.000) 02/18 01:04:12 Image size of job updated: 175352
	172  -  MemoryUsage of job (MB)
	175352  -  ResidentSetSize of job (KB)
...
006 (16630220.253.000) 02/18 01:09:12 Image size of job updated: 178428
	175  -  MemoryUsage of job (MB)
	178428  -  ResidentSetSize of job (KB)
...
040 (16630220.253.000) 02/18 01:33:45 Started transferring output files
...
040 (16630220.253.000) 02/18 01:33:45 Finished transferring output files
...
005 (16630220.253.000) 02/18 01:33:45 Job terminated.
	(1) Normal termination (return value 0)
		Usr 0 00:44:02, Sys 0 00:00:03  -  Run Remote Usage
		Usr 0 00:00:00, Sys 0 00:00:00  -  Run Local Usage
		Usr 0 00:44:02, Sys 0 00:00:03  -  Total Remote Usage
		Usr 0 00:00:00, Sys 0 00:00:00  -  Total Local Usage
	8155  -  Run Bytes Sent By Job
	10428  -  Run Bytes Received By Job
	8155  -  Total Bytes Sent By Job
	10428  -  Total Bytes Received By Job
	Partitionable Resources :    Usage  Request Allocated 
	   Cpus                 :     0.99        1         1 
	   Disk (KB)            :    81          12      3716 
	   GPUs                 :                           0 
	   Memory (MB)          :   175        3000      3000 

	Job terminated of its own accord at 2025-02-18T00:33:45Z with exit-code 0.
...
