000 (16630220.239.000) 02/18 00:26:51 Job submitted from host: <188.185.72.155:9618?addrs=188.185.72.155-9618+[2001-1458-d00-8--100-95]-9618&alias=bigbird08.cern.ch&noUDP&sock=schedd_862983_22fa>
...
040 (16630220.239.000) 02/18 00:48:57 Started transferring input files
	Transferring to host: <188.185.210.157:9618?addrs=188.185.210.157-9618+[2001-1458-303-15--100-19]-9618&alias=b9p22p6542.cern.ch&noUDP&sock=slot1_18_4643_29d6_147718>
...
040 (16630220.239.000) 02/18 00:48:57 Finished transferring input files
...
001 (16630220.239.000) 02/18 00:48:58 Job executing on host: <188.185.210.157:9618?addrs=188.185.210.157-9618+[2001-1458-303-15--100-19]-9618&alias=b9p22p6542.cern.ch&noUDP&sock=startd_3875_8194>
	SlotName: slot1_18@b9p22p6542.cern.ch
	CondorScratchDir = "/pool/condor/dir_563904"
	Cpus = 1
	Disk = 3739
	GPUs = 0
	Memory = 3000
...
006 (16630220.239.000) 02/18 00:49:06 Image size of job updated: 86628
	85  -  MemoryUsage of job (MB)
	86628  -  ResidentSetSize of job (KB)
...
006 (16630220.239.000) 02/18 00:54:06 Image size of job updated: 283444
	277  -  MemoryUsage of job (MB)
	283444  -  ResidentSetSize of job (KB)
...
006 (16630220.239.000) 02/18 00:59:07 Image size of job updated: 287144
	281  -  MemoryUsage of job (MB)
	287144  -  ResidentSetSize of job (KB)
...
040 (16630220.239.000) 02/18 01:34:34 Started transferring output files
...
040 (16630220.239.000) 02/18 01:34:34 Finished transferring output files
...
005 (16630220.239.000) 02/18 01:34:34 Job terminated.
	(1) Normal termination (return value 0)
		Usr 0 00:43:32, Sys 0 00:00:08  -  Run Remote Usage
		Usr 0 00:00:00, Sys 0 00:00:00  -  Run Local Usage
		Usr 0 00:43:32, Sys 0 00:00:08  -  Total Remote Usage
		Usr 0 00:00:00, Sys 0 00:00:00  -  Total Local Usage
	8153  -  Run Bytes Sent By Job
	10428  -  Run Bytes Received By Job
	8153  -  Total Bytes Sent By Job
	10428  -  Total Bytes Received By Job
	Partitionable Resources :    Usage  Request Allocated 
	   Cpus                 :     0.95        1         1 
	   Disk (KB)            :    81          12      3739 
	   GPUs                 :                           0 
	   Memory (MB)          :   281        3000      3000 

	Job terminated of its own accord at 2025-02-18T00:34:34Z with exit-code 0.
...
