000 (16630220.175.000) 02/18 00:26:50 Job submitted from host: <188.185.72.155:9618?addrs=188.185.72.155-9618+[2001-1458-d00-8--100-95]-9618&alias=bigbird08.cern.ch&noUDP&sock=schedd_862983_22fa>
...
040 (16630220.175.000) 02/18 00:48:09 Started transferring input files
	Transferring to host: <188.185.193.27:9618?addrs=188.185.193.27-9618+[2001-1458-303-20--100-17]-9618&alias=b9p19p1616.cern.ch&noUDP&sock=slot1_26_3713990_b02d_13733>
...
040 (16630220.175.000) 02/18 00:48:09 Finished transferring input files
...
001 (16630220.175.000) 02/18 00:48:10 Job executing on host: <188.185.193.27:9618?addrs=188.185.193.27-9618+[2001-1458-303-20--100-17]-9618&alias=b9p19p1616.cern.ch&noUDP&sock=startd_5876_0696>
	SlotName: slot1_26@b9p19p1616.cern.ch
	CondorScratchDir = "/pool/condor/dir_1382908"
	Cpus = 1
	Disk = 3803
	GPUs = 0
	Memory = 3000
...
006 (16630220.175.000) 02/18 00:48:19 Image size of job updated: 494184
	483  -  MemoryUsage of job (MB)
	494184  -  ResidentSetSize of job (KB)
...
006 (16630220.175.000) 02/18 00:53:20 Image size of job updated: 1224916
	1197  -  MemoryUsage of job (MB)
	1224916  -  ResidentSetSize of job (KB)
...
006 (16630220.175.000) 02/18 00:58:20 Image size of job updated: 1260860
	1232  -  MemoryUsage of job (MB)
	1260860  -  ResidentSetSize of job (KB)
...
040 (16630220.175.000) 02/18 01:47:19 Started transferring output files
...
040 (16630220.175.000) 02/18 01:47:19 Finished transferring output files
...
005 (16630220.175.000) 02/18 01:47:19 Job terminated.
	(1) Normal termination (return value 0)
		Usr 0 00:57:22, Sys 0 00:00:07  -  Run Remote Usage
		Usr 0 00:00:00, Sys 0 00:00:00  -  Run Local Usage
		Usr 0 00:57:22, Sys 0 00:00:07  -  Total Remote Usage
		Usr 0 00:00:00, Sys 0 00:00:00  -  Total Local Usage
	8155  -  Run Bytes Sent By Job
	10428  -  Run Bytes Received By Job
	8155  -  Total Bytes Sent By Job
	10428  -  Total Bytes Received By Job
	Partitionable Resources :    Usage  Request Allocated 
	   Cpus                 :     0.99        1         1 
	   Disk (KB)            :    81          12      3803 
	   GPUs                 :                           0 
	   Memory (MB)          :  1232        3000      3000 

	Job terminated of its own accord at 2025-02-18T00:47:19Z with exit-code 0.
...
