000 (16630220.082.000) 02/18 00:26:50 Job submitted from host: <188.185.72.155:9618?addrs=188.185.72.155-9618+[2001-1458-d00-8--100-95]-9618&alias=bigbird08.cern.ch&noUDP&sock=schedd_862983_22fa>
...
040 (16630220.082.000) 02/18 00:27:58 Started transferring input files
	Transferring to host: <128.142.161.74:9618?addrs=128.142.161.74-9618+[2001-1458-301-b8--100-8]-9618&alias=b9g03p5829.cern.ch&noUDP&sock=slot1_25_3030_a8b4_2974>
...
040 (16630220.082.000) 02/18 00:27:58 Finished transferring input files
...
001 (16630220.082.000) 02/18 00:27:59 Job executing on host: <128.142.161.74:9618?addrs=128.142.161.74-9618+[2001-1458-301-b8--100-8]-9618&alias=b9g03p5829.cern.ch&noUDP&sock=startd_2549_faff>
	SlotName: slot1_25@b9g03p5829.cern.ch
	CondorScratchDir = "/pool/condor/dir_2395579"
	Cpus = 1
	Disk = 4043
	GPUs = 0
	Memory = 3000
...
006 (16630220.082.000) 02/18 00:28:08 Image size of job updated: 97104
	95  -  MemoryUsage of job (MB)
	97104  -  ResidentSetSize of job (KB)
...
006 (16630220.082.000) 02/18 00:33:09 Image size of job updated: 315692
	309  -  MemoryUsage of job (MB)
	315692  -  ResidentSetSize of job (KB)
...
006 (16630220.082.000) 02/18 00:38:10 Image size of job updated: 356036
	348  -  MemoryUsage of job (MB)
	356036  -  ResidentSetSize of job (KB)
...
006 (16630220.082.000) 02/18 00:43:10 Image size of job updated: 359648
	352  -  MemoryUsage of job (MB)
	359648  -  ResidentSetSize of job (KB)
...
006 (16630220.082.000) 02/18 00:48:11 Image size of job updated: 364764
	357  -  MemoryUsage of job (MB)
	364764  -  ResidentSetSize of job (KB)
...
006 (16630220.082.000) 02/18 00:53:12 Image size of job updated: 367480
	359  -  MemoryUsage of job (MB)
	367480  -  ResidentSetSize of job (KB)
...
006 (16630220.082.000) 02/18 00:58:12 Image size of job updated: 369372
	361  -  MemoryUsage of job (MB)
	369372  -  ResidentSetSize of job (KB)
...
040 (16630220.082.000) 02/18 01:34:58 Started transferring output files
...
040 (16630220.082.000) 02/18 01:34:58 Finished transferring output files
...
005 (16630220.082.000) 02/18 01:34:58 Job terminated.
	(1) Normal termination (return value 0)
		Usr 0 01:03:10, Sys 0 00:00:09  -  Run Remote Usage
		Usr 0 00:00:00, Sys 0 00:00:00  -  Run Local Usage
		Usr 0 01:03:10, Sys 0 00:00:09  -  Total Remote Usage
		Usr 0 00:00:00, Sys 0 00:00:00  -  Total Local Usage
	8152  -  Run Bytes Sent By Job
	10428  -  Run Bytes Received By Job
	8152  -  Total Bytes Sent By Job
	10428  -  Total Bytes Received By Job
	Partitionable Resources :    Usage  Request Allocated 
	   Cpus                 :     0.98        1         1 
	   Disk (KB)            :    80          12      4043 
	   GPUs                 :                           0 
	   Memory (MB)          :   361        3000      3000 

	Job terminated of its own accord at 2025-02-18T00:34:57Z with exit-code 0.
...
