000 (16630220.213.000) 02/18 00:26:50 Job submitted from host: <188.185.72.155:9618?addrs=188.185.72.155-9618+[2001-1458-d00-8--100-95]-9618&alias=bigbird08.cern.ch&noUDP&sock=schedd_862983_22fa>
...
040 (16630220.213.000) 02/18 00:48:38 Started transferring input files
	Transferring to host: <188.185.194.151:9618?addrs=188.185.194.151-9618+[2001-1458-303-21--100-93]-9618&alias=b9p20p8169.cern.ch&noUDP&sock=slot1_30_7203_ea3e_117374>
...
040 (16630220.213.000) 02/18 00:48:38 Finished transferring input files
...
001 (16630220.213.000) 02/18 00:48:39 Job executing on host: <188.185.194.151:9618?addrs=188.185.194.151-9618+[2001-1458-303-21--100-93]-9618&alias=b9p20p8169.cern.ch&noUDP&sock=startd_5733_f08b>
	SlotName: slot1_30@b9p20p8169.cern.ch
	CondorScratchDir = "/pool/condor/dir_869717"
	Cpus = 1
	Disk = 3850
	GPUs = 0
	Memory = 3000
...
006 (16630220.213.000) 02/18 00:48:48 Image size of job updated: 134156
	132  -  MemoryUsage of job (MB)
	134156  -  ResidentSetSize of job (KB)
...
006 (16630220.213.000) 02/18 00:53:49 Image size of job updated: 180924
	177  -  MemoryUsage of job (MB)
	180924  -  ResidentSetSize of job (KB)
...
006 (16630220.213.000) 02/18 00:58:49 Image size of job updated: 187440
	184  -  MemoryUsage of job (MB)
	187440  -  ResidentSetSize of job (KB)
...
006 (16630220.213.000) 02/18 01:08:51 Image size of job updated: 190072
	186  -  MemoryUsage of job (MB)
	190072  -  ResidentSetSize of job (KB)
...
006 (16630220.213.000) 02/18 01:13:51 Image size of job updated: 194424
	190  -  MemoryUsage of job (MB)
	194424  -  ResidentSetSize of job (KB)
...
006 (16630220.213.000) 02/18 01:18:51 Image size of job updated: 200908
	197  -  MemoryUsage of job (MB)
	200908  -  ResidentSetSize of job (KB)
...
040 (16630220.213.000) 02/18 01:21:04 Started transferring output files
...
040 (16630220.213.000) 02/18 01:21:04 Finished transferring output files
...
005 (16630220.213.000) 02/18 01:21:04 Job terminated.
	(1) Normal termination (return value 0)
		Usr 0 00:31:49, Sys 0 00:00:02  -  Run Remote Usage
		Usr 0 00:00:00, Sys 0 00:00:00  -  Run Local Usage
		Usr 0 00:31:49, Sys 0 00:00:02  -  Total Remote Usage
		Usr 0 00:00:00, Sys 0 00:00:00  -  Total Local Usage
	8155  -  Run Bytes Sent By Job
	10428  -  Run Bytes Received By Job
	8155  -  Total Bytes Sent By Job
	10428  -  Total Bytes Received By Job
	Partitionable Resources :    Usage  Request Allocated 
	   Cpus                 :     1.00        1         1 
	   Disk (KB)            :    81          12      3850 
	   GPUs                 :                           0 
	   Memory (MB)          :   197        3000      3000 

	Job terminated of its own accord at 2025-02-18T00:21:04Z with exit-code 0.
...
