000 (16630220.212.000) 02/18 00:26:50 Job submitted from host: <188.185.72.155:9618?addrs=188.185.72.155-9618+[2001-1458-d00-8--100-95]-9618&alias=bigbird08.cern.ch&noUDP&sock=schedd_862983_22fa>
...
040 (16630220.212.000) 02/18 00:48:37 Started transferring input files
	Transferring to host: <188.185.209.175:9618?addrs=188.185.209.175-9618+[2001-1458-303-12--100-2c]-9618&alias=b9p12p7804.cern.ch&noUDP&sock=slot1_33_4125_2f81_126109>
...
040 (16630220.212.000) 02/18 00:48:37 Finished transferring input files
...
001 (16630220.212.000) 02/18 00:48:38 Job executing on host: <188.185.209.175:9618?addrs=188.185.209.175-9618+[2001-1458-303-12--100-2c]-9618&alias=b9p12p7804.cern.ch&noUDP&sock=startd_3499_99f8>
	SlotName: slot1_33@b9p12p7804.cern.ch
	CondorScratchDir = "/pool/condor/dir_1524748"
	Cpus = 1
	Disk = 3629
	GPUs = 0
	Memory = 3000
...
006 (16630220.212.000) 02/18 00:48:47 Image size of job updated: 88592
	87  -  MemoryUsage of job (MB)
	88592  -  ResidentSetSize of job (KB)
...
006 (16630220.212.000) 02/18 00:53:48 Image size of job updated: 165152
	162  -  MemoryUsage of job (MB)
	165152  -  ResidentSetSize of job (KB)
...
006 (16630220.212.000) 02/18 00:58:48 Image size of job updated: 173688
	170  -  MemoryUsage of job (MB)
	173688  -  ResidentSetSize of job (KB)
...
006 (16630220.212.000) 02/18 01:08:50 Image size of job updated: 189880
	186  -  MemoryUsage of job (MB)
	189880  -  ResidentSetSize of job (KB)
...
006 (16630220.212.000) 02/18 01:13:50 Image size of job updated: 196292
	192  -  MemoryUsage of job (MB)
	196292  -  ResidentSetSize of job (KB)
...
040 (16630220.212.000) 02/18 01:18:19 Started transferring output files
...
040 (16630220.212.000) 02/18 01:18:19 Finished transferring output files
...
005 (16630220.212.000) 02/18 01:18:19 Job terminated.
	(1) Normal termination (return value 0)
		Usr 0 00:28:46, Sys 0 00:00:06  -  Run Remote Usage
		Usr 0 00:00:00, Sys 0 00:00:00  -  Run Local Usage
		Usr 0 00:28:46, Sys 0 00:00:06  -  Total Remote Usage
		Usr 0 00:00:00, Sys 0 00:00:00  -  Total Local Usage
	8155  -  Run Bytes Sent By Job
	10428  -  Run Bytes Received By Job
	8155  -  Total Bytes Sent By Job
	10428  -  Total Bytes Received By Job
	Partitionable Resources :    Usage  Request Allocated 
	   Cpus                 :     0.99        1         1 
	   Disk (KB)            :    84          12      3629 
	   GPUs                 :                           0 
	   Memory (MB)          :   192        3000      3000 

	Job terminated of its own accord at 2025-02-18T00:18:19Z with exit-code 0.
...
