000 (16630220.321.000) 02/18 00:26:51 Job submitted from host: <188.185.72.155:9618?addrs=188.185.72.155-9618+[2001-1458-d00-8--100-95]-9618&alias=bigbird08.cern.ch&noUDP&sock=schedd_862983_22fa>
...
040 (16630220.321.000) 02/18 00:49:31 Started transferring input files
	Transferring to host: <128.142.132.89:9618?addrs=128.142.132.89-9618+[2001-1458-301-5a--100-4d]-9618&alias=b9g12p2718.cern.ch&noUDP&sock=slot1_5_2727_2b08_5899>
...
040 (16630220.321.000) 02/18 00:49:31 Finished transferring input files
...
001 (16630220.321.000) 02/18 00:49:32 Job executing on host: <128.142.132.89:9618?addrs=128.142.132.89-9618+[2001-1458-301-5a--100-4d]-9618&alias=b9g12p2718.cern.ch&noUDP&sock=startd_2385_7d77>
	SlotName: slot1_5@b9g12p2718.cern.ch
	CondorScratchDir = "/pool/condor/dir_1976445"
	Cpus = 1
	Disk = 2597
	GPUs = 0
	Memory = 3000
...
006 (16630220.321.000) 02/18 00:49:41 Image size of job updated: 269416
	264  -  MemoryUsage of job (MB)
	269416  -  ResidentSetSize of job (KB)
...
006 (16630220.321.000) 02/18 00:54:42 Image size of job updated: 880828
	861  -  MemoryUsage of job (MB)
	880828  -  ResidentSetSize of job (KB)
...
040 (16630220.321.000) 02/18 01:55:06 Started transferring output files
...
040 (16630220.321.000) 02/18 01:55:06 Finished transferring output files
...
005 (16630220.321.000) 02/18 01:55:06 Job terminated.
	(1) Normal termination (return value 0)
		Usr 0 01:03:38, Sys 0 00:00:07  -  Run Remote Usage
		Usr 0 00:00:00, Sys 0 00:00:00  -  Run Local Usage
		Usr 0 01:03:38, Sys 0 00:00:07  -  Total Remote Usage
		Usr 0 00:00:00, Sys 0 00:00:00  -  Total Local Usage
	8155  -  Run Bytes Sent By Job
	10428  -  Run Bytes Received By Job
	8155  -  Total Bytes Sent By Job
	10428  -  Total Bytes Received By Job
	Partitionable Resources :    Usage  Request Allocated 
	   Cpus                 :     0.99        1         1 
	   Disk (KB)            :    81          12      2597 
	   GPUs                 :                           0 
	   Memory (MB)          :   861        3000      3000 

	Job terminated of its own accord at 2025-02-18T00:55:06Z with exit-code 0.
...
