000 (16630220.470.000) 02/18 00:26:51 Job submitted from host: <188.185.72.155:9618?addrs=188.185.72.155-9618+[2001-1458-d00-8--100-95]-9618&alias=bigbird08.cern.ch&noUDP&sock=schedd_862983_22fa>
...
040 (16630220.470.000) 02/18 00:52:57 Started transferring input files
	Transferring to host: <128.142.131.126:9618?addrs=128.142.131.126-9618+[2001-1458-301-59--100-72]-9618&alias=b9g11p0365.cern.ch&noUDP&sock=slot1_20_3018_3434_75136>
...
040 (16630220.470.000) 02/18 00:52:57 Finished transferring input files
...
001 (16630220.470.000) 02/18 00:52:58 Job executing on host: <128.142.131.126:9618?addrs=128.142.131.126-9618+[2001-1458-301-59--100-72]-9618&alias=b9g11p0365.cern.ch&noUDP&sock=startd_2644_247e>
	SlotName: slot1_20@b9g11p0365.cern.ch
	CondorScratchDir = "/pool/condor/dir_3965269"
	Cpus = 1
	Disk = 2549
	GPUs = 0
	Memory = 3000
...
006 (16630220.470.000) 02/18 00:53:07 Image size of job updated: 87992
	86  -  MemoryUsage of job (MB)
	87992  -  ResidentSetSize of job (KB)
...
006 (16630220.470.000) 02/18 00:58:08 Image size of job updated: 162888
	160  -  MemoryUsage of job (MB)
	162888  -  ResidentSetSize of job (KB)
...
006 (16630220.470.000) 02/18 01:03:09 Image size of job updated: 171988
	168  -  MemoryUsage of job (MB)
	171988  -  ResidentSetSize of job (KB)
...
006 (16630220.470.000) 02/18 01:08:09 Image size of job updated: 177836
	174  -  MemoryUsage of job (MB)
	177836  -  ResidentSetSize of job (KB)
...
006 (16630220.470.000) 02/18 01:13:10 Image size of job updated: 180632
	177  -  MemoryUsage of job (MB)
	180632  -  ResidentSetSize of job (KB)
...
006 (16630220.470.000) 02/18 01:23:11 Image size of job updated: 196332
	192  -  MemoryUsage of job (MB)
	196332  -  ResidentSetSize of job (KB)
...
006 (16630220.470.000) 02/18 01:28:11 Image size of job updated: 198132
	194  -  MemoryUsage of job (MB)
	198132  -  ResidentSetSize of job (KB)
...
006 (16630220.470.000) 02/18 01:33:12 Image size of job updated: 202016
	198  -  MemoryUsage of job (MB)
	202016  -  ResidentSetSize of job (KB)
...
040 (16630220.470.000) 02/18 01:35:39 Started transferring output files
...
040 (16630220.470.000) 02/18 01:35:39 Finished transferring output files
...
005 (16630220.470.000) 02/18 01:35:39 Job terminated.
	(1) Normal termination (return value 0)
		Usr 0 00:42:02, Sys 0 00:00:03  -  Run Remote Usage
		Usr 0 00:00:00, Sys 0 00:00:00  -  Run Local Usage
		Usr 0 00:42:02, Sys 0 00:00:03  -  Total Remote Usage
		Usr 0 00:00:00, Sys 0 00:00:00  -  Total Local Usage
	8155  -  Run Bytes Sent By Job
	10428  -  Run Bytes Received By Job
	8155  -  Total Bytes Sent By Job
	10428  -  Total Bytes Received By Job
	Partitionable Resources :    Usage  Request Allocated 
	   Cpus                 :     0.99        1         1 
	   Disk (KB)            :    81          12      2549 
	   GPUs                 :                           0 
	   Memory (MB)          :   198        3000      3000 

	Job terminated of its own accord at 2025-02-18T00:35:39Z with exit-code 0.
...
