000 (16630220.002.000) 02/18 00:26:50 Job submitted from host: <188.185.72.155:9618?addrs=188.185.72.155-9618+[2001-1458-d00-8--100-95]-9618&alias=bigbird08.cern.ch&noUDP&sock=schedd_862983_22fa>
...
040 (16630220.002.000) 02/18 00:27:32 Started transferring input files
	Transferring to host: <128.142.161.140:9618?addrs=128.142.161.140-9618+[2001-1458-301-b9--100-9]-9618&alias=b9g03p3557.cern.ch&noUDP&sock=slot1_15_1097465_1fad_2111>
...
040 (16630220.002.000) 02/18 00:27:32 Finished transferring input files
...
001 (16630220.002.000) 02/18 00:27:33 Job executing on host: <128.142.161.140:9618?addrs=128.142.161.140-9618+[2001-1458-301-b9--100-9]-9618&alias=b9g03p3557.cern.ch&noUDP&sock=startd_6698_d96f>
	SlotName: slot1_15@b9g03p3557.cern.ch
	CondorScratchDir = "/pool/condor/dir_4124101"
	Cpus = 1
	Disk = 3994
	GPUs = 0
	Memory = 3000
...
006 (16630220.002.000) 02/18 00:27:42 Image size of job updated: 170956
	167  -  MemoryUsage of job (MB)
	170956  -  ResidentSetSize of job (KB)
...
006 (16630220.002.000) 02/18 00:32:43 Image size of job updated: 1244944
	1216  -  MemoryUsage of job (MB)
	1244944  -  ResidentSetSize of job (KB)
...
006 (16630220.002.000) 02/18 00:37:44 Image size of job updated: 1251292
	1222  -  MemoryUsage of job (MB)
	1251292  -  ResidentSetSize of job (KB)
...
006 (16630220.002.000) 02/18 00:42:44 Image size of job updated: 1257552
	1229  -  MemoryUsage of job (MB)
	1257552  -  ResidentSetSize of job (KB)
...
006 (16630220.002.000) 02/18 00:47:44 Image size of job updated: 1260384
	1231  -  MemoryUsage of job (MB)
	1260384  -  ResidentSetSize of job (KB)
...
006 (16630220.002.000) 02/18 00:57:45 Image size of job updated: 1267808
	1239  -  MemoryUsage of job (MB)
	1267808  -  ResidentSetSize of job (KB)
...
040 (16630220.002.000) 02/18 01:22:29 Started transferring output files
...
040 (16630220.002.000) 02/18 01:22:29 Finished transferring output files
...
005 (16630220.002.000) 02/18 01:22:29 Job terminated.
	(1) Normal termination (return value 0)
		Usr 0 00:50:40, Sys 0 00:00:07  -  Run Remote Usage
		Usr 0 00:00:00, Sys 0 00:00:00  -  Run Local Usage
		Usr 0 00:50:40, Sys 0 00:00:07  -  Total Remote Usage
		Usr 0 00:00:00, Sys 0 00:00:00  -  Total Local Usage
	8149  -  Run Bytes Sent By Job
	10428  -  Run Bytes Received By Job
	8149  -  Total Bytes Sent By Job
	10428  -  Total Bytes Received By Job
	Partitionable Resources :    Usage  Request Allocated 
	   Cpus                 :     0.95        1         1 
	   Disk (KB)            :    81          12      3994 
	   GPUs                 :                           0 
	   Memory (MB)          :  1239        3000      3000 

	Job terminated of its own accord at 2025-02-18T00:22:29Z with exit-code 0.
...
