000 (16630220.454.000) 02/18 00:26:51 Job submitted from host: <188.185.72.155:9618?addrs=188.185.72.155-9618+[2001-1458-d00-8--100-95]-9618&alias=bigbird08.cern.ch&noUDP&sock=schedd_862983_22fa>
...
040 (16630220.454.000) 02/18 00:52:53 Started transferring input files
	Transferring to host: <128.142.240.26:9618?addrs=128.142.240.26-9618+[2001-1458-301-11--100-1a]-9618&alias=b9g29p0819.cern.ch&noUDP&sock=slot1_34_8401_03af_126869>
...
040 (16630220.454.000) 02/18 00:52:53 Finished transferring input files
...
001 (16630220.454.000) 02/18 00:52:54 Job executing on host: <128.142.240.26:9618?addrs=128.142.240.26-9618+[2001-1458-301-11--100-1a]-9618&alias=b9g29p0819.cern.ch&noUDP&sock=startd_7173_a8ec>
	SlotName: slot1_34@b9g29p0819.cern.ch
	CondorScratchDir = "/pool/condor/dir_1959316"
	Cpus = 1
	Disk = 3731
	GPUs = 0
	Memory = 3000
...
006 (16630220.454.000) 02/18 00:53:03 Image size of job updated: 495468
	484  -  MemoryUsage of job (MB)
	495468  -  ResidentSetSize of job (KB)
...
006 (16630220.454.000) 02/18 00:58:04 Image size of job updated: 1242432
	1214  -  MemoryUsage of job (MB)
	1242432  -  ResidentSetSize of job (KB)
...
040 (16630220.454.000) 02/18 01:26:25 Started transferring output files
...
040 (16630220.454.000) 02/18 01:26:25 Finished transferring output files
...
005 (16630220.454.000) 02/18 01:26:25 Job terminated.
	(1) Normal termination (return value 0)
		Usr 0 00:32:11, Sys 0 00:00:06  -  Run Remote Usage
		Usr 0 00:00:00, Sys 0 00:00:00  -  Run Local Usage
		Usr 0 00:32:11, Sys 0 00:00:06  -  Total Remote Usage
		Usr 0 00:00:00, Sys 0 00:00:00  -  Total Local Usage
	8155  -  Run Bytes Sent By Job
	10428  -  Run Bytes Received By Job
	8155  -  Total Bytes Sent By Job
	10428  -  Total Bytes Received By Job
	Partitionable Resources :    Usage  Request Allocated 
	   Cpus                 :     0.99        1         1 
	   Disk (KB)            :    81          12      3731 
	   GPUs                 :                           0 
	   Memory (MB)          :  1214        3000      3000 

	Job terminated of its own accord at 2025-02-18T00:26:25Z with exit-code 0.
...
