000 (16630220.034.000) 02/18 00:26:50 Job submitted from host: <188.185.72.155:9618?addrs=188.185.72.155-9618+[2001-1458-d00-8--100-95]-9618&alias=bigbird08.cern.ch&noUDP&sock=schedd_862983_22fa>
...
040 (16630220.034.000) 02/18 00:27:44 Started transferring input files
	Transferring to host: <128.142.132.104:9618?addrs=128.142.132.104-9618+[2001-1458-301-5a--100-5c]-9618&alias=b9g12p5821.cern.ch&noUDP&sock=slot1_31_2789_da4a_75501>
...
040 (16630220.034.000) 02/18 00:27:44 Finished transferring input files
...
001 (16630220.034.000) 02/18 00:27:45 Job executing on host: <128.142.132.104:9618?addrs=128.142.132.104-9618+[2001-1458-301-5a--100-5c]-9618&alias=b9g12p5821.cern.ch&noUDP&sock=startd_2427_4c71>
	SlotName: slot1_31@b9g12p5821.cern.ch
	CondorScratchDir = "/pool/condor/dir_1871909"
	Cpus = 1
	Disk = 2661
	GPUs = 0
	Memory = 3000
...
006 (16630220.034.000) 02/18 00:27:53 Image size of job updated: 171100
	168  -  MemoryUsage of job (MB)
	171100  -  ResidentSetSize of job (KB)
...
006 (16630220.034.000) 02/18 00:32:53 Image size of job updated: 820916
	802  -  MemoryUsage of job (MB)
	820916  -  ResidentSetSize of job (KB)
...
006 (16630220.034.000) 02/18 00:37:54 Image size of job updated: 860424
	841  -  MemoryUsage of job (MB)
	860424  -  ResidentSetSize of job (KB)
...
006 (16630220.034.000) 02/18 00:42:54 Image size of job updated: 862804
	843  -  MemoryUsage of job (MB)
	862804  -  ResidentSetSize of job (KB)
...
006 (16630220.034.000) 02/18 00:47:54 Image size of job updated: 864136
	844  -  MemoryUsage of job (MB)
	864136  -  ResidentSetSize of job (KB)
...
006 (16630220.034.000) 02/18 00:52:55 Image size of job updated: 866264
	846  -  MemoryUsage of job (MB)
	866264  -  ResidentSetSize of job (KB)
...
006 (16630220.034.000) 02/18 00:57:56 Image size of job updated: 870816
	851  -  MemoryUsage of job (MB)
	870816  -  ResidentSetSize of job (KB)
...
040 (16630220.034.000) 02/18 01:40:36 Started transferring output files
...
040 (16630220.034.000) 02/18 01:40:36 Finished transferring output files
...
005 (16630220.034.000) 02/18 01:40:36 Job terminated.
	(1) Normal termination (return value 0)
		Usr 0 01:08:28, Sys 0 00:00:09  -  Run Remote Usage
		Usr 0 00:00:00, Sys 0 00:00:00  -  Run Local Usage
		Usr 0 01:08:28, Sys 0 00:00:09  -  Total Remote Usage
		Usr 0 00:00:00, Sys 0 00:00:00  -  Total Local Usage
	8152  -  Run Bytes Sent By Job
	10428  -  Run Bytes Received By Job
	8152  -  Total Bytes Sent By Job
	10428  -  Total Bytes Received By Job
	Partitionable Resources :    Usage  Request Allocated 
	   Cpus                 :     0.98        1         1 
	   Disk (KB)            :    81          12      2661 
	   GPUs                 :                           0 
	   Memory (MB)          :   851        3000      3000 

	Job terminated of its own accord at 2025-02-18T00:40:36Z with exit-code 0.
...
