000 (16630220.122.000) 02/18 00:26:50 Job submitted from host: <188.185.72.155:9618?addrs=188.185.72.155-9618+[2001-1458-d00-8--100-95]-9618&alias=bigbird08.cern.ch&noUDP&sock=schedd_862983_22fa>
...
040 (16630220.122.000) 02/18 00:42:51 Started transferring input files
	Transferring to host: <188.185.213.145:9618?addrs=188.185.213.145-9618+[2001-1458-303-1b--100-d]-9618&alias=b9p28p6428.cern.ch&noUDP&sock=slot1_19_4076881_39f2_31619>
...
040 (16630220.122.000) 02/18 00:42:51 Finished transferring input files
...
001 (16630220.122.000) 02/18 00:42:52 Job executing on host: <188.185.213.145:9618?addrs=188.185.213.145-9618+[2001-1458-303-1b--100-d]-9618&alias=b9p28p6428.cern.ch&noUDP&sock=startd_2909_e917>
	SlotName: slot1_19@b9p28p6428.cern.ch
	CondorScratchDir = "/pool/condor/dir_3045855"
	Cpus = 1
	Disk = 3771
	GPUs = 0
	Memory = 3000
...
006 (16630220.122.000) 02/18 00:43:01 Image size of job updated: 149136
	146  -  MemoryUsage of job (MB)
	149136  -  ResidentSetSize of job (KB)
...
006 (16630220.122.000) 02/18 00:48:02 Image size of job updated: 324524
	317  -  MemoryUsage of job (MB)
	324524  -  ResidentSetSize of job (KB)
...
006 (16630220.122.000) 02/18 00:53:02 Image size of job updated: 362440
	354  -  MemoryUsage of job (MB)
	362440  -  ResidentSetSize of job (KB)
...
006 (16630220.122.000) 02/18 00:58:02 Image size of job updated: 367572
	359  -  MemoryUsage of job (MB)
	367572  -  ResidentSetSize of job (KB)
...
040 (16630220.122.000) 02/18 01:30:50 Started transferring output files
...
040 (16630220.122.000) 02/18 01:30:50 Finished transferring output files
...
005 (16630220.122.000) 02/18 01:30:50 Job terminated.
	(1) Normal termination (return value 0)
		Usr 0 00:43:56, Sys 0 00:00:21  -  Run Remote Usage
		Usr 0 00:00:00, Sys 0 00:00:00  -  Run Local Usage
		Usr 0 00:43:56, Sys 0 00:00:21  -  Total Remote Usage
		Usr 0 00:00:00, Sys 0 00:00:00  -  Total Local Usage
	8153  -  Run Bytes Sent By Job
	10428  -  Run Bytes Received By Job
	8153  -  Total Bytes Sent By Job
	10428  -  Total Bytes Received By Job
	Partitionable Resources :    Usage  Request Allocated 
	   Cpus                 :     0.98        1         1 
	   Disk (KB)            :    81          12      3771 
	   GPUs                 :                           0 
	   Memory (MB)          :   359        3000      3000 

	Job terminated of its own accord at 2025-02-18T00:30:50Z with exit-code 0.
...
