000 (16630220.495.000) 02/18 00:26:51 Job submitted from host: <188.185.72.155:9618?addrs=188.185.72.155-9618+[2001-1458-d00-8--100-95]-9618&alias=bigbird08.cern.ch&noUDP&sock=schedd_862983_22fa>
...
040 (16630220.495.000) 02/18 00:53:06 Started transferring input files
	Transferring to host: <128.142.240.13:9618?addrs=128.142.240.13-9618+[2001-1458-301-11--100-d]-9618&alias=b9g29p4811.cern.ch&noUDP&sock=slot1_26_3851569_8a28_105981>
...
040 (16630220.495.000) 02/18 00:53:06 Finished transferring input files
...
001 (16630220.495.000) 02/18 00:53:07 Job executing on host: <128.142.240.13:9618?addrs=128.142.240.13-9618+[2001-1458-301-11--100-d]-9618&alias=b9g29p4811.cern.ch&noUDP&sock=startd_3851460_c9ab>
	SlotName: slot1_26@b9g29p4811.cern.ch
	CondorScratchDir = "/pool/condor/dir_1620484"
	Cpus = 1
	Disk = 3746
	GPUs = 0
	Memory = 3000
...
006 (16630220.495.000) 02/18 00:53:15 Image size of job updated: 87780
	86  -  MemoryUsage of job (MB)
	87780  -  ResidentSetSize of job (KB)
...
006 (16630220.495.000) 02/18 00:58:15 Image size of job updated: 163292
	160  -  MemoryUsage of job (MB)
	163292  -  ResidentSetSize of job (KB)
...
006 (16630220.495.000) 02/18 01:03:16 Image size of job updated: 174656
	171  -  MemoryUsage of job (MB)
	174656  -  ResidentSetSize of job (KB)
...
006 (16630220.495.000) 02/18 01:08:16 Image size of job updated: 179216
	176  -  MemoryUsage of job (MB)
	179216  -  ResidentSetSize of job (KB)
...
006 (16630220.495.000) 02/18 01:18:17 Image size of job updated: 190572
	187  -  MemoryUsage of job (MB)
	190572  -  ResidentSetSize of job (KB)
...
006 (16630220.495.000) 02/18 01:23:18 Image size of job updated: 196468
	192  -  MemoryUsage of job (MB)
	196468  -  ResidentSetSize of job (KB)
...
040 (16630220.495.000) 02/18 01:27:47 Started transferring output files
...
040 (16630220.495.000) 02/18 01:27:47 Finished transferring output files
...
005 (16630220.495.000) 02/18 01:27:47 Job terminated.
	(1) Normal termination (return value 0)
		Usr 0 00:33:27, Sys 0 00:00:15  -  Run Remote Usage
		Usr 0 00:00:00, Sys 0 00:00:00  -  Run Local Usage
		Usr 0 00:33:27, Sys 0 00:00:15  -  Total Remote Usage
		Usr 0 00:00:00, Sys 0 00:00:00  -  Total Local Usage
	8155  -  Run Bytes Sent By Job
	10428  -  Run Bytes Received By Job
	8155  -  Total Bytes Sent By Job
	10428  -  Total Bytes Received By Job
	Partitionable Resources :    Usage  Request Allocated 
	   Cpus                 :     0.98        1         1 
	   Disk (KB)            :    81          12      3746 
	   GPUs                 :                           0 
	   Memory (MB)          :   192        3000      3000 

	Job terminated of its own accord at 2025-02-18T00:27:47Z with exit-code 0.
...
