000 (16630220.318.000) 02/18 00:26:51 Job submitted from host: <188.185.72.155:9618?addrs=188.185.72.155-9618+[2001-1458-d00-8--100-95]-9618&alias=bigbird08.cern.ch&noUDP&sock=schedd_862983_22fa>
...
040 (16630220.318.000) 02/18 00:49:26 Started transferring input files
	Transferring to host: <188.185.213.185:9618?addrs=188.185.213.185-9618+[2001-1458-303-1b--100-35]-9618&alias=b9p28p5486.cern.ch&noUDP&sock=slot1_10_2528560_03a0_96803>
...
040 (16630220.318.000) 02/18 00:49:26 Finished transferring input files
...
001 (16630220.318.000) 02/18 00:49:27 Job executing on host: <188.185.213.185:9618?addrs=188.185.213.185-9618+[2001-1458-303-1b--100-35]-9618&alias=b9p28p5486.cern.ch&noUDP&sock=startd_2942_8bb7>
	SlotName: slot1_10@b9p28p5486.cern.ch
	CondorScratchDir = "/pool/condor/dir_1880298"
	Cpus = 1
	Disk = 3760
	GPUs = 0
	Memory = 3000
...
006 (16630220.318.000) 02/18 00:49:36 Image size of job updated: 87700
	86  -  MemoryUsage of job (MB)
	87700  -  ResidentSetSize of job (KB)
...
006 (16630220.318.000) 02/18 00:54:37 Image size of job updated: 126328
	124  -  MemoryUsage of job (MB)
	126328  -  ResidentSetSize of job (KB)
...
006 (16630220.318.000) 02/18 00:59:38 Image size of job updated: 168584
	165  -  MemoryUsage of job (MB)
	168584  -  ResidentSetSize of job (KB)
...
006 (16630220.318.000) 02/18 01:04:38 Image size of job updated: 173748
	170  -  MemoryUsage of job (MB)
	173748  -  ResidentSetSize of job (KB)
...
006 (16630220.318.000) 02/18 01:09:38 Image size of job updated: 176820
	173  -  MemoryUsage of job (MB)
	176820  -  ResidentSetSize of job (KB)
...
006 (16630220.318.000) 02/18 01:19:39 Image size of job updated: 190268
	186  -  MemoryUsage of job (MB)
	190268  -  ResidentSetSize of job (KB)
...
006 (16630220.318.000) 02/18 01:24:39 Image size of job updated: 194360
	190  -  MemoryUsage of job (MB)
	194360  -  ResidentSetSize of job (KB)
...
006 (16630220.318.000) 02/18 01:29:40 Image size of job updated: 197456
	193  -  MemoryUsage of job (MB)
	197456  -  ResidentSetSize of job (KB)
...
006 (16630220.318.000) 02/18 01:34:41 Image size of job updated: 204628
	200  -  MemoryUsage of job (MB)
	204628  -  ResidentSetSize of job (KB)
...
040 (16630220.318.000) 02/18 01:37:27 Started transferring output files
...
040 (16630220.318.000) 02/18 01:37:27 Finished transferring output files
...
005 (16630220.318.000) 02/18 01:37:27 Job terminated.
	(1) Normal termination (return value 0)
		Usr 0 00:44:51, Sys 0 00:00:15  -  Run Remote Usage
		Usr 0 00:00:00, Sys 0 00:00:00  -  Run Local Usage
		Usr 0 00:44:51, Sys 0 00:00:15  -  Total Remote Usage
		Usr 0 00:00:00, Sys 0 00:00:00  -  Total Local Usage
	8155  -  Run Bytes Sent By Job
	10428  -  Run Bytes Received By Job
	8155  -  Total Bytes Sent By Job
	10428  -  Total Bytes Received By Job
	Partitionable Resources :    Usage  Request Allocated 
	   Cpus                 :     0.96        1         1 
	   Disk (KB)            :    81          12      3760 
	   GPUs                 :                           0 
	   Memory (MB)          :   200        3000      3000 

	Job terminated of its own accord at 2025-02-18T00:37:27Z with exit-code 0.
...
