000 (16630220.042.000) 02/18 00:26:50 Job submitted from host: <188.185.72.155:9618?addrs=188.185.72.155-9618+[2001-1458-d00-8--100-95]-9618&alias=bigbird08.cern.ch&noUDP&sock=schedd_862983_22fa>
...
040 (16630220.042.000) 02/18 00:27:46 Started transferring input files
	Transferring to host: <128.142.192.136:9618?addrs=128.142.192.136-9618+[2001-1458-301-56--100-4]-9618&alias=b9g18p1082.cern.ch&noUDP&sock=slot1_8_11504_5bcd_78089>
...
040 (16630220.042.000) 02/18 00:27:46 Finished transferring input files
...
001 (16630220.042.000) 02/18 00:27:47 Job executing on host: <128.142.192.136:9618?addrs=128.142.192.136-9618+[2001-1458-301-56--100-4]-9618&alias=b9g18p1082.cern.ch&noUDP&sock=startd_11454_11dc>
	SlotName: slot1_8@b9g18p1082.cern.ch
	CondorScratchDir = "/pool/condor/dir_3022454"
	Cpus = 1
	Disk = 3797
	GPUs = 0
	Memory = 3000
...
006 (16630220.042.000) 02/18 00:27:56 Image size of job updated: 477244
	467  -  MemoryUsage of job (MB)
	477244  -  ResidentSetSize of job (KB)
...
006 (16630220.042.000) 02/18 00:32:58 Image size of job updated: 756840
	740  -  MemoryUsage of job (MB)
	756840  -  ResidentSetSize of job (KB)
...
006 (16630220.042.000) 02/18 00:37:58 Image size of job updated: 798468
	780  -  MemoryUsage of job (MB)
	798468  -  ResidentSetSize of job (KB)
...
006 (16630220.042.000) 02/18 00:42:58 Image size of job updated: 802240
	784  -  MemoryUsage of job (MB)
	802240  -  ResidentSetSize of job (KB)
...
006 (16630220.042.000) 02/18 00:47:59 Image size of job updated: 807812
	789  -  MemoryUsage of job (MB)
	807812  -  ResidentSetSize of job (KB)
...
006 (16630220.042.000) 02/18 00:53:00 Image size of job updated: 809284
	791  -  MemoryUsage of job (MB)
	809284  -  ResidentSetSize of job (KB)
...
006 (16630220.042.000) 02/18 00:58:00 Image size of job updated: 811500
	793  -  MemoryUsage of job (MB)
	811500  -  ResidentSetSize of job (KB)
...
040 (16630220.042.000) 02/18 01:31:22 Started transferring output files
...
040 (16630220.042.000) 02/18 01:31:22 Finished transferring output files
...
005 (16630220.042.000) 02/18 01:31:22 Job terminated.
	(1) Normal termination (return value 0)
		Usr 0 00:58:58, Sys 0 00:00:24  -  Run Remote Usage
		Usr 0 00:00:00, Sys 0 00:00:00  -  Run Local Usage
		Usr 0 00:58:58, Sys 0 00:00:24  -  Total Remote Usage
		Usr 0 00:00:00, Sys 0 00:00:00  -  Total Local Usage
	8152  -  Run Bytes Sent By Job
	10428  -  Run Bytes Received By Job
	8152  -  Total Bytes Sent By Job
	10428  -  Total Bytes Received By Job
	Partitionable Resources :    Usage  Request Allocated 
	   Cpus                 :     0.98        1         1 
	   Disk (KB)            :    81          12      3797 
	   GPUs                 :                           0 
	   Memory (MB)          :   793        3000      3000 

	Job terminated of its own accord at 2025-02-18T00:31:22Z with exit-code 0.
...
