000 (16630220.008.000) 02/18 00:26:50 Job submitted from host: <188.185.72.155:9618?addrs=188.185.72.155-9618+[2001-1458-d00-8--100-95]-9618&alias=bigbird08.cern.ch&noUDP&sock=schedd_862983_22fa>
...
040 (16630220.008.000) 02/18 00:27:34 Started transferring input files
	Transferring to host: <188.185.196.35:9618?addrs=188.185.196.35-9618+[2001-1458-303-23--100-1f]-9618&alias=b9p16p8087.cern.ch&noUDP&sock=slot1_24_7382_0965_120215>
...
040 (16630220.008.000) 02/18 00:27:34 Finished transferring input files
...
001 (16630220.008.000) 02/18 00:27:35 Job executing on host: <188.185.196.35:9618?addrs=188.185.196.35-9618+[2001-1458-303-23--100-1f]-9618&alias=b9p16p8087.cern.ch&noUDP&sock=startd_6280_22d9>
	SlotName: slot1_24@b9p16p8087.cern.ch
	CondorScratchDir = "/pool/condor/dir_1862282"
	Cpus = 1
	Disk = 3833
	GPUs = 0
	Memory = 3000
...
006 (16630220.008.000) 02/18 00:27:44 Image size of job updated: 191472
	187  -  MemoryUsage of job (MB)
	191472  -  ResidentSetSize of job (KB)
...
006 (16630220.008.000) 02/18 00:32:45 Image size of job updated: 882348
	862  -  MemoryUsage of job (MB)
	882348  -  ResidentSetSize of job (KB)
...
006 (16630220.008.000) 02/18 00:37:45 Image size of job updated: 921696
	901  -  MemoryUsage of job (MB)
	921696  -  ResidentSetSize of job (KB)
...
006 (16630220.008.000) 02/18 00:42:45 Image size of job updated: 924128
	903  -  MemoryUsage of job (MB)
	924128  -  ResidentSetSize of job (KB)
...
006 (16630220.008.000) 02/18 00:47:46 Image size of job updated: 925152
	904  -  MemoryUsage of job (MB)
	925152  -  ResidentSetSize of job (KB)
...
006 (16630220.008.000) 02/18 00:52:46 Image size of job updated: 929356
	908  -  MemoryUsage of job (MB)
	929356  -  ResidentSetSize of job (KB)
...
006 (16630220.008.000) 02/18 00:57:46 Image size of job updated: 931992
	911  -  MemoryUsage of job (MB)
	931992  -  ResidentSetSize of job (KB)
...
040 (16630220.008.000) 02/18 01:32:46 Started transferring output files
...
040 (16630220.008.000) 02/18 01:32:46 Finished transferring output files
...
005 (16630220.008.000) 02/18 01:32:46 Job terminated.
	(1) Normal termination (return value 0)
		Usr 0 01:01:01, Sys 0 00:00:10  -  Run Remote Usage
		Usr 0 00:00:00, Sys 0 00:00:00  -  Run Local Usage
		Usr 0 01:01:01, Sys 0 00:00:10  -  Total Remote Usage
		Usr 0 00:00:00, Sys 0 00:00:00  -  Total Local Usage
	8149  -  Run Bytes Sent By Job
	10428  -  Run Bytes Received By Job
	8149  -  Total Bytes Sent By Job
	10428  -  Total Bytes Received By Job
	Partitionable Resources :    Usage  Request Allocated 
	   Cpus                 :     0.99        1         1 
	   Disk (KB)            :    81          12      3833 
	   GPUs                 :                           0 
	   Memory (MB)          :   911        3000      3000 

	Job terminated of its own accord at 2025-02-18T00:32:46Z with exit-code 0.
...
