000 (16630220.006.000) 02/18 00:26:50 Job submitted from host: <188.185.72.155:9618?addrs=188.185.72.155-9618+[2001-1458-d00-8--100-95]-9618&alias=bigbird08.cern.ch&noUDP&sock=schedd_862983_22fa>
...
040 (16630220.006.000) 02/18 00:27:34 Started transferring input files
	Transferring to host: <188.185.194.107:9618?addrs=188.185.194.107-9618+[2001-1458-303-21--100-67]-9618&alias=b9p20p3190.cern.ch&noUDP&sock=slot1_24_3589674_d1ee_13064>
...
040 (16630220.006.000) 02/18 00:27:34 Finished transferring input files
...
001 (16630220.006.000) 02/18 00:27:35 Job executing on host: <188.185.194.107:9618?addrs=188.185.194.107-9618+[2001-1458-303-21--100-67]-9618&alias=b9p20p3190.cern.ch&noUDP&sock=startd_7105_047b>
	SlotName: slot1_24@b9p20p3190.cern.ch
	CondorScratchDir = "/pool/condor/dir_2033765"
	Cpus = 1
	Disk = 3936
	GPUs = 0
	Memory = 3000
...
006 (16630220.006.000) 02/18 00:27:44 Image size of job updated: 3612
	4  -  MemoryUsage of job (MB)
	3612  -  ResidentSetSize of job (KB)
...
006 (16630220.006.000) 02/18 00:32:45 Image size of job updated: 988536
	966  -  MemoryUsage of job (MB)
	988536  -  ResidentSetSize of job (KB)
...
006 (16630220.006.000) 02/18 00:37:45 Image size of job updated: 994660
	972  -  MemoryUsage of job (MB)
	994660  -  ResidentSetSize of job (KB)
...
006 (16630220.006.000) 02/18 00:42:45 Image size of job updated: 998276
	975  -  MemoryUsage of job (MB)
	998276  -  ResidentSetSize of job (KB)
...
006 (16630220.006.000) 02/18 00:47:46 Image size of job updated: 1002880
	980  -  MemoryUsage of job (MB)
	1002880  -  ResidentSetSize of job (KB)
...
006 (16630220.006.000) 02/18 00:57:47 Image size of job updated: 1017692
	994  -  MemoryUsage of job (MB)
	1017692  -  ResidentSetSize of job (KB)
...
040 (16630220.006.000) 02/18 01:19:35 Started transferring output files
...
040 (16630220.006.000) 02/18 01:19:35 Finished transferring output files
...
005 (16630220.006.000) 02/18 01:19:35 Job terminated.
	(1) Normal termination (return value 0)
		Usr 0 00:48:28, Sys 0 00:00:06  -  Run Remote Usage
		Usr 0 00:00:00, Sys 0 00:00:00  -  Run Local Usage
		Usr 0 00:48:28, Sys 0 00:00:06  -  Total Remote Usage
		Usr 0 00:00:00, Sys 0 00:00:00  -  Total Local Usage
	8147  -  Run Bytes Sent By Job
	10428  -  Run Bytes Received By Job
	8147  -  Total Bytes Sent By Job
	10428  -  Total Bytes Received By Job
	Partitionable Resources :    Usage  Request Allocated 
	   Cpus                 :     0.99        1         1 
	   Disk (KB)            :    81          12      3936 
	   GPUs                 :                           0 
	   Memory (MB)          :   994        3000      3000 

	Job terminated of its own accord at 2025-02-18T00:19:35Z with exit-code 0.
...
