000 (16630220.059.000) 02/18 00:26:50 Job submitted from host: <188.185.72.155:9618?addrs=188.185.72.155-9618+[2001-1458-d00-8--100-95]-9618&alias=bigbird08.cern.ch&noUDP&sock=schedd_862983_22fa>
...
040 (16630220.059.000) 02/18 00:27:50 Started transferring input files
	Transferring to host: <188.185.193.22:9618?addrs=188.185.193.22-9618+[2001-1458-303-20--100-12]-9618&alias=b9p19p8107.cern.ch&noUDP&sock=slot1_25_1821583_c2f3_55772>
...
040 (16630220.059.000) 02/18 00:27:50 Finished transferring input files
...
001 (16630220.059.000) 02/18 00:27:51 Job executing on host: <188.185.193.22:9618?addrs=188.185.193.22-9618+[2001-1458-303-20--100-12]-9618&alias=b9p19p8107.cern.ch&noUDP&sock=startd_7392_e029>
	SlotName: slot1_25@b9p19p8107.cern.ch
	CondorScratchDir = "/pool/condor/dir_1609709"
	Cpus = 1
	Disk = 3866
	GPUs = 0
	Memory = 3000
...
006 (16630220.059.000) 02/18 00:27:59 Image size of job updated: 201500
	197  -  MemoryUsage of job (MB)
	201500  -  ResidentSetSize of job (KB)
...
006 (16630220.059.000) 02/18 00:32:59 Image size of job updated: 495788
	485  -  MemoryUsage of job (MB)
	495788  -  ResidentSetSize of job (KB)
...
040 (16630220.059.000) 02/18 01:14:17 Started transferring output files
...
040 (16630220.059.000) 02/18 01:14:17 Finished transferring output files
...
005 (16630220.059.000) 02/18 01:14:17 Job terminated.
	(1) Normal termination (return value 0)
		Usr 0 00:42:20, Sys 0 00:00:04  -  Run Remote Usage
		Usr 0 00:00:00, Sys 0 00:00:00  -  Run Local Usage
		Usr 0 00:42:20, Sys 0 00:00:04  -  Total Remote Usage
		Usr 0 00:00:00, Sys 0 00:00:00  -  Total Local Usage
	8152  -  Run Bytes Sent By Job
	10428  -  Run Bytes Received By Job
	8152  -  Total Bytes Sent By Job
	10428  -  Total Bytes Received By Job
	Partitionable Resources :    Usage  Request Allocated 
	   Cpus                 :     0.97        1         1 
	   Disk (KB)            :    81          12      3866 
	   GPUs                 :                           0 
	   Memory (MB)          :   485        3000      3000 

	Job terminated of its own accord at 2025-02-18T00:14:17Z with exit-code 0.
...
