000 (16630220.035.000) 02/18 00:26:50 Job submitted from host: <188.185.72.155:9618?addrs=188.185.72.155-9618+[2001-1458-d00-8--100-95]-9618&alias=bigbird08.cern.ch&noUDP&sock=schedd_862983_22fa>
...
040 (16630220.035.000) 02/18 00:27:44 Started transferring input files
	Transferring to host: <128.142.132.63:9618?addrs=128.142.132.63-9618+[2001-1458-301-5a--100-33]-9618&alias=b9g12p0821.cern.ch&noUDP&sock=slot1_17_3158724_8f3a_87102>
...
040 (16630220.035.000) 02/18 00:27:44 Finished transferring input files
...
001 (16630220.035.000) 02/18 00:27:45 Job executing on host: <128.142.132.63:9618?addrs=128.142.132.63-9618+[2001-1458-301-5a--100-33]-9618&alias=b9g12p0821.cern.ch&noUDP&sock=startd_2439_8794>
	SlotName: slot1_17@b9g12p0821.cern.ch
	CondorScratchDir = "/pool/condor/dir_646683"
	Cpus = 1
	Disk = 2775
	GPUs = 0
	Memory = 3000
...
006 (16630220.035.000) 02/18 00:27:54 Image size of job updated: 2932
	3  -  MemoryUsage of job (MB)
	2932  -  ResidentSetSize of job (KB)
...
006 (16630220.035.000) 02/18 00:32:55 Image size of job updated: 856008
	836  -  MemoryUsage of job (MB)
	856008  -  ResidentSetSize of job (KB)
...
006 (16630220.035.000) 02/18 00:37:56 Image size of job updated: 895404
	875  -  MemoryUsage of job (MB)
	895404  -  ResidentSetSize of job (KB)
...
006 (16630220.035.000) 02/18 00:42:56 Image size of job updated: 900520
	880  -  MemoryUsage of job (MB)
	900520  -  ResidentSetSize of job (KB)
...
006 (16630220.035.000) 02/18 00:47:56 Image size of job updated: 901804
	881  -  MemoryUsage of job (MB)
	901804  -  ResidentSetSize of job (KB)
...
006 (16630220.035.000) 02/18 00:52:57 Image size of job updated: 905888
	885  -  MemoryUsage of job (MB)
	905888  -  ResidentSetSize of job (KB)
...
006 (16630220.035.000) 02/18 00:57:57 Image size of job updated: 906900
	886  -  MemoryUsage of job (MB)
	906900  -  ResidentSetSize of job (KB)
...
040 (16630220.035.000) 02/18 01:48:45 Started transferring output files
...
040 (16630220.035.000) 02/18 01:48:45 Finished transferring output files
...
005 (16630220.035.000) 02/18 01:48:45 Job terminated.
	(1) Normal termination (return value 0)
		Usr 0 01:12:52, Sys 0 00:00:35  -  Run Remote Usage
		Usr 0 00:00:00, Sys 0 00:00:00  -  Run Local Usage
		Usr 0 01:12:52, Sys 0 00:00:35  -  Total Remote Usage
		Usr 0 00:00:00, Sys 0 00:00:00  -  Total Local Usage
	8152  -  Run Bytes Sent By Job
	10428  -  Run Bytes Received By Job
	8152  -  Total Bytes Sent By Job
	10428  -  Total Bytes Received By Job
	Partitionable Resources :    Usage  Request Allocated 
	   Cpus                 :     0.95        1         1 
	   Disk (KB)            :    81          12      2775 
	   GPUs                 :                           0 
	   Memory (MB)          :   886        3000      3000 

	Job terminated of its own accord at 2025-02-18T00:48:44Z with exit-code 0.
...
