000 (16630220.468.000) 02/18 00:26:51 Job submitted from host: <188.185.72.155:9618?addrs=188.185.72.155-9618+[2001-1458-d00-8--100-95]-9618&alias=bigbird08.cern.ch&noUDP&sock=schedd_862983_22fa>
...
040 (16630220.468.000) 02/18 00:52:57 Started transferring input files
	Transferring to host: <188.185.213.180:9618?addrs=188.185.213.180-9618+[2001-1458-303-1b--100-30]-9618&alias=b9p28p7628.cern.ch&noUDP&sock=slot1_12_592510_a557_645>
...
040 (16630220.468.000) 02/18 00:52:57 Finished transferring input files
...
001 (16630220.468.000) 02/18 00:52:58 Job executing on host: <188.185.213.180:9618?addrs=188.185.213.180-9618+[2001-1458-303-1b--100-30]-9618&alias=b9p28p7628.cern.ch&noUDP&sock=startd_7151_91d6>
	SlotName: slot1_12@b9p28p7628.cern.ch
	CondorScratchDir = "/pool/condor/dir_1048571"
	Cpus = 1
	Disk = 3777
	GPUs = 0
	Memory = 3000
...
006 (16630220.468.000) 02/18 00:53:07 Image size of job updated: 492680
	482  -  MemoryUsage of job (MB)
	492680  -  ResidentSetSize of job (KB)
...
006 (16630220.468.000) 02/18 00:58:08 Image size of job updated: 1243656
	1215  -  MemoryUsage of job (MB)
	1243656  -  ResidentSetSize of job (KB)
...
040 (16630220.468.000) 02/18 01:39:08 Started transferring output files
...
040 (16630220.468.000) 02/18 01:39:08 Finished transferring output files
...
005 (16630220.468.000) 02/18 01:39:08 Job terminated.
	(1) Normal termination (return value 0)
		Usr 0 00:40:59, Sys 0 00:00:21  -  Run Remote Usage
		Usr 0 00:00:00, Sys 0 00:00:00  -  Run Local Usage
		Usr 0 00:40:59, Sys 0 00:00:21  -  Total Remote Usage
		Usr 0 00:00:00, Sys 0 00:00:00  -  Total Local Usage
	8155  -  Run Bytes Sent By Job
	10428  -  Run Bytes Received By Job
	8155  -  Total Bytes Sent By Job
	10428  -  Total Bytes Received By Job
	Partitionable Resources :    Usage  Request Allocated 
	   Cpus                 :     0.86        1         1 
	   Disk (KB)            :    80          12      3777 
	   GPUs                 :                           0 
	   Memory (MB)          :  1215        3000      3000 

	Job terminated of its own accord at 2025-02-18T00:39:08Z with exit-code 0.
...
