000 (16630220.083.000) 02/18 00:26:50 Job submitted from host: <188.185.72.155:9618?addrs=188.185.72.155-9618+[2001-1458-d00-8--100-95]-9618&alias=bigbird08.cern.ch&noUDP&sock=schedd_862983_22fa>
...
040 (16630220.083.000) 02/18 00:27:59 Started transferring input files
	Transferring to host: <188.185.198.80:9618?addrs=188.185.198.80-9618+[2001-1458-303-25--100-4c]-9618&alias=b9p15p6168.cern.ch&noUDP&sock=slot1_28_3945763_bbde_12254>
...
040 (16630220.083.000) 02/18 00:27:59 Finished transferring input files
...
001 (16630220.083.000) 02/18 00:28:00 Job executing on host: <188.185.198.80:9618?addrs=188.185.198.80-9618+[2001-1458-303-25--100-4c]-9618&alias=b9p15p6168.cern.ch&noUDP&sock=startd_4620_83a2>
	SlotName: slot1_28@b9p15p6168.cern.ch
	CondorScratchDir = "/pool/condor/dir_3929833"
	Cpus = 1
	Disk = 3822
	GPUs = 0
	Memory = 3000
...
006 (16630220.083.000) 02/18 00:28:09 Image size of job updated: 99168
	97  -  MemoryUsage of job (MB)
	99168  -  ResidentSetSize of job (KB)
...
006 (16630220.083.000) 02/18 00:33:10 Image size of job updated: 311776
	305  -  MemoryUsage of job (MB)
	311776  -  ResidentSetSize of job (KB)
...
006 (16630220.083.000) 02/18 00:38:10 Image size of job updated: 354440
	347  -  MemoryUsage of job (MB)
	354440  -  ResidentSetSize of job (KB)
...
006 (16630220.083.000) 02/18 00:43:10 Image size of job updated: 358328
	350  -  MemoryUsage of job (MB)
	358328  -  ResidentSetSize of job (KB)
...
006 (16630220.083.000) 02/18 00:48:11 Image size of job updated: 362012
	354  -  MemoryUsage of job (MB)
	362012  -  ResidentSetSize of job (KB)
...
006 (16630220.083.000) 02/18 00:53:12 Image size of job updated: 365784
	358  -  MemoryUsage of job (MB)
	365784  -  ResidentSetSize of job (KB)
...
040 (16630220.083.000) 02/18 01:23:49 Started transferring output files
...
040 (16630220.083.000) 02/18 01:23:49 Finished transferring output files
...
005 (16630220.083.000) 02/18 01:23:49 Job terminated.
	(1) Normal termination (return value 0)
		Usr 0 00:52:26, Sys 0 00:00:07  -  Run Remote Usage
		Usr 0 00:00:00, Sys 0 00:00:00  -  Run Local Usage
		Usr 0 00:52:26, Sys 0 00:00:07  -  Total Remote Usage
		Usr 0 00:00:00, Sys 0 00:00:00  -  Total Local Usage
	8150  -  Run Bytes Sent By Job
	10428  -  Run Bytes Received By Job
	8150  -  Total Bytes Sent By Job
	10428  -  Total Bytes Received By Job
	Partitionable Resources :    Usage  Request Allocated 
	   Cpus                 :     0.99        1         1 
	   Disk (KB)            :    81          12      3822 
	   GPUs                 :                           0 
	   Memory (MB)          :   358        3000      3000 

	Job terminated of its own accord at 2025-02-18T00:23:49Z with exit-code 0.
...
