000 (16630220.254.000) 02/18 00:26:51 Job submitted from host: <188.185.72.155:9618?addrs=188.185.72.155-9618+[2001-1458-d00-8--100-95]-9618&alias=bigbird08.cern.ch&noUDP&sock=schedd_862983_22fa>
...
040 (16630220.254.000) 02/18 00:49:01 Started transferring input files
	Transferring to host: <188.185.213.145:9618?addrs=188.185.213.145-9618+[2001-1458-303-1b--100-d]-9618&alias=b9p28p6428.cern.ch&noUDP&sock=slot1_20_4076881_39f2_31625>
...
040 (16630220.254.000) 02/18 00:49:01 Finished transferring input files
...
001 (16630220.254.000) 02/18 00:49:02 Job executing on host: <188.185.213.145:9618?addrs=188.185.213.145-9618+[2001-1458-303-1b--100-d]-9618&alias=b9p28p6428.cern.ch&noUDP&sock=startd_2909_e917>
	SlotName: slot1_20@b9p28p6428.cern.ch
	CondorScratchDir = "/pool/condor/dir_3053544"
	Cpus = 1
	Disk = 3765
	GPUs = 0
	Memory = 3000
...
006 (16630220.254.000) 02/18 00:49:10 Image size of job updated: 86472
	85  -  MemoryUsage of job (MB)
	86472  -  ResidentSetSize of job (KB)
...
006 (16630220.254.000) 02/18 00:54:10 Image size of job updated: 160868
	158  -  MemoryUsage of job (MB)
	160868  -  ResidentSetSize of job (KB)
...
006 (16630220.254.000) 02/18 00:59:11 Image size of job updated: 166016
	163  -  MemoryUsage of job (MB)
	166016  -  ResidentSetSize of job (KB)
...
006 (16630220.254.000) 02/18 01:04:11 Image size of job updated: 172028
	168  -  MemoryUsage of job (MB)
	172028  -  ResidentSetSize of job (KB)
...
006 (16630220.254.000) 02/18 01:09:11 Image size of job updated: 174984
	171  -  MemoryUsage of job (MB)
	174984  -  ResidentSetSize of job (KB)
...
006 (16630220.254.000) 02/18 01:19:13 Image size of job updated: 190696
	187  -  MemoryUsage of job (MB)
	190696  -  ResidentSetSize of job (KB)
...
006 (16630220.254.000) 02/18 01:24:13 Image size of job updated: 196852
	193  -  MemoryUsage of job (MB)
	196852  -  ResidentSetSize of job (KB)
...
006 (16630220.254.000) 02/18 01:29:14 Image size of job updated: 198920
	195  -  MemoryUsage of job (MB)
	198920  -  ResidentSetSize of job (KB)
...
040 (16630220.254.000) 02/18 01:35:05 Started transferring output files
...
040 (16630220.254.000) 02/18 01:35:05 Finished transferring output files
...
005 (16630220.254.000) 02/18 01:35:05 Job terminated.
	(1) Normal termination (return value 0)
		Usr 0 00:43:02, Sys 0 00:00:18  -  Run Remote Usage
		Usr 0 00:00:00, Sys 0 00:00:00  -  Run Local Usage
		Usr 0 00:43:02, Sys 0 00:00:18  -  Total Remote Usage
		Usr 0 00:00:00, Sys 0 00:00:00  -  Total Local Usage
	8155  -  Run Bytes Sent By Job
	10428  -  Run Bytes Received By Job
	8155  -  Total Bytes Sent By Job
	10428  -  Total Bytes Received By Job
	Partitionable Resources :    Usage  Request Allocated 
	   Cpus                 :     0.99        1         1 
	   Disk (KB)            :    81          12      3765 
	   GPUs                 :                           0 
	   Memory (MB)          :   195        3000      3000 

	Job terminated of its own accord at 2025-02-18T00:35:05Z with exit-code 0.
...
