000 (16630220.296.000) 02/18 00:26:51 Job submitted from host: <188.185.72.155:9618?addrs=188.185.72.155-9618+[2001-1458-d00-8--100-95]-9618&alias=bigbird08.cern.ch&noUDP&sock=schedd_862983_22fa>
...
040 (16630220.296.000) 02/18 00:49:19 Started transferring input files
	Transferring to host: <188.185.193.164:9618?addrs=188.185.193.164-9618+[2001-1458-303-20--100-a0]-9618&alias=b9p19p4506.cern.ch&noUDP&sock=slot1_13_2060978_321a_79395>
...
040 (16630220.296.000) 02/18 00:49:19 Finished transferring input files
...
001 (16630220.296.000) 02/18 00:49:20 Job executing on host: <188.185.193.164:9618?addrs=188.185.193.164-9618+[2001-1458-303-20--100-a0]-9618&alias=b9p19p4506.cern.ch&noUDP&sock=startd_6326_b034>
	SlotName: slot1_13@b9p19p4506.cern.ch
	CondorScratchDir = "/pool/condor/dir_3458767"
	Cpus = 1
	Disk = 3716
	GPUs = 0
	Memory = 3000
...
006 (16630220.296.000) 02/18 00:49:29 Image size of job updated: 3060
	3  -  MemoryUsage of job (MB)
	3060  -  ResidentSetSize of job (KB)
...
006 (16630220.296.000) 02/18 00:54:30 Image size of job updated: 1208756
	1181  -  MemoryUsage of job (MB)
	1208756  -  ResidentSetSize of job (KB)
...
040 (16630220.296.000) 02/18 01:38:55 Started transferring output files
...
040 (16630220.296.000) 02/18 01:38:55 Finished transferring output files
...
005 (16630220.296.000) 02/18 01:38:55 Job terminated.
	(1) Normal termination (return value 0)
		Usr 0 00:47:37, Sys 0 00:00:04  -  Run Remote Usage
		Usr 0 00:00:00, Sys 0 00:00:00  -  Run Local Usage
		Usr 0 00:47:37, Sys 0 00:00:04  -  Total Remote Usage
		Usr 0 00:00:00, Sys 0 00:00:00  -  Total Local Usage
	8155  -  Run Bytes Sent By Job
	10428  -  Run Bytes Received By Job
	8155  -  Total Bytes Sent By Job
	10428  -  Total Bytes Received By Job
	Partitionable Resources :    Usage  Request Allocated 
	   Cpus                 :     0.99        1         1 
	   Disk (KB)            :    81          12      3716 
	   GPUs                 :                           0 
	   Memory (MB)          :  1181        3000      3000 

	Job terminated of its own accord at 2025-02-18T00:38:55Z with exit-code 0.
...
