000 (16630220.281.000) 02/18 00:26:51 Job submitted from host: <188.185.72.155:9618?addrs=188.185.72.155-9618+[2001-1458-d00-8--100-95]-9618&alias=bigbird08.cern.ch&noUDP&sock=schedd_862983_22fa>
...
040 (16630220.281.000) 02/18 00:49:11 Started transferring input files
	Transferring to host: <188.185.210.195:9618?addrs=188.185.210.195-9618+[2001-1458-303-15--100-3f]-9618&alias=b9p22p8302.cern.ch&noUDP&sock=slot1_24_2493927_eec0_34017>
...
040 (16630220.281.000) 02/18 00:49:11 Finished transferring input files
...
001 (16630220.281.000) 02/18 00:49:12 Job executing on host: <188.185.210.195:9618?addrs=188.185.210.195-9618+[2001-1458-303-15--100-3f]-9618&alias=b9p22p8302.cern.ch&noUDP&sock=startd_3544_77bb>
	SlotName: slot1_24@b9p22p8302.cern.ch
	CondorScratchDir = "/pool/condor/dir_1772892"
	Cpus = 1
	Disk = 3733
	GPUs = 0
	Memory = 3000
...
006 (16630220.281.000) 02/18 00:49:21 Image size of job updated: 87616
	86  -  MemoryUsage of job (MB)
	87616  -  ResidentSetSize of job (KB)
...
006 (16630220.281.000) 02/18 00:54:22 Image size of job updated: 169760
	166  -  MemoryUsage of job (MB)
	169760  -  ResidentSetSize of job (KB)
...
006 (16630220.281.000) 02/18 00:59:22 Image size of job updated: 175228
	172  -  MemoryUsage of job (MB)
	175228  -  ResidentSetSize of job (KB)
...
006 (16630220.281.000) 02/18 01:09:24 Image size of job updated: 176284
	173  -  MemoryUsage of job (MB)
	176284  -  ResidentSetSize of job (KB)
...
006 (16630220.281.000) 02/18 01:19:25 Image size of job updated: 191000
	187  -  MemoryUsage of job (MB)
	191000  -  ResidentSetSize of job (KB)
...
006 (16630220.281.000) 02/18 01:24:26 Image size of job updated: 194960
	191  -  MemoryUsage of job (MB)
	194960  -  ResidentSetSize of job (KB)
...
006 (16630220.281.000) 02/18 01:29:26 Image size of job updated: 199064
	195  -  MemoryUsage of job (MB)
	199064  -  ResidentSetSize of job (KB)
...
040 (16630220.281.000) 02/18 01:34:10 Started transferring output files
...
040 (16630220.281.000) 02/18 01:34:10 Finished transferring output files
...
005 (16630220.281.000) 02/18 01:34:10 Job terminated.
	(1) Normal termination (return value 0)
		Usr 0 00:42:43, Sys 0 00:00:23  -  Run Remote Usage
		Usr 0 00:00:00, Sys 0 00:00:00  -  Run Local Usage
		Usr 0 00:42:43, Sys 0 00:00:23  -  Total Remote Usage
		Usr 0 00:00:00, Sys 0 00:00:00  -  Total Local Usage
	8155  -  Run Bytes Sent By Job
	10428  -  Run Bytes Received By Job
	8155  -  Total Bytes Sent By Job
	10428  -  Total Bytes Received By Job
	Partitionable Resources :    Usage  Request Allocated 
	   Cpus                 :     0.97        1         1 
	   Disk (KB)            :    80          12      3733 
	   GPUs                 :                           0 
	   Memory (MB)          :   195        3000      3000 

	Job terminated of its own accord at 2025-02-18T00:34:10Z with exit-code 0.
...
