000 (16630220.000.000) 02/18 00:26:50 Job submitted from host: <188.185.72.155:9618?addrs=188.185.72.155-9618+[2001-1458-d00-8--100-95]-9618&alias=bigbird08.cern.ch&noUDP&sock=schedd_862983_22fa>
...
040 (16630220.000.000) 02/18 00:27:32 Started transferring input files
	Transferring to host: <128.142.161.98:9618?addrs=128.142.161.98-9618+[2001-1458-301-b8--100-20]-9618&alias=b9g03p9785.cern.ch&noUDP&sock=slot1_15_1293671_0018_3632>
...
040 (16630220.000.000) 02/18 00:27:32 Finished transferring input files
...
001 (16630220.000.000) 02/18 00:27:33 Job executing on host: <128.142.161.98:9618?addrs=128.142.161.98-9618+[2001-1458-301-b8--100-20]-9618&alias=b9g03p9785.cern.ch&noUDP&sock=startd_2569_b2e4>
	SlotName: slot1_15@b9g03p9785.cern.ch
	CondorScratchDir = "/pool/condor/dir_3159354"
	Cpus = 1
	Disk = 4037
	GPUs = 0
	Memory = 3000
...
006 (16630220.000.000) 02/18 00:27:42 Image size of job updated: 171056
	168  -  MemoryUsage of job (MB)
	171056  -  ResidentSetSize of job (KB)
...
006 (16630220.000.000) 02/18 00:32:43 Image size of job updated: 1239204
	1211  -  MemoryUsage of job (MB)
	1239204  -  ResidentSetSize of job (KB)
...
006 (16630220.000.000) 02/18 00:37:44 Image size of job updated: 1246888
	1218  -  MemoryUsage of job (MB)
	1246888  -  ResidentSetSize of job (KB)
...
006 (16630220.000.000) 02/18 00:42:44 Image size of job updated: 1250784
	1222  -  MemoryUsage of job (MB)
	1250784  -  ResidentSetSize of job (KB)
...
006 (16630220.000.000) 02/18 00:47:45 Image size of job updated: 1254720
	1226  -  MemoryUsage of job (MB)
	1254720  -  ResidentSetSize of job (KB)
...
006 (16630220.000.000) 02/18 00:52:46 Image size of job updated: 1257500
	1229  -  MemoryUsage of job (MB)
	1257500  -  ResidentSetSize of job (KB)
...
040 (16630220.000.000) 02/18 01:27:19 Started transferring output files
...
040 (16630220.000.000) 02/18 01:27:19 Finished transferring output files
...
005 (16630220.000.000) 02/18 01:27:19 Job terminated.
	(1) Normal termination (return value 0)
		Usr 0 00:55:12, Sys 0 00:00:15  -  Run Remote Usage
		Usr 0 00:00:00, Sys 0 00:00:00  -  Run Local Usage
		Usr 0 00:55:12, Sys 0 00:00:15  -  Total Remote Usage
		Usr 0 00:00:00, Sys 0 00:00:00  -  Total Local Usage
	8143  -  Run Bytes Sent By Job
	10428  -  Run Bytes Received By Job
	8143  -  Total Bytes Sent By Job
	10428  -  Total Bytes Received By Job
	Partitionable Resources :    Usage  Request Allocated 
	   Cpus                 :     0.98        1         1 
	   Disk (KB)            :    80          12      4037 
	   GPUs                 :                           0 
	   Memory (MB)          :  1229        3000      3000 

	Job terminated of its own accord at 2025-02-18T00:27:19Z with exit-code 0.
...
