000 (16630220.301.000) 02/18 00:26:51 Job submitted from host: <188.185.72.155:9618?addrs=188.185.72.155-9618+[2001-1458-d00-8--100-95]-9618&alias=bigbird08.cern.ch&noUDP&sock=schedd_862983_22fa>
...
040 (16630220.301.000) 02/18 00:49:24 Started transferring input files
	Transferring to host: <188.185.194.187:9618?addrs=188.185.194.187-9618+[2001-1458-303-21--100-b7]-9618&alias=b9p20p1860.cern.ch&noUDP&sock=slot1_13_2901740_1567_77354>
...
040 (16630220.301.000) 02/18 00:49:24 Finished transferring input files
...
001 (16630220.301.000) 02/18 00:49:25 Job executing on host: <188.185.194.187:9618?addrs=188.185.194.187-9618+[2001-1458-303-21--100-b7]-9618&alias=b9p20p1860.cern.ch&noUDP&sock=startd_3865_a5a1>
	SlotName: slot1_13@b9p20p1860.cern.ch
	CondorScratchDir = "/pool/condor/dir_3260342"
	Cpus = 1
	Disk = 3863
	GPUs = 0
	Memory = 3000
...
006 (16630220.301.000) 02/18 00:49:33 Image size of job updated: 277596
	272  -  MemoryUsage of job (MB)
	277596  -  ResidentSetSize of job (KB)
...
006 (16630220.301.000) 02/18 00:54:33 Image size of job updated: 1225432
	1197  -  MemoryUsage of job (MB)
	1225432  -  ResidentSetSize of job (KB)
...
006 (16630220.301.000) 02/18 00:59:34 Image size of job updated: 1265484
	1236  -  MemoryUsage of job (MB)
	1265484  -  ResidentSetSize of job (KB)
...
040 (16630220.301.000) 02/18 01:39:06 Started transferring output files
...
040 (16630220.301.000) 02/18 01:39:06 Finished transferring output files
...
005 (16630220.301.000) 02/18 01:39:06 Job terminated.
	(1) Normal termination (return value 0)
		Usr 0 00:48:04, Sys 0 00:00:06  -  Run Remote Usage
		Usr 0 00:00:00, Sys 0 00:00:00  -  Run Local Usage
		Usr 0 00:48:04, Sys 0 00:00:06  -  Total Remote Usage
		Usr 0 00:00:00, Sys 0 00:00:00  -  Total Local Usage
	8155  -  Run Bytes Sent By Job
	10428  -  Run Bytes Received By Job
	8155  -  Total Bytes Sent By Job
	10428  -  Total Bytes Received By Job
	Partitionable Resources :    Usage  Request Allocated 
	   Cpus                 :     0.99        1         1 
	   Disk (KB)            :    81          12      3863 
	   GPUs                 :                           0 
	   Memory (MB)          :  1236        3000      3000 

	Job terminated of its own accord at 2025-02-18T00:39:06Z with exit-code 0.
...
