000 (16630220.174.000) 02/18 00:26:50 Job submitted from host: <188.185.72.155:9618?addrs=188.185.72.155-9618+[2001-1458-d00-8--100-95]-9618&alias=bigbird08.cern.ch&noUDP&sock=schedd_862983_22fa>
...
040 (16630220.174.000) 02/18 00:48:09 Started transferring input files
	Transferring to host: <188.185.214.75:9618?addrs=188.185.214.75-9618+[2001-1458-303-1c--100-47]-9618&alias=b9p29p5305.cern.ch&noUDP&sock=slot1_5_4678_d2f7_149673>
...
040 (16630220.174.000) 02/18 00:48:09 Finished transferring input files
...
001 (16630220.174.000) 02/18 00:48:10 Job executing on host: <188.185.214.75:9618?addrs=188.185.214.75-9618+[2001-1458-303-1c--100-47]-9618&alias=b9p29p5305.cern.ch&noUDP&sock=startd_3906_c503>
	SlotName: slot1_5@b9p29p5305.cern.ch
	CondorScratchDir = "/pool/condor/dir_2434520"
	Cpus = 1
	Disk = 3769
	GPUs = 0
	Memory = 3000
...
006 (16630220.174.000) 02/18 00:48:19 Image size of job updated: 247768
	242  -  MemoryUsage of job (MB)
	247768  -  ResidentSetSize of job (KB)
...
006 (16630220.174.000) 02/18 00:53:20 Image size of job updated: 1177728
	1151  -  MemoryUsage of job (MB)
	1177728  -  ResidentSetSize of job (KB)
...
006 (16630220.174.000) 02/18 00:58:21 Image size of job updated: 1182508
	1155  -  MemoryUsage of job (MB)
	1182508  -  ResidentSetSize of job (KB)
...
040 (16630220.174.000) 02/18 01:33:54 Started transferring output files
...
040 (16630220.174.000) 02/18 01:33:54 Finished transferring output files
...
005 (16630220.174.000) 02/18 01:33:54 Job terminated.
	(1) Normal termination (return value 0)
		Usr 0 00:42:08, Sys 0 00:00:14  -  Run Remote Usage
		Usr 0 00:00:00, Sys 0 00:00:00  -  Run Local Usage
		Usr 0 00:42:08, Sys 0 00:00:14  -  Total Remote Usage
		Usr 0 00:00:00, Sys 0 00:00:00  -  Total Local Usage
	8155  -  Run Bytes Sent By Job
	10428  -  Run Bytes Received By Job
	8155  -  Total Bytes Sent By Job
	10428  -  Total Bytes Received By Job
	Partitionable Resources :    Usage  Request Allocated 
	   Cpus                 :     0.97        1         1 
	   Disk (KB)            :    81          12      3769 
	   GPUs                 :                           0 
	   Memory (MB)          :  1155        3000      3000 

	Job terminated of its own accord at 2025-02-18T00:33:54Z with exit-code 0.
...
