000 (16630220.149.000) 02/18 00:26:50 Job submitted from host: <188.185.72.155:9618?addrs=188.185.72.155-9618+[2001-1458-d00-8--100-95]-9618&alias=bigbird08.cern.ch&noUDP&sock=schedd_862983_22fa>
...
040 (16630220.149.000) 02/18 00:47:58 Started transferring input files
	Transferring to host: <188.185.193.86:9618?addrs=188.185.193.86-9618+[2001-1458-303-20--100-52]-9618&alias=b9p19p6792.cern.ch&noUDP&sock=slot1_2_9433_26d9_6768>
...
040 (16630220.149.000) 02/18 00:47:58 Finished transferring input files
...
001 (16630220.149.000) 02/18 00:47:59 Job executing on host: <188.185.193.86:9618?addrs=188.185.193.86-9618+[2001-1458-303-20--100-52]-9618&alias=b9p19p6792.cern.ch&noUDP&sock=startd_8510_bb0b>
	SlotName: slot1_2@b9p19p6792.cern.ch
	CondorScratchDir = "/pool/condor/dir_1832837"
	Cpus = 1
	Disk = 3840
	GPUs = 0
	Memory = 3000
...
006 (16630220.149.000) 02/18 00:48:08 Image size of job updated: 500652
	489  -  MemoryUsage of job (MB)
	500652  -  ResidentSetSize of job (KB)
...
006 (16630220.149.000) 02/18 00:53:09 Image size of job updated: 1194944
	1167  -  MemoryUsage of job (MB)
	1194944  -  ResidentSetSize of job (KB)
...
006 (16630220.149.000) 02/18 00:58:09 Image size of job updated: 1234056
	1206  -  MemoryUsage of job (MB)
	1234056  -  ResidentSetSize of job (KB)
...
040 (16630220.149.000) 02/18 01:35:11 Started transferring output files
...
040 (16630220.149.000) 02/18 01:35:11 Finished transferring output files
...
005 (16630220.149.000) 02/18 01:35:11 Job terminated.
	(1) Normal termination (return value 0)
		Usr 0 00:45:34, Sys 0 00:00:05  -  Run Remote Usage
		Usr 0 00:00:00, Sys 0 00:00:00  -  Run Local Usage
		Usr 0 00:45:34, Sys 0 00:00:05  -  Total Remote Usage
		Usr 0 00:00:00, Sys 0 00:00:00  -  Total Local Usage
	8155  -  Run Bytes Sent By Job
	10428  -  Run Bytes Received By Job
	8155  -  Total Bytes Sent By Job
	10428  -  Total Bytes Received By Job
	Partitionable Resources :    Usage  Request Allocated 
	   Cpus                 :     0.99        1         1 
	   Disk (KB)            :    81          12      3840 
	   GPUs                 :                           0 
	   Memory (MB)          :  1206        3000      3000 

	Job terminated of its own accord at 2025-02-18T00:35:10Z with exit-code 0.
...
