000 (16630220.192.000) 02/18 00:26:50 Job submitted from host: <188.185.72.155:9618?addrs=188.185.72.155-9618+[2001-1458-d00-8--100-95]-9618&alias=bigbird08.cern.ch&noUDP&sock=schedd_862983_22fa>
...
040 (16630220.192.000) 02/18 00:48:13 Started transferring input files
	Transferring to host: <188.185.194.175:9618?addrs=188.185.194.175-9618+[2001-1458-303-21--100-ab]-9618&alias=b9p20p6104.cern.ch&noUDP&sock=slot1_30_268972_db33_4967>
...
040 (16630220.192.000) 02/18 00:48:13 Finished transferring input files
...
001 (16630220.192.000) 02/18 00:48:22 Job executing on host: <188.185.194.175:9618?addrs=188.185.194.175-9618+[2001-1458-303-21--100-ab]-9618&alias=b9p20p6104.cern.ch&noUDP&sock=startd_6477_4301>
	SlotName: slot1_30@b9p20p6104.cern.ch
	CondorScratchDir = "/pool/condor/dir_969827"
	Cpus = 1
	Disk = 3816
	GPUs = 0
	Memory = 3000
...
006 (16630220.192.000) 02/18 00:48:30 Image size of job updated: 2076
	3  -  MemoryUsage of job (MB)
	2076  -  ResidentSetSize of job (KB)
...
006 (16630220.192.000) 02/18 00:53:30 Image size of job updated: 188384
	184  -  MemoryUsage of job (MB)
	188384  -  ResidentSetSize of job (KB)
...
006 (16630220.192.000) 02/18 00:58:31 Image size of job updated: 224292
	220  -  MemoryUsage of job (MB)
	224292  -  ResidentSetSize of job (KB)
...
040 (16630220.192.000) 02/18 01:37:49 Started transferring output files
...
040 (16630220.192.000) 02/18 01:37:49 Finished transferring output files
...
005 (16630220.192.000) 02/18 01:37:49 Job terminated.
	(1) Normal termination (return value 0)
		Usr 0 00:47:51, Sys 0 00:00:06  -  Run Remote Usage
		Usr 0 00:00:00, Sys 0 00:00:00  -  Run Local Usage
		Usr 0 00:47:51, Sys 0 00:00:06  -  Total Remote Usage
		Usr 0 00:00:00, Sys 0 00:00:00  -  Total Local Usage
	8155  -  Run Bytes Sent By Job
	10428  -  Run Bytes Received By Job
	8155  -  Total Bytes Sent By Job
	10428  -  Total Bytes Received By Job
	Partitionable Resources :    Usage  Request Allocated 
	   Cpus                 :     0.99        1         1 
	   Disk (KB)            :    81          12      3816 
	   GPUs                 :                           0 
	   Memory (MB)          :   220        3000      3000 

	Job terminated of its own accord at 2025-02-18T00:37:49Z with exit-code 0.
...
