000 (16630220.349.000) 02/18 00:26:51 Job submitted from host: <188.185.72.155:9618?addrs=188.185.72.155-9618+[2001-1458-d00-8--100-95]-9618&alias=bigbird08.cern.ch&noUDP&sock=schedd_862983_22fa>
...
040 (16630220.349.000) 02/18 00:49:36 Started transferring input files
	Transferring to host: <188.185.209.175:9618?addrs=188.185.209.175-9618+[2001-1458-303-12--100-2c]-9618&alias=b9p12p7804.cern.ch&noUDP&sock=slot1_29_4125_2f81_126111>
...
040 (16630220.349.000) 02/18 00:49:36 Finished transferring input files
...
001 (16630220.349.000) 02/18 00:49:37 Job executing on host: <188.185.209.175:9618?addrs=188.185.209.175-9618+[2001-1458-303-12--100-2c]-9618&alias=b9p12p7804.cern.ch&noUDP&sock=startd_3499_99f8>
	SlotName: slot1_29@b9p12p7804.cern.ch
	CondorScratchDir = "/pool/condor/dir_1545072"
	Cpus = 1
	Disk = 3629
	GPUs = 0
	Memory = 3000
...
006 (16630220.349.000) 02/18 00:49:45 Image size of job updated: 87440
	86  -  MemoryUsage of job (MB)
	87440  -  ResidentSetSize of job (KB)
...
006 (16630220.349.000) 02/18 00:54:45 Image size of job updated: 164544
	161  -  MemoryUsage of job (MB)
	164544  -  ResidentSetSize of job (KB)
...
006 (16630220.349.000) 02/18 00:59:46 Image size of job updated: 172592
	169  -  MemoryUsage of job (MB)
	172592  -  ResidentSetSize of job (KB)
...
006 (16630220.349.000) 02/18 01:09:46 Image size of job updated: 191664
	188  -  MemoryUsage of job (MB)
	191664  -  ResidentSetSize of job (KB)
...
006 (16630220.349.000) 02/18 01:14:47 Image size of job updated: 196100
	192  -  MemoryUsage of job (MB)
	196100  -  ResidentSetSize of job (KB)
...
040 (16630220.349.000) 02/18 01:19:47 Started transferring output files
...
040 (16630220.349.000) 02/18 01:19:47 Finished transferring output files
...
005 (16630220.349.000) 02/18 01:19:47 Job terminated.
	(1) Normal termination (return value 0)
		Usr 0 00:29:19, Sys 0 00:00:06  -  Run Remote Usage
		Usr 0 00:00:00, Sys 0 00:00:00  -  Run Local Usage
		Usr 0 00:29:19, Sys 0 00:00:06  -  Total Remote Usage
		Usr 0 00:00:00, Sys 0 00:00:00  -  Total Local Usage
	8155  -  Run Bytes Sent By Job
	10428  -  Run Bytes Received By Job
	8155  -  Total Bytes Sent By Job
	10428  -  Total Bytes Received By Job
	Partitionable Resources :    Usage  Request Allocated 
	   Cpus                 :     0.99        1         1 
	   Disk (KB)            :    84          12      3629 
	   GPUs                 :                           0 
	   Memory (MB)          :   192        3000      3000 

	Job terminated of its own accord at 2025-02-18T00:19:47Z with exit-code 0.
...
