000 (16630220.219.000) 02/18 00:26:51 Job submitted from host: <188.185.72.155:9618?addrs=188.185.72.155-9618+[2001-1458-d00-8--100-95]-9618&alias=bigbird08.cern.ch&noUDP&sock=schedd_862983_22fa>
...
040 (16630220.219.000) 02/18 00:48:41 Started transferring input files
	Transferring to host: <128.142.240.13:9618?addrs=128.142.240.13-9618+[2001-1458-301-11--100-d]-9618&alias=b9g29p4811.cern.ch&noUDP&sock=slot1_27_3851569_8a28_105976>
...
040 (16630220.219.000) 02/18 00:48:41 Finished transferring input files
...
001 (16630220.219.000) 02/18 00:48:42 Job executing on host: <128.142.240.13:9618?addrs=128.142.240.13-9618+[2001-1458-301-11--100-d]-9618&alias=b9g29p4811.cern.ch&noUDP&sock=startd_3851460_c9ab>
	SlotName: slot1_27@b9g29p4811.cern.ch
	CondorScratchDir = "/pool/condor/dir_3624897"
	Cpus = 1
	Disk = 3741
	GPUs = 0
	Memory = 3000
...
006 (16630220.219.000) 02/18 00:48:50 Image size of job updated: 87048
	86  -  MemoryUsage of job (MB)
	87048  -  ResidentSetSize of job (KB)
...
006 (16630220.219.000) 02/18 00:53:50 Image size of job updated: 202020
	198  -  MemoryUsage of job (MB)
	202020  -  ResidentSetSize of job (KB)
...
006 (16630220.219.000) 02/18 00:58:51 Image size of job updated: 205524
	201  -  MemoryUsage of job (MB)
	205524  -  ResidentSetSize of job (KB)
...
040 (16630220.219.000) 02/18 01:26:56 Started transferring output files
...
040 (16630220.219.000) 02/18 01:26:56 Finished transferring output files
...
005 (16630220.219.000) 02/18 01:26:56 Job terminated.
	(1) Normal termination (return value 0)
		Usr 0 00:37:05, Sys 0 00:00:10  -  Run Remote Usage
		Usr 0 00:00:00, Sys 0 00:00:00  -  Run Local Usage
		Usr 0 00:37:05, Sys 0 00:00:10  -  Total Remote Usage
		Usr 0 00:00:00, Sys 0 00:00:00  -  Total Local Usage
	8155  -  Run Bytes Sent By Job
	10428  -  Run Bytes Received By Job
	8155  -  Total Bytes Sent By Job
	10428  -  Total Bytes Received By Job
	Partitionable Resources :    Usage  Request Allocated 
	   Cpus                 :     0.98        1         1 
	   Disk (KB)            :    81          12      3741 
	   GPUs                 :                           0 
	   Memory (MB)          :   201        3000      3000 

	Job terminated of its own accord at 2025-02-18T00:26:56Z with exit-code 0.
...
