000 (16630220.343.000) 02/18 00:26:51 Job submitted from host: <188.185.72.155:9618?addrs=188.185.72.155-9618+[2001-1458-d00-8--100-95]-9618&alias=bigbird08.cern.ch&noUDP&sock=schedd_862983_22fa>
...
040 (16630220.343.000) 02/18 00:49:34 Started transferring input files
	Transferring to host: <188.185.192.58:9618?addrs=188.185.192.58-9618+[2001-1458-303-1f--100-36]-9618&alias=b9p13p3997.cern.ch&noUDP&sock=slot1_25_3402531_a594_13291>
...
040 (16630220.343.000) 02/18 00:49:34 Finished transferring input files
...
001 (16630220.343.000) 02/18 00:49:35 Job executing on host: <188.185.192.58:9618?addrs=188.185.192.58-9618+[2001-1458-303-1f--100-36]-9618&alias=b9p13p3997.cern.ch&noUDP&sock=startd_11165_d6fd>
	SlotName: slot1_25@b9p13p3997.cern.ch
	CondorScratchDir = "/pool/condor/dir_1972349"
	Cpus = 1
	Disk = 3910
	GPUs = 0
	Memory = 3000
...
006 (16630220.343.000) 02/18 00:49:44 Image size of job updated: 88212
	87  -  MemoryUsage of job (MB)
	88212  -  ResidentSetSize of job (KB)
...
006 (16630220.343.000) 02/18 00:54:45 Image size of job updated: 126252
	124  -  MemoryUsage of job (MB)
	126252  -  ResidentSetSize of job (KB)
...
006 (16630220.343.000) 02/18 00:59:45 Image size of job updated: 165924
	163  -  MemoryUsage of job (MB)
	165924  -  ResidentSetSize of job (KB)
...
006 (16630220.343.000) 02/18 01:04:45 Image size of job updated: 170116
	167  -  MemoryUsage of job (MB)
	170116  -  ResidentSetSize of job (KB)
...
006 (16630220.343.000) 02/18 01:09:46 Image size of job updated: 175416
	172  -  MemoryUsage of job (MB)
	175416  -  ResidentSetSize of job (KB)
...
006 (16630220.343.000) 02/18 01:14:46 Image size of job updated: 177608
	174  -  MemoryUsage of job (MB)
	177608  -  ResidentSetSize of job (KB)
...
006 (16630220.343.000) 02/18 01:24:48 Image size of job updated: 186492
	183  -  MemoryUsage of job (MB)
	186492  -  ResidentSetSize of job (KB)
...
006 (16630220.343.000) 02/18 01:29:48 Image size of job updated: 192796
	189  -  MemoryUsage of job (MB)
	192796  -  ResidentSetSize of job (KB)
...
006 (16630220.343.000) 02/18 01:34:48 Image size of job updated: 194848
	191  -  MemoryUsage of job (MB)
	194848  -  ResidentSetSize of job (KB)
...
006 (16630220.343.000) 02/18 01:39:49 Image size of job updated: 199636
	195  -  MemoryUsage of job (MB)
	199636  -  ResidentSetSize of job (KB)
...
040 (16630220.343.000) 02/18 01:43:00 Started transferring output files
...
040 (16630220.343.000) 02/18 01:43:00 Finished transferring output files
...
005 (16630220.343.000) 02/18 01:43:00 Job terminated.
	(1) Normal termination (return value 0)
		Usr 0 00:52:20, Sys 0 00:00:07  -  Run Remote Usage
		Usr 0 00:00:00, Sys 0 00:00:00  -  Run Local Usage
		Usr 0 00:52:20, Sys 0 00:00:07  -  Total Remote Usage
		Usr 0 00:00:00, Sys 0 00:00:00  -  Total Local Usage
	8155  -  Run Bytes Sent By Job
	10428  -  Run Bytes Received By Job
	8155  -  Total Bytes Sent By Job
	10428  -  Total Bytes Received By Job
	Partitionable Resources :    Usage  Request Allocated 
	   Cpus                 :     0.99        1         1 
	   Disk (KB)            :    81          12      3910 
	   GPUs                 :                           0 
	   Memory (MB)          :   195        3000      3000 

	Job terminated of its own accord at 2025-02-18T00:43:00Z with exit-code 0.
...
