000 (16630220.269.000) 02/18 00:26:51 Job submitted from host: <188.185.72.155:9618?addrs=188.185.72.155-9618+[2001-1458-d00-8--100-95]-9618&alias=bigbird08.cern.ch&noUDP&sock=schedd_862983_22fa>
...
040 (16630220.269.000) 02/18 00:49:06 Started transferring input files
	Transferring to host: <188.185.208.168:9618?addrs=188.185.208.168-9618+[2001-1458-303-10--100-25]-9618&alias=b9p10p1412.cern.ch&noUDP&sock=slot1_22_8343_25ec_134541>
...
040 (16630220.269.000) 02/18 00:49:06 Finished transferring input files
...
001 (16630220.269.000) 02/18 00:49:07 Job executing on host: <188.185.208.168:9618?addrs=188.185.208.168-9618+[2001-1458-303-10--100-25]-9618&alias=b9p10p1412.cern.ch&noUDP&sock=startd_7007_cc33>
	SlotName: slot1_22@b9p10p1412.cern.ch
	CondorScratchDir = "/pool/condor/dir_3342121"
	Cpus = 1
	Disk = 3663
	GPUs = 0
	Memory = 3000
...
006 (16630220.269.000) 02/18 00:49:16 Image size of job updated: 87372
	86  -  MemoryUsage of job (MB)
	87372  -  ResidentSetSize of job (KB)
...
006 (16630220.269.000) 02/18 00:54:17 Image size of job updated: 170644
	167  -  MemoryUsage of job (MB)
	170644  -  ResidentSetSize of job (KB)
...
006 (16630220.269.000) 02/18 00:59:17 Image size of job updated: 176572
	173  -  MemoryUsage of job (MB)
	176572  -  ResidentSetSize of job (KB)
...
006 (16630220.269.000) 02/18 01:04:17 Image size of job updated: 182216
	178  -  MemoryUsage of job (MB)
	182216  -  ResidentSetSize of job (KB)
...
006 (16630220.269.000) 02/18 01:09:19 Image size of job updated: 192660
	189  -  MemoryUsage of job (MB)
	192660  -  ResidentSetSize of job (KB)
...
006 (16630220.269.000) 02/18 01:14:19 Image size of job updated: 198788
	195  -  MemoryUsage of job (MB)
	198788  -  ResidentSetSize of job (KB)
...
006 (16630220.269.000) 02/18 01:19:19 Image size of job updated: 204020
	200  -  MemoryUsage of job (MB)
	204020  -  ResidentSetSize of job (KB)
...
040 (16630220.269.000) 02/18 01:21:06 Started transferring output files
...
040 (16630220.269.000) 02/18 01:21:06 Finished transferring output files
...
005 (16630220.269.000) 02/18 01:21:06 Job terminated.
	(1) Normal termination (return value 0)
		Usr 0 00:31:01, Sys 0 00:00:09  -  Run Remote Usage
		Usr 0 00:00:00, Sys 0 00:00:00  -  Run Local Usage
		Usr 0 00:31:01, Sys 0 00:00:09  -  Total Remote Usage
		Usr 0 00:00:00, Sys 0 00:00:00  -  Total Local Usage
	8155  -  Run Bytes Sent By Job
	10428  -  Run Bytes Received By Job
	8155  -  Total Bytes Sent By Job
	10428  -  Total Bytes Received By Job
	Partitionable Resources :    Usage  Request Allocated 
	   Cpus                 :     0.99        1         1 
	   Disk (KB)            :    81          12      3663 
	   GPUs                 :                           0 
	   Memory (MB)          :   200        3000      3000 

	Job terminated of its own accord at 2025-02-18T00:21:06Z with exit-code 0.
...
