000 (16630220.202.000) 02/18 00:26:50 Job submitted from host: <188.185.72.155:9618?addrs=188.185.72.155-9618+[2001-1458-d00-8--100-95]-9618&alias=bigbird08.cern.ch&noUDP&sock=schedd_862983_22fa>
...
040 (16630220.202.000) 02/18 00:48:24 Started transferring input files
	Transferring to host: <188.185.215.137:9618?addrs=188.185.215.137-9618+[2001-1458-303-26--100-5]-9618&alias=b9p18p3576.cern.ch&noUDP&sock=slot1_21_1188200_23b7_95446>
...
040 (16630220.202.000) 02/18 00:48:24 Finished transferring input files
...
001 (16630220.202.000) 02/18 00:48:25 Job executing on host: <188.185.215.137:9618?addrs=188.185.215.137-9618+[2001-1458-303-26--100-5]-9618&alias=b9p18p3576.cern.ch&noUDP&sock=startd_7403_6bb4>
	SlotName: slot1_21@b9p18p3576.cern.ch
	CondorScratchDir = "/pool/condor/dir_3618770"
	Cpus = 1
	Disk = 3808
	GPUs = 0
	Memory = 3000
...
006 (16630220.202.000) 02/18 00:48:33 Image size of job updated: 2068
	3  -  MemoryUsage of job (MB)
	2068  -  ResidentSetSize of job (KB)
...
006 (16630220.202.000) 02/18 00:53:33 Image size of job updated: 204480
	200  -  MemoryUsage of job (MB)
	204480  -  ResidentSetSize of job (KB)
...
006 (16630220.202.000) 02/18 00:58:34 Image size of job updated: 210276
	206  -  MemoryUsage of job (MB)
	210276  -  ResidentSetSize of job (KB)
...
040 (16630220.202.000) 02/18 01:21:27 Started transferring output files
...
040 (16630220.202.000) 02/18 01:21:27 Finished transferring output files
...
005 (16630220.202.000) 02/18 01:21:27 Job terminated.
	(1) Normal termination (return value 0)
		Usr 0 00:31:57, Sys 0 00:00:02  -  Run Remote Usage
		Usr 0 00:00:00, Sys 0 00:00:00  -  Run Local Usage
		Usr 0 00:31:57, Sys 0 00:00:02  -  Total Remote Usage
		Usr 0 00:00:00, Sys 0 00:00:00  -  Total Local Usage
	8155  -  Run Bytes Sent By Job
	10428  -  Run Bytes Received By Job
	8155  -  Total Bytes Sent By Job
	10428  -  Total Bytes Received By Job
	Partitionable Resources :    Usage  Request Allocated 
	   Cpus                 :     0.99        1         1 
	   Disk (KB)            :    81          12      3808 
	   GPUs                 :                           0 
	   Memory (MB)          :   206        3000      3000 

	Job terminated of its own accord at 2025-02-18T00:21:27Z with exit-code 0.
...
