000 (16630220.418.000) 02/18 00:26:51 Job submitted from host: <188.185.72.155:9618?addrs=188.185.72.155-9618+[2001-1458-d00-8--100-95]-9618&alias=bigbird08.cern.ch&noUDP&sock=schedd_862983_22fa>
...
040 (16630220.418.000) 02/18 00:50:03 Started transferring input files
	Transferring to host: <188.185.214.18:9618?addrs=188.185.214.18-9618+[2001-1458-303-1c--100-e]-9618&alias=b9p29p4113.cern.ch&noUDP&sock=slot1_32_5982_9c2c_149977>
...
040 (16630220.418.000) 02/18 00:50:03 Finished transferring input files
...
001 (16630220.418.000) 02/18 00:50:04 Job executing on host: <188.185.214.18:9618?addrs=188.185.214.18-9618+[2001-1458-303-1c--100-e]-9618&alias=b9p29p4113.cern.ch&noUDP&sock=startd_4634_1df6>
	SlotName: slot1_32@b9p29p4113.cern.ch
	CondorScratchDir = "/pool/condor/dir_1769155"
	Cpus = 1
	Disk = 3726
	GPUs = 0
	Memory = 3000
...
006 (16630220.418.000) 02/18 00:50:13 Image size of job updated: 86776
	85  -  MemoryUsage of job (MB)
	86776  -  ResidentSetSize of job (KB)
...
006 (16630220.418.000) 02/18 00:55:14 Image size of job updated: 172860
	169  -  MemoryUsage of job (MB)
	172860  -  ResidentSetSize of job (KB)
...
006 (16630220.418.000) 02/18 01:00:14 Image size of job updated: 177460
	174  -  MemoryUsage of job (MB)
	177460  -  ResidentSetSize of job (KB)
...
006 (16630220.418.000) 02/18 01:05:15 Image size of job updated: 178128
	174  -  MemoryUsage of job (MB)
	178128  -  ResidentSetSize of job (KB)
...
006 (16630220.418.000) 02/18 01:20:16 Image size of job updated: 194300
	190  -  MemoryUsage of job (MB)
	194300  -  ResidentSetSize of job (KB)
...
006 (16630220.418.000) 02/18 01:25:17 Image size of job updated: 198520
	194  -  MemoryUsage of job (MB)
	198520  -  ResidentSetSize of job (KB)
...
006 (16630220.418.000) 02/18 01:30:17 Image size of job updated: 200616
	196  -  MemoryUsage of job (MB)
	200616  -  ResidentSetSize of job (KB)
...
040 (16630220.418.000) 02/18 01:30:45 Started transferring output files
...
040 (16630220.418.000) 02/18 01:30:45 Finished transferring output files
...
005 (16630220.418.000) 02/18 01:30:45 Job terminated.
	(1) Normal termination (return value 0)
		Usr 0 00:39:19, Sys 0 00:00:12  -  Run Remote Usage
		Usr 0 00:00:00, Sys 0 00:00:00  -  Run Local Usage
		Usr 0 00:39:19, Sys 0 00:00:12  -  Total Remote Usage
		Usr 0 00:00:00, Sys 0 00:00:00  -  Total Local Usage
	8155  -  Run Bytes Sent By Job
	10428  -  Run Bytes Received By Job
	8155  -  Total Bytes Sent By Job
	10428  -  Total Bytes Received By Job
	Partitionable Resources :    Usage  Request Allocated 
	   Cpus                 :     0.96        1         1 
	   Disk (KB)            :    81          12      3726 
	   GPUs                 :                           0 
	   Memory (MB)          :   196        3000      3000 

	Job terminated of its own accord at 2025-02-18T00:30:45Z with exit-code 0.
...
