000 (16630220.460.000) 02/18 00:26:51 Job submitted from host: <188.185.72.155:9618?addrs=188.185.72.155-9618+[2001-1458-d00-8--100-95]-9618&alias=bigbird08.cern.ch&noUDP&sock=schedd_862983_22fa>
...
040 (16630220.460.000) 02/18 00:52:54 Started transferring input files
	Transferring to host: <188.185.193.164:9618?addrs=188.185.193.164-9618+[2001-1458-303-20--100-a0]-9618&alias=b9p19p4506.cern.ch&noUDP&sock=slot1_18_2060978_321a_79397>
...
040 (16630220.460.000) 02/18 00:52:54 Finished transferring input files
...
001 (16630220.460.000) 02/18 00:52:55 Job executing on host: <188.185.193.164:9618?addrs=188.185.193.164-9618+[2001-1458-303-20--100-a0]-9618&alias=b9p19p4506.cern.ch&noUDP&sock=startd_6326_b034>
	SlotName: slot1_18@b9p19p4506.cern.ch
	CondorScratchDir = "/pool/condor/dir_3464940"
	Cpus = 1
	Disk = 3756
	GPUs = 0
	Memory = 3000
...
006 (16630220.460.000) 02/18 00:53:03 Image size of job updated: 2128
	3  -  MemoryUsage of job (MB)
	2128  -  ResidentSetSize of job (KB)
...
006 (16630220.460.000) 02/18 00:58:03 Image size of job updated: 29464
	29  -  MemoryUsage of job (MB)
	29464  -  ResidentSetSize of job (KB)
...
006 (16630220.460.000) 02/18 01:03:04 Image size of job updated: 81352
	80  -  MemoryUsage of job (MB)
	81352  -  ResidentSetSize of job (KB)
...
006 (16630220.460.000) 02/18 01:08:04 Image size of job updated: 86256
	85  -  MemoryUsage of job (MB)
	86256  -  ResidentSetSize of job (KB)
...
006 (16630220.460.000) 02/18 01:13:04 Image size of job updated: 89880
	88  -  MemoryUsage of job (MB)
	89880  -  ResidentSetSize of job (KB)
...
006 (16630220.460.000) 02/18 01:18:05 Image size of job updated: 93336
	92  -  MemoryUsage of job (MB)
	93336  -  ResidentSetSize of job (KB)
...
006 (16630220.460.000) 02/18 01:23:06 Image size of job updated: 97748
	96  -  MemoryUsage of job (MB)
	97748  -  ResidentSetSize of job (KB)
...
006 (16630220.460.000) 02/18 01:28:06 Image size of job updated: 103296
	101  -  MemoryUsage of job (MB)
	103296  -  ResidentSetSize of job (KB)
...
006 (16630220.460.000) 02/18 01:33:07 Image size of job updated: 109120
	107  -  MemoryUsage of job (MB)
	109120  -  ResidentSetSize of job (KB)
...
040 (16630220.460.000) 02/18 01:36:58 Started transferring output files
...
040 (16630220.460.000) 02/18 01:36:58 Finished transferring output files
...
005 (16630220.460.000) 02/18 01:36:58 Job terminated.
	(1) Normal termination (return value 0)
		Usr 0 00:42:49, Sys 0 00:00:04  -  Run Remote Usage
		Usr 0 00:00:00, Sys 0 00:00:00  -  Run Local Usage
		Usr 0 00:42:49, Sys 0 00:00:04  -  Total Remote Usage
		Usr 0 00:00:00, Sys 0 00:00:00  -  Total Local Usage
	8155  -  Run Bytes Sent By Job
	10428  -  Run Bytes Received By Job
	8155  -  Total Bytes Sent By Job
	10428  -  Total Bytes Received By Job
	Partitionable Resources :    Usage  Request Allocated 
	   Cpus                 :     0.99        1         1 
	   Disk (KB)            :    81          12      3756 
	   GPUs                 :                           0 
	   Memory (MB)          :   107        3000      3000 

	Job terminated of its own accord at 2025-02-18T00:36:58Z with exit-code 0.
...
