000 (16630220.125.000) 02/18 00:26:50 Job submitted from host: <188.185.72.155:9618?addrs=188.185.72.155-9618+[2001-1458-d00-8--100-95]-9618&alias=bigbird08.cern.ch&noUDP&sock=schedd_862983_22fa>
...
040 (16630220.125.000) 02/18 00:42:52 Started transferring input files
	Transferring to host: <128.142.161.98:9618?addrs=128.142.161.98-9618+[2001-1458-301-b8--100-20]-9618&alias=b9g03p9785.cern.ch&noUDP&sock=slot1_20_1293671_0018_3646>
...
040 (16630220.125.000) 02/18 00:42:52 Finished transferring input files
...
001 (16630220.125.000) 02/18 00:42:53 Job executing on host: <128.142.161.98:9618?addrs=128.142.161.98-9618+[2001-1458-301-b8--100-20]-9618&alias=b9g03p9785.cern.ch&noUDP&sock=startd_2569_b2e4>
	SlotName: slot1_20@b9g03p9785.cern.ch
	CondorScratchDir = "/pool/condor/dir_3186027"
	Cpus = 1
	Disk = 4011
	GPUs = 0
	Memory = 3000
...
006 (16630220.125.000) 02/18 00:43:02 Image size of job updated: 88880
	87  -  MemoryUsage of job (MB)
	88880  -  ResidentSetSize of job (KB)
...
006 (16630220.125.000) 02/18 00:48:03 Image size of job updated: 160204
	157  -  MemoryUsage of job (MB)
	160204  -  ResidentSetSize of job (KB)
...
006 (16630220.125.000) 02/18 00:53:04 Image size of job updated: 165492
	162  -  MemoryUsage of job (MB)
	165492  -  ResidentSetSize of job (KB)
...
006 (16630220.125.000) 02/18 00:58:04 Image size of job updated: 167692
	164  -  MemoryUsage of job (MB)
	167692  -  ResidentSetSize of job (KB)
...
006 (16630220.125.000) 02/18 01:03:05 Image size of job updated: 171952
	168  -  MemoryUsage of job (MB)
	171952  -  ResidentSetSize of job (KB)
...
006 (16630220.125.000) 02/18 01:08:06 Image size of job updated: 175012
	171  -  MemoryUsage of job (MB)
	175012  -  ResidentSetSize of job (KB)
...
006 (16630220.125.000) 02/18 01:13:06 Image size of job updated: 179432
	176  -  MemoryUsage of job (MB)
	179432  -  ResidentSetSize of job (KB)
...
006 (16630220.125.000) 02/18 01:23:07 Image size of job updated: 185276
	181  -  MemoryUsage of job (MB)
	185276  -  ResidentSetSize of job (KB)
...
040 (16630220.125.000) 02/18 01:45:51 Started transferring output files
...
040 (16630220.125.000) 02/18 01:45:51 Finished transferring output files
...
005 (16630220.125.000) 02/18 01:45:51 Job terminated.
	(1) Normal termination (return value 0)
		Usr 0 01:01:28, Sys 0 00:00:08  -  Run Remote Usage
		Usr 0 00:00:00, Sys 0 00:00:00  -  Run Local Usage
		Usr 0 01:01:28, Sys 0 00:00:08  -  Total Remote Usage
		Usr 0 00:00:00, Sys 0 00:00:00  -  Total Local Usage
	8155  -  Run Bytes Sent By Job
	10428  -  Run Bytes Received By Job
	8155  -  Total Bytes Sent By Job
	10428  -  Total Bytes Received By Job
	Partitionable Resources :    Usage  Request Allocated 
	   Cpus                 :     0.82        1         1 
	   Disk (KB)            :    80          12      4011 
	   GPUs                 :                           0 
	   Memory (MB)          :   181        3000      3000 

	Job terminated of its own accord at 2025-02-18T00:45:51Z with exit-code 0.
...
