000 (16630220.144.000) 02/18 00:26:50 Job submitted from host: <188.185.72.155:9618?addrs=188.185.72.155-9618+[2001-1458-d00-8--100-95]-9618&alias=bigbird08.cern.ch&noUDP&sock=schedd_862983_22fa>
...
040 (16630220.144.000) 02/18 00:47:57 Started transferring input files
	Transferring to host: <188.185.215.137:9618?addrs=188.185.215.137-9618+[2001-1458-303-26--100-5]-9618&alias=b9p18p3576.cern.ch&noUDP&sock=slot1_19_1188200_23b7_95445>
...
040 (16630220.144.000) 02/18 00:47:57 Finished transferring input files
...
001 (16630220.144.000) 02/18 00:47:58 Job executing on host: <188.185.215.137:9618?addrs=188.185.215.137-9618+[2001-1458-303-26--100-5]-9618&alias=b9p18p3576.cern.ch&noUDP&sock=startd_7403_6bb4>
	SlotName: slot1_19@b9p18p3576.cern.ch
	CondorScratchDir = "/pool/condor/dir_3618210"
	Cpus = 1
	Disk = 3808
	GPUs = 0
	Memory = 3000
...
006 (16630220.144.000) 02/18 00:48:07 Image size of job updated: 2940
	3  -  MemoryUsage of job (MB)
	2940  -  ResidentSetSize of job (KB)
...
006 (16630220.144.000) 02/18 00:53:08 Image size of job updated: 1198484
	1171  -  MemoryUsage of job (MB)
	1198484  -  ResidentSetSize of job (KB)
...
006 (16630220.144.000) 02/18 00:58:09 Image size of job updated: 1205676
	1178  -  MemoryUsage of job (MB)
	1205676  -  ResidentSetSize of job (KB)
...
040 (16630220.144.000) 02/18 01:22:29 Started transferring output files
...
040 (16630220.144.000) 02/18 01:22:29 Finished transferring output files
...
005 (16630220.144.000) 02/18 01:22:29 Job terminated.
	(1) Normal termination (return value 0)
		Usr 0 00:32:51, Sys 0 00:00:05  -  Run Remote Usage
		Usr 0 00:00:00, Sys 0 00:00:00  -  Run Local Usage
		Usr 0 00:32:51, Sys 0 00:00:05  -  Total Remote Usage
		Usr 0 00:00:00, Sys 0 00:00:00  -  Total Local Usage
	8153  -  Run Bytes Sent By Job
	10428  -  Run Bytes Received By Job
	8153  -  Total Bytes Sent By Job
	10428  -  Total Bytes Received By Job
	Partitionable Resources :    Usage  Request Allocated 
	   Cpus                 :     0.99        1         1 
	   Disk (KB)            :    81          12      3808 
	   GPUs                 :                           0 
	   Memory (MB)          :  1178        3000      3000 

	Job terminated of its own accord at 2025-02-18T00:22:29Z with exit-code 0.
...
