000 (16630220.016.000) 02/18 00:26:50 Job submitted from host: <188.185.72.155:9618?addrs=188.185.72.155-9618+[2001-1458-d00-8--100-95]-9618&alias=bigbird08.cern.ch&noUDP&sock=schedd_862983_22fa>
...
040 (16630220.016.000) 02/18 00:27:37 Started transferring input files
	Transferring to host: <188.185.214.11:9618?addrs=188.185.214.11-9618+[2001-1458-303-1c--100-7]-9618&alias=b9p29p4563.cern.ch&noUDP&sock=slot1_13_338631_ec63_79639>
...
040 (16630220.016.000) 02/18 00:27:37 Finished transferring input files
...
001 (16630220.016.000) 02/18 00:27:38 Job executing on host: <188.185.214.11:9618?addrs=188.185.214.11-9618+[2001-1458-303-1c--100-7]-9618&alias=b9p29p4563.cern.ch&noUDP&sock=startd_3788_d4d6>
	SlotName: slot1_13@b9p29p4563.cern.ch
	CondorScratchDir = "/pool/condor/dir_642561"
	Cpus = 1
	Disk = 3803
	GPUs = 0
	Memory = 3000
...
006 (16630220.016.000) 02/18 00:27:46 Image size of job updated: 238532
	233  -  MemoryUsage of job (MB)
	238532  -  ResidentSetSize of job (KB)
...
006 (16630220.016.000) 02/18 00:32:46 Image size of job updated: 1204188
	1176  -  MemoryUsage of job (MB)
	1204188  -  ResidentSetSize of job (KB)
...
006 (16630220.016.000) 02/18 00:37:47 Image size of job updated: 1246412
	1218  -  MemoryUsage of job (MB)
	1246412  -  ResidentSetSize of job (KB)
...
006 (16630220.016.000) 02/18 00:47:47 Image size of job updated: 1252972
	1224  -  MemoryUsage of job (MB)
	1252972  -  ResidentSetSize of job (KB)
...
006 (16630220.016.000) 02/18 00:52:48 Image size of job updated: 1253160
	1224  -  MemoryUsage of job (MB)
	1253160  -  ResidentSetSize of job (KB)
...
006 (16630220.016.000) 02/18 00:57:49 Image size of job updated: 1261876
	1233  -  MemoryUsage of job (MB)
	1261876  -  ResidentSetSize of job (KB)
...
040 (16630220.016.000) 02/18 01:20:55 Started transferring output files
...
040 (16630220.016.000) 02/18 01:20:55 Finished transferring output files
...
005 (16630220.016.000) 02/18 01:20:55 Job terminated.
	(1) Normal termination (return value 0)
		Usr 0 00:44:22, Sys 0 00:00:31  -  Run Remote Usage
		Usr 0 00:00:00, Sys 0 00:00:00  -  Run Local Usage
		Usr 0 00:44:22, Sys 0 00:00:31  -  Total Remote Usage
		Usr 0 00:00:00, Sys 0 00:00:00  -  Total Local Usage
	8152  -  Run Bytes Sent By Job
	10428  -  Run Bytes Received By Job
	8152  -  Total Bytes Sent By Job
	10428  -  Total Bytes Received By Job
	Partitionable Resources :    Usage  Request Allocated 
	   Cpus                 :     0.82        1         1 
	   Disk (KB)            :    80          12      3803 
	   GPUs                 :                           0 
	   Memory (MB)          :  1233        3000      3000 

	Job terminated of its own accord at 2025-02-18T00:20:55Z with exit-code 0.
...
