000 (16630220.458.000) 02/18 00:26:51 Job submitted from host: <188.185.72.155:9618?addrs=188.185.72.155-9618+[2001-1458-d00-8--100-95]-9618&alias=bigbird08.cern.ch&noUDP&sock=schedd_862983_22fa>
...
040 (16630220.458.000) 02/18 00:52:54 Started transferring input files
	Transferring to host: <188.185.198.70:9618?addrs=188.185.198.70-9618+[2001-1458-303-25--100-42]-9618&alias=b9p15p8814.cern.ch&noUDP&sock=slot1_19_2785443_538e_75392>
...
040 (16630220.458.000) 02/18 00:52:54 Finished transferring input files
...
001 (16630220.458.000) 02/18 00:52:55 Job executing on host: <188.185.198.70:9618?addrs=188.185.198.70-9618+[2001-1458-303-25--100-42]-9618&alias=b9p15p8814.cern.ch&noUDP&sock=startd_7476_7e1e>
	SlotName: slot1_19@b9p15p8814.cern.ch
	CondorScratchDir = "/pool/condor/dir_3059347"
	Cpus = 1
	Disk = 3833
	GPUs = 0
	Memory = 3000
...
006 (16630220.458.000) 02/18 00:53:03 Image size of job updated: 480472
	470  -  MemoryUsage of job (MB)
	480472  -  ResidentSetSize of job (KB)
...
006 (16630220.458.000) 02/18 00:58:03 Image size of job updated: 1244704
	1216  -  MemoryUsage of job (MB)
	1244704  -  ResidentSetSize of job (KB)
...
040 (16630220.458.000) 02/18 01:24:24 Started transferring output files
...
040 (16630220.458.000) 02/18 01:24:24 Finished transferring output files
...
005 (16630220.458.000) 02/18 01:24:24 Job terminated.
	(1) Normal termination (return value 0)
		Usr 0 00:30:14, Sys 0 00:00:05  -  Run Remote Usage
		Usr 0 00:00:00, Sys 0 00:00:00  -  Run Local Usage
		Usr 0 00:30:14, Sys 0 00:00:05  -  Total Remote Usage
		Usr 0 00:00:00, Sys 0 00:00:00  -  Total Local Usage
	8155  -  Run Bytes Sent By Job
	10428  -  Run Bytes Received By Job
	8155  -  Total Bytes Sent By Job
	10428  -  Total Bytes Received By Job
	Partitionable Resources :    Usage  Request Allocated 
	   Cpus                 :     0.99        1         1 
	   Disk (KB)            :    81          12      3833 
	   GPUs                 :                           0 
	   Memory (MB)          :  1216        3000      3000 

	Job terminated of its own accord at 2025-02-18T00:24:24Z with exit-code 0.
...
