000 (16630220.311.000) 02/18 00:26:51 Job submitted from host: <188.185.72.155:9618?addrs=188.185.72.155-9618+[2001-1458-d00-8--100-95]-9618&alias=bigbird08.cern.ch&noUDP&sock=schedd_862983_22fa>
...
040 (16630220.311.000) 02/18 00:49:24 Started transferring input files
	Transferring to host: <188.185.214.11:9618?addrs=188.185.214.11-9618+[2001-1458-303-1c--100-7]-9618&alias=b9p29p4563.cern.ch&noUDP&sock=slot1_15_338631_ec63_79657>
...
040 (16630220.311.000) 02/18 00:49:24 Finished transferring input files
...
001 (16630220.311.000) 02/18 00:49:25 Job executing on host: <188.185.214.11:9618?addrs=188.185.214.11-9618+[2001-1458-303-1c--100-7]-9618&alias=b9p29p4563.cern.ch&noUDP&sock=startd_3788_d4d6>
	SlotName: slot1_15@b9p29p4563.cern.ch
	CondorScratchDir = "/pool/condor/dir_713330"
	Cpus = 1
	Disk = 3776
	GPUs = 0
	Memory = 3000
...
006 (16630220.311.000) 02/18 00:49:34 Image size of job updated: 53588
	53  -  MemoryUsage of job (MB)
	53588  -  ResidentSetSize of job (KB)
...
006 (16630220.311.000) 02/18 00:54:35 Image size of job updated: 161124
	158  -  MemoryUsage of job (MB)
	161124  -  ResidentSetSize of job (KB)
...
006 (16630220.311.000) 02/18 00:59:36 Image size of job updated: 172140
	169  -  MemoryUsage of job (MB)
	172140  -  ResidentSetSize of job (KB)
...
006 (16630220.311.000) 02/18 01:04:36 Image size of job updated: 175368
	172  -  MemoryUsage of job (MB)
	175368  -  ResidentSetSize of job (KB)
...
006 (16630220.311.000) 02/18 01:09:36 Image size of job updated: 179292
	176  -  MemoryUsage of job (MB)
	179292  -  ResidentSetSize of job (KB)
...
006 (16630220.311.000) 02/18 01:14:37 Image size of job updated: 185356
	182  -  MemoryUsage of job (MB)
	185356  -  ResidentSetSize of job (KB)
...
006 (16630220.311.000) 02/18 01:24:37 Image size of job updated: 196912
	193  -  MemoryUsage of job (MB)
	196912  -  ResidentSetSize of job (KB)
...
006 (16630220.311.000) 02/18 01:29:38 Image size of job updated: 198888
	195  -  MemoryUsage of job (MB)
	198888  -  ResidentSetSize of job (KB)
...
006 (16630220.311.000) 02/18 01:34:39 Image size of job updated: 203604
	199  -  MemoryUsage of job (MB)
	203604  -  ResidentSetSize of job (KB)
...
006 (16630220.311.000) 02/18 01:39:39 Image size of job updated: 205972
	202  -  MemoryUsage of job (MB)
	205972  -  ResidentSetSize of job (KB)
...
040 (16630220.311.000) 02/18 01:40:52 Started transferring output files
...
040 (16630220.311.000) 02/18 01:40:52 Finished transferring output files
...
005 (16630220.311.000) 02/18 01:40:52 Job terminated.
	(1) Normal termination (return value 0)
		Usr 0 00:44:50, Sys 0 00:00:23  -  Run Remote Usage
		Usr 0 00:00:00, Sys 0 00:00:00  -  Run Local Usage
		Usr 0 00:44:50, Sys 0 00:00:23  -  Total Remote Usage
		Usr 0 00:00:00, Sys 0 00:00:00  -  Total Local Usage
	8153  -  Run Bytes Sent By Job
	10428  -  Run Bytes Received By Job
	8153  -  Total Bytes Sent By Job
	10428  -  Total Bytes Received By Job
	Partitionable Resources :    Usage  Request Allocated 
	   Cpus                 :     0.91        1         1 
	   Disk (KB)            :    80          12      3776 
	   GPUs                 :                           0 
	   Memory (MB)          :   202        3000      3000 

	Job terminated of its own accord at 2025-02-18T00:40:52Z with exit-code 0.
...
