000 (16630220.117.000) 02/18 00:26:50 Job submitted from host: <188.185.72.155:9618?addrs=188.185.72.155-9618+[2001-1458-d00-8--100-95]-9618&alias=bigbird08.cern.ch&noUDP&sock=schedd_862983_22fa>
...
040 (16630220.117.000) 02/18 00:42:49 Started transferring input files
	Transferring to host: <128.142.196.51:9618?addrs=128.142.196.51-9618+[2001-1458-301-3c--100-31]-9618&alias=b9g32p1086.cern.ch&noUDP&sock=slot1_19_3179254_cd3c_1487>
...
040 (16630220.117.000) 02/18 00:42:49 Finished transferring input files
...
001 (16630220.117.000) 02/18 00:42:50 Job executing on host: <128.142.196.51:9618?addrs=128.142.196.51-9618+[2001-1458-301-3c--100-31]-9618&alias=b9g32p1086.cern.ch&noUDP&sock=startd_2623_bd01>
	SlotName: slot1_19@b9g32p1086.cern.ch
	CondorScratchDir = "/pool/condor/dir_2802280"
	Cpus = 1
	Disk = 3909
	GPUs = 0
	Memory = 3000
...
006 (16630220.117.000) 02/18 00:42:59 Image size of job updated: 153516
	150  -  MemoryUsage of job (MB)
	153516  -  ResidentSetSize of job (KB)
...
006 (16630220.117.000) 02/18 00:48:00 Image size of job updated: 374172
	366  -  MemoryUsage of job (MB)
	374172  -  ResidentSetSize of job (KB)
...
040 (16630220.117.000) 02/18 01:20:23 Started transferring output files
...
040 (16630220.117.000) 02/18 01:20:23 Finished transferring output files
...
005 (16630220.117.000) 02/18 01:20:23 Job terminated.
	(1) Normal termination (return value 0)
		Usr 0 00:35:59, Sys 0 00:00:09  -  Run Remote Usage
		Usr 0 00:00:00, Sys 0 00:00:00  -  Run Local Usage
		Usr 0 00:35:59, Sys 0 00:00:09  -  Total Remote Usage
		Usr 0 00:00:00, Sys 0 00:00:00  -  Total Local Usage
	8153  -  Run Bytes Sent By Job
	10428  -  Run Bytes Received By Job
	8153  -  Total Bytes Sent By Job
	10428  -  Total Bytes Received By Job
	Partitionable Resources :    Usage  Request Allocated 
	   Cpus                 :     0.99        1         1 
	   Disk (KB)            :    80          12      3909 
	   GPUs                 :                           0 
	   Memory (MB)          :   366        3000      3000 

	Job terminated of its own accord at 2025-02-18T00:20:23Z with exit-code 0.
...
