000 (16630220.179.000) 02/18 00:26:50 Job submitted from host: <188.185.72.155:9618?addrs=188.185.72.155-9618+[2001-1458-d00-8--100-95]-9618&alias=bigbird08.cern.ch&noUDP&sock=schedd_862983_22fa>
...
040 (16630220.179.000) 02/18 00:48:11 Started transferring input files
	Transferring to host: <128.142.240.11:9618?addrs=128.142.240.11-9618+[2001-1458-301-11--100-b]-9618&alias=b9g29p5557.cern.ch&noUDP&sock=slot1_9_802119_2603_87623>
...
040 (16630220.179.000) 02/18 00:48:11 Finished transferring input files
...
001 (16630220.179.000) 02/18 00:48:12 Job executing on host: <128.142.240.11:9618?addrs=128.142.240.11-9618+[2001-1458-301-11--100-b]-9618&alias=b9g29p5557.cern.ch&noUDP&sock=startd_5805_535c>
	SlotName: slot1_9@b9g29p5557.cern.ch
	CondorScratchDir = "/pool/condor/dir_1533474"
	Cpus = 1
	Disk = 3823
	GPUs = 0
	Memory = 3000
...
006 (16630220.179.000) 02/18 00:48:20 Image size of job updated: 495624
	485  -  MemoryUsage of job (MB)
	495624  -  ResidentSetSize of job (KB)
...
006 (16630220.179.000) 02/18 00:53:20 Image size of job updated: 1240964
	1212  -  MemoryUsage of job (MB)
	1240964  -  ResidentSetSize of job (KB)
...
006 (16630220.179.000) 02/18 00:58:21 Image size of job updated: 1246784
	1218  -  MemoryUsage of job (MB)
	1246784  -  ResidentSetSize of job (KB)
...
040 (16630220.179.000) 02/18 01:26:59 Started transferring output files
...
040 (16630220.179.000) 02/18 01:26:59 Finished transferring output files
...
005 (16630220.179.000) 02/18 01:26:59 Job terminated.
	(1) Normal termination (return value 0)
		Usr 0 00:37:21, Sys 0 00:00:09  -  Run Remote Usage
		Usr 0 00:00:00, Sys 0 00:00:00  -  Run Local Usage
		Usr 0 00:37:21, Sys 0 00:00:09  -  Total Remote Usage
		Usr 0 00:00:00, Sys 0 00:00:00  -  Total Local Usage
	8155  -  Run Bytes Sent By Job
	10428  -  Run Bytes Received By Job
	8155  -  Total Bytes Sent By Job
	10428  -  Total Bytes Received By Job
	Partitionable Resources :    Usage  Request Allocated 
	   Cpus                 :     0.99        1         1 
	   Disk (KB)            :    81          12      3823 
	   GPUs                 :                           0 
	   Memory (MB)          :  1218        3000      3000 

	Job terminated of its own accord at 2025-02-18T00:26:59Z with exit-code 0.
...
