000 (16630220.319.000) 02/18 00:26:51 Job submitted from host: <188.185.72.155:9618?addrs=188.185.72.155-9618+[2001-1458-d00-8--100-95]-9618&alias=bigbird08.cern.ch&noUDP&sock=schedd_862983_22fa>
...
040 (16630220.319.000) 02/18 00:49:31 Started transferring input files
	Transferring to host: <128.142.131.184:9618?addrs=128.142.131.184-9618+[2001-1458-301-59--100-ac]-9618&alias=b9g11p0080.cern.ch&noUDP&sock=slot1_4_3013_ae54_115543>
...
040 (16630220.319.000) 02/18 00:49:31 Finished transferring input files
...
001 (16630220.319.000) 02/18 00:49:32 Job executing on host: <128.142.131.184:9618?addrs=128.142.131.184-9618+[2001-1458-301-59--100-ac]-9618&alias=b9g11p0080.cern.ch&noUDP&sock=startd_2646_83af>
	SlotName: slot1_4@b9g11p0080.cern.ch
	CondorScratchDir = "/pool/condor/dir_4054876"
	Cpus = 1
	Disk = 2624
	GPUs = 0
	Memory = 3000
...
006 (16630220.319.000) 02/18 00:49:41 Image size of job updated: 282704
	277  -  MemoryUsage of job (MB)
	282704  -  ResidentSetSize of job (KB)
...
006 (16630220.319.000) 02/18 00:54:42 Image size of job updated: 881708
	862  -  MemoryUsage of job (MB)
	881708  -  ResidentSetSize of job (KB)
...
006 (16630220.319.000) 02/18 00:59:42 Image size of job updated: 921904
	901  -  MemoryUsage of job (MB)
	921904  -  ResidentSetSize of job (KB)
...
040 (16630220.319.000) 02/18 01:47:11 Started transferring output files
...
040 (16630220.319.000) 02/18 01:47:11 Finished transferring output files
...
005 (16630220.319.000) 02/18 01:47:11 Job terminated.
	(1) Normal termination (return value 0)
		Usr 0 00:56:00, Sys 0 00:00:09  -  Run Remote Usage
		Usr 0 00:00:00, Sys 0 00:00:00  -  Run Local Usage
		Usr 0 00:56:00, Sys 0 00:00:09  -  Total Remote Usage
		Usr 0 00:00:00, Sys 0 00:00:00  -  Total Local Usage
	8155  -  Run Bytes Sent By Job
	10428  -  Run Bytes Received By Job
	8155  -  Total Bytes Sent By Job
	10428  -  Total Bytes Received By Job
	Partitionable Resources :    Usage  Request Allocated 
	   Cpus                 :     0.99        1         1 
	   Disk (KB)            :    81          12      2624 
	   GPUs                 :                           0 
	   Memory (MB)          :   901        3000      3000 

	Job terminated of its own accord at 2025-02-18T00:47:11Z with exit-code 0.
...
