000 (16630220.055.000) 02/18 00:26:50 Job submitted from host: <188.185.72.155:9618?addrs=188.185.72.155-9618+[2001-1458-d00-8--100-95]-9618&alias=bigbird08.cern.ch&noUDP&sock=schedd_862983_22fa>
...
040 (16630220.055.000) 02/18 00:27:50 Started transferring input files
	Transferring to host: <128.142.131.137:9618?addrs=128.142.131.137-9618+[2001-1458-301-59--100-7d]-9618&alias=b9g11p0028.cern.ch&noUDP&sock=slot1_25_2642700_f842_49828>
...
040 (16630220.055.000) 02/18 00:27:50 Finished transferring input files
...
001 (16630220.055.000) 02/18 00:27:51 Job executing on host: <128.142.131.137:9618?addrs=128.142.131.137-9618+[2001-1458-301-59--100-7d]-9618&alias=b9g11p0028.cern.ch&noUDP&sock=startd_2656_5fa1>
	SlotName: slot1_25@b9g11p0028.cern.ch
	CondorScratchDir = "/pool/condor/dir_1132860"
	Cpus = 1
	Disk = 2631
	GPUs = 0
	Memory = 3000
...
006 (16630220.055.000) 02/18 00:27:59 Image size of job updated: 2092
	3  -  MemoryUsage of job (MB)
	2092  -  ResidentSetSize of job (KB)
...
006 (16630220.055.000) 02/18 00:32:59 Image size of job updated: 407516
	398  -  MemoryUsage of job (MB)
	407516  -  ResidentSetSize of job (KB)
...
006 (16630220.055.000) 02/18 00:38:00 Image size of job updated: 450616
	441  -  MemoryUsage of job (MB)
	450616  -  ResidentSetSize of job (KB)
...
006 (16630220.055.000) 02/18 00:43:01 Image size of job updated: 452292
	442  -  MemoryUsage of job (MB)
	452292  -  ResidentSetSize of job (KB)
...
006 (16630220.055.000) 02/18 00:48:01 Image size of job updated: 456484
	446  -  MemoryUsage of job (MB)
	456484  -  ResidentSetSize of job (KB)
...
006 (16630220.055.000) 02/18 00:53:01 Image size of job updated: 459304
	449  -  MemoryUsage of job (MB)
	459304  -  ResidentSetSize of job (KB)
...
006 (16630220.055.000) 02/18 00:58:02 Image size of job updated: 462992
	453  -  MemoryUsage of job (MB)
	462992  -  ResidentSetSize of job (KB)
...
040 (16630220.055.000) 02/18 01:31:04 Started transferring output files
...
040 (16630220.055.000) 02/18 01:31:04 Finished transferring output files
...
005 (16630220.055.000) 02/18 01:31:04 Job terminated.
	(1) Normal termination (return value 0)
		Usr 0 01:00:00, Sys 0 00:00:05  -  Run Remote Usage
		Usr 0 00:00:00, Sys 0 00:00:00  -  Run Local Usage
		Usr 0 01:00:00, Sys 0 00:00:05  -  Total Remote Usage
		Usr 0 00:00:00, Sys 0 00:00:00  -  Total Local Usage
	8148  -  Run Bytes Sent By Job
	10428  -  Run Bytes Received By Job
	8148  -  Total Bytes Sent By Job
	10428  -  Total Bytes Received By Job
	Partitionable Resources :    Usage  Request Allocated 
	   Cpus                 :     0.99        1         1 
	   Disk (KB)            :    81          12      2631 
	   GPUs                 :                           0 
	   Memory (MB)          :   453        3000      3000 

	Job terminated of its own accord at 2025-02-18T00:31:04Z with exit-code 0.
...
