000 (16630220.328.000) 02/18 00:26:51 Job submitted from host: <188.185.72.155:9618?addrs=188.185.72.155-9618+[2001-1458-d00-8--100-95]-9618&alias=bigbird08.cern.ch&noUDP&sock=schedd_862983_22fa>
...
040 (16630220.328.000) 02/18 00:49:28 Started transferring input files
	Transferring to host: <188.185.196.43:9618?addrs=188.185.196.43-9618+[2001-1458-303-23--100-27]-9618&alias=b9p16p4359.cern.ch&noUDP&sock=slot1_11_1962794_af81_18891>
...
040 (16630220.328.000) 02/18 00:49:28 Finished transferring input files
...
001 (16630220.328.000) 02/18 00:49:29 Job executing on host: <188.185.196.43:9618?addrs=188.185.196.43-9618+[2001-1458-303-23--100-27]-9618&alias=b9p16p4359.cern.ch&noUDP&sock=startd_5873_f7cd>
	SlotName: slot1_11@b9p16p4359.cern.ch
	CondorScratchDir = "/pool/condor/dir_2478886"
	Cpus = 1
	Disk = 3763
	GPUs = 0
	Memory = 3000
...
006 (16630220.328.000) 02/18 00:49:38 Image size of job updated: 90100
	88  -  MemoryUsage of job (MB)
	90100  -  ResidentSetSize of job (KB)
...
006 (16630220.328.000) 02/18 00:54:39 Image size of job updated: 126140
	124  -  MemoryUsage of job (MB)
	126140  -  ResidentSetSize of job (KB)
...
006 (16630220.328.000) 02/18 00:59:39 Image size of job updated: 167976
	165  -  MemoryUsage of job (MB)
	167976  -  ResidentSetSize of job (KB)
...
006 (16630220.328.000) 02/18 01:04:39 Image size of job updated: 170384
	167  -  MemoryUsage of job (MB)
	170384  -  ResidentSetSize of job (KB)
...
006 (16630220.328.000) 02/18 01:09:40 Image size of job updated: 176060
	172  -  MemoryUsage of job (MB)
	176060  -  ResidentSetSize of job (KB)
...
006 (16630220.328.000) 02/18 01:14:41 Image size of job updated: 178716
	175  -  MemoryUsage of job (MB)
	178716  -  ResidentSetSize of job (KB)
...
006 (16630220.328.000) 02/18 01:24:42 Image size of job updated: 189704
	186  -  MemoryUsage of job (MB)
	189704  -  ResidentSetSize of job (KB)
...
006 (16630220.328.000) 02/18 01:29:43 Image size of job updated: 193040
	189  -  MemoryUsage of job (MB)
	193040  -  ResidentSetSize of job (KB)
...
006 (16630220.328.000) 02/18 01:34:43 Image size of job updated: 197888
	194  -  MemoryUsage of job (MB)
	197888  -  ResidentSetSize of job (KB)
...
040 (16630220.328.000) 02/18 01:38:37 Started transferring output files
...
040 (16630220.328.000) 02/18 01:38:37 Finished transferring output files
...
005 (16630220.328.000) 02/18 01:38:37 Job terminated.
	(1) Normal termination (return value 0)
		Usr 0 00:48:18, Sys 0 00:00:03  -  Run Remote Usage
		Usr 0 00:00:00, Sys 0 00:00:00  -  Run Local Usage
		Usr 0 00:48:18, Sys 0 00:00:03  -  Total Remote Usage
		Usr 0 00:00:00, Sys 0 00:00:00  -  Total Local Usage
	8155  -  Run Bytes Sent By Job
	10428  -  Run Bytes Received By Job
	8155  -  Total Bytes Sent By Job
	10428  -  Total Bytes Received By Job
	Partitionable Resources :    Usage  Request Allocated 
	   Cpus                 :     0.99        1         1 
	   Disk (KB)            :    81          12      3763 
	   GPUs                 :                           0 
	   Memory (MB)          :   194        3000      3000 

	Job terminated of its own accord at 2025-02-18T00:38:37Z with exit-code 0.
...
