000 (16630220.241.000) 02/18 00:26:51 Job submitted from host: <188.185.72.155:9618?addrs=188.185.72.155-9618+[2001-1458-d00-8--100-95]-9618&alias=bigbird08.cern.ch&noUDP&sock=schedd_862983_22fa>
...
040 (16630220.241.000) 02/18 00:48:57 Started transferring input files
	Transferring to host: <188.185.194.151:9618?addrs=188.185.194.151-9618+[2001-1458-303-21--100-93]-9618&alias=b9p20p8169.cern.ch&noUDP&sock=slot1_31_7203_ea3e_117375>
...
040 (16630220.241.000) 02/18 00:48:57 Finished transferring input files
...
001 (16630220.241.000) 02/18 00:48:58 Job executing on host: <188.185.194.151:9618?addrs=188.185.194.151-9618+[2001-1458-303-21--100-93]-9618&alias=b9p20p8169.cern.ch&noUDP&sock=startd_5733_f08b>
	SlotName: slot1_31@b9p20p8169.cern.ch
	CondorScratchDir = "/pool/condor/dir_870506"
	Cpus = 1
	Disk = 3849
	GPUs = 0
	Memory = 3000
...
006 (16630220.241.000) 02/18 00:49:06 Image size of job updated: 120360
	118  -  MemoryUsage of job (MB)
	120360  -  ResidentSetSize of job (KB)
...
006 (16630220.241.000) 02/18 00:54:06 Image size of job updated: 165172
	162  -  MemoryUsage of job (MB)
	165172  -  ResidentSetSize of job (KB)
...
006 (16630220.241.000) 02/18 00:59:07 Image size of job updated: 170764
	167  -  MemoryUsage of job (MB)
	170764  -  ResidentSetSize of job (KB)
...
006 (16630220.241.000) 02/18 01:04:08 Image size of job updated: 176516
	173  -  MemoryUsage of job (MB)
	176516  -  ResidentSetSize of job (KB)
...
006 (16630220.241.000) 02/18 01:09:08 Image size of job updated: 182280
	179  -  MemoryUsage of job (MB)
	182280  -  ResidentSetSize of job (KB)
...
006 (16630220.241.000) 02/18 01:14:09 Image size of job updated: 189780
	186  -  MemoryUsage of job (MB)
	189780  -  ResidentSetSize of job (KB)
...
006 (16630220.241.000) 02/18 01:19:10 Image size of job updated: 194392
	190  -  MemoryUsage of job (MB)
	194392  -  ResidentSetSize of job (KB)
...
040 (16630220.241.000) 02/18 01:22:53 Started transferring output files
...
040 (16630220.241.000) 02/18 01:22:53 Finished transferring output files
...
005 (16630220.241.000) 02/18 01:22:53 Job terminated.
	(1) Normal termination (return value 0)
		Usr 0 00:33:08, Sys 0 00:00:06  -  Run Remote Usage
		Usr 0 00:00:00, Sys 0 00:00:00  -  Run Local Usage
		Usr 0 00:33:08, Sys 0 00:00:06  -  Total Remote Usage
		Usr 0 00:00:00, Sys 0 00:00:00  -  Total Local Usage
	8155  -  Run Bytes Sent By Job
	10428  -  Run Bytes Received By Job
	8155  -  Total Bytes Sent By Job
	10428  -  Total Bytes Received By Job
	Partitionable Resources :    Usage  Request Allocated 
	   Cpus                 :     0.99        1         1 
	   Disk (KB)            :    81          12      3849 
	   GPUs                 :                           0 
	   Memory (MB)          :   190        3000      3000 

	Job terminated of its own accord at 2025-02-18T00:22:53Z with exit-code 0.
...
