000 (16630220.309.000) 02/18 00:26:51 Job submitted from host: <188.185.72.155:9618?addrs=188.185.72.155-9618+[2001-1458-d00-8--100-95]-9618&alias=bigbird08.cern.ch&noUDP&sock=schedd_862983_22fa>
...
040 (16630220.309.000) 02/18 00:49:24 Started transferring input files
	Transferring to host: <188.185.194.98:9618?addrs=188.185.194.98-9618+[2001-1458-303-21--100-5e]-9618&alias=b9p20p9229.cern.ch&noUDP&sock=slot1_23_107228_9381_14871>
...
040 (16630220.309.000) 02/18 00:49:24 Finished transferring input files
...
001 (16630220.309.000) 02/18 00:49:25 Job executing on host: <188.185.194.98:9618?addrs=188.185.194.98-9618+[2001-1458-303-21--100-5e]-9618&alias=b9p20p9229.cern.ch&noUDP&sock=startd_11212_13f1>
	SlotName: slot1_23@b9p20p9229.cern.ch
	CondorScratchDir = "/pool/condor/dir_984698"
	Cpus = 1
	Disk = 3860
	GPUs = 0
	Memory = 3000
...
006 (16630220.309.000) 02/18 00:49:33 Image size of job updated: 239104
	234  -  MemoryUsage of job (MB)
	239104  -  ResidentSetSize of job (KB)
...
006 (16630220.309.000) 02/18 00:54:33 Image size of job updated: 892432
	872  -  MemoryUsage of job (MB)
	892432  -  ResidentSetSize of job (KB)
...
006 (16630220.309.000) 02/18 00:59:34 Image size of job updated: 933992
	913  -  MemoryUsage of job (MB)
	933992  -  ResidentSetSize of job (KB)
...
040 (16630220.309.000) 02/18 01:51:28 Started transferring output files
...
040 (16630220.309.000) 02/18 01:51:28 Finished transferring output files
...
005 (16630220.309.000) 02/18 01:51:28 Job terminated.
	(1) Normal termination (return value 0)
		Usr 0 00:59:55, Sys 0 00:00:08  -  Run Remote Usage
		Usr 0 00:00:00, Sys 0 00:00:00  -  Run Local Usage
		Usr 0 00:59:55, Sys 0 00:00:08  -  Total Remote Usage
		Usr 0 00:00:00, Sys 0 00:00:00  -  Total Local Usage
	8155  -  Run Bytes Sent By Job
	10428  -  Run Bytes Received By Job
	8155  -  Total Bytes Sent By Job
	10428  -  Total Bytes Received By Job
	Partitionable Resources :    Usage  Request Allocated 
	   Cpus                 :     0.99        1         1 
	   Disk (KB)            :    81          12      3860 
	   GPUs                 :                           0 
	   Memory (MB)          :   913        3000      3000 

	Job terminated of its own accord at 2025-02-18T00:51:28Z with exit-code 0.
...
