000 (16630220.203.000) 02/18 00:26:50 Job submitted from host: <188.185.72.155:9618?addrs=188.185.72.155-9618+[2001-1458-d00-8--100-95]-9618&alias=bigbird08.cern.ch&noUDP&sock=schedd_862983_22fa>
...
040 (16630220.203.000) 02/18 00:48:24 Started transferring input files
	Transferring to host: <188.185.198.112:9618?addrs=188.185.198.112-9618+[2001-1458-303-25--100-6c]-9618&alias=b9p15p6955.cern.ch&noUDP&sock=slot1_24_657799_a716_12339>
...
040 (16630220.203.000) 02/18 00:48:24 Finished transferring input files
...
001 (16630220.203.000) 02/18 00:48:25 Job executing on host: <188.185.198.112:9618?addrs=188.185.198.112-9618+[2001-1458-303-25--100-6c]-9618&alias=b9p15p6955.cern.ch&noUDP&sock=startd_9415_7c41>
	SlotName: slot1_24@b9p15p6955.cern.ch
	CondorScratchDir = "/pool/condor/dir_109339"
	Cpus = 1
	Disk = 3899
	GPUs = 0
	Memory = 3000
...
006 (16630220.203.000) 02/18 00:48:33 Image size of job updated: 93852
	92  -  MemoryUsage of job (MB)
	93852  -  ResidentSetSize of job (KB)
...
006 (16630220.203.000) 02/18 00:53:33 Image size of job updated: 224168
	219  -  MemoryUsage of job (MB)
	224168  -  ResidentSetSize of job (KB)
...
006 (16630220.203.000) 02/18 00:58:34 Image size of job updated: 263856
	258  -  MemoryUsage of job (MB)
	263856  -  ResidentSetSize of job (KB)
...
040 (16630220.203.000) 02/18 01:46:30 Started transferring output files
...
040 (16630220.203.000) 02/18 01:46:30 Finished transferring output files
...
005 (16630220.203.000) 02/18 01:46:31 Job terminated.
	(1) Normal termination (return value 0)
		Usr 0 00:55:41, Sys 0 00:00:10  -  Run Remote Usage
		Usr 0 00:00:00, Sys 0 00:00:00  -  Run Local Usage
		Usr 0 00:55:41, Sys 0 00:00:10  -  Total Remote Usage
		Usr 0 00:00:00, Sys 0 00:00:00  -  Total Local Usage
	8155  -  Run Bytes Sent By Job
	10428  -  Run Bytes Received By Job
	8155  -  Total Bytes Sent By Job
	10428  -  Total Bytes Received By Job
	Partitionable Resources :    Usage  Request Allocated 
	   Cpus                 :     0.99        1         1 
	   Disk (KB)            :    81          12      3899 
	   GPUs                 :                           0 
	   Memory (MB)          :   258        3000      3000 

	Job terminated of its own accord at 2025-02-18T00:46:30Z with exit-code 0.
...
