000 (16630220.131.000) 02/18 00:26:50 Job submitted from host: <188.185.72.155:9618?addrs=188.185.72.155-9618+[2001-1458-d00-8--100-95]-9618&alias=bigbird08.cern.ch&noUDP&sock=schedd_862983_22fa>
...
040 (16630220.131.000) 02/18 00:47:52 Started transferring input files
	Transferring to host: <188.185.198.47:9618?addrs=188.185.198.47-9618+[2001-1458-303-25--100-2b]-9618&alias=b9p15p0620.cern.ch&noUDP&sock=slot1_6_2823769_75e5_2667>
...
040 (16630220.131.000) 02/18 00:47:52 Finished transferring input files
...
001 (16630220.131.000) 02/18 00:47:53 Job executing on host: <188.185.198.47:9618?addrs=188.185.198.47-9618+[2001-1458-303-25--100-2b]-9618&alias=b9p15p0620.cern.ch&noUDP&sock=startd_10686_4920>
	SlotName: slot1_6@b9p15p0620.cern.ch
	CondorScratchDir = "/pool/condor/dir_2036593"
	Cpus = 1
	Disk = 3899
	GPUs = 0
	Memory = 3000
...
006 (16630220.131.000) 02/18 00:48:01 Image size of job updated: 251768
	246  -  MemoryUsage of job (MB)
	251768  -  ResidentSetSize of job (KB)
...
006 (16630220.131.000) 02/18 00:53:01 Image size of job updated: 1121568
	1096  -  MemoryUsage of job (MB)
	1121568  -  ResidentSetSize of job (KB)
...
006 (16630220.131.000) 02/18 00:58:02 Image size of job updated: 1161380
	1135  -  MemoryUsage of job (MB)
	1161380  -  ResidentSetSize of job (KB)
...
040 (16630220.131.000) 02/18 01:35:42 Started transferring output files
...
040 (16630220.131.000) 02/18 01:35:42 Finished transferring output files
...
005 (16630220.131.000) 02/18 01:35:42 Job terminated.
	(1) Normal termination (return value 0)
		Usr 0 00:45:52, Sys 0 00:00:10  -  Run Remote Usage
		Usr 0 00:00:00, Sys 0 00:00:00  -  Run Local Usage
		Usr 0 00:45:52, Sys 0 00:00:10  -  Total Remote Usage
		Usr 0 00:00:00, Sys 0 00:00:00  -  Total Local Usage
	8155  -  Run Bytes Sent By Job
	10428  -  Run Bytes Received By Job
	8155  -  Total Bytes Sent By Job
	10428  -  Total Bytes Received By Job
	Partitionable Resources :    Usage  Request Allocated 
	   Cpus                 :     0.99        1         1 
	   Disk (KB)            :    81          12      3899 
	   GPUs                 :                           0 
	   Memory (MB)          :  1135        3000      3000 

	Job terminated of its own accord at 2025-02-18T00:35:41Z with exit-code 0.
...
