000 (16630220.307.000) 02/18 00:26:51 Job submitted from host: <188.185.72.155:9618?addrs=188.185.72.155-9618+[2001-1458-d00-8--100-95]-9618&alias=bigbird08.cern.ch&noUDP&sock=schedd_862983_22fa>
...
040 (16630220.307.000) 02/18 00:49:23 Started transferring input files
	Transferring to host: <188.185.198.112:9618?addrs=188.185.198.112-9618+[2001-1458-303-25--100-6c]-9618&alias=b9p15p6955.cern.ch&noUDP&sock=slot1_22_657799_a716_12341>
...
040 (16630220.307.000) 02/18 00:49:23 Finished transferring input files
...
001 (16630220.307.000) 02/18 00:49:24 Job executing on host: <188.185.198.112:9618?addrs=188.185.198.112-9618+[2001-1458-303-25--100-6c]-9618&alias=b9p15p6955.cern.ch&noUDP&sock=startd_9415_7c41>
	SlotName: slot1_22@b9p15p6955.cern.ch
	CondorScratchDir = "/pool/condor/dir_110588"
	Cpus = 1
	Disk = 3897
	GPUs = 0
	Memory = 3000
...
006 (16630220.307.000) 02/18 00:49:33 Image size of job updated: 87244
	86  -  MemoryUsage of job (MB)
	87244  -  ResidentSetSize of job (KB)
...
006 (16630220.307.000) 02/18 00:54:34 Image size of job updated: 125540
	123  -  MemoryUsage of job (MB)
	125540  -  ResidentSetSize of job (KB)
...
006 (16630220.307.000) 02/18 00:59:35 Image size of job updated: 168888
	165  -  MemoryUsage of job (MB)
	168888  -  ResidentSetSize of job (KB)
...
006 (16630220.307.000) 02/18 01:04:35 Image size of job updated: 172572
	169  -  MemoryUsage of job (MB)
	172572  -  ResidentSetSize of job (KB)
...
006 (16630220.307.000) 02/18 01:09:35 Image size of job updated: 176272
	173  -  MemoryUsage of job (MB)
	176272  -  ResidentSetSize of job (KB)
...
006 (16630220.307.000) 02/18 01:24:36 Image size of job updated: 181824
	178  -  MemoryUsage of job (MB)
	181824  -  ResidentSetSize of job (KB)
...
006 (16630220.307.000) 02/18 01:29:37 Image size of job updated: 185040
	181  -  MemoryUsage of job (MB)
	185040  -  ResidentSetSize of job (KB)
...
006 (16630220.307.000) 02/18 01:34:38 Image size of job updated: 188876
	185  -  MemoryUsage of job (MB)
	188876  -  ResidentSetSize of job (KB)
...
006 (16630220.307.000) 02/18 01:39:38 Image size of job updated: 193080
	189  -  MemoryUsage of job (MB)
	193080  -  ResidentSetSize of job (KB)
...
006 (16630220.307.000) 02/18 01:44:39 Image size of job updated: 195144
	191  -  MemoryUsage of job (MB)
	195144  -  ResidentSetSize of job (KB)
...
040 (16630220.307.000) 02/18 01:45:50 Started transferring output files
...
040 (16630220.307.000) 02/18 01:45:50 Finished transferring output files
...
005 (16630220.307.000) 02/18 01:45:50 Job terminated.
	(1) Normal termination (return value 0)
		Usr 0 00:54:30, Sys 0 00:00:10  -  Run Remote Usage
		Usr 0 00:00:00, Sys 0 00:00:00  -  Run Local Usage
		Usr 0 00:54:30, Sys 0 00:00:10  -  Total Remote Usage
		Usr 0 00:00:00, Sys 0 00:00:00  -  Total Local Usage
	8134  -  Run Bytes Sent By Job
	10428  -  Run Bytes Received By Job
	8134  -  Total Bytes Sent By Job
	10428  -  Total Bytes Received By Job
	Partitionable Resources :    Usage  Request Allocated 
	   Cpus                 :     0.99        1         1 
	   Disk (KB)            :    81          12      3897 
	   GPUs                 :                           0 
	   Memory (MB)          :   191        3000      3000 

	Job terminated of its own accord at 2025-02-18T00:45:50Z with exit-code 0.
...
