000 (16630220.252.000) 02/18 00:26:51 Job submitted from host: <188.185.72.155:9618?addrs=188.185.72.155-9618+[2001-1458-d00-8--100-95]-9618&alias=bigbird08.cern.ch&noUDP&sock=schedd_862983_22fa>
...
040 (16630220.252.000) 02/18 00:49:00 Started transferring input files
	Transferring to host: <128.142.192.176:9618?addrs=128.142.192.176-9618+[2001-1458-301-56--100-2c]-9618&alias=b9g18p0460.cern.ch&noUDP&sock=slot1_18_6553_ee64_140997>
...
040 (16630220.252.000) 02/18 00:49:00 Finished transferring input files
...
001 (16630220.252.000) 02/18 00:49:01 Job executing on host: <128.142.192.176:9618?addrs=128.142.192.176-9618+[2001-1458-301-56--100-2c]-9618&alias=b9g18p0460.cern.ch&noUDP&sock=startd_5523_e5a7>
	SlotName: slot1_18@b9g18p0460.cern.ch
	CondorScratchDir = "/pool/condor/dir_3934407"
	Cpus = 1
	Disk = 3916
	GPUs = 0
	Memory = 3000
...
006 (16630220.252.000) 02/18 00:49:10 Image size of job updated: 88848
	87  -  MemoryUsage of job (MB)
	88848  -  ResidentSetSize of job (KB)
...
006 (16630220.252.000) 02/18 00:54:11 Image size of job updated: 160276
	157  -  MemoryUsage of job (MB)
	160276  -  ResidentSetSize of job (KB)
...
006 (16630220.252.000) 02/18 00:59:11 Image size of job updated: 165412
	162  -  MemoryUsage of job (MB)
	165412  -  ResidentSetSize of job (KB)
...
006 (16630220.252.000) 02/18 01:04:11 Image size of job updated: 172512
	169  -  MemoryUsage of job (MB)
	172512  -  ResidentSetSize of job (KB)
...
006 (16630220.252.000) 02/18 01:09:12 Image size of job updated: 177284
	174  -  MemoryUsage of job (MB)
	177284  -  ResidentSetSize of job (KB)
...
006 (16630220.252.000) 02/18 01:14:13 Image size of job updated: 177568
	174  -  MemoryUsage of job (MB)
	177568  -  ResidentSetSize of job (KB)
...
006 (16630220.252.000) 02/18 01:24:14 Image size of job updated: 188668
	185  -  MemoryUsage of job (MB)
	188668  -  ResidentSetSize of job (KB)
...
006 (16630220.252.000) 02/18 01:29:15 Image size of job updated: 193108
	189  -  MemoryUsage of job (MB)
	193108  -  ResidentSetSize of job (KB)
...
006 (16630220.252.000) 02/18 01:34:15 Image size of job updated: 196268
	192  -  MemoryUsage of job (MB)
	196268  -  ResidentSetSize of job (KB)
...
040 (16630220.252.000) 02/18 01:38:42 Started transferring output files
...
040 (16630220.252.000) 02/18 01:38:42 Finished transferring output files
...
005 (16630220.252.000) 02/18 01:38:42 Job terminated.
	(1) Normal termination (return value 0)
		Usr 0 00:48:50, Sys 0 00:00:04  -  Run Remote Usage
		Usr 0 00:00:00, Sys 0 00:00:00  -  Run Local Usage
		Usr 0 00:48:50, Sys 0 00:00:04  -  Total Remote Usage
		Usr 0 00:00:00, Sys 0 00:00:00  -  Total Local Usage
	8155  -  Run Bytes Sent By Job
	10428  -  Run Bytes Received By Job
	8155  -  Total Bytes Sent By Job
	10428  -  Total Bytes Received By Job
	Partitionable Resources :    Usage  Request Allocated 
	   Cpus                 :     0.99        1         1 
	   Disk (KB)            :    80          12      3916 
	   GPUs                 :                           0 
	   Memory (MB)          :   192        3000      3000 

	Job terminated of its own accord at 2025-02-18T00:38:42Z with exit-code 0.
...
