000 (16630220.497.000) 02/18 00:26:51 Job submitted from host: <188.185.72.155:9618?addrs=188.185.72.155-9618+[2001-1458-d00-8--100-95]-9618&alias=bigbird08.cern.ch&noUDP&sock=schedd_862983_22fa>
...
040 (16630220.497.000) 02/18 00:53:08 Started transferring input files
	Transferring to host: <188.185.194.135:9618?addrs=188.185.194.135-9618+[2001-1458-303-21--100-83]-9618&alias=b9p20p3948.cern.ch&noUDP&sock=slot1_4_310918_9b9c_75414>
...
040 (16630220.497.000) 02/18 00:53:08 Finished transferring input files
...
001 (16630220.497.000) 02/18 00:53:09 Job executing on host: <188.185.194.135:9618?addrs=188.185.194.135-9618+[2001-1458-303-21--100-83]-9618&alias=b9p20p3948.cern.ch&noUDP&sock=startd_6212_7e68>
	SlotName: slot1_4@b9p20p3948.cern.ch
	CondorScratchDir = "/pool/condor/dir_3218031"
	Cpus = 1
	Disk = 3898
	GPUs = 0
	Memory = 3000
...
006 (16630220.497.000) 02/18 00:53:18 Image size of job updated: 430508
	421  -  MemoryUsage of job (MB)
	430508  -  ResidentSetSize of job (KB)
...
006 (16630220.497.000) 02/18 00:58:19 Image size of job updated: 1208900
	1181  -  MemoryUsage of job (MB)
	1208900  -  ResidentSetSize of job (KB)
...
040 (16630220.497.000) 02/18 01:45:24 Started transferring output files
...
040 (16630220.497.000) 02/18 01:45:24 Finished transferring output files
...
005 (16630220.497.000) 02/18 01:45:24 Job terminated.
	(1) Normal termination (return value 0)
		Usr 0 00:49:46, Sys 0 00:00:14  -  Run Remote Usage
		Usr 0 00:00:00, Sys 0 00:00:00  -  Run Local Usage
		Usr 0 00:49:46, Sys 0 00:00:14  -  Total Remote Usage
		Usr 0 00:00:00, Sys 0 00:00:00  -  Total Local Usage
	8155  -  Run Bytes Sent By Job
	10428  -  Run Bytes Received By Job
	8155  -  Total Bytes Sent By Job
	10428  -  Total Bytes Received By Job
	Partitionable Resources :    Usage  Request Allocated 
	   Cpus                 :     0.98        1         1 
	   Disk (KB)            :    81          12      3898 
	   GPUs                 :                           0 
	   Memory (MB)          :  1181        3000      3000 

	Job terminated of its own accord at 2025-02-18T00:45:24Z with exit-code 0.
...
