000 (16630220.461.000) 02/18 00:26:51 Job submitted from host: <188.185.72.155:9618?addrs=188.185.72.155-9618+[2001-1458-d00-8--100-95]-9618&alias=bigbird08.cern.ch&noUDP&sock=schedd_862983_22fa>
...
040 (16630220.461.000) 02/18 00:52:55 Started transferring input files
	Transferring to host: <188.185.213.142:9618?addrs=188.185.213.142-9618+[2001-1458-303-1b--100-a]-9618&alias=b9p28p1864.cern.ch&noUDP&sock=slot1_15_1514692_4a14_45491>
...
040 (16630220.461.000) 02/18 00:52:55 Finished transferring input files
...
001 (16630220.461.000) 02/18 00:52:56 Job executing on host: <188.185.213.142:9618?addrs=188.185.213.142-9618+[2001-1458-303-1b--100-a]-9618&alias=b9p28p1864.cern.ch&noUDP&sock=startd_2999_a49d>
	SlotName: slot1_15@b9p28p1864.cern.ch
	CondorScratchDir = "/pool/condor/dir_2205698"
	Cpus = 1
	Disk = 3776
	GPUs = 0
	Memory = 3000
...
006 (16630220.461.000) 02/18 00:53:04 Image size of job updated: 441964
	432  -  MemoryUsage of job (MB)
	441964  -  ResidentSetSize of job (KB)
...
006 (16630220.461.000) 02/18 00:58:04 Image size of job updated: 1241468
	1213  -  MemoryUsage of job (MB)
	1241468  -  ResidentSetSize of job (KB)
...
040 (16630220.461.000) 02/18 01:38:10 Started transferring output files
...
040 (16630220.461.000) 02/18 01:38:10 Finished transferring output files
...
005 (16630220.461.000) 02/18 01:38:10 Job terminated.
	(1) Normal termination (return value 0)
		Usr 0 00:42:24, Sys 0 00:00:17  -  Run Remote Usage
		Usr 0 00:00:00, Sys 0 00:00:00  -  Run Local Usage
		Usr 0 00:42:24, Sys 0 00:00:17  -  Total Remote Usage
		Usr 0 00:00:00, Sys 0 00:00:00  -  Total Local Usage
	8153  -  Run Bytes Sent By Job
	10428  -  Run Bytes Received By Job
	8153  -  Total Bytes Sent By Job
	10428  -  Total Bytes Received By Job
	Partitionable Resources :    Usage  Request Allocated 
	   Cpus                 :     0.92        1         1 
	   Disk (KB)            :    80          12      3776 
	   GPUs                 :                           0 
	   Memory (MB)          :  1213        3000      3000 

	Job terminated of its own accord at 2025-02-18T00:38:10Z with exit-code 0.
...
