000 (16630220.374.000) 02/18 00:26:51 Job submitted from host: <188.185.72.155:9618?addrs=188.185.72.155-9618+[2001-1458-d00-8--100-95]-9618&alias=bigbird08.cern.ch&noUDP&sock=schedd_862983_22fa>
...
040 (16630220.374.000) 02/18 00:49:44 Started transferring input files
	Transferring to host: <188.185.209.175:9618?addrs=188.185.209.175-9618+[2001-1458-303-12--100-2c]-9618&alias=b9p12p7804.cern.ch&noUDP&sock=slot1_34_4125_2f81_126112>
...
040 (16630220.374.000) 02/18 00:49:44 Finished transferring input files
...
001 (16630220.374.000) 02/18 00:49:45 Job executing on host: <188.185.209.175:9618?addrs=188.185.209.175-9618+[2001-1458-303-12--100-2c]-9618&alias=b9p12p7804.cern.ch&noUDP&sock=startd_3499_99f8>
	SlotName: slot1_34@b9p12p7804.cern.ch
	CondorScratchDir = "/pool/condor/dir_1547894"
	Cpus = 1
	Disk = 3629
	GPUs = 0
	Memory = 3000
...
006 (16630220.374.000) 02/18 00:49:54 Image size of job updated: 89500
	88  -  MemoryUsage of job (MB)
	89500  -  ResidentSetSize of job (KB)
...
006 (16630220.374.000) 02/18 00:54:55 Image size of job updated: 164240
	161  -  MemoryUsage of job (MB)
	164240  -  ResidentSetSize of job (KB)
...
006 (16630220.374.000) 02/18 00:59:55 Image size of job updated: 170992
	167  -  MemoryUsage of job (MB)
	170992  -  ResidentSetSize of job (KB)
...
006 (16630220.374.000) 02/18 01:09:56 Image size of job updated: 190504
	187  -  MemoryUsage of job (MB)
	190504  -  ResidentSetSize of job (KB)
...
006 (16630220.374.000) 02/18 01:14:57 Image size of job updated: 194936
	191  -  MemoryUsage of job (MB)
	194936  -  ResidentSetSize of job (KB)
...
040 (16630220.374.000) 02/18 01:17:38 Started transferring output files
...
040 (16630220.374.000) 02/18 01:17:38 Finished transferring output files
...
005 (16630220.374.000) 02/18 01:17:38 Job terminated.
	(1) Normal termination (return value 0)
		Usr 0 00:27:13, Sys 0 00:00:04  -  Run Remote Usage
		Usr 0 00:00:00, Sys 0 00:00:00  -  Run Local Usage
		Usr 0 00:27:13, Sys 0 00:00:04  -  Total Remote Usage
		Usr 0 00:00:00, Sys 0 00:00:00  -  Total Local Usage
	8155  -  Run Bytes Sent By Job
	10428  -  Run Bytes Received By Job
	8155  -  Total Bytes Sent By Job
	10428  -  Total Bytes Received By Job
	Partitionable Resources :    Usage  Request Allocated 
	   Cpus                 :     0.95        1         1 
	   Disk (KB)            :    84          12      3629 
	   GPUs                 :                           0 
	   Memory (MB)          :   191        3000      3000 

	Job terminated of its own accord at 2025-02-18T00:17:38Z with exit-code 0.
...
