000 (16630220.148.000) 02/18 00:26:50 Job submitted from host: <188.185.72.155:9618?addrs=188.185.72.155-9618+[2001-1458-d00-8--100-95]-9618&alias=bigbird08.cern.ch&noUDP&sock=schedd_862983_22fa>
...
040 (16630220.148.000) 02/18 00:47:58 Started transferring input files
	Transferring to host: <188.185.193.59:9618?addrs=188.185.193.59-9618+[2001-1458-303-20--100-37]-9618&alias=b9p19p2774.cern.ch&noUDP&sock=slot1_23_3083628_a24c_2362>
...
040 (16630220.148.000) 02/18 00:47:58 Finished transferring input files
...
001 (16630220.148.000) 02/18 00:47:59 Job executing on host: <188.185.193.59:9618?addrs=188.185.193.59-9618+[2001-1458-303-20--100-37]-9618&alias=b9p19p2774.cern.ch&noUDP&sock=startd_7480_3c7f>
	SlotName: slot1_23@b9p19p2774.cern.ch
	CondorScratchDir = "/pool/condor/dir_3953068"
	Cpus = 1
	Disk = 3868
	GPUs = 0
	Memory = 3000
...
006 (16630220.148.000) 02/18 00:48:08 Image size of job updated: 496976
	486  -  MemoryUsage of job (MB)
	496976  -  ResidentSetSize of job (KB)
...
006 (16630220.148.000) 02/18 00:53:09 Image size of job updated: 949404
	928  -  MemoryUsage of job (MB)
	949404  -  ResidentSetSize of job (KB)
...
006 (16630220.148.000) 02/18 00:58:09 Image size of job updated: 992668
	970  -  MemoryUsage of job (MB)
	992668  -  ResidentSetSize of job (KB)
...
040 (16630220.148.000) 02/18 01:44:10 Started transferring output files
...
040 (16630220.148.000) 02/18 01:44:10 Finished transferring output files
...
005 (16630220.148.000) 02/18 01:44:10 Job terminated.
	(1) Normal termination (return value 0)
		Usr 0 00:54:04, Sys 0 00:00:06  -  Run Remote Usage
		Usr 0 00:00:00, Sys 0 00:00:00  -  Run Local Usage
		Usr 0 00:54:04, Sys 0 00:00:06  -  Total Remote Usage
		Usr 0 00:00:00, Sys 0 00:00:00  -  Total Local Usage
	8155  -  Run Bytes Sent By Job
	10428  -  Run Bytes Received By Job
	8155  -  Total Bytes Sent By Job
	10428  -  Total Bytes Received By Job
	Partitionable Resources :    Usage  Request Allocated 
	   Cpus                 :     0.97        1         1 
	   Disk (KB)            :    80          12      3868 
	   GPUs                 :                           0 
	   Memory (MB)          :   970        3000      3000 

	Job terminated of its own accord at 2025-02-18T00:44:10Z with exit-code 0.
...
