000 (16630220.041.000) 02/18 00:26:50 Job submitted from host: <188.185.72.155:9618?addrs=188.185.72.155-9618+[2001-1458-d00-8--100-95]-9618&alias=bigbird08.cern.ch&noUDP&sock=schedd_862983_22fa>
...
040 (16630220.041.000) 02/18 00:27:39 Started transferring input files
	Transferring to host: <188.185.213.185:9618?addrs=188.185.213.185-9618+[2001-1458-303-1b--100-35]-9618&alias=b9p28p5486.cern.ch&noUDP&sock=slot1_13_2528560_03a0_96780>
...
040 (16630220.041.000) 02/18 00:27:39 Finished transferring input files
...
001 (16630220.041.000) 02/18 00:27:40 Job executing on host: <188.185.213.185:9618?addrs=188.185.213.185-9618+[2001-1458-303-1b--100-35]-9618&alias=b9p28p5486.cern.ch&noUDP&sock=startd_2942_8bb7>
	SlotName: slot1_13@b9p28p5486.cern.ch
	CondorScratchDir = "/pool/condor/dir_1825606"
	Cpus = 1
	Disk = 3793
	GPUs = 0
	Memory = 3000
...
006 (16630220.041.000) 02/18 00:27:49 Image size of job updated: 482576
	472  -  MemoryUsage of job (MB)
	482576  -  ResidentSetSize of job (KB)
...
006 (16630220.041.000) 02/18 00:32:50 Image size of job updated: 767512
	750  -  MemoryUsage of job (MB)
	767512  -  ResidentSetSize of job (KB)
...
006 (16630220.041.000) 02/18 00:37:51 Image size of job updated: 774176
	757  -  MemoryUsage of job (MB)
	774176  -  ResidentSetSize of job (KB)
...
006 (16630220.041.000) 02/18 00:42:51 Image size of job updated: 778924
	761  -  MemoryUsage of job (MB)
	778924  -  ResidentSetSize of job (KB)
...
006 (16630220.041.000) 02/18 00:47:52 Image size of job updated: 784052
	766  -  MemoryUsage of job (MB)
	784052  -  ResidentSetSize of job (KB)
...
006 (16630220.041.000) 02/18 00:57:53 Image size of job updated: 797548
	779  -  MemoryUsage of job (MB)
	797548  -  ResidentSetSize of job (KB)
...
040 (16630220.041.000) 02/18 01:16:14 Started transferring output files
...
040 (16630220.041.000) 02/18 01:16:14 Finished transferring output files
...
005 (16630220.041.000) 02/18 01:16:14 Job terminated.
	(1) Normal termination (return value 0)
		Usr 0 00:43:04, Sys 0 00:00:18  -  Run Remote Usage
		Usr 0 00:00:00, Sys 0 00:00:00  -  Run Local Usage
		Usr 0 00:43:04, Sys 0 00:00:18  -  Total Remote Usage
		Usr 0 00:00:00, Sys 0 00:00:00  -  Total Local Usage
	8152  -  Run Bytes Sent By Job
	10428  -  Run Bytes Received By Job
	8152  -  Total Bytes Sent By Job
	10428  -  Total Bytes Received By Job
	Partitionable Resources :    Usage  Request Allocated 
	   Cpus                 :     0.95        1         1 
	   Disk (KB)            :    81          12      3793 
	   GPUs                 :                           0 
	   Memory (MB)          :   779        3000      3000 

	Job terminated of its own accord at 2025-02-18T00:16:14Z with exit-code 0.
...
