000 (16630220.381.000) 02/18 00:26:51 Job submitted from host: <188.185.72.155:9618?addrs=188.185.72.155-9618+[2001-1458-d00-8--100-95]-9618&alias=bigbird08.cern.ch&noUDP&sock=schedd_862983_22fa>
...
040 (16630220.381.000) 02/18 00:49:47 Started transferring input files
	Transferring to host: <128.142.132.47:9618?addrs=128.142.132.47-9618+[2001-1458-301-5a--100-23]-9618&alias=b9g12p4505.cern.ch&noUDP&sock=slot1_39_1244546_fe6a_25407>
...
040 (16630220.381.000) 02/18 00:49:47 Finished transferring input files
...
001 (16630220.381.000) 02/18 00:49:48 Job executing on host: <128.142.132.47:9618?addrs=128.142.132.47-9618+[2001-1458-301-5a--100-23]-9618&alias=b9g12p4505.cern.ch&noUDP&sock=startd_2404_85c3>
	SlotName: slot1_39@b9g12p4505.cern.ch
	CondorScratchDir = "/pool/condor/dir_979468"
	Cpus = 1
	Disk = 2635
	GPUs = 0
	Memory = 3000
...
006 (16630220.381.000) 02/18 00:49:57 Image size of job updated: 2064
	3  -  MemoryUsage of job (MB)
	2064  -  ResidentSetSize of job (KB)
...
006 (16630220.381.000) 02/18 00:54:57 Image size of job updated: 276356
	270  -  MemoryUsage of job (MB)
	276356  -  ResidentSetSize of job (KB)
...
006 (16630220.381.000) 02/18 00:59:57 Image size of job updated: 314796
	308  -  MemoryUsage of job (MB)
	314796  -  ResidentSetSize of job (KB)
...
040 (16630220.381.000) 02/18 01:59:24 Started transferring output files
...
040 (16630220.381.000) 02/18 01:59:25 Finished transferring output files
...
005 (16630220.381.000) 02/18 01:59:25 Job terminated.
	(1) Normal termination (return value 0)
		Usr 0 01:07:30, Sys 0 00:00:08  -  Run Remote Usage
		Usr 0 00:00:00, Sys 0 00:00:00  -  Run Local Usage
		Usr 0 01:07:30, Sys 0 00:00:08  -  Total Remote Usage
		Usr 0 00:00:00, Sys 0 00:00:00  -  Total Local Usage
	8155  -  Run Bytes Sent By Job
	10428  -  Run Bytes Received By Job
	8155  -  Total Bytes Sent By Job
	10428  -  Total Bytes Received By Job
	Partitionable Resources :    Usage  Request Allocated 
	   Cpus                 :     0.99        1         1 
	   Disk (KB)            :    80          12      2635 
	   GPUs                 :                           0 
	   Memory (MB)          :   308        3000      3000 

	Job terminated of its own accord at 2025-02-18T00:59:24Z with exit-code 0.
...
