000 (16630220.163.000) 02/18 00:26:50 Job submitted from host: <188.185.72.155:9618?addrs=188.185.72.155-9618+[2001-1458-d00-8--100-95]-9618&alias=bigbird08.cern.ch&noUDP&sock=schedd_862983_22fa>
...
040 (16630220.163.000) 02/18 00:48:01 Started transferring input files
	Transferring to host: <128.142.132.96:9618?addrs=128.142.132.96-9618+[2001-1458-301-5a--100-54]-9618&alias=b9g12p1108.cern.ch&noUDP&sock=slot1_8_2780_82ea_75498>
...
040 (16630220.163.000) 02/18 00:48:01 Finished transferring input files
...
001 (16630220.163.000) 02/18 00:48:02 Job executing on host: <128.142.132.96:9618?addrs=128.142.132.96-9618+[2001-1458-301-5a--100-54]-9618&alias=b9g12p1108.cern.ch&noUDP&sock=startd_2402_2693>
	SlotName: slot1_8@b9g12p1108.cern.ch
	CondorScratchDir = "/pool/condor/dir_1966477"
	Cpus = 1
	Disk = 2684
	GPUs = 0
	Memory = 3000
...
006 (16630220.163.000) 02/18 00:48:11 Image size of job updated: 474308
	464  -  MemoryUsage of job (MB)
	474308  -  ResidentSetSize of job (KB)
...
006 (16630220.163.000) 02/18 00:53:12 Image size of job updated: 1207428
	1180  -  MemoryUsage of job (MB)
	1207428  -  ResidentSetSize of job (KB)
...
006 (16630220.163.000) 02/18 00:58:12 Image size of job updated: 1243540
	1215  -  MemoryUsage of job (MB)
	1243540  -  ResidentSetSize of job (KB)
...
040 (16630220.163.000) 02/18 01:48:59 Started transferring output files
...
040 (16630220.163.000) 02/18 01:48:59 Finished transferring output files
...
005 (16630220.163.000) 02/18 01:48:59 Job terminated.
	(1) Normal termination (return value 0)
		Usr 0 00:58:53, Sys 0 00:00:13  -  Run Remote Usage
		Usr 0 00:00:00, Sys 0 00:00:00  -  Run Local Usage
		Usr 0 00:58:53, Sys 0 00:00:13  -  Total Remote Usage
		Usr 0 00:00:00, Sys 0 00:00:00  -  Total Local Usage
	8155  -  Run Bytes Sent By Job
	10428  -  Run Bytes Received By Job
	8155  -  Total Bytes Sent By Job
	10428  -  Total Bytes Received By Job
	Partitionable Resources :    Usage  Request Allocated 
	   Cpus                 :     0.99        1         1 
	   Disk (KB)            :    81          12      2684 
	   GPUs                 :                           0 
	   Memory (MB)          :  1215        3000      3000 

	Job terminated of its own accord at 2025-02-18T00:48:59Z with exit-code 0.
...
