000 (16630220.391.000) 02/18 00:26:51 Job submitted from host: <188.185.72.155:9618?addrs=188.185.72.155-9618+[2001-1458-d00-8--100-95]-9618&alias=bigbird08.cern.ch&noUDP&sock=schedd_862983_22fa>
...
040 (16630220.391.000) 02/18 00:49:51 Started transferring input files
	Transferring to host: <188.185.198.90:9618?addrs=188.185.198.90-9618+[2001-1458-303-25--100-56]-9618&alias=b9p15p3797.cern.ch&noUDP&sock=slot1_14_2328213_6dad_47214>
...
040 (16630220.391.000) 02/18 00:49:51 Finished transferring input files
...
001 (16630220.391.000) 02/18 00:49:52 Job executing on host: <188.185.198.90:9618?addrs=188.185.198.90-9618+[2001-1458-303-25--100-56]-9618&alias=b9p15p3797.cern.ch&noUDP&sock=startd_3245542_7018>
	SlotName: slot1_14@b9p15p3797.cern.ch
	CondorScratchDir = "/pool/condor/dir_4180755"
	Cpus = 1
	Disk = 3891
	GPUs = 0
	Memory = 3000
...
006 (16630220.391.000) 02/18 00:50:01 Image size of job updated: 126644
	124  -  MemoryUsage of job (MB)
	126644  -  ResidentSetSize of job (KB)
...
006 (16630220.391.000) 02/18 00:55:02 Image size of job updated: 220632
	216  -  MemoryUsage of job (MB)
	220632  -  ResidentSetSize of job (KB)
...
006 (16630220.391.000) 02/18 01:00:02 Image size of job updated: 262164
	257  -  MemoryUsage of job (MB)
	262164  -  ResidentSetSize of job (KB)
...
040 (16630220.391.000) 02/18 01:48:16 Started transferring output files
...
040 (16630220.391.000) 02/18 01:48:16 Finished transferring output files
...
005 (16630220.391.000) 02/18 01:48:16 Job terminated.
	(1) Normal termination (return value 0)
		Usr 0 00:56:13, Sys 0 00:00:13  -  Run Remote Usage
		Usr 0 00:00:00, Sys 0 00:00:00  -  Run Local Usage
		Usr 0 00:56:13, Sys 0 00:00:13  -  Total Remote Usage
		Usr 0 00:00:00, Sys 0 00:00:00  -  Total Local Usage
	8155  -  Run Bytes Sent By Job
	10428  -  Run Bytes Received By Job
	8155  -  Total Bytes Sent By Job
	10428  -  Total Bytes Received By Job
	Partitionable Resources :    Usage  Request Allocated 
	   Cpus                 :     0.95        1         1 
	   Disk (KB)            :    81          12      3891 
	   GPUs                 :                           0 
	   Memory (MB)          :   257        3000      3000 

	Job terminated of its own accord at 2025-02-18T00:48:16Z with exit-code 0.
...
