000 (16630220.405.000) 02/18 00:26:51 Job submitted from host: <188.185.72.155:9618?addrs=188.185.72.155-9618+[2001-1458-d00-8--100-95]-9618&alias=bigbird08.cern.ch&noUDP&sock=schedd_862983_22fa>
...
040 (16630220.405.000) 02/18 00:49:58 Started transferring input files
	Transferring to host: <188.185.193.9:9618?addrs=188.185.193.9-9618+[2001-1458-303-20--100-5]-9618&alias=b9p19p9968.cern.ch&noUDP&sock=slot1_25_3784878_b270_47883>
...
040 (16630220.405.000) 02/18 00:49:58 Finished transferring input files
...
001 (16630220.405.000) 02/18 00:49:59 Job executing on host: <188.185.193.9:9618?addrs=188.185.193.9-9618+[2001-1458-303-20--100-5]-9618&alias=b9p19p9968.cern.ch&noUDP&sock=startd_4510_1037>
	SlotName: slot1_25@b9p19p9968.cern.ch
	CondorScratchDir = "/pool/condor/dir_1260572"
	Cpus = 1
	Disk = 3795
	GPUs = 0
	Memory = 3000
...
006 (16630220.405.000) 02/18 00:50:08 Image size of job updated: 89816
	88  -  MemoryUsage of job (MB)
	89816  -  ResidentSetSize of job (KB)
...
006 (16630220.405.000) 02/18 00:55:09 Image size of job updated: 183896
	180  -  MemoryUsage of job (MB)
	183896  -  ResidentSetSize of job (KB)
...
006 (16630220.405.000) 02/18 01:00:10 Image size of job updated: 191000
	187  -  MemoryUsage of job (MB)
	191000  -  ResidentSetSize of job (KB)
...
006 (16630220.405.000) 02/18 01:15:11 Image size of job updated: 196800
	193  -  MemoryUsage of job (MB)
	196800  -  ResidentSetSize of job (KB)
...
006 (16630220.405.000) 02/18 01:20:11 Image size of job updated: 201876
	198  -  MemoryUsage of job (MB)
	201876  -  ResidentSetSize of job (KB)
...
006 (16630220.405.000) 02/18 01:25:11 Image size of job updated: 206740
	202  -  MemoryUsage of job (MB)
	206740  -  ResidentSetSize of job (KB)
...
040 (16630220.405.000) 02/18 01:25:31 Started transferring output files
...
040 (16630220.405.000) 02/18 01:25:31 Finished transferring output files
...
005 (16630220.405.000) 02/18 01:25:31 Job terminated.
	(1) Normal termination (return value 0)
		Usr 0 00:34:37, Sys 0 00:00:05  -  Run Remote Usage
		Usr 0 00:00:00, Sys 0 00:00:00  -  Run Local Usage
		Usr 0 00:34:37, Sys 0 00:00:05  -  Total Remote Usage
		Usr 0 00:00:00, Sys 0 00:00:00  -  Total Local Usage
	8153  -  Run Bytes Sent By Job
	10428  -  Run Bytes Received By Job
	8153  -  Total Bytes Sent By Job
	10428  -  Total Bytes Received By Job
	Partitionable Resources :    Usage  Request Allocated 
	   Cpus                 :     0.99        1         1 
	   Disk (KB)            :    81          12      3795 
	   GPUs                 :                           0 
	   Memory (MB)          :   202        3000      3000 

	Job terminated of its own accord at 2025-02-18T00:25:31Z with exit-code 0.
...
