000 (16630220.143.000) 02/18 00:26:50 Job submitted from host: <188.185.72.155:9618?addrs=188.185.72.155-9618+[2001-1458-d00-8--100-95]-9618&alias=bigbird08.cern.ch&noUDP&sock=schedd_862983_22fa>
...
040 (16630220.143.000) 02/18 00:47:56 Started transferring input files
	Transferring to host: <188.185.192.58:9618?addrs=188.185.192.58-9618+[2001-1458-303-1f--100-36]-9618&alias=b9p13p3997.cern.ch&noUDP&sock=slot1_12_3402531_a594_13288>
...
040 (16630220.143.000) 02/18 00:47:56 Finished transferring input files
...
001 (16630220.143.000) 02/18 00:47:57 Job executing on host: <188.185.192.58:9618?addrs=188.185.192.58-9618+[2001-1458-303-1f--100-36]-9618&alias=b9p13p3997.cern.ch&noUDP&sock=startd_11165_d6fd>
	SlotName: slot1_12@b9p13p3997.cern.ch
	CondorScratchDir = "/pool/condor/dir_1959368"
	Cpus = 1
	Disk = 3915
	GPUs = 0
	Memory = 3000
...
006 (16630220.143.000) 02/18 00:48:06 Image size of job updated: 496168
	485  -  MemoryUsage of job (MB)
	496168  -  ResidentSetSize of job (KB)
...
006 (16630220.143.000) 02/18 00:53:07 Image size of job updated: 1166048
	1139  -  MemoryUsage of job (MB)
	1166048  -  ResidentSetSize of job (KB)
...
006 (16630220.143.000) 02/18 00:58:08 Image size of job updated: 1206844
	1179  -  MemoryUsage of job (MB)
	1206844  -  ResidentSetSize of job (KB)
...
040 (16630220.143.000) 02/18 01:42:57 Started transferring output files
...
040 (16630220.143.000) 02/18 01:42:57 Finished transferring output files
...
005 (16630220.143.000) 02/18 01:42:57 Job terminated.
	(1) Normal termination (return value 0)
		Usr 0 00:53:14, Sys 0 00:00:07  -  Run Remote Usage
		Usr 0 00:00:00, Sys 0 00:00:00  -  Run Local Usage
		Usr 0 00:53:14, Sys 0 00:00:07  -  Total Remote Usage
		Usr 0 00:00:00, Sys 0 00:00:00  -  Total Local Usage
	8155  -  Run Bytes Sent By Job
	10428  -  Run Bytes Received By Job
	8155  -  Total Bytes Sent By Job
	10428  -  Total Bytes Received By Job
	Partitionable Resources :    Usage  Request Allocated 
	   Cpus                 :     0.99        1         1 
	   Disk (KB)            :    81          12      3915 
	   GPUs                 :                           0 
	   Memory (MB)          :  1179        3000      3000 

	Job terminated of its own accord at 2025-02-18T00:42:57Z with exit-code 0.
...
