000 (16630220.298.000) 02/18 00:26:51 Job submitted from host: <188.185.72.155:9618?addrs=188.185.72.155-9618+[2001-1458-d00-8--100-95]-9618&alias=bigbird08.cern.ch&noUDP&sock=schedd_862983_22fa>
...
040 (16630220.298.000) 02/18 00:49:20 Started transferring input files
	Transferring to host: <188.185.193.53:9618?addrs=188.185.193.53-9618+[2001-1458-303-20--100-31]-9618&alias=b9p19p9278.cern.ch&noUDP&sock=slot1_10_1465321_f41c_11318>
...
040 (16630220.298.000) 02/18 00:49:20 Finished transferring input files
...
001 (16630220.298.000) 02/18 00:49:21 Job executing on host: <188.185.193.53:9618?addrs=188.185.193.53-9618+[2001-1458-303-20--100-31]-9618&alias=b9p19p9278.cern.ch&noUDP&sock=startd_5822_fc79>
	SlotName: slot1_10@b9p19p9278.cern.ch
	CondorScratchDir = "/pool/condor/dir_3028245"
	Cpus = 1
	Disk = 3859
	GPUs = 0
	Memory = 3000
...
006 (16630220.298.000) 02/18 00:49:29 Image size of job updated: 468268
	458  -  MemoryUsage of job (MB)
	468268  -  ResidentSetSize of job (KB)
...
006 (16630220.298.000) 02/18 00:54:29 Image size of job updated: 1264404
	1235  -  MemoryUsage of job (MB)
	1264404  -  ResidentSetSize of job (KB)
...
006 (16630220.298.000) 02/18 00:59:30 Image size of job updated: 1270872
	1242  -  MemoryUsage of job (MB)
	1270872  -  ResidentSetSize of job (KB)
...
040 (16630220.298.000) 02/18 01:30:23 Started transferring output files
...
040 (16630220.298.000) 02/18 01:30:23 Finished transferring output files
...
005 (16630220.298.000) 02/18 01:30:23 Job terminated.
	(1) Normal termination (return value 0)
		Usr 0 00:39:37, Sys 0 00:00:04  -  Run Remote Usage
		Usr 0 00:00:00, Sys 0 00:00:00  -  Run Local Usage
		Usr 0 00:39:37, Sys 0 00:00:04  -  Total Remote Usage
		Usr 0 00:00:00, Sys 0 00:00:00  -  Total Local Usage
	8155  -  Run Bytes Sent By Job
	10428  -  Run Bytes Received By Job
	8155  -  Total Bytes Sent By Job
	10428  -  Total Bytes Received By Job
	Partitionable Resources :    Usage  Request Allocated 
	   Cpus                 :     0.99        1         1 
	   Disk (KB)            :    81          12      3859 
	   GPUs                 :                           0 
	   Memory (MB)          :  1242        3000      3000 

	Job terminated of its own accord at 2025-02-18T00:30:23Z with exit-code 0.
...
