000 (16630220.333.000) 02/18 00:26:51 Job submitted from host: <188.185.72.155:9618?addrs=188.185.72.155-9618+[2001-1458-d00-8--100-95]-9618&alias=bigbird08.cern.ch&noUDP&sock=schedd_862983_22fa>
...
040 (16630220.333.000) 02/18 00:49:32 Started transferring input files
	Transferring to host: <188.185.214.18:9618?addrs=188.185.214.18-9618+[2001-1458-303-1c--100-e]-9618&alias=b9p29p4113.cern.ch&noUDP&sock=slot1_5_5982_9c2c_149972>
...
040 (16630220.333.000) 02/18 00:49:32 Finished transferring input files
...
001 (16630220.333.000) 02/18 00:49:33 Job executing on host: <188.185.214.18:9618?addrs=188.185.214.18-9618+[2001-1458-303-1c--100-e]-9618&alias=b9p29p4113.cern.ch&noUDP&sock=startd_4634_1df6>
	SlotName: slot1_5@b9p29p4113.cern.ch
	CondorScratchDir = "/pool/condor/dir_1766572"
	Cpus = 1
	Disk = 3732
	GPUs = 0
	Memory = 3000
...
006 (16630220.333.000) 02/18 00:49:41 Image size of job updated: 475356
	465  -  MemoryUsage of job (MB)
	475356  -  ResidentSetSize of job (KB)
...
006 (16630220.333.000) 02/18 00:54:41 Image size of job updated: 807624
	789  -  MemoryUsage of job (MB)
	807624  -  ResidentSetSize of job (KB)
...
006 (16630220.333.000) 02/18 00:59:42 Image size of job updated: 811000
	792  -  MemoryUsage of job (MB)
	811000  -  ResidentSetSize of job (KB)
...
040 (16630220.333.000) 02/18 01:31:00 Started transferring output files
...
040 (16630220.333.000) 02/18 01:31:00 Finished transferring output files
...
005 (16630220.333.000) 02/18 01:31:00 Job terminated.
	(1) Normal termination (return value 0)
		Usr 0 00:39:23, Sys 0 00:00:14  -  Run Remote Usage
		Usr 0 00:00:00, Sys 0 00:00:00  -  Run Local Usage
		Usr 0 00:39:23, Sys 0 00:00:14  -  Total Remote Usage
		Usr 0 00:00:00, Sys 0 00:00:00  -  Total Local Usage
	8149  -  Run Bytes Sent By Job
	10428  -  Run Bytes Received By Job
	8149  -  Total Bytes Sent By Job
	10428  -  Total Bytes Received By Job
	Partitionable Resources :    Usage  Request Allocated 
	   Cpus                 :     0.98        1         1 
	   Disk (KB)            :    81          12      3732 
	   GPUs                 :                           0 
	   Memory (MB)          :   792        3000      3000 

	Job terminated of its own accord at 2025-02-18T00:31:00Z with exit-code 0.
...
