000 (16630220.487.000) 02/18 00:26:51 Job submitted from host: <188.185.72.155:9618?addrs=188.185.72.155-9618+[2001-1458-d00-8--100-95]-9618&alias=bigbird08.cern.ch&noUDP&sock=schedd_862983_22fa>
...
040 (16630220.487.000) 02/18 00:53:04 Started transferring input files
	Transferring to host: <128.142.132.40:9618?addrs=128.142.132.40-9618+[2001-1458-301-5a--100-1c]-9618&alias=b9g12p4588.cern.ch&noUDP&sock=slot1_20_2774_48aa_95083>
...
040 (16630220.487.000) 02/18 00:53:04 Finished transferring input files
...
001 (16630220.487.000) 02/18 00:53:05 Job executing on host: <128.142.132.40:9618?addrs=128.142.132.40-9618+[2001-1458-301-5a--100-1c]-9618&alias=b9g12p4588.cern.ch&noUDP&sock=startd_2401_76fb>
	SlotName: slot1_20@b9g12p4588.cern.ch
	CondorScratchDir = "/pool/condor/dir_1914157"
	Cpus = 1
	Disk = 2699
	GPUs = 0
	Memory = 3000
...
006 (16630220.487.000) 02/18 00:53:13 Image size of job updated: 463060
	453  -  MemoryUsage of job (MB)
	463060  -  ResidentSetSize of job (KB)
...
006 (16630220.487.000) 02/18 00:58:13 Image size of job updated: 1204880
	1177  -  MemoryUsage of job (MB)
	1204880  -  ResidentSetSize of job (KB)
...
040 (16630220.487.000) 02/18 01:46:39 Started transferring output files
...
040 (16630220.487.000) 02/18 01:46:39 Finished transferring output files
...
005 (16630220.487.000) 02/18 01:46:39 Job terminated.
	(1) Normal termination (return value 0)
		Usr 0 00:52:02, Sys 0 00:00:08  -  Run Remote Usage
		Usr 0 00:00:00, Sys 0 00:00:00  -  Run Local Usage
		Usr 0 00:52:02, Sys 0 00:00:08  -  Total Remote Usage
		Usr 0 00:00:00, Sys 0 00:00:00  -  Total Local Usage
	8155  -  Run Bytes Sent By Job
	10428  -  Run Bytes Received By Job
	8155  -  Total Bytes Sent By Job
	10428  -  Total Bytes Received By Job
	Partitionable Resources :    Usage  Request Allocated 
	   Cpus                 :     0.99        1         1 
	   Disk (KB)            :    81          12      2699 
	   GPUs                 :                           0 
	   Memory (MB)          :  1177        3000      3000 

	Job terminated of its own accord at 2025-02-18T00:46:39Z with exit-code 0.
...
