000 (16630220.462.000) 02/18 00:26:51 Job submitted from host: <188.185.72.155:9618?addrs=188.185.72.155-9618+[2001-1458-d00-8--100-95]-9618&alias=bigbird08.cern.ch&noUDP&sock=schedd_862983_22fa>
...
040 (16630220.462.000) 02/18 00:52:54 Started transferring input files
	Transferring to host: <188.185.193.102:9618?addrs=188.185.193.102-9618+[2001-1458-303-20--100-62]-9618&alias=b9p19p3500.cern.ch&noUDP&sock=slot1_38_1220875_a208_38466>
...
040 (16630220.462.000) 02/18 00:52:54 Finished transferring input files
...
001 (16630220.462.000) 02/18 00:52:55 Job executing on host: <188.185.193.102:9618?addrs=188.185.193.102-9618+[2001-1458-303-20--100-62]-9618&alias=b9p19p3500.cern.ch&noUDP&sock=startd_4910_6e19>
	SlotName: slot1_38@b9p19p3500.cern.ch
	CondorScratchDir = "/pool/condor/dir_2631058"
	Cpus = 1
	Disk = 3760
	GPUs = 0
	Memory = 3000
...
006 (16630220.462.000) 02/18 00:53:03 Image size of job updated: 88208
	87  -  MemoryUsage of job (MB)
	88208  -  ResidentSetSize of job (KB)
...
006 (16630220.462.000) 02/18 00:58:03 Image size of job updated: 126752
	124  -  MemoryUsage of job (MB)
	126752  -  ResidentSetSize of job (KB)
...
006 (16630220.462.000) 02/18 01:03:04 Image size of job updated: 170744
	167  -  MemoryUsage of job (MB)
	170744  -  ResidentSetSize of job (KB)
...
006 (16630220.462.000) 02/18 01:08:04 Image size of job updated: 175576
	172  -  MemoryUsage of job (MB)
	175576  -  ResidentSetSize of job (KB)
...
006 (16630220.462.000) 02/18 01:13:04 Image size of job updated: 181488
	178  -  MemoryUsage of job (MB)
	181488  -  ResidentSetSize of job (KB)
...
040 (16630220.462.000) 02/18 01:39:16 Started transferring output files
...
040 (16630220.462.000) 02/18 01:39:16 Finished transferring output files
...
005 (16630220.462.000) 02/18 01:39:16 Job terminated.
	(1) Normal termination (return value 0)
		Usr 0 00:45:16, Sys 0 00:00:09  -  Run Remote Usage
		Usr 0 00:00:00, Sys 0 00:00:00  -  Run Local Usage
		Usr 0 00:45:16, Sys 0 00:00:09  -  Total Remote Usage
		Usr 0 00:00:00, Sys 0 00:00:00  -  Total Local Usage
	8155  -  Run Bytes Sent By Job
	10428  -  Run Bytes Received By Job
	8155  -  Total Bytes Sent By Job
	10428  -  Total Bytes Received By Job
	Partitionable Resources :    Usage  Request Allocated 
	   Cpus                 :     0.99        1         1 
	   Disk (KB)            :    81          12      3760 
	   GPUs                 :                           0 
	   Memory (MB)          :   178        3000      3000 

	Job terminated of its own accord at 2025-02-18T00:39:16Z with exit-code 0.
...
