000 (16630220.211.000) 02/18 00:26:50 Job submitted from host: <188.185.72.155:9618?addrs=188.185.72.155-9618+[2001-1458-d00-8--100-95]-9618&alias=bigbird08.cern.ch&noUDP&sock=schedd_862983_22fa>
...
040 (16630220.211.000) 02/18 00:48:36 Started transferring input files
	Transferring to host: <188.185.210.157:9618?addrs=188.185.210.157-9618+[2001-1458-303-15--100-19]-9618&alias=b9p22p6542.cern.ch&noUDP&sock=slot1_12_4643_29d6_147716>
...
040 (16630220.211.000) 02/18 00:48:36 Finished transferring input files
...
001 (16630220.211.000) 02/18 00:48:37 Job executing on host: <188.185.210.157:9618?addrs=188.185.210.157-9618+[2001-1458-303-15--100-19]-9618&alias=b9p22p6542.cern.ch&noUDP&sock=startd_3875_8194>
	SlotName: slot1_12@b9p22p6542.cern.ch
	CondorScratchDir = "/pool/condor/dir_562251"
	Cpus = 1
	Disk = 3747
	GPUs = 0
	Memory = 3000
...
006 (16630220.211.000) 02/18 00:48:46 Image size of job updated: 354340
	347  -  MemoryUsage of job (MB)
	354340  -  ResidentSetSize of job (KB)
...
006 (16630220.211.000) 02/18 00:53:47 Image size of job updated: 1029964
	1006  -  MemoryUsage of job (MB)
	1029964  -  ResidentSetSize of job (KB)
...
006 (16630220.211.000) 02/18 00:58:48 Image size of job updated: 1033936
	1010  -  MemoryUsage of job (MB)
	1033936  -  ResidentSetSize of job (KB)
...
040 (16630220.211.000) 02/18 01:33:31 Started transferring output files
...
040 (16630220.211.000) 02/18 01:33:31 Finished transferring output files
...
005 (16630220.211.000) 02/18 01:33:31 Job terminated.
	(1) Normal termination (return value 0)
		Usr 0 00:42:41, Sys 0 00:00:13  -  Run Remote Usage
		Usr 0 00:00:00, Sys 0 00:00:00  -  Run Local Usage
		Usr 0 00:42:41, Sys 0 00:00:13  -  Total Remote Usage
		Usr 0 00:00:00, Sys 0 00:00:00  -  Total Local Usage
	8153  -  Run Bytes Sent By Job
	10428  -  Run Bytes Received By Job
	8153  -  Total Bytes Sent By Job
	10428  -  Total Bytes Received By Job
	Partitionable Resources :    Usage  Request Allocated 
	   Cpus                 :     0.98        1         1 
	   Disk (KB)            :    81          12      3747 
	   GPUs                 :                           0 
	   Memory (MB)          :  1010        3000      3000 

	Job terminated of its own accord at 2025-02-18T00:33:31Z with exit-code 0.
...
