000 (16630220.105.000) 02/18 00:26:50 Job submitted from host: <188.185.72.155:9618?addrs=188.185.72.155-9618+[2001-1458-d00-8--100-95]-9618&alias=bigbird08.cern.ch&noUDP&sock=schedd_862983_22fa>
...
040 (16630220.105.000) 02/18 00:42:47 Started transferring input files
	Transferring to host: <128.142.132.18:9618?addrs=128.142.132.18-9618+[2001-1458-301-5a--100-6]-9618&alias=b9g12p2092.cern.ch&noUDP&sock=slot1_6_3416260_f822_74952>
...
040 (16630220.105.000) 02/18 00:42:47 Finished transferring input files
...
001 (16630220.105.000) 02/18 00:42:48 Job executing on host: <128.142.132.18:9618?addrs=128.142.132.18-9618+[2001-1458-301-5a--100-6]-9618&alias=b9g12p2092.cern.ch&noUDP&sock=startd_2417_707f>
	SlotName: slot1_6@b9g12p2092.cern.ch
	CondorScratchDir = "/pool/condor/dir_1756998"
	Cpus = 1
	Disk = 2591
	GPUs = 0
	Memory = 3000
...
006 (16630220.105.000) 02/18 00:42:57 Image size of job updated: 2704
	3  -  MemoryUsage of job (MB)
	2704  -  ResidentSetSize of job (KB)
...
006 (16630220.105.000) 02/18 00:47:59 Image size of job updated: 330140
	323  -  MemoryUsage of job (MB)
	330140  -  ResidentSetSize of job (KB)
...
006 (16630220.105.000) 02/18 00:52:59 Image size of job updated: 372360
	364  -  MemoryUsage of job (MB)
	372360  -  ResidentSetSize of job (KB)
...
040 (16630220.105.000) 02/18 01:48:40 Started transferring output files
...
040 (16630220.105.000) 02/18 01:48:40 Finished transferring output files
...
005 (16630220.105.000) 02/18 01:48:40 Job terminated.
	(1) Normal termination (return value 0)
		Usr 0 01:03:22, Sys 0 00:00:10  -  Run Remote Usage
		Usr 0 00:00:00, Sys 0 00:00:00  -  Run Local Usage
		Usr 0 01:03:22, Sys 0 00:00:10  -  Total Remote Usage
		Usr 0 00:00:00, Sys 0 00:00:00  -  Total Local Usage
	8153  -  Run Bytes Sent By Job
	10428  -  Run Bytes Received By Job
	8153  -  Total Bytes Sent By Job
	10428  -  Total Bytes Received By Job
	Partitionable Resources :    Usage  Request Allocated 
	   Cpus                 :     0.99        1         1 
	   Disk (KB)            :    81          12      2591 
	   GPUs                 :                           0 
	   Memory (MB)          :   364        3000      3000 

	Job terminated of its own accord at 2025-02-18T00:48:40Z with exit-code 0.
...
