000 (16630220.316.000) 02/18 00:26:51 Job submitted from host: <188.185.72.155:9618?addrs=188.185.72.155-9618+[2001-1458-d00-8--100-95]-9618&alias=bigbird08.cern.ch&noUDP&sock=schedd_862983_22fa>
...
040 (16630220.316.000) 02/18 00:49:27 Started transferring input files
	Transferring to host: <188.185.206.200:9618?addrs=188.185.206.200-9618+[2001-1458-303-c--100-45]-9618&alias=b9p06p1686.cern.ch&noUDP&sock=slot1_14_2278780_6873_129590>
...
040 (16630220.316.000) 02/18 00:49:27 Finished transferring input files
...
001 (16630220.316.000) 02/18 00:49:28 Job executing on host: <188.185.206.200:9618?addrs=188.185.206.200-9618+[2001-1458-303-c--100-45]-9618&alias=b9p06p1686.cern.ch&noUDP&sock=startd_2278507_dcc5>
	SlotName: slot1_14@b9p06p1686.cern.ch
	CondorScratchDir = "/pool/condor/dir_1446093"
	Cpus = 1
	Disk = 3682
	GPUs = 0
	Memory = 3000
...
006 (16630220.316.000) 02/18 00:49:36 Image size of job updated: 491432
	480  -  MemoryUsage of job (MB)
	491432  -  ResidentSetSize of job (KB)
...
006 (16630220.316.000) 02/18 00:54:36 Image size of job updated: 1023156
	1000  -  MemoryUsage of job (MB)
	1023156  -  ResidentSetSize of job (KB)
...
006 (16630220.316.000) 02/18 00:59:37 Image size of job updated: 1031836
	1008  -  MemoryUsage of job (MB)
	1031836  -  ResidentSetSize of job (KB)
...
040 (16630220.316.000) 02/18 01:13:36 Started transferring output files
...
040 (16630220.316.000) 02/18 01:13:36 Finished transferring output files
...
005 (16630220.316.000) 02/18 01:13:36 Job terminated.
	(1) Normal termination (return value 0)
		Usr 0 00:22:56, Sys 0 00:00:06  -  Run Remote Usage
		Usr 0 00:00:00, Sys 0 00:00:00  -  Run Local Usage
		Usr 0 00:22:56, Sys 0 00:00:06  -  Total Remote Usage
		Usr 0 00:00:00, Sys 0 00:00:00  -  Total Local Usage
	8153  -  Run Bytes Sent By Job
	10428  -  Run Bytes Received By Job
	8153  -  Total Bytes Sent By Job
	10428  -  Total Bytes Received By Job
	Partitionable Resources :    Usage  Request Allocated 
	   Cpus                 :     0.95        1         1 
	   Disk (KB)            :    83          12      3682 
	   GPUs                 :                           0 
	   Memory (MB)          :  1008        3000      3000 

	Job terminated of its own accord at 2025-02-18T00:13:36Z with exit-code 0.
...
