000 (16630220.183.000) 02/18 00:26:50 Job submitted from host: <188.185.72.155:9618?addrs=188.185.72.155-9618+[2001-1458-d00-8--100-95]-9618&alias=bigbird08.cern.ch&noUDP&sock=schedd_862983_22fa>
...
040 (16630220.183.000) 02/18 00:48:12 Started transferring input files
	Transferring to host: <128.142.192.176:9618?addrs=128.142.192.176-9618+[2001-1458-301-56--100-2c]-9618&alias=b9g18p0460.cern.ch&noUDP&sock=slot1_2_6553_ee64_140995>
...
040 (16630220.183.000) 02/18 00:48:12 Finished transferring input files
...
001 (16630220.183.000) 02/18 00:48:13 Job executing on host: <128.142.192.176:9618?addrs=128.142.192.176-9618+[2001-1458-301-56--100-2c]-9618&alias=b9g18p0460.cern.ch&noUDP&sock=startd_5523_e5a7>
	SlotName: slot1_2@b9g18p0460.cern.ch
	CondorScratchDir = "/pool/condor/dir_3932269"
	Cpus = 1
	Disk = 3769
	GPUs = 0
	Memory = 3000
...
006 (16630220.183.000) 02/18 00:48:22 Image size of job updated: 487372
	476  -  MemoryUsage of job (MB)
	487372  -  ResidentSetSize of job (KB)
...
006 (16630220.183.000) 02/18 00:53:23 Image size of job updated: 1180244
	1153  -  MemoryUsage of job (MB)
	1180244  -  ResidentSetSize of job (KB)
...
006 (16630220.183.000) 02/18 00:58:23 Image size of job updated: 1217984
	1190  -  MemoryUsage of job (MB)
	1217984  -  ResidentSetSize of job (KB)
...
040 (16630220.183.000) 02/18 01:39:20 Started transferring output files
...
040 (16630220.183.000) 02/18 01:39:20 Finished transferring output files
...
005 (16630220.183.000) 02/18 01:39:20 Job terminated.
	(1) Normal termination (return value 0)
		Usr 0 00:49:25, Sys 0 00:00:05  -  Run Remote Usage
		Usr 0 00:00:00, Sys 0 00:00:00  -  Run Local Usage
		Usr 0 00:49:25, Sys 0 00:00:05  -  Total Remote Usage
		Usr 0 00:00:00, Sys 0 00:00:00  -  Total Local Usage
	8153  -  Run Bytes Sent By Job
	10428  -  Run Bytes Received By Job
	8153  -  Total Bytes Sent By Job
	10428  -  Total Bytes Received By Job
	Partitionable Resources :    Usage  Request Allocated 
	   Cpus                 :     0.99        1         1 
	   Disk (KB)            :    81          12      3769 
	   GPUs                 :                           0 
	   Memory (MB)          :  1190        3000      3000 

	Job terminated of its own accord at 2025-02-18T00:39:19Z with exit-code 0.
...
