000 (16630220.335.000) 02/18 00:26:51 Job submitted from host: <188.185.72.155:9618?addrs=188.185.72.155-9618+[2001-1458-d00-8--100-95]-9618&alias=bigbird08.cern.ch&noUDP&sock=schedd_862983_22fa>
...
040 (16630220.335.000) 02/18 00:49:32 Started transferring input files
	Transferring to host: <128.142.161.120:9618?addrs=128.142.161.120-9618+[2001-1458-301-b8--100-36]-9618&alias=b9g03p5843.cern.ch&noUDP&sock=slot1_5_5098_c088_2779>
...
040 (16630220.335.000) 02/18 00:49:32 Finished transferring input files
...
001 (16630220.335.000) 02/18 00:49:33 Job executing on host: <128.142.161.120:9618?addrs=128.142.161.120-9618+[2001-1458-301-b8--100-36]-9618&alias=b9g03p5843.cern.ch&noUDP&sock=startd_3961_7eb9>
	SlotName: slot1_5@b9g03p5843.cern.ch
	CondorScratchDir = "/pool/condor/dir_3342972"
	Cpus = 1
	Disk = 3981
	GPUs = 0
	Memory = 3000
...
006 (16630220.335.000) 02/18 00:49:42 Image size of job updated: 95936
	94  -  MemoryUsage of job (MB)
	95936  -  ResidentSetSize of job (KB)
...
006 (16630220.335.000) 02/18 00:54:43 Image size of job updated: 160152
	157  -  MemoryUsage of job (MB)
	160152  -  ResidentSetSize of job (KB)
...
006 (16630220.335.000) 02/18 00:59:44 Image size of job updated: 167320
	164  -  MemoryUsage of job (MB)
	167320  -  ResidentSetSize of job (KB)
...
006 (16630220.335.000) 02/18 01:04:44 Image size of job updated: 171872
	168  -  MemoryUsage of job (MB)
	171872  -  ResidentSetSize of job (KB)
...
006 (16630220.335.000) 02/18 01:09:44 Image size of job updated: 175192
	172  -  MemoryUsage of job (MB)
	175192  -  ResidentSetSize of job (KB)
...
006 (16630220.335.000) 02/18 01:24:45 Image size of job updated: 198496
	194  -  MemoryUsage of job (MB)
	198496  -  ResidentSetSize of job (KB)
...
006 (16630220.335.000) 02/18 01:29:46 Image size of job updated: 203772
	199  -  MemoryUsage of job (MB)
	203772  -  ResidentSetSize of job (KB)
...
006 (16630220.335.000) 02/18 01:34:47 Image size of job updated: 208620
	204  -  MemoryUsage of job (MB)
	208620  -  ResidentSetSize of job (KB)
...
040 (16630220.335.000) 02/18 01:37:47 Started transferring output files
...
040 (16630220.335.000) 02/18 01:37:47 Finished transferring output files
...
005 (16630220.335.000) 02/18 01:37:47 Job terminated.
	(1) Normal termination (return value 0)
		Usr 0 00:47:00, Sys 0 00:00:14  -  Run Remote Usage
		Usr 0 00:00:00, Sys 0 00:00:00  -  Run Local Usage
		Usr 0 00:47:00, Sys 0 00:00:14  -  Total Remote Usage
		Usr 0 00:00:00, Sys 0 00:00:00  -  Total Local Usage
	8155  -  Run Bytes Sent By Job
	10428  -  Run Bytes Received By Job
	8155  -  Total Bytes Sent By Job
	10428  -  Total Bytes Received By Job
	Partitionable Resources :    Usage  Request Allocated 
	   Cpus                 :     0.91        1         1 
	   Disk (KB)            :    81          12      3981 
	   GPUs                 :                           0 
	   Memory (MB)          :   204        3000      3000 

	Job terminated of its own accord at 2025-02-18T00:37:47Z with exit-code 0.
...
