000 (16630220.292.000) 02/18 00:26:51 Job submitted from host: <188.185.72.155:9618?addrs=188.185.72.155-9618+[2001-1458-d00-8--100-95]-9618&alias=bigbird08.cern.ch&noUDP&sock=schedd_862983_22fa>
...
040 (16630220.292.000) 02/18 00:49:20 Started transferring input files
	Transferring to host: <188.185.195.36:9618?addrs=188.185.195.36-9618+[2001-1458-303-22--100-20]-9618&alias=b9p17p8636.cern.ch&noUDP&sock=slot1_13_81301_a8c3_13441>
...
040 (16630220.292.000) 02/18 00:49:20 Finished transferring input files
...
001 (16630220.292.000) 02/18 00:49:21 Job executing on host: <188.185.195.36:9618?addrs=188.185.195.36-9618+[2001-1458-303-22--100-20]-9618&alias=b9p17p8636.cern.ch&noUDP&sock=startd_9191_d70a>
	SlotName: slot1_13@b9p17p8636.cern.ch
	CondorScratchDir = "/pool/condor/dir_2235512"
	Cpus = 1
	Disk = 3802
	GPUs = 0
	Memory = 3000
...
006 (16630220.292.000) 02/18 00:49:30 Image size of job updated: 287396
	281  -  MemoryUsage of job (MB)
	287396  -  ResidentSetSize of job (KB)
...
006 (16630220.292.000) 02/18 00:54:31 Image size of job updated: 1205624
	1178  -  MemoryUsage of job (MB)
	1205624  -  ResidentSetSize of job (KB)
...
006 (16630220.292.000) 02/18 00:59:32 Image size of job updated: 1244024
	1215  -  MemoryUsage of job (MB)
	1244024  -  ResidentSetSize of job (KB)
...
040 (16630220.292.000) 02/18 01:52:01 Started transferring output files
...
040 (16630220.292.000) 02/18 01:52:01 Finished transferring output files
...
005 (16630220.292.000) 02/18 01:52:01 Job terminated.
	(1) Normal termination (return value 0)
		Usr 0 01:00:32, Sys 0 00:00:10  -  Run Remote Usage
		Usr 0 00:00:00, Sys 0 00:00:00  -  Run Local Usage
		Usr 0 01:00:32, Sys 0 00:00:10  -  Total Remote Usage
		Usr 0 00:00:00, Sys 0 00:00:00  -  Total Local Usage
	8155  -  Run Bytes Sent By Job
	10428  -  Run Bytes Received By Job
	8155  -  Total Bytes Sent By Job
	10428  -  Total Bytes Received By Job
	Partitionable Resources :    Usage  Request Allocated 
	   Cpus                 :     0.99        1         1 
	   Disk (KB)            :    81          12      3802 
	   GPUs                 :                           0 
	   Memory (MB)          :  1215        3000      3000 

	Job terminated of its own accord at 2025-02-18T00:52:00Z with exit-code 0.
...
