000 (16630220.264.000) 02/18 00:26:51 Job submitted from host: <188.185.72.155:9618?addrs=188.185.72.155-9618+[2001-1458-d00-8--100-95]-9618&alias=bigbird08.cern.ch&noUDP&sock=schedd_862983_22fa>
...
040 (16630220.264.000) 02/18 00:49:05 Started transferring input files
	Transferring to host: <188.185.213.145:9618?addrs=188.185.213.145-9618+[2001-1458-303-1b--100-d]-9618&alias=b9p28p6428.cern.ch&noUDP&sock=slot1_21_4076881_39f2_31627>
...
040 (16630220.264.000) 02/18 00:49:05 Finished transferring input files
...
001 (16630220.264.000) 02/18 00:49:06 Job executing on host: <188.185.213.145:9618?addrs=188.185.213.145-9618+[2001-1458-303-1b--100-d]-9618&alias=b9p28p6428.cern.ch&noUDP&sock=startd_2909_e917>
	SlotName: slot1_21@b9p28p6428.cern.ch
	CondorScratchDir = "/pool/condor/dir_3053938"
	Cpus = 1
	Disk = 3765
	GPUs = 0
	Memory = 3000
...
006 (16630220.264.000) 02/18 00:49:15 Image size of job updated: 86680
	85  -  MemoryUsage of job (MB)
	86680  -  ResidentSetSize of job (KB)
...
006 (16630220.264.000) 02/18 00:54:16 Image size of job updated: 160732
	157  -  MemoryUsage of job (MB)
	160732  -  ResidentSetSize of job (KB)
...
006 (16630220.264.000) 02/18 00:59:17 Image size of job updated: 165416
	162  -  MemoryUsage of job (MB)
	165416  -  ResidentSetSize of job (KB)
...
006 (16630220.264.000) 02/18 01:04:17 Image size of job updated: 173824
	170  -  MemoryUsage of job (MB)
	173824  -  ResidentSetSize of job (KB)
...
006 (16630220.264.000) 02/18 01:09:18 Image size of job updated: 175876
	172  -  MemoryUsage of job (MB)
	175876  -  ResidentSetSize of job (KB)
...
006 (16630220.264.000) 02/18 01:19:19 Image size of job updated: 188196
	184  -  MemoryUsage of job (MB)
	188196  -  ResidentSetSize of job (KB)
...
006 (16630220.264.000) 02/18 01:24:19 Image size of job updated: 194228
	190  -  MemoryUsage of job (MB)
	194228  -  ResidentSetSize of job (KB)
...
006 (16630220.264.000) 02/18 01:29:20 Image size of job updated: 198736
	195  -  MemoryUsage of job (MB)
	198736  -  ResidentSetSize of job (KB)
...
040 (16630220.264.000) 02/18 01:33:33 Started transferring output files
...
040 (16630220.264.000) 02/18 01:33:33 Finished transferring output files
...
005 (16630220.264.000) 02/18 01:33:33 Job terminated.
	(1) Normal termination (return value 0)
		Usr 0 00:41:29, Sys 0 00:00:17  -  Run Remote Usage
		Usr 0 00:00:00, Sys 0 00:00:00  -  Run Local Usage
		Usr 0 00:41:29, Sys 0 00:00:17  -  Total Remote Usage
		Usr 0 00:00:00, Sys 0 00:00:00  -  Total Local Usage
	8134  -  Run Bytes Sent By Job
	10428  -  Run Bytes Received By Job
	8134  -  Total Bytes Sent By Job
	10428  -  Total Bytes Received By Job
	Partitionable Resources :    Usage  Request Allocated 
	   Cpus                 :     0.98        1         1 
	   Disk (KB)            :    81          12      3765 
	   GPUs                 :                           0 
	   Memory (MB)          :   195        3000      3000 

	Job terminated of its own accord at 2025-02-18T00:33:33Z with exit-code 0.
...
