000 (16630220.171.000) 02/18 00:26:50 Job submitted from host: <188.185.72.155:9618?addrs=188.185.72.155-9618+[2001-1458-d00-8--100-95]-9618&alias=bigbird08.cern.ch&noUDP&sock=schedd_862983_22fa>
...
040 (16630220.171.000) 02/18 00:48:10 Started transferring input files
	Transferring to host: <128.142.240.13:9618?addrs=128.142.240.13-9618+[2001-1458-301-11--100-d]-9618&alias=b9g29p4811.cern.ch&noUDP&sock=slot1_6_3851569_8a28_105975>
...
040 (16630220.171.000) 02/18 00:48:10 Finished transferring input files
...
001 (16630220.171.000) 02/18 00:48:11 Job executing on host: <128.142.240.13:9618?addrs=128.142.240.13-9618+[2001-1458-301-11--100-d]-9618&alias=b9g29p4811.cern.ch&noUDP&sock=startd_3851460_c9ab>
	SlotName: slot1_6@b9g29p4811.cern.ch
	CondorScratchDir = "/pool/condor/dir_2845573"
	Cpus = 1
	Disk = 3743
	GPUs = 0
	Memory = 3000
...
006 (16630220.171.000) 02/18 00:48:20 Image size of job updated: 492684
	482  -  MemoryUsage of job (MB)
	492684  -  ResidentSetSize of job (KB)
...
006 (16630220.171.000) 02/18 00:53:21 Image size of job updated: 1201676
	1174  -  MemoryUsage of job (MB)
	1201676  -  ResidentSetSize of job (KB)
...
006 (16630220.171.000) 02/18 00:58:21 Image size of job updated: 1206628
	1179  -  MemoryUsage of job (MB)
	1206628  -  ResidentSetSize of job (KB)
...
040 (16630220.171.000) 02/18 01:27:22 Started transferring output files
...
040 (16630220.171.000) 02/18 01:27:22 Finished transferring output files
...
005 (16630220.171.000) 02/18 01:27:22 Job terminated.
	(1) Normal termination (return value 0)
		Usr 0 00:37:42, Sys 0 00:00:07  -  Run Remote Usage
		Usr 0 00:00:00, Sys 0 00:00:00  -  Run Local Usage
		Usr 0 00:37:42, Sys 0 00:00:07  -  Total Remote Usage
		Usr 0 00:00:00, Sys 0 00:00:00  -  Total Local Usage
	8155  -  Run Bytes Sent By Job
	10428  -  Run Bytes Received By Job
	8155  -  Total Bytes Sent By Job
	10428  -  Total Bytes Received By Job
	Partitionable Resources :    Usage  Request Allocated 
	   Cpus                 :     0.99        1         1 
	   Disk (KB)            :    81          12      3743 
	   GPUs                 :                           0 
	   Memory (MB)          :  1179        3000      3000 

	Job terminated of its own accord at 2025-02-18T00:27:22Z with exit-code 0.
...
