000 (16630220.258.000) 02/18 00:26:51 Job submitted from host: <188.185.72.155:9618?addrs=188.185.72.155-9618+[2001-1458-d00-8--100-95]-9618&alias=bigbird08.cern.ch&noUDP&sock=schedd_862983_22fa>
...
040 (16630220.258.000) 02/18 00:49:03 Started transferring input files
	Transferring to host: <188.185.198.123:9618?addrs=188.185.198.123-9618+[2001-1458-303-25--100-77]-9618&alias=b9p15p6165.cern.ch&noUDP&sock=slot1_15_2855189_b162_8252>
...
040 (16630220.258.000) 02/18 00:49:03 Finished transferring input files
...
001 (16630220.258.000) 02/18 00:49:04 Job executing on host: <188.185.198.123:9618?addrs=188.185.198.123-9618+[2001-1458-303-25--100-77]-9618&alias=b9p15p6165.cern.ch&noUDP&sock=startd_9542_98c8>
	SlotName: slot1_15@b9p15p6165.cern.ch
	CondorScratchDir = "/pool/condor/dir_135997"
	Cpus = 1
	Disk = 3778
	GPUs = 0
	Memory = 3000
...
006 (16630220.258.000) 02/18 00:49:13 Image size of job updated: 92684
	91  -  MemoryUsage of job (MB)
	92684  -  ResidentSetSize of job (KB)
...
006 (16630220.258.000) 02/18 00:54:14 Image size of job updated: 183996
	180  -  MemoryUsage of job (MB)
	183996  -  ResidentSetSize of job (KB)
...
006 (16630220.258.000) 02/18 01:14:17 Image size of job updated: 191168
	187  -  MemoryUsage of job (MB)
	191168  -  ResidentSetSize of job (KB)
...
006 (16630220.258.000) 02/18 01:19:17 Image size of job updated: 192964
	189  -  MemoryUsage of job (MB)
	192964  -  ResidentSetSize of job (KB)
...
006 (16630220.258.000) 02/18 01:24:17 Image size of job updated: 197772
	194  -  MemoryUsage of job (MB)
	197772  -  ResidentSetSize of job (KB)
...
006 (16630220.258.000) 02/18 01:29:18 Image size of job updated: 200592
	196  -  MemoryUsage of job (MB)
	200592  -  ResidentSetSize of job (KB)
...
040 (16630220.258.000) 02/18 01:29:35 Started transferring output files
...
040 (16630220.258.000) 02/18 01:29:35 Finished transferring output files
...
005 (16630220.258.000) 02/18 01:29:35 Job terminated.
	(1) Normal termination (return value 0)
		Usr 0 00:39:43, Sys 0 00:00:03  -  Run Remote Usage
		Usr 0 00:00:00, Sys 0 00:00:00  -  Run Local Usage
		Usr 0 00:39:43, Sys 0 00:00:03  -  Total Remote Usage
		Usr 0 00:00:00, Sys 0 00:00:00  -  Total Local Usage
	8155  -  Run Bytes Sent By Job
	10428  -  Run Bytes Received By Job
	8155  -  Total Bytes Sent By Job
	10428  -  Total Bytes Received By Job
	Partitionable Resources :    Usage  Request Allocated 
	   Cpus                 :     0.99        1         1 
	   Disk (KB)            :    81          12      3778 
	   GPUs                 :                           0 
	   Memory (MB)          :   196        3000      3000 

	Job terminated of its own accord at 2025-02-18T00:29:35Z with exit-code 0.
...
