000 (16630220.480.000) 02/18 00:26:51 Job submitted from host: <188.185.72.155:9618?addrs=188.185.72.155-9618+[2001-1458-d00-8--100-95]-9618&alias=bigbird08.cern.ch&noUDP&sock=schedd_862983_22fa>
...
040 (16630220.480.000) 02/18 00:53:01 Started transferring input files
	Transferring to host: <188.185.198.180:9618?addrs=188.185.198.180-9618+[2001-1458-303-25--100-b0]-9618&alias=b9p15p8633.cern.ch&noUDP&sock=slot1_3_713049_469d_48821>
...
040 (16630220.480.000) 02/18 00:53:01 Finished transferring input files
...
001 (16630220.480.000) 02/18 00:53:02 Job executing on host: <188.185.198.180:9618?addrs=188.185.198.180-9618+[2001-1458-303-25--100-b0]-9618&alias=b9p15p8633.cern.ch&noUDP&sock=startd_7821_224a>
	SlotName: slot1_3@b9p15p8633.cern.ch
	CondorScratchDir = "/pool/condor/dir_2437300"
	Cpus = 1
	Disk = 3765
	GPUs = 0
	Memory = 3000
...
006 (16630220.480.000) 02/18 00:53:10 Image size of job updated: 89408
	88  -  MemoryUsage of job (MB)
	89408  -  ResidentSetSize of job (KB)
...
006 (16630220.480.000) 02/18 00:58:10 Image size of job updated: 162700
	159  -  MemoryUsage of job (MB)
	162700  -  ResidentSetSize of job (KB)
...
006 (16630220.480.000) 02/18 01:03:11 Image size of job updated: 170004
	167  -  MemoryUsage of job (MB)
	170004  -  ResidentSetSize of job (KB)
...
006 (16630220.480.000) 02/18 01:08:12 Image size of job updated: 175464
	172  -  MemoryUsage of job (MB)
	175464  -  ResidentSetSize of job (KB)
...
006 (16630220.480.000) 02/18 01:13:12 Image size of job updated: 176292
	173  -  MemoryUsage of job (MB)
	176292  -  ResidentSetSize of job (KB)
...
040 (16630220.480.000) 02/18 01:37:08 Started transferring output files
...
040 (16630220.480.000) 02/18 01:37:08 Finished transferring output files
...
005 (16630220.480.000) 02/18 01:37:09 Job terminated.
	(1) Normal termination (return value 0)
		Usr 0 00:43:24, Sys 0 00:00:03  -  Run Remote Usage
		Usr 0 00:00:00, Sys 0 00:00:00  -  Run Local Usage
		Usr 0 00:43:24, Sys 0 00:00:03  -  Total Remote Usage
		Usr 0 00:00:00, Sys 0 00:00:00  -  Total Local Usage
	8155  -  Run Bytes Sent By Job
	10428  -  Run Bytes Received By Job
	8155  -  Total Bytes Sent By Job
	10428  -  Total Bytes Received By Job
	Partitionable Resources :    Usage  Request Allocated 
	   Cpus                 :     0.99        1         1 
	   Disk (KB)            :    81          12      3765 
	   GPUs                 :                           0 
	   Memory (MB)          :   173        3000      3000 

	Job terminated of its own accord at 2025-02-18T00:37:08Z with exit-code 0.
...
