000 (16630220.017.000) 02/18 00:26:50 Job submitted from host: <188.185.72.155:9618?addrs=188.185.72.155-9618+[2001-1458-d00-8--100-95]-9618&alias=bigbird08.cern.ch&noUDP&sock=schedd_862983_22fa>
...
040 (16630220.017.000) 02/18 00:27:37 Started transferring input files
	Transferring to host: <188.185.194.160:9618?addrs=188.185.194.160-9618+[2001-1458-303-21--100-9c]-9618&alias=b9p20p2494.cern.ch&noUDP&sock=slot1_26_975203_7c01_13383>
...
040 (16630220.017.000) 02/18 00:27:37 Finished transferring input files
...
001 (16630220.017.000) 02/18 00:27:38 Job executing on host: <188.185.194.160:9618?addrs=188.185.194.160-9618+[2001-1458-303-21--100-9c]-9618&alias=b9p20p2494.cern.ch&noUDP&sock=startd_9004_92d4>
	SlotName: slot1_26@b9p20p2494.cern.ch
	CondorScratchDir = "/pool/condor/dir_2465757"
	Cpus = 1
	Disk = 3915
	GPUs = 0
	Memory = 3000
...
006 (16630220.017.000) 02/18 00:27:46 Image size of job updated: 238420
	233  -  MemoryUsage of job (MB)
	238420  -  ResidentSetSize of job (KB)
...
006 (16630220.017.000) 02/18 00:32:46 Image size of job updated: 908576
	888  -  MemoryUsage of job (MB)
	908576  -  ResidentSetSize of job (KB)
...
006 (16630220.017.000) 02/18 00:37:47 Image size of job updated: 950732
	929  -  MemoryUsage of job (MB)
	950732  -  ResidentSetSize of job (KB)
...
006 (16630220.017.000) 02/18 00:42:47 Image size of job updated: 951664
	930  -  MemoryUsage of job (MB)
	951664  -  ResidentSetSize of job (KB)
...
006 (16630220.017.000) 02/18 00:47:47 Image size of job updated: 958220
	936  -  MemoryUsage of job (MB)
	958220  -  ResidentSetSize of job (KB)
...
006 (16630220.017.000) 02/18 00:52:48 Image size of job updated: 961276
	939  -  MemoryUsage of job (MB)
	961276  -  ResidentSetSize of job (KB)
...
006 (16630220.017.000) 02/18 00:57:49 Image size of job updated: 963656
	942  -  MemoryUsage of job (MB)
	963656  -  ResidentSetSize of job (KB)
...
040 (16630220.017.000) 02/18 01:27:58 Started transferring output files
...
040 (16630220.017.000) 02/18 01:27:58 Finished transferring output files
...
005 (16630220.017.000) 02/18 01:27:58 Job terminated.
	(1) Normal termination (return value 0)
		Usr 0 00:56:35, Sys 0 00:00:10  -  Run Remote Usage
		Usr 0 00:00:00, Sys 0 00:00:00  -  Run Local Usage
		Usr 0 00:56:35, Sys 0 00:00:10  -  Total Remote Usage
		Usr 0 00:00:00, Sys 0 00:00:00  -  Total Local Usage
	8150  -  Run Bytes Sent By Job
	10428  -  Run Bytes Received By Job
	8150  -  Total Bytes Sent By Job
	10428  -  Total Bytes Received By Job
	Partitionable Resources :    Usage  Request Allocated 
	   Cpus                 :     0.99        1         1 
	   Disk (KB)            :    81          12      3915 
	   GPUs                 :                           0 
	   Memory (MB)          :   942        3000      3000 

	Job terminated of its own accord at 2025-02-18T00:27:58Z with exit-code 0.
...
