000 (16630220.024.000) 02/18 00:26:50 Job submitted from host: <188.185.72.155:9618?addrs=188.185.72.155-9618+[2001-1458-d00-8--100-95]-9618&alias=bigbird08.cern.ch&noUDP&sock=schedd_862983_22fa>
...
040 (16630220.024.000) 02/18 00:27:40 Started transferring input files
	Transferring to host: <128.142.33.203:9618?addrs=128.142.33.203-9618+[2001-1458-301-39--100-8]-9618&alias=b9g24p0512.cern.ch&noUDP&sock=slot1_32_1634666_d362_85602>
...
040 (16630220.024.000) 02/18 00:27:40 Finished transferring input files
...
001 (16630220.024.000) 02/18 00:27:41 Job executing on host: <128.142.33.203:9618?addrs=128.142.33.203-9618+[2001-1458-301-39--100-8]-9618&alias=b9g24p0512.cern.ch&noUDP&sock=startd_5283_46ed>
	SlotName: slot1_32@b9g24p0512.cern.ch
	CondorScratchDir = "/pool/condor/dir_1085251"
	Cpus = 1
	Disk = 3775
	GPUs = 0
	Memory = 3000
...
006 (16630220.024.000) 02/18 00:27:50 Image size of job updated: 509052
	498  -  MemoryUsage of job (MB)
	509052  -  ResidentSetSize of job (KB)
...
006 (16630220.024.000) 02/18 00:32:51 Image size of job updated: 921216
	900  -  MemoryUsage of job (MB)
	921216  -  ResidentSetSize of job (KB)
...
006 (16630220.024.000) 02/18 00:37:51 Image size of job updated: 928548
	907  -  MemoryUsage of job (MB)
	928548  -  ResidentSetSize of job (KB)
...
006 (16630220.024.000) 02/18 00:42:51 Image size of job updated: 935252
	914  -  MemoryUsage of job (MB)
	935252  -  ResidentSetSize of job (KB)
...
006 (16630220.024.000) 02/18 00:47:52 Image size of job updated: 947520
	926  -  MemoryUsage of job (MB)
	947520  -  ResidentSetSize of job (KB)
...
006 (16630220.024.000) 02/18 00:52:53 Image size of job updated: 952700
	931  -  MemoryUsage of job (MB)
	952700  -  ResidentSetSize of job (KB)
...
006 (16630220.024.000) 02/18 00:57:53 Image size of job updated: 957372
	935  -  MemoryUsage of job (MB)
	957372  -  ResidentSetSize of job (KB)
...
040 (16630220.024.000) 02/18 01:00:52 Started transferring output files
...
040 (16630220.024.000) 02/18 01:00:52 Finished transferring output files
...
005 (16630220.024.000) 02/18 01:00:52 Job terminated.
	(1) Normal termination (return value 0)
		Usr 0 00:29:56, Sys 0 00:00:08  -  Run Remote Usage
		Usr 0 00:00:00, Sys 0 00:00:00  -  Run Local Usage
		Usr 0 00:29:56, Sys 0 00:00:08  -  Total Remote Usage
		Usr 0 00:00:00, Sys 0 00:00:00  -  Total Local Usage
	8152  -  Run Bytes Sent By Job
	10428  -  Run Bytes Received By Job
	8152  -  Total Bytes Sent By Job
	10428  -  Total Bytes Received By Job
	Partitionable Resources :    Usage  Request Allocated 
	   Cpus                 :     0.99        1         1 
	   Disk (KB)            :    80          12      3775 
	   GPUs                 :                           0 
	   Memory (MB)          :   935        3000      3000 

	Job terminated of its own accord at 2025-02-18T00:00:52Z with exit-code 0.
...
