000 (16630220.466.000) 02/18 00:26:51 Job submitted from host: <188.185.72.155:9618?addrs=188.185.72.155-9618+[2001-1458-d00-8--100-95]-9618&alias=bigbird08.cern.ch&noUDP&sock=schedd_862983_22fa>
...
040 (16630220.466.000) 02/18 00:52:57 Started transferring input files
	Transferring to host: <188.185.213.148:9618?addrs=188.185.213.148-9618+[2001-1458-303-1b--100-10]-9618&alias=b9p28p0002.cern.ch&noUDP&sock=slot1_9_2626270_8c65_74865>
...
040 (16630220.466.000) 02/18 00:52:57 Finished transferring input files
...
001 (16630220.466.000) 02/18 00:52:58 Job executing on host: <188.185.213.148:9618?addrs=188.185.213.148-9618+[2001-1458-303-1b--100-10]-9618&alias=b9p28p0002.cern.ch&noUDP&sock=startd_6842_9f12>
	SlotName: slot1_9@b9p28p0002.cern.ch
	CondorScratchDir = "/pool/condor/dir_2934802"
	Cpus = 1
	Disk = 3796
	GPUs = 0
	Memory = 3000
...
006 (16630220.466.000) 02/18 00:53:06 Image size of job updated: 293468
	287  -  MemoryUsage of job (MB)
	293468  -  ResidentSetSize of job (KB)
...
006 (16630220.466.000) 02/18 00:58:06 Image size of job updated: 1206180
	1178  -  MemoryUsage of job (MB)
	1206180  -  ResidentSetSize of job (KB)
...
040 (16630220.466.000) 02/18 01:33:28 Started transferring output files
...
040 (16630220.466.000) 02/18 01:33:28 Finished transferring output files
...
005 (16630220.466.000) 02/18 01:33:28 Job terminated.
	(1) Normal termination (return value 0)
		Usr 0 00:38:28, Sys 0 00:00:11  -  Run Remote Usage
		Usr 0 00:00:00, Sys 0 00:00:00  -  Run Local Usage
		Usr 0 00:38:28, Sys 0 00:00:11  -  Total Remote Usage
		Usr 0 00:00:00, Sys 0 00:00:00  -  Total Local Usage
	8153  -  Run Bytes Sent By Job
	10428  -  Run Bytes Received By Job
	8153  -  Total Bytes Sent By Job
	10428  -  Total Bytes Received By Job
	Partitionable Resources :    Usage  Request Allocated 
	   Cpus                 :     0.97        1         1 
	   Disk (KB)            :    80          12      3796 
	   GPUs                 :                           0 
	   Memory (MB)          :  1178        3000      3000 

	Job terminated of its own accord at 2025-02-18T00:33:28Z with exit-code 0.
...
