000 (16630220.353.000) 02/18 00:26:51 Job submitted from host: <188.185.72.155:9618?addrs=188.185.72.155-9618+[2001-1458-d00-8--100-95]-9618&alias=bigbird08.cern.ch&noUDP&sock=schedd_862983_22fa>
...
040 (16630220.353.000) 02/18 00:49:37 Started transferring input files
	Transferring to host: <188.185.213.185:9618?addrs=188.185.213.185-9618+[2001-1458-303-1b--100-35]-9618&alias=b9p28p5486.cern.ch&noUDP&sock=slot1_22_2528560_03a0_96804>
...
040 (16630220.353.000) 02/18 00:49:37 Finished transferring input files
...
001 (16630220.353.000) 02/18 00:49:38 Job executing on host: <188.185.213.185:9618?addrs=188.185.213.185-9618+[2001-1458-303-1b--100-35]-9618&alias=b9p28p5486.cern.ch&noUDP&sock=startd_2942_8bb7>
	SlotName: slot1_22@b9p28p5486.cern.ch
	CondorScratchDir = "/pool/condor/dir_1880771"
	Cpus = 1
	Disk = 3760
	GPUs = 0
	Memory = 3000
...
006 (16630220.353.000) 02/18 00:49:47 Image size of job updated: 86724
	85  -  MemoryUsage of job (MB)
	86724  -  ResidentSetSize of job (KB)
...
006 (16630220.353.000) 02/18 00:54:48 Image size of job updated: 125768
	123  -  MemoryUsage of job (MB)
	125768  -  ResidentSetSize of job (KB)
...
006 (16630220.353.000) 02/18 00:59:49 Image size of job updated: 169736
	166  -  MemoryUsage of job (MB)
	169736  -  ResidentSetSize of job (KB)
...
006 (16630220.353.000) 02/18 01:04:49 Image size of job updated: 174928
	171  -  MemoryUsage of job (MB)
	174928  -  ResidentSetSize of job (KB)
...
006 (16630220.353.000) 02/18 01:09:50 Image size of job updated: 178232
	175  -  MemoryUsage of job (MB)
	178232  -  ResidentSetSize of job (KB)
...
006 (16630220.353.000) 02/18 01:19:51 Image size of job updated: 189312
	185  -  MemoryUsage of job (MB)
	189312  -  ResidentSetSize of job (KB)
...
006 (16630220.353.000) 02/18 01:24:51 Image size of job updated: 191432
	187  -  MemoryUsage of job (MB)
	191432  -  ResidentSetSize of job (KB)
...
006 (16630220.353.000) 02/18 01:29:52 Image size of job updated: 196480
	192  -  MemoryUsage of job (MB)
	196480  -  ResidentSetSize of job (KB)
...
006 (16630220.353.000) 02/18 01:34:52 Image size of job updated: 197572
	193  -  MemoryUsage of job (MB)
	197572  -  ResidentSetSize of job (KB)
...
040 (16630220.353.000) 02/18 01:37:49 Started transferring output files
...
040 (16630220.353.000) 02/18 01:37:49 Finished transferring output files
...
005 (16630220.353.000) 02/18 01:37:49 Job terminated.
	(1) Normal termination (return value 0)
		Usr 0 00:44:37, Sys 0 00:00:23  -  Run Remote Usage
		Usr 0 00:00:00, Sys 0 00:00:00  -  Run Local Usage
		Usr 0 00:44:37, Sys 0 00:00:23  -  Total Remote Usage
		Usr 0 00:00:00, Sys 0 00:00:00  -  Total Local Usage
	8155  -  Run Bytes Sent By Job
	10428  -  Run Bytes Received By Job
	8155  -  Total Bytes Sent By Job
	10428  -  Total Bytes Received By Job
	Partitionable Resources :    Usage  Request Allocated 
	   Cpus                 :     0.97        1         1 
	   Disk (KB)            :    81          12      3760 
	   GPUs                 :                           0 
	   Memory (MB)          :   193        3000      3000 

	Job terminated of its own accord at 2025-02-18T00:37:49Z with exit-code 0.
...
