000 (16630220.098.000) 02/18 00:26:50 Job submitted from host: <188.185.72.155:9618?addrs=188.185.72.155-9618+[2001-1458-d00-8--100-95]-9618&alias=bigbird08.cern.ch&noUDP&sock=schedd_862983_22fa>
...
040 (16630220.098.000) 02/18 00:28:06 Started transferring input files
	Transferring to host: <128.142.192.136:9618?addrs=128.142.192.136-9618+[2001-1458-301-56--100-4]-9618&alias=b9g18p1082.cern.ch&noUDP&sock=slot1_19_11504_5bcd_78092>
...
040 (16630220.098.000) 02/18 00:28:06 Finished transferring input files
...
001 (16630220.098.000) 02/18 00:28:07 Job executing on host: <128.142.192.136:9618?addrs=128.142.192.136-9618+[2001-1458-301-56--100-4]-9618&alias=b9g18p1082.cern.ch&noUDP&sock=startd_11454_11dc>
	SlotName: slot1_19@b9g18p1082.cern.ch
	CondorScratchDir = "/pool/condor/dir_3023065"
	Cpus = 1
	Disk = 3796
	GPUs = 0
	Memory = 3000
...
006 (16630220.098.000) 02/18 00:28:16 Image size of job updated: 93012
	91  -  MemoryUsage of job (MB)
	93012  -  ResidentSetSize of job (KB)
...
006 (16630220.098.000) 02/18 00:33:17 Image size of job updated: 260152
	255  -  MemoryUsage of job (MB)
	260152  -  ResidentSetSize of job (KB)
...
006 (16630220.098.000) 02/18 00:38:18 Image size of job updated: 301168
	295  -  MemoryUsage of job (MB)
	301168  -  ResidentSetSize of job (KB)
...
006 (16630220.098.000) 02/18 00:43:18 Image size of job updated: 304704
	298  -  MemoryUsage of job (MB)
	304704  -  ResidentSetSize of job (KB)
...
006 (16630220.098.000) 02/18 00:48:18 Image size of job updated: 309768
	303  -  MemoryUsage of job (MB)
	309768  -  ResidentSetSize of job (KB)
...
006 (16630220.098.000) 02/18 00:53:19 Image size of job updated: 310804
	304  -  MemoryUsage of job (MB)
	310804  -  ResidentSetSize of job (KB)
...
006 (16630220.098.000) 02/18 00:58:19 Image size of job updated: 313292
	306  -  MemoryUsage of job (MB)
	313292  -  ResidentSetSize of job (KB)
...
040 (16630220.098.000) 02/18 01:32:35 Started transferring output files
...
040 (16630220.098.000) 02/18 01:32:35 Finished transferring output files
...
005 (16630220.098.000) 02/18 01:32:35 Job terminated.
	(1) Normal termination (return value 0)
		Usr 0 01:00:59, Sys 0 00:00:10  -  Run Remote Usage
		Usr 0 00:00:00, Sys 0 00:00:00  -  Run Local Usage
		Usr 0 01:00:59, Sys 0 00:00:10  -  Total Remote Usage
		Usr 0 00:00:00, Sys 0 00:00:00  -  Total Local Usage
	8152  -  Run Bytes Sent By Job
	10428  -  Run Bytes Received By Job
	8152  -  Total Bytes Sent By Job
	10428  -  Total Bytes Received By Job
	Partitionable Resources :    Usage  Request Allocated 
	   Cpus                 :     0.99        1         1 
	   Disk (KB)            :    80          12      3796 
	   GPUs                 :                           0 
	   Memory (MB)          :   306        3000      3000 

	Job terminated of its own accord at 2025-02-18T00:32:34Z with exit-code 0.
...
