000 (16630220.222.000) 02/18 00:26:51 Job submitted from host: <188.185.72.155:9618?addrs=188.185.72.155-9618+[2001-1458-d00-8--100-95]-9618&alias=bigbird08.cern.ch&noUDP&sock=schedd_862983_22fa>
...
040 (16630220.222.000) 02/18 00:48:41 Started transferring input files
	Transferring to host: <188.185.214.75:9618?addrs=188.185.214.75-9618+[2001-1458-303-1c--100-47]-9618&alias=b9p29p5305.cern.ch&noUDP&sock=slot1_14_4678_d2f7_149674>
...
040 (16630220.222.000) 02/18 00:48:41 Finished transferring input files
...
001 (16630220.222.000) 02/18 00:48:42 Job executing on host: <188.185.214.75:9618?addrs=188.185.214.75-9618+[2001-1458-303-1c--100-47]-9618&alias=b9p29p5305.cern.ch&noUDP&sock=startd_3906_c503>
	SlotName: slot1_14@b9p29p5305.cern.ch
	CondorScratchDir = "/pool/condor/dir_2467127"
	Cpus = 1
	Disk = 3766
	GPUs = 0
	Memory = 3000
...
006 (16630220.222.000) 02/18 00:48:51 Image size of job updated: 96920
	95  -  MemoryUsage of job (MB)
	96920  -  ResidentSetSize of job (KB)
...
006 (16630220.222.000) 02/18 00:53:52 Image size of job updated: 227784
	223  -  MemoryUsage of job (MB)
	227784  -  ResidentSetSize of job (KB)
...
006 (16630220.222.000) 02/18 00:58:53 Image size of job updated: 232336
	227  -  MemoryUsage of job (MB)
	232336  -  ResidentSetSize of job (KB)
...
040 (16630220.222.000) 02/18 01:34:31 Started transferring output files
...
040 (16630220.222.000) 02/18 01:34:31 Finished transferring output files
...
005 (16630220.222.000) 02/18 01:34:31 Job terminated.
	(1) Normal termination (return value 0)
		Usr 0 00:42:24, Sys 0 00:00:13  -  Run Remote Usage
		Usr 0 00:00:00, Sys 0 00:00:00  -  Run Local Usage
		Usr 0 00:42:24, Sys 0 00:00:13  -  Total Remote Usage
		Usr 0 00:00:00, Sys 0 00:00:00  -  Total Local Usage
	8149  -  Run Bytes Sent By Job
	10428  -  Run Bytes Received By Job
	8149  -  Total Bytes Sent By Job
	10428  -  Total Bytes Received By Job
	Partitionable Resources :    Usage  Request Allocated 
	   Cpus                 :     0.93        1         1 
	   Disk (KB)            :    81          12      3766 
	   GPUs                 :                           0 
	   Memory (MB)          :   227        3000      3000 

	Job terminated of its own accord at 2025-02-18T00:34:31Z with exit-code 0.
...
