000 (16630220.267.000) 02/18 00:26:51 Job submitted from host: <188.185.72.155:9618?addrs=188.185.72.155-9618+[2001-1458-d00-8--100-95]-9618&alias=bigbird08.cern.ch&noUDP&sock=schedd_862983_22fa>
...
040 (16630220.267.000) 02/18 00:49:05 Started transferring input files
	Transferring to host: <188.185.210.195:9618?addrs=188.185.210.195-9618+[2001-1458-303-15--100-3f]-9618&alias=b9p22p8302.cern.ch&noUDP&sock=slot1_22_2493927_eec0_34015>
...
040 (16630220.267.000) 02/18 00:49:05 Finished transferring input files
...
001 (16630220.267.000) 02/18 00:49:06 Job executing on host: <188.185.210.195:9618?addrs=188.185.210.195-9618+[2001-1458-303-15--100-3f]-9618&alias=b9p22p8302.cern.ch&noUDP&sock=startd_3544_77bb>
	SlotName: slot1_22@b9p22p8302.cern.ch
	CondorScratchDir = "/pool/condor/dir_1772280"
	Cpus = 1
	Disk = 3735
	GPUs = 0
	Memory = 3000
...
006 (16630220.267.000) 02/18 00:49:15 Image size of job updated: 86496
	85  -  MemoryUsage of job (MB)
	86496  -  ResidentSetSize of job (KB)
...
006 (16630220.267.000) 02/18 00:54:16 Image size of job updated: 179824
	176  -  MemoryUsage of job (MB)
	179824  -  ResidentSetSize of job (KB)
...
006 (16630220.267.000) 02/18 00:59:16 Image size of job updated: 185300
	181  -  MemoryUsage of job (MB)
	185300  -  ResidentSetSize of job (KB)
...
006 (16630220.267.000) 02/18 01:19:17 Image size of job updated: 189764
	186  -  MemoryUsage of job (MB)
	189764  -  ResidentSetSize of job (KB)
...
006 (16630220.267.000) 02/18 01:24:18 Image size of job updated: 193708
	190  -  MemoryUsage of job (MB)
	193708  -  ResidentSetSize of job (KB)
...
006 (16630220.267.000) 02/18 01:29:19 Image size of job updated: 197980
	194  -  MemoryUsage of job (MB)
	197980  -  ResidentSetSize of job (KB)
...
040 (16630220.267.000) 02/18 01:34:15 Started transferring output files
...
040 (16630220.267.000) 02/18 01:34:15 Finished transferring output files
...
005 (16630220.267.000) 02/18 01:34:15 Job terminated.
	(1) Normal termination (return value 0)
		Usr 0 00:43:00, Sys 0 00:00:17  -  Run Remote Usage
		Usr 0 00:00:00, Sys 0 00:00:00  -  Run Local Usage
		Usr 0 00:43:00, Sys 0 00:00:17  -  Total Remote Usage
		Usr 0 00:00:00, Sys 0 00:00:00  -  Total Local Usage
	8155  -  Run Bytes Sent By Job
	10428  -  Run Bytes Received By Job
	8155  -  Total Bytes Sent By Job
	10428  -  Total Bytes Received By Job
	Partitionable Resources :    Usage  Request Allocated 
	   Cpus                 :     0.97        1         1 
	   Disk (KB)            :    80          12      3735 
	   GPUs                 :                           0 
	   Memory (MB)          :   194        3000      3000 

	Job terminated of its own accord at 2025-02-18T00:34:15Z with exit-code 0.
...
