000 (16630220.004.000) 02/18 00:26:50 Job submitted from host: <188.185.72.155:9618?addrs=188.185.72.155-9618+[2001-1458-d00-8--100-95]-9618&alias=bigbird08.cern.ch&noUDP&sock=schedd_862983_22fa>
...
040 (16630220.004.000) 02/18 00:27:33 Started transferring input files
	Transferring to host: <188.185.196.161:9618?addrs=188.185.196.161-9618+[2001-1458-303-23--100-9d]-9618&alias=b9p16p2782.cern.ch&noUDP&sock=slot1_20_570685_f580_79080>
...
040 (16630220.004.000) 02/18 00:27:33 Finished transferring input files
...
001 (16630220.004.000) 02/18 00:27:34 Job executing on host: <188.185.196.161:9618?addrs=188.185.196.161-9618+[2001-1458-303-23--100-9d]-9618&alias=b9p16p2782.cern.ch&noUDP&sock=startd_7414_f73f>
	SlotName: slot1_20@b9p16p2782.cern.ch
	CondorScratchDir = "/pool/condor/dir_4193579"
	Cpus = 1
	Disk = 3336
	GPUs = 0
	Memory = 3000
...
006 (16630220.004.000) 02/18 00:27:43 Image size of job updated: 195824
	192  -  MemoryUsage of job (MB)
	195824  -  ResidentSetSize of job (KB)
...
006 (16630220.004.000) 02/18 00:32:44 Image size of job updated: 771192
	754  -  MemoryUsage of job (MB)
	771192  -  ResidentSetSize of job (KB)
...
006 (16630220.004.000) 02/18 00:37:45 Image size of job updated: 776288
	759  -  MemoryUsage of job (MB)
	776288  -  ResidentSetSize of job (KB)
...
006 (16630220.004.000) 02/18 00:42:45 Image size of job updated: 780744
	763  -  MemoryUsage of job (MB)
	780744  -  ResidentSetSize of job (KB)
...
006 (16630220.004.000) 02/18 00:52:46 Image size of job updated: 800300
	782  -  MemoryUsage of job (MB)
	800300  -  ResidentSetSize of job (KB)
...
006 (16630220.004.000) 02/18 00:57:47 Image size of job updated: 806744
	788  -  MemoryUsage of job (MB)
	806744  -  ResidentSetSize of job (KB)
...
040 (16630220.004.000) 02/18 01:02:50 Started transferring output files
...
040 (16630220.004.000) 02/18 01:02:50 Finished transferring output files
...
005 (16630220.004.000) 02/18 01:02:50 Job terminated.
	(1) Normal termination (return value 0)
		Usr 0 00:31:52, Sys 0 00:00:07  -  Run Remote Usage
		Usr 0 00:00:00, Sys 0 00:00:00  -  Run Local Usage
		Usr 0 00:31:52, Sys 0 00:00:07  -  Total Remote Usage
		Usr 0 00:00:00, Sys 0 00:00:00  -  Total Local Usage
	8149  -  Run Bytes Sent By Job
	10428  -  Run Bytes Received By Job
	8149  -  Total Bytes Sent By Job
	10428  -  Total Bytes Received By Job
	Partitionable Resources :    Usage  Request Allocated 
	   Cpus                 :     0.99        1         1 
	   Disk (KB)            :    81          12      3336 
	   GPUs                 :                           0 
	   Memory (MB)          :   788        3000      3000 

	Job terminated of its own accord at 2025-02-18T00:02:50Z with exit-code 0.
...
