000 (16630220.308.000) 02/18 00:26:51 Job submitted from host: <188.185.72.155:9618?addrs=188.185.72.155-9618+[2001-1458-d00-8--100-95]-9618&alias=bigbird08.cern.ch&noUDP&sock=schedd_862983_22fa>
...
040 (16630220.308.000) 02/18 00:49:23 Started transferring input files
	Transferring to host: <188.185.214.103:9618?addrs=188.185.214.103-9618+[2001-1458-303-1c--100-63]-9618&alias=b9p29p0062.cern.ch&noUDP&sock=slot1_10_1264167_c368_76557>
...
040 (16630220.308.000) 02/18 00:49:23 Finished transferring input files
...
001 (16630220.308.000) 02/18 00:49:24 Job executing on host: <188.185.214.103:9618?addrs=188.185.214.103-9618+[2001-1458-303-1c--100-63]-9618&alias=b9p29p0062.cern.ch&noUDP&sock=startd_4805_68a7>
	SlotName: slot1_10@b9p29p0062.cern.ch
	CondorScratchDir = "/pool/condor/dir_353503"
	Cpus = 1
	Disk = 3787
	GPUs = 0
	Memory = 3000
...
006 (16630220.308.000) 02/18 00:49:32 Image size of job updated: 87468
	86  -  MemoryUsage of job (MB)
	87468  -  ResidentSetSize of job (KB)
...
006 (16630220.308.000) 02/18 00:54:32 Image size of job updated: 163040
	160  -  MemoryUsage of job (MB)
	163040  -  ResidentSetSize of job (KB)
...
006 (16630220.308.000) 02/18 00:59:33 Image size of job updated: 171464
	168  -  MemoryUsage of job (MB)
	171464  -  ResidentSetSize of job (KB)
...
006 (16630220.308.000) 02/18 01:04:34 Image size of job updated: 175460
	172  -  MemoryUsage of job (MB)
	175460  -  ResidentSetSize of job (KB)
...
006 (16630220.308.000) 02/18 01:09:34 Image size of job updated: 179300
	176  -  MemoryUsage of job (MB)
	179300  -  ResidentSetSize of job (KB)
...
006 (16630220.308.000) 02/18 01:19:36 Image size of job updated: 192640
	189  -  MemoryUsage of job (MB)
	192640  -  ResidentSetSize of job (KB)
...
006 (16630220.308.000) 02/18 01:24:36 Image size of job updated: 199196
	195  -  MemoryUsage of job (MB)
	199196  -  ResidentSetSize of job (KB)
...
006 (16630220.308.000) 02/18 01:29:37 Image size of job updated: 201248
	197  -  MemoryUsage of job (MB)
	201248  -  ResidentSetSize of job (KB)
...
006 (16630220.308.000) 02/18 01:34:38 Image size of job updated: 204252
	200  -  MemoryUsage of job (MB)
	204252  -  ResidentSetSize of job (KB)
...
040 (16630220.308.000) 02/18 01:39:21 Started transferring output files
...
040 (16630220.308.000) 02/18 01:39:21 Finished transferring output files
...
005 (16630220.308.000) 02/18 01:39:21 Job terminated.
	(1) Normal termination (return value 0)
		Usr 0 00:45:27, Sys 0 00:00:21  -  Run Remote Usage
		Usr 0 00:00:00, Sys 0 00:00:00  -  Run Local Usage
		Usr 0 00:45:27, Sys 0 00:00:21  -  Total Remote Usage
		Usr 0 00:00:00, Sys 0 00:00:00  -  Total Local Usage
	8155  -  Run Bytes Sent By Job
	10428  -  Run Bytes Received By Job
	8155  -  Total Bytes Sent By Job
	10428  -  Total Bytes Received By Job
	Partitionable Resources :    Usage  Request Allocated 
	   Cpus                 :     0.96        1         1 
	   Disk (KB)            :    80          12      3787 
	   GPUs                 :                           0 
	   Memory (MB)          :   200        3000      3000 

	Job terminated of its own accord at 2025-02-18T00:39:21Z with exit-code 0.
...
