000 (16630220.266.000) 02/18 00:26:51 Job submitted from host: <188.185.72.155:9618?addrs=188.185.72.155-9618+[2001-1458-d00-8--100-95]-9618&alias=bigbird08.cern.ch&noUDP&sock=schedd_862983_22fa>
...
040 (16630220.266.000) 02/18 00:49:06 Started transferring input files
	Transferring to host: <188.185.210.157:9618?addrs=188.185.210.157-9618+[2001-1458-303-15--100-19]-9618&alias=b9p22p6542.cern.ch&noUDP&sock=slot1_24_4643_29d6_147720>
...
040 (16630220.266.000) 02/18 00:49:06 Finished transferring input files
...
001 (16630220.266.000) 02/18 00:49:07 Job executing on host: <188.185.210.157:9618?addrs=188.185.210.157-9618+[2001-1458-303-15--100-19]-9618&alias=b9p22p6542.cern.ch&noUDP&sock=startd_3875_8194>
	SlotName: slot1_24@b9p22p6542.cern.ch
	CondorScratchDir = "/pool/condor/dir_564661"
	Cpus = 1
	Disk = 3737
	GPUs = 0
	Memory = 3000
...
006 (16630220.266.000) 02/18 00:49:16 Image size of job updated: 86348
	85  -  MemoryUsage of job (MB)
	86348  -  ResidentSetSize of job (KB)
...
006 (16630220.266.000) 02/18 00:54:17 Image size of job updated: 178192
	175  -  MemoryUsage of job (MB)
	178192  -  ResidentSetSize of job (KB)
...
006 (16630220.266.000) 02/18 00:59:17 Image size of job updated: 183660
	180  -  MemoryUsage of job (MB)
	183660  -  ResidentSetSize of job (KB)
...
006 (16630220.266.000) 02/18 01:19:18 Image size of job updated: 189668
	186  -  MemoryUsage of job (MB)
	189668  -  ResidentSetSize of job (KB)
...
006 (16630220.266.000) 02/18 01:24:19 Image size of job updated: 191720
	188  -  MemoryUsage of job (MB)
	191720  -  ResidentSetSize of job (KB)
...
006 (16630220.266.000) 02/18 01:29:20 Image size of job updated: 196760
	193  -  MemoryUsage of job (MB)
	196760  -  ResidentSetSize of job (KB)
...
040 (16630220.266.000) 02/18 01:33:56 Started transferring output files
...
040 (16630220.266.000) 02/18 01:33:56 Finished transferring output files
...
005 (16630220.266.000) 02/18 01:33:56 Job terminated.
	(1) Normal termination (return value 0)
		Usr 0 00:42:54, Sys 0 00:00:11  -  Run Remote Usage
		Usr 0 00:00:00, Sys 0 00:00:00  -  Run Local Usage
		Usr 0 00:42:54, Sys 0 00:00:11  -  Total Remote Usage
		Usr 0 00:00:00, Sys 0 00:00:00  -  Total Local Usage
	8153  -  Run Bytes Sent By Job
	10428  -  Run Bytes Received By Job
	8153  -  Total Bytes Sent By Job
	10428  -  Total Bytes Received By Job
	Partitionable Resources :    Usage  Request Allocated 
	   Cpus                 :     0.98        1         1 
	   Disk (KB)            :    81          12      3737 
	   GPUs                 :                           0 
	   Memory (MB)          :   193        3000      3000 

	Job terminated of its own accord at 2025-02-18T00:33:56Z with exit-code 0.
...
