000 (16630220.100.000) 02/18 00:26:50 Job submitted from host: <188.185.72.155:9618?addrs=188.185.72.155-9618+[2001-1458-d00-8--100-95]-9618&alias=bigbird08.cern.ch&noUDP&sock=schedd_862983_22fa>
...
040 (16630220.100.000) 02/18 00:28:07 Started transferring input files
	Transferring to host: <188.185.196.15:9618?addrs=188.185.196.15-9618+[2001-1458-303-23--100-b]-9618&alias=b9p16p7545.cern.ch&noUDP&sock=slot1_40_4104111_3985_5031>
...
040 (16630220.100.000) 02/18 00:28:07 Finished transferring input files
...
001 (16630220.100.000) 02/18 00:28:08 Job executing on host: <188.185.196.15:9618?addrs=188.185.196.15-9618+[2001-1458-303-23--100-b]-9618&alias=b9p16p7545.cern.ch&noUDP&sock=startd_8400_47a0>
	SlotName: slot1_40@b9p16p7545.cern.ch
	CondorScratchDir = "/pool/condor/dir_1125047"
	Cpus = 1
	Disk = 3808
	GPUs = 0
	Memory = 3000
...
006 (16630220.100.000) 02/18 00:28:17 Image size of job updated: 91404
	90  -  MemoryUsage of job (MB)
	91404  -  ResidentSetSize of job (KB)
...
006 (16630220.100.000) 02/18 00:33:18 Image size of job updated: 260820
	255  -  MemoryUsage of job (MB)
	260820  -  ResidentSetSize of job (KB)
...
006 (16630220.100.000) 02/18 00:38:18 Image size of job updated: 268080
	262  -  MemoryUsage of job (MB)
	268080  -  ResidentSetSize of job (KB)
...
006 (16630220.100.000) 02/18 00:43:18 Image size of job updated: 273352
	267  -  MemoryUsage of job (MB)
	273352  -  ResidentSetSize of job (KB)
...
006 (16630220.100.000) 02/18 00:48:19 Image size of job updated: 278360
	272  -  MemoryUsage of job (MB)
	278360  -  ResidentSetSize of job (KB)
...
006 (16630220.100.000) 02/18 00:58:20 Image size of job updated: 290784
	284  -  MemoryUsage of job (MB)
	290784  -  ResidentSetSize of job (KB)
...
040 (16630220.100.000) 02/18 01:19:53 Started transferring output files
...
040 (16630220.100.000) 02/18 01:19:53 Finished transferring output files
...
005 (16630220.100.000) 02/18 01:19:53 Job terminated.
	(1) Normal termination (return value 0)
		Usr 0 00:48:43, Sys 0 00:00:08  -  Run Remote Usage
		Usr 0 00:00:00, Sys 0 00:00:00  -  Run Local Usage
		Usr 0 00:48:43, Sys 0 00:00:08  -  Total Remote Usage
		Usr 0 00:00:00, Sys 0 00:00:00  -  Total Local Usage
	8153  -  Run Bytes Sent By Job
	10428  -  Run Bytes Received By Job
	8153  -  Total Bytes Sent By Job
	10428  -  Total Bytes Received By Job
	Partitionable Resources :    Usage  Request Allocated 
	   Cpus                 :     0.99        1         1 
	   Disk (KB)            :    80          12      3808 
	   GPUs                 :                           0 
	   Memory (MB)          :   284        3000      3000 

	Job terminated of its own accord at 2025-02-18T00:19:53Z with exit-code 0.
...
