000 (16630220.018.000) 02/18 00:26:50 Job submitted from host: <188.185.72.155:9618?addrs=188.185.72.155-9618+[2001-1458-d00-8--100-95]-9618&alias=bigbird08.cern.ch&noUDP&sock=schedd_862983_22fa>
...
040 (16630220.018.000) 02/18 00:27:37 Started transferring input files
	Transferring to host: <128.142.131.137:9618?addrs=128.142.131.137-9618+[2001-1458-301-59--100-7d]-9618&alias=b9g11p0028.cern.ch&noUDP&sock=slot1_21_2642700_f842_49827>
...
040 (16630220.018.000) 02/18 00:27:37 Finished transferring input files
...
001 (16630220.018.000) 02/18 00:27:38 Job executing on host: <128.142.131.137:9618?addrs=128.142.131.137-9618+[2001-1458-301-59--100-7d]-9618&alias=b9g11p0028.cern.ch&noUDP&sock=startd_2656_5fa1>
	SlotName: slot1_21@b9g11p0028.cern.ch
	CondorScratchDir = "/pool/condor/dir_1131249"
	Cpus = 1
	Disk = 2631
	GPUs = 0
	Memory = 3000
...
006 (16630220.018.000) 02/18 00:27:46 Image size of job updated: 2932
	3  -  MemoryUsage of job (MB)
	2932  -  ResidentSetSize of job (KB)
...
006 (16630220.018.000) 02/18 00:32:46 Image size of job updated: 917296
	896  -  MemoryUsage of job (MB)
	917296  -  ResidentSetSize of job (KB)
...
006 (16630220.018.000) 02/18 00:37:47 Image size of job updated: 957668
	936  -  MemoryUsage of job (MB)
	957668  -  ResidentSetSize of job (KB)
...
006 (16630220.018.000) 02/18 00:42:47 Image size of job updated: 962896
	941  -  MemoryUsage of job (MB)
	962896  -  ResidentSetSize of job (KB)
...
006 (16630220.018.000) 02/18 00:47:47 Image size of job updated: 968604
	946  -  MemoryUsage of job (MB)
	968604  -  ResidentSetSize of job (KB)
...
006 (16630220.018.000) 02/18 00:52:48 Image size of job updated: 970524
	948  -  MemoryUsage of job (MB)
	970524  -  ResidentSetSize of job (KB)
...
006 (16630220.018.000) 02/18 00:57:49 Image size of job updated: 971348
	949  -  MemoryUsage of job (MB)
	971348  -  ResidentSetSize of job (KB)
...
040 (16630220.018.000) 02/18 01:30:43 Started transferring output files
...
040 (16630220.018.000) 02/18 01:30:43 Finished transferring output files
...
005 (16630220.018.000) 02/18 01:30:43 Job terminated.
	(1) Normal termination (return value 0)
		Usr 0 00:59:37, Sys 0 00:00:05  -  Run Remote Usage
		Usr 0 00:00:00, Sys 0 00:00:00  -  Run Local Usage
		Usr 0 00:59:37, Sys 0 00:00:05  -  Total Remote Usage
		Usr 0 00:00:00, Sys 0 00:00:00  -  Total Local Usage
	8152  -  Run Bytes Sent By Job
	10428  -  Run Bytes Received By Job
	8152  -  Total Bytes Sent By Job
	10428  -  Total Bytes Received By Job
	Partitionable Resources :    Usage  Request Allocated 
	   Cpus                 :     0.99        1         1 
	   Disk (KB)            :    81          12      2631 
	   GPUs                 :                           0 
	   Memory (MB)          :   949        3000      3000 

	Job terminated of its own accord at 2025-02-18T00:30:43Z with exit-code 0.
...
