000 (16630220.076.000) 02/18 00:26:50 Job submitted from host: <188.185.72.155:9618?addrs=188.185.72.155-9618+[2001-1458-d00-8--100-95]-9618&alias=bigbird08.cern.ch&noUDP&sock=schedd_862983_22fa>
...
040 (16630220.076.000) 02/18 00:27:56 Started transferring input files
	Transferring to host: <128.142.192.136:9618?addrs=128.142.192.136-9618+[2001-1458-301-56--100-4]-9618&alias=b9g18p1082.cern.ch&noUDP&sock=slot1_17_11504_5bcd_78090>
...
040 (16630220.076.000) 02/18 00:27:56 Finished transferring input files
...
001 (16630220.076.000) 02/18 00:27:57 Job executing on host: <128.142.192.136:9618?addrs=128.142.192.136-9618+[2001-1458-301-56--100-4]-9618&alias=b9g18p1082.cern.ch&noUDP&sock=startd_11454_11dc>
	SlotName: slot1_17@b9g18p1082.cern.ch
	CondorScratchDir = "/pool/condor/dir_3022741"
	Cpus = 1
	Disk = 3797
	GPUs = 0
	Memory = 3000
...
006 (16630220.076.000) 02/18 00:28:06 Image size of job updated: 97452
	96  -  MemoryUsage of job (MB)
	97452  -  ResidentSetSize of job (KB)
...
006 (16630220.076.000) 02/18 00:33:07 Image size of job updated: 285624
	279  -  MemoryUsage of job (MB)
	285624  -  ResidentSetSize of job (KB)
...
006 (16630220.076.000) 02/18 00:38:07 Image size of job updated: 326884
	320  -  MemoryUsage of job (MB)
	326884  -  ResidentSetSize of job (KB)
...
006 (16630220.076.000) 02/18 00:43:07 Image size of job updated: 330564
	323  -  MemoryUsage of job (MB)
	330564  -  ResidentSetSize of job (KB)
...
006 (16630220.076.000) 02/18 00:48:08 Image size of job updated: 335532
	328  -  MemoryUsage of job (MB)
	335532  -  ResidentSetSize of job (KB)
...
006 (16630220.076.000) 02/18 00:53:09 Image size of job updated: 338060
	331  -  MemoryUsage of job (MB)
	338060  -  ResidentSetSize of job (KB)
...
006 (16630220.076.000) 02/18 00:58:09 Image size of job updated: 340092
	333  -  MemoryUsage of job (MB)
	340092  -  ResidentSetSize of job (KB)
...
040 (16630220.076.000) 02/18 01:32:42 Started transferring output files
...
040 (16630220.076.000) 02/18 01:32:42 Finished transferring output files
...
005 (16630220.076.000) 02/18 01:32:42 Job terminated.
	(1) Normal termination (return value 0)
		Usr 0 01:01:01, Sys 0 00:00:11  -  Run Remote Usage
		Usr 0 00:00:00, Sys 0 00:00:00  -  Run Local Usage
		Usr 0 01:01:01, Sys 0 00:00:11  -  Total Remote Usage
		Usr 0 00:00:00, Sys 0 00:00:00  -  Total Local Usage
	8152  -  Run Bytes Sent By Job
	10428  -  Run Bytes Received By Job
	8152  -  Total Bytes Sent By Job
	10428  -  Total Bytes Received By Job
	Partitionable Resources :    Usage  Request Allocated 
	   Cpus                 :     0.95        1         1 
	   Disk (KB)            :    80          12      3797 
	   GPUs                 :                           0 
	   Memory (MB)          :   333        3000      3000 

	Job terminated of its own accord at 2025-02-18T00:32:42Z with exit-code 0.
...
