000 (16630220.465.000) 02/18 00:26:51 Job submitted from host: <188.185.72.155:9618?addrs=188.185.72.155-9618+[2001-1458-d00-8--100-95]-9618&alias=bigbird08.cern.ch&noUDP&sock=schedd_862983_22fa>
...
040 (16630220.465.000) 02/18 00:52:56 Started transferring input files
	Transferring to host: <188.185.213.157:9618?addrs=188.185.213.157-9618+[2001-1458-303-1b--100-19]-9618&alias=b9p28p0960.cern.ch&noUDP&sock=slot1_10_3790982_8468_87586>
...
040 (16630220.465.000) 02/18 00:52:56 Finished transferring input files
...
001 (16630220.465.000) 02/18 00:52:57 Job executing on host: <188.185.213.157:9618?addrs=188.185.213.157-9618+[2001-1458-303-1b--100-19]-9618&alias=b9p28p0960.cern.ch&noUDP&sock=startd_5814_7fb7>
	SlotName: slot1_10@b9p28p0960.cern.ch
	CondorScratchDir = "/pool/condor/dir_3343867"
	Cpus = 1
	Disk = 3756
	GPUs = 0
	Memory = 3000
...
006 (16630220.465.000) 02/18 00:53:05 Image size of job updated: 471208
	461  -  MemoryUsage of job (MB)
	471208  -  ResidentSetSize of job (KB)
...
006 (16630220.465.000) 02/18 00:58:05 Image size of job updated: 1206096
	1178  -  MemoryUsage of job (MB)
	1206096  -  ResidentSetSize of job (KB)
...
040 (16630220.465.000) 02/18 01:33:22 Started transferring output files
...
040 (16630220.465.000) 02/18 01:33:22 Finished transferring output files
...
005 (16630220.465.000) 02/18 01:33:22 Job terminated.
	(1) Normal termination (return value 0)
		Usr 0 00:38:10, Sys 0 00:00:16  -  Run Remote Usage
		Usr 0 00:00:00, Sys 0 00:00:00  -  Run Local Usage
		Usr 0 00:38:10, Sys 0 00:00:16  -  Total Remote Usage
		Usr 0 00:00:00, Sys 0 00:00:00  -  Total Local Usage
	8155  -  Run Bytes Sent By Job
	10428  -  Run Bytes Received By Job
	8155  -  Total Bytes Sent By Job
	10428  -  Total Bytes Received By Job
	Partitionable Resources :    Usage  Request Allocated 
	   Cpus                 :     0.98        1         1 
	   Disk (KB)            :    80          12      3756 
	   GPUs                 :                           0 
	   Memory (MB)          :  1178        3000      3000 

	Job terminated of its own accord at 2025-02-18T00:33:22Z with exit-code 0.
...
