000 (16630220.182.000) 02/18 00:26:50 Job submitted from host: <188.185.72.155:9618?addrs=188.185.72.155-9618+[2001-1458-d00-8--100-95]-9618&alias=bigbird08.cern.ch&noUDP&sock=schedd_862983_22fa>
...
040 (16630220.182.000) 02/18 00:48:12 Started transferring input files
	Transferring to host: <188.185.195.103:9618?addrs=188.185.195.103-9618+[2001-1458-303-22--100-63]-9618&alias=b9p17p7284.cern.ch&noUDP&sock=slot1_10_584775_a37d_14762>
...
040 (16630220.182.000) 02/18 00:48:12 Finished transferring input files
...
001 (16630220.182.000) 02/18 00:48:13 Job executing on host: <188.185.195.103:9618?addrs=188.185.195.103-9618+[2001-1458-303-22--100-63]-9618&alias=b9p17p7284.cern.ch&noUDP&sock=startd_7746_b0b0>
	SlotName: slot1_10@b9p17p7284.cern.ch
	CondorScratchDir = "/pool/condor/dir_2745482"
	Cpus = 1
	Disk = 3871
	GPUs = 0
	Memory = 3000
...
006 (16630220.182.000) 02/18 00:48:22 Image size of job updated: 3612
	4  -  MemoryUsage of job (MB)
	3612  -  ResidentSetSize of job (KB)
...
006 (16630220.182.000) 02/18 00:53:23 Image size of job updated: 1217456
	1189  -  MemoryUsage of job (MB)
	1217456  -  ResidentSetSize of job (KB)
...
006 (16630220.182.000) 02/18 00:58:23 Image size of job updated: 1254168
	1225  -  MemoryUsage of job (MB)
	1254168  -  ResidentSetSize of job (KB)
...
040 (16630220.182.000) 02/18 01:42:23 Started transferring output files
...
040 (16630220.182.000) 02/18 01:42:23 Finished transferring output files
...
005 (16630220.182.000) 02/18 01:42:23 Job terminated.
	(1) Normal termination (return value 0)
		Usr 0 00:52:04, Sys 0 00:00:05  -  Run Remote Usage
		Usr 0 00:00:00, Sys 0 00:00:00  -  Run Local Usage
		Usr 0 00:52:04, Sys 0 00:00:05  -  Total Remote Usage
		Usr 0 00:00:00, Sys 0 00:00:00  -  Total Local Usage
	8155  -  Run Bytes Sent By Job
	10428  -  Run Bytes Received By Job
	8155  -  Total Bytes Sent By Job
	10428  -  Total Bytes Received By Job
	Partitionable Resources :    Usage  Request Allocated 
	   Cpus                 :     0.99        1         1 
	   Disk (KB)            :    81          12      3871 
	   GPUs                 :                           0 
	   Memory (MB)          :  1225        3000      3000 

	Job terminated of its own accord at 2025-02-18T00:42:23Z with exit-code 0.
...
