000 (16630220.414.000) 02/18 00:26:51 Job submitted from host: <188.185.72.155:9618?addrs=188.185.72.155-9618+[2001-1458-d00-8--100-95]-9618&alias=bigbird08.cern.ch&noUDP&sock=schedd_862983_22fa>
...
040 (16630220.414.000) 02/18 00:50:02 Started transferring input files
	Transferring to host: <188.185.196.15:9618?addrs=188.185.196.15-9618+[2001-1458-303-23--100-b]-9618&alias=b9p16p7545.cern.ch&noUDP&sock=slot1_41_4104111_3985_5050>
...
040 (16630220.414.000) 02/18 00:50:02 Finished transferring input files
...
001 (16630220.414.000) 02/18 00:50:03 Job executing on host: <188.185.196.15:9618?addrs=188.185.196.15-9618+[2001-1458-303-23--100-b]-9618&alias=b9p16p7545.cern.ch&noUDP&sock=startd_8400_47a0>
	SlotName: slot1_41@b9p16p7545.cern.ch
	CondorScratchDir = "/pool/condor/dir_1162384"
	Cpus = 1
	Disk = 3776
	GPUs = 0
	Memory = 3000
...
006 (16630220.414.000) 02/18 00:50:12 Image size of job updated: 99660
	98  -  MemoryUsage of job (MB)
	99660  -  ResidentSetSize of job (KB)
...
006 (16630220.414.000) 02/18 00:55:13 Image size of job updated: 125460
	123  -  MemoryUsage of job (MB)
	125460  -  ResidentSetSize of job (KB)
...
006 (16630220.414.000) 02/18 01:00:13 Image size of job updated: 165432
	162  -  MemoryUsage of job (MB)
	165432  -  ResidentSetSize of job (KB)
...
006 (16630220.414.000) 02/18 01:05:13 Image size of job updated: 169836
	166  -  MemoryUsage of job (MB)
	169836  -  ResidentSetSize of job (KB)
...
006 (16630220.414.000) 02/18 01:10:14 Image size of job updated: 175316
	172  -  MemoryUsage of job (MB)
	175316  -  ResidentSetSize of job (KB)
...
006 (16630220.414.000) 02/18 01:15:15 Image size of job updated: 177380
	174  -  MemoryUsage of job (MB)
	177380  -  ResidentSetSize of job (KB)
...
006 (16630220.414.000) 02/18 01:25:16 Image size of job updated: 196436
	192  -  MemoryUsage of job (MB)
	196436  -  ResidentSetSize of job (KB)
...
006 (16630220.414.000) 02/18 01:30:17 Image size of job updated: 198488
	194  -  MemoryUsage of job (MB)
	198488  -  ResidentSetSize of job (KB)
...
006 (16630220.414.000) 02/18 01:35:17 Image size of job updated: 200720
	197  -  MemoryUsage of job (MB)
	200720  -  ResidentSetSize of job (KB)
...
006 (16630220.414.000) 02/18 01:40:17 Image size of job updated: 204292
	200  -  MemoryUsage of job (MB)
	204292  -  ResidentSetSize of job (KB)
...
040 (16630220.414.000) 02/18 01:46:36 Started transferring output files
...
040 (16630220.414.000) 02/18 01:46:36 Finished transferring output files
...
005 (16630220.414.000) 02/18 01:46:36 Job terminated.
	(1) Normal termination (return value 0)
		Usr 0 00:55:41, Sys 0 00:00:04  -  Run Remote Usage
		Usr 0 00:00:00, Sys 0 00:00:00  -  Run Local Usage
		Usr 0 00:55:41, Sys 0 00:00:04  -  Total Remote Usage
		Usr 0 00:00:00, Sys 0 00:00:00  -  Total Local Usage
	8155  -  Run Bytes Sent By Job
	10428  -  Run Bytes Received By Job
	8155  -  Total Bytes Sent By Job
	10428  -  Total Bytes Received By Job
	Partitionable Resources :    Usage  Request Allocated 
	   Cpus                 :     0.99        1         1 
	   Disk (KB)            :    80          12      3776 
	   GPUs                 :                           0 
	   Memory (MB)          :   200        3000      3000 

	Job terminated of its own accord at 2025-02-18T00:46:36Z with exit-code 0.
...
