000 (16630220.344.000) 02/18 00:26:51 Job submitted from host: <188.185.72.155:9618?addrs=188.185.72.155-9618+[2001-1458-d00-8--100-95]-9618&alias=bigbird08.cern.ch&noUDP&sock=schedd_862983_22fa>
...
040 (16630220.344.000) 02/18 00:49:35 Started transferring input files
	Transferring to host: <188.185.198.112:9618?addrs=188.185.198.112-9618+[2001-1458-303-25--100-6c]-9618&alias=b9p15p6955.cern.ch&noUDP&sock=slot1_25_657799_a716_12342>
...
040 (16630220.344.000) 02/18 00:49:35 Finished transferring input files
...
001 (16630220.344.000) 02/18 00:49:36 Job executing on host: <188.185.198.112:9618?addrs=188.185.198.112-9618+[2001-1458-303-25--100-6c]-9618&alias=b9p15p6955.cern.ch&noUDP&sock=startd_9415_7c41>
	SlotName: slot1_25@b9p15p6955.cern.ch
	CondorScratchDir = "/pool/condor/dir_111179"
	Cpus = 1
	Disk = 3896
	GPUs = 0
	Memory = 3000
...
006 (16630220.344.000) 02/18 00:49:45 Image size of job updated: 86580
	85  -  MemoryUsage of job (MB)
	86580  -  ResidentSetSize of job (KB)
...
006 (16630220.344.000) 02/18 00:54:46 Image size of job updated: 124608
	122  -  MemoryUsage of job (MB)
	124608  -  ResidentSetSize of job (KB)
...
006 (16630220.344.000) 02/18 00:59:47 Image size of job updated: 166760
	163  -  MemoryUsage of job (MB)
	166760  -  ResidentSetSize of job (KB)
...
006 (16630220.344.000) 02/18 01:04:47 Image size of job updated: 172336
	169  -  MemoryUsage of job (MB)
	172336  -  ResidentSetSize of job (KB)
...
006 (16630220.344.000) 02/18 01:09:48 Image size of job updated: 174608
	171  -  MemoryUsage of job (MB)
	174608  -  ResidentSetSize of job (KB)
...
006 (16630220.344.000) 02/18 01:14:49 Image size of job updated: 177404
	174  -  MemoryUsage of job (MB)
	177404  -  ResidentSetSize of job (KB)
...
006 (16630220.344.000) 02/18 01:24:49 Image size of job updated: 184948
	181  -  MemoryUsage of job (MB)
	184948  -  ResidentSetSize of job (KB)
...
006 (16630220.344.000) 02/18 01:29:50 Image size of job updated: 190880
	187  -  MemoryUsage of job (MB)
	190880  -  ResidentSetSize of job (KB)
...
006 (16630220.344.000) 02/18 01:34:50 Image size of job updated: 193068
	189  -  MemoryUsage of job (MB)
	193068  -  ResidentSetSize of job (KB)
...
006 (16630220.344.000) 02/18 01:39:50 Image size of job updated: 195304
	191  -  MemoryUsage of job (MB)
	195304  -  ResidentSetSize of job (KB)
...
006 (16630220.344.000) 02/18 01:44:51 Image size of job updated: 198844
	195  -  MemoryUsage of job (MB)
	198844  -  ResidentSetSize of job (KB)
...
040 (16630220.344.000) 02/18 01:48:22 Started transferring output files
...
040 (16630220.344.000) 02/18 01:48:22 Finished transferring output files
...
005 (16630220.344.000) 02/18 01:48:22 Job terminated.
	(1) Normal termination (return value 0)
		Usr 0 00:56:56, Sys 0 00:00:08  -  Run Remote Usage
		Usr 0 00:00:00, Sys 0 00:00:00  -  Run Local Usage
		Usr 0 00:56:56, Sys 0 00:00:08  -  Total Remote Usage
		Usr 0 00:00:00, Sys 0 00:00:00  -  Total Local Usage
	8153  -  Run Bytes Sent By Job
	10428  -  Run Bytes Received By Job
	8153  -  Total Bytes Sent By Job
	10428  -  Total Bytes Received By Job
	Partitionable Resources :    Usage  Request Allocated 
	   Cpus                 :     0.99        1         1 
	   Disk (KB)            :    81          12      3896 
	   GPUs                 :                           0 
	   Memory (MB)          :   195        3000      3000 

	Job terminated of its own accord at 2025-02-18T00:48:22Z with exit-code 0.
...
