000 (16630220.155.000) 02/18 00:26:50 Job submitted from host: <188.185.72.155:9618?addrs=188.185.72.155-9618+[2001-1458-d00-8--100-95]-9618&alias=bigbird08.cern.ch&noUDP&sock=schedd_862983_22fa>
...
040 (16630220.155.000) 02/18 00:48:04 Started transferring input files
	Transferring to host: <128.142.132.146:9618?addrs=128.142.132.146-9618+[2001-1458-301-5a--100-86]-9618&alias=b9g12p4617.cern.ch&noUDP&sock=slot1_22_2059576_5c21_77070>
...
040 (16630220.155.000) 02/18 00:48:04 Finished transferring input files
...
001 (16630220.155.000) 02/18 00:48:05 Job executing on host: <128.142.132.146:9618?addrs=128.142.132.146-9618+[2001-1458-301-5a--100-86]-9618&alias=b9g12p4617.cern.ch&noUDP&sock=startd_2443_45f5>
	SlotName: slot1_22@b9g12p4617.cern.ch
	CondorScratchDir = "/pool/condor/dir_1654994"
	Cpus = 1
	Disk = 2658
	GPUs = 0
	Memory = 3000
...
006 (16630220.155.000) 02/18 00:48:14 Image size of job updated: 378296
	370  -  MemoryUsage of job (MB)
	378296  -  ResidentSetSize of job (KB)
...
006 (16630220.155.000) 02/18 00:53:15 Image size of job updated: 1205004
	1177  -  MemoryUsage of job (MB)
	1205004  -  ResidentSetSize of job (KB)
...
006 (16630220.155.000) 02/18 00:58:16 Image size of job updated: 1241648
	1213  -  MemoryUsage of job (MB)
	1241648  -  ResidentSetSize of job (KB)
...
040 (16630220.155.000) 02/18 01:47:36 Started transferring output files
...
040 (16630220.155.000) 02/18 01:47:36 Finished transferring output files
...
005 (16630220.155.000) 02/18 01:47:36 Job terminated.
	(1) Normal termination (return value 0)
		Usr 0 00:57:49, Sys 0 00:00:08  -  Run Remote Usage
		Usr 0 00:00:00, Sys 0 00:00:00  -  Run Local Usage
		Usr 0 00:57:49, Sys 0 00:00:08  -  Total Remote Usage
		Usr 0 00:00:00, Sys 0 00:00:00  -  Total Local Usage
	8153  -  Run Bytes Sent By Job
	10428  -  Run Bytes Received By Job
	8153  -  Total Bytes Sent By Job
	10428  -  Total Bytes Received By Job
	Partitionable Resources :    Usage  Request Allocated 
	   Cpus                 :     0.99        1         1 
	   Disk (KB)            :    80          12      2658 
	   GPUs                 :                           0 
	   Memory (MB)          :  1213        3000      3000 

	Job terminated of its own accord at 2025-02-18T00:47:36Z with exit-code 0.
...
