000 (16630220.293.000) 02/18 00:26:51 Job submitted from host: <188.185.72.155:9618?addrs=188.185.72.155-9618+[2001-1458-d00-8--100-95]-9618&alias=bigbird08.cern.ch&noUDP&sock=schedd_862983_22fa>
...
040 (16630220.293.000) 02/18 00:49:19 Started transferring input files
	Transferring to host: <188.185.192.138:9618?addrs=188.185.192.138-9618+[2001-1458-303-1f--100-86]-9618&alias=b9p13p9939.cern.ch&noUDP&sock=slot1_5_1547747_86f4_12897>
...
040 (16630220.293.000) 02/18 00:49:19 Finished transferring input files
...
001 (16630220.293.000) 02/18 00:49:20 Job executing on host: <188.185.192.138:9618?addrs=188.185.192.138-9618+[2001-1458-303-1f--100-86]-9618&alias=b9p13p9939.cern.ch&noUDP&sock=startd_5604_74d3>
	SlotName: slot1_5@b9p13p9939.cern.ch
	CondorScratchDir = "/pool/condor/dir_1633005"
	Cpus = 1
	Disk = 3880
	GPUs = 0
	Memory = 3000
...
006 (16630220.293.000) 02/18 00:49:29 Image size of job updated: 482744
	472  -  MemoryUsage of job (MB)
	482744  -  ResidentSetSize of job (KB)
...
006 (16630220.293.000) 02/18 00:54:30 Image size of job updated: 1246388
	1218  -  MemoryUsage of job (MB)
	1246388  -  ResidentSetSize of job (KB)
...
006 (16630220.293.000) 02/18 00:59:31 Image size of job updated: 1254904
	1226  -  MemoryUsage of job (MB)
	1254904  -  ResidentSetSize of job (KB)
...
040 (16630220.293.000) 02/18 01:29:59 Started transferring output files
...
040 (16630220.293.000) 02/18 01:29:59 Finished transferring output files
...
005 (16630220.293.000) 02/18 01:29:59 Job terminated.
	(1) Normal termination (return value 0)
		Usr 0 00:39:06, Sys 0 00:00:06  -  Run Remote Usage
		Usr 0 00:00:00, Sys 0 00:00:00  -  Run Local Usage
		Usr 0 00:39:06, Sys 0 00:00:06  -  Total Remote Usage
		Usr 0 00:00:00, Sys 0 00:00:00  -  Total Local Usage
	8155  -  Run Bytes Sent By Job
	10428  -  Run Bytes Received By Job
	8155  -  Total Bytes Sent By Job
	10428  -  Total Bytes Received By Job
	Partitionable Resources :    Usage  Request Allocated 
	   Cpus                 :     0.99        1         1 
	   Disk (KB)            :    81          12      3880 
	   GPUs                 :                           0 
	   Memory (MB)          :  1226        3000      3000 

	Job terminated of its own accord at 2025-02-18T00:29:59Z with exit-code 0.
...
