000 (16630220.380.000) 02/18 00:26:51 Job submitted from host: <188.185.72.155:9618?addrs=188.185.72.155-9618+[2001-1458-d00-8--100-95]-9618&alias=bigbird08.cern.ch&noUDP&sock=schedd_862983_22fa>
...
040 (16630220.380.000) 02/18 00:49:47 Started transferring input files
	Transferring to host: <188.185.214.18:9618?addrs=188.185.214.18-9618+[2001-1458-303-1c--100-e]-9618&alias=b9p29p4113.cern.ch&noUDP&sock=slot1_25_5982_9c2c_149974>
...
040 (16630220.380.000) 02/18 00:49:47 Finished transferring input files
...
001 (16630220.380.000) 02/18 00:49:48 Job executing on host: <188.185.214.18:9618?addrs=188.185.214.18-9618+[2001-1458-303-1c--100-e]-9618&alias=b9p29p4113.cern.ch&noUDP&sock=startd_4634_1df6>
	SlotName: slot1_25@b9p29p4113.cern.ch
	CondorScratchDir = "/pool/condor/dir_1767899"
	Cpus = 1
	Disk = 3727
	GPUs = 0
	Memory = 3000
...
006 (16630220.380.000) 02/18 00:49:57 Image size of job updated: 125764
	123  -  MemoryUsage of job (MB)
	125764  -  ResidentSetSize of job (KB)
...
006 (16630220.380.000) 02/18 00:54:57 Image size of job updated: 287080
	281  -  MemoryUsage of job (MB)
	287080  -  ResidentSetSize of job (KB)
...
006 (16630220.380.000) 02/18 00:59:57 Image size of job updated: 293456
	287  -  MemoryUsage of job (MB)
	293456  -  ResidentSetSize of job (KB)
...
040 (16630220.380.000) 02/18 01:30:28 Started transferring output files
...
040 (16630220.380.000) 02/18 01:30:28 Finished transferring output files
...
005 (16630220.380.000) 02/18 01:30:28 Job terminated.
	(1) Normal termination (return value 0)
		Usr 0 00:39:08, Sys 0 00:00:09  -  Run Remote Usage
		Usr 0 00:00:00, Sys 0 00:00:00  -  Run Local Usage
		Usr 0 00:39:08, Sys 0 00:00:09  -  Total Remote Usage
		Usr 0 00:00:00, Sys 0 00:00:00  -  Total Local Usage
	8155  -  Run Bytes Sent By Job
	10428  -  Run Bytes Received By Job
	8155  -  Total Bytes Sent By Job
	10428  -  Total Bytes Received By Job
	Partitionable Resources :    Usage  Request Allocated 
	   Cpus                 :     0.99        1         1 
	   Disk (KB)            :    81          12      3727 
	   GPUs                 :                           0 
	   Memory (MB)          :   287        3000      3000 

	Job terminated of its own accord at 2025-02-18T00:30:28Z with exit-code 0.
...
