000 (16630220.023.000) 02/18 00:26:50 Job submitted from host: <188.185.72.155:9618?addrs=188.185.72.155-9618+[2001-1458-d00-8--100-95]-9618&alias=bigbird08.cern.ch&noUDP&sock=schedd_862983_22fa>
...
040 (16630220.023.000) 02/18 00:27:40 Started transferring input files
	Transferring to host: <188.185.193.22:9618?addrs=188.185.193.22-9618+[2001-1458-303-20--100-12]-9618&alias=b9p19p8107.cern.ch&noUDP&sock=slot1_24_1821583_c2f3_55771>
...
040 (16630220.023.000) 02/18 00:27:40 Finished transferring input files
...
001 (16630220.023.000) 02/18 00:27:41 Job executing on host: <188.185.193.22:9618?addrs=188.185.193.22-9618+[2001-1458-303-20--100-12]-9618&alias=b9p19p8107.cern.ch&noUDP&sock=startd_7392_e029>
	SlotName: slot1_24@b9p19p8107.cern.ch
	CondorScratchDir = "/pool/condor/dir_1609367"
	Cpus = 1
	Disk = 3867
	GPUs = 0
	Memory = 3000
...
006 (16630220.023.000) 02/18 00:27:50 Image size of job updated: 199048
	195  -  MemoryUsage of job (MB)
	199048  -  ResidentSetSize of job (KB)
...
006 (16630220.023.000) 02/18 00:32:51 Image size of job updated: 704712
	689  -  MemoryUsage of job (MB)
	704712  -  ResidentSetSize of job (KB)
...
006 (16630220.023.000) 02/18 00:37:52 Image size of job updated: 712752
	697  -  MemoryUsage of job (MB)
	712752  -  ResidentSetSize of job (KB)
...
006 (16630220.023.000) 02/18 00:42:52 Image size of job updated: 718536
	702  -  MemoryUsage of job (MB)
	718536  -  ResidentSetSize of job (KB)
...
006 (16630220.023.000) 02/18 00:52:53 Image size of job updated: 723116
	707  -  MemoryUsage of job (MB)
	723116  -  ResidentSetSize of job (KB)
...
006 (16630220.023.000) 02/18 00:57:53 Image size of job updated: 725936
	709  -  MemoryUsage of job (MB)
	725936  -  ResidentSetSize of job (KB)
...
040 (16630220.023.000) 02/18 01:14:33 Started transferring output files
...
040 (16630220.023.000) 02/18 01:14:33 Finished transferring output files
...
005 (16630220.023.000) 02/18 01:14:33 Job terminated.
	(1) Normal termination (return value 0)
		Usr 0 00:42:51, Sys 0 00:00:05  -  Run Remote Usage
		Usr 0 00:00:00, Sys 0 00:00:00  -  Run Local Usage
		Usr 0 00:42:51, Sys 0 00:00:05  -  Total Remote Usage
		Usr 0 00:00:00, Sys 0 00:00:00  -  Total Local Usage
	8152  -  Run Bytes Sent By Job
	10428  -  Run Bytes Received By Job
	8152  -  Total Bytes Sent By Job
	10428  -  Total Bytes Received By Job
	Partitionable Resources :    Usage  Request Allocated 
	   Cpus                 :     0.99        1         1 
	   Disk (KB)            :    81          12      3867 
	   GPUs                 :                           0 
	   Memory (MB)          :   709        3000      3000 

	Job terminated of its own accord at 2025-02-18T00:14:33Z with exit-code 0.
...
