000 (16630220.227.000) 02/18 00:26:51 Job submitted from host: <188.185.72.155:9618?addrs=188.185.72.155-9618+[2001-1458-d00-8--100-95]-9618&alias=bigbird08.cern.ch&noUDP&sock=schedd_862983_22fa>
...
040 (16630220.227.000) 02/18 00:48:42 Started transferring input files
	Transferring to host: <128.142.240.11:9618?addrs=128.142.240.11-9618+[2001-1458-301-11--100-b]-9618&alias=b9g29p5557.cern.ch&noUDP&sock=slot1_19_802119_2603_87625>
...
040 (16630220.227.000) 02/18 00:48:42 Finished transferring input files
...
001 (16630220.227.000) 02/18 00:48:52 Job executing on host: <128.142.240.11:9618?addrs=128.142.240.11-9618+[2001-1458-301-11--100-b]-9618&alias=b9g29p5557.cern.ch&noUDP&sock=startd_5805_535c>
	SlotName: slot1_19@b9g29p5557.cern.ch
	CondorScratchDir = "/pool/condor/dir_1535301"
	Cpus = 1
	Disk = 3819
	GPUs = 0
	Memory = 3000
...
006 (16630220.227.000) 02/18 00:49:01 Image size of job updated: 108116
	106  -  MemoryUsage of job (MB)
	108116  -  ResidentSetSize of job (KB)
...
006 (16630220.227.000) 02/18 00:54:02 Image size of job updated: 163876
	161  -  MemoryUsage of job (MB)
	163876  -  ResidentSetSize of job (KB)
...
006 (16630220.227.000) 02/18 00:59:03 Image size of job updated: 167976
	165  -  MemoryUsage of job (MB)
	167976  -  ResidentSetSize of job (KB)
...
006 (16630220.227.000) 02/18 01:04:03 Image size of job updated: 176868
	173  -  MemoryUsage of job (MB)
	176868  -  ResidentSetSize of job (KB)
...
006 (16630220.227.000) 02/18 01:14:04 Image size of job updated: 190260
	186  -  MemoryUsage of job (MB)
	190260  -  ResidentSetSize of job (KB)
...
006 (16630220.227.000) 02/18 01:19:04 Image size of job updated: 195172
	191  -  MemoryUsage of job (MB)
	195172  -  ResidentSetSize of job (KB)
...
006 (16630220.227.000) 02/18 01:24:04 Image size of job updated: 198516
	194  -  MemoryUsage of job (MB)
	198516  -  ResidentSetSize of job (KB)
...
040 (16630220.227.000) 02/18 01:28:11 Started transferring output files
...
040 (16630220.227.000) 02/18 01:28:11 Finished transferring output files
...
005 (16630220.227.000) 02/18 01:28:11 Job terminated.
	(1) Normal termination (return value 0)
		Usr 0 00:38:24, Sys 0 00:00:04  -  Run Remote Usage
		Usr 0 00:00:00, Sys 0 00:00:00  -  Run Local Usage
		Usr 0 00:38:24, Sys 0 00:00:04  -  Total Remote Usage
		Usr 0 00:00:00, Sys 0 00:00:00  -  Total Local Usage
	8155  -  Run Bytes Sent By Job
	10428  -  Run Bytes Received By Job
	8155  -  Total Bytes Sent By Job
	10428  -  Total Bytes Received By Job
	Partitionable Resources :    Usage  Request Allocated 
	   Cpus                 :     0.97        1         1 
	   Disk (KB)            :    80          12      3819 
	   GPUs                 :                           0 
	   Memory (MB)          :   194        3000      3000 

	Job terminated of its own accord at 2025-02-18T00:28:11Z with exit-code 0.
...
