000 (16630220.193.000) 02/18 00:26:50 Job submitted from host: <188.185.72.155:9618?addrs=188.185.72.155-9618+[2001-1458-d00-8--100-95]-9618&alias=bigbird08.cern.ch&noUDP&sock=schedd_862983_22fa>
...
040 (16630220.193.000) 02/18 00:48:14 Started transferring input files
	Transferring to host: <188.185.198.180:9618?addrs=188.185.198.180-9618+[2001-1458-303-25--100-b0]-9618&alias=b9p15p8633.cern.ch&noUDP&sock=slot1_33_713049_469d_48817>
...
040 (16630220.193.000) 02/18 00:48:14 Finished transferring input files
...
001 (16630220.193.000) 02/18 00:48:22 Job executing on host: <188.185.198.180:9618?addrs=188.185.198.180-9618+[2001-1458-303-25--100-b0]-9618&alias=b9p15p8633.cern.ch&noUDP&sock=startd_7821_224a>
	SlotName: slot1_33@b9p15p8633.cern.ch
	CondorScratchDir = "/pool/condor/dir_2433533"
	Cpus = 1
	Disk = 3770
	GPUs = 0
	Memory = 3000
...
006 (16630220.193.000) 02/18 00:48:31 Image size of job updated: 93472
	92  -  MemoryUsage of job (MB)
	93472  -  ResidentSetSize of job (KB)
...
006 (16630220.193.000) 02/18 00:53:32 Image size of job updated: 180180
	176  -  MemoryUsage of job (MB)
	180180  -  ResidentSetSize of job (KB)
...
006 (16630220.193.000) 02/18 00:58:33 Image size of job updated: 216020
	211  -  MemoryUsage of job (MB)
	216020  -  ResidentSetSize of job (KB)
...
040 (16630220.193.000) 02/18 01:36:42 Started transferring output files
...
040 (16630220.193.000) 02/18 01:36:42 Finished transferring output files
...
005 (16630220.193.000) 02/18 01:36:42 Job terminated.
	(1) Normal termination (return value 0)
		Usr 0 00:47:13, Sys 0 00:00:07  -  Run Remote Usage
		Usr 0 00:00:00, Sys 0 00:00:00  -  Run Local Usage
		Usr 0 00:47:13, Sys 0 00:00:07  -  Total Remote Usage
		Usr 0 00:00:00, Sys 0 00:00:00  -  Total Local Usage
	8155  -  Run Bytes Sent By Job
	10428  -  Run Bytes Received By Job
	8155  -  Total Bytes Sent By Job
	10428  -  Total Bytes Received By Job
	Partitionable Resources :    Usage  Request Allocated 
	   Cpus                 :     0.99        1         1 
	   Disk (KB)            :    81          12      3770 
	   GPUs                 :                           0 
	   Memory (MB)          :   211        3000      3000 

	Job terminated of its own accord at 2025-02-18T00:36:42Z with exit-code 0.
...
