000 (16630220.408.000) 02/18 00:26:51 Job submitted from host: <188.185.72.155:9618?addrs=188.185.72.155-9618+[2001-1458-d00-8--100-95]-9618&alias=bigbird08.cern.ch&noUDP&sock=schedd_862983_22fa>
...
040 (16630220.408.000) 02/18 00:49:59 Started transferring input files
	Transferring to host: <188.185.198.90:9618?addrs=188.185.198.90-9618+[2001-1458-303-25--100-56]-9618&alias=b9p15p3797.cern.ch&noUDP&sock=slot1_17_2328213_6dad_47215>
...
040 (16630220.408.000) 02/18 00:49:59 Finished transferring input files
...
001 (16630220.408.000) 02/18 00:50:00 Job executing on host: <188.185.198.90:9618?addrs=188.185.198.90-9618+[2001-1458-303-25--100-56]-9618&alias=b9p15p3797.cern.ch&noUDP&sock=startd_3245542_7018>
	SlotName: slot1_17@b9p15p3797.cern.ch
	CondorScratchDir = "/pool/condor/dir_4181076"
	Cpus = 1
	Disk = 3890
	GPUs = 0
	Memory = 3000
...
006 (16630220.408.000) 02/18 00:50:08 Image size of job updated: 89696
	88  -  MemoryUsage of job (MB)
	89696  -  ResidentSetSize of job (KB)
...
006 (16630220.408.000) 02/18 00:55:08 Image size of job updated: 162732
	159  -  MemoryUsage of job (MB)
	162732  -  ResidentSetSize of job (KB)
...
006 (16630220.408.000) 02/18 01:00:09 Image size of job updated: 202484
	198  -  MemoryUsage of job (MB)
	202484  -  ResidentSetSize of job (KB)
...
040 (16630220.408.000) 02/18 01:49:32 Started transferring output files
...
040 (16630220.408.000) 02/18 01:49:32 Finished transferring output files
...
005 (16630220.408.000) 02/18 01:49:32 Job terminated.
	(1) Normal termination (return value 0)
		Usr 0 00:57:27, Sys 0 00:00:13  -  Run Remote Usage
		Usr 0 00:00:00, Sys 0 00:00:00  -  Run Local Usage
		Usr 0 00:57:27, Sys 0 00:00:13  -  Total Remote Usage
		Usr 0 00:00:00, Sys 0 00:00:00  -  Total Local Usage
	8155  -  Run Bytes Sent By Job
	10428  -  Run Bytes Received By Job
	8155  -  Total Bytes Sent By Job
	10428  -  Total Bytes Received By Job
	Partitionable Resources :    Usage  Request Allocated 
	   Cpus                 :     0.96        1         1 
	   Disk (KB)            :    81          12      3890 
	   GPUs                 :                           0 
	   Memory (MB)          :   198        3000      3000 

	Job terminated of its own accord at 2025-02-18T00:49:32Z with exit-code 0.
...
