000 (16630220.129.000) 02/18 00:26:50 Job submitted from host: <188.185.72.155:9618?addrs=188.185.72.155-9618+[2001-1458-d00-8--100-95]-9618&alias=bigbird08.cern.ch&noUDP&sock=schedd_862983_22fa>
...
040 (16630220.129.000) 02/18 00:47:52 Started transferring input files
	Transferring to host: <188.185.209.191:9618?addrs=188.185.209.191-9618+[2001-1458-303-12--100-3c]-9618&alias=b9p12p9953.cern.ch&noUDP&sock=slot1_9_2207807_824d_65250>
...
040 (16630220.129.000) 02/18 00:47:52 Finished transferring input files
...
001 (16630220.129.000) 02/18 00:47:53 Job executing on host: <188.185.209.191:9618?addrs=188.185.209.191-9618+[2001-1458-303-12--100-3c]-9618&alias=b9p12p9953.cern.ch&noUDP&sock=startd_4269_c1e4>
	SlotName: slot1_9@b9p12p9953.cern.ch
	CondorScratchDir = "/pool/condor/dir_2015993"
	Cpus = 1
	Disk = 2717
	GPUs = 0
	Memory = 3000
...
006 (16630220.129.000) 02/18 00:48:01 Image size of job updated: 509648
	498  -  MemoryUsage of job (MB)
	509648  -  ResidentSetSize of job (KB)
...
006 (16630220.129.000) 02/18 00:53:01 Image size of job updated: 1246140
	1217  -  MemoryUsage of job (MB)
	1246140  -  ResidentSetSize of job (KB)
...
006 (16630220.129.000) 02/18 00:58:02 Image size of job updated: 1255948
	1227  -  MemoryUsage of job (MB)
	1255948  -  ResidentSetSize of job (KB)
...
040 (16630220.129.000) 02/18 01:08:49 Started transferring output files
...
040 (16630220.129.000) 02/18 01:08:49 Finished transferring output files
...
005 (16630220.129.000) 02/18 01:08:49 Job terminated.
	(1) Normal termination (return value 0)
		Usr 0 00:19:51, Sys 0 00:00:04  -  Run Remote Usage
		Usr 0 00:00:00, Sys 0 00:00:00  -  Run Local Usage
		Usr 0 00:19:51, Sys 0 00:00:04  -  Total Remote Usage
		Usr 0 00:00:00, Sys 0 00:00:00  -  Total Local Usage
	8155  -  Run Bytes Sent By Job
	10428  -  Run Bytes Received By Job
	8155  -  Total Bytes Sent By Job
	10428  -  Total Bytes Received By Job
	Partitionable Resources :    Usage  Request Allocated 
	   Cpus                 :     0.99        1         1 
	   Disk (KB)            :    82          12      2717 
	   GPUs                 :                           0 
	   Memory (MB)          :  1227        3000      3000 

	Job terminated of its own accord at 2025-02-18T00:08:49Z with exit-code 0.
...
