000 (16630220.384.000) 02/18 00:26:51 Job submitted from host: <188.185.72.155:9618?addrs=188.185.72.155-9618+[2001-1458-d00-8--100-95]-9618&alias=bigbird08.cern.ch&noUDP&sock=schedd_862983_22fa>
...
040 (16630220.384.000) 02/18 00:49:48 Started transferring input files
	Transferring to host: <188.185.198.45:9618?addrs=188.185.198.45-9618+[2001-1458-303-25--100-29]-9618&alias=b9p15p6291.cern.ch&noUDP&sock=slot1_35_3836774_1fae_5817>
...
040 (16630220.384.000) 02/18 00:49:48 Finished transferring input files
...
001 (16630220.384.000) 02/18 00:49:49 Job executing on host: <188.185.198.45:9618?addrs=188.185.198.45-9618+[2001-1458-303-25--100-29]-9618&alias=b9p15p6291.cern.ch&noUDP&sock=startd_6558_d22d>
	SlotName: slot1_35@b9p15p6291.cern.ch
	CondorScratchDir = "/pool/condor/dir_215029"
	Cpus = 1
	Disk = 3738
	GPUs = 0
	Memory = 3000
...
006 (16630220.384.000) 02/18 00:49:58 Image size of job updated: 130932
	128  -  MemoryUsage of job (MB)
	130932  -  ResidentSetSize of job (KB)
...
006 (16630220.384.000) 02/18 00:54:59 Image size of job updated: 225608
	221  -  MemoryUsage of job (MB)
	225608  -  ResidentSetSize of job (KB)
...
006 (16630220.384.000) 02/18 00:59:59 Image size of job updated: 266624
	261  -  MemoryUsage of job (MB)
	266624  -  ResidentSetSize of job (KB)
...
040 (16630220.384.000) 02/18 01:41:37 Started transferring output files
...
040 (16630220.384.000) 02/18 01:41:37 Finished transferring output files
...
005 (16630220.384.000) 02/18 01:41:37 Job terminated.
	(1) Normal termination (return value 0)
		Usr 0 00:50:21, Sys 0 00:00:09  -  Run Remote Usage
		Usr 0 00:00:00, Sys 0 00:00:00  -  Run Local Usage
		Usr 0 00:50:21, Sys 0 00:00:09  -  Total Remote Usage
		Usr 0 00:00:00, Sys 0 00:00:00  -  Total Local Usage
	8155  -  Run Bytes Sent By Job
	10428  -  Run Bytes Received By Job
	8155  -  Total Bytes Sent By Job
	10428  -  Total Bytes Received By Job
	Partitionable Resources :    Usage  Request Allocated 
	   Cpus                 :     0.99        1         1 
	   Disk (KB)            :    81          12      3738 
	   GPUs                 :                           0 
	   Memory (MB)          :   261        3000      3000 

	Job terminated of its own accord at 2025-02-18T00:41:37Z with exit-code 0.
...
