000 (16630220.215.000) 02/18 00:26:51 Job submitted from host: <188.185.72.155:9618?addrs=188.185.72.155-9618+[2001-1458-d00-8--100-95]-9618&alias=bigbird08.cern.ch&noUDP&sock=schedd_862983_22fa>
...
040 (16630220.215.000) 02/18 00:48:39 Started transferring input files
	Transferring to host: <188.185.198.97:9618?addrs=188.185.198.97-9618+[2001-1458-303-25--100-5d]-9618&alias=b9p15p1520.cern.ch&noUDP&sock=slot1_33_528912_19fd_30302>
...
040 (16630220.215.000) 02/18 00:48:39 Finished transferring input files
...
001 (16630220.215.000) 02/18 00:48:41 Job executing on host: <188.185.198.97:9618?addrs=188.185.198.97-9618+[2001-1458-303-25--100-5d]-9618&alias=b9p15p1520.cern.ch&noUDP&sock=startd_9036_85dc>
	SlotName: slot1_33@b9p15p1520.cern.ch
	CondorScratchDir = "/pool/condor/dir_1729241"
	Cpus = 1
	Disk = 3845
	GPUs = 0
	Memory = 3000
...
006 (16630220.215.000) 02/18 00:48:49 Image size of job updated: 2072
	3  -  MemoryUsage of job (MB)
	2072  -  ResidentSetSize of job (KB)
...
006 (16630220.215.000) 02/18 00:53:49 Image size of job updated: 194164
	190  -  MemoryUsage of job (MB)
	194164  -  ResidentSetSize of job (KB)
...
006 (16630220.215.000) 02/18 00:58:50 Image size of job updated: 199800
	196  -  MemoryUsage of job (MB)
	199800  -  ResidentSetSize of job (KB)
...
006 (16630220.215.000) 02/18 01:33:54 Image size of job updated: 200512
	196  -  MemoryUsage of job (MB)
	200512  -  ResidentSetSize of job (KB)
...
040 (16630220.215.000) 02/18 01:37:29 Started transferring output files
...
040 (16630220.215.000) 02/18 01:37:29 Finished transferring output files
...
005 (16630220.215.000) 02/18 01:37:29 Job terminated.
	(1) Normal termination (return value 0)
		Usr 0 00:47:24, Sys 0 00:00:06  -  Run Remote Usage
		Usr 0 00:00:00, Sys 0 00:00:00  -  Run Local Usage
		Usr 0 00:47:24, Sys 0 00:00:06  -  Total Remote Usage
		Usr 0 00:00:00, Sys 0 00:00:00  -  Total Local Usage
	8155  -  Run Bytes Sent By Job
	10428  -  Run Bytes Received By Job
	8155  -  Total Bytes Sent By Job
	10428  -  Total Bytes Received By Job
	Partitionable Resources :    Usage  Request Allocated 
	   Cpus                 :     0.99        1         1 
	   Disk (KB)            :    80          12      3845 
	   GPUs                 :                           0 
	   Memory (MB)          :   196        3000      3000 

	Job terminated of its own accord at 2025-02-18T00:37:29Z with exit-code 0.
...
