000 (16630220.010.000) 02/18 00:26:50 Job submitted from host: <188.185.72.155:9618?addrs=188.185.72.155-9618+[2001-1458-d00-8--100-95]-9618&alias=bigbird08.cern.ch&noUDP&sock=schedd_862983_22fa>
...
040 (16630220.010.000) 02/18 00:27:35 Started transferring input files
	Transferring to host: <188.185.194.44:9618?addrs=188.185.194.44-9618+[2001-1458-303-21--100-28]-9618&alias=b9p20p1112.cern.ch&noUDP&sock=slot1_25_3379150_9dfd_6761>
...
040 (16630220.010.000) 02/18 00:27:35 Finished transferring input files
...
001 (16630220.010.000) 02/18 00:27:36 Job executing on host: <188.185.194.44:9618?addrs=188.185.194.44-9618+[2001-1458-303-21--100-28]-9618&alias=b9p20p1112.cern.ch&noUDP&sock=startd_4569_884e>
	SlotName: slot1_25@b9p20p1112.cern.ch
	CondorScratchDir = "/pool/condor/dir_3368078"
	Cpus = 1
	Disk = 3848
	GPUs = 0
	Memory = 3000
...
006 (16630220.010.000) 02/18 00:27:45 Image size of job updated: 2948
	3  -  MemoryUsage of job (MB)
	2948  -  ResidentSetSize of job (KB)
...
006 (16630220.010.000) 02/18 00:32:46 Image size of job updated: 923196
	902  -  MemoryUsage of job (MB)
	923196  -  ResidentSetSize of job (KB)
...
006 (16630220.010.000) 02/18 00:37:47 Image size of job updated: 963572
	941  -  MemoryUsage of job (MB)
	963572  -  ResidentSetSize of job (KB)
...
006 (16630220.010.000) 02/18 00:47:48 Image size of job updated: 967148
	945  -  MemoryUsage of job (MB)
	967148  -  ResidentSetSize of job (KB)
...
006 (16630220.010.000) 02/18 00:52:49 Image size of job updated: 970728
	948  -  MemoryUsage of job (MB)
	970728  -  ResidentSetSize of job (KB)
...
006 (16630220.010.000) 02/18 00:57:49 Image size of job updated: 977612
	955  -  MemoryUsage of job (MB)
	977612  -  ResidentSetSize of job (KB)
...
040 (16630220.010.000) 02/18 01:26:52 Started transferring output files
...
040 (16630220.010.000) 02/18 01:26:52 Finished transferring output files
...
005 (16630220.010.000) 02/18 01:26:52 Job terminated.
	(1) Normal termination (return value 0)
		Usr 0 00:55:07, Sys 0 00:00:07  -  Run Remote Usage
		Usr 0 00:00:00, Sys 0 00:00:00  -  Run Local Usage
		Usr 0 00:55:07, Sys 0 00:00:07  -  Total Remote Usage
		Usr 0 00:00:00, Sys 0 00:00:00  -  Total Local Usage
	8152  -  Run Bytes Sent By Job
	10428  -  Run Bytes Received By Job
	8152  -  Total Bytes Sent By Job
	10428  -  Total Bytes Received By Job
	Partitionable Resources :    Usage  Request Allocated 
	   Cpus                 :     0.98        1         1 
	   Disk (KB)            :    81          12      3848 
	   GPUs                 :                           0 
	   Memory (MB)          :   955        3000      3000 

	Job terminated of its own accord at 2025-02-18T00:26:52Z with exit-code 0.
...
