000 (16630220.363.000) 02/18 00:26:51 Job submitted from host: <188.185.72.155:9618?addrs=188.185.72.155-9618+[2001-1458-d00-8--100-95]-9618&alias=bigbird08.cern.ch&noUDP&sock=schedd_862983_22fa>
...
040 (16630220.363.000) 02/18 00:49:42 Started transferring input files
	Transferring to host: <128.142.131.184:9618?addrs=128.142.131.184-9618+[2001-1458-301-59--100-ac]-9618&alias=b9g11p0080.cern.ch&noUDP&sock=slot1_30_3013_ae54_115544>
...
040 (16630220.363.000) 02/18 00:49:42 Finished transferring input files
...
001 (16630220.363.000) 02/18 00:49:43 Job executing on host: <128.142.131.184:9618?addrs=128.142.131.184-9618+[2001-1458-301-59--100-ac]-9618&alias=b9g11p0080.cern.ch&noUDP&sock=startd_2646_83af>
	SlotName: slot1_30@b9g11p0080.cern.ch
	CondorScratchDir = "/pool/condor/dir_4055970"
	Cpus = 1
	Disk = 2623
	GPUs = 0
	Memory = 3000
...
006 (16630220.363.000) 02/18 00:49:52 Image size of job updated: 149496
	146  -  MemoryUsage of job (MB)
	149496  -  ResidentSetSize of job (KB)
...
006 (16630220.363.000) 02/18 00:54:53 Image size of job updated: 449700
	440  -  MemoryUsage of job (MB)
	449700  -  ResidentSetSize of job (KB)
...
006 (16630220.363.000) 02/18 00:59:54 Image size of job updated: 490076
	479  -  MemoryUsage of job (MB)
	490076  -  ResidentSetSize of job (KB)
...
040 (16630220.363.000) 02/18 01:49:12 Started transferring output files
...
040 (16630220.363.000) 02/18 01:49:13 Finished transferring output files
...
005 (16630220.363.000) 02/18 01:49:13 Job terminated.
	(1) Normal termination (return value 0)
		Usr 0 00:58:09, Sys 0 00:00:06  -  Run Remote Usage
		Usr 0 00:00:00, Sys 0 00:00:00  -  Run Local Usage
		Usr 0 00:58:09, Sys 0 00:00:06  -  Total Remote Usage
		Usr 0 00:00:00, Sys 0 00:00:00  -  Total Local Usage
	8155  -  Run Bytes Sent By Job
	10428  -  Run Bytes Received By Job
	8155  -  Total Bytes Sent By Job
	10428  -  Total Bytes Received By Job
	Partitionable Resources :    Usage  Request Allocated 
	   Cpus                 :     0.99        1         1 
	   Disk (KB)            :    81          12      2623 
	   GPUs                 :                           0 
	   Memory (MB)          :   479        3000      3000 

	Job terminated of its own accord at 2025-02-18T00:49:12Z with exit-code 0.
...
