000 (16630220.356.000) 02/18 00:26:51 Job submitted from host: <188.185.72.155:9618?addrs=188.185.72.155-9618+[2001-1458-d00-8--100-95]-9618&alias=bigbird08.cern.ch&noUDP&sock=schedd_862983_22fa>
...
040 (16630220.356.000) 02/18 00:49:38 Started transferring input files
	Transferring to host: <128.142.161.74:9618?addrs=128.142.161.74-9618+[2001-1458-301-b8--100-8]-9618&alias=b9g03p5829.cern.ch&noUDP&sock=slot1_17_3030_a8b4_2995>
...
040 (16630220.356.000) 02/18 00:49:38 Finished transferring input files
...
001 (16630220.356.000) 02/18 00:49:39 Job executing on host: <128.142.161.74:9618?addrs=128.142.161.74-9618+[2001-1458-301-b8--100-8]-9618&alias=b9g03p5829.cern.ch&noUDP&sock=startd_2549_faff>
	SlotName: slot1_17@b9g03p5829.cern.ch
	CondorScratchDir = "/pool/condor/dir_2420187"
	Cpus = 1
	Disk = 4032
	GPUs = 0
	Memory = 3000
...
006 (16630220.356.000) 02/18 00:49:48 Image size of job updated: 87520
	86  -  MemoryUsage of job (MB)
	87520  -  ResidentSetSize of job (KB)
...
006 (16630220.356.000) 02/18 00:54:49 Image size of job updated: 124368
	122  -  MemoryUsage of job (MB)
	124368  -  ResidentSetSize of job (KB)
...
006 (16630220.356.000) 02/18 00:59:50 Image size of job updated: 164396
	161  -  MemoryUsage of job (MB)
	164396  -  ResidentSetSize of job (KB)
...
006 (16630220.356.000) 02/18 01:04:50 Image size of job updated: 167100
	164  -  MemoryUsage of job (MB)
	167100  -  ResidentSetSize of job (KB)
...
006 (16630220.356.000) 02/18 01:09:50 Image size of job updated: 171444
	168  -  MemoryUsage of job (MB)
	171444  -  ResidentSetSize of job (KB)
...
006 (16630220.356.000) 02/18 01:14:51 Image size of job updated: 174292
	171  -  MemoryUsage of job (MB)
	174292  -  ResidentSetSize of job (KB)
...
006 (16630220.356.000) 02/18 01:19:51 Image size of job updated: 177244
	174  -  MemoryUsage of job (MB)
	177244  -  ResidentSetSize of job (KB)
...
040 (16630220.356.000) 02/18 01:53:48 Started transferring output files
...
040 (16630220.356.000) 02/18 01:53:48 Finished transferring output files
...
005 (16630220.356.000) 02/18 01:53:48 Job terminated.
	(1) Normal termination (return value 0)
		Usr 0 01:02:01, Sys 0 00:00:18  -  Run Remote Usage
		Usr 0 00:00:00, Sys 0 00:00:00  -  Run Local Usage
		Usr 0 01:02:01, Sys 0 00:00:18  -  Total Remote Usage
		Usr 0 00:00:00, Sys 0 00:00:00  -  Total Local Usage
	8155  -  Run Bytes Sent By Job
	10428  -  Run Bytes Received By Job
	8155  -  Total Bytes Sent By Job
	10428  -  Total Bytes Received By Job
	Partitionable Resources :    Usage  Request Allocated 
	   Cpus                 :     0.99        1         1 
	   Disk (KB)            :    80          12      4032 
	   GPUs                 :                           0 
	   Memory (MB)          :   174        3000      3000 

	Job terminated of its own accord at 2025-02-18T00:53:48Z with exit-code 0.
...
