000 (16630220.479.000) 02/18 00:26:51 Job submitted from host: <188.185.72.155:9618?addrs=188.185.72.155-9618+[2001-1458-d00-8--100-95]-9618&alias=bigbird08.cern.ch&noUDP&sock=schedd_862983_22fa>
...
040 (16630220.479.000) 02/18 00:53:01 Started transferring input files
	Transferring to host: <188.185.214.18:9618?addrs=188.185.214.18-9618+[2001-1458-303-1c--100-e]-9618&alias=b9p29p4113.cern.ch&noUDP&sock=slot1_18_5982_9c2c_149985>
...
040 (16630220.479.000) 02/18 00:53:01 Finished transferring input files
...
001 (16630220.479.000) 02/18 00:53:02 Job executing on host: <188.185.214.18:9618?addrs=188.185.214.18-9618+[2001-1458-303-1c--100-e]-9618&alias=b9p29p4113.cern.ch&noUDP&sock=startd_4634_1df6>
	SlotName: slot1_18@b9p29p4113.cern.ch
	CondorScratchDir = "/pool/condor/dir_1775821"
	Cpus = 1
	Disk = 3721
	GPUs = 0
	Memory = 3000
...
006 (16630220.479.000) 02/18 00:53:10 Image size of job updated: 87308
	86  -  MemoryUsage of job (MB)
	87308  -  ResidentSetSize of job (KB)
...
006 (16630220.479.000) 02/18 00:58:10 Image size of job updated: 163012
	160  -  MemoryUsage of job (MB)
	163012  -  ResidentSetSize of job (KB)
...
006 (16630220.479.000) 02/18 01:03:11 Image size of job updated: 169816
	166  -  MemoryUsage of job (MB)
	169816  -  ResidentSetSize of job (KB)
...
006 (16630220.479.000) 02/18 01:08:12 Image size of job updated: 175232
	172  -  MemoryUsage of job (MB)
	175232  -  ResidentSetSize of job (KB)
...
006 (16630220.479.000) 02/18 01:18:12 Image size of job updated: 187880
	184  -  MemoryUsage of job (MB)
	187880  -  ResidentSetSize of job (KB)
...
006 (16630220.479.000) 02/18 01:23:13 Image size of job updated: 192056
	188  -  MemoryUsage of job (MB)
	192056  -  ResidentSetSize of job (KB)
...
006 (16630220.479.000) 02/18 01:28:13 Image size of job updated: 197960
	194  -  MemoryUsage of job (MB)
	197960  -  ResidentSetSize of job (KB)
...
040 (16630220.479.000) 02/18 01:30:09 Started transferring output files
...
040 (16630220.479.000) 02/18 01:30:09 Finished transferring output files
...
005 (16630220.479.000) 02/18 01:30:09 Job terminated.
	(1) Normal termination (return value 0)
		Usr 0 00:35:38, Sys 0 00:00:14  -  Run Remote Usage
		Usr 0 00:00:00, Sys 0 00:00:00  -  Run Local Usage
		Usr 0 00:35:38, Sys 0 00:00:14  -  Total Remote Usage
		Usr 0 00:00:00, Sys 0 00:00:00  -  Total Local Usage
	8155  -  Run Bytes Sent By Job
	10428  -  Run Bytes Received By Job
	8155  -  Total Bytes Sent By Job
	10428  -  Total Bytes Received By Job
	Partitionable Resources :    Usage  Request Allocated 
	   Cpus                 :     0.98        1         1 
	   Disk (KB)            :    81          12      3721 
	   GPUs                 :                           0 
	   Memory (MB)          :   194        3000      3000 

	Job terminated of its own accord at 2025-02-18T00:30:08Z with exit-code 0.
...
