000 (16630220.492.000) 02/18 00:26:51 Job submitted from host: <188.185.72.155:9618?addrs=188.185.72.155-9618+[2001-1458-d00-8--100-95]-9618&alias=bigbird08.cern.ch&noUDP&sock=schedd_862983_22fa>
...
040 (16630220.492.000) 02/18 00:53:05 Started transferring input files
	Transferring to host: <188.185.194.89:9618?addrs=188.185.194.89-9618+[2001-1458-303-21--100-55]-9618&alias=b9p20p5563.cern.ch&noUDP&sock=slot1_10_1135527_3ef9_67526>
...
040 (16630220.492.000) 02/18 00:53:05 Finished transferring input files
...
001 (16630220.492.000) 02/18 00:53:06 Job executing on host: <188.185.194.89:9618?addrs=188.185.194.89-9618+[2001-1458-303-21--100-55]-9618&alias=b9p20p5563.cern.ch&noUDP&sock=startd_6607_6e51>
	SlotName: slot1_10@b9p20p5563.cern.ch
	CondorScratchDir = "/pool/condor/dir_444170"
	Cpus = 1
	Disk = 3810
	GPUs = 0
	Memory = 3000
...
006 (16630220.492.000) 02/18 00:53:15 Image size of job updated: 89504
	88  -  MemoryUsage of job (MB)
	89504  -  ResidentSetSize of job (KB)
...
006 (16630220.492.000) 02/18 00:58:16 Image size of job updated: 163948
	161  -  MemoryUsage of job (MB)
	163948  -  ResidentSetSize of job (KB)
...
006 (16630220.492.000) 02/18 01:03:17 Image size of job updated: 174244
	171  -  MemoryUsage of job (MB)
	174244  -  ResidentSetSize of job (KB)
...
006 (16630220.492.000) 02/18 01:08:17 Image size of job updated: 180244
	177  -  MemoryUsage of job (MB)
	180244  -  ResidentSetSize of job (KB)
...
006 (16630220.492.000) 02/18 01:23:18 Image size of job updated: 193712
	190  -  MemoryUsage of job (MB)
	193712  -  ResidentSetSize of job (KB)
...
006 (16630220.492.000) 02/18 01:28:18 Image size of job updated: 200012
	196  -  MemoryUsage of job (MB)
	200012  -  ResidentSetSize of job (KB)
...
006 (16630220.492.000) 02/18 01:33:19 Image size of job updated: 201088
	197  -  MemoryUsage of job (MB)
	201088  -  ResidentSetSize of job (KB)
...
006 (16630220.492.000) 02/18 01:38:20 Image size of job updated: 205752
	201  -  MemoryUsage of job (MB)
	205752  -  ResidentSetSize of job (KB)
...
040 (16630220.492.000) 02/18 01:39:02 Started transferring output files
...
040 (16630220.492.000) 02/18 01:39:02 Finished transferring output files
...
005 (16630220.492.000) 02/18 01:39:02 Job terminated.
	(1) Normal termination (return value 0)
		Usr 0 00:45:02, Sys 0 00:00:05  -  Run Remote Usage
		Usr 0 00:00:00, Sys 0 00:00:00  -  Run Local Usage
		Usr 0 00:45:02, Sys 0 00:00:05  -  Total Remote Usage
		Usr 0 00:00:00, Sys 0 00:00:00  -  Total Local Usage
	8155  -  Run Bytes Sent By Job
	10428  -  Run Bytes Received By Job
	8155  -  Total Bytes Sent By Job
	10428  -  Total Bytes Received By Job
	Partitionable Resources :    Usage  Request Allocated 
	   Cpus                 :     0.99        1         1 
	   Disk (KB)            :    81          12      3810 
	   GPUs                 :                           0 
	   Memory (MB)          :   201        3000      3000 

	Job terminated of its own accord at 2025-02-18T00:39:02Z with exit-code 0.
...
