000 (16630220.340.000) 02/18 00:26:51 Job submitted from host: <188.185.72.155:9618?addrs=188.185.72.155-9618+[2001-1458-d00-8--100-95]-9618&alias=bigbird08.cern.ch&noUDP&sock=schedd_862983_22fa>
...
040 (16630220.340.000) 02/18 00:49:33 Started transferring input files
	Transferring to host: <128.142.33.52:9618?addrs=128.142.33.52-9618+[2001-1458-301-53--100-31]-9618&alias=b9g34p1859.cern.ch&noUDP&sock=slot1_23_5110_3509_3671>
...
040 (16630220.340.000) 02/18 00:49:33 Finished transferring input files
...
001 (16630220.340.000) 02/18 00:49:34 Job executing on host: <128.142.33.52:9618?addrs=128.142.33.52-9618+[2001-1458-301-53--100-31]-9618&alias=b9g34p1859.cern.ch&noUDP&sock=startd_4165_6c0b>
	SlotName: slot1_23@b9g34p1859.cern.ch
	CondorScratchDir = "/pool/condor/dir_804514"
	Cpus = 1
	Disk = 3771
	GPUs = 0
	Memory = 3000
...
006 (16630220.340.000) 02/18 00:49:43 Image size of job updated: 163928
	161  -  MemoryUsage of job (MB)
	163928  -  ResidentSetSize of job (KB)
...
006 (16630220.340.000) 02/18 00:54:44 Image size of job updated: 424372
	415  -  MemoryUsage of job (MB)
	424372  -  ResidentSetSize of job (KB)
...
006 (16630220.340.000) 02/18 00:59:45 Image size of job updated: 465864
	455  -  MemoryUsage of job (MB)
	465864  -  ResidentSetSize of job (KB)
...
040 (16630220.340.000) 02/18 01:42:35 Started transferring output files
...
040 (16630220.340.000) 02/18 01:42:35 Finished transferring output files
...
005 (16630220.340.000) 02/18 01:42:35 Job terminated.
	(1) Normal termination (return value 0)
		Usr 0 00:51:50, Sys 0 00:00:04  -  Run Remote Usage
		Usr 0 00:00:00, Sys 0 00:00:00  -  Run Local Usage
		Usr 0 00:51:50, Sys 0 00:00:04  -  Total Remote Usage
		Usr 0 00:00:00, Sys 0 00:00:00  -  Total Local Usage
	8155  -  Run Bytes Sent By Job
	10428  -  Run Bytes Received By Job
	8155  -  Total Bytes Sent By Job
	10428  -  Total Bytes Received By Job
	Partitionable Resources :    Usage  Request Allocated 
	   Cpus                 :     1.00        1         1 
	   Disk (KB)            :    81          12      3771 
	   GPUs                 :                           0 
	   Memory (MB)          :   455        3000      3000 

	Job terminated of its own accord at 2025-02-18T00:42:35Z with exit-code 0.
...
