000 (16630220.033.000) 02/18 00:26:50 Job submitted from host: <188.185.72.155:9618?addrs=188.185.72.155-9618+[2001-1458-d00-8--100-95]-9618&alias=bigbird08.cern.ch&noUDP&sock=schedd_862983_22fa>
...
040 (16630220.033.000) 02/18 00:27:43 Started transferring input files
	Transferring to host: <128.142.192.172:9618?addrs=128.142.192.172-9618+[2001-1458-301-56--100-28]-9618&alias=b9g18p0729.cern.ch&noUDP&sock=slot1_18_172264_5256_92101>
...
040 (16630220.033.000) 02/18 00:27:43 Finished transferring input files
...
001 (16630220.033.000) 02/18 00:27:44 Job executing on host: <128.142.192.172:9618?addrs=128.142.192.172-9618+[2001-1458-301-56--100-28]-9618&alias=b9g18p0729.cern.ch&noUDP&sock=startd_3683_cf65>
	SlotName: slot1_18@b9g18p0729.cern.ch
	CondorScratchDir = "/pool/condor/dir_3113747"
	Cpus = 1
	Disk = 3853
	GPUs = 0
	Memory = 3000
...
006 (16630220.033.000) 02/18 00:27:53 Image size of job updated: 492600
	482  -  MemoryUsage of job (MB)
	492600  -  ResidentSetSize of job (KB)
...
006 (16630220.033.000) 02/18 00:32:54 Image size of job updated: 885520
	865  -  MemoryUsage of job (MB)
	885520  -  ResidentSetSize of job (KB)
...
006 (16630220.033.000) 02/18 00:37:54 Image size of job updated: 928176
	907  -  MemoryUsage of job (MB)
	928176  -  ResidentSetSize of job (KB)
...
006 (16630220.033.000) 02/18 00:42:54 Image size of job updated: 930616
	909  -  MemoryUsage of job (MB)
	930616  -  ResidentSetSize of job (KB)
...
006 (16630220.033.000) 02/18 00:47:55 Image size of job updated: 934880
	913  -  MemoryUsage of job (MB)
	934880  -  ResidentSetSize of job (KB)
...
006 (16630220.033.000) 02/18 00:52:55 Image size of job updated: 937776
	916  -  MemoryUsage of job (MB)
	937776  -  ResidentSetSize of job (KB)
...
006 (16630220.033.000) 02/18 00:57:55 Image size of job updated: 940668
	919  -  MemoryUsage of job (MB)
	940668  -  ResidentSetSize of job (KB)
...
040 (16630220.033.000) 02/18 01:32:25 Started transferring output files
...
040 (16630220.033.000) 02/18 01:32:25 Finished transferring output files
...
005 (16630220.033.000) 02/18 01:32:25 Job terminated.
	(1) Normal termination (return value 0)
		Usr 0 01:00:40, Sys 0 00:00:13  -  Run Remote Usage
		Usr 0 00:00:00, Sys 0 00:00:00  -  Run Local Usage
		Usr 0 01:00:40, Sys 0 00:00:13  -  Total Remote Usage
		Usr 0 00:00:00, Sys 0 00:00:00  -  Total Local Usage
	8150  -  Run Bytes Sent By Job
	10428  -  Run Bytes Received By Job
	8150  -  Total Bytes Sent By Job
	10428  -  Total Bytes Received By Job
	Partitionable Resources :    Usage  Request Allocated 
	   Cpus                 :     0.98        1         1 
	   Disk (KB)            :    81          12      3853 
	   GPUs                 :                           0 
	   Memory (MB)          :   919        3000      3000 

	Job terminated of its own accord at 2025-02-18T00:32:25Z with exit-code 0.
...
