000 (16630220.126.000) 02/18 00:26:50 Job submitted from host: <188.185.72.155:9618?addrs=188.185.72.155-9618+[2001-1458-d00-8--100-95]-9618&alias=bigbird08.cern.ch&noUDP&sock=schedd_862983_22fa>
...
040 (16630220.126.000) 02/18 00:42:53 Started transferring input files
	Transferring to host: <128.142.161.98:9618?addrs=128.142.161.98-9618+[2001-1458-301-b8--100-20]-9618&alias=b9g03p9785.cern.ch&noUDP&sock=slot1_21_1293671_0018_3647>
...
040 (16630220.126.000) 02/18 00:42:53 Finished transferring input files
...
001 (16630220.126.000) 02/18 00:42:54 Job executing on host: <128.142.161.98:9618?addrs=128.142.161.98-9618+[2001-1458-301-b8--100-20]-9618&alias=b9g03p9785.cern.ch&noUDP&sock=startd_2569_b2e4>
	SlotName: slot1_21@b9g03p9785.cern.ch
	CondorScratchDir = "/pool/condor/dir_3186042"
	Cpus = 1
	Disk = 4011
	GPUs = 0
	Memory = 3000
...
006 (16630220.126.000) 02/18 00:43:02 Image size of job updated: 87452
	86  -  MemoryUsage of job (MB)
	87452  -  ResidentSetSize of job (KB)
...
006 (16630220.126.000) 02/18 00:48:02 Image size of job updated: 159320
	156  -  MemoryUsage of job (MB)
	159320  -  ResidentSetSize of job (KB)
...
006 (16630220.126.000) 02/18 00:53:03 Image size of job updated: 164044
	161  -  MemoryUsage of job (MB)
	164044  -  ResidentSetSize of job (KB)
...
006 (16630220.126.000) 02/18 00:58:03 Image size of job updated: 167496
	164  -  MemoryUsage of job (MB)
	167496  -  ResidentSetSize of job (KB)
...
006 (16630220.126.000) 02/18 01:03:03 Image size of job updated: 173636
	170  -  MemoryUsage of job (MB)
	173636  -  ResidentSetSize of job (KB)
...
006 (16630220.126.000) 02/18 01:08:04 Image size of job updated: 177104
	173  -  MemoryUsage of job (MB)
	177104  -  ResidentSetSize of job (KB)
...
006 (16630220.126.000) 02/18 01:18:04 Image size of job updated: 202668
	198  -  MemoryUsage of job (MB)
	202668  -  ResidentSetSize of job (KB)
...
040 (16630220.126.000) 02/18 01:42:03 Started transferring output files
...
040 (16630220.126.000) 02/18 01:42:03 Finished transferring output files
...
005 (16630220.126.000) 02/18 01:42:03 Job terminated.
	(1) Normal termination (return value 0)
		Usr 0 00:57:23, Sys 0 00:00:16  -  Run Remote Usage
		Usr 0 00:00:00, Sys 0 00:00:00  -  Run Local Usage
		Usr 0 00:57:23, Sys 0 00:00:16  -  Total Remote Usage
		Usr 0 00:00:00, Sys 0 00:00:00  -  Total Local Usage
	8155  -  Run Bytes Sent By Job
	10428  -  Run Bytes Received By Job
	8155  -  Total Bytes Sent By Job
	10428  -  Total Bytes Received By Job
	Partitionable Resources :    Usage  Request Allocated 
	   Cpus                 :     0.98        1         1 
	   Disk (KB)            :    80          12      4011 
	   GPUs                 :                           0 
	   Memory (MB)          :   198        3000      3000 

	Job terminated of its own accord at 2025-02-18T00:42:02Z with exit-code 0.
...
