000 (16630220.074.000) 02/18 00:26:50 Job submitted from host: <188.185.72.155:9618?addrs=188.185.72.155-9618+[2001-1458-d00-8--100-95]-9618&alias=bigbird08.cern.ch&noUDP&sock=schedd_862983_22fa>
...
040 (16630220.074.000) 02/18 00:27:56 Started transferring input files
	Transferring to host: <188.185.196.15:9618?addrs=188.185.196.15-9618+[2001-1458-303-23--100-b]-9618&alias=b9p16p7545.cern.ch&noUDP&sock=slot1_37_4104111_3985_5028>
...
040 (16630220.074.000) 02/18 00:27:56 Finished transferring input files
...
001 (16630220.074.000) 02/18 00:27:57 Job executing on host: <188.185.196.15:9618?addrs=188.185.196.15-9618+[2001-1458-303-23--100-b]-9618&alias=b9p16p7545.cern.ch&noUDP&sock=startd_8400_47a0>
	SlotName: slot1_37@b9p16p7545.cern.ch
	CondorScratchDir = "/pool/condor/dir_1124625"
	Cpus = 1
	Disk = 3809
	GPUs = 0
	Memory = 3000
...
006 (16630220.074.000) 02/18 00:28:06 Image size of job updated: 106956
	105  -  MemoryUsage of job (MB)
	106956  -  ResidentSetSize of job (KB)
...
006 (16630220.074.000) 02/18 00:33:07 Image size of job updated: 276820
	271  -  MemoryUsage of job (MB)
	276820  -  ResidentSetSize of job (KB)
...
006 (16630220.074.000) 02/18 00:38:07 Image size of job updated: 318244
	311  -  MemoryUsage of job (MB)
	318244  -  ResidentSetSize of job (KB)
...
006 (16630220.074.000) 02/18 00:43:07 Image size of job updated: 322284
	315  -  MemoryUsage of job (MB)
	322284  -  ResidentSetSize of job (KB)
...
006 (16630220.074.000) 02/18 00:48:08 Image size of job updated: 327396
	320  -  MemoryUsage of job (MB)
	327396  -  ResidentSetSize of job (KB)
...
006 (16630220.074.000) 02/18 00:58:09 Image size of job updated: 340792
	333  -  MemoryUsage of job (MB)
	340792  -  ResidentSetSize of job (KB)
...
040 (16630220.074.000) 02/18 01:17:38 Started transferring output files
...
040 (16630220.074.000) 02/18 01:17:38 Finished transferring output files
...
005 (16630220.074.000) 02/18 01:17:38 Job terminated.
	(1) Normal termination (return value 0)
		Usr 0 00:46:33, Sys 0 00:00:06  -  Run Remote Usage
		Usr 0 00:00:00, Sys 0 00:00:00  -  Run Local Usage
		Usr 0 00:46:33, Sys 0 00:00:06  -  Total Remote Usage
		Usr 0 00:00:00, Sys 0 00:00:00  -  Total Local Usage
	8152  -  Run Bytes Sent By Job
	10428  -  Run Bytes Received By Job
	8152  -  Total Bytes Sent By Job
	10428  -  Total Bytes Received By Job
	Partitionable Resources :    Usage  Request Allocated 
	   Cpus                 :     0.99        1         1 
	   Disk (KB)            :    80          12      3809 
	   GPUs                 :                           0 
	   Memory (MB)          :   333        3000      3000 

	Job terminated of its own accord at 2025-02-18T00:17:37Z with exit-code 0.
...
