000 (16630220.195.000) 02/18 00:26:50 Job submitted from host: <188.185.72.155:9618?addrs=188.185.72.155-9618+[2001-1458-d00-8--100-95]-9618&alias=bigbird08.cern.ch&noUDP&sock=schedd_862983_22fa>
...
040 (16630220.195.000) 02/18 00:48:22 Started transferring input files
	Transferring to host: <188.185.194.89:9618?addrs=188.185.194.89-9618+[2001-1458-303-21--100-55]-9618&alias=b9p20p5563.cern.ch&noUDP&sock=slot1_13_1135527_3ef9_67520>
...
040 (16630220.195.000) 02/18 00:48:22 Finished transferring input files
...
001 (16630220.195.000) 02/18 00:48:23 Job executing on host: <188.185.194.89:9618?addrs=188.185.194.89-9618+[2001-1458-303-21--100-55]-9618&alias=b9p20p5563.cern.ch&noUDP&sock=startd_6607_6e51>
	SlotName: slot1_13@b9p20p5563.cern.ch
	CondorScratchDir = "/pool/condor/dir_375903"
	Cpus = 1
	Disk = 3813
	GPUs = 0
	Memory = 3000
...
006 (16630220.195.000) 02/18 00:48:31 Image size of job updated: 105600
	104  -  MemoryUsage of job (MB)
	105600  -  ResidentSetSize of job (KB)
...
006 (16630220.195.000) 02/18 00:53:32 Image size of job updated: 219888
	215  -  MemoryUsage of job (MB)
	219888  -  ResidentSetSize of job (KB)
...
006 (16630220.195.000) 02/18 00:58:33 Image size of job updated: 256932
	251  -  MemoryUsage of job (MB)
	256932  -  ResidentSetSize of job (KB)
...
040 (16630220.195.000) 02/18 01:38:48 Started transferring output files
...
040 (16630220.195.000) 02/18 01:38:48 Finished transferring output files
...
005 (16630220.195.000) 02/18 01:38:48 Job terminated.
	(1) Normal termination (return value 0)
		Usr 0 00:49:07, Sys 0 00:00:05  -  Run Remote Usage
		Usr 0 00:00:00, Sys 0 00:00:00  -  Run Local Usage
		Usr 0 00:49:07, Sys 0 00:00:05  -  Total Remote Usage
		Usr 0 00:00:00, Sys 0 00:00:00  -  Total Local Usage
	8155  -  Run Bytes Sent By Job
	10428  -  Run Bytes Received By Job
	8155  -  Total Bytes Sent By Job
	10428  -  Total Bytes Received By Job
	Partitionable Resources :    Usage  Request Allocated 
	   Cpus                 :     0.99        1         1 
	   Disk (KB)            :    81          12      3813 
	   GPUs                 :                           0 
	   Memory (MB)          :   251        3000      3000 

	Job terminated of its own accord at 2025-02-18T00:38:48Z with exit-code 0.
...
