000 (16630220.217.000) 02/18 00:26:51 Job submitted from host: <188.185.72.155:9618?addrs=188.185.72.155-9618+[2001-1458-d00-8--100-95]-9618&alias=bigbird08.cern.ch&noUDP&sock=schedd_862983_22fa>
...
040 (16630220.217.000) 02/18 00:48:39 Started transferring input files
	Transferring to host: <188.185.214.45:9618?addrs=188.185.214.45-9618+[2001-1458-303-1c--100-29]-9618&alias=b9p29p0139.cern.ch&noUDP&sock=slot1_18_596934_c10b_1102>
...
040 (16630220.217.000) 02/18 00:48:39 Finished transferring input files
...
001 (16630220.217.000) 02/18 00:48:41 Job executing on host: <188.185.214.45:9618?addrs=188.185.214.45-9618+[2001-1458-303-1c--100-29]-9618&alias=b9p29p0139.cern.ch&noUDP&sock=startd_3569_9d99>
	SlotName: slot1_18@b9p29p0139.cern.ch
	CondorScratchDir = "/pool/condor/dir_3466162"
	Cpus = 1
	Disk = 3772
	GPUs = 0
	Memory = 3000
...
006 (16630220.217.000) 02/18 00:48:49 Image size of job updated: 87204
	86  -  MemoryUsage of job (MB)
	87204  -  ResidentSetSize of job (KB)
...
006 (16630220.217.000) 02/18 00:53:49 Image size of job updated: 204508
	200  -  MemoryUsage of job (MB)
	204508  -  ResidentSetSize of job (KB)
...
006 (16630220.217.000) 02/18 00:58:50 Image size of job updated: 209796
	205  -  MemoryUsage of job (MB)
	209796  -  ResidentSetSize of job (KB)
...
006 (16630220.217.000) 02/18 01:33:54 Image size of job updated: 210588
	206  -  MemoryUsage of job (MB)
	210588  -  ResidentSetSize of job (KB)
...
040 (16630220.217.000) 02/18 01:37:40 Started transferring output files
...
040 (16630220.217.000) 02/18 01:37:40 Finished transferring output files
...
005 (16630220.217.000) 02/18 01:37:40 Job terminated.
	(1) Normal termination (return value 0)
		Usr 0 00:45:13, Sys 0 00:00:19  -  Run Remote Usage
		Usr 0 00:00:00, Sys 0 00:00:00  -  Run Local Usage
		Usr 0 00:45:13, Sys 0 00:00:19  -  Total Remote Usage
		Usr 0 00:00:00, Sys 0 00:00:00  -  Total Local Usage
	8155  -  Run Bytes Sent By Job
	10428  -  Run Bytes Received By Job
	8155  -  Total Bytes Sent By Job
	10428  -  Total Bytes Received By Job
	Partitionable Resources :    Usage  Request Allocated 
	   Cpus                 :     0.93        1         1 
	   Disk (KB)            :    80          12      3772 
	   GPUs                 :                           0 
	   Memory (MB)          :   206        3000      3000 

	Job terminated of its own accord at 2025-02-18T00:37:40Z with exit-code 0.
...
