000 (16630220.313.000) 02/18 00:26:51 Job submitted from host: <188.185.72.155:9618?addrs=188.185.72.155-9618+[2001-1458-d00-8--100-95]-9618&alias=bigbird08.cern.ch&noUDP&sock=schedd_862983_22fa>
...
040 (16630220.313.000) 02/18 00:49:25 Started transferring input files
	Transferring to host: <128.142.33.203:9618?addrs=128.142.33.203-9618+[2001-1458-301-39--100-8]-9618&alias=b9g24p0512.cern.ch&noUDP&sock=slot1_16_1634666_d362_85625>
...
040 (16630220.313.000) 02/18 00:49:25 Finished transferring input files
...
001 (16630220.313.000) 02/18 00:49:26 Job executing on host: <128.142.33.203:9618?addrs=128.142.33.203-9618+[2001-1458-301-39--100-8]-9618&alias=b9g24p0512.cern.ch&noUDP&sock=startd_5283_46ed>
	SlotName: slot1_16@b9g24p0512.cern.ch
	CondorScratchDir = "/pool/condor/dir_1128919"
	Cpus = 1
	Disk = 3763
	GPUs = 0
	Memory = 3000
...
006 (16630220.313.000) 02/18 00:49:35 Image size of job updated: 89804
	88  -  MemoryUsage of job (MB)
	89804  -  ResidentSetSize of job (KB)
...
006 (16630220.313.000) 02/18 00:54:36 Image size of job updated: 165092
	162  -  MemoryUsage of job (MB)
	165092  -  ResidentSetSize of job (KB)
...
006 (16630220.313.000) 02/18 00:59:36 Image size of job updated: 171560
	168  -  MemoryUsage of job (MB)
	171560  -  ResidentSetSize of job (KB)
...
006 (16630220.313.000) 02/18 01:04:36 Image size of job updated: 174944
	171  -  MemoryUsage of job (MB)
	174944  -  ResidentSetSize of job (KB)
...
006 (16630220.313.000) 02/18 01:09:37 Image size of job updated: 186144
	182  -  MemoryUsage of job (MB)
	186144  -  ResidentSetSize of job (KB)
...
006 (16630220.313.000) 02/18 01:14:38 Image size of job updated: 192528
	189  -  MemoryUsage of job (MB)
	192528  -  ResidentSetSize of job (KB)
...
006 (16630220.313.000) 02/18 01:19:38 Image size of job updated: 198200
	194  -  MemoryUsage of job (MB)
	198200  -  ResidentSetSize of job (KB)
...
040 (16630220.313.000) 02/18 01:21:43 Started transferring output files
...
040 (16630220.313.000) 02/18 01:21:43 Finished transferring output files
...
005 (16630220.313.000) 02/18 01:21:43 Job terminated.
	(1) Normal termination (return value 0)
		Usr 0 00:31:33, Sys 0 00:00:04  -  Run Remote Usage
		Usr 0 00:00:00, Sys 0 00:00:00  -  Run Local Usage
		Usr 0 00:31:33, Sys 0 00:00:04  -  Total Remote Usage
		Usr 0 00:00:00, Sys 0 00:00:00  -  Total Local Usage
	8155  -  Run Bytes Sent By Job
	10428  -  Run Bytes Received By Job
	8155  -  Total Bytes Sent By Job
	10428  -  Total Bytes Received By Job
	Partitionable Resources :    Usage  Request Allocated 
	   Cpus                 :     0.99        1         1 
	   Disk (KB)            :    81          12      3763 
	   GPUs                 :                           0 
	   Memory (MB)          :   194        3000      3000 

	Job terminated of its own accord at 2025-02-18T00:21:43Z with exit-code 0.
...
