000 (16630220.411.000) 02/18 00:26:51 Job submitted from host: <188.185.72.155:9618?addrs=188.185.72.155-9618+[2001-1458-d00-8--100-95]-9618&alias=bigbird08.cern.ch&noUDP&sock=schedd_862983_22fa>
...
040 (16630220.411.000) 02/18 00:50:01 Started transferring input files
	Transferring to host: <188.185.194.65:9618?addrs=188.185.194.65-9618+[2001-1458-303-21--100-3d]-9618&alias=b9p20p5952.cern.ch&noUDP&sock=slot1_25_411946_f929_11606>
...
040 (16630220.411.000) 02/18 00:50:01 Finished transferring input files
...
001 (16630220.411.000) 02/18 00:50:02 Job executing on host: <188.185.194.65:9618?addrs=188.185.194.65-9618+[2001-1458-303-21--100-3d]-9618&alias=b9p20p5952.cern.ch&noUDP&sock=startd_4451_9821>
	SlotName: slot1_25@b9p20p5952.cern.ch
	CondorScratchDir = "/pool/condor/dir_2020581"
	Cpus = 1
	Disk = 3813
	GPUs = 0
	Memory = 3000
...
006 (16630220.411.000) 02/18 00:50:11 Image size of job updated: 87116
	86  -  MemoryUsage of job (MB)
	87116  -  ResidentSetSize of job (KB)
...
006 (16630220.411.000) 02/18 00:55:12 Image size of job updated: 176912
	173  -  MemoryUsage of job (MB)
	176912  -  ResidentSetSize of job (KB)
...
006 (16630220.411.000) 02/18 01:00:13 Image size of job updated: 180344
	177  -  MemoryUsage of job (MB)
	180344  -  ResidentSetSize of job (KB)
...
006 (16630220.411.000) 02/18 01:30:15 Image size of job updated: 187616
	184  -  MemoryUsage of job (MB)
	187616  -  ResidentSetSize of job (KB)
...
006 (16630220.411.000) 02/18 01:35:16 Image size of job updated: 190980
	187  -  MemoryUsage of job (MB)
	190980  -  ResidentSetSize of job (KB)
...
006 (16630220.411.000) 02/18 01:40:16 Image size of job updated: 195496
	191  -  MemoryUsage of job (MB)
	195496  -  ResidentSetSize of job (KB)
...
006 (16630220.411.000) 02/18 01:45:17 Image size of job updated: 202028
	198  -  MemoryUsage of job (MB)
	202028  -  ResidentSetSize of job (KB)
...
040 (16630220.411.000) 02/18 01:46:24 Started transferring output files
...
040 (16630220.411.000) 02/18 01:46:24 Finished transferring output files
...
005 (16630220.411.000) 02/18 01:46:24 Job terminated.
	(1) Normal termination (return value 0)
		Usr 0 00:54:08, Sys 0 00:00:09  -  Run Remote Usage
		Usr 0 00:00:00, Sys 0 00:00:00  -  Run Local Usage
		Usr 0 00:54:08, Sys 0 00:00:09  -  Total Remote Usage
		Usr 0 00:00:00, Sys 0 00:00:00  -  Total Local Usage
	8153  -  Run Bytes Sent By Job
	10428  -  Run Bytes Received By Job
	8153  -  Total Bytes Sent By Job
	10428  -  Total Bytes Received By Job
	Partitionable Resources :    Usage  Request Allocated 
	   Cpus                 :     0.99        1         1 
	   Disk (KB)            :    80          12      3813 
	   GPUs                 :                           0 
	   Memory (MB)          :   198        3000      3000 

	Job terminated of its own accord at 2025-02-18T00:46:24Z with exit-code 0.
...
