000 (16630220.031.000) 02/18 00:26:50 Job submitted from host: <188.185.72.155:9618?addrs=188.185.72.155-9618+[2001-1458-d00-8--100-95]-9618&alias=bigbird08.cern.ch&noUDP&sock=schedd_862983_22fa>
...
040 (16630220.031.000) 02/18 00:27:43 Started transferring input files
	Transferring to host: <128.142.161.94:9618?addrs=128.142.161.94-9618+[2001-1458-301-b8--100-1c]-9618&alias=b9g03p0774.cern.ch&noUDP&sock=slot1_15_698088_e5dd_49332>
...
040 (16630220.031.000) 02/18 00:27:43 Finished transferring input files
...
001 (16630220.031.000) 02/18 00:27:44 Job executing on host: <128.142.161.94:9618?addrs=128.142.161.94-9618+[2001-1458-301-b8--100-1c]-9618&alias=b9g03p0774.cern.ch&noUDP&sock=startd_3204_4187>
	SlotName: slot1_15@b9g03p0774.cern.ch
	CondorScratchDir = "/pool/condor/dir_1620657"
	Cpus = 1
	Disk = 4074
	GPUs = 0
	Memory = 3000
...
006 (16630220.031.000) 02/18 00:27:54 Image size of job updated: 291636
	285  -  MemoryUsage of job (MB)
	291636  -  ResidentSetSize of job (KB)
...
006 (16630220.031.000) 02/18 00:32:54 Image size of job updated: 779612
	762  -  MemoryUsage of job (MB)
	779612  -  ResidentSetSize of job (KB)
...
006 (16630220.031.000) 02/18 00:37:54 Image size of job updated: 820544
	802  -  MemoryUsage of job (MB)
	820544  -  ResidentSetSize of job (KB)
...
006 (16630220.031.000) 02/18 00:42:55 Image size of job updated: 825096
	806  -  MemoryUsage of job (MB)
	825096  -  ResidentSetSize of job (KB)
...
006 (16630220.031.000) 02/18 00:47:56 Image size of job updated: 830936
	812  -  MemoryUsage of job (MB)
	830936  -  ResidentSetSize of job (KB)
...
040 (16630220.031.000) 02/18 01:21:57 Started transferring output files
...
040 (16630220.031.000) 02/18 01:21:57 Finished transferring output files
...
005 (16630220.031.000) 02/18 01:21:57 Job terminated.
	(1) Normal termination (return value 0)
		Usr 0 00:50:34, Sys 0 00:00:12  -  Run Remote Usage
		Usr 0 00:00:00, Sys 0 00:00:00  -  Run Local Usage
		Usr 0 00:50:34, Sys 0 00:00:12  -  Total Remote Usage
		Usr 0 00:00:00, Sys 0 00:00:00  -  Total Local Usage
	8152  -  Run Bytes Sent By Job
	10428  -  Run Bytes Received By Job
	8152  -  Total Bytes Sent By Job
	10428  -  Total Bytes Received By Job
	Partitionable Resources :    Usage  Request Allocated 
	   Cpus                 :     0.98        1         1 
	   Disk (KB)            :    81          12      4074 
	   GPUs                 :                           0 
	   Memory (MB)          :   812        3000      3000 

	Job terminated of its own accord at 2025-02-18T00:21:57Z with exit-code 0.
...
