000 (16630220.223.000) 02/18 00:26:51 Job submitted from host: <188.185.72.155:9618?addrs=188.185.72.155-9618+[2001-1458-d00-8--100-95]-9618&alias=bigbird08.cern.ch&noUDP&sock=schedd_862983_22fa>
...
040 (16630220.223.000) 02/18 00:48:42 Started transferring input files
	Transferring to host: <188.185.193.27:9618?addrs=188.185.193.27-9618+[2001-1458-303-20--100-17]-9618&alias=b9p19p1616.cern.ch&noUDP&sock=slot1_27_3713990_b02d_13734>
...
040 (16630220.223.000) 02/18 00:48:42 Finished transferring input files
...
001 (16630220.223.000) 02/18 00:48:52 Job executing on host: <188.185.193.27:9618?addrs=188.185.193.27-9618+[2001-1458-303-20--100-17]-9618&alias=b9p19p1616.cern.ch&noUDP&sock=startd_5876_0696>
	SlotName: slot1_27@b9p19p1616.cern.ch
	CondorScratchDir = "/pool/condor/dir_2850253"
	Cpus = 1
	Disk = 3800
	GPUs = 0
	Memory = 3000
...
006 (16630220.223.000) 02/18 00:49:01 Image size of job updated: 88112
	87  -  MemoryUsage of job (MB)
	88112  -  ResidentSetSize of job (KB)
...
006 (16630220.223.000) 02/18 00:54:02 Image size of job updated: 158860
	156  -  MemoryUsage of job (MB)
	158860  -  ResidentSetSize of job (KB)
...
006 (16630220.223.000) 02/18 00:59:03 Image size of job updated: 163788
	160  -  MemoryUsage of job (MB)
	163788  -  ResidentSetSize of job (KB)
...
006 (16630220.223.000) 02/18 01:04:03 Image size of job updated: 172548
	169  -  MemoryUsage of job (MB)
	172548  -  ResidentSetSize of job (KB)
...
006 (16630220.223.000) 02/18 01:09:03 Image size of job updated: 176224
	173  -  MemoryUsage of job (MB)
	176224  -  ResidentSetSize of job (KB)
...
006 (16630220.223.000) 02/18 01:14:04 Image size of job updated: 179400
	176  -  MemoryUsage of job (MB)
	179400  -  ResidentSetSize of job (KB)
...
006 (16630220.223.000) 02/18 01:24:04 Image size of job updated: 187252
	183  -  MemoryUsage of job (MB)
	187252  -  ResidentSetSize of job (KB)
...
006 (16630220.223.000) 02/18 01:29:05 Image size of job updated: 189456
	186  -  MemoryUsage of job (MB)
	189456  -  ResidentSetSize of job (KB)
...
006 (16630220.223.000) 02/18 01:34:05 Image size of job updated: 193568
	190  -  MemoryUsage of job (MB)
	193568  -  ResidentSetSize of job (KB)
...
006 (16630220.223.000) 02/18 01:39:05 Image size of job updated: 197752
	194  -  MemoryUsage of job (MB)
	197752  -  ResidentSetSize of job (KB)
...
006 (16630220.223.000) 02/18 01:44:06 Image size of job updated: 198604
	194  -  MemoryUsage of job (MB)
	198604  -  ResidentSetSize of job (KB)
...
006 (16630220.223.000) 02/18 01:49:07 Image size of job updated: 200496
	196  -  MemoryUsage of job (MB)
	200496  -  ResidentSetSize of job (KB)
...
040 (16630220.223.000) 02/18 01:50:48 Started transferring output files
...
040 (16630220.223.000) 02/18 01:50:48 Finished transferring output files
...
005 (16630220.223.000) 02/18 01:50:48 Job terminated.
	(1) Normal termination (return value 0)
		Usr 0 01:00:46, Sys 0 00:00:05  -  Run Remote Usage
		Usr 0 00:00:00, Sys 0 00:00:00  -  Run Local Usage
		Usr 0 01:00:46, Sys 0 00:00:05  -  Total Remote Usage
		Usr 0 00:00:00, Sys 0 00:00:00  -  Total Local Usage
	8155  -  Run Bytes Sent By Job
	10428  -  Run Bytes Received By Job
	8155  -  Total Bytes Sent By Job
	10428  -  Total Bytes Received By Job
	Partitionable Resources :    Usage  Request Allocated 
	   Cpus                 :     0.99        1         1 
	   Disk (KB)            :    81          12      3800 
	   GPUs                 :                           0 
	   Memory (MB)          :   196        3000      3000 

	Job terminated of its own accord at 2025-02-18T00:50:48Z with exit-code 0.
...
