000 (16630220.061.000) 02/18 00:26:50 Job submitted from host: <188.185.72.155:9618?addrs=188.185.72.155-9618+[2001-1458-d00-8--100-95]-9618&alias=bigbird08.cern.ch&noUDP&sock=schedd_862983_22fa>
...
040 (16630220.061.000) 02/18 00:27:51 Started transferring input files
	Transferring to host: <128.142.161.120:9618?addrs=128.142.161.120-9618+[2001-1458-301-b8--100-36]-9618&alias=b9g03p5843.cern.ch&noUDP&sock=slot1_18_5098_c088_2752>
...
040 (16630220.061.000) 02/18 00:27:51 Finished transferring input files
...
001 (16630220.061.000) 02/18 00:27:52 Job executing on host: <128.142.161.120:9618?addrs=128.142.161.120-9618+[2001-1458-301-b8--100-36]-9618&alias=b9g03p5843.cern.ch&noUDP&sock=startd_3961_7eb9>
	SlotName: slot1_18@b9g03p5843.cern.ch
	CondorScratchDir = "/pool/condor/dir_3292039"
	Cpus = 1
	Disk = 3978
	GPUs = 0
	Memory = 3000
...
006 (16630220.061.000) 02/18 00:28:01 Image size of job updated: 109404
	107  -  MemoryUsage of job (MB)
	109404  -  ResidentSetSize of job (KB)
...
006 (16630220.061.000) 02/18 00:33:02 Image size of job updated: 366944
	359  -  MemoryUsage of job (MB)
	366944  -  ResidentSetSize of job (KB)
...
006 (16630220.061.000) 02/18 00:38:03 Image size of job updated: 408956
	400  -  MemoryUsage of job (MB)
	408956  -  ResidentSetSize of job (KB)
...
006 (16630220.061.000) 02/18 00:43:03 Image size of job updated: 415412
	406  -  MemoryUsage of job (MB)
	415412  -  ResidentSetSize of job (KB)
...
006 (16630220.061.000) 02/18 00:48:03 Image size of job updated: 416876
	408  -  MemoryUsage of job (MB)
	416876  -  ResidentSetSize of job (KB)
...
006 (16630220.061.000) 02/18 00:53:04 Image size of job updated: 428900
	419  -  MemoryUsage of job (MB)
	428900  -  ResidentSetSize of job (KB)
...
006 (16630220.061.000) 02/18 00:58:04 Image size of job updated: 432976
	423  -  MemoryUsage of job (MB)
	432976  -  ResidentSetSize of job (KB)
...
040 (16630220.061.000) 02/18 01:13:08 Started transferring output files
...
040 (16630220.061.000) 02/18 01:13:08 Finished transferring output files
...
005 (16630220.061.000) 02/18 01:13:08 Job terminated.
	(1) Normal termination (return value 0)
		Usr 0 00:41:44, Sys 0 00:00:14  -  Run Remote Usage
		Usr 0 00:00:00, Sys 0 00:00:00  -  Run Local Usage
		Usr 0 00:41:44, Sys 0 00:00:14  -  Total Remote Usage
		Usr 0 00:00:00, Sys 0 00:00:00  -  Total Local Usage
	8150  -  Run Bytes Sent By Job
	10428  -  Run Bytes Received By Job
	8150  -  Total Bytes Sent By Job
	10428  -  Total Bytes Received By Job
	Partitionable Resources :    Usage  Request Allocated 
	   Cpus                 :     0.99        1         1 
	   Disk (KB)            :    80          12      3978 
	   GPUs                 :                           0 
	   Memory (MB)          :   423        3000      3000 

	Job terminated of its own accord at 2025-02-18T00:13:08Z with exit-code 0.
...
