000 (16630220.048.000) 02/18 00:26:50 Job submitted from host: <188.185.72.155:9618?addrs=188.185.72.155-9618+[2001-1458-d00-8--100-95]-9618&alias=bigbird08.cern.ch&noUDP&sock=schedd_862983_22fa>
...
040 (16630220.048.000) 02/18 00:27:47 Started transferring input files
	Transferring to host: <188.185.193.143:9618?addrs=188.185.193.143-9618+[2001-1458-303-20--100-8b]-9618&alias=b9p19p5754.cern.ch&noUDP&sock=slot1_32_986293_6484_98535>
...
040 (16630220.048.000) 02/18 00:27:47 Finished transferring input files
...
001 (16630220.048.000) 02/18 00:27:48 Job executing on host: <188.185.193.143:9618?addrs=188.185.193.143-9618+[2001-1458-303-20--100-8b]-9618&alias=b9p19p5754.cern.ch&noUDP&sock=startd_10348_721d>
	SlotName: slot1_32@b9p19p5754.cern.ch
	CondorScratchDir = "/pool/condor/dir_480090"
	Cpus = 1
	Disk = 3938
	GPUs = 0
	Memory = 3000
...
006 (16630220.048.000) 02/18 00:27:57 Image size of job updated: 98520
	97  -  MemoryUsage of job (MB)
	98520  -  ResidentSetSize of job (KB)
...
006 (16630220.048.000) 02/18 00:32:58 Image size of job updated: 445444
	436  -  MemoryUsage of job (MB)
	445444  -  ResidentSetSize of job (KB)
...
006 (16630220.048.000) 02/18 00:37:59 Image size of job updated: 488844
	478  -  MemoryUsage of job (MB)
	488844  -  ResidentSetSize of job (KB)
...
006 (16630220.048.000) 02/18 00:42:59 Image size of job updated: 492892
	482  -  MemoryUsage of job (MB)
	492892  -  ResidentSetSize of job (KB)
...
006 (16630220.048.000) 02/18 00:47:59 Image size of job updated: 498680
	487  -  MemoryUsage of job (MB)
	498680  -  ResidentSetSize of job (KB)
...
006 (16630220.048.000) 02/18 00:53:00 Image size of job updated: 501388
	490  -  MemoryUsage of job (MB)
	501388  -  ResidentSetSize of job (KB)
...
006 (16630220.048.000) 02/18 00:58:00 Image size of job updated: 507308
	496  -  MemoryUsage of job (MB)
	507308  -  ResidentSetSize of job (KB)
...
040 (16630220.048.000) 02/18 01:16:54 Started transferring output files
...
040 (16630220.048.000) 02/18 01:16:54 Finished transferring output files
...
005 (16630220.048.000) 02/18 01:16:54 Job terminated.
	(1) Normal termination (return value 0)
		Usr 0 00:45:49, Sys 0 00:00:06  -  Run Remote Usage
		Usr 0 00:00:00, Sys 0 00:00:00  -  Run Local Usage
		Usr 0 00:45:49, Sys 0 00:00:06  -  Total Remote Usage
		Usr 0 00:00:00, Sys 0 00:00:00  -  Total Local Usage
	8152  -  Run Bytes Sent By Job
	10428  -  Run Bytes Received By Job
	8152  -  Total Bytes Sent By Job
	10428  -  Total Bytes Received By Job
	Partitionable Resources :    Usage  Request Allocated 
	   Cpus                 :     0.99        1         1 
	   Disk (KB)            :    81          12      3938 
	   GPUs                 :                           0 
	   Memory (MB)          :   496        3000      3000 

	Job terminated of its own accord at 2025-02-18T00:16:54Z with exit-code 0.
...
