000 (16630220.498.000) 02/18 00:26:51 Job submitted from host: <188.185.72.155:9618?addrs=188.185.72.155-9618+[2001-1458-d00-8--100-95]-9618&alias=bigbird08.cern.ch&noUDP&sock=schedd_862983_22fa>
...
040 (16630220.498.000) 02/18 00:53:07 Started transferring input files
	Transferring to host: <188.185.198.183:9618?addrs=188.185.198.183-9618+[2001-1458-303-25--100-b3]-9618&alias=b9p15p4930.cern.ch&noUDP&sock=slot1_4_2527822_06c2_2818>
...
040 (16630220.498.000) 02/18 00:53:07 Finished transferring input files
...
001 (16630220.498.000) 02/18 00:53:08 Job executing on host: <188.185.198.183:9618?addrs=188.185.198.183-9618+[2001-1458-303-25--100-b3]-9618&alias=b9p15p4930.cern.ch&noUDP&sock=startd_8857_be68>
	SlotName: slot1_4@b9p15p4930.cern.ch
	CondorScratchDir = "/pool/condor/dir_2551177"
	Cpus = 1
	Disk = 3953
	GPUs = 0
	Memory = 3000
...
006 (16630220.498.000) 02/18 00:53:16 Image size of job updated: 2932
	3  -  MemoryUsage of job (MB)
	2932  -  ResidentSetSize of job (KB)
...
006 (16630220.498.000) 02/18 00:58:16 Image size of job updated: 1225208
	1197  -  MemoryUsage of job (MB)
	1225208  -  ResidentSetSize of job (KB)
...
040 (16630220.498.000) 02/18 01:51:43 Started transferring output files
...
040 (16630220.498.000) 02/18 01:51:43 Finished transferring output files
...
005 (16630220.498.000) 02/18 01:51:43 Job terminated.
	(1) Normal termination (return value 0)
		Usr 0 00:55:31, Sys 0 00:00:08  -  Run Remote Usage
		Usr 0 00:00:00, Sys 0 00:00:00  -  Run Local Usage
		Usr 0 00:55:31, Sys 0 00:00:08  -  Total Remote Usage
		Usr 0 00:00:00, Sys 0 00:00:00  -  Total Local Usage
	8155  -  Run Bytes Sent By Job
	10428  -  Run Bytes Received By Job
	8155  -  Total Bytes Sent By Job
	10428  -  Total Bytes Received By Job
	Partitionable Resources :    Usage  Request Allocated 
	   Cpus                 :     0.96        1         1 
	   Disk (KB)            :    80          12      3953 
	   GPUs                 :                           0 
	   Memory (MB)          :  1197        3000      3000 

	Job terminated of its own accord at 2025-02-18T00:51:43Z with exit-code 0.
...
