000 (16630220.467.000) 02/18 00:26:51 Job submitted from host: <188.185.72.155:9618?addrs=188.185.72.155-9618+[2001-1458-d00-8--100-95]-9618&alias=bigbird08.cern.ch&noUDP&sock=schedd_862983_22fa>
...
040 (16630220.467.000) 02/18 00:52:56 Started transferring input files
	Transferring to host: <188.185.194.42:9618?addrs=188.185.194.42-9618+[2001-1458-303-21--100-26]-9618&alias=b9p20p7281.cern.ch&noUDP&sock=slot1_12_3996784_a4d9_23761>
...
040 (16630220.467.000) 02/18 00:52:56 Finished transferring input files
...
001 (16630220.467.000) 02/18 00:52:57 Job executing on host: <188.185.194.42:9618?addrs=188.185.194.42-9618+[2001-1458-303-21--100-26]-9618&alias=b9p20p7281.cern.ch&noUDP&sock=startd_8747_4afd>
	SlotName: slot1_12@b9p20p7281.cern.ch
	CondorScratchDir = "/pool/condor/dir_456477"
	Cpus = 1
	Disk = 3806
	GPUs = 0
	Memory = 3000
...
006 (16630220.467.000) 02/18 00:53:05 Image size of job updated: 89088
	87  -  MemoryUsage of job (MB)
	89088  -  ResidentSetSize of job (KB)
...
006 (16630220.467.000) 02/18 00:58:05 Image size of job updated: 162296
	159  -  MemoryUsage of job (MB)
	162296  -  ResidentSetSize of job (KB)
...
006 (16630220.467.000) 02/18 01:03:06 Image size of job updated: 172892
	169  -  MemoryUsage of job (MB)
	172892  -  ResidentSetSize of job (KB)
...
006 (16630220.467.000) 02/18 01:08:06 Image size of job updated: 177096
	173  -  MemoryUsage of job (MB)
	177096  -  ResidentSetSize of job (KB)
...
006 (16630220.467.000) 02/18 01:13:06 Image size of job updated: 180792
	177  -  MemoryUsage of job (MB)
	180792  -  ResidentSetSize of job (KB)
...
006 (16630220.467.000) 02/18 01:28:08 Image size of job updated: 199592
	195  -  MemoryUsage of job (MB)
	199592  -  ResidentSetSize of job (KB)
...
006 (16630220.467.000) 02/18 01:33:09 Image size of job updated: 203704
	199  -  MemoryUsage of job (MB)
	203704  -  ResidentSetSize of job (KB)
...
006 (16630220.467.000) 02/18 01:38:10 Image size of job updated: 206892
	203  -  MemoryUsage of job (MB)
	206892  -  ResidentSetSize of job (KB)
...
040 (16630220.467.000) 02/18 01:42:50 Started transferring output files
...
040 (16630220.467.000) 02/18 01:42:50 Finished transferring output files
...
005 (16630220.467.000) 02/18 01:42:50 Job terminated.
	(1) Normal termination (return value 0)
		Usr 0 00:48:59, Sys 0 00:00:04  -  Run Remote Usage
		Usr 0 00:00:00, Sys 0 00:00:00  -  Run Local Usage
		Usr 0 00:48:59, Sys 0 00:00:04  -  Total Remote Usage
		Usr 0 00:00:00, Sys 0 00:00:00  -  Total Local Usage
	8155  -  Run Bytes Sent By Job
	10428  -  Run Bytes Received By Job
	8155  -  Total Bytes Sent By Job
	10428  -  Total Bytes Received By Job
	Partitionable Resources :    Usage  Request Allocated 
	   Cpus                 :     0.99        1         1 
	   Disk (KB)            :    81          12      3806 
	   GPUs                 :                           0 
	   Memory (MB)          :   203        3000      3000 

	Job terminated of its own accord at 2025-02-18T00:42:50Z with exit-code 0.
...
