000 (16630220.200.000) 02/18 00:26:50 Job submitted from host: <188.185.72.155:9618?addrs=188.185.72.155-9618+[2001-1458-d00-8--100-95]-9618&alias=bigbird08.cern.ch&noUDP&sock=schedd_862983_22fa>
...
040 (16630220.200.000) 02/18 00:48:23 Started transferring input files
	Transferring to host: <188.185.193.125:9618?addrs=188.185.193.125-9618+[2001-1458-303-20--100-79]-9618&alias=b9p19p7400.cern.ch&noUDP&sock=slot1_30_739874_ea40_4526>
...
040 (16630220.200.000) 02/18 00:48:23 Finished transferring input files
...
001 (16630220.200.000) 02/18 00:48:24 Job executing on host: <188.185.193.125:9618?addrs=188.185.193.125-9618+[2001-1458-303-20--100-79]-9618&alias=b9p19p7400.cern.ch&noUDP&sock=startd_8975_ae95>
	SlotName: slot1_30@b9p19p7400.cern.ch
	CondorScratchDir = "/pool/condor/dir_2273747"
	Cpus = 1
	Disk = 3844
	GPUs = 0
	Memory = 3000
...
006 (16630220.200.000) 02/18 00:48:33 Image size of job updated: 96680
	95  -  MemoryUsage of job (MB)
	96680  -  ResidentSetSize of job (KB)
...
006 (16630220.200.000) 02/18 00:53:34 Image size of job updated: 168800
	165  -  MemoryUsage of job (MB)
	168800  -  ResidentSetSize of job (KB)
...
006 (16630220.200.000) 02/18 00:58:35 Image size of job updated: 175504
	172  -  MemoryUsage of job (MB)
	175504  -  ResidentSetSize of job (KB)
...
040 (16630220.200.000) 02/18 01:30:28 Started transferring output files
...
040 (16630220.200.000) 02/18 01:30:28 Finished transferring output files
...
005 (16630220.200.000) 02/18 01:30:28 Job terminated.
	(1) Normal termination (return value 0)
		Usr 0 00:40:59, Sys 0 00:00:08  -  Run Remote Usage
		Usr 0 00:00:00, Sys 0 00:00:00  -  Run Local Usage
		Usr 0 00:40:59, Sys 0 00:00:08  -  Total Remote Usage
		Usr 0 00:00:00, Sys 0 00:00:00  -  Total Local Usage
	8153  -  Run Bytes Sent By Job
	10428  -  Run Bytes Received By Job
	8153  -  Total Bytes Sent By Job
	10428  -  Total Bytes Received By Job
	Partitionable Resources :    Usage  Request Allocated 
	   Cpus                 :     0.99        1         1 
	   Disk (KB)            :    81          12      3844 
	   GPUs                 :                           0 
	   Memory (MB)          :   172        3000      3000 

	Job terminated of its own accord at 2025-02-18T00:30:28Z with exit-code 0.
...
