000 (16630220.164.000) 02/18 00:26:50 Job submitted from host: <188.185.72.155:9618?addrs=188.185.72.155-9618+[2001-1458-d00-8--100-95]-9618&alias=bigbird08.cern.ch&noUDP&sock=schedd_862983_22fa>
...
040 (16630220.164.000) 02/18 00:48:05 Started transferring input files
	Transferring to host: <188.185.209.175:9618?addrs=188.185.209.175-9618+[2001-1458-303-12--100-2c]-9618&alias=b9p12p7804.cern.ch&noUDP&sock=slot1_6_4125_2f81_126108>
...
040 (16630220.164.000) 02/18 00:48:05 Finished transferring input files
...
001 (16630220.164.000) 02/18 00:48:06 Job executing on host: <188.185.209.175:9618?addrs=188.185.209.175-9618+[2001-1458-303-12--100-2c]-9618&alias=b9p12p7804.cern.ch&noUDP&sock=startd_3499_99f8>
	SlotName: slot1_6@b9p12p7804.cern.ch
	CondorScratchDir = "/pool/condor/dir_1510035"
	Cpus = 1
	Disk = 3633
	GPUs = 0
	Memory = 3000
...
006 (16630220.164.000) 02/18 00:48:14 Image size of job updated: 502820
	492  -  MemoryUsage of job (MB)
	502820  -  ResidentSetSize of job (KB)
...
006 (16630220.164.000) 02/18 00:53:14 Image size of job updated: 1246436
	1218  -  MemoryUsage of job (MB)
	1246436  -  ResidentSetSize of job (KB)
...
006 (16630220.164.000) 02/18 00:58:15 Image size of job updated: 1252064
	1223  -  MemoryUsage of job (MB)
	1252064  -  ResidentSetSize of job (KB)
...
040 (16630220.164.000) 02/18 01:18:22 Started transferring output files
...
040 (16630220.164.000) 02/18 01:18:22 Finished transferring output files
...
005 (16630220.164.000) 02/18 01:18:22 Job terminated.
	(1) Normal termination (return value 0)
		Usr 0 00:28:57, Sys 0 00:00:08  -  Run Remote Usage
		Usr 0 00:00:00, Sys 0 00:00:00  -  Run Local Usage
		Usr 0 00:28:57, Sys 0 00:00:08  -  Total Remote Usage
		Usr 0 00:00:00, Sys 0 00:00:00  -  Total Local Usage
	8155  -  Run Bytes Sent By Job
	10428  -  Run Bytes Received By Job
	8155  -  Total Bytes Sent By Job
	10428  -  Total Bytes Received By Job
	Partitionable Resources :    Usage  Request Allocated 
	   Cpus                 :     0.99        1         1 
	   Disk (KB)            :    84          12      3633 
	   GPUs                 :                           0 
	   Memory (MB)          :  1223        3000      3000 

	Job terminated of its own accord at 2025-02-18T00:18:22Z with exit-code 0.
...
