000 (16630220.283.000) 02/18 00:26:51 Job submitted from host: <188.185.72.155:9618?addrs=188.185.72.155-9618+[2001-1458-d00-8--100-95]-9618&alias=bigbird08.cern.ch&noUDP&sock=schedd_862983_22fa>
...
040 (16630220.283.000) 02/18 00:49:11 Started transferring input files
	Transferring to host: <128.142.33.203:9618?addrs=128.142.33.203-9618+[2001-1458-301-39--100-8]-9618&alias=b9g24p0512.cern.ch&noUDP&sock=slot1_45_1634666_d362_85624>
...
040 (16630220.283.000) 02/18 00:49:11 Finished transferring input files
...
001 (16630220.283.000) 02/18 00:49:12 Job executing on host: <128.142.33.203:9618?addrs=128.142.33.203-9618+[2001-1458-301-39--100-8]-9618&alias=b9g24p0512.cern.ch&noUDP&sock=startd_5283_46ed>
	SlotName: slot1_45@b9g24p0512.cern.ch
	CondorScratchDir = "/pool/condor/dir_1128238"
	Cpus = 1
	Disk = 3763
	GPUs = 0
	Memory = 3000
...
006 (16630220.283.000) 02/18 00:49:21 Image size of job updated: 100804
	99  -  MemoryUsage of job (MB)
	100804  -  ResidentSetSize of job (KB)
...
006 (16630220.283.000) 02/18 00:54:22 Image size of job updated: 164104
	161  -  MemoryUsage of job (MB)
	164104  -  ResidentSetSize of job (KB)
...
006 (16630220.283.000) 02/18 00:59:22 Image size of job updated: 170612
	167  -  MemoryUsage of job (MB)
	170612  -  ResidentSetSize of job (KB)
...
006 (16630220.283.000) 02/18 01:04:23 Image size of job updated: 174240
	171  -  MemoryUsage of job (MB)
	174240  -  ResidentSetSize of job (KB)
...
006 (16630220.283.000) 02/18 01:09:24 Image size of job updated: 187724
	184  -  MemoryUsage of job (MB)
	187724  -  ResidentSetSize of job (KB)
...
006 (16630220.283.000) 02/18 01:14:24 Image size of job updated: 191812
	188  -  MemoryUsage of job (MB)
	191812  -  ResidentSetSize of job (KB)
...
006 (16630220.283.000) 02/18 01:19:24 Image size of job updated: 197504
	193  -  MemoryUsage of job (MB)
	197504  -  ResidentSetSize of job (KB)
...
040 (16630220.283.000) 02/18 01:23:03 Started transferring output files
...
040 (16630220.283.000) 02/18 01:23:03 Finished transferring output files
...
005 (16630220.283.000) 02/18 01:23:03 Job terminated.
	(1) Normal termination (return value 0)
		Usr 0 00:32:48, Sys 0 00:00:10  -  Run Remote Usage
		Usr 0 00:00:00, Sys 0 00:00:00  -  Run Local Usage
		Usr 0 00:32:48, Sys 0 00:00:10  -  Total Remote Usage
		Usr 0 00:00:00, Sys 0 00:00:00  -  Total Local Usage
	8153  -  Run Bytes Sent By Job
	10428  -  Run Bytes Received By Job
	8153  -  Total Bytes Sent By Job
	10428  -  Total Bytes Received By Job
	Partitionable Resources :    Usage  Request Allocated 
	   Cpus                 :     0.99        1         1 
	   Disk (KB)            :    80          12      3763 
	   GPUs                 :                           0 
	   Memory (MB)          :   193        3000      3000 

	Job terminated of its own accord at 2025-02-18T00:23:03Z with exit-code 0.
...
