000 (16630220.331.000) 02/18 00:26:51 Job submitted from host: <188.185.72.155:9618?addrs=188.185.72.155-9618+[2001-1458-d00-8--100-95]-9618&alias=bigbird08.cern.ch&noUDP&sock=schedd_862983_22fa>
...
040 (16630220.331.000) 02/18 00:49:30 Started transferring input files
	Transferring to host: <188.185.193.9:9618?addrs=188.185.193.9-9618+[2001-1458-303-20--100-5]-9618&alias=b9p19p9968.cern.ch&noUDP&sock=slot1_7_3784878_b270_47880>
...
040 (16630220.331.000) 02/18 00:49:30 Finished transferring input files
...
001 (16630220.331.000) 02/18 00:49:31 Job executing on host: <188.185.193.9:9618?addrs=188.185.193.9-9618+[2001-1458-303-20--100-5]-9618&alias=b9p19p9968.cern.ch&noUDP&sock=startd_4510_1037>
	SlotName: slot1_7@b9p19p9968.cern.ch
	CondorScratchDir = "/pool/condor/dir_1259301"
	Cpus = 1
	Disk = 3798
	GPUs = 0
	Memory = 3000
...
006 (16630220.331.000) 02/18 00:49:39 Image size of job updated: 419932
	411  -  MemoryUsage of job (MB)
	419932  -  ResidentSetSize of job (KB)
...
006 (16630220.331.000) 02/18 00:54:39 Image size of job updated: 875596
	856  -  MemoryUsage of job (MB)
	875596  -  ResidentSetSize of job (KB)
...
006 (16630220.331.000) 02/18 00:59:40 Image size of job updated: 916948
	896  -  MemoryUsage of job (MB)
	916948  -  ResidentSetSize of job (KB)
...
040 (16630220.331.000) 02/18 01:27:23 Started transferring output files
...
040 (16630220.331.000) 02/18 01:27:23 Finished transferring output files
...
005 (16630220.331.000) 02/18 01:27:23 Job terminated.
	(1) Normal termination (return value 0)
		Usr 0 00:36:40, Sys 0 00:00:03  -  Run Remote Usage
		Usr 0 00:00:00, Sys 0 00:00:00  -  Run Local Usage
		Usr 0 00:36:40, Sys 0 00:00:03  -  Total Remote Usage
		Usr 0 00:00:00, Sys 0 00:00:00  -  Total Local Usage
	8155  -  Run Bytes Sent By Job
	10428  -  Run Bytes Received By Job
	8155  -  Total Bytes Sent By Job
	10428  -  Total Bytes Received By Job
	Partitionable Resources :    Usage  Request Allocated 
	   Cpus                 :     0.99        1         1 
	   Disk (KB)            :    81          12      3798 
	   GPUs                 :                           0 
	   Memory (MB)          :   896        3000      3000 

	Job terminated of its own accord at 2025-02-18T00:27:23Z with exit-code 0.
...
