000 (16630220.413.000) 02/18 00:26:51 Job submitted from host: <188.185.72.155:9618?addrs=188.185.72.155-9618+[2001-1458-d00-8--100-95]-9618&alias=bigbird08.cern.ch&noUDP&sock=schedd_862983_22fa>
...
040 (16630220.413.000) 02/18 00:50:01 Started transferring input files
	Transferring to host: <128.142.161.120:9618?addrs=128.142.161.120-9618+[2001-1458-301-b8--100-36]-9618&alias=b9g03p5843.cern.ch&noUDP&sock=slot1_24_5098_c088_2783>
...
040 (16630220.413.000) 02/18 00:50:01 Finished transferring input files
...
001 (16630220.413.000) 02/18 00:50:02 Job executing on host: <128.142.161.120:9618?addrs=128.142.161.120-9618+[2001-1458-301-b8--100-36]-9618&alias=b9g03p5843.cern.ch&noUDP&sock=startd_3961_7eb9>
	SlotName: slot1_24@b9g03p5843.cern.ch
	CondorScratchDir = "/pool/condor/dir_3345072"
	Cpus = 1
	Disk = 3976
	GPUs = 0
	Memory = 3000
...
006 (16630220.413.000) 02/18 00:50:10 Image size of job updated: 113576
	111  -  MemoryUsage of job (MB)
	113576  -  ResidentSetSize of job (KB)
...
006 (16630220.413.000) 02/18 00:55:10 Image size of job updated: 125988
	124  -  MemoryUsage of job (MB)
	125988  -  ResidentSetSize of job (KB)
...
006 (16630220.413.000) 02/18 01:00:11 Image size of job updated: 167124
	164  -  MemoryUsage of job (MB)
	167124  -  ResidentSetSize of job (KB)
...
006 (16630220.413.000) 02/18 01:05:11 Image size of job updated: 170320
	167  -  MemoryUsage of job (MB)
	170320  -  ResidentSetSize of job (KB)
...
006 (16630220.413.000) 02/18 01:10:11 Image size of job updated: 175620
	172  -  MemoryUsage of job (MB)
	175620  -  ResidentSetSize of job (KB)
...
006 (16630220.413.000) 02/18 01:20:13 Image size of job updated: 181532
	178  -  MemoryUsage of job (MB)
	181532  -  ResidentSetSize of job (KB)
...
006 (16630220.413.000) 02/18 01:25:13 Image size of job updated: 185476
	182  -  MemoryUsage of job (MB)
	185476  -  ResidentSetSize of job (KB)
...
006 (16630220.413.000) 02/18 01:30:14 Image size of job updated: 189208
	185  -  MemoryUsage of job (MB)
	189208  -  ResidentSetSize of job (KB)
...
006 (16630220.413.000) 02/18 01:35:15 Image size of job updated: 194388
	190  -  MemoryUsage of job (MB)
	194388  -  ResidentSetSize of job (KB)
...
040 (16630220.413.000) 02/18 01:37:53 Started transferring output files
...
040 (16630220.413.000) 02/18 01:37:53 Finished transferring output files
...
005 (16630220.413.000) 02/18 01:37:53 Job terminated.
	(1) Normal termination (return value 0)
		Usr 0 00:47:01, Sys 0 00:00:03  -  Run Remote Usage
		Usr 0 00:00:00, Sys 0 00:00:00  -  Run Local Usage
		Usr 0 00:47:01, Sys 0 00:00:03  -  Total Remote Usage
		Usr 0 00:00:00, Sys 0 00:00:00  -  Total Local Usage
	8155  -  Run Bytes Sent By Job
	10428  -  Run Bytes Received By Job
	8155  -  Total Bytes Sent By Job
	10428  -  Total Bytes Received By Job
	Partitionable Resources :    Usage  Request Allocated 
	   Cpus                 :     0.99        1         1 
	   Disk (KB)            :    80          12      3976 
	   GPUs                 :                           0 
	   Memory (MB)          :   190        3000      3000 

	Job terminated of its own accord at 2025-02-18T00:37:53Z with exit-code 0.
...
