000 (16630220.228.000) 02/18 00:26:51 Job submitted from host: <188.185.72.155:9618?addrs=188.185.72.155-9618+[2001-1458-d00-8--100-95]-9618&alias=bigbird08.cern.ch&noUDP&sock=schedd_862983_22fa>
...
040 (16630220.228.000) 02/18 00:48:53 Started transferring input files
	Transferring to host: <128.142.132.103:9618?addrs=128.142.132.103-9618+[2001-1458-301-5a--100-5b]-9618&alias=b9g12p0948.cern.ch&noUDP&sock=slot1_13_2408033_d6db_86407>
...
040 (16630220.228.000) 02/18 00:48:53 Finished transferring input files
...
001 (16630220.228.000) 02/18 00:48:54 Job executing on host: <128.142.132.103:9618?addrs=128.142.132.103-9618+[2001-1458-301-5a--100-5b]-9618&alias=b9g12p0948.cern.ch&noUDP&sock=startd_2416_c0e6>
	SlotName: slot1_13@b9g12p0948.cern.ch
	CondorScratchDir = "/pool/condor/dir_3150431"
	Cpus = 1
	Disk = 2685
	GPUs = 0
	Memory = 3000
...
006 (16630220.228.000) 02/18 00:49:03 Image size of job updated: 88248
	87  -  MemoryUsage of job (MB)
	88248  -  ResidentSetSize of job (KB)
...
006 (16630220.228.000) 02/18 00:54:04 Image size of job updated: 162788
	159  -  MemoryUsage of job (MB)
	162788  -  ResidentSetSize of job (KB)
...
006 (16630220.228.000) 02/18 00:59:05 Image size of job updated: 165276
	162  -  MemoryUsage of job (MB)
	165276  -  ResidentSetSize of job (KB)
...
006 (16630220.228.000) 02/18 01:04:05 Image size of job updated: 177304
	174  -  MemoryUsage of job (MB)
	177304  -  ResidentSetSize of job (KB)
...
006 (16630220.228.000) 02/18 01:09:05 Image size of job updated: 180220
	176  -  MemoryUsage of job (MB)
	180220  -  ResidentSetSize of job (KB)
...
006 (16630220.228.000) 02/18 01:14:06 Image size of job updated: 181632
	178  -  MemoryUsage of job (MB)
	181632  -  ResidentSetSize of job (KB)
...
006 (16630220.228.000) 02/18 01:24:06 Image size of job updated: 193380
	189  -  MemoryUsage of job (MB)
	193380  -  ResidentSetSize of job (KB)
...
006 (16630220.228.000) 02/18 01:29:07 Image size of job updated: 197484
	193  -  MemoryUsage of job (MB)
	197484  -  ResidentSetSize of job (KB)
...
006 (16630220.228.000) 02/18 01:34:08 Image size of job updated: 199708
	196  -  MemoryUsage of job (MB)
	199708  -  ResidentSetSize of job (KB)
...
006 (16630220.228.000) 02/18 01:39:08 Image size of job updated: 204680
	200  -  MemoryUsage of job (MB)
	204680  -  ResidentSetSize of job (KB)
...
040 (16630220.228.000) 02/18 01:42:13 Started transferring output files
...
040 (16630220.228.000) 02/18 01:42:13 Finished transferring output files
...
005 (16630220.228.000) 02/18 01:42:13 Job terminated.
	(1) Normal termination (return value 0)
		Usr 0 00:52:27, Sys 0 00:00:04  -  Run Remote Usage
		Usr 0 00:00:00, Sys 0 00:00:00  -  Run Local Usage
		Usr 0 00:52:27, Sys 0 00:00:04  -  Total Remote Usage
		Usr 0 00:00:00, Sys 0 00:00:00  -  Total Local Usage
	8153  -  Run Bytes Sent By Job
	10428  -  Run Bytes Received By Job
	8153  -  Total Bytes Sent By Job
	10428  -  Total Bytes Received By Job
	Partitionable Resources :    Usage  Request Allocated 
	   Cpus                 :     0.99        1         1 
	   Disk (KB)            :    80          12      2685 
	   GPUs                 :                           0 
	   Memory (MB)          :   200        3000      3000 

	Job terminated of its own accord at 2025-02-18T00:42:13Z with exit-code 0.
...
