000 (16630220.096.000) 02/18 00:26:50 Job submitted from host: <188.185.72.155:9618?addrs=188.185.72.155-9618+[2001-1458-d00-8--100-95]-9618&alias=bigbird08.cern.ch&noUDP&sock=schedd_862983_22fa>
...
040 (16630220.096.000) 02/18 00:28:06 Started transferring input files
	Transferring to host: <188.185.198.127:9618?addrs=188.185.198.127-9618+[2001-1458-303-25--100-7b]-9618&alias=b9p15p1592.cern.ch&noUDP&sock=slot1_18_2684691_6d8d_3382>
...
040 (16630220.096.000) 02/18 00:28:06 Finished transferring input files
...
001 (16630220.096.000) 02/18 00:28:07 Job executing on host: <188.185.198.127:9618?addrs=188.185.198.127-9618+[2001-1458-303-25--100-7b]-9618&alias=b9p15p1592.cern.ch&noUDP&sock=startd_6590_c535>
	SlotName: slot1_18@b9p15p1592.cern.ch
	CondorScratchDir = "/pool/condor/dir_1397991"
	Cpus = 1
	Disk = 3930
	GPUs = 0
	Memory = 3000
...
006 (16630220.096.000) 02/18 00:28:15 Image size of job updated: 91308
	90  -  MemoryUsage of job (MB)
	91308  -  ResidentSetSize of job (KB)
...
006 (16630220.096.000) 02/18 00:33:15 Image size of job updated: 259004
	253  -  MemoryUsage of job (MB)
	259004  -  ResidentSetSize of job (KB)
...
006 (16630220.096.000) 02/18 00:38:16 Image size of job updated: 301680
	295  -  MemoryUsage of job (MB)
	301680  -  ResidentSetSize of job (KB)
...
006 (16630220.096.000) 02/18 00:43:16 Image size of job updated: 307308
	301  -  MemoryUsage of job (MB)
	307308  -  ResidentSetSize of job (KB)
...
006 (16630220.096.000) 02/18 00:48:16 Image size of job updated: 312724
	306  -  MemoryUsage of job (MB)
	312724  -  ResidentSetSize of job (KB)
...
040 (16630220.096.000) 02/18 01:17:14 Started transferring output files
...
040 (16630220.096.000) 02/18 01:17:14 Finished transferring output files
...
005 (16630220.096.000) 02/18 01:17:14 Job terminated.
	(1) Normal termination (return value 0)
		Usr 0 00:46:15, Sys 0 00:00:05  -  Run Remote Usage
		Usr 0 00:00:00, Sys 0 00:00:00  -  Run Local Usage
		Usr 0 00:46:15, Sys 0 00:00:05  -  Total Remote Usage
		Usr 0 00:00:00, Sys 0 00:00:00  -  Total Local Usage
	8152  -  Run Bytes Sent By Job
	10428  -  Run Bytes Received By Job
	8152  -  Total Bytes Sent By Job
	10428  -  Total Bytes Received By Job
	Partitionable Resources :    Usage  Request Allocated 
	   Cpus                 :     0.99        1         1 
	   Disk (KB)            :    80          12      3930 
	   GPUs                 :                           0 
	   Memory (MB)          :   306        3000      3000 

	Job terminated of its own accord at 2025-02-18T00:17:14Z with exit-code 0.
...
