000 (16630220.278.000) 02/18 00:26:51 Job submitted from host: <188.185.72.155:9618?addrs=188.185.72.155-9618+[2001-1458-d00-8--100-95]-9618&alias=bigbird08.cern.ch&noUDP&sock=schedd_862983_22fa>
...
040 (16630220.278.000) 02/18 00:49:09 Started transferring input files
	Transferring to host: <128.142.33.203:9618?addrs=128.142.33.203-9618+[2001-1458-301-39--100-8]-9618&alias=b9g24p0512.cern.ch&noUDP&sock=slot1_44_1634666_d362_85623>
...
040 (16630220.278.000) 02/18 00:49:09 Finished transferring input files
...
001 (16630220.278.000) 02/18 00:49:10 Job executing on host: <128.142.33.203:9618?addrs=128.142.33.203-9618+[2001-1458-301-39--100-8]-9618&alias=b9g24p0512.cern.ch&noUDP&sock=startd_5283_46ed>
	SlotName: slot1_44@b9g24p0512.cern.ch
	CondorScratchDir = "/pool/condor/dir_1128072"
	Cpus = 1
	Disk = 3763
	GPUs = 0
	Memory = 3000
...
006 (16630220.278.000) 02/18 00:49:19 Image size of job updated: 99964
	98  -  MemoryUsage of job (MB)
	99964  -  ResidentSetSize of job (KB)
...
006 (16630220.278.000) 02/18 00:54:20 Image size of job updated: 165100
	162  -  MemoryUsage of job (MB)
	165100  -  ResidentSetSize of job (KB)
...
006 (16630220.278.000) 02/18 00:59:21 Image size of job updated: 171828
	168  -  MemoryUsage of job (MB)
	171828  -  ResidentSetSize of job (KB)
...
006 (16630220.278.000) 02/18 01:04:21 Image size of job updated: 175804
	172  -  MemoryUsage of job (MB)
	175804  -  ResidentSetSize of job (KB)
...
006 (16630220.278.000) 02/18 01:09:22 Image size of job updated: 181828
	178  -  MemoryUsage of job (MB)
	181828  -  ResidentSetSize of job (KB)
...
006 (16630220.278.000) 02/18 01:14:23 Image size of job updated: 188760
	185  -  MemoryUsage of job (MB)
	188760  -  ResidentSetSize of job (KB)
...
006 (16630220.278.000) 02/18 01:19:23 Image size of job updated: 193840
	190  -  MemoryUsage of job (MB)
	193840  -  ResidentSetSize of job (KB)
...
040 (16630220.278.000) 02/18 01:22:47 Started transferring output files
...
040 (16630220.278.000) 02/18 01:22:47 Finished transferring output files
...
005 (16630220.278.000) 02/18 01:22:47 Job terminated.
	(1) Normal termination (return value 0)
		Usr 0 00:32:46, Sys 0 00:00:06  -  Run Remote Usage
		Usr 0 00:00:00, Sys 0 00:00:00  -  Run Local Usage
		Usr 0 00:32:46, Sys 0 00:00:06  -  Total Remote Usage
		Usr 0 00:00:00, Sys 0 00:00:00  -  Total Local Usage
	8153  -  Run Bytes Sent By Job
	10428  -  Run Bytes Received By Job
	8153  -  Total Bytes Sent By Job
	10428  -  Total Bytes Received By Job
	Partitionable Resources :    Usage  Request Allocated 
	   Cpus                 :     0.98        1         1 
	   Disk (KB)            :    80          12      3763 
	   GPUs                 :                           0 
	   Memory (MB)          :   190        3000      3000 

	Job terminated of its own accord at 2025-02-18T00:22:47Z with exit-code 0.
...
