000 (16630220.154.000) 02/18 00:26:50 Job submitted from host: <188.185.72.155:9618?addrs=188.185.72.155-9618+[2001-1458-d00-8--100-95]-9618&alias=bigbird08.cern.ch&noUDP&sock=schedd_862983_22fa>
...
040 (16630220.154.000) 02/18 00:48:04 Started transferring input files
	Transferring to host: <128.142.132.174:9618?addrs=128.142.132.174-9618+[2001-1458-301-5a--100-a2]-9618&alias=b9g12p1875.cern.ch&noUDP&sock=slot1_28_2767_5a0a_115629>
...
040 (16630220.154.000) 02/18 00:48:04 Finished transferring input files
...
001 (16630220.154.000) 02/18 00:48:05 Job executing on host: <128.142.132.174:9618?addrs=128.142.132.174-9618+[2001-1458-301-5a--100-a2]-9618&alias=b9g12p1875.cern.ch&noUDP&sock=startd_2402_2693>
	SlotName: slot1_28@b9g12p1875.cern.ch
	CondorScratchDir = "/pool/condor/dir_1004198"
	Cpus = 1
	Disk = 2689
	GPUs = 0
	Memory = 3000
...
006 (16630220.154.000) 02/18 00:48:14 Image size of job updated: 340748
	333  -  MemoryUsage of job (MB)
	340748  -  ResidentSetSize of job (KB)
...
006 (16630220.154.000) 02/18 00:53:15 Image size of job updated: 1204316
	1177  -  MemoryUsage of job (MB)
	1204316  -  ResidentSetSize of job (KB)
...
040 (16630220.154.000) 02/18 01:49:18 Started transferring output files
...
040 (16630220.154.000) 02/18 01:49:18 Finished transferring output files
...
005 (16630220.154.000) 02/18 01:49:18 Job terminated.
	(1) Normal termination (return value 0)
		Usr 0 00:59:33, Sys 0 00:00:04  -  Run Remote Usage
		Usr 0 00:00:00, Sys 0 00:00:00  -  Run Local Usage
		Usr 0 00:59:33, Sys 0 00:00:04  -  Total Remote Usage
		Usr 0 00:00:00, Sys 0 00:00:00  -  Total Local Usage
	8155  -  Run Bytes Sent By Job
	10428  -  Run Bytes Received By Job
	8155  -  Total Bytes Sent By Job
	10428  -  Total Bytes Received By Job
	Partitionable Resources :    Usage  Request Allocated 
	   Cpus                 :     0.99        1         1 
	   Disk (KB)            :    81          12      2689 
	   GPUs                 :                           0 
	   Memory (MB)          :  1177        3000      3000 

	Job terminated of its own accord at 2025-02-18T00:49:18Z with exit-code 0.
...
