000 (16630220.481.000) 02/18 00:26:51 Job submitted from host: <188.185.72.155:9618?addrs=188.185.72.155-9618+[2001-1458-d00-8--100-95]-9618&alias=bigbird08.cern.ch&noUDP&sock=schedd_862983_22fa>
...
040 (16630220.481.000) 02/18 00:53:01 Started transferring input files
	Transferring to host: <128.142.33.220:9618?addrs=128.142.33.220-9618+[2001-1458-301-39--100-19]-9618&alias=b9g24p0879.cern.ch&noUDP&sock=slot1_21_4754_5f7a_68835>
...
040 (16630220.481.000) 02/18 00:53:01 Finished transferring input files
...
001 (16630220.481.000) 02/18 00:53:02 Job executing on host: <128.142.33.220:9618?addrs=128.142.33.220-9618+[2001-1458-301-39--100-19]-9618&alias=b9g24p0879.cern.ch&noUDP&sock=startd_3992_c228>
	SlotName: slot1_21@b9g24p0879.cern.ch
	CondorScratchDir = "/pool/condor/dir_3696816"
	Cpus = 1
	Disk = 3764
	GPUs = 0
	Memory = 3000
...
006 (16630220.481.000) 02/18 00:53:10 Image size of job updated: 87540
	86  -  MemoryUsage of job (MB)
	87540  -  ResidentSetSize of job (KB)
...
006 (16630220.481.000) 02/18 00:58:10 Image size of job updated: 160308
	157  -  MemoryUsage of job (MB)
	160308  -  ResidentSetSize of job (KB)
...
006 (16630220.481.000) 02/18 01:03:11 Image size of job updated: 169772
	166  -  MemoryUsage of job (MB)
	169772  -  ResidentSetSize of job (KB)
...
006 (16630220.481.000) 02/18 01:08:12 Image size of job updated: 175140
	172  -  MemoryUsage of job (MB)
	175140  -  ResidentSetSize of job (KB)
...
006 (16630220.481.000) 02/18 01:18:13 Image size of job updated: 202436
	198  -  MemoryUsage of job (MB)
	202436  -  ResidentSetSize of job (KB)
...
006 (16630220.481.000) 02/18 01:23:14 Image size of job updated: 204748
	200  -  MemoryUsage of job (MB)
	204748  -  ResidentSetSize of job (KB)
...
006 (16630220.481.000) 02/18 01:28:14 Image size of job updated: 209740
	205  -  MemoryUsage of job (MB)
	209740  -  ResidentSetSize of job (KB)
...
040 (16630220.481.000) 02/18 01:32:25 Started transferring output files
...
040 (16630220.481.000) 02/18 01:32:25 Finished transferring output files
...
005 (16630220.481.000) 02/18 01:32:25 Job terminated.
	(1) Normal termination (return value 0)
		Usr 0 00:38:21, Sys 0 00:00:06  -  Run Remote Usage
		Usr 0 00:00:00, Sys 0 00:00:00  -  Run Local Usage
		Usr 0 00:38:21, Sys 0 00:00:06  -  Total Remote Usage
		Usr 0 00:00:00, Sys 0 00:00:00  -  Total Local Usage
	8155  -  Run Bytes Sent By Job
	10428  -  Run Bytes Received By Job
	8155  -  Total Bytes Sent By Job
	10428  -  Total Bytes Received By Job
	Partitionable Resources :    Usage  Request Allocated 
	   Cpus                 :     0.99        1         1 
	   Disk (KB)            :    81          12      3764 
	   GPUs                 :                           0 
	   Memory (MB)          :   205        3000      3000 

	Job terminated of its own accord at 2025-02-18T00:32:25Z with exit-code 0.
...
