000 (16630220.287.000) 02/18 00:26:51 Job submitted from host: <188.185.72.155:9618?addrs=188.185.72.155-9618+[2001-1458-d00-8--100-95]-9618&alias=bigbird08.cern.ch&noUDP&sock=schedd_862983_22fa>
...
040 (16630220.287.000) 02/18 00:49:13 Started transferring input files
	Transferring to host: <128.142.137.176:9618?addrs=128.142.137.176-9618+[2001-1458-301-5e--100-a4]-9618&alias=b9g19p4811.cern.ch&noUDP&sock=slot1_43_2805_204b_113834>
...
040 (16630220.287.000) 02/18 00:49:13 Finished transferring input files
...
001 (16630220.287.000) 02/18 00:49:14 Job executing on host: <128.142.137.176:9618?addrs=128.142.137.176-9618+[2001-1458-301-5e--100-a4]-9618&alias=b9g19p4811.cern.ch&noUDP&sock=startd_2442_965d>
	SlotName: slot1_43@b9g19p4811.cern.ch
	CondorScratchDir = "/pool/condor/dir_3105383"
	Cpus = 1
	Disk = 2612
	GPUs = 0
	Memory = 3000
...
006 (16630220.287.000) 02/18 00:49:23 Image size of job updated: 93072
	91  -  MemoryUsage of job (MB)
	93072  -  ResidentSetSize of job (KB)
...
006 (16630220.287.000) 02/18 00:54:24 Image size of job updated: 247780
	242  -  MemoryUsage of job (MB)
	247780  -  ResidentSetSize of job (KB)
...
006 (16630220.287.000) 02/18 00:59:24 Image size of job updated: 286960
	281  -  MemoryUsage of job (MB)
	286960  -  ResidentSetSize of job (KB)
...
040 (16630220.287.000) 02/18 01:52:49 Started transferring output files
...
040 (16630220.287.000) 02/18 01:52:49 Finished transferring output files
...
005 (16630220.287.000) 02/18 01:52:49 Job terminated.
	(1) Normal termination (return value 0)
		Usr 0 01:01:27, Sys 0 00:00:10  -  Run Remote Usage
		Usr 0 00:00:00, Sys 0 00:00:00  -  Run Local Usage
		Usr 0 01:01:27, Sys 0 00:00:10  -  Total Remote Usage
		Usr 0 00:00:00, Sys 0 00:00:00  -  Total Local Usage
	8155  -  Run Bytes Sent By Job
	10428  -  Run Bytes Received By Job
	8155  -  Total Bytes Sent By Job
	10428  -  Total Bytes Received By Job
	Partitionable Resources :    Usage  Request Allocated 
	   Cpus                 :     1.00        1         1 
	   Disk (KB)            :    81          12      2612 
	   GPUs                 :                           0 
	   Memory (MB)          :   281        3000      3000 

	Job terminated of its own accord at 2025-02-18T00:52:49Z with exit-code 0.
...
