000 (16630220.199.000) 02/18 00:26:50 Job submitted from host: <188.185.72.155:9618?addrs=188.185.72.155-9618+[2001-1458-d00-8--100-95]-9618&alias=bigbird08.cern.ch&noUDP&sock=schedd_862983_22fa>
...
040 (16630220.199.000) 02/18 00:48:23 Started transferring input files
	Transferring to host: <188.185.196.16:9618?addrs=188.185.196.16-9618+[2001-1458-303-23--100-c]-9618&alias=b9p16p5291.cern.ch&noUDP&sock=slot1_36_1897051_cb70_14629>
...
040 (16630220.199.000) 02/18 00:48:23 Finished transferring input files
...
001 (16630220.199.000) 02/18 00:48:24 Job executing on host: <188.185.196.16:9618?addrs=188.185.196.16-9618+[2001-1458-303-23--100-c]-9618&alias=b9p16p5291.cern.ch&noUDP&sock=startd_7053_598e>
	SlotName: slot1_36@b9p16p5291.cern.ch
	CondorScratchDir = "/pool/condor/dir_734102"
	Cpus = 1
	Disk = 3796
	GPUs = 0
	Memory = 3000
...
006 (16630220.199.000) 02/18 00:48:32 Image size of job updated: 92924
	91  -  MemoryUsage of job (MB)
	92924  -  ResidentSetSize of job (KB)
...
006 (16630220.199.000) 02/18 00:53:32 Image size of job updated: 217548
	213  -  MemoryUsage of job (MB)
	217548  -  ResidentSetSize of job (KB)
...
006 (16630220.199.000) 02/18 00:58:33 Image size of job updated: 221088
	216  -  MemoryUsage of job (MB)
	221088  -  ResidentSetSize of job (KB)
...
040 (16630220.199.000) 02/18 01:36:19 Started transferring output files
...
040 (16630220.199.000) 02/18 01:36:19 Finished transferring output files
...
005 (16630220.199.000) 02/18 01:36:19 Job terminated.
	(1) Normal termination (return value 0)
		Usr 0 00:46:45, Sys 0 00:00:06  -  Run Remote Usage
		Usr 0 00:00:00, Sys 0 00:00:00  -  Run Local Usage
		Usr 0 00:46:45, Sys 0 00:00:06  -  Total Remote Usage
		Usr 0 00:00:00, Sys 0 00:00:00  -  Total Local Usage
	8155  -  Run Bytes Sent By Job
	10428  -  Run Bytes Received By Job
	8155  -  Total Bytes Sent By Job
	10428  -  Total Bytes Received By Job
	Partitionable Resources :    Usage  Request Allocated 
	   Cpus                 :     0.99        1         1 
	   Disk (KB)            :    81          12      3796 
	   GPUs                 :                           0 
	   Memory (MB)          :   216        3000      3000 

	Job terminated of its own accord at 2025-02-18T00:36:19Z with exit-code 0.
...
