000 (16630220.304.000) 02/18 00:26:51 Job submitted from host: <188.185.72.155:9618?addrs=188.185.72.155-9618+[2001-1458-d00-8--100-95]-9618&alias=bigbird08.cern.ch&noUDP&sock=schedd_862983_22fa>
...
040 (16630220.304.000) 02/18 00:49:23 Started transferring input files
	Transferring to host: <188.185.194.47:9618?addrs=188.185.194.47-9618+[2001-1458-303-21--100-2b]-9618&alias=b9p20p7602.cern.ch&noUDP&sock=slot1_12_3594137_6843_14175>
...
040 (16630220.304.000) 02/18 00:49:23 Finished transferring input files
...
001 (16630220.304.000) 02/18 00:49:24 Job executing on host: <188.185.194.47:9618?addrs=188.185.194.47-9618+[2001-1458-303-21--100-2b]-9618&alias=b9p20p7602.cern.ch&noUDP&sock=startd_8346_3d83>
	SlotName: slot1_12@b9p20p7602.cern.ch
	CondorScratchDir = "/pool/condor/dir_3009709"
	Cpus = 1
	Disk = 3765
	GPUs = 0
	Memory = 3000
...
006 (16630220.304.000) 02/18 00:49:32 Image size of job updated: 247816
	243  -  MemoryUsage of job (MB)
	247816  -  ResidentSetSize of job (KB)
...
006 (16630220.304.000) 02/18 00:54:32 Image size of job updated: 904132
	883  -  MemoryUsage of job (MB)
	904132  -  ResidentSetSize of job (KB)
...
006 (16630220.304.000) 02/18 00:59:33 Image size of job updated: 943348
	922  -  MemoryUsage of job (MB)
	943348  -  ResidentSetSize of job (KB)
...
040 (16630220.304.000) 02/18 01:45:40 Started transferring output files
...
040 (16630220.304.000) 02/18 01:45:40 Finished transferring output files
...
005 (16630220.304.000) 02/18 01:45:40 Job terminated.
	(1) Normal termination (return value 0)
		Usr 0 00:54:25, Sys 0 00:00:07  -  Run Remote Usage
		Usr 0 00:00:00, Sys 0 00:00:00  -  Run Local Usage
		Usr 0 00:54:25, Sys 0 00:00:07  -  Total Remote Usage
		Usr 0 00:00:00, Sys 0 00:00:00  -  Total Local Usage
	8155  -  Run Bytes Sent By Job
	10428  -  Run Bytes Received By Job
	8155  -  Total Bytes Sent By Job
	10428  -  Total Bytes Received By Job
	Partitionable Resources :    Usage  Request Allocated 
	   Cpus                 :     0.99        1         1 
	   Disk (KB)            :    81          12      3765 
	   GPUs                 :                           0 
	   Memory (MB)          :   922        3000      3000 

	Job terminated of its own accord at 2025-02-18T00:45:40Z with exit-code 0.
...
