000 (16630220.062.000) 02/18 00:26:50 Job submitted from host: <188.185.72.155:9618?addrs=188.185.72.155-9618+[2001-1458-d00-8--100-95]-9618&alias=bigbird08.cern.ch&noUDP&sock=schedd_862983_22fa>
...
040 (16630220.062.000) 02/18 00:27:51 Started transferring input files
	Transferring to host: <128.142.33.208:9618?addrs=128.142.33.208-9618+[2001-1458-301-39--100-d]-9618&alias=b9g24p0198.cern.ch&noUDP&sock=slot1_24_10410_8960_69570>
...
040 (16630220.062.000) 02/18 00:27:51 Finished transferring input files
...
001 (16630220.062.000) 02/18 00:27:52 Job executing on host: <128.142.33.208:9618?addrs=128.142.33.208-9618+[2001-1458-301-39--100-d]-9618&alias=b9g24p0198.cern.ch&noUDP&sock=startd_9462_b934>
	SlotName: slot1_24@b9g24p0198.cern.ch
	CondorScratchDir = "/pool/condor/dir_3779509"
	Cpus = 1
	Disk = 3886
	GPUs = 0
	Memory = 3000
...
006 (16630220.062.000) 02/18 00:28:00 Image size of job updated: 99240
	97  -  MemoryUsage of job (MB)
	99240  -  ResidentSetSize of job (KB)
...
006 (16630220.062.000) 02/18 00:33:00 Image size of job updated: 483216
	472  -  MemoryUsage of job (MB)
	483216  -  ResidentSetSize of job (KB)
...
006 (16630220.062.000) 02/18 00:38:01 Image size of job updated: 489316
	478  -  MemoryUsage of job (MB)
	489316  -  ResidentSetSize of job (KB)
...
006 (16630220.062.000) 02/18 00:43:01 Image size of job updated: 495812
	485  -  MemoryUsage of job (MB)
	495812  -  ResidentSetSize of job (KB)
...
006 (16630220.062.000) 02/18 00:53:02 Image size of job updated: 513836
	502  -  MemoryUsage of job (MB)
	513836  -  ResidentSetSize of job (KB)
...
006 (16630220.062.000) 02/18 00:58:03 Image size of job updated: 518276
	507  -  MemoryUsage of job (MB)
	518276  -  ResidentSetSize of job (KB)
...
040 (16630220.062.000) 02/18 01:05:26 Started transferring output files
...
040 (16630220.062.000) 02/18 01:05:26 Finished transferring output files
...
005 (16630220.062.000) 02/18 01:05:26 Job terminated.
	(1) Normal termination (return value 0)
		Usr 0 00:34:23, Sys 0 00:00:07  -  Run Remote Usage
		Usr 0 00:00:00, Sys 0 00:00:00  -  Run Local Usage
		Usr 0 00:34:23, Sys 0 00:00:07  -  Total Remote Usage
		Usr 0 00:00:00, Sys 0 00:00:00  -  Total Local Usage
	8152  -  Run Bytes Sent By Job
	10428  -  Run Bytes Received By Job
	8152  -  Total Bytes Sent By Job
	10428  -  Total Bytes Received By Job
	Partitionable Resources :    Usage  Request Allocated 
	   Cpus                 :     0.99        1         1 
	   Disk (KB)            :    81          12      3886 
	   GPUs                 :                           0 
	   Memory (MB)          :   507        3000      3000 

	Job terminated of its own accord at 2025-02-18T00:05:25Z with exit-code 0.
...
