000 (16630220.130.000) 02/18 00:26:50 Job submitted from host: <188.185.72.155:9618?addrs=188.185.72.155-9618+[2001-1458-d00-8--100-95]-9618&alias=bigbird08.cern.ch&noUDP&sock=schedd_862983_22fa>
...
040 (16630220.130.000) 02/18 00:47:52 Started transferring input files
	Transferring to host: <188.185.198.120:9618?addrs=188.185.198.120-9618+[2001-1458-303-25--100-74]-9618&alias=b9p15p0387.cern.ch&noUDP&sock=slot1_2_236508_080b_13275>
...
040 (16630220.130.000) 02/18 00:47:52 Finished transferring input files
...
001 (16630220.130.000) 02/18 00:47:53 Job executing on host: <188.185.198.120:9618?addrs=188.185.198.120-9618+[2001-1458-303-25--100-74]-9618&alias=b9p15p0387.cern.ch&noUDP&sock=startd_9480_11e9>
	SlotName: slot1_2@b9p15p0387.cern.ch
	CondorScratchDir = "/pool/condor/dir_1103433"
	Cpus = 1
	Disk = 3752
	GPUs = 0
	Memory = 3000
...
006 (16630220.130.000) 02/18 00:48:01 Image size of job updated: 443520
	434  -  MemoryUsage of job (MB)
	443520  -  ResidentSetSize of job (KB)
...
006 (16630220.130.000) 02/18 00:53:02 Image size of job updated: 1090324
	1065  -  MemoryUsage of job (MB)
	1090324  -  ResidentSetSize of job (KB)
...
006 (16630220.130.000) 02/18 00:58:03 Image size of job updated: 1128772
	1103  -  MemoryUsage of job (MB)
	1128772  -  ResidentSetSize of job (KB)
...
040 (16630220.130.000) 02/18 01:42:12 Started transferring output files
...
040 (16630220.130.000) 02/18 01:42:12 Finished transferring output files
...
005 (16630220.130.000) 02/18 01:42:12 Job terminated.
	(1) Normal termination (return value 0)
		Usr 0 00:52:43, Sys 0 00:00:07  -  Run Remote Usage
		Usr 0 00:00:00, Sys 0 00:00:00  -  Run Local Usage
		Usr 0 00:52:43, Sys 0 00:00:07  -  Total Remote Usage
		Usr 0 00:00:00, Sys 0 00:00:00  -  Total Local Usage
	8155  -  Run Bytes Sent By Job
	10428  -  Run Bytes Received By Job
	8155  -  Total Bytes Sent By Job
	10428  -  Total Bytes Received By Job
	Partitionable Resources :    Usage  Request Allocated 
	   Cpus                 :     0.99        1         1 
	   Disk (KB)            :    81          12      3752 
	   GPUs                 :                           0 
	   Memory (MB)          :  1103        3000      3000 

	Job terminated of its own accord at 2025-02-18T00:42:12Z with exit-code 0.
...
