000 (16630220.244.000) 02/18 00:26:51 Job submitted from host: <188.185.72.155:9618?addrs=188.185.72.155-9618+[2001-1458-d00-8--100-95]-9618&alias=bigbird08.cern.ch&noUDP&sock=schedd_862983_22fa>
...
040 (16630220.244.000) 02/18 00:48:59 Started transferring input files
	Transferring to host: <188.185.194.13:9618?addrs=188.185.194.13-9618+[2001-1458-303-21--100-9]-9618&alias=b9p20p8620.cern.ch&noUDP&sock=slot1_31_861339_feeb_42197>
...
040 (16630220.244.000) 02/18 00:48:59 Finished transferring input files
...
001 (16630220.244.000) 02/18 00:49:00 Job executing on host: <188.185.194.13:9618?addrs=188.185.194.13-9618+[2001-1458-303-21--100-9]-9618&alias=b9p20p8620.cern.ch&noUDP&sock=startd_6536_bb18>
	SlotName: slot1_31@b9p20p8620.cern.ch
	CondorScratchDir = "/pool/condor/dir_562544"
	Cpus = 1
	Disk = 3778
	GPUs = 0
	Memory = 3000
...
006 (16630220.244.000) 02/18 00:49:08 Image size of job updated: 99624
	98  -  MemoryUsage of job (MB)
	99624  -  ResidentSetSize of job (KB)
...
006 (16630220.244.000) 02/18 00:54:08 Image size of job updated: 160672
	157  -  MemoryUsage of job (MB)
	160672  -  ResidentSetSize of job (KB)
...
006 (16630220.244.000) 02/18 00:59:09 Image size of job updated: 166280
	163  -  MemoryUsage of job (MB)
	166280  -  ResidentSetSize of job (KB)
...
006 (16630220.244.000) 02/18 01:04:09 Image size of job updated: 173572
	170  -  MemoryUsage of job (MB)
	173572  -  ResidentSetSize of job (KB)
...
006 (16630220.244.000) 02/18 01:09:09 Image size of job updated: 176900
	173  -  MemoryUsage of job (MB)
	176900  -  ResidentSetSize of job (KB)
...
006 (16630220.244.000) 02/18 01:14:10 Image size of job updated: 179192
	175  -  MemoryUsage of job (MB)
	179192  -  ResidentSetSize of job (KB)
...
006 (16630220.244.000) 02/18 01:19:11 Image size of job updated: 187080
	183  -  MemoryUsage of job (MB)
	187080  -  ResidentSetSize of job (KB)
...
006 (16630220.244.000) 02/18 01:24:11 Image size of job updated: 189176
	185  -  MemoryUsage of job (MB)
	189176  -  ResidentSetSize of job (KB)
...
006 (16630220.244.000) 02/18 01:29:11 Image size of job updated: 195248
	191  -  MemoryUsage of job (MB)
	195248  -  ResidentSetSize of job (KB)
...
006 (16630220.244.000) 02/18 01:34:12 Image size of job updated: 196288
	192  -  MemoryUsage of job (MB)
	196288  -  ResidentSetSize of job (KB)
...
006 (16630220.244.000) 02/18 01:39:12 Image size of job updated: 199416
	195  -  MemoryUsage of job (MB)
	199416  -  ResidentSetSize of job (KB)
...
006 (16630220.244.000) 02/18 01:44:12 Image size of job updated: 204488
	200  -  MemoryUsage of job (MB)
	204488  -  ResidentSetSize of job (KB)
...
040 (16630220.244.000) 02/18 01:45:18 Started transferring output files
...
040 (16630220.244.000) 02/18 01:45:18 Finished transferring output files
...
005 (16630220.244.000) 02/18 01:45:18 Job terminated.
	(1) Normal termination (return value 0)
		Usr 0 00:55:11, Sys 0 00:00:04  -  Run Remote Usage
		Usr 0 00:00:00, Sys 0 00:00:00  -  Run Local Usage
		Usr 0 00:55:11, Sys 0 00:00:04  -  Total Remote Usage
		Usr 0 00:00:00, Sys 0 00:00:00  -  Total Local Usage
	8153  -  Run Bytes Sent By Job
	10428  -  Run Bytes Received By Job
	8153  -  Total Bytes Sent By Job
	10428  -  Total Bytes Received By Job
	Partitionable Resources :    Usage  Request Allocated 
	   Cpus                 :     0.99        1         1 
	   Disk (KB)            :    80          12      3778 
	   GPUs                 :                           0 
	   Memory (MB)          :   200        3000      3000 

	Job terminated of its own accord at 2025-02-18T00:45:18Z with exit-code 0.
...
