000 (16630220.367.000) 02/18 00:26:51 Job submitted from host: <188.185.72.155:9618?addrs=188.185.72.155-9618+[2001-1458-d00-8--100-95]-9618&alias=bigbird08.cern.ch&noUDP&sock=schedd_862983_22fa>
...
040 (16630220.367.000) 02/18 00:49:40 Started transferring input files
	Transferring to host: <188.185.214.18:9618?addrs=188.185.214.18-9618+[2001-1458-303-1c--100-e]-9618&alias=b9p29p4113.cern.ch&noUDP&sock=slot1_24_5982_9c2c_149973>
...
040 (16630220.367.000) 02/18 00:49:40 Finished transferring input files
...
001 (16630220.367.000) 02/18 00:49:41 Job executing on host: <188.185.214.18:9618?addrs=188.185.214.18-9618+[2001-1458-303-1c--100-e]-9618&alias=b9p29p4113.cern.ch&noUDP&sock=startd_4634_1df6>
	SlotName: slot1_24@b9p29p4113.cern.ch
	CondorScratchDir = "/pool/condor/dir_1767395"
	Cpus = 1
	Disk = 3729
	GPUs = 0
	Memory = 3000
...
006 (16630220.367.000) 02/18 00:49:50 Image size of job updated: 161012
	158  -  MemoryUsage of job (MB)
	161012  -  ResidentSetSize of job (KB)
...
006 (16630220.367.000) 02/18 00:54:51 Image size of job updated: 396948
	388  -  MemoryUsage of job (MB)
	396948  -  ResidentSetSize of job (KB)
...
006 (16630220.367.000) 02/18 00:59:52 Image size of job updated: 423632
	414  -  MemoryUsage of job (MB)
	423632  -  ResidentSetSize of job (KB)
...
040 (16630220.367.000) 02/18 01:30:34 Started transferring output files
...
040 (16630220.367.000) 02/18 01:30:34 Finished transferring output files
...
005 (16630220.367.000) 02/18 01:30:34 Job terminated.
	(1) Normal termination (return value 0)
		Usr 0 00:38:51, Sys 0 00:00:16  -  Run Remote Usage
		Usr 0 00:00:00, Sys 0 00:00:00  -  Run Local Usage
		Usr 0 00:38:51, Sys 0 00:00:16  -  Total Remote Usage
		Usr 0 00:00:00, Sys 0 00:00:00  -  Total Local Usage
	8155  -  Run Bytes Sent By Job
	10428  -  Run Bytes Received By Job
	8155  -  Total Bytes Sent By Job
	10428  -  Total Bytes Received By Job
	Partitionable Resources :    Usage  Request Allocated 
	   Cpus                 :     0.97        1         1 
	   Disk (KB)            :    81          12      3729 
	   GPUs                 :                           0 
	   Memory (MB)          :   414        3000      3000 

	Job terminated of its own accord at 2025-02-18T00:30:34Z with exit-code 0.
...
