000 (16630220.398.000) 02/18 00:26:51 Job submitted from host: <188.185.72.155:9618?addrs=188.185.72.155-9618+[2001-1458-d00-8--100-95]-9618&alias=bigbird08.cern.ch&noUDP&sock=schedd_862983_22fa>
...
040 (16630220.398.000) 02/18 00:49:56 Started transferring input files
	Transferring to host: <128.142.132.47:9618?addrs=128.142.132.47-9618+[2001-1458-301-5a--100-23]-9618&alias=b9g12p4505.cern.ch&noUDP&sock=slot1_41_1244546_fe6a_25408>
...
040 (16630220.398.000) 02/18 00:49:56 Finished transferring input files
...
001 (16630220.398.000) 02/18 00:49:57 Job executing on host: <128.142.132.47:9618?addrs=128.142.132.47-9618+[2001-1458-301-5a--100-23]-9618&alias=b9g12p4505.cern.ch&noUDP&sock=startd_2404_85c3>
	SlotName: slot1_41@b9g12p4505.cern.ch
	CondorScratchDir = "/pool/condor/dir_1214763"
	Cpus = 1
	Disk = 2635
	GPUs = 0
	Memory = 3000
...
006 (16630220.398.000) 02/18 00:50:06 Image size of job updated: 2060
	3  -  MemoryUsage of job (MB)
	2060  -  ResidentSetSize of job (KB)
...
006 (16630220.398.000) 02/18 00:55:07 Image size of job updated: 179536
	176  -  MemoryUsage of job (MB)
	179536  -  ResidentSetSize of job (KB)
...
006 (16630220.398.000) 02/18 01:00:08 Image size of job updated: 218048
	213  -  MemoryUsage of job (MB)
	218048  -  ResidentSetSize of job (KB)
...
040 (16630220.398.000) 02/18 01:58:57 Started transferring output files
...
040 (16630220.398.000) 02/18 01:58:57 Finished transferring output files
...
005 (16630220.398.000) 02/18 01:58:57 Job terminated.
	(1) Normal termination (return value 0)
		Usr 0 01:06:59, Sys 0 00:00:08  -  Run Remote Usage
		Usr 0 00:00:00, Sys 0 00:00:00  -  Run Local Usage
		Usr 0 01:06:59, Sys 0 00:00:08  -  Total Remote Usage
		Usr 0 00:00:00, Sys 0 00:00:00  -  Total Local Usage
	8155  -  Run Bytes Sent By Job
	10428  -  Run Bytes Received By Job
	8155  -  Total Bytes Sent By Job
	10428  -  Total Bytes Received By Job
	Partitionable Resources :    Usage  Request Allocated 
	   Cpus                 :     0.99        1         1 
	   Disk (KB)            :    80          12      2635 
	   GPUs                 :                           0 
	   Memory (MB)          :   213        3000      3000 

	Job terminated of its own accord at 2025-02-18T00:58:57Z with exit-code 0.
...
