000 (16630220.499.000) 02/18 00:26:51 Job submitted from host: <188.185.72.155:9618?addrs=188.185.72.155-9618+[2001-1458-d00-8--100-95]-9618&alias=bigbird08.cern.ch&noUDP&sock=schedd_862983_22fa>
...
040 (16630220.499.000) 02/18 00:53:07 Started transferring input files
	Transferring to host: <128.142.132.18:9618?addrs=128.142.132.18-9618+[2001-1458-301-5a--100-6]-9618&alias=b9g12p2092.cern.ch&noUDP&sock=slot1_1_3416260_f822_74963>
...
040 (16630220.499.000) 02/18 00:53:07 Finished transferring input files
...
001 (16630220.499.000) 02/18 00:53:08 Job executing on host: <128.142.132.18:9618?addrs=128.142.132.18-9618+[2001-1458-301-5a--100-6]-9618&alias=b9g12p2092.cern.ch&noUDP&sock=startd_2417_707f>
	SlotName: slot1_1@b9g12p2092.cern.ch
	CondorScratchDir = "/pool/condor/dir_3184160"
	Cpus = 1
	Disk = 2593
	GPUs = 0
	Memory = 3000
...
006 (16630220.499.000) 02/18 00:53:17 Image size of job updated: 2092
	3  -  MemoryUsage of job (MB)
	2092  -  ResidentSetSize of job (KB)
...
006 (16630220.499.000) 02/18 00:58:18 Image size of job updated: 131388
	129  -  MemoryUsage of job (MB)
	131388  -  ResidentSetSize of job (KB)
...
006 (16630220.499.000) 02/18 01:03:18 Image size of job updated: 170976
	167  -  MemoryUsage of job (MB)
	170976  -  ResidentSetSize of job (KB)
...
006 (16630220.499.000) 02/18 01:08:18 Image size of job updated: 174328
	171  -  MemoryUsage of job (MB)
	174328  -  ResidentSetSize of job (KB)
...
006 (16630220.499.000) 02/18 01:13:19 Image size of job updated: 178664
	175  -  MemoryUsage of job (MB)
	178664  -  ResidentSetSize of job (KB)
...
006 (16630220.499.000) 02/18 01:18:20 Image size of job updated: 183776
	180  -  MemoryUsage of job (MB)
	183776  -  ResidentSetSize of job (KB)
...
040 (16630220.499.000) 02/18 01:23:47 Started transferring output files
...
040 (16630220.499.000) 02/18 01:23:47 Finished transferring output files
...
005 (16630220.499.000) 02/18 01:23:48 Job terminated.
	(1) Normal termination (return value 0)
		Usr 0 00:29:34, Sys 0 00:00:06  -  Run Remote Usage
		Usr 0 00:00:00, Sys 0 00:00:00  -  Run Local Usage
		Usr 0 00:29:34, Sys 0 00:00:06  -  Total Remote Usage
		Usr 0 00:00:00, Sys 0 00:00:00  -  Total Local Usage
	7721  -  Run Bytes Sent By Job
	10428  -  Run Bytes Received By Job
	7721  -  Total Bytes Sent By Job
	10428  -  Total Bytes Received By Job
	Partitionable Resources :    Usage  Request Allocated 
	   Cpus                 :     0.99        1         1 
	   Disk (KB)            :    81          12      2593 
	   GPUs                 :                           0 
	   Memory (MB)          :   180        3000      3000 

	Job terminated of its own accord at 2025-02-18T00:23:47Z with exit-code 0.
...
