000 (16630220.216.000) 02/18 00:26:51 Job submitted from host: <188.185.72.155:9618?addrs=188.185.72.155-9618+[2001-1458-d00-8--100-95]-9618&alias=bigbird08.cern.ch&noUDP&sock=schedd_862983_22fa>
...
040 (16630220.216.000) 02/18 00:48:39 Started transferring input files
	Transferring to host: <188.185.194.13:9618?addrs=188.185.194.13-9618+[2001-1458-303-21--100-9]-9618&alias=b9p20p8620.cern.ch&noUDP&sock=slot1_28_861339_feeb_42196>
...
040 (16630220.216.000) 02/18 00:48:39 Finished transferring input files
...
001 (16630220.216.000) 02/18 00:48:41 Job executing on host: <188.185.194.13:9618?addrs=188.185.194.13-9618+[2001-1458-303-21--100-9]-9618&alias=b9p20p8620.cern.ch&noUDP&sock=startd_6536_bb18>
	SlotName: slot1_28@b9p20p8620.cern.ch
	CondorScratchDir = "/pool/condor/dir_561982"
	Cpus = 1
	Disk = 3780
	GPUs = 0
	Memory = 3000
...
006 (16630220.216.000) 02/18 00:48:49 Image size of job updated: 92448
	91  -  MemoryUsage of job (MB)
	92448  -  ResidentSetSize of job (KB)
...
006 (16630220.216.000) 02/18 00:53:49 Image size of job updated: 198764
	195  -  MemoryUsage of job (MB)
	198764  -  ResidentSetSize of job (KB)
...
006 (16630220.216.000) 02/18 00:58:50 Image size of job updated: 204620
	200  -  MemoryUsage of job (MB)
	204620  -  ResidentSetSize of job (KB)
...
006 (16630220.216.000) 02/18 01:43:54 Image size of job updated: 205752
	201  -  MemoryUsage of job (MB)
	205752  -  ResidentSetSize of job (KB)
...
040 (16630220.216.000) 02/18 01:45:26 Started transferring output files
...
040 (16630220.216.000) 02/18 01:45:26 Finished transferring output files
...
005 (16630220.216.000) 02/18 01:45:26 Job terminated.
	(1) Normal termination (return value 0)
		Usr 0 00:55:16, Sys 0 00:00:11  -  Run Remote Usage
		Usr 0 00:00:00, Sys 0 00:00:00  -  Run Local Usage
		Usr 0 00:55:16, Sys 0 00:00:11  -  Total Remote Usage
		Usr 0 00:00:00, Sys 0 00:00:00  -  Total Local Usage
	8153  -  Run Bytes Sent By Job
	10428  -  Run Bytes Received By Job
	8153  -  Total Bytes Sent By Job
	10428  -  Total Bytes Received By Job
	Partitionable Resources :    Usage  Request Allocated 
	   Cpus                 :     0.98        1         1 
	   Disk (KB)            :    80          12      3780 
	   GPUs                 :                           0 
	   Memory (MB)          :   201        3000      3000 

	Job terminated of its own accord at 2025-02-18T00:45:26Z with exit-code 0.
...
