000 (16630220.289.000) 02/18 00:26:51 Job submitted from host: <188.185.72.155:9618?addrs=188.185.72.155-9618+[2001-1458-d00-8--100-95]-9618&alias=bigbird08.cern.ch&noUDP&sock=schedd_862983_22fa>
...
040 (16630220.289.000) 02/18 00:49:13 Started transferring input files
	Transferring to host: <128.142.137.176:9618?addrs=128.142.137.176-9618+[2001-1458-301-5e--100-a4]-9618&alias=b9g19p4811.cern.ch&noUDP&sock=slot1_46_2805_204b_113835>
...
040 (16630220.289.000) 02/18 00:49:14 Finished transferring input files
...
001 (16630220.289.000) 02/18 00:49:15 Job executing on host: <128.142.137.176:9618?addrs=128.142.137.176-9618+[2001-1458-301-5e--100-a4]-9618&alias=b9g19p4811.cern.ch&noUDP&sock=startd_2442_965d>
	SlotName: slot1_46@b9g19p4811.cern.ch
	CondorScratchDir = "/pool/condor/dir_3105386"
	Cpus = 1
	Disk = 2613
	GPUs = 0
	Memory = 3000
...
006 (16630220.289.000) 02/18 00:49:23 Image size of job updated: 91592
	90  -  MemoryUsage of job (MB)
	91592  -  ResidentSetSize of job (KB)
...
006 (16630220.289.000) 02/18 00:54:23 Image size of job updated: 284844
	279  -  MemoryUsage of job (MB)
	284844  -  ResidentSetSize of job (KB)
...
006 (16630220.289.000) 02/18 00:59:23 Image size of job updated: 287952
	282  -  MemoryUsage of job (MB)
	287952  -  ResidentSetSize of job (KB)
...
040 (16630220.289.000) 02/18 01:53:49 Started transferring output files
...
040 (16630220.289.000) 02/18 01:53:49 Finished transferring output files
...
005 (16630220.289.000) 02/18 01:53:49 Job terminated.
	(1) Normal termination (return value 0)
		Usr 0 01:02:44, Sys 0 00:00:08  -  Run Remote Usage
		Usr 0 00:00:00, Sys 0 00:00:00  -  Run Local Usage
		Usr 0 01:02:44, Sys 0 00:00:08  -  Total Remote Usage
		Usr 0 00:00:00, Sys 0 00:00:00  -  Total Local Usage
	8153  -  Run Bytes Sent By Job
	10428  -  Run Bytes Received By Job
	8153  -  Total Bytes Sent By Job
	10428  -  Total Bytes Received By Job
	Partitionable Resources :    Usage  Request Allocated 
	   Cpus                 :     0.99        1         1 
	   Disk (KB)            :    81          12      2613 
	   GPUs                 :                           0 
	   Memory (MB)          :   282        3000      3000 

	Job terminated of its own accord at 2025-02-18T00:53:49Z with exit-code 0.
...
