000 (16630220.294.000) 02/18 00:26:51 Job submitted from host: <188.185.72.155:9618?addrs=188.185.72.155-9618+[2001-1458-d00-8--100-95]-9618&alias=bigbird08.cern.ch&noUDP&sock=schedd_862983_22fa>
...
040 (16630220.294.000) 02/18 00:49:19 Started transferring input files
	Transferring to host: <188.185.194.136:9618?addrs=188.185.194.136-9618+[2001-1458-303-21--100-84]-9618&alias=b9p20p5833.cern.ch&noUDP&sock=slot1_37_1416398_4636_7263>
...
040 (16630220.294.000) 02/18 00:49:19 Finished transferring input files
...
001 (16630220.294.000) 02/18 00:49:20 Job executing on host: <188.185.194.136:9618?addrs=188.185.194.136-9618+[2001-1458-303-21--100-84]-9618&alias=b9p20p5833.cern.ch&noUDP&sock=startd_7269_8203>
	SlotName: slot1_37@b9p20p5833.cern.ch
	CondorScratchDir = "/pool/condor/dir_212278"
	Cpus = 1
	Disk = 3856
	GPUs = 0
	Memory = 3000
...
006 (16630220.294.000) 02/18 00:49:29 Image size of job updated: 2972
	3  -  MemoryUsage of job (MB)
	2972  -  ResidentSetSize of job (KB)
...
006 (16630220.294.000) 02/18 00:54:30 Image size of job updated: 1223064
	1195  -  MemoryUsage of job (MB)
	1223064  -  ResidentSetSize of job (KB)
...
006 (16630220.294.000) 02/18 00:59:31 Image size of job updated: 1262952
	1234  -  MemoryUsage of job (MB)
	1262952  -  ResidentSetSize of job (KB)
...
040 (16630220.294.000) 02/18 01:40:08 Started transferring output files
...
040 (16630220.294.000) 02/18 01:40:08 Finished transferring output files
...
005 (16630220.294.000) 02/18 01:40:08 Job terminated.
	(1) Normal termination (return value 0)
		Usr 0 00:48:41, Sys 0 00:00:08  -  Run Remote Usage
		Usr 0 00:00:00, Sys 0 00:00:00  -  Run Local Usage
		Usr 0 00:48:41, Sys 0 00:00:08  -  Total Remote Usage
		Usr 0 00:00:00, Sys 0 00:00:00  -  Total Local Usage
	8153  -  Run Bytes Sent By Job
	10428  -  Run Bytes Received By Job
	8153  -  Total Bytes Sent By Job
	10428  -  Total Bytes Received By Job
	Partitionable Resources :    Usage  Request Allocated 
	   Cpus                 :     0.96        1         1 
	   Disk (KB)            :    81          12      3856 
	   GPUs                 :                           0 
	   Memory (MB)          :  1234        3000      3000 

	Job terminated of its own accord at 2025-02-18T00:40:08Z with exit-code 0.
...
