000 (16630220.303.000) 02/18 00:26:51 Job submitted from host: <188.185.72.155:9618?addrs=188.185.72.155-9618+[2001-1458-d00-8--100-95]-9618&alias=bigbird08.cern.ch&noUDP&sock=schedd_862983_22fa>
...
040 (16630220.303.000) 02/18 00:49:22 Started transferring input files
	Transferring to host: <128.142.33.52:9618?addrs=128.142.33.52-9618+[2001-1458-301-53--100-31]-9618&alias=b9g34p1859.cern.ch&noUDP&sock=slot1_10_5110_3509_3670>
...
040 (16630220.303.000) 02/18 00:49:22 Finished transferring input files
...
001 (16630220.303.000) 02/18 00:49:23 Job executing on host: <128.142.33.52:9618?addrs=128.142.33.52-9618+[2001-1458-301-53--100-31]-9618&alias=b9g34p1859.cern.ch&noUDP&sock=startd_4165_6c0b>
	SlotName: slot1_10@b9g34p1859.cern.ch
	CondorScratchDir = "/pool/condor/dir_803877"
	Cpus = 1
	Disk = 3772
	GPUs = 0
	Memory = 3000
...
006 (16630220.303.000) 02/18 00:49:31 Image size of job updated: 300000
	293  -  MemoryUsage of job (MB)
	300000  -  ResidentSetSize of job (KB)
...
006 (16630220.303.000) 02/18 00:54:31 Image size of job updated: 909312
	888  -  MemoryUsage of job (MB)
	909312  -  ResidentSetSize of job (KB)
...
006 (16630220.303.000) 02/18 00:59:32 Image size of job updated: 949968
	928  -  MemoryUsage of job (MB)
	949968  -  ResidentSetSize of job (KB)
...
040 (16630220.303.000) 02/18 01:44:08 Started transferring output files
...
040 (16630220.303.000) 02/18 01:44:08 Finished transferring output files
...
005 (16630220.303.000) 02/18 01:44:08 Job terminated.
	(1) Normal termination (return value 0)
		Usr 0 00:53:21, Sys 0 00:00:04  -  Run Remote Usage
		Usr 0 00:00:00, Sys 0 00:00:00  -  Run Local Usage
		Usr 0 00:53:21, Sys 0 00:00:04  -  Total Remote Usage
		Usr 0 00:00:00, Sys 0 00:00:00  -  Total Local Usage
	8155  -  Run Bytes Sent By Job
	10428  -  Run Bytes Received By Job
	8155  -  Total Bytes Sent By Job
	10428  -  Total Bytes Received By Job
	Partitionable Resources :    Usage  Request Allocated 
	   Cpus                 :     0.99        1         1 
	   Disk (KB)            :    81          12      3772 
	   GPUs                 :                           0 
	   Memory (MB)          :   928        3000      3000 

	Job terminated of its own accord at 2025-02-18T00:44:08Z with exit-code 0.
...
