000 (16630220.376.000) 02/18 00:26:51 Job submitted from host: <188.185.72.155:9618?addrs=188.185.72.155-9618+[2001-1458-d00-8--100-95]-9618&alias=bigbird08.cern.ch&noUDP&sock=schedd_862983_22fa>
...
040 (16630220.376.000) 02/18 00:49:45 Started transferring input files
	Transferring to host: <128.142.161.74:9618?addrs=128.142.161.74-9618+[2001-1458-301-b8--100-8]-9618&alias=b9g03p5829.cern.ch&noUDP&sock=slot1_26_3030_a8b4_2996>
...
040 (16630220.376.000) 02/18 00:49:45 Finished transferring input files
...
001 (16630220.376.000) 02/18 00:49:46 Job executing on host: <128.142.161.74:9618?addrs=128.142.161.74-9618+[2001-1458-301-b8--100-8]-9618&alias=b9g03p5829.cern.ch&noUDP&sock=startd_2549_faff>
	SlotName: slot1_26@b9g03p5829.cern.ch
	CondorScratchDir = "/pool/condor/dir_2420609"
	Cpus = 1
	Disk = 4032
	GPUs = 0
	Memory = 3000
...
006 (16630220.376.000) 02/18 00:49:55 Image size of job updated: 87392
	86  -  MemoryUsage of job (MB)
	87392  -  ResidentSetSize of job (KB)
...
006 (16630220.376.000) 02/18 00:54:56 Image size of job updated: 125100
	123  -  MemoryUsage of job (MB)
	125100  -  ResidentSetSize of job (KB)
...
006 (16630220.376.000) 02/18 00:59:57 Image size of job updated: 163628
	160  -  MemoryUsage of job (MB)
	163628  -  ResidentSetSize of job (KB)
...
006 (16630220.376.000) 02/18 01:04:57 Image size of job updated: 168544
	165  -  MemoryUsage of job (MB)
	168544  -  ResidentSetSize of job (KB)
...
006 (16630220.376.000) 02/18 01:09:57 Image size of job updated: 172912
	169  -  MemoryUsage of job (MB)
	172912  -  ResidentSetSize of job (KB)
...
006 (16630220.376.000) 02/18 01:14:58 Image size of job updated: 175968
	172  -  MemoryUsage of job (MB)
	175968  -  ResidentSetSize of job (KB)
...
006 (16630220.376.000) 02/18 01:19:58 Image size of job updated: 177924
	174  -  MemoryUsage of job (MB)
	177924  -  ResidentSetSize of job (KB)
...
040 (16630220.376.000) 02/18 01:52:30 Started transferring output files
...
040 (16630220.376.000) 02/18 01:52:30 Finished transferring output files
...
005 (16630220.376.000) 02/18 01:52:30 Job terminated.
	(1) Normal termination (return value 0)
		Usr 0 01:01:15, Sys 0 00:00:08  -  Run Remote Usage
		Usr 0 00:00:00, Sys 0 00:00:00  -  Run Local Usage
		Usr 0 01:01:15, Sys 0 00:00:08  -  Total Remote Usage
		Usr 0 00:00:00, Sys 0 00:00:00  -  Total Local Usage
	8155  -  Run Bytes Sent By Job
	10428  -  Run Bytes Received By Job
	8155  -  Total Bytes Sent By Job
	10428  -  Total Bytes Received By Job
	Partitionable Resources :    Usage  Request Allocated 
	   Cpus                 :     0.99        1         1 
	   Disk (KB)            :    80          12      4032 
	   GPUs                 :                           0 
	   Memory (MB)          :   174        3000      3000 

	Job terminated of its own accord at 2025-02-18T00:52:30Z with exit-code 0.
...
