000 (16630220.351.000) 02/18 00:26:51 Job submitted from host: <188.185.72.155:9618?addrs=188.185.72.155-9618+[2001-1458-d00-8--100-95]-9618&alias=bigbird08.cern.ch&noUDP&sock=schedd_862983_22fa>
...
040 (16630220.351.000) 02/18 00:49:39 Started transferring input files
	Transferring to host: <188.185.206.200:9618?addrs=188.185.206.200-9618+[2001-1458-303-c--100-45]-9618&alias=b9p06p1686.cern.ch&noUDP&sock=slot1_18_2278780_6873_129591>
...
040 (16630220.351.000) 02/18 00:49:39 Finished transferring input files
...
001 (16630220.351.000) 02/18 00:49:40 Job executing on host: <188.185.206.200:9618?addrs=188.185.206.200-9618+[2001-1458-303-c--100-45]-9618&alias=b9p06p1686.cern.ch&noUDP&sock=startd_2278507_dcc5>
	SlotName: slot1_18@b9p06p1686.cern.ch
	CondorScratchDir = "/pool/condor/dir_1446543"
	Cpus = 1
	Disk = 3682
	GPUs = 0
	Memory = 3000
...
006 (16630220.351.000) 02/18 00:49:49 Image size of job updated: 184836
	181  -  MemoryUsage of job (MB)
	184836  -  ResidentSetSize of job (KB)
...
006 (16630220.351.000) 02/18 00:54:50 Image size of job updated: 387656
	379  -  MemoryUsage of job (MB)
	387656  -  ResidentSetSize of job (KB)
...
040 (16630220.351.000) 02/18 01:13:50 Started transferring output files
...
040 (16630220.351.000) 02/18 01:13:50 Finished transferring output files
...
005 (16630220.351.000) 02/18 01:13:50 Job terminated.
	(1) Normal termination (return value 0)
		Usr 0 00:23:09, Sys 0 00:00:06  -  Run Remote Usage
		Usr 0 00:00:00, Sys 0 00:00:00  -  Run Local Usage
		Usr 0 00:23:09, Sys 0 00:00:06  -  Total Remote Usage
		Usr 0 00:00:00, Sys 0 00:00:00  -  Total Local Usage
	8155  -  Run Bytes Sent By Job
	10428  -  Run Bytes Received By Job
	8155  -  Total Bytes Sent By Job
	10428  -  Total Bytes Received By Job
	Partitionable Resources :    Usage  Request Allocated 
	   Cpus                 :     0.96        1         1 
	   Disk (KB)            :    83          12      3682 
	   GPUs                 :                           0 
	   Memory (MB)          :   379        3000      3000 

	Job terminated of its own accord at 2025-02-18T00:13:50Z with exit-code 0.
...
