000 (16630220.277.000) 02/18 00:26:51 Job submitted from host: <188.185.72.155:9618?addrs=188.185.72.155-9618+[2001-1458-d00-8--100-95]-9618&alias=bigbird08.cern.ch&noUDP&sock=schedd_862983_22fa>
...
040 (16630220.277.000) 02/18 00:49:09 Started transferring input files
	Transferring to host: <188.185.210.157:9618?addrs=188.185.210.157-9618+[2001-1458-303-15--100-19]-9618&alias=b9p22p6542.cern.ch&noUDP&sock=slot1_25_4643_29d6_147721>
...
040 (16630220.277.000) 02/18 00:49:09 Finished transferring input files
...
001 (16630220.277.000) 02/18 00:49:10 Job executing on host: <188.185.210.157:9618?addrs=188.185.210.157-9618+[2001-1458-303-15--100-19]-9618&alias=b9p22p6542.cern.ch&noUDP&sock=startd_3875_8194>
	SlotName: slot1_25@b9p22p6542.cern.ch
	CondorScratchDir = "/pool/condor/dir_564917"
	Cpus = 1
	Disk = 3736
	GPUs = 0
	Memory = 3000
...
006 (16630220.277.000) 02/18 00:49:19 Image size of job updated: 86344
	85  -  MemoryUsage of job (MB)
	86344  -  ResidentSetSize of job (KB)
...
006 (16630220.277.000) 02/18 00:54:20 Image size of job updated: 176712
	173  -  MemoryUsage of job (MB)
	176712  -  ResidentSetSize of job (KB)
...
006 (16630220.277.000) 02/18 00:59:20 Image size of job updated: 182120
	178  -  MemoryUsage of job (MB)
	182120  -  ResidentSetSize of job (KB)
...
006 (16630220.277.000) 02/18 01:19:22 Image size of job updated: 198348
	194  -  MemoryUsage of job (MB)
	198348  -  ResidentSetSize of job (KB)
...
006 (16630220.277.000) 02/18 01:24:23 Image size of job updated: 202452
	198  -  MemoryUsage of job (MB)
	202452  -  ResidentSetSize of job (KB)
...
006 (16630220.277.000) 02/18 01:29:24 Image size of job updated: 205920
	202  -  MemoryUsage of job (MB)
	205920  -  ResidentSetSize of job (KB)
...
040 (16630220.277.000) 02/18 01:33:40 Started transferring output files
...
040 (16630220.277.000) 02/18 01:33:40 Finished transferring output files
...
005 (16630220.277.000) 02/18 01:33:40 Job terminated.
	(1) Normal termination (return value 0)
		Usr 0 00:42:50, Sys 0 00:00:11  -  Run Remote Usage
		Usr 0 00:00:00, Sys 0 00:00:00  -  Run Local Usage
		Usr 0 00:42:50, Sys 0 00:00:11  -  Total Remote Usage
		Usr 0 00:00:00, Sys 0 00:00:00  -  Total Local Usage
	8151  -  Run Bytes Sent By Job
	10428  -  Run Bytes Received By Job
	8151  -  Total Bytes Sent By Job
	10428  -  Total Bytes Received By Job
	Partitionable Resources :    Usage  Request Allocated 
	   Cpus                 :     0.98        1         1 
	   Disk (KB)            :    81          12      3736 
	   GPUs                 :                           0 
	   Memory (MB)          :   202        3000      3000 

	Job terminated of its own accord at 2025-02-18T00:33:40Z with exit-code 0.
...
