000 (16630220.315.000) 02/18 00:26:51 Job submitted from host: <188.185.72.155:9618?addrs=188.185.72.155-9618+[2001-1458-d00-8--100-95]-9618&alias=bigbird08.cern.ch&noUDP&sock=schedd_862983_22fa>
...
040 (16630220.315.000) 02/18 00:49:25 Started transferring input files
	Transferring to host: <188.185.194.151:9618?addrs=188.185.194.151-9618+[2001-1458-303-21--100-93]-9618&alias=b9p20p8169.cern.ch&noUDP&sock=slot1_14_7203_ea3e_117376>
...
040 (16630220.315.000) 02/18 00:49:25 Finished transferring input files
...
001 (16630220.315.000) 02/18 00:49:26 Job executing on host: <188.185.194.151:9618?addrs=188.185.194.151-9618+[2001-1458-303-21--100-93]-9618&alias=b9p20p8169.cern.ch&noUDP&sock=startd_5733_f08b>
	SlotName: slot1_14@b9p20p8169.cern.ch
	CondorScratchDir = "/pool/condor/dir_871566"
	Cpus = 1
	Disk = 3844
	GPUs = 0
	Memory = 3000
...
006 (16630220.315.000) 02/18 00:49:35 Image size of job updated: 121288
	119  -  MemoryUsage of job (MB)
	121288  -  ResidentSetSize of job (KB)
...
006 (16630220.315.000) 02/18 00:54:36 Image size of job updated: 164068
	161  -  MemoryUsage of job (MB)
	164068  -  ResidentSetSize of job (KB)
...
006 (16630220.315.000) 02/18 00:59:37 Image size of job updated: 170160
	167  -  MemoryUsage of job (MB)
	170160  -  ResidentSetSize of job (KB)
...
006 (16630220.315.000) 02/18 01:04:37 Image size of job updated: 178576
	175  -  MemoryUsage of job (MB)
	178576  -  ResidentSetSize of job (KB)
...
006 (16630220.315.000) 02/18 01:09:38 Image size of job updated: 190424
	186  -  MemoryUsage of job (MB)
	190424  -  ResidentSetSize of job (KB)
...
006 (16630220.315.000) 02/18 01:14:39 Image size of job updated: 195656
	192  -  MemoryUsage of job (MB)
	195656  -  ResidentSetSize of job (KB)
...
006 (16630220.315.000) 02/18 01:19:39 Image size of job updated: 200588
	196  -  MemoryUsage of job (MB)
	200588  -  ResidentSetSize of job (KB)
...
040 (16630220.315.000) 02/18 01:22:39 Started transferring output files
...
040 (16630220.315.000) 02/18 01:22:39 Finished transferring output files
...
005 (16630220.315.000) 02/18 01:22:39 Job terminated.
	(1) Normal termination (return value 0)
		Usr 0 00:32:37, Sys 0 00:00:02  -  Run Remote Usage
		Usr 0 00:00:00, Sys 0 00:00:00  -  Run Local Usage
		Usr 0 00:32:37, Sys 0 00:00:02  -  Total Remote Usage
		Usr 0 00:00:00, Sys 0 00:00:00  -  Total Local Usage
	8155  -  Run Bytes Sent By Job
	10428  -  Run Bytes Received By Job
	8155  -  Total Bytes Sent By Job
	10428  -  Total Bytes Received By Job
	Partitionable Resources :    Usage  Request Allocated 
	   Cpus                 :     1.00        1         1 
	   Disk (KB)            :    81          12      3844 
	   GPUs                 :                           0 
	   Memory (MB)          :   196        3000      3000 

	Job terminated of its own accord at 2025-02-18T00:22:38Z with exit-code 0.
...
