000 (16630220.375.000) 02/18 00:26:51 Job submitted from host: <188.185.72.155:9618?addrs=188.185.72.155-9618+[2001-1458-d00-8--100-95]-9618&alias=bigbird08.cern.ch&noUDP&sock=schedd_862983_22fa>
...
040 (16630220.375.000) 02/18 00:49:46 Started transferring input files
	Transferring to host: <188.185.194.151:9618?addrs=188.185.194.151-9618+[2001-1458-303-21--100-93]-9618&alias=b9p20p8169.cern.ch&noUDP&sock=slot1_32_7203_ea3e_117378>
...
040 (16630220.375.000) 02/18 00:49:46 Finished transferring input files
...
001 (16630220.375.000) 02/18 00:49:47 Job executing on host: <188.185.194.151:9618?addrs=188.185.194.151-9618+[2001-1458-303-21--100-93]-9618&alias=b9p20p8169.cern.ch&noUDP&sock=startd_5733_f08b>
	SlotName: slot1_32@b9p20p8169.cern.ch
	CondorScratchDir = "/pool/condor/dir_872465"
	Cpus = 1
	Disk = 3845
	GPUs = 0
	Memory = 3000
...
006 (16630220.375.000) 02/18 00:49:55 Image size of job updated: 101912
	100  -  MemoryUsage of job (MB)
	101912  -  ResidentSetSize of job (KB)
...
006 (16630220.375.000) 02/18 00:54:55 Image size of job updated: 164716
	161  -  MemoryUsage of job (MB)
	164716  -  ResidentSetSize of job (KB)
...
006 (16630220.375.000) 02/18 00:59:56 Image size of job updated: 170004
	167  -  MemoryUsage of job (MB)
	170004  -  ResidentSetSize of job (KB)
...
006 (16630220.375.000) 02/18 01:04:57 Image size of job updated: 177824
	174  -  MemoryUsage of job (MB)
	177824  -  ResidentSetSize of job (KB)
...
006 (16630220.375.000) 02/18 01:14:58 Image size of job updated: 192136
	188  -  MemoryUsage of job (MB)
	192136  -  ResidentSetSize of job (KB)
...
006 (16630220.375.000) 02/18 01:19:59 Image size of job updated: 198856
	195  -  MemoryUsage of job (MB)
	198856  -  ResidentSetSize of job (KB)
...
040 (16630220.375.000) 02/18 01:21:38 Started transferring output files
...
040 (16630220.375.000) 02/18 01:21:38 Finished transferring output files
...
005 (16630220.375.000) 02/18 01:21:38 Job terminated.
	(1) Normal termination (return value 0)
		Usr 0 00:31:11, Sys 0 00:00:07  -  Run Remote Usage
		Usr 0 00:00:00, Sys 0 00:00:00  -  Run Local Usage
		Usr 0 00:31:11, Sys 0 00:00:07  -  Total Remote Usage
		Usr 0 00:00:00, Sys 0 00:00:00  -  Total Local Usage
	8134  -  Run Bytes Sent By Job
	10428  -  Run Bytes Received By Job
	8134  -  Total Bytes Sent By Job
	10428  -  Total Bytes Received By Job
	Partitionable Resources :    Usage  Request Allocated 
	   Cpus                 :     0.99        1         1 
	   Disk (KB)            :    81          12      3845 
	   GPUs                 :                           0 
	   Memory (MB)          :   195        3000      3000 

	Job terminated of its own accord at 2025-02-18T00:21:38Z with exit-code 0.
...
