000 (16630220.079.000) 02/18 00:26:50 Job submitted from host: <188.185.72.155:9618?addrs=188.185.72.155-9618+[2001-1458-d00-8--100-95]-9618&alias=bigbird08.cern.ch&noUDP&sock=schedd_862983_22fa>
...
040 (16630220.079.000) 02/18 00:27:57 Started transferring input files
	Transferring to host: <188.185.213.185:9618?addrs=188.185.213.185-9618+[2001-1458-303-1b--100-35]-9618&alias=b9p28p5486.cern.ch&noUDP&sock=slot1_16_2528560_03a0_96783>
...
040 (16630220.079.000) 02/18 00:27:57 Finished transferring input files
...
001 (16630220.079.000) 02/18 00:27:58 Job executing on host: <188.185.213.185:9618?addrs=188.185.213.185-9618+[2001-1458-303-1b--100-35]-9618&alias=b9p28p5486.cern.ch&noUDP&sock=startd_2942_8bb7>
	SlotName: slot1_16@b9p28p5486.cern.ch
	CondorScratchDir = "/pool/condor/dir_1826183"
	Cpus = 1
	Disk = 3792
	GPUs = 0
	Memory = 3000
...
006 (16630220.079.000) 02/18 00:28:07 Image size of job updated: 104932
	103  -  MemoryUsage of job (MB)
	104932  -  ResidentSetSize of job (KB)
...
006 (16630220.079.000) 02/18 00:33:08 Image size of job updated: 300876
	294  -  MemoryUsage of job (MB)
	300876  -  ResidentSetSize of job (KB)
...
006 (16630220.079.000) 02/18 00:38:09 Image size of job updated: 318216
	311  -  MemoryUsage of job (MB)
	318216  -  ResidentSetSize of job (KB)
...
006 (16630220.079.000) 02/18 00:43:09 Image size of job updated: 324892
	318  -  MemoryUsage of job (MB)
	324892  -  ResidentSetSize of job (KB)
...
006 (16630220.079.000) 02/18 00:48:10 Image size of job updated: 327692
	321  -  MemoryUsage of job (MB)
	327692  -  ResidentSetSize of job (KB)
...
006 (16630220.079.000) 02/18 00:58:11 Image size of job updated: 347996
	340  -  MemoryUsage of job (MB)
	347996  -  ResidentSetSize of job (KB)
...
040 (16630220.079.000) 02/18 01:16:15 Started transferring output files
...
040 (16630220.079.000) 02/18 01:16:15 Finished transferring output files
...
005 (16630220.079.000) 02/18 01:16:15 Job terminated.
	(1) Normal termination (return value 0)
		Usr 0 00:42:51, Sys 0 00:00:19  -  Run Remote Usage
		Usr 0 00:00:00, Sys 0 00:00:00  -  Run Local Usage
		Usr 0 00:42:51, Sys 0 00:00:19  -  Total Remote Usage
		Usr 0 00:00:00, Sys 0 00:00:00  -  Total Local Usage
	8152  -  Run Bytes Sent By Job
	10428  -  Run Bytes Received By Job
	8152  -  Total Bytes Sent By Job
	10428  -  Total Bytes Received By Job
	Partitionable Resources :    Usage  Request Allocated 
	   Cpus                 :     0.94        1         1 
	   Disk (KB)            :    81          12      3792 
	   GPUs                 :                           0 
	   Memory (MB)          :   340        3000      3000 

	Job terminated of its own accord at 2025-02-18T00:16:15Z with exit-code 0.
...
