000 (16630220.421.000) 02/18 00:26:51 Job submitted from host: <188.185.72.155:9618?addrs=188.185.72.155-9618+[2001-1458-d00-8--100-95]-9618&alias=bigbird08.cern.ch&noUDP&sock=schedd_862983_22fa>
...
040 (16630220.421.000) 02/18 00:50:04 Started transferring input files
	Transferring to host: <188.185.196.15:9618?addrs=188.185.196.15-9618+[2001-1458-303-23--100-b]-9618&alias=b9p16p7545.cern.ch&noUDP&sock=slot1_42_4104111_3985_5051>
...
040 (16630220.421.000) 02/18 00:50:04 Finished transferring input files
...
001 (16630220.421.000) 02/18 00:50:05 Job executing on host: <188.185.196.15:9618?addrs=188.185.196.15-9618+[2001-1458-303-23--100-b]-9618&alias=b9p16p7545.cern.ch&noUDP&sock=startd_8400_47a0>
	SlotName: slot1_42@b9p16p7545.cern.ch
	CondorScratchDir = "/pool/condor/dir_1162612"
	Cpus = 1
	Disk = 3776
	GPUs = 0
	Memory = 3000
...
006 (16630220.421.000) 02/18 00:50:14 Image size of job updated: 100488
	99  -  MemoryUsage of job (MB)
	100488  -  ResidentSetSize of job (KB)
...
006 (16630220.421.000) 02/18 00:55:15 Image size of job updated: 125616
	123  -  MemoryUsage of job (MB)
	125616  -  ResidentSetSize of job (KB)
...
006 (16630220.421.000) 02/18 01:00:15 Image size of job updated: 166776
	163  -  MemoryUsage of job (MB)
	166776  -  ResidentSetSize of job (KB)
...
006 (16630220.421.000) 02/18 01:05:15 Image size of job updated: 172192
	169  -  MemoryUsage of job (MB)
	172192  -  ResidentSetSize of job (KB)
...
006 (16630220.421.000) 02/18 01:10:16 Image size of job updated: 175172
	172  -  MemoryUsage of job (MB)
	175172  -  ResidentSetSize of job (KB)
...
006 (16630220.421.000) 02/18 01:15:16 Image size of job updated: 176232
	173  -  MemoryUsage of job (MB)
	176232  -  ResidentSetSize of job (KB)
...
006 (16630220.421.000) 02/18 01:25:18 Image size of job updated: 190452
	186  -  MemoryUsage of job (MB)
	190452  -  ResidentSetSize of job (KB)
...
006 (16630220.421.000) 02/18 01:30:18 Image size of job updated: 191244
	187  -  MemoryUsage of job (MB)
	191244  -  ResidentSetSize of job (KB)
...
006 (16630220.421.000) 02/18 01:35:18 Image size of job updated: 194764
	191  -  MemoryUsage of job (MB)
	194764  -  ResidentSetSize of job (KB)
...
006 (16630220.421.000) 02/18 01:40:19 Image size of job updated: 197856
	194  -  MemoryUsage of job (MB)
	197856  -  ResidentSetSize of job (KB)
...
040 (16630220.421.000) 02/18 01:46:35 Started transferring output files
...
040 (16630220.421.000) 02/18 01:46:35 Finished transferring output files
...
005 (16630220.421.000) 02/18 01:46:35 Job terminated.
	(1) Normal termination (return value 0)
		Usr 0 00:55:16, Sys 0 00:00:09  -  Run Remote Usage
		Usr 0 00:00:00, Sys 0 00:00:00  -  Run Local Usage
		Usr 0 00:55:16, Sys 0 00:00:09  -  Total Remote Usage
		Usr 0 00:00:00, Sys 0 00:00:00  -  Total Local Usage
	8155  -  Run Bytes Sent By Job
	10428  -  Run Bytes Received By Job
	8155  -  Total Bytes Sent By Job
	10428  -  Total Bytes Received By Job
	Partitionable Resources :    Usage  Request Allocated 
	   Cpus                 :     0.99        1         1 
	   Disk (KB)            :    80          12      3776 
	   GPUs                 :                           0 
	   Memory (MB)          :   194        3000      3000 

	Job terminated of its own accord at 2025-02-18T00:46:35Z with exit-code 0.
...
