000 (16630220.081.000) 02/18 00:26:50 Job submitted from host: <188.185.72.155:9618?addrs=188.185.72.155-9618+[2001-1458-d00-8--100-95]-9618&alias=bigbird08.cern.ch&noUDP&sock=schedd_862983_22fa>
...
040 (16630220.081.000) 02/18 00:27:58 Started transferring input files
	Transferring to host: <128.142.161.120:9618?addrs=128.142.161.120-9618+[2001-1458-301-b8--100-36]-9618&alias=b9g03p5843.cern.ch&noUDP&sock=slot1_19_5098_c088_2753>
...
040 (16630220.081.000) 02/18 00:27:58 Finished transferring input files
...
001 (16630220.081.000) 02/18 00:27:59 Job executing on host: <128.142.161.120:9618?addrs=128.142.161.120-9618+[2001-1458-301-b8--100-36]-9618&alias=b9g03p5843.cern.ch&noUDP&sock=startd_3961_7eb9>
	SlotName: slot1_19@b9g03p5843.cern.ch
	CondorScratchDir = "/pool/condor/dir_3292312"
	Cpus = 1
	Disk = 3978
	GPUs = 0
	Memory = 3000
...
006 (16630220.081.000) 02/18 00:28:07 Image size of job updated: 94156
	92  -  MemoryUsage of job (MB)
	94156  -  ResidentSetSize of job (KB)
...
006 (16630220.081.000) 02/18 00:33:07 Image size of job updated: 309460
	303  -  MemoryUsage of job (MB)
	309460  -  ResidentSetSize of job (KB)
...
006 (16630220.081.000) 02/18 00:38:08 Image size of job updated: 351096
	343  -  MemoryUsage of job (MB)
	351096  -  ResidentSetSize of job (KB)
...
006 (16630220.081.000) 02/18 00:43:08 Image size of job updated: 356544
	349  -  MemoryUsage of job (MB)
	356544  -  ResidentSetSize of job (KB)
...
006 (16630220.081.000) 02/18 00:48:08 Image size of job updated: 361376
	353  -  MemoryUsage of job (MB)
	361376  -  ResidentSetSize of job (KB)
...
006 (16630220.081.000) 02/18 00:53:10 Image size of job updated: 369996
	362  -  MemoryUsage of job (MB)
	369996  -  ResidentSetSize of job (KB)
...
006 (16630220.081.000) 02/18 00:58:10 Image size of job updated: 373424
	365  -  MemoryUsage of job (MB)
	373424  -  ResidentSetSize of job (KB)
...
040 (16630220.081.000) 02/18 01:14:38 Started transferring output files
...
040 (16630220.081.000) 02/18 01:14:38 Finished transferring output files
...
005 (16630220.081.000) 02/18 01:14:38 Job terminated.
	(1) Normal termination (return value 0)
		Usr 0 00:43:43, Sys 0 00:00:04  -  Run Remote Usage
		Usr 0 00:00:00, Sys 0 00:00:00  -  Run Local Usage
		Usr 0 00:43:43, Sys 0 00:00:04  -  Total Remote Usage
		Usr 0 00:00:00, Sys 0 00:00:00  -  Total Local Usage
	8152  -  Run Bytes Sent By Job
	10428  -  Run Bytes Received By Job
	8152  -  Total Bytes Sent By Job
	10428  -  Total Bytes Received By Job
	Partitionable Resources :    Usage  Request Allocated 
	   Cpus                 :     0.99        1         1 
	   Disk (KB)            :    80          12      3978 
	   GPUs                 :                           0 
	   Memory (MB)          :   365        3000      3000 

	Job terminated of its own accord at 2025-02-18T00:14:38Z with exit-code 0.
...
