000 (16630220.172.000) 02/18 00:26:50 Job submitted from host: <188.185.72.155:9618?addrs=188.185.72.155-9618+[2001-1458-d00-8--100-95]-9618&alias=bigbird08.cern.ch&noUDP&sock=schedd_862983_22fa>
...
040 (16630220.172.000) 02/18 00:48:08 Started transferring input files
	Transferring to host: <188.185.196.19:9618?addrs=188.185.196.19-9618+[2001-1458-303-23--100-f]-9618&alias=b9p16p6242.cern.ch&noUDP&sock=slot1_26_75642_61bd_5787>
...
040 (16630220.172.000) 02/18 00:48:08 Finished transferring input files
...
001 (16630220.172.000) 02/18 00:48:09 Job executing on host: <188.185.196.19:9618?addrs=188.185.196.19-9618+[2001-1458-303-23--100-f]-9618&alias=b9p16p6242.cern.ch&noUDP&sock=startd_5034_7bd8>
	SlotName: slot1_26@b9p16p6242.cern.ch
	CondorScratchDir = "/pool/condor/dir_3533495"
	Cpus = 1
	Disk = 3787
	GPUs = 0
	Memory = 3000
...
006 (16630220.172.000) 02/18 00:48:18 Image size of job updated: 2996
	3  -  MemoryUsage of job (MB)
	2996  -  ResidentSetSize of job (KB)
...
006 (16630220.172.000) 02/18 00:53:19 Image size of job updated: 1185228
	1158  -  MemoryUsage of job (MB)
	1185228  -  ResidentSetSize of job (KB)
...
006 (16630220.172.000) 02/18 00:58:20 Image size of job updated: 1224828
	1197  -  MemoryUsage of job (MB)
	1224828  -  ResidentSetSize of job (KB)
...
040 (16630220.172.000) 02/18 01:23:55 Started transferring output files
...
040 (16630220.172.000) 02/18 01:23:55 Finished transferring output files
...
005 (16630220.172.000) 02/18 01:23:56 Job terminated.
	(1) Normal termination (return value 0)
		Usr 0 00:34:01, Sys 0 00:00:05  -  Run Remote Usage
		Usr 0 00:00:00, Sys 0 00:00:00  -  Run Local Usage
		Usr 0 00:34:01, Sys 0 00:00:05  -  Total Remote Usage
		Usr 0 00:00:00, Sys 0 00:00:00  -  Total Local Usage
	8153  -  Run Bytes Sent By Job
	10428  -  Run Bytes Received By Job
	8153  -  Total Bytes Sent By Job
	10428  -  Total Bytes Received By Job
	Partitionable Resources :    Usage  Request Allocated 
	   Cpus                 :     0.99        1         1 
	   Disk (KB)            :    81          12      3787 
	   GPUs                 :                           0 
	   Memory (MB)          :  1197        3000      3000 

	Job terminated of its own accord at 2025-02-18T00:23:55Z with exit-code 0.
...
