000 (16630220.092.000) 02/18 00:26:50 Job submitted from host: <188.185.72.155:9618?addrs=188.185.72.155-9618+[2001-1458-d00-8--100-95]-9618&alias=bigbird08.cern.ch&noUDP&sock=schedd_862983_22fa>
...
040 (16630220.092.000) 02/18 00:28:04 Started transferring input files
	Transferring to host: <188.185.214.103:9618?addrs=188.185.214.103-9618+[2001-1458-303-1c--100-63]-9618&alias=b9p29p0062.cern.ch&noUDP&sock=slot1_19_1264167_c368_76541>
...
040 (16630220.092.000) 02/18 00:28:04 Finished transferring input files
...
001 (16630220.092.000) 02/18 00:28:05 Job executing on host: <188.185.214.103:9618?addrs=188.185.214.103-9618+[2001-1458-303-1c--100-63]-9618&alias=b9p29p0062.cern.ch&noUDP&sock=startd_4805_68a7>
	SlotName: slot1_19@b9p29p0062.cern.ch
	CondorScratchDir = "/pool/condor/dir_260778"
	Cpus = 1
	Disk = 3798
	GPUs = 0
	Memory = 3000
...
006 (16630220.092.000) 02/18 00:28:13 Image size of job updated: 101628
	100  -  MemoryUsage of job (MB)
	101628  -  ResidentSetSize of job (KB)
...
006 (16630220.092.000) 02/18 00:33:13 Image size of job updated: 354756
	347  -  MemoryUsage of job (MB)
	354756  -  ResidentSetSize of job (KB)
...
006 (16630220.092.000) 02/18 00:38:13 Image size of job updated: 360228
	352  -  MemoryUsage of job (MB)
	360228  -  ResidentSetSize of job (KB)
...
006 (16630220.092.000) 02/18 00:43:14 Image size of job updated: 367516
	359  -  MemoryUsage of job (MB)
	367516  -  ResidentSetSize of job (KB)
...
006 (16630220.092.000) 02/18 00:48:14 Image size of job updated: 373032
	365  -  MemoryUsage of job (MB)
	373032  -  ResidentSetSize of job (KB)
...
006 (16630220.092.000) 02/18 00:53:14 Image size of job updated: 379564
	371  -  MemoryUsage of job (MB)
	379564  -  ResidentSetSize of job (KB)
...
006 (16630220.092.000) 02/18 00:58:15 Image size of job updated: 383648
	375  -  MemoryUsage of job (MB)
	383648  -  ResidentSetSize of job (KB)
...
040 (16630220.092.000) 02/18 01:12:13 Started transferring output files
...
040 (16630220.092.000) 02/18 01:12:13 Finished transferring output files
...
005 (16630220.092.000) 02/18 01:12:13 Job terminated.
	(1) Normal termination (return value 0)
		Usr 0 00:39:55, Sys 0 00:00:18  -  Run Remote Usage
		Usr 0 00:00:00, Sys 0 00:00:00  -  Run Local Usage
		Usr 0 00:39:55, Sys 0 00:00:18  -  Total Remote Usage
		Usr 0 00:00:00, Sys 0 00:00:00  -  Total Local Usage
	8152  -  Run Bytes Sent By Job
	10428  -  Run Bytes Received By Job
	8152  -  Total Bytes Sent By Job
	10428  -  Total Bytes Received By Job
	Partitionable Resources :    Usage  Request Allocated 
	   Cpus                 :     0.93        1         1 
	   Disk (KB)            :    80          12      3798 
	   GPUs                 :                           0 
	   Memory (MB)          :   375        3000      3000 

	Job terminated of its own accord at 2025-02-18T00:12:13Z with exit-code 0.
...
