000 (16630220.261.000) 02/18 00:26:51 Job submitted from host: <188.185.72.155:9618?addrs=188.185.72.155-9618+[2001-1458-d00-8--100-95]-9618&alias=bigbird08.cern.ch&noUDP&sock=schedd_862983_22fa>
...
040 (16630220.261.000) 02/18 00:49:04 Started transferring input files
	Transferring to host: <188.185.195.103:9618?addrs=188.185.195.103-9618+[2001-1458-303-22--100-63]-9618&alias=b9p17p7284.cern.ch&noUDP&sock=slot1_33_584775_a37d_14765>
...
040 (16630220.261.000) 02/18 00:49:04 Finished transferring input files
...
001 (16630220.261.000) 02/18 00:49:05 Job executing on host: <188.185.195.103:9618?addrs=188.185.195.103-9618+[2001-1458-303-22--100-63]-9618&alias=b9p17p7284.cern.ch&noUDP&sock=startd_7746_b0b0>
	SlotName: slot1_33@b9p17p7284.cern.ch
	CondorScratchDir = "/pool/condor/dir_2747219"
	Cpus = 1
	Disk = 3869
	GPUs = 0
	Memory = 3000
...
006 (16630220.261.000) 02/18 00:49:14 Image size of job updated: 2076
	3  -  MemoryUsage of job (MB)
	2076  -  ResidentSetSize of job (KB)
...
006 (16630220.261.000) 02/18 00:54:15 Image size of job updated: 159472
	156  -  MemoryUsage of job (MB)
	159472  -  ResidentSetSize of job (KB)
...
006 (16630220.261.000) 02/18 00:59:15 Image size of job updated: 165960
	163  -  MemoryUsage of job (MB)
	165960  -  ResidentSetSize of job (KB)
...
006 (16630220.261.000) 02/18 01:04:15 Image size of job updated: 169256
	166  -  MemoryUsage of job (MB)
	169256  -  ResidentSetSize of job (KB)
...
006 (16630220.261.000) 02/18 01:09:16 Image size of job updated: 174948
	171  -  MemoryUsage of job (MB)
	174948  -  ResidentSetSize of job (KB)
...
006 (16630220.261.000) 02/18 01:14:17 Image size of job updated: 176760
	173  -  MemoryUsage of job (MB)
	176760  -  ResidentSetSize of job (KB)
...
006 (16630220.261.000) 02/18 01:24:18 Image size of job updated: 182460
	179  -  MemoryUsage of job (MB)
	182460  -  ResidentSetSize of job (KB)
...
006 (16630220.261.000) 02/18 01:29:19 Image size of job updated: 187764
	184  -  MemoryUsage of job (MB)
	187764  -  ResidentSetSize of job (KB)
...
006 (16630220.261.000) 02/18 01:34:19 Image size of job updated: 190476
	187  -  MemoryUsage of job (MB)
	190476  -  ResidentSetSize of job (KB)
...
006 (16630220.261.000) 02/18 01:39:19 Image size of job updated: 195028
	191  -  MemoryUsage of job (MB)
	195028  -  ResidentSetSize of job (KB)
...
040 (16630220.261.000) 02/18 01:41:55 Started transferring output files
...
040 (16630220.261.000) 02/18 01:41:55 Finished transferring output files
...
005 (16630220.261.000) 02/18 01:41:55 Job terminated.
	(1) Normal termination (return value 0)
		Usr 0 00:51:21, Sys 0 00:00:07  -  Run Remote Usage
		Usr 0 00:00:00, Sys 0 00:00:00  -  Run Local Usage
		Usr 0 00:51:21, Sys 0 00:00:07  -  Total Remote Usage
		Usr 0 00:00:00, Sys 0 00:00:00  -  Total Local Usage
	8153  -  Run Bytes Sent By Job
	10428  -  Run Bytes Received By Job
	8153  -  Total Bytes Sent By Job
	10428  -  Total Bytes Received By Job
	Partitionable Resources :    Usage  Request Allocated 
	   Cpus                 :     0.99        1         1 
	   Disk (KB)            :    81          12      3869 
	   GPUs                 :                           0 
	   Memory (MB)          :   191        3000      3000 

	Job terminated of its own accord at 2025-02-18T00:41:55Z with exit-code 0.
...
