000 (16630220.439.000) 02/18 00:26:51 Job submitted from host: <188.185.72.155:9618?addrs=188.185.72.155-9618+[2001-1458-d00-8--100-95]-9618&alias=bigbird08.cern.ch&noUDP&sock=schedd_862983_22fa>
...
040 (16630220.439.000) 02/18 00:52:48 Started transferring input files
	Transferring to host: <188.185.195.19:9618?addrs=188.185.195.19-9618+[2001-1458-303-22--100-f]-9618&alias=b9p17p5825.cern.ch&noUDP&sock=slot1_24_3885018_62d8_48511>
...
040 (16630220.439.000) 02/18 00:52:48 Finished transferring input files
...
001 (16630220.439.000) 02/18 00:52:49 Job executing on host: <188.185.195.19:9618?addrs=188.185.195.19-9618+[2001-1458-303-22--100-f]-9618&alias=b9p17p5825.cern.ch&noUDP&sock=startd_6265_d8ed>
	SlotName: slot1_24@b9p17p5825.cern.ch
	CondorScratchDir = "/pool/condor/dir_175119"
	Cpus = 1
	Disk = 3756
	GPUs = 0
	Memory = 3000
...
006 (16630220.439.000) 02/18 00:52:57 Image size of job updated: 289716
	283  -  MemoryUsage of job (MB)
	289716  -  ResidentSetSize of job (KB)
...
006 (16630220.439.000) 02/18 00:57:57 Image size of job updated: 1209944
	1182  -  MemoryUsage of job (MB)
	1209944  -  ResidentSetSize of job (KB)
...
040 (16630220.439.000) 02/18 01:54:20 Started transferring output files
...
040 (16630220.439.000) 02/18 01:54:20 Finished transferring output files
...
005 (16630220.439.000) 02/18 01:54:20 Job terminated.
	(1) Normal termination (return value 0)
		Usr 0 00:59:34, Sys 0 00:00:08  -  Run Remote Usage
		Usr 0 00:00:00, Sys 0 00:00:00  -  Run Local Usage
		Usr 0 00:59:34, Sys 0 00:00:08  -  Total Remote Usage
		Usr 0 00:00:00, Sys 0 00:00:00  -  Total Local Usage
	8155  -  Run Bytes Sent By Job
	10428  -  Run Bytes Received By Job
	8155  -  Total Bytes Sent By Job
	10428  -  Total Bytes Received By Job
	Partitionable Resources :    Usage  Request Allocated 
	   Cpus                 :     0.99        1         1 
	   Disk (KB)            :    81          12      3756 
	   GPUs                 :                           0 
	   Memory (MB)          :  1182        3000      3000 

	Job terminated of its own accord at 2025-02-18T00:54:20Z with exit-code 0.
...
