000 (16630220.103.000) 02/18 00:26:50 Job submitted from host: <188.185.72.155:9618?addrs=188.185.72.155-9618+[2001-1458-d00-8--100-95]-9618&alias=bigbird08.cern.ch&noUDP&sock=schedd_862983_22fa>
...
040 (16630220.103.000) 02/18 00:42:45 Started transferring input files
	Transferring to host: <128.142.161.98:9618?addrs=128.142.161.98-9618+[2001-1458-301-b8--100-20]-9618&alias=b9g03p9785.cern.ch&noUDP&sock=slot1_8_1293671_0018_3644>
...
040 (16630220.103.000) 02/18 00:42:45 Finished transferring input files
...
001 (16630220.103.000) 02/18 00:42:46 Job executing on host: <128.142.161.98:9618?addrs=128.142.161.98-9618+[2001-1458-301-b8--100-20]-9618&alias=b9g03p9785.cern.ch&noUDP&sock=startd_2569_b2e4>
	SlotName: slot1_8@b9g03p9785.cern.ch
	CondorScratchDir = "/pool/condor/dir_3185710"
	Cpus = 1
	Disk = 4012
	GPUs = 0
	Memory = 3000
...
006 (16630220.103.000) 02/18 00:42:54 Image size of job updated: 87276
	86  -  MemoryUsage of job (MB)
	87276  -  ResidentSetSize of job (KB)
...
006 (16630220.103.000) 02/18 00:47:54 Image size of job updated: 160816
	158  -  MemoryUsage of job (MB)
	160816  -  ResidentSetSize of job (KB)
...
006 (16630220.103.000) 02/18 00:52:55 Image size of job updated: 167216
	164  -  MemoryUsage of job (MB)
	167216  -  ResidentSetSize of job (KB)
...
006 (16630220.103.000) 02/18 00:57:55 Image size of job updated: 168432
	165  -  MemoryUsage of job (MB)
	168432  -  ResidentSetSize of job (KB)
...
006 (16630220.103.000) 02/18 01:02:55 Image size of job updated: 173600
	170  -  MemoryUsage of job (MB)
	173600  -  ResidentSetSize of job (KB)
...
006 (16630220.103.000) 02/18 01:07:56 Image size of job updated: 177900
	174  -  MemoryUsage of job (MB)
	177900  -  ResidentSetSize of job (KB)
...
006 (16630220.103.000) 02/18 01:12:56 Image size of job updated: 178768
	175  -  MemoryUsage of job (MB)
	178768  -  ResidentSetSize of job (KB)
...
006 (16630220.103.000) 02/18 01:22:57 Image size of job updated: 183048
	179  -  MemoryUsage of job (MB)
	183048  -  ResidentSetSize of job (KB)
...
040 (16630220.103.000) 02/18 01:50:37 Started transferring output files
...
040 (16630220.103.000) 02/18 01:50:37 Finished transferring output files
...
005 (16630220.103.000) 02/18 01:50:37 Job terminated.
	(1) Normal termination (return value 0)
		Usr 0 00:59:19, Sys 0 00:00:08  -  Run Remote Usage
		Usr 0 00:00:00, Sys 0 00:00:00  -  Run Local Usage
		Usr 0 00:59:19, Sys 0 00:00:08  -  Total Remote Usage
		Usr 0 00:00:00, Sys 0 00:00:00  -  Total Local Usage
	8155  -  Run Bytes Sent By Job
	10428  -  Run Bytes Received By Job
	8155  -  Total Bytes Sent By Job
	10428  -  Total Bytes Received By Job
	Partitionable Resources :    Usage  Request Allocated 
	   Cpus                 :     0.99        1         1 
	   Disk (KB)            :    80          12      4012 
	   GPUs                 :                           0 
	   Memory (MB)          :   179        3000      3000 

	Job terminated of its own accord at 2025-02-18T00:50:37Z with exit-code 0.
...
