000 (16630220.338.000) 02/18 00:26:51 Job submitted from host: <188.185.72.155:9618?addrs=188.185.72.155-9618+[2001-1458-d00-8--100-95]-9618&alias=bigbird08.cern.ch&noUDP&sock=schedd_862983_22fa>
...
040 (16630220.338.000) 02/18 00:49:33 Started transferring input files
	Transferring to host: <128.142.161.141:9618?addrs=128.142.161.141-9618+[2001-1458-301-b9--100-a]-9618&alias=b9g03p9566.cern.ch&noUDP&sock=slot1_4_2178531_eb26_4550>
...
040 (16630220.338.000) 02/18 00:49:33 Finished transferring input files
...
001 (16630220.338.000) 02/18 00:49:34 Job executing on host: <128.142.161.141:9618?addrs=128.142.161.141-9618+[2001-1458-301-b9--100-a]-9618&alias=b9g03p9566.cern.ch&noUDP&sock=startd_5409_b3db>
	SlotName: slot1_4@b9g03p9566.cern.ch
	CondorScratchDir = "/pool/condor/dir_343105"
	Cpus = 1
	Disk = 3949
	GPUs = 0
	Memory = 3000
...
006 (16630220.338.000) 02/18 00:49:43 Image size of job updated: 89672
	88  -  MemoryUsage of job (MB)
	89672  -  ResidentSetSize of job (KB)
...
006 (16630220.338.000) 02/18 00:54:44 Image size of job updated: 125260
	123  -  MemoryUsage of job (MB)
	125260  -  ResidentSetSize of job (KB)
...
006 (16630220.338.000) 02/18 00:59:45 Image size of job updated: 165400
	162  -  MemoryUsage of job (MB)
	165400  -  ResidentSetSize of job (KB)
...
006 (16630220.338.000) 02/18 01:04:45 Image size of job updated: 167620
	164  -  MemoryUsage of job (MB)
	167620  -  ResidentSetSize of job (KB)
...
006 (16630220.338.000) 02/18 01:09:45 Image size of job updated: 171168
	168  -  MemoryUsage of job (MB)
	171168  -  ResidentSetSize of job (KB)
...
006 (16630220.338.000) 02/18 01:14:46 Image size of job updated: 173956
	170  -  MemoryUsage of job (MB)
	173956  -  ResidentSetSize of job (KB)
...
006 (16630220.338.000) 02/18 01:19:46 Image size of job updated: 176244
	173  -  MemoryUsage of job (MB)
	176244  -  ResidentSetSize of job (KB)
...
006 (16630220.338.000) 02/18 01:34:48 Image size of job updated: 197664
	194  -  MemoryUsage of job (MB)
	197664  -  ResidentSetSize of job (KB)
...
006 (16630220.338.000) 02/18 01:39:48 Image size of job updated: 199764
	196  -  MemoryUsage of job (MB)
	199764  -  ResidentSetSize of job (KB)
...
006 (16630220.338.000) 02/18 01:44:49 Image size of job updated: 201812
	198  -  MemoryUsage of job (MB)
	201812  -  ResidentSetSize of job (KB)
...
006 (16630220.338.000) 02/18 01:49:50 Image size of job updated: 204416
	200  -  MemoryUsage of job (MB)
	204416  -  ResidentSetSize of job (KB)
...
006 (16630220.338.000) 02/18 01:54:50 Image size of job updated: 209504
	205  -  MemoryUsage of job (MB)
	209504  -  ResidentSetSize of job (KB)
...
040 (16630220.338.000) 02/18 01:55:32 Started transferring output files
...
040 (16630220.338.000) 02/18 01:55:32 Finished transferring output files
...
005 (16630220.338.000) 02/18 01:55:33 Job terminated.
	(1) Normal termination (return value 0)
		Usr 0 01:03:50, Sys 0 00:00:20  -  Run Remote Usage
		Usr 0 00:00:00, Sys 0 00:00:00  -  Run Local Usage
		Usr 0 01:03:50, Sys 0 00:00:20  -  Total Remote Usage
		Usr 0 00:00:00, Sys 0 00:00:00  -  Total Local Usage
	8155  -  Run Bytes Sent By Job
	10428  -  Run Bytes Received By Job
	8155  -  Total Bytes Sent By Job
	10428  -  Total Bytes Received By Job
	Partitionable Resources :    Usage  Request Allocated 
	   Cpus                 :     0.99        1         1 
	   Disk (KB)            :    80          12      3949 
	   GPUs                 :                           0 
	   Memory (MB)          :   205        3000      3000 

	Job terminated of its own accord at 2025-02-18T00:55:32Z with exit-code 0.
...
