000 (16630220.280.000) 02/18 00:26:51 Job submitted from host: <188.185.72.155:9618?addrs=188.185.72.155-9618+[2001-1458-d00-8--100-95]-9618&alias=bigbird08.cern.ch&noUDP&sock=schedd_862983_22fa>
...
040 (16630220.280.000) 02/18 00:49:10 Started transferring input files
	Transferring to host: <128.142.161.88:9618?addrs=128.142.161.88-9618+[2001-1458-301-b8--100-16]-9618&alias=b9g03p2986.cern.ch&noUDP&sock=slot1_20_3443790_5842_9675>
...
040 (16630220.280.000) 02/18 00:49:10 Finished transferring input files
...
001 (16630220.280.000) 02/18 00:49:11 Job executing on host: <128.142.161.88:9618?addrs=128.142.161.88-9618+[2001-1458-301-b8--100-16]-9618&alias=b9g03p2986.cern.ch&noUDP&sock=startd_3193_b5fd>
	SlotName: slot1_20@b9g03p2986.cern.ch
	CondorScratchDir = "/pool/condor/dir_1855968"
	Cpus = 1
	Disk = 4013
	GPUs = 0
	Memory = 3000
...
006 (16630220.280.000) 02/18 00:49:20 Image size of job updated: 86480
	85  -  MemoryUsage of job (MB)
	86480  -  ResidentSetSize of job (KB)
...
006 (16630220.280.000) 02/18 00:54:21 Image size of job updated: 137652
	135  -  MemoryUsage of job (MB)
	137652  -  ResidentSetSize of job (KB)
...
006 (16630220.280.000) 02/18 00:59:21 Image size of job updated: 166360
	163  -  MemoryUsage of job (MB)
	166360  -  ResidentSetSize of job (KB)
...
006 (16630220.280.000) 02/18 01:04:22 Image size of job updated: 169552
	166  -  MemoryUsage of job (MB)
	169552  -  ResidentSetSize of job (KB)
...
006 (16630220.280.000) 02/18 01:09:23 Image size of job updated: 174372
	171  -  MemoryUsage of job (MB)
	174372  -  ResidentSetSize of job (KB)
...
006 (16630220.280.000) 02/18 01:14:23 Image size of job updated: 176924
	173  -  MemoryUsage of job (MB)
	176924  -  ResidentSetSize of job (KB)
...
006 (16630220.280.000) 02/18 01:24:24 Image size of job updated: 192160
	188  -  MemoryUsage of job (MB)
	192160  -  ResidentSetSize of job (KB)
...
006 (16630220.280.000) 02/18 01:29:24 Image size of job updated: 196264
	192  -  MemoryUsage of job (MB)
	196264  -  ResidentSetSize of job (KB)
...
006 (16630220.280.000) 02/18 01:34:24 Image size of job updated: 199576
	195  -  MemoryUsage of job (MB)
	199576  -  ResidentSetSize of job (KB)
...
040 (16630220.280.000) 02/18 01:37:22 Started transferring output files
...
040 (16630220.280.000) 02/18 01:37:22 Finished transferring output files
...
005 (16630220.280.000) 02/18 01:37:22 Job terminated.
	(1) Normal termination (return value 0)
		Usr 0 00:46:43, Sys 0 00:00:07  -  Run Remote Usage
		Usr 0 00:00:00, Sys 0 00:00:00  -  Run Local Usage
		Usr 0 00:46:43, Sys 0 00:00:07  -  Total Remote Usage
		Usr 0 00:00:00, Sys 0 00:00:00  -  Total Local Usage
	8155  -  Run Bytes Sent By Job
	10428  -  Run Bytes Received By Job
	8155  -  Total Bytes Sent By Job
	10428  -  Total Bytes Received By Job
	Partitionable Resources :    Usage  Request Allocated 
	   Cpus                 :     0.99        1         1 
	   Disk (KB)            :    80          12      4013 
	   GPUs                 :                           0 
	   Memory (MB)          :   195        3000      3000 

	Job terminated of its own accord at 2025-02-18T00:37:22Z with exit-code 0.
...
