000 (16630220.060.000) 02/18 00:26:50 Job submitted from host: <188.185.72.155:9618?addrs=188.185.72.155-9618+[2001-1458-d00-8--100-95]-9618&alias=bigbird08.cern.ch&noUDP&sock=schedd_862983_22fa>
...
040 (16630220.060.000) 02/18 00:27:51 Started transferring input files
	Transferring to host: <128.142.33.203:9618?addrs=128.142.33.203-9618+[2001-1458-301-39--100-8]-9618&alias=b9g24p0512.cern.ch&noUDP&sock=slot1_33_1634666_d362_85603>
...
040 (16630220.060.000) 02/18 00:27:51 Finished transferring input files
...
001 (16630220.060.000) 02/18 00:27:52 Job executing on host: <128.142.33.203:9618?addrs=128.142.33.203-9618+[2001-1458-301-39--100-8]-9618&alias=b9g24p0512.cern.ch&noUDP&sock=startd_5283_46ed>
	SlotName: slot1_33@b9g24p0512.cern.ch
	CondorScratchDir = "/pool/condor/dir_1085734"
	Cpus = 1
	Disk = 3775
	GPUs = 0
	Memory = 3000
...
006 (16630220.060.000) 02/18 00:28:00 Image size of job updated: 100532
	99  -  MemoryUsage of job (MB)
	100532  -  ResidentSetSize of job (KB)
...
006 (16630220.060.000) 02/18 00:33:00 Image size of job updated: 478280
	468  -  MemoryUsage of job (MB)
	478280  -  ResidentSetSize of job (KB)
...
006 (16630220.060.000) 02/18 00:38:01 Image size of job updated: 487756
	477  -  MemoryUsage of job (MB)
	487756  -  ResidentSetSize of job (KB)
...
006 (16630220.060.000) 02/18 00:43:02 Image size of job updated: 493504
	482  -  MemoryUsage of job (MB)
	493504  -  ResidentSetSize of job (KB)
...
006 (16630220.060.000) 02/18 00:48:02 Image size of job updated: 503936
	493  -  MemoryUsage of job (MB)
	503936  -  ResidentSetSize of job (KB)
...
006 (16630220.060.000) 02/18 00:53:02 Image size of job updated: 510156
	499  -  MemoryUsage of job (MB)
	510156  -  ResidentSetSize of job (KB)
...
006 (16630220.060.000) 02/18 00:58:03 Image size of job updated: 515968
	504  -  MemoryUsage of job (MB)
	515968  -  ResidentSetSize of job (KB)
...
040 (16630220.060.000) 02/18 01:00:35 Started transferring output files
...
040 (16630220.060.000) 02/18 01:00:35 Finished transferring output files
...
005 (16630220.060.000) 02/18 01:00:35 Job terminated.
	(1) Normal termination (return value 0)
		Usr 0 00:29:42, Sys 0 00:00:05  -  Run Remote Usage
		Usr 0 00:00:00, Sys 0 00:00:00  -  Run Local Usage
		Usr 0 00:29:42, Sys 0 00:00:05  -  Total Remote Usage
		Usr 0 00:00:00, Sys 0 00:00:00  -  Total Local Usage
	8152  -  Run Bytes Sent By Job
	10428  -  Run Bytes Received By Job
	8152  -  Total Bytes Sent By Job
	10428  -  Total Bytes Received By Job
	Partitionable Resources :    Usage  Request Allocated 
	   Cpus                 :     0.99        1         1 
	   Disk (KB)            :    80          12      3775 
	   GPUs                 :                           0 
	   Memory (MB)          :   504        3000      3000 

	Job terminated of its own accord at 2025-02-18T00:00:35Z with exit-code 0.
...
