000 (16630220.231.000) 02/18 00:26:51 Job submitted from host: <188.185.72.155:9618?addrs=188.185.72.155-9618+[2001-1458-d00-8--100-95]-9618&alias=bigbird08.cern.ch&noUDP&sock=schedd_862983_22fa>
...
040 (16630220.231.000) 02/18 00:48:54 Started transferring input files
	Transferring to host: <128.142.192.176:9618?addrs=128.142.192.176-9618+[2001-1458-301-56--100-2c]-9618&alias=b9g18p0460.cern.ch&noUDP&sock=slot1_10_6553_ee64_140996>
...
040 (16630220.231.000) 02/18 00:48:54 Finished transferring input files
...
001 (16630220.231.000) 02/18 00:48:55 Job executing on host: <128.142.192.176:9618?addrs=128.142.192.176-9618+[2001-1458-301-56--100-2c]-9618&alias=b9g18p0460.cern.ch&noUDP&sock=startd_5523_e5a7>
	SlotName: slot1_10@b9g18p0460.cern.ch
	CondorScratchDir = "/pool/condor/dir_3934253"
	Cpus = 1
	Disk = 3827
	GPUs = 0
	Memory = 3000
...
006 (16630220.231.000) 02/18 00:49:04 Image size of job updated: 88400
	87  -  MemoryUsage of job (MB)
	88400  -  ResidentSetSize of job (KB)
...
006 (16630220.231.000) 02/18 00:54:04 Image size of job updated: 189384
	185  -  MemoryUsage of job (MB)
	189384  -  ResidentSetSize of job (KB)
...
006 (16630220.231.000) 02/18 00:59:04 Image size of job updated: 195580
	191  -  MemoryUsage of job (MB)
	195580  -  ResidentSetSize of job (KB)
...
006 (16630220.231.000) 02/18 01:24:07 Image size of job updated: 198564
	194  -  MemoryUsage of job (MB)
	198564  -  ResidentSetSize of job (KB)
...
006 (16630220.231.000) 02/18 01:29:07 Image size of job updated: 200996
	197  -  MemoryUsage of job (MB)
	200996  -  ResidentSetSize of job (KB)
...
006 (16630220.231.000) 02/18 01:34:08 Image size of job updated: 204168
	200  -  MemoryUsage of job (MB)
	204168  -  ResidentSetSize of job (KB)
...
040 (16630220.231.000) 02/18 01:39:06 Started transferring output files
...
040 (16630220.231.000) 02/18 01:39:06 Finished transferring output files
...
005 (16630220.231.000) 02/18 01:39:06 Job terminated.
	(1) Normal termination (return value 0)
		Usr 0 00:49:22, Sys 0 00:00:04  -  Run Remote Usage
		Usr 0 00:00:00, Sys 0 00:00:00  -  Run Local Usage
		Usr 0 00:49:22, Sys 0 00:00:04  -  Total Remote Usage
		Usr 0 00:00:00, Sys 0 00:00:00  -  Total Local Usage
	8155  -  Run Bytes Sent By Job
	10428  -  Run Bytes Received By Job
	8155  -  Total Bytes Sent By Job
	10428  -  Total Bytes Received By Job
	Partitionable Resources :    Usage  Request Allocated 
	   Cpus                 :     0.99        1         1 
	   Disk (KB)            :    80          12      3827 
	   GPUs                 :                           0 
	   Memory (MB)          :   200        3000      3000 

	Job terminated of its own accord at 2025-02-18T00:39:06Z with exit-code 0.
...
