000 (16630220.447.000) 02/18 00:26:51 Job submitted from host: <188.185.72.155:9618?addrs=188.185.72.155-9618+[2001-1458-d00-8--100-95]-9618&alias=bigbird08.cern.ch&noUDP&sock=schedd_862983_22fa>
...
040 (16630220.447.000) 02/18 00:52:51 Started transferring input files
	Transferring to host: <188.185.195.87:9618?addrs=188.185.195.87-9618+[2001-1458-303-22--100-53]-9618&alias=b9p17p3514.cern.ch&noUDP&sock=slot1_6_1149162_5643_3842>
...
040 (16630220.447.000) 02/18 00:52:51 Finished transferring input files
...
001 (16630220.447.000) 02/18 00:52:52 Job executing on host: <188.185.195.87:9618?addrs=188.185.195.87-9618+[2001-1458-303-22--100-53]-9618&alias=b9p17p3514.cern.ch&noUDP&sock=startd_8100_8137>
	SlotName: slot1_6@b9p17p3514.cern.ch
	CondorScratchDir = "/pool/condor/dir_2188939"
	Cpus = 1
	Disk = 3912
	GPUs = 0
	Memory = 3000
...
006 (16630220.447.000) 02/18 00:53:01 Image size of job updated: 297164
	291  -  MemoryUsage of job (MB)
	297164  -  ResidentSetSize of job (KB)
...
006 (16630220.447.000) 02/18 00:58:02 Image size of job updated: 1210960
	1183  -  MemoryUsage of job (MB)
	1210960  -  ResidentSetSize of job (KB)
...
040 (16630220.447.000) 02/18 01:54:24 Started transferring output files
...
040 (16630220.447.000) 02/18 01:54:24 Finished transferring output files
...
005 (16630220.447.000) 02/18 01:54:24 Job terminated.
	(1) Normal termination (return value 0)
		Usr 0 00:58:18, Sys 0 00:00:10  -  Run Remote Usage
		Usr 0 00:00:00, Sys 0 00:00:00  -  Run Local Usage
		Usr 0 00:58:18, Sys 0 00:00:10  -  Total Remote Usage
		Usr 0 00:00:00, Sys 0 00:00:00  -  Total Local Usage
	8155  -  Run Bytes Sent By Job
	10428  -  Run Bytes Received By Job
	8155  -  Total Bytes Sent By Job
	10428  -  Total Bytes Received By Job
	Partitionable Resources :    Usage  Request Allocated 
	   Cpus                 :     0.98        1         1 
	   Disk (KB)            :    80          12      3912 
	   GPUs                 :                           0 
	   Memory (MB)          :  1183        3000      3000 

	Job terminated of its own accord at 2025-02-18T00:54:24Z with exit-code 0.
...
