000 (16630220.323.000) 02/18 00:26:51 Job submitted from host: <188.185.72.155:9618?addrs=188.185.72.155-9618+[2001-1458-d00-8--100-95]-9618&alias=bigbird08.cern.ch&noUDP&sock=schedd_862983_22fa>
...
040 (16630220.323.000) 02/18 00:49:27 Started transferring input files
	Transferring to host: <188.185.198.120:9618?addrs=188.185.198.120-9618+[2001-1458-303-25--100-74]-9618&alias=b9p15p0387.cern.ch&noUDP&sock=slot1_4_236508_080b_13278>
...
040 (16630220.323.000) 02/18 00:49:27 Finished transferring input files
...
001 (16630220.323.000) 02/18 00:49:28 Job executing on host: <188.185.198.120:9618?addrs=188.185.198.120-9618+[2001-1458-303-25--100-74]-9618&alias=b9p15p0387.cern.ch&noUDP&sock=startd_9480_11e9>
	SlotName: slot1_4@b9p15p0387.cern.ch
	CondorScratchDir = "/pool/condor/dir_1139752"
	Cpus = 1
	Disk = 3746
	GPUs = 0
	Memory = 3000
...
006 (16630220.323.000) 02/18 00:49:37 Image size of job updated: 89228
	88  -  MemoryUsage of job (MB)
	89228  -  ResidentSetSize of job (KB)
...
006 (16630220.323.000) 02/18 00:54:38 Image size of job updated: 126092
	124  -  MemoryUsage of job (MB)
	126092  -  ResidentSetSize of job (KB)
...
006 (16630220.323.000) 02/18 00:59:39 Image size of job updated: 165420
	162  -  MemoryUsage of job (MB)
	165420  -  ResidentSetSize of job (KB)
...
006 (16630220.323.000) 02/18 01:04:39 Image size of job updated: 172412
	169  -  MemoryUsage of job (MB)
	172412  -  ResidentSetSize of job (KB)
...
006 (16630220.323.000) 02/18 01:09:40 Image size of job updated: 175504
	172  -  MemoryUsage of job (MB)
	175504  -  ResidentSetSize of job (KB)
...
006 (16630220.323.000) 02/18 01:14:41 Image size of job updated: 178448
	175  -  MemoryUsage of job (MB)
	178448  -  ResidentSetSize of job (KB)
...
006 (16630220.323.000) 02/18 01:24:41 Image size of job updated: 197652
	194  -  MemoryUsage of job (MB)
	197652  -  ResidentSetSize of job (KB)
...
006 (16630220.323.000) 02/18 01:29:42 Image size of job updated: 201600
	197  -  MemoryUsage of job (MB)
	201600  -  ResidentSetSize of job (KB)
...
006 (16630220.323.000) 02/18 01:34:42 Image size of job updated: 204328
	200  -  MemoryUsage of job (MB)
	204328  -  ResidentSetSize of job (KB)
...
006 (16630220.323.000) 02/18 01:39:42 Image size of job updated: 208760
	204  -  MemoryUsage of job (MB)
	208760  -  ResidentSetSize of job (KB)
...
040 (16630220.323.000) 02/18 01:41:49 Started transferring output files
...
040 (16630220.323.000) 02/18 01:41:49 Finished transferring output files
...
005 (16630220.323.000) 02/18 01:41:50 Job terminated.
	(1) Normal termination (return value 0)
		Usr 0 00:51:29, Sys 0 00:00:04  -  Run Remote Usage
		Usr 0 00:00:00, Sys 0 00:00:00  -  Run Local Usage
		Usr 0 00:51:29, Sys 0 00:00:04  -  Total Remote Usage
		Usr 0 00:00:00, Sys 0 00:00:00  -  Total Local Usage
	8155  -  Run Bytes Sent By Job
	10428  -  Run Bytes Received By Job
	8155  -  Total Bytes Sent By Job
	10428  -  Total Bytes Received By Job
	Partitionable Resources :    Usage  Request Allocated 
	   Cpus                 :     0.96        1         1 
	   Disk (KB)            :    81          12      3746 
	   GPUs                 :                           0 
	   Memory (MB)          :   204        3000      3000 

	Job terminated of its own accord at 2025-02-18T00:41:49Z with exit-code 0.
...
