000 (16630220.243.000) 02/18 00:26:51 Job submitted from host: <188.185.72.155:9618?addrs=188.185.72.155-9618+[2001-1458-d00-8--100-95]-9618&alias=bigbird08.cern.ch&noUDP&sock=schedd_862983_22fa>
...
040 (16630220.243.000) 02/18 00:48:58 Started transferring input files
	Transferring to host: <188.185.198.97:9618?addrs=188.185.198.97-9618+[2001-1458-303-25--100-5d]-9618&alias=b9p15p1520.cern.ch&noUDP&sock=slot1_34_528912_19fd_30304>
...
040 (16630220.243.000) 02/18 00:48:58 Finished transferring input files
...
001 (16630220.243.000) 02/18 00:48:59 Job executing on host: <188.185.198.97:9618?addrs=188.185.198.97-9618+[2001-1458-303-25--100-5d]-9618&alias=b9p15p1520.cern.ch&noUDP&sock=startd_9036_85dc>
	SlotName: slot1_34@b9p15p1520.cern.ch
	CondorScratchDir = "/pool/condor/dir_1729326"
	Cpus = 1
	Disk = 3843
	GPUs = 0
	Memory = 3000
...
006 (16630220.243.000) 02/18 00:49:07 Image size of job updated: 2072
	3  -  MemoryUsage of job (MB)
	2072  -  ResidentSetSize of job (KB)
...
006 (16630220.243.000) 02/18 00:54:07 Image size of job updated: 125088
	123  -  MemoryUsage of job (MB)
	125088  -  ResidentSetSize of job (KB)
...
006 (16630220.243.000) 02/18 00:59:08 Image size of job updated: 165160
	162  -  MemoryUsage of job (MB)
	165160  -  ResidentSetSize of job (KB)
...
006 (16630220.243.000) 02/18 01:04:09 Image size of job updated: 174308
	171  -  MemoryUsage of job (MB)
	174308  -  ResidentSetSize of job (KB)
...
006 (16630220.243.000) 02/18 01:09:09 Image size of job updated: 178860
	175  -  MemoryUsage of job (MB)
	178860  -  ResidentSetSize of job (KB)
...
006 (16630220.243.000) 02/18 01:14:10 Image size of job updated: 184412
	181  -  MemoryUsage of job (MB)
	184412  -  ResidentSetSize of job (KB)
...
006 (16630220.243.000) 02/18 01:19:11 Image size of job updated: 189724
	186  -  MemoryUsage of job (MB)
	189724  -  ResidentSetSize of job (KB)
...
006 (16630220.243.000) 02/18 01:24:11 Image size of job updated: 193828
	190  -  MemoryUsage of job (MB)
	193828  -  ResidentSetSize of job (KB)
...
006 (16630220.243.000) 02/18 01:29:11 Image size of job updated: 199268
	195  -  MemoryUsage of job (MB)
	199268  -  ResidentSetSize of job (KB)
...
006 (16630220.243.000) 02/18 01:34:12 Image size of job updated: 202552
	198  -  MemoryUsage of job (MB)
	202552  -  ResidentSetSize of job (KB)
...
040 (16630220.243.000) 02/18 01:37:12 Started transferring output files
...
040 (16630220.243.000) 02/18 01:37:12 Finished transferring output files
...
005 (16630220.243.000) 02/18 01:37:12 Job terminated.
	(1) Normal termination (return value 0)
		Usr 0 00:46:52, Sys 0 00:00:06  -  Run Remote Usage
		Usr 0 00:00:00, Sys 0 00:00:00  -  Run Local Usage
		Usr 0 00:46:52, Sys 0 00:00:06  -  Total Remote Usage
		Usr 0 00:00:00, Sys 0 00:00:00  -  Total Local Usage
	8155  -  Run Bytes Sent By Job
	10428  -  Run Bytes Received By Job
	8155  -  Total Bytes Sent By Job
	10428  -  Total Bytes Received By Job
	Partitionable Resources :    Usage  Request Allocated 
	   Cpus                 :     0.96        1         1 
	   Disk (KB)            :    80          12      3843 
	   GPUs                 :                           0 
	   Memory (MB)          :   198        3000      3000 

	Job terminated of its own accord at 2025-02-18T00:37:12Z with exit-code 0.
...
