000 (16630220.051.000) 02/18 00:26:50 Job submitted from host: <188.185.72.155:9618?addrs=188.185.72.155-9618+[2001-1458-d00-8--100-95]-9618&alias=bigbird08.cern.ch&noUDP&sock=schedd_862983_22fa>
...
040 (16630220.051.000) 02/18 00:27:48 Started transferring input files
	Transferring to host: <188.185.195.54:9618?addrs=188.185.195.54-9618+[2001-1458-303-22--100-32]-9618&alias=b9p17p1021.cern.ch&noUDP&sock=slot1_23_1987578_4171_4688>
...
040 (16630220.051.000) 02/18 00:27:48 Finished transferring input files
...
001 (16630220.051.000) 02/18 00:27:49 Job executing on host: <188.185.195.54:9618?addrs=188.185.195.54-9618+[2001-1458-303-22--100-32]-9618&alias=b9p17p1021.cern.ch&noUDP&sock=startd_6625_c705>
	SlotName: slot1_23@b9p17p1021.cern.ch
	CondorScratchDir = "/pool/condor/dir_3806727"
	Cpus = 1
	Disk = 3907
	GPUs = 0
	Memory = 3000
...
006 (16630220.051.000) 02/18 00:27:57 Image size of job updated: 96996
	95  -  MemoryUsage of job (MB)
	96996  -  ResidentSetSize of job (KB)
...
006 (16630220.051.000) 02/18 00:32:57 Image size of job updated: 438220
	428  -  MemoryUsage of job (MB)
	438220  -  ResidentSetSize of job (KB)
...
006 (16630220.051.000) 02/18 00:37:58 Image size of job updated: 481180
	470  -  MemoryUsage of job (MB)
	481180  -  ResidentSetSize of job (KB)
...
006 (16630220.051.000) 02/18 00:42:58 Image size of job updated: 487612
	477  -  MemoryUsage of job (MB)
	487612  -  ResidentSetSize of job (KB)
...
006 (16630220.051.000) 02/18 00:47:58 Image size of job updated: 492984
	482  -  MemoryUsage of job (MB)
	492984  -  ResidentSetSize of job (KB)
...
006 (16630220.051.000) 02/18 00:58:00 Image size of job updated: 498136
	487  -  MemoryUsage of job (MB)
	498136  -  ResidentSetSize of job (KB)
...
040 (16630220.051.000) 02/18 01:17:46 Started transferring output files
...
040 (16630220.051.000) 02/18 01:17:46 Finished transferring output files
...
005 (16630220.051.000) 02/18 01:17:46 Job terminated.
	(1) Normal termination (return value 0)
		Usr 0 00:46:54, Sys 0 00:00:04  -  Run Remote Usage
		Usr 0 00:00:00, Sys 0 00:00:00  -  Run Local Usage
		Usr 0 00:46:54, Sys 0 00:00:04  -  Total Remote Usage
		Usr 0 00:00:00, Sys 0 00:00:00  -  Total Local Usage
	8152  -  Run Bytes Sent By Job
	10428  -  Run Bytes Received By Job
	8152  -  Total Bytes Sent By Job
	10428  -  Total Bytes Received By Job
	Partitionable Resources :    Usage  Request Allocated 
	   Cpus                 :     0.99        1         1 
	   Disk (KB)            :    81          12      3907 
	   GPUs                 :                           0 
	   Memory (MB)          :   487        3000      3000 

	Job terminated of its own accord at 2025-02-18T00:17:46Z with exit-code 0.
...
