000 (16630220.206.000) 02/18 00:26:50 Job submitted from host: <188.185.72.155:9618?addrs=188.185.72.155-9618+[2001-1458-d00-8--100-95]-9618&alias=bigbird08.cern.ch&noUDP&sock=schedd_862983_22fa>
...
040 (16630220.206.000) 02/18 00:48:37 Started transferring input files
	Transferring to host: <188.185.193.86:9618?addrs=188.185.193.86-9618+[2001-1458-303-20--100-52]-9618&alias=b9p19p6792.cern.ch&noUDP&sock=slot1_17_9433_26d9_6769>
...
040 (16630220.206.000) 02/18 00:48:37 Finished transferring input files
...
001 (16630220.206.000) 02/18 00:48:38 Job executing on host: <188.185.193.86:9618?addrs=188.185.193.86-9618+[2001-1458-303-20--100-52]-9618&alias=b9p19p6792.cern.ch&noUDP&sock=startd_8510_bb0b>
	SlotName: slot1_17@b9p19p6792.cern.ch
	CondorScratchDir = "/pool/condor/dir_1833485"
	Cpus = 1
	Disk = 3836
	GPUs = 0
	Memory = 3000
...
006 (16630220.206.000) 02/18 00:48:47 Image size of job updated: 88916
	87  -  MemoryUsage of job (MB)
	88916  -  ResidentSetSize of job (KB)
...
006 (16630220.206.000) 02/18 00:53:49 Image size of job updated: 192956
	189  -  MemoryUsage of job (MB)
	192956  -  ResidentSetSize of job (KB)
...
006 (16630220.206.000) 02/18 00:58:49 Image size of job updated: 198532
	194  -  MemoryUsage of job (MB)
	198532  -  ResidentSetSize of job (KB)
...
006 (16630220.206.000) 02/18 01:23:51 Image size of job updated: 203772
	199  -  MemoryUsage of job (MB)
	203772  -  ResidentSetSize of job (KB)
...
006 (16630220.206.000) 02/18 01:28:52 Image size of job updated: 207880
	204  -  MemoryUsage of job (MB)
	207880  -  ResidentSetSize of job (KB)
...
006 (16630220.206.000) 02/18 01:33:52 Image size of job updated: 211980
	208  -  MemoryUsage of job (MB)
	211980  -  ResidentSetSize of job (KB)
...
040 (16630220.206.000) 02/18 01:37:15 Started transferring output files
...
040 (16630220.206.000) 02/18 01:37:15 Finished transferring output files
...
005 (16630220.206.000) 02/18 01:37:15 Job terminated.
	(1) Normal termination (return value 0)
		Usr 0 00:47:36, Sys 0 00:00:04  -  Run Remote Usage
		Usr 0 00:00:00, Sys 0 00:00:00  -  Run Local Usage
		Usr 0 00:47:36, Sys 0 00:00:04  -  Total Remote Usage
		Usr 0 00:00:00, Sys 0 00:00:00  -  Total Local Usage
	8155  -  Run Bytes Sent By Job
	10428  -  Run Bytes Received By Job
	8155  -  Total Bytes Sent By Job
	10428  -  Total Bytes Received By Job
	Partitionable Resources :    Usage  Request Allocated 
	   Cpus                 :     0.99        1         1 
	   Disk (KB)            :    81          12      3836 
	   GPUs                 :                           0 
	   Memory (MB)          :   208        3000      3000 

	Job terminated of its own accord at 2025-02-18T00:37:15Z with exit-code 0.
...
