000 (16630220.452.000) 02/18 00:26:51 Job submitted from host: <188.185.72.155:9618?addrs=188.185.72.155-9618+[2001-1458-d00-8--100-95]-9618&alias=bigbird08.cern.ch&noUDP&sock=schedd_862983_22fa>
...
040 (16630220.452.000) 02/18 00:52:52 Started transferring input files
	Transferring to host: <188.185.213.212:9618?addrs=188.185.213.212-9618+[2001-1458-303-1b--100-50]-9618&alias=b9p28p2314.cern.ch&noUDP&sock=slot1_3_3613526_b638_33960>
...
040 (16630220.452.000) 02/18 00:52:52 Finished transferring input files
...
001 (16630220.452.000) 02/18 00:52:53 Job executing on host: <188.185.213.212:9618?addrs=188.185.213.212-9618+[2001-1458-303-1b--100-50]-9618&alias=b9p28p2314.cern.ch&noUDP&sock=startd_3618_39bd>
	SlotName: slot1_3@b9p28p2314.cern.ch
	CondorScratchDir = "/pool/condor/dir_2118071"
	Cpus = 1
	Disk = 3853
	GPUs = 0
	Memory = 3000
...
006 (16630220.452.000) 02/18 00:53:02 Image size of job updated: 489008
	478  -  MemoryUsage of job (MB)
	489008  -  ResidentSetSize of job (KB)
...
006 (16630220.452.000) 02/18 00:58:03 Image size of job updated: 1206192
	1178  -  MemoryUsage of job (MB)
	1206192  -  ResidentSetSize of job (KB)
...
040 (16630220.452.000) 02/18 01:34:04 Started transferring output files
...
040 (16630220.452.000) 02/18 01:34:04 Finished transferring output files
...
005 (16630220.452.000) 02/18 01:34:04 Job terminated.
	(1) Normal termination (return value 0)
		Usr 0 00:34:32, Sys 0 00:00:25  -  Run Remote Usage
		Usr 0 00:00:00, Sys 0 00:00:00  -  Run Local Usage
		Usr 0 00:34:32, Sys 0 00:00:25  -  Total Remote Usage
		Usr 0 00:00:00, Sys 0 00:00:00  -  Total Local Usage
	8155  -  Run Bytes Sent By Job
	10428  -  Run Bytes Received By Job
	8155  -  Total Bytes Sent By Job
	10428  -  Total Bytes Received By Job
	Partitionable Resources :    Usage  Request Allocated 
	   Cpus                 :     0.97        1         1 
	   Disk (KB)            :    80          12      3853 
	   GPUs                 :                           0 
	   Memory (MB)          :  1178        3000      3000 

	Job terminated of its own accord at 2025-02-18T00:34:04Z with exit-code 0.
...
