000 (16630220.412.000) 02/18 00:26:51 Job submitted from host: <188.185.72.155:9618?addrs=188.185.72.155-9618+[2001-1458-d00-8--100-95]-9618&alias=bigbird08.cern.ch&noUDP&sock=schedd_862983_22fa>
...
040 (16630220.412.000) 02/18 00:50:01 Started transferring input files
	Transferring to host: <188.185.214.18:9618?addrs=188.185.214.18-9618+[2001-1458-303-1c--100-e]-9618&alias=b9p29p4113.cern.ch&noUDP&sock=slot1_28_5982_9c2c_149976>
...
040 (16630220.412.000) 02/18 00:50:01 Finished transferring input files
...
001 (16630220.412.000) 02/18 00:50:02 Job executing on host: <188.185.214.18:9618?addrs=188.185.214.18-9618+[2001-1458-303-1c--100-e]-9618&alias=b9p29p4113.cern.ch&noUDP&sock=startd_4634_1df6>
	SlotName: slot1_28@b9p29p4113.cern.ch
	CondorScratchDir = "/pool/condor/dir_1768990"
	Cpus = 1
	Disk = 3727
	GPUs = 0
	Memory = 3000
...
006 (16630220.412.000) 02/18 00:50:11 Image size of job updated: 87172
	86  -  MemoryUsage of job (MB)
	87172  -  ResidentSetSize of job (KB)
...
006 (16630220.412.000) 02/18 00:55:12 Image size of job updated: 171400
	168  -  MemoryUsage of job (MB)
	171400  -  ResidentSetSize of job (KB)
...
006 (16630220.412.000) 02/18 01:00:13 Image size of job updated: 176028
	172  -  MemoryUsage of job (MB)
	176028  -  ResidentSetSize of job (KB)
...
006 (16630220.412.000) 02/18 01:20:14 Image size of job updated: 187680
	184  -  MemoryUsage of job (MB)
	187680  -  ResidentSetSize of job (KB)
...
006 (16630220.412.000) 02/18 01:25:14 Image size of job updated: 191936
	188  -  MemoryUsage of job (MB)
	191936  -  ResidentSetSize of job (KB)
...
006 (16630220.412.000) 02/18 01:30:15 Image size of job updated: 199172
	195  -  MemoryUsage of job (MB)
	199172  -  ResidentSetSize of job (KB)
...
040 (16630220.412.000) 02/18 01:30:26 Started transferring output files
...
040 (16630220.412.000) 02/18 01:30:26 Finished transferring output files
...
005 (16630220.412.000) 02/18 01:30:26 Job terminated.
	(1) Normal termination (return value 0)
		Usr 0 00:38:44, Sys 0 00:00:16  -  Run Remote Usage
		Usr 0 00:00:00, Sys 0 00:00:00  -  Run Local Usage
		Usr 0 00:38:44, Sys 0 00:00:16  -  Total Remote Usage
		Usr 0 00:00:00, Sys 0 00:00:00  -  Total Local Usage
	8155  -  Run Bytes Sent By Job
	10428  -  Run Bytes Received By Job
	8155  -  Total Bytes Sent By Job
	10428  -  Total Bytes Received By Job
	Partitionable Resources :    Usage  Request Allocated 
	   Cpus                 :     0.98        1         1 
	   Disk (KB)            :    81          12      3727 
	   GPUs                 :                           0 
	   Memory (MB)          :   195        3000      3000 

	Job terminated of its own accord at 2025-02-18T00:30:26Z with exit-code 0.
...
