000 (16630220.145.000) 02/18 00:26:50 Job submitted from host: <188.185.72.155:9618?addrs=188.185.72.155-9618+[2001-1458-d00-8--100-95]-9618&alias=bigbird08.cern.ch&noUDP&sock=schedd_862983_22fa>
...
040 (16630220.145.000) 02/18 00:47:59 Started transferring input files
	Transferring to host: <188.185.198.112:9618?addrs=188.185.198.112-9618+[2001-1458-303-25--100-6c]-9618&alias=b9p15p6955.cern.ch&noUDP&sock=slot1_20_657799_a716_12338>
...
040 (16630220.145.000) 02/18 00:47:59 Finished transferring input files
...
001 (16630220.145.000) 02/18 00:48:00 Job executing on host: <188.185.198.112:9618?addrs=188.185.198.112-9618+[2001-1458-303-25--100-6c]-9618&alias=b9p15p6955.cern.ch&noUDP&sock=startd_9415_7c41>
	SlotName: slot1_20@b9p15p6955.cern.ch
	CondorScratchDir = "/pool/condor/dir_108805"
	Cpus = 1
	Disk = 3901
	GPUs = 0
	Memory = 3000
...
006 (16630220.145.000) 02/18 00:48:09 Image size of job updated: 283064
	277  -  MemoryUsage of job (MB)
	283064  -  ResidentSetSize of job (KB)
...
006 (16630220.145.000) 02/18 00:53:10 Image size of job updated: 1108612
	1083  -  MemoryUsage of job (MB)
	1108612  -  ResidentSetSize of job (KB)
...
006 (16630220.145.000) 02/18 00:58:10 Image size of job updated: 1146592
	1120  -  MemoryUsage of job (MB)
	1146592  -  ResidentSetSize of job (KB)
...
040 (16630220.145.000) 02/18 01:49:37 Started transferring output files
...
040 (16630220.145.000) 02/18 01:49:37 Finished transferring output files
...
005 (16630220.145.000) 02/18 01:49:37 Job terminated.
	(1) Normal termination (return value 0)
		Usr 0 00:59:15, Sys 0 00:00:06  -  Run Remote Usage
		Usr 0 00:00:00, Sys 0 00:00:00  -  Run Local Usage
		Usr 0 00:59:15, Sys 0 00:00:06  -  Total Remote Usage
		Usr 0 00:00:00, Sys 0 00:00:00  -  Total Local Usage
	8155  -  Run Bytes Sent By Job
	10428  -  Run Bytes Received By Job
	8155  -  Total Bytes Sent By Job
	10428  -  Total Bytes Received By Job
	Partitionable Resources :    Usage  Request Allocated 
	   Cpus                 :     0.99        1         1 
	   Disk (KB)            :    81          12      3901 
	   GPUs                 :                           0 
	   Memory (MB)          :  1120        3000      3000 

	Job terminated of its own accord at 2025-02-18T00:49:37Z with exit-code 0.
...
