000 (16630220.302.000) 02/18 00:26:51 Job submitted from host: <188.185.72.155:9618?addrs=188.185.72.155-9618+[2001-1458-d00-8--100-95]-9618&alias=bigbird08.cern.ch&noUDP&sock=schedd_862983_22fa>
...
040 (16630220.302.000) 02/18 00:49:22 Started transferring input files
	Transferring to host: <188.185.193.126:9618?addrs=188.185.193.126-9618+[2001-1458-303-20--100-7a]-9618&alias=b9p19p8004.cern.ch&noUDP&sock=slot1_16_1417146_4ed5_2175>
...
040 (16630220.302.000) 02/18 00:49:22 Finished transferring input files
...
001 (16630220.302.000) 02/18 00:49:23 Job executing on host: <188.185.193.126:9618?addrs=188.185.193.126-9618+[2001-1458-303-20--100-7a]-9618&alias=b9p19p8004.cern.ch&noUDP&sock=startd_4357_1e3a>
	SlotName: slot1_16@b9p19p8004.cern.ch
	CondorScratchDir = "/pool/condor/dir_3940530"
	Cpus = 1
	Disk = 3807
	GPUs = 0
	Memory = 3000
...
006 (16630220.302.000) 02/18 00:49:31 Image size of job updated: 493260
	482  -  MemoryUsage of job (MB)
	493260  -  ResidentSetSize of job (KB)
...
006 (16630220.302.000) 02/18 00:54:31 Image size of job updated: 1258288
	1229  -  MemoryUsage of job (MB)
	1258288  -  ResidentSetSize of job (KB)
...
006 (16630220.302.000) 02/18 00:59:32 Image size of job updated: 1266808
	1238  -  MemoryUsage of job (MB)
	1266808  -  ResidentSetSize of job (KB)
...
040 (16630220.302.000) 02/18 01:28:12 Started transferring output files
...
040 (16630220.302.000) 02/18 01:28:12 Finished transferring output files
...
005 (16630220.302.000) 02/18 01:28:12 Job terminated.
	(1) Normal termination (return value 0)
		Usr 0 00:37:32, Sys 0 00:00:04  -  Run Remote Usage
		Usr 0 00:00:00, Sys 0 00:00:00  -  Run Local Usage
		Usr 0 00:37:32, Sys 0 00:00:04  -  Total Remote Usage
		Usr 0 00:00:00, Sys 0 00:00:00  -  Total Local Usage
	8155  -  Run Bytes Sent By Job
	10428  -  Run Bytes Received By Job
	8155  -  Total Bytes Sent By Job
	10428  -  Total Bytes Received By Job
	Partitionable Resources :    Usage  Request Allocated 
	   Cpus                 :     0.99        1         1 
	   Disk (KB)            :    80          12      3807 
	   GPUs                 :                           0 
	   Memory (MB)          :  1238        3000      3000 

	Job terminated of its own accord at 2025-02-18T00:28:12Z with exit-code 0.
...
