000 (16630220.191.000) 02/18 00:26:50 Job submitted from host: <188.185.72.155:9618?addrs=188.185.72.155-9618+[2001-1458-d00-8--100-95]-9618&alias=bigbird08.cern.ch&noUDP&sock=schedd_862983_22fa>
...
040 (16630220.191.000) 02/18 00:48:13 Started transferring input files
	Transferring to host: <188.185.193.79:9618?addrs=188.185.193.79-9618+[2001-1458-303-20--100-4b]-9618&alias=b9p19p2782.cern.ch&noUDP&sock=slot1_31_8116_34c3_117693>
...
040 (16630220.191.000) 02/18 00:48:13 Finished transferring input files
...
001 (16630220.191.000) 02/18 00:48:15 Job executing on host: <188.185.193.79:9618?addrs=188.185.193.79-9618+[2001-1458-303-20--100-4b]-9618&alias=b9p19p2782.cern.ch&noUDP&sock=startd_7022_161f>
	SlotName: slot1_31@b9p19p2782.cern.ch
	CondorScratchDir = "/pool/condor/dir_402316"
	Cpus = 1
	Disk = 3856
	GPUs = 0
	Memory = 3000
...
006 (16630220.191.000) 02/18 00:48:23 Image size of job updated: 131936
	129  -  MemoryUsage of job (MB)
	131936  -  ResidentSetSize of job (KB)
...
006 (16630220.191.000) 02/18 00:53:23 Image size of job updated: 285112
	279  -  MemoryUsage of job (MB)
	285112  -  ResidentSetSize of job (KB)
...
040 (16630220.191.000) 02/18 01:27:50 Started transferring output files
...
040 (16630220.191.000) 02/18 01:27:50 Finished transferring output files
...
005 (16630220.191.000) 02/18 01:27:50 Job terminated.
	(1) Normal termination (return value 0)
		Usr 0 00:38:19, Sys 0 00:00:07  -  Run Remote Usage
		Usr 0 00:00:00, Sys 0 00:00:00  -  Run Local Usage
		Usr 0 00:38:19, Sys 0 00:00:07  -  Total Remote Usage
		Usr 0 00:00:00, Sys 0 00:00:00  -  Total Local Usage
	8155  -  Run Bytes Sent By Job
	10428  -  Run Bytes Received By Job
	8155  -  Total Bytes Sent By Job
	10428  -  Total Bytes Received By Job
	Partitionable Resources :    Usage  Request Allocated 
	   Cpus                 :     0.99        1         1 
	   Disk (KB)            :    81          12      3856 
	   GPUs                 :                           0 
	   Memory (MB)          :   279        3000      3000 

	Job terminated of its own accord at 2025-02-18T00:27:50Z with exit-code 0.
...
