000 (16630220.274.000) 02/18 00:26:51 Job submitted from host: <188.185.72.155:9618?addrs=188.185.72.155-9618+[2001-1458-d00-8--100-95]-9618&alias=bigbird08.cern.ch&noUDP&sock=schedd_862983_22fa>
...
040 (16630220.274.000) 02/18 00:49:09 Started transferring input files
	Transferring to host: <188.185.213.145:9618?addrs=188.185.213.145-9618+[2001-1458-303-1b--100-d]-9618&alias=b9p28p6428.cern.ch&noUDP&sock=slot1_22_4076881_39f2_31628>
...
040 (16630220.274.000) 02/18 00:49:09 Finished transferring input files
...
001 (16630220.274.000) 02/18 00:49:10 Job executing on host: <188.185.213.145:9618?addrs=188.185.213.145-9618+[2001-1458-303-1b--100-d]-9618&alias=b9p28p6428.cern.ch&noUDP&sock=startd_2909_e917>
	SlotName: slot1_22@b9p28p6428.cern.ch
	CondorScratchDir = "/pool/condor/dir_3054086"
	Cpus = 1
	Disk = 3765
	GPUs = 0
	Memory = 3000
...
006 (16630220.274.000) 02/18 00:49:19 Image size of job updated: 87616
	86  -  MemoryUsage of job (MB)
	87616  -  ResidentSetSize of job (KB)
...
006 (16630220.274.000) 02/18 00:54:20 Image size of job updated: 160596
	157  -  MemoryUsage of job (MB)
	160596  -  ResidentSetSize of job (KB)
...
006 (16630220.274.000) 02/18 00:59:20 Image size of job updated: 165732
	162  -  MemoryUsage of job (MB)
	165732  -  ResidentSetSize of job (KB)
...
006 (16630220.274.000) 02/18 01:04:20 Image size of job updated: 171552
	168  -  MemoryUsage of job (MB)
	171552  -  ResidentSetSize of job (KB)
...
006 (16630220.274.000) 02/18 01:09:21 Image size of job updated: 174756
	171  -  MemoryUsage of job (MB)
	174756  -  ResidentSetSize of job (KB)
...
006 (16630220.274.000) 02/18 01:19:22 Image size of job updated: 183608
	180  -  MemoryUsage of job (MB)
	183608  -  ResidentSetSize of job (KB)
...
006 (16630220.274.000) 02/18 01:24:23 Image size of job updated: 189564
	186  -  MemoryUsage of job (MB)
	189564  -  ResidentSetSize of job (KB)
...
006 (16630220.274.000) 02/18 01:29:24 Image size of job updated: 193860
	190  -  MemoryUsage of job (MB)
	193860  -  ResidentSetSize of job (KB)
...
006 (16630220.274.000) 02/18 01:34:24 Image size of job updated: 197916
	194  -  MemoryUsage of job (MB)
	197916  -  ResidentSetSize of job (KB)
...
040 (16630220.274.000) 02/18 01:35:19 Started transferring output files
...
040 (16630220.274.000) 02/18 01:35:19 Finished transferring output files
...
005 (16630220.274.000) 02/18 01:35:19 Job terminated.
	(1) Normal termination (return value 0)
		Usr 0 00:43:24, Sys 0 00:00:16  -  Run Remote Usage
		Usr 0 00:00:00, Sys 0 00:00:00  -  Run Local Usage
		Usr 0 00:43:24, Sys 0 00:00:16  -  Total Remote Usage
		Usr 0 00:00:00, Sys 0 00:00:00  -  Total Local Usage
	8155  -  Run Bytes Sent By Job
	10428  -  Run Bytes Received By Job
	8155  -  Total Bytes Sent By Job
	10428  -  Total Bytes Received By Job
	Partitionable Resources :    Usage  Request Allocated 
	   Cpus                 :     0.97        1         1 
	   Disk (KB)            :    81          12      3765 
	   GPUs                 :                           0 
	   Memory (MB)          :   194        3000      3000 

	Job terminated of its own accord at 2025-02-18T00:35:19Z with exit-code 0.
...
