000 (16630220.242.000) 02/18 00:26:51 Job submitted from host: <188.185.72.155:9618?addrs=188.185.72.155-9618+[2001-1458-d00-8--100-95]-9618&alias=bigbird08.cern.ch&noUDP&sock=schedd_862983_22fa>
...
040 (16630220.242.000) 02/18 00:48:57 Started transferring input files
	Transferring to host: <188.185.195.39:9618?addrs=188.185.195.39-9618+[2001-1458-303-22--100-23]-9618&alias=b9p17p4903.cern.ch&noUDP&sock=slot1_30_470046_ade3_11639>
...
040 (16630220.242.000) 02/18 00:48:57 Finished transferring input files
...
001 (16630220.242.000) 02/18 00:48:58 Job executing on host: <188.185.195.39:9618?addrs=188.185.195.39-9618+[2001-1458-303-22--100-23]-9618&alias=b9p17p4903.cern.ch&noUDP&sock=startd_7209_5a54>
	SlotName: slot1_30@b9p17p4903.cern.ch
	CondorScratchDir = "/pool/condor/dir_2363450"
	Cpus = 1
	Disk = 3753
	GPUs = 0
	Memory = 3000
...
006 (16630220.242.000) 02/18 00:49:06 Image size of job updated: 119864
	118  -  MemoryUsage of job (MB)
	119864  -  ResidentSetSize of job (KB)
...
006 (16630220.242.000) 02/18 00:54:06 Image size of job updated: 162120
	159  -  MemoryUsage of job (MB)
	162120  -  ResidentSetSize of job (KB)
...
006 (16630220.242.000) 02/18 00:59:07 Image size of job updated: 167684
	164  -  MemoryUsage of job (MB)
	167684  -  ResidentSetSize of job (KB)
...
006 (16630220.242.000) 02/18 01:04:08 Image size of job updated: 175760
	172  -  MemoryUsage of job (MB)
	175760  -  ResidentSetSize of job (KB)
...
006 (16630220.242.000) 02/18 01:14:09 Image size of job updated: 187572
	184  -  MemoryUsage of job (MB)
	187572  -  ResidentSetSize of job (KB)
...
006 (16630220.242.000) 02/18 01:19:10 Image size of job updated: 193848
	190  -  MemoryUsage of job (MB)
	193848  -  ResidentSetSize of job (KB)
...
006 (16630220.242.000) 02/18 01:24:10 Image size of job updated: 198244
	194  -  MemoryUsage of job (MB)
	198244  -  ResidentSetSize of job (KB)
...
040 (16630220.242.000) 02/18 01:28:42 Started transferring output files
...
040 (16630220.242.000) 02/18 01:28:42 Finished transferring output files
...
005 (16630220.242.000) 02/18 01:28:42 Job terminated.
	(1) Normal termination (return value 0)
		Usr 0 00:39:00, Sys 0 00:00:03  -  Run Remote Usage
		Usr 0 00:00:00, Sys 0 00:00:00  -  Run Local Usage
		Usr 0 00:39:00, Sys 0 00:00:03  -  Total Remote Usage
		Usr 0 00:00:00, Sys 0 00:00:00  -  Total Local Usage
	8155  -  Run Bytes Sent By Job
	10428  -  Run Bytes Received By Job
	8155  -  Total Bytes Sent By Job
	10428  -  Total Bytes Received By Job
	Partitionable Resources :    Usage  Request Allocated 
	   Cpus                 :     0.99        1         1 
	   Disk (KB)            :    81          12      3753 
	   GPUs                 :                           0 
	   Memory (MB)          :   194        3000      3000 

	Job terminated of its own accord at 2025-02-18T00:28:42Z with exit-code 0.
...
