000 (16630220.121.000) 02/18 00:26:50 Job submitted from host: <188.185.72.155:9618?addrs=188.185.72.155-9618+[2001-1458-d00-8--100-95]-9618&alias=bigbird08.cern.ch&noUDP&sock=schedd_862983_22fa>
...
040 (16630220.121.000) 02/18 00:42:51 Started transferring input files
	Transferring to host: <128.142.132.18:9618?addrs=128.142.132.18-9618+[2001-1458-301-5a--100-6]-9618&alias=b9g12p2092.cern.ch&noUDP&sock=slot1_28_3416260_f822_74956>
...
040 (16630220.121.000) 02/18 00:42:51 Finished transferring input files
...
001 (16630220.121.000) 02/18 00:42:52 Job executing on host: <128.142.132.18:9618?addrs=128.142.132.18-9618+[2001-1458-301-5a--100-6]-9618&alias=b9g12p2092.cern.ch&noUDP&sock=startd_2417_707f>
	SlotName: slot1_28@b9g12p2092.cern.ch
	CondorScratchDir = "/pool/condor/dir_1966775"
	Cpus = 1
	Disk = 2591
	GPUs = 0
	Memory = 3000
...
006 (16630220.121.000) 02/18 00:43:01 Image size of job updated: 2072
	3  -  MemoryUsage of job (MB)
	2072  -  ResidentSetSize of job (KB)
...
006 (16630220.121.000) 02/18 00:48:02 Image size of job updated: 335876
	329  -  MemoryUsage of job (MB)
	335876  -  ResidentSetSize of job (KB)
...
006 (16630220.121.000) 02/18 00:53:02 Image size of job updated: 373624
	365  -  MemoryUsage of job (MB)
	373624  -  ResidentSetSize of job (KB)
...
040 (16630220.121.000) 02/18 01:48:54 Started transferring output files
...
040 (16630220.121.000) 02/18 01:48:54 Finished transferring output files
...
005 (16630220.121.000) 02/18 01:48:54 Job terminated.
	(1) Normal termination (return value 0)
		Usr 0 01:03:44, Sys 0 00:00:08  -  Run Remote Usage
		Usr 0 00:00:00, Sys 0 00:00:00  -  Run Local Usage
		Usr 0 01:03:44, Sys 0 00:00:08  -  Total Remote Usage
		Usr 0 00:00:00, Sys 0 00:00:00  -  Total Local Usage
	8155  -  Run Bytes Sent By Job
	10428  -  Run Bytes Received By Job
	8155  -  Total Bytes Sent By Job
	10428  -  Total Bytes Received By Job
	Partitionable Resources :    Usage  Request Allocated 
	   Cpus                 :     0.99        1         1 
	   Disk (KB)            :    81          12      2591 
	   GPUs                 :                           0 
	   Memory (MB)          :   365        3000      3000 

	Job terminated of its own accord at 2025-02-18T00:48:54Z with exit-code 0.
...
