000 (16630220.276.000) 02/18 00:26:51 Job submitted from host: <188.185.72.155:9618?addrs=188.185.72.155-9618+[2001-1458-d00-8--100-95]-9618&alias=bigbird08.cern.ch&noUDP&sock=schedd_862983_22fa>
...
040 (16630220.276.000) 02/18 00:49:08 Started transferring input files
	Transferring to host: <188.185.198.123:9618?addrs=188.185.198.123-9618+[2001-1458-303-25--100-77]-9618&alias=b9p15p6165.cern.ch&noUDP&sock=slot1_25_2855189_b162_8254>
...
040 (16630220.276.000) 02/18 00:49:08 Finished transferring input files
...
001 (16630220.276.000) 02/18 00:49:09 Job executing on host: <188.185.198.123:9618?addrs=188.185.198.123-9618+[2001-1458-303-25--100-77]-9618&alias=b9p15p6165.cern.ch&noUDP&sock=startd_9542_98c8>
	SlotName: slot1_25@b9p15p6165.cern.ch
	CondorScratchDir = "/pool/condor/dir_136344"
	Cpus = 1
	Disk = 3777
	GPUs = 0
	Memory = 3000
...
006 (16630220.276.000) 02/18 00:49:17 Image size of job updated: 88884
	87  -  MemoryUsage of job (MB)
	88884  -  ResidentSetSize of job (KB)
...
006 (16630220.276.000) 02/18 00:54:17 Image size of job updated: 176088
	172  -  MemoryUsage of job (MB)
	176088  -  ResidentSetSize of job (KB)
...
006 (16630220.276.000) 02/18 01:04:19 Image size of job updated: 176564
	173  -  MemoryUsage of job (MB)
	176564  -  ResidentSetSize of job (KB)
...
006 (16630220.276.000) 02/18 01:09:19 Image size of job updated: 179748
	176  -  MemoryUsage of job (MB)
	179748  -  ResidentSetSize of job (KB)
...
006 (16630220.276.000) 02/18 01:14:20 Image size of job updated: 192832
	189  -  MemoryUsage of job (MB)
	192832  -  ResidentSetSize of job (KB)
...
006 (16630220.276.000) 02/18 01:19:21 Image size of job updated: 196256
	192  -  MemoryUsage of job (MB)
	196256  -  ResidentSetSize of job (KB)
...
006 (16630220.276.000) 02/18 01:24:21 Image size of job updated: 201136
	197  -  MemoryUsage of job (MB)
	201136  -  ResidentSetSize of job (KB)
...
006 (16630220.276.000) 02/18 01:29:21 Image size of job updated: 206292
	202  -  MemoryUsage of job (MB)
	206292  -  ResidentSetSize of job (KB)
...
040 (16630220.276.000) 02/18 01:31:18 Started transferring output files
...
040 (16630220.276.000) 02/18 01:31:18 Finished transferring output files
...
005 (16630220.276.000) 02/18 01:31:18 Job terminated.
	(1) Normal termination (return value 0)
		Usr 0 00:41:08, Sys 0 00:00:10  -  Run Remote Usage
		Usr 0 00:00:00, Sys 0 00:00:00  -  Run Local Usage
		Usr 0 00:41:08, Sys 0 00:00:10  -  Total Remote Usage
		Usr 0 00:00:00, Sys 0 00:00:00  -  Total Local Usage
	8155  -  Run Bytes Sent By Job
	10428  -  Run Bytes Received By Job
	8155  -  Total Bytes Sent By Job
	10428  -  Total Bytes Received By Job
	Partitionable Resources :    Usage  Request Allocated 
	   Cpus                 :     0.99        1         1 
	   Disk (KB)            :    81          12      3777 
	   GPUs                 :                           0 
	   Memory (MB)          :   202        3000      3000 

	Job terminated of its own accord at 2025-02-18T00:31:18Z with exit-code 0.
...
