000 (16630220.003.000) 02/18 00:26:50 Job submitted from host: <188.185.72.155:9618?addrs=188.185.72.155-9618+[2001-1458-d00-8--100-95]-9618&alias=bigbird08.cern.ch&noUDP&sock=schedd_862983_22fa>
...
040 (16630220.003.000) 02/18 00:27:33 Started transferring input files
	Transferring to host: <128.142.196.44:9618?addrs=128.142.196.44-9618+[2001-1458-301-3c--100-2a]-9618&alias=b9g32p0061.cern.ch&noUDP&sock=slot1_19_2212181_633f_83201>
...
040 (16630220.003.000) 02/18 00:27:33 Finished transferring input files
...
001 (16630220.003.000) 02/18 00:27:34 Job executing on host: <128.142.196.44:9618?addrs=128.142.196.44-9618+[2001-1458-301-3c--100-2a]-9618&alias=b9g32p0061.cern.ch&noUDP&sock=startd_2634_488c>
	SlotName: slot1_19@b9g32p0061.cern.ch
	CondorScratchDir = "/pool/condor/dir_662677"
	Cpus = 1
	Disk = 3782
	GPUs = 0
	Memory = 3000
...
006 (16630220.003.000) 02/18 00:27:43 Image size of job updated: 179464
	176  -  MemoryUsage of job (MB)
	179464  -  ResidentSetSize of job (KB)
...
006 (16630220.003.000) 02/18 00:32:44 Image size of job updated: 1239884
	1211  -  MemoryUsage of job (MB)
	1239884  -  ResidentSetSize of job (KB)
...
006 (16630220.003.000) 02/18 00:37:45 Image size of job updated: 1245092
	1216  -  MemoryUsage of job (MB)
	1245092  -  ResidentSetSize of job (KB)
...
006 (16630220.003.000) 02/18 00:42:45 Image size of job updated: 1250888
	1222  -  MemoryUsage of job (MB)
	1250888  -  ResidentSetSize of job (KB)
...
006 (16630220.003.000) 02/18 00:52:46 Image size of job updated: 1272044
	1243  -  MemoryUsage of job (MB)
	1272044  -  ResidentSetSize of job (KB)
...
006 (16630220.003.000) 02/18 00:57:46 Image size of job updated: 1278200
	1249  -  MemoryUsage of job (MB)
	1278200  -  ResidentSetSize of job (KB)
...
040 (16630220.003.000) 02/18 01:03:11 Started transferring output files
...
040 (16630220.003.000) 02/18 01:03:11 Finished transferring output files
...
005 (16630220.003.000) 02/18 01:03:11 Job terminated.
	(1) Normal termination (return value 0)
		Usr 0 00:32:18, Sys 0 00:00:07  -  Run Remote Usage
		Usr 0 00:00:00, Sys 0 00:00:00  -  Run Local Usage
		Usr 0 00:32:18, Sys 0 00:00:07  -  Total Remote Usage
		Usr 0 00:00:00, Sys 0 00:00:00  -  Total Local Usage
	8149  -  Run Bytes Sent By Job
	10428  -  Run Bytes Received By Job
	8149  -  Total Bytes Sent By Job
	10428  -  Total Bytes Received By Job
	Partitionable Resources :    Usage  Request Allocated 
	   Cpus                 :     0.95        1         1 
	   Disk (KB)            :    81          12      3782 
	   GPUs                 :                           0 
	   Memory (MB)          :  1249        3000      3000 

	Job terminated of its own accord at 2025-02-18T00:03:11Z with exit-code 0.
...
