000 (16630220.162.000) 02/18 00:26:50 Job submitted from host: <188.185.72.155:9618?addrs=188.185.72.155-9618+[2001-1458-d00-8--100-95]-9618&alias=bigbird08.cern.ch&noUDP&sock=schedd_862983_22fa>
...
040 (16630220.162.000) 02/18 00:48:01 Started transferring input files
	Transferring to host: <128.142.132.113:9618?addrs=128.142.132.113-9618+[2001-1458-301-5a--100-65]-9618&alias=b9g12p6271.cern.ch&noUDP&sock=slot1_23_1182331_e5e8_68754>
...
040 (16630220.162.000) 02/18 00:48:01 Finished transferring input files
...
001 (16630220.162.000) 02/18 00:48:02 Job executing on host: <128.142.132.113:9618?addrs=128.142.132.113-9618+[2001-1458-301-5a--100-65]-9618&alias=b9g12p6271.cern.ch&noUDP&sock=startd_2432_ba6a>
	SlotName: slot1_23@b9g12p6271.cern.ch
	CondorScratchDir = "/pool/condor/dir_2080656"
	Cpus = 1
	Disk = 2634
	GPUs = 0
	Memory = 3000
...
006 (16630220.162.000) 02/18 00:48:11 Image size of job updated: 2936
	3  -  MemoryUsage of job (MB)
	2936  -  ResidentSetSize of job (KB)
...
006 (16630220.162.000) 02/18 00:53:12 Image size of job updated: 1205360
	1178  -  MemoryUsage of job (MB)
	1205360  -  ResidentSetSize of job (KB)
...
040 (16630220.162.000) 02/18 01:45:43 Started transferring output files
...
040 (16630220.162.000) 02/18 01:45:43 Finished transferring output files
...
005 (16630220.162.000) 02/18 01:45:43 Job terminated.
	(1) Normal termination (return value 0)
		Usr 0 00:55:27, Sys 0 00:00:11  -  Run Remote Usage
		Usr 0 00:00:00, Sys 0 00:00:00  -  Run Local Usage
		Usr 0 00:55:27, Sys 0 00:00:11  -  Total Remote Usage
		Usr 0 00:00:00, Sys 0 00:00:00  -  Total Local Usage
	8155  -  Run Bytes Sent By Job
	10428  -  Run Bytes Received By Job
	8155  -  Total Bytes Sent By Job
	10428  -  Total Bytes Received By Job
	Partitionable Resources :    Usage  Request Allocated 
	   Cpus                 :     0.99        1         1 
	   Disk (KB)            :    81          12      2634 
	   GPUs                 :                           0 
	   Memory (MB)          :  1178        3000      3000 

	Job terminated of its own accord at 2025-02-18T00:45:43Z with exit-code 0.
...
