000 (16630220.073.000) 02/18 00:26:50 Job submitted from host: <188.185.72.155:9618?addrs=188.185.72.155-9618+[2001-1458-d00-8--100-95]-9618&alias=bigbird08.cern.ch&noUDP&sock=schedd_862983_22fa>
...
040 (16630220.073.000) 02/18 00:27:55 Started transferring input files
	Transferring to host: <188.185.198.127:9618?addrs=188.185.198.127-9618+[2001-1458-303-25--100-7b]-9618&alias=b9p15p1592.cern.ch&noUDP&sock=slot1_15_2684691_6d8d_3380>
...
040 (16630220.073.000) 02/18 00:27:55 Finished transferring input files
...
001 (16630220.073.000) 02/18 00:27:56 Job executing on host: <188.185.198.127:9618?addrs=188.185.198.127-9618+[2001-1458-303-25--100-7b]-9618&alias=b9p15p1592.cern.ch&noUDP&sock=startd_6590_c535>
	SlotName: slot1_15@b9p15p1592.cern.ch
	CondorScratchDir = "/pool/condor/dir_1397632"
	Cpus = 1
	Disk = 3931
	GPUs = 0
	Memory = 3000
...
006 (16630220.073.000) 02/18 00:28:05 Image size of job updated: 121160
	119  -  MemoryUsage of job (MB)
	121160  -  ResidentSetSize of job (KB)
...
006 (16630220.073.000) 02/18 00:33:06 Image size of job updated: 305620
	299  -  MemoryUsage of job (MB)
	305620  -  ResidentSetSize of job (KB)
...
006 (16630220.073.000) 02/18 00:38:07 Image size of job updated: 349860
	342  -  MemoryUsage of job (MB)
	349860  -  ResidentSetSize of job (KB)
...
006 (16630220.073.000) 02/18 00:43:07 Image size of job updated: 354024
	346  -  MemoryUsage of job (MB)
	354024  -  ResidentSetSize of job (KB)
...
006 (16630220.073.000) 02/18 00:48:08 Image size of job updated: 359048
	351  -  MemoryUsage of job (MB)
	359048  -  ResidentSetSize of job (KB)
...
040 (16630220.073.000) 02/18 01:18:30 Started transferring output files
...
040 (16630220.073.000) 02/18 01:18:30 Finished transferring output files
...
005 (16630220.073.000) 02/18 01:18:30 Job terminated.
	(1) Normal termination (return value 0)
		Usr 0 00:47:28, Sys 0 00:00:05  -  Run Remote Usage
		Usr 0 00:00:00, Sys 0 00:00:00  -  Run Local Usage
		Usr 0 00:47:28, Sys 0 00:00:05  -  Total Remote Usage
		Usr 0 00:00:00, Sys 0 00:00:00  -  Total Local Usage
	8152  -  Run Bytes Sent By Job
	10428  -  Run Bytes Received By Job
	8152  -  Total Bytes Sent By Job
	10428  -  Total Bytes Received By Job
	Partitionable Resources :    Usage  Request Allocated 
	   Cpus                 :     0.99        1         1 
	   Disk (KB)            :    80          12      3931 
	   GPUs                 :                           0 
	   Memory (MB)          :   351        3000      3000 

	Job terminated of its own accord at 2025-02-18T00:18:30Z with exit-code 0.
...
