000 (16630220.295.000) 02/18 00:26:51 Job submitted from host: <188.185.72.155:9618?addrs=188.185.72.155-9618+[2001-1458-d00-8--100-95]-9618&alias=bigbird08.cern.ch&noUDP&sock=schedd_862983_22fa>
...
040 (16630220.295.000) 02/18 00:49:21 Started transferring input files
	Transferring to host: <188.185.195.149:9618?addrs=188.185.195.149-9618+[2001-1458-303-22--100-91]-9618&alias=b9p17p9437.cern.ch&noUDP&sock=slot1_33_250988_8057_74849>
...
040 (16630220.295.000) 02/18 00:49:21 Finished transferring input files
...
001 (16630220.295.000) 02/18 00:49:22 Job executing on host: <188.185.195.149:9618?addrs=188.185.195.149-9618+[2001-1458-303-22--100-91]-9618&alias=b9p17p9437.cern.ch&noUDP&sock=startd_4837_5baf>
	SlotName: slot1_33@b9p17p9437.cern.ch
	CondorScratchDir = "/pool/condor/dir_4047686"
	Cpus = 1
	Disk = 3813
	GPUs = 0
	Memory = 3000
...
006 (16630220.295.000) 02/18 00:49:31 Image size of job updated: 438620
	429  -  MemoryUsage of job (MB)
	438620  -  ResidentSetSize of job (KB)
...
006 (16630220.295.000) 02/18 00:54:32 Image size of job updated: 1206320
	1179  -  MemoryUsage of job (MB)
	1206320  -  ResidentSetSize of job (KB)
...
040 (16630220.295.000) 02/18 01:40:23 Started transferring output files
...
040 (16630220.295.000) 02/18 01:40:24 Finished transferring output files
...
005 (16630220.295.000) 02/18 01:40:24 Job terminated.
	(1) Normal termination (return value 0)
		Usr 0 00:49:21, Sys 0 00:00:05  -  Run Remote Usage
		Usr 0 00:00:00, Sys 0 00:00:00  -  Run Local Usage
		Usr 0 00:49:21, Sys 0 00:00:05  -  Total Remote Usage
		Usr 0 00:00:00, Sys 0 00:00:00  -  Total Local Usage
	8155  -  Run Bytes Sent By Job
	10428  -  Run Bytes Received By Job
	8155  -  Total Bytes Sent By Job
	10428  -  Total Bytes Received By Job
	Partitionable Resources :    Usage  Request Allocated 
	   Cpus                 :     0.99        1         1 
	   Disk (KB)            :    81          12      3813 
	   GPUs                 :                           0 
	   Memory (MB)          :  1179        3000      3000 

	Job terminated of its own accord at 2025-02-18T00:40:23Z with exit-code 0.
...
