000 (16630220.453.000) 02/18 00:26:51 Job submitted from host: <188.185.72.155:9618?addrs=188.185.72.155-9618+[2001-1458-d00-8--100-95]-9618&alias=bigbird08.cern.ch&noUDP&sock=schedd_862983_22fa>
...
040 (16630220.453.000) 02/18 00:52:51 Started transferring input files
	Transferring to host: <128.142.33.208:9618?addrs=128.142.33.208-9618+[2001-1458-301-39--100-d]-9618&alias=b9g24p0198.cern.ch&noUDP&sock=slot1_2_10410_8960_69584>
...
040 (16630220.453.000) 02/18 00:52:51 Finished transferring input files
...
001 (16630220.453.000) 02/18 00:52:52 Job executing on host: <128.142.33.208:9618?addrs=128.142.33.208-9618+[2001-1458-301-39--100-d]-9618&alias=b9g24p0198.cern.ch&noUDP&sock=startd_9462_b934>
	SlotName: slot1_2@b9g24p0198.cern.ch
	CondorScratchDir = "/pool/condor/dir_1493201"
	Cpus = 1
	Disk = 3836
	GPUs = 0
	Memory = 3000
...
006 (16630220.453.000) 02/18 00:53:01 Image size of job updated: 87344
	86  -  MemoryUsage of job (MB)
	87344  -  ResidentSetSize of job (KB)
...
006 (16630220.453.000) 02/18 00:58:02 Image size of job updated: 166484
	163  -  MemoryUsage of job (MB)
	166484  -  ResidentSetSize of job (KB)
...
006 (16630220.453.000) 02/18 01:03:03 Image size of job updated: 176360
	173  -  MemoryUsage of job (MB)
	176360  -  ResidentSetSize of job (KB)
...
006 (16630220.453.000) 02/18 01:08:03 Image size of job updated: 181160
	177  -  MemoryUsage of job (MB)
	181160  -  ResidentSetSize of job (KB)
...
006 (16630220.453.000) 02/18 01:13:04 Image size of job updated: 186240
	182  -  MemoryUsage of job (MB)
	186240  -  ResidentSetSize of job (KB)
...
006 (16630220.453.000) 02/18 01:18:05 Image size of job updated: 192692
	189  -  MemoryUsage of job (MB)
	192692  -  ResidentSetSize of job (KB)
...
006 (16630220.453.000) 02/18 01:23:05 Image size of job updated: 198636
	194  -  MemoryUsage of job (MB)
	198636  -  ResidentSetSize of job (KB)
...
040 (16630220.453.000) 02/18 01:25:45 Started transferring output files
...
040 (16630220.453.000) 02/18 01:25:45 Finished transferring output files
...
005 (16630220.453.000) 02/18 01:25:45 Job terminated.
	(1) Normal termination (return value 0)
		Usr 0 00:32:04, Sys 0 00:00:05  -  Run Remote Usage
		Usr 0 00:00:00, Sys 0 00:00:00  -  Run Local Usage
		Usr 0 00:32:04, Sys 0 00:00:05  -  Total Remote Usage
		Usr 0 00:00:00, Sys 0 00:00:00  -  Total Local Usage
	8155  -  Run Bytes Sent By Job
	10428  -  Run Bytes Received By Job
	8155  -  Total Bytes Sent By Job
	10428  -  Total Bytes Received By Job
	Partitionable Resources :    Usage  Request Allocated 
	   Cpus                 :     0.99        1         1 
	   Disk (KB)            :    81          12      3836 
	   GPUs                 :                           0 
	   Memory (MB)          :   194        3000      3000 

	Job terminated of its own accord at 2025-02-18T00:25:45Z with exit-code 0.
...
