000 (16630220.094.000) 02/18 00:26:50 Job submitted from host: <188.185.72.155:9618?addrs=188.185.72.155-9618+[2001-1458-d00-8--100-95]-9618&alias=bigbird08.cern.ch&noUDP&sock=schedd_862983_22fa>
...
040 (16630220.094.000) 02/18 00:28:05 Started transferring input files
	Transferring to host: <188.185.192.172:9618?addrs=188.185.192.172-9618+[2001-1458-303-1f--100-a8]-9618&alias=b9p13p7703.cern.ch&noUDP&sock=slot1_39_1226716_2555_104409>
...
040 (16630220.094.000) 02/18 00:28:05 Finished transferring input files
...
001 (16630220.094.000) 02/18 00:28:06 Job executing on host: <188.185.192.172:9618?addrs=188.185.192.172-9618+[2001-1458-303-1f--100-a8]-9618&alias=b9p13p7703.cern.ch&noUDP&sock=startd_10954_1c82>
	SlotName: slot1_39@b9p13p7703.cern.ch
	CondorScratchDir = "/pool/condor/dir_162691"
	Cpus = 1
	Disk = 3794
	GPUs = 0
	Memory = 3000
...
006 (16630220.094.000) 02/18 00:28:14 Image size of job updated: 90768
	89  -  MemoryUsage of job (MB)
	90768  -  ResidentSetSize of job (KB)
...
006 (16630220.094.000) 02/18 00:33:14 Image size of job updated: 238120
	233  -  MemoryUsage of job (MB)
	238120  -  ResidentSetSize of job (KB)
...
006 (16630220.094.000) 02/18 00:38:15 Image size of job updated: 278540
	273  -  MemoryUsage of job (MB)
	278540  -  ResidentSetSize of job (KB)
...
040 (16630220.094.000) 02/18 01:31:05 Started transferring output files
...
040 (16630220.094.000) 02/18 01:31:05 Finished transferring output files
...
005 (16630220.094.000) 02/18 01:31:05 Job terminated.
	(1) Normal termination (return value 0)
		Usr 0 00:58:44, Sys 0 00:00:09  -  Run Remote Usage
		Usr 0 00:00:00, Sys 0 00:00:00  -  Run Local Usage
		Usr 0 00:58:44, Sys 0 00:00:09  -  Total Remote Usage
		Usr 0 00:00:00, Sys 0 00:00:00  -  Total Local Usage
	8150  -  Run Bytes Sent By Job
	10428  -  Run Bytes Received By Job
	8150  -  Total Bytes Sent By Job
	10428  -  Total Bytes Received By Job
	Partitionable Resources :    Usage  Request Allocated 
	   Cpus                 :     0.98        1         1 
	   Disk (KB)            :    81          12      3794 
	   GPUs                 :                           0 
	   Memory (MB)          :   273        3000      3000 

	Job terminated of its own accord at 2025-02-18T00:31:05Z with exit-code 0.
...
