000 (16630220.044.000) 02/18 00:26:50 Job submitted from host: <188.185.72.155:9618?addrs=188.185.72.155-9618+[2001-1458-d00-8--100-95]-9618&alias=bigbird08.cern.ch&noUDP&sock=schedd_862983_22fa>
...
040 (16630220.044.000) 02/18 00:27:45 Started transferring input files
	Transferring to host: <188.185.196.39:9618?addrs=188.185.196.39-9618+[2001-1458-303-23--100-23]-9618&alias=b9p16p4634.cern.ch&noUDP&sock=slot1_47_2842988_fc12_7063>
...
040 (16630220.044.000) 02/18 00:27:45 Finished transferring input files
...
001 (16630220.044.000) 02/18 00:27:46 Job executing on host: <188.185.196.39:9618?addrs=188.185.196.39-9618+[2001-1458-303-23--100-23]-9618&alias=b9p16p4634.cern.ch&noUDP&sock=startd_2478_47c6>
	SlotName: slot1_47@b9p16p4634.cern.ch
	CondorScratchDir = "/pool/condor/dir_3489478"
	Cpus = 1
	Disk = 3804
	GPUs = 0
	Memory = 3000
...
006 (16630220.044.000) 02/18 00:27:55 Image size of job updated: 108984
	107  -  MemoryUsage of job (MB)
	108984  -  ResidentSetSize of job (KB)
...
006 (16630220.044.000) 02/18 00:32:56 Image size of job updated: 409776
	401  -  MemoryUsage of job (MB)
	409776  -  ResidentSetSize of job (KB)
...
006 (16630220.044.000) 02/18 00:37:56 Image size of job updated: 451580
	441  -  MemoryUsage of job (MB)
	451580  -  ResidentSetSize of job (KB)
...
006 (16630220.044.000) 02/18 00:42:56 Image size of job updated: 455516
	445  -  MemoryUsage of job (MB)
	455516  -  ResidentSetSize of job (KB)
...
006 (16630220.044.000) 02/18 00:47:57 Image size of job updated: 458180
	448  -  MemoryUsage of job (MB)
	458180  -  ResidentSetSize of job (KB)
...
006 (16630220.044.000) 02/18 00:52:57 Image size of job updated: 461748
	451  -  MemoryUsage of job (MB)
	461748  -  ResidentSetSize of job (KB)
...
006 (16630220.044.000) 02/18 00:57:57 Image size of job updated: 464724
	454  -  MemoryUsage of job (MB)
	464724  -  ResidentSetSize of job (KB)
...
040 (16630220.044.000) 02/18 01:33:09 Started transferring output files
...
040 (16630220.044.000) 02/18 01:33:09 Finished transferring output files
...
005 (16630220.044.000) 02/18 01:33:09 Job terminated.
	(1) Normal termination (return value 0)
		Usr 0 01:01:51, Sys 0 00:00:08  -  Run Remote Usage
		Usr 0 00:00:00, Sys 0 00:00:00  -  Run Local Usage
		Usr 0 01:01:51, Sys 0 00:00:08  -  Total Remote Usage
		Usr 0 00:00:00, Sys 0 00:00:00  -  Total Local Usage
	8150  -  Run Bytes Sent By Job
	10428  -  Run Bytes Received By Job
	8150  -  Total Bytes Sent By Job
	10428  -  Total Bytes Received By Job
	Partitionable Resources :    Usage  Request Allocated 
	   Cpus                 :     0.98        1         1 
	   Disk (KB)            :    80          12      3804 
	   GPUs                 :                           0 
	   Memory (MB)          :   454        3000      3000 

	Job terminated of its own accord at 2025-02-18T00:33:09Z with exit-code 0.
...
