000 (16630220.407.000) 02/18 00:26:51 Job submitted from host: <188.185.72.155:9618?addrs=188.185.72.155-9618+[2001-1458-d00-8--100-95]-9618&alias=bigbird08.cern.ch&noUDP&sock=schedd_862983_22fa>
...
040 (16630220.407.000) 02/18 00:49:59 Started transferring input files
	Transferring to host: <128.142.161.141:9618?addrs=128.142.161.141-9618+[2001-1458-301-b9--100-a]-9618&alias=b9g03p9566.cern.ch&noUDP&sock=slot1_16_2178531_eb26_4554>
...
040 (16630220.407.000) 02/18 00:49:59 Finished transferring input files
...
001 (16630220.407.000) 02/18 00:50:00 Job executing on host: <128.142.161.141:9618?addrs=128.142.161.141-9618+[2001-1458-301-b9--100-a]-9618&alias=b9g03p9566.cern.ch&noUDP&sock=startd_5409_b3db>
	SlotName: slot1_16@b9g03p9566.cern.ch
	CondorScratchDir = "/pool/condor/dir_343644"
	Cpus = 1
	Disk = 3949
	GPUs = 0
	Memory = 3000
...
006 (16630220.407.000) 02/18 00:50:08 Image size of job updated: 88028
	86  -  MemoryUsage of job (MB)
	88028  -  ResidentSetSize of job (KB)
...
006 (16630220.407.000) 02/18 00:55:08 Image size of job updated: 125188
	123  -  MemoryUsage of job (MB)
	125188  -  ResidentSetSize of job (KB)
...
006 (16630220.407.000) 02/18 01:00:09 Image size of job updated: 167548
	164  -  MemoryUsage of job (MB)
	167548  -  ResidentSetSize of job (KB)
...
006 (16630220.407.000) 02/18 01:05:09 Image size of job updated: 169496
	166  -  MemoryUsage of job (MB)
	169496  -  ResidentSetSize of job (KB)
...
006 (16630220.407.000) 02/18 01:10:09 Image size of job updated: 173308
	170  -  MemoryUsage of job (MB)
	173308  -  ResidentSetSize of job (KB)
...
006 (16630220.407.000) 02/18 01:15:10 Image size of job updated: 176488
	173  -  MemoryUsage of job (MB)
	176488  -  ResidentSetSize of job (KB)
...
006 (16630220.407.000) 02/18 01:30:12 Image size of job updated: 190040
	186  -  MemoryUsage of job (MB)
	190040  -  ResidentSetSize of job (KB)
...
006 (16630220.407.000) 02/18 01:35:13 Image size of job updated: 192440
	188  -  MemoryUsage of job (MB)
	192440  -  ResidentSetSize of job (KB)
...
006 (16630220.407.000) 02/18 01:40:13 Image size of job updated: 195376
	191  -  MemoryUsage of job (MB)
	195376  -  ResidentSetSize of job (KB)
...
006 (16630220.407.000) 02/18 01:45:13 Image size of job updated: 198276
	194  -  MemoryUsage of job (MB)
	198276  -  ResidentSetSize of job (KB)
...
006 (16630220.407.000) 02/18 01:50:14 Image size of job updated: 199208
	195  -  MemoryUsage of job (MB)
	199208  -  ResidentSetSize of job (KB)
...
040 (16630220.407.000) 02/18 01:50:52 Started transferring output files
...
040 (16630220.407.000) 02/18 01:50:52 Finished transferring output files
...
005 (16630220.407.000) 02/18 01:50:52 Job terminated.
	(1) Normal termination (return value 0)
		Usr 0 00:59:28, Sys 0 00:00:07  -  Run Remote Usage
		Usr 0 00:00:00, Sys 0 00:00:00  -  Run Local Usage
		Usr 0 00:59:28, Sys 0 00:00:07  -  Total Remote Usage
		Usr 0 00:00:00, Sys 0 00:00:00  -  Total Local Usage
	8155  -  Run Bytes Sent By Job
	10428  -  Run Bytes Received By Job
	8155  -  Total Bytes Sent By Job
	10428  -  Total Bytes Received By Job
	Partitionable Resources :    Usage  Request Allocated 
	   Cpus                 :     0.99        1         1 
	   Disk (KB)            :    80          12      3949 
	   GPUs                 :                           0 
	   Memory (MB)          :   195        3000      3000 

	Job terminated of its own accord at 2025-02-18T00:50:52Z with exit-code 0.
...
