000 (16630220.167.000) 02/18 00:26:50 Job submitted from host: <188.185.72.155:9618?addrs=188.185.72.155-9618+[2001-1458-d00-8--100-95]-9618&alias=bigbird08.cern.ch&noUDP&sock=schedd_862983_22fa>
...
040 (16630220.167.000) 02/18 00:48:06 Started transferring input files
	Transferring to host: <188.185.198.97:9618?addrs=188.185.198.97-9618+[2001-1458-303-25--100-5d]-9618&alias=b9p15p1520.cern.ch&noUDP&sock=slot1_32_528912_19fd_30301>
...
040 (16630220.167.000) 02/18 00:48:06 Finished transferring input files
...
001 (16630220.167.000) 02/18 00:48:07 Job executing on host: <188.185.198.97:9618?addrs=188.185.198.97-9618+[2001-1458-303-25--100-5d]-9618&alias=b9p15p1520.cern.ch&noUDP&sock=startd_9036_85dc>
	SlotName: slot1_32@b9p15p1520.cern.ch
	CondorScratchDir = "/pool/condor/dir_1728920"
	Cpus = 1
	Disk = 3845
	GPUs = 0
	Memory = 3000
...
006 (16630220.167.000) 02/18 00:48:16 Image size of job updated: 3524
	4  -  MemoryUsage of job (MB)
	3524  -  ResidentSetSize of job (KB)
...
006 (16630220.167.000) 02/18 00:53:17 Image size of job updated: 1229768
	1201  -  MemoryUsage of job (MB)
	1229768  -  ResidentSetSize of job (KB)
...
006 (16630220.167.000) 02/18 00:58:17 Image size of job updated: 1234804
	1206  -  MemoryUsage of job (MB)
	1234804  -  ResidentSetSize of job (KB)
...
040 (16630220.167.000) 02/18 01:37:11 Started transferring output files
...
040 (16630220.167.000) 02/18 01:37:11 Finished transferring output files
...
005 (16630220.167.000) 02/18 01:37:11 Job terminated.
	(1) Normal termination (return value 0)
		Usr 0 00:47:00, Sys 0 00:00:07  -  Run Remote Usage
		Usr 0 00:00:00, Sys 0 00:00:00  -  Run Local Usage
		Usr 0 00:47:00, Sys 0 00:00:07  -  Total Remote Usage
		Usr 0 00:00:00, Sys 0 00:00:00  -  Total Local Usage
	8153  -  Run Bytes Sent By Job
	10428  -  Run Bytes Received By Job
	8153  -  Total Bytes Sent By Job
	10428  -  Total Bytes Received By Job
	Partitionable Resources :    Usage  Request Allocated 
	   Cpus                 :     0.99        1         1 
	   Disk (KB)            :    81          12      3845 
	   GPUs                 :                           0 
	   Memory (MB)          :  1206        3000      3000 

	Job terminated of its own accord at 2025-02-18T00:37:11Z with exit-code 0.
...
