000 (16630220.069.000) 02/18 00:26:50 Job submitted from host: <188.185.72.155:9618?addrs=188.185.72.155-9618+[2001-1458-d00-8--100-95]-9618&alias=bigbird08.cern.ch&noUDP&sock=schedd_862983_22fa>
...
040 (16630220.069.000) 02/18 00:27:54 Started transferring input files
	Transferring to host: <128.142.192.172:9618?addrs=128.142.192.172-9618+[2001-1458-301-56--100-28]-9618&alias=b9g18p0729.cern.ch&noUDP&sock=slot1_19_172264_5256_92102>
...
040 (16630220.069.000) 02/18 00:27:54 Finished transferring input files
...
001 (16630220.069.000) 02/18 00:27:55 Job executing on host: <128.142.192.172:9618?addrs=128.142.192.172-9618+[2001-1458-301-56--100-28]-9618&alias=b9g18p0729.cern.ch&noUDP&sock=startd_3683_cf65>
	SlotName: slot1_19@b9g18p0729.cern.ch
	CondorScratchDir = "/pool/condor/dir_3114042"
	Cpus = 1
	Disk = 3852
	GPUs = 0
	Memory = 3000
...
006 (16630220.069.000) 02/18 00:28:03 Image size of job updated: 103124
	101  -  MemoryUsage of job (MB)
	103124  -  ResidentSetSize of job (KB)
...
006 (16630220.069.000) 02/18 00:33:03 Image size of job updated: 437200
	427  -  MemoryUsage of job (MB)
	437200  -  ResidentSetSize of job (KB)
...
006 (16630220.069.000) 02/18 00:38:04 Image size of job updated: 478440
	468  -  MemoryUsage of job (MB)
	478440  -  ResidentSetSize of job (KB)
...
006 (16630220.069.000) 02/18 00:43:05 Image size of job updated: 481568
	471  -  MemoryUsage of job (MB)
	481568  -  ResidentSetSize of job (KB)
...
006 (16630220.069.000) 02/18 00:48:05 Image size of job updated: 486588
	476  -  MemoryUsage of job (MB)
	486588  -  ResidentSetSize of job (KB)
...
006 (16630220.069.000) 02/18 00:53:06 Image size of job updated: 489584
	479  -  MemoryUsage of job (MB)
	489584  -  ResidentSetSize of job (KB)
...
006 (16630220.069.000) 02/18 00:58:07 Image size of job updated: 491704
	481  -  MemoryUsage of job (MB)
	491704  -  ResidentSetSize of job (KB)
...
040 (16630220.069.000) 02/18 01:31:22 Started transferring output files
...
040 (16630220.069.000) 02/18 01:31:22 Finished transferring output files
...
005 (16630220.069.000) 02/18 01:31:22 Job terminated.
	(1) Normal termination (return value 0)
		Usr 0 00:59:10, Sys 0 00:00:21  -  Run Remote Usage
		Usr 0 00:00:00, Sys 0 00:00:00  -  Run Local Usage
		Usr 0 00:59:10, Sys 0 00:00:21  -  Total Remote Usage
		Usr 0 00:00:00, Sys 0 00:00:00  -  Total Local Usage
	8152  -  Run Bytes Sent By Job
	10428  -  Run Bytes Received By Job
	8152  -  Total Bytes Sent By Job
	10428  -  Total Bytes Received By Job
	Partitionable Resources :    Usage  Request Allocated 
	   Cpus                 :     0.97        1         1 
	   Disk (KB)            :    80          12      3852 
	   GPUs                 :                           0 
	   Memory (MB)          :   481        3000      3000 

	Job terminated of its own accord at 2025-02-18T00:31:22Z with exit-code 0.
...
