000 (16630220.368.000) 02/18 00:26:51 Job submitted from host: <188.185.72.155:9618?addrs=188.185.72.155-9618+[2001-1458-d00-8--100-95]-9618&alias=bigbird08.cern.ch&noUDP&sock=schedd_862983_22fa>
...
040 (16630220.368.000) 02/18 00:49:40 Started transferring input files
	Transferring to host: <128.142.132.47:9618?addrs=128.142.132.47-9618+[2001-1458-301-5a--100-23]-9618&alias=b9g12p4505.cern.ch&noUDP&sock=slot1_38_1244546_fe6a_25406>
...
040 (16630220.368.000) 02/18 00:49:40 Finished transferring input files
...
001 (16630220.368.000) 02/18 00:49:41 Job executing on host: <128.142.132.47:9618?addrs=128.142.132.47-9618+[2001-1458-301-5a--100-23]-9618&alias=b9g12p4505.cern.ch&noUDP&sock=startd_2404_85c3>
	SlotName: slot1_38@b9g12p4505.cern.ch
	CondorScratchDir = "/pool/condor/dir_798094"
	Cpus = 1
	Disk = 2635
	GPUs = 0
	Memory = 3000
...
006 (16630220.368.000) 02/18 00:49:50 Image size of job updated: 2060
	3  -  MemoryUsage of job (MB)
	2060  -  ResidentSetSize of job (KB)
...
006 (16630220.368.000) 02/18 00:54:51 Image size of job updated: 362716
	355  -  MemoryUsage of job (MB)
	362716  -  ResidentSetSize of job (KB)
...
006 (16630220.368.000) 02/18 00:59:52 Image size of job updated: 401508
	393  -  MemoryUsage of job (MB)
	401508  -  ResidentSetSize of job (KB)
...
040 (16630220.368.000) 02/18 01:59:14 Started transferring output files
...
040 (16630220.368.000) 02/18 01:59:14 Finished transferring output files
...
005 (16630220.368.000) 02/18 01:59:14 Job terminated.
	(1) Normal termination (return value 0)
		Usr 0 01:07:13, Sys 0 00:00:09  -  Run Remote Usage
		Usr 0 00:00:00, Sys 0 00:00:00  -  Run Local Usage
		Usr 0 01:07:13, Sys 0 00:00:09  -  Total Remote Usage
		Usr 0 00:00:00, Sys 0 00:00:00  -  Total Local Usage
	8155  -  Run Bytes Sent By Job
	10428  -  Run Bytes Received By Job
	8155  -  Total Bytes Sent By Job
	10428  -  Total Bytes Received By Job
	Partitionable Resources :    Usage  Request Allocated 
	   Cpus                 :     0.99        1         1 
	   Disk (KB)            :    80          12      2635 
	   GPUs                 :                           0 
	   Memory (MB)          :   393        3000      3000 

	Job terminated of its own accord at 2025-02-18T00:59:14Z with exit-code 0.
...
