000 (16630220.435.000) 02/18 00:26:51 Job submitted from host: <188.185.72.155:9618?addrs=188.185.72.155-9618+[2001-1458-d00-8--100-95]-9618&alias=bigbird08.cern.ch&noUDP&sock=schedd_862983_22fa>
...
040 (16630220.435.000) 02/18 00:52:45 Started transferring input files
	Transferring to host: <188.185.198.127:9618?addrs=188.185.198.127-9618+[2001-1458-303-25--100-7b]-9618&alias=b9p15p1592.cern.ch&noUDP&sock=slot1_14_2684691_6d8d_3397>
...
040 (16630220.435.000) 02/18 00:52:45 Finished transferring input files
...
001 (16630220.435.000) 02/18 00:52:46 Job executing on host: <188.185.198.127:9618?addrs=188.185.198.127-9618+[2001-1458-303-25--100-7b]-9618&alias=b9p15p1592.cern.ch&noUDP&sock=startd_6590_c535>
	SlotName: slot1_14@b9p15p1592.cern.ch
	CondorScratchDir = "/pool/condor/dir_1454167"
	Cpus = 1
	Disk = 3906
	GPUs = 0
	Memory = 3000
...
006 (16630220.435.000) 02/18 00:52:54 Image size of job updated: 88980
	87  -  MemoryUsage of job (MB)
	88980  -  ResidentSetSize of job (KB)
...
006 (16630220.435.000) 02/18 00:57:54 Image size of job updated: 131052
	128  -  MemoryUsage of job (MB)
	131052  -  ResidentSetSize of job (KB)
...
006 (16630220.435.000) 02/18 01:02:55 Image size of job updated: 172544
	169  -  MemoryUsage of job (MB)
	172544  -  ResidentSetSize of job (KB)
...
006 (16630220.435.000) 02/18 01:07:55 Image size of job updated: 177480
	174  -  MemoryUsage of job (MB)
	177480  -  ResidentSetSize of job (KB)
...
006 (16630220.435.000) 02/18 01:12:55 Image size of job updated: 180364
	177  -  MemoryUsage of job (MB)
	180364  -  ResidentSetSize of job (KB)
...
006 (16630220.435.000) 02/18 01:17:56 Image size of job updated: 183520
	180  -  MemoryUsage of job (MB)
	183520  -  ResidentSetSize of job (KB)
...
006 (16630220.435.000) 02/18 01:27:56 Image size of job updated: 197868
	194  -  MemoryUsage of job (MB)
	197868  -  ResidentSetSize of job (KB)
...
006 (16630220.435.000) 02/18 01:32:57 Image size of job updated: 199924
	196  -  MemoryUsage of job (MB)
	199924  -  ResidentSetSize of job (KB)
...
006 (16630220.435.000) 02/18 01:37:58 Image size of job updated: 204836
	201  -  MemoryUsage of job (MB)
	204836  -  ResidentSetSize of job (KB)
...
006 (16630220.435.000) 02/18 01:42:58 Image size of job updated: 208272
	204  -  MemoryUsage of job (MB)
	208272  -  ResidentSetSize of job (KB)
...
040 (16630220.435.000) 02/18 01:44:26 Started transferring output files
...
040 (16630220.435.000) 02/18 01:44:26 Finished transferring output files
...
005 (16630220.435.000) 02/18 01:44:26 Job terminated.
	(1) Normal termination (return value 0)
		Usr 0 00:50:44, Sys 0 00:00:04  -  Run Remote Usage
		Usr 0 00:00:00, Sys 0 00:00:00  -  Run Local Usage
		Usr 0 00:50:44, Sys 0 00:00:04  -  Total Remote Usage
		Usr 0 00:00:00, Sys 0 00:00:00  -  Total Local Usage
	8155  -  Run Bytes Sent By Job
	10428  -  Run Bytes Received By Job
	8155  -  Total Bytes Sent By Job
	10428  -  Total Bytes Received By Job
	Partitionable Resources :    Usage  Request Allocated 
	   Cpus                 :     0.99        1         1 
	   Disk (KB)            :    80          12      3906 
	   GPUs                 :                           0 
	   Memory (MB)          :   204        3000      3000 

	Job terminated of its own accord at 2025-02-18T00:44:26Z with exit-code 0.
...
