000 (16630220.001.000) 02/18 00:26:50 Job submitted from host: <188.185.72.155:9618?addrs=188.185.72.155-9618+[2001-1458-d00-8--100-95]-9618&alias=bigbird08.cern.ch&noUDP&sock=schedd_862983_22fa>
...
040 (16630220.001.000) 02/18 00:27:32 Started transferring input files
	Transferring to host: <128.142.161.73:9618?addrs=128.142.161.73-9618+[2001-1458-301-b8--100-7]-9618&alias=b9g03p4186.cern.ch&noUDP&sock=slot1_18_3248240_adf2_34894>
...
040 (16630220.001.000) 02/18 00:27:32 Finished transferring input files
...
001 (16630220.001.000) 02/18 00:27:33 Job executing on host: <128.142.161.73:9618?addrs=128.142.161.73-9618+[2001-1458-301-b8--100-7]-9618&alias=b9g03p4186.cern.ch&noUDP&sock=startd_3164_d1be>
	SlotName: slot1_18@b9g03p4186.cern.ch
	CondorScratchDir = "/pool/condor/dir_525094"
	Cpus = 1
	Disk = 4112
	GPUs = 0
	Memory = 3000
...
006 (16630220.001.000) 02/18 00:27:42 Image size of job updated: 200852
	197  -  MemoryUsage of job (MB)
	200852  -  ResidentSetSize of job (KB)
...
006 (16630220.001.000) 02/18 00:32:43 Image size of job updated: 1201292
	1174  -  MemoryUsage of job (MB)
	1201292  -  ResidentSetSize of job (KB)
...
006 (16630220.001.000) 02/18 00:37:44 Image size of job updated: 1243272
	1215  -  MemoryUsage of job (MB)
	1243272  -  ResidentSetSize of job (KB)
...
006 (16630220.001.000) 02/18 00:42:44 Image size of job updated: 1247040
	1218  -  MemoryUsage of job (MB)
	1247040  -  ResidentSetSize of job (KB)
...
006 (16630220.001.000) 02/18 00:47:44 Image size of job updated: 1251724
	1223  -  MemoryUsage of job (MB)
	1251724  -  ResidentSetSize of job (KB)
...
006 (16630220.001.000) 02/18 00:52:45 Image size of job updated: 1254008
	1225  -  MemoryUsage of job (MB)
	1254008  -  ResidentSetSize of job (KB)
...
006 (16630220.001.000) 02/18 00:57:45 Image size of job updated: 1255756
	1227  -  MemoryUsage of job (MB)
	1255756  -  ResidentSetSize of job (KB)
...
040 (16630220.001.000) 02/18 01:36:01 Started transferring output files
...
040 (16630220.001.000) 02/18 01:36:01 Finished transferring output files
...
005 (16630220.001.000) 02/18 01:36:01 Job terminated.
	(1) Normal termination (return value 0)
		Usr 0 01:02:04, Sys 0 00:00:18  -  Run Remote Usage
		Usr 0 00:00:00, Sys 0 00:00:00  -  Run Local Usage
		Usr 0 01:02:04, Sys 0 00:00:18  -  Total Remote Usage
		Usr 0 00:00:00, Sys 0 00:00:00  -  Total Local Usage
	8149  -  Run Bytes Sent By Job
	10428  -  Run Bytes Received By Job
	8149  -  Total Bytes Sent By Job
	10428  -  Total Bytes Received By Job
	Partitionable Resources :    Usage  Request Allocated 
	   Cpus                 :     0.94        1         1 
	   Disk (KB)            :    81          12      4112 
	   GPUs                 :                           0 
	   Memory (MB)          :  1227        3000      3000 

	Job terminated of its own accord at 2025-02-18T00:36:01Z with exit-code 0.
...
