000 (16630220.330.000) 02/18 00:26:51 Job submitted from host: <188.185.72.155:9618?addrs=188.185.72.155-9618+[2001-1458-d00-8--100-95]-9618&alias=bigbird08.cern.ch&noUDP&sock=schedd_862983_22fa>
...
040 (16630220.330.000) 02/18 00:49:30 Started transferring input files
	Transferring to host: <188.185.198.45:9618?addrs=188.185.198.45-9618+[2001-1458-303-25--100-29]-9618&alias=b9p15p6291.cern.ch&noUDP&sock=slot1_6_3836774_1fae_5815>
...
040 (16630220.330.000) 02/18 00:49:30 Finished transferring input files
...
001 (16630220.330.000) 02/18 00:49:31 Job executing on host: <188.185.198.45:9618?addrs=188.185.198.45-9618+[2001-1458-303-25--100-29]-9618&alias=b9p15p6291.cern.ch&noUDP&sock=startd_6558_d22d>
	SlotName: slot1_6@b9p15p6291.cern.ch
	CondorScratchDir = "/pool/condor/dir_214164"
	Cpus = 1
	Disk = 3739
	GPUs = 0
	Memory = 3000
...
006 (16630220.330.000) 02/18 00:49:39 Image size of job updated: 446084
	436  -  MemoryUsage of job (MB)
	446084  -  ResidentSetSize of job (KB)
...
006 (16630220.330.000) 02/18 00:54:39 Image size of job updated: 858872
	839  -  MemoryUsage of job (MB)
	858872  -  ResidentSetSize of job (KB)
...
006 (16630220.330.000) 02/18 00:59:40 Image size of job updated: 898856
	878  -  MemoryUsage of job (MB)
	898856  -  ResidentSetSize of job (KB)
...
040 (16630220.330.000) 02/18 01:41:08 Started transferring output files
...
040 (16630220.330.000) 02/18 01:41:08 Finished transferring output files
...
005 (16630220.330.000) 02/18 01:41:08 Job terminated.
	(1) Normal termination (return value 0)
		Usr 0 00:50:06, Sys 0 00:00:05  -  Run Remote Usage
		Usr 0 00:00:00, Sys 0 00:00:00  -  Run Local Usage
		Usr 0 00:50:06, Sys 0 00:00:05  -  Total Remote Usage
		Usr 0 00:00:00, Sys 0 00:00:00  -  Total Local Usage
	8155  -  Run Bytes Sent By Job
	10428  -  Run Bytes Received By Job
	8155  -  Total Bytes Sent By Job
	10428  -  Total Bytes Received By Job
	Partitionable Resources :    Usage  Request Allocated 
	   Cpus                 :     0.99        1         1 
	   Disk (KB)            :    81          12      3739 
	   GPUs                 :                           0 
	   Memory (MB)          :   878        3000      3000 

	Job terminated of its own accord at 2025-02-18T00:41:08Z with exit-code 0.
...
