000 (16630220.147.000) 02/18 00:26:50 Job submitted from host: <188.185.72.155:9618?addrs=188.185.72.155-9618+[2001-1458-d00-8--100-95]-9618&alias=bigbird08.cern.ch&noUDP&sock=schedd_862983_22fa>
...
040 (16630220.147.000) 02/18 00:47:58 Started transferring input files
	Transferring to host: <188.185.192.154:9618?addrs=188.185.192.154-9618+[2001-1458-303-1f--100-96]-9618&alias=b9p13p4281.cern.ch&noUDP&sock=slot1_4_1768539_7706_97568>
...
040 (16630220.147.000) 02/18 00:47:58 Finished transferring input files
...
001 (16630220.147.000) 02/18 00:47:59 Job executing on host: <188.185.192.154:9618?addrs=188.185.192.154-9618+[2001-1458-303-1f--100-96]-9618&alias=b9p13p4281.cern.ch&noUDP&sock=startd_5798_8633>
	SlotName: slot1_4@b9p13p4281.cern.ch
	CondorScratchDir = "/pool/condor/dir_2772461"
	Cpus = 1
	Disk = 3809
	GPUs = 0
	Memory = 3000
...
006 (16630220.147.000) 02/18 00:48:08 Image size of job updated: 480040
	469  -  MemoryUsage of job (MB)
	480040  -  ResidentSetSize of job (KB)
...
006 (16630220.147.000) 02/18 00:53:09 Image size of job updated: 1218076
	1190  -  MemoryUsage of job (MB)
	1218076  -  ResidentSetSize of job (KB)
...
006 (16630220.147.000) 02/18 00:58:10 Image size of job updated: 1222964
	1195  -  MemoryUsage of job (MB)
	1222964  -  ResidentSetSize of job (KB)
...
040 (16630220.147.000) 02/18 01:22:42 Started transferring output files
...
040 (16630220.147.000) 02/18 01:22:42 Finished transferring output files
...
005 (16630220.147.000) 02/18 01:22:42 Job terminated.
	(1) Normal termination (return value 0)
		Usr 0 00:33:23, Sys 0 00:00:05  -  Run Remote Usage
		Usr 0 00:00:00, Sys 0 00:00:00  -  Run Local Usage
		Usr 0 00:33:23, Sys 0 00:00:05  -  Total Remote Usage
		Usr 0 00:00:00, Sys 0 00:00:00  -  Total Local Usage
	8155  -  Run Bytes Sent By Job
	10428  -  Run Bytes Received By Job
	8155  -  Total Bytes Sent By Job
	10428  -  Total Bytes Received By Job
	Partitionable Resources :    Usage  Request Allocated 
	   Cpus                 :     0.99        1         1 
	   Disk (KB)            :    81          12      3809 
	   GPUs                 :                           0 
	   Memory (MB)          :  1195        3000      3000 

	Job terminated of its own accord at 2025-02-18T00:22:42Z with exit-code 0.
...
