000 (16630220.156.000) 02/18 00:26:50 Job submitted from host: <188.185.72.155:9618?addrs=188.185.72.155-9618+[2001-1458-d00-8--100-95]-9618&alias=bigbird08.cern.ch&noUDP&sock=schedd_862983_22fa>
...
040 (16630220.156.000) 02/18 00:48:02 Started transferring input files
	Transferring to host: <128.142.132.111:9618?addrs=128.142.132.111-9618+[2001-1458-301-5a--100-63]-9618&alias=b9g12p3298.cern.ch&noUDP&sock=slot1_23_51523_5d48_98357>
...
040 (16630220.156.000) 02/18 00:48:02 Finished transferring input files
...
001 (16630220.156.000) 02/18 00:48:03 Job executing on host: <128.142.132.111:9618?addrs=128.142.132.111-9618+[2001-1458-301-5a--100-63]-9618&alias=b9g12p3298.cern.ch&noUDP&sock=startd_2420_7f47>
	SlotName: slot1_23@b9g12p3298.cern.ch
	CondorScratchDir = "/pool/condor/dir_696946"
	Cpus = 1
	Disk = 2566
	GPUs = 0
	Memory = 3000
...
006 (16630220.156.000) 02/18 00:48:11 Image size of job updated: 2920
	3  -  MemoryUsage of job (MB)
	2920  -  ResidentSetSize of job (KB)
...
006 (16630220.156.000) 02/18 00:53:11 Image size of job updated: 1205080
	1177  -  MemoryUsage of job (MB)
	1205080  -  ResidentSetSize of job (KB)
...
006 (16630220.156.000) 02/18 00:58:12 Image size of job updated: 1242816
	1214  -  MemoryUsage of job (MB)
	1242816  -  ResidentSetSize of job (KB)
...
040 (16630220.156.000) 02/18 01:40:59 Started transferring output files
...
040 (16630220.156.000) 02/18 01:40:59 Finished transferring output files
...
005 (16630220.156.000) 02/18 01:40:59 Job terminated.
	(1) Normal termination (return value 0)
		Usr 0 00:51:02, Sys 0 00:00:05  -  Run Remote Usage
		Usr 0 00:00:00, Sys 0 00:00:00  -  Run Local Usage
		Usr 0 00:51:02, Sys 0 00:00:05  -  Total Remote Usage
		Usr 0 00:00:00, Sys 0 00:00:00  -  Total Local Usage
	8155  -  Run Bytes Sent By Job
	10428  -  Run Bytes Received By Job
	8155  -  Total Bytes Sent By Job
	10428  -  Total Bytes Received By Job
	Partitionable Resources :    Usage  Request Allocated 
	   Cpus                 :     0.96        1         1 
	   Disk (KB)            :    81          12      2566 
	   GPUs                 :                           0 
	   Memory (MB)          :  1214        3000      3000 

	Job terminated of its own accord at 2025-02-18T00:40:59Z with exit-code 0.
...
