000 (16630220.070.000) 02/18 00:26:50 Job submitted from host: <188.185.72.155:9618?addrs=188.185.72.155-9618+[2001-1458-d00-8--100-95]-9618&alias=bigbird08.cern.ch&noUDP&sock=schedd_862983_22fa>
...
040 (16630220.070.000) 02/18 00:27:54 Started transferring input files
	Transferring to host: <128.142.132.104:9618?addrs=128.142.132.104-9618+[2001-1458-301-5a--100-5c]-9618&alias=b9g12p5821.cern.ch&noUDP&sock=slot1_33_2789_da4a_75502>
...
040 (16630220.070.000) 02/18 00:27:54 Finished transferring input files
...
001 (16630220.070.000) 02/18 00:27:55 Job executing on host: <128.142.132.104:9618?addrs=128.142.132.104-9618+[2001-1458-301-5a--100-5c]-9618&alias=b9g12p5821.cern.ch&noUDP&sock=startd_2427_4c71>
	SlotName: slot1_33@b9g12p5821.cern.ch
	CondorScratchDir = "/pool/condor/dir_1922975"
	Cpus = 1
	Disk = 2660
	GPUs = 0
	Memory = 3000
...
006 (16630220.070.000) 02/18 00:28:03 Image size of job updated: 95684
	94  -  MemoryUsage of job (MB)
	95684  -  ResidentSetSize of job (KB)
...
006 (16630220.070.000) 02/18 00:33:03 Image size of job updated: 502372
	491  -  MemoryUsage of job (MB)
	502372  -  ResidentSetSize of job (KB)
...
006 (16630220.070.000) 02/18 00:38:04 Image size of job updated: 541840
	530  -  MemoryUsage of job (MB)
	541840  -  ResidentSetSize of job (KB)
...
006 (16630220.070.000) 02/18 00:43:04 Image size of job updated: 546864
	535  -  MemoryUsage of job (MB)
	546864  -  ResidentSetSize of job (KB)
...
006 (16630220.070.000) 02/18 00:48:04 Image size of job updated: 548864
	536  -  MemoryUsage of job (MB)
	548864  -  ResidentSetSize of job (KB)
...
006 (16630220.070.000) 02/18 00:53:05 Image size of job updated: 551808
	539  -  MemoryUsage of job (MB)
	551808  -  ResidentSetSize of job (KB)
...
006 (16630220.070.000) 02/18 00:58:06 Image size of job updated: 555392
	543  -  MemoryUsage of job (MB)
	555392  -  ResidentSetSize of job (KB)
...
040 (16630220.070.000) 02/18 01:39:57 Started transferring output files
...
040 (16630220.070.000) 02/18 01:39:57 Finished transferring output files
...
005 (16630220.070.000) 02/18 01:39:57 Job terminated.
	(1) Normal termination (return value 0)
		Usr 0 01:07:50, Sys 0 00:00:09  -  Run Remote Usage
		Usr 0 00:00:00, Sys 0 00:00:00  -  Run Local Usage
		Usr 0 01:07:50, Sys 0 00:00:09  -  Total Remote Usage
		Usr 0 00:00:00, Sys 0 00:00:00  -  Total Local Usage
	8152  -  Run Bytes Sent By Job
	10428  -  Run Bytes Received By Job
	8152  -  Total Bytes Sent By Job
	10428  -  Total Bytes Received By Job
	Partitionable Resources :    Usage  Request Allocated 
	   Cpus                 :     0.99        1         1 
	   Disk (KB)            :    81          12      2660 
	   GPUs                 :                           0 
	   Memory (MB)          :   543        3000      3000 

	Job terminated of its own accord at 2025-02-18T00:39:57Z with exit-code 0.
...
