000 (16630220.352.000) 02/18 00:26:51 Job submitted from host: <188.185.72.155:9618?addrs=188.185.72.155-9618+[2001-1458-d00-8--100-95]-9618&alias=bigbird08.cern.ch&noUDP&sock=schedd_862983_22fa>
...
040 (16630220.352.000) 02/18 00:49:37 Started transferring input files
	Transferring to host: <188.185.213.182:9618?addrs=188.185.213.182-9618+[2001-1458-303-1b--100-32]-9618&alias=b9p28p3646.cern.ch&noUDP&sock=slot1_18_4051297_fbe2_79049>
...
040 (16630220.352.000) 02/18 00:49:37 Finished transferring input files
...
001 (16630220.352.000) 02/18 00:49:38 Job executing on host: <188.185.213.182:9618?addrs=188.185.213.182-9618+[2001-1458-303-1b--100-32]-9618&alias=b9p28p3646.cern.ch&noUDP&sock=startd_3812_4b1c>
	SlotName: slot1_18@b9p28p3646.cern.ch
	CondorScratchDir = "/pool/condor/dir_494872"
	Cpus = 1
	Disk = 3806
	GPUs = 0
	Memory = 3000
...
006 (16630220.352.000) 02/18 00:49:47 Image size of job updated: 176700
	173  -  MemoryUsage of job (MB)
	176700  -  ResidentSetSize of job (KB)
...
006 (16630220.352.000) 02/18 00:54:48 Image size of job updated: 470192
	460  -  MemoryUsage of job (MB)
	470192  -  ResidentSetSize of job (KB)
...
006 (16630220.352.000) 02/18 00:59:49 Image size of job updated: 475160
	465  -  MemoryUsage of job (MB)
	475160  -  ResidentSetSize of job (KB)
...
040 (16630220.352.000) 02/18 01:31:16 Started transferring output files
...
040 (16630220.352.000) 02/18 01:31:16 Finished transferring output files
...
005 (16630220.352.000) 02/18 01:31:16 Job terminated.
	(1) Normal termination (return value 0)
		Usr 0 00:39:36, Sys 0 00:00:17  -  Run Remote Usage
		Usr 0 00:00:00, Sys 0 00:00:00  -  Run Local Usage
		Usr 0 00:39:36, Sys 0 00:00:17  -  Total Remote Usage
		Usr 0 00:00:00, Sys 0 00:00:00  -  Total Local Usage
	8155  -  Run Bytes Sent By Job
	10428  -  Run Bytes Received By Job
	8155  -  Total Bytes Sent By Job
	10428  -  Total Bytes Received By Job
	Partitionable Resources :    Usage  Request Allocated 
	   Cpus                 :     0.98        1         1 
	   Disk (KB)            :    80          12      3806 
	   GPUs                 :                           0 
	   Memory (MB)          :   465        3000      3000 

	Job terminated of its own accord at 2025-02-18T00:31:16Z with exit-code 0.
...
