000 (16630220.052.000) 02/18 00:26:50 Job submitted from host: <188.185.72.155:9618?addrs=188.185.72.155-9618+[2001-1458-d00-8--100-95]-9618&alias=bigbird08.cern.ch&noUDP&sock=schedd_862983_22fa>
...
040 (16630220.052.000) 02/18 00:27:48 Started transferring input files
	Transferring to host: <188.185.195.167:9618?addrs=188.185.195.167-9618+[2001-1458-303-22--100-a3]-9618&alias=b9p17p1897.cern.ch&noUDP&sock=slot1_34_543149_5b20_3134>
...
040 (16630220.052.000) 02/18 00:27:48 Finished transferring input files
...
001 (16630220.052.000) 02/18 00:27:49 Job executing on host: <188.185.195.167:9618?addrs=188.185.195.167-9618+[2001-1458-303-22--100-a3]-9618&alias=b9p17p1897.cern.ch&noUDP&sock=startd_7349_6197>
	SlotName: slot1_34@b9p17p1897.cern.ch
	CondorScratchDir = "/pool/condor/dir_4026304"
	Cpus = 1
	Disk = 3766
	GPUs = 0
	Memory = 3000
...
006 (16630220.052.000) 02/18 00:27:58 Image size of job updated: 100104
	98  -  MemoryUsage of job (MB)
	100104  -  ResidentSetSize of job (KB)
...
006 (16630220.052.000) 02/18 00:32:59 Image size of job updated: 450084
	440  -  MemoryUsage of job (MB)
	450084  -  ResidentSetSize of job (KB)
...
006 (16630220.052.000) 02/18 00:38:00 Image size of job updated: 488684
	478  -  MemoryUsage of job (MB)
	488684  -  ResidentSetSize of job (KB)
...
006 (16630220.052.000) 02/18 00:43:00 Image size of job updated: 493520
	482  -  MemoryUsage of job (MB)
	493520  -  ResidentSetSize of job (KB)
...
006 (16630220.052.000) 02/18 00:48:00 Image size of job updated: 495904
	485  -  MemoryUsage of job (MB)
	495904  -  ResidentSetSize of job (KB)
...
006 (16630220.052.000) 02/18 00:53:01 Image size of job updated: 499484
	488  -  MemoryUsage of job (MB)
	499484  -  ResidentSetSize of job (KB)
...
006 (16630220.052.000) 02/18 00:58:01 Image size of job updated: 502180
	491  -  MemoryUsage of job (MB)
	502180  -  ResidentSetSize of job (KB)
...
040 (16630220.052.000) 02/18 01:34:12 Started transferring output files
...
040 (16630220.052.000) 02/18 01:34:12 Finished transferring output files
...
005 (16630220.052.000) 02/18 01:34:12 Job terminated.
	(1) Normal termination (return value 0)
		Usr 0 00:54:47, Sys 0 00:00:09  -  Run Remote Usage
		Usr 0 00:00:00, Sys 0 00:00:00  -  Run Local Usage
		Usr 0 00:54:47, Sys 0 00:00:09  -  Total Remote Usage
		Usr 0 00:00:00, Sys 0 00:00:00  -  Total Local Usage
	8152  -  Run Bytes Sent By Job
	10428  -  Run Bytes Received By Job
	8152  -  Total Bytes Sent By Job
	10428  -  Total Bytes Received By Job
	Partitionable Resources :    Usage  Request Allocated 
	   Cpus                 :     0.98        1         1 
	   Disk (KB)            :    80          12      3766 
	   GPUs                 :                           0 
	   Memory (MB)          :   491        3000      3000 

	Job terminated of its own accord at 2025-02-18T00:34:12Z with exit-code 0.
...
