000 (16630220.188.000) 02/18 00:26:50 Job submitted from host: <188.185.72.155:9618?addrs=188.185.72.155-9618+[2001-1458-d00-8--100-95]-9618&alias=bigbird08.cern.ch&noUDP&sock=schedd_862983_22fa>
...
040 (16630220.188.000) 02/18 00:48:12 Started transferring input files
	Transferring to host: <128.142.33.203:9618?addrs=128.142.33.203-9618+[2001-1458-301-39--100-8]-9618&alias=b9g24p0512.cern.ch&noUDP&sock=slot1_10_1634666_d362_85619>
...
040 (16630220.188.000) 02/18 00:48:12 Finished transferring input files
...
001 (16630220.188.000) 02/18 00:48:13 Job executing on host: <128.142.33.203:9618?addrs=128.142.33.203-9618+[2001-1458-301-39--100-8]-9618&alias=b9g24p0512.cern.ch&noUDP&sock=startd_5283_46ed>
	SlotName: slot1_10@b9g24p0512.cern.ch
	CondorScratchDir = "/pool/condor/dir_1126037"
	Cpus = 1
	Disk = 3763
	GPUs = 0
	Memory = 3000
...
006 (16630220.188.000) 02/18 00:48:21 Image size of job updated: 88140
	87  -  MemoryUsage of job (MB)
	88140  -  ResidentSetSize of job (KB)
...
006 (16630220.188.000) 02/18 00:53:21 Image size of job updated: 162584
	159  -  MemoryUsage of job (MB)
	162584  -  ResidentSetSize of job (KB)
...
006 (16630220.188.000) 02/18 00:58:22 Image size of job updated: 167140
	164  -  MemoryUsage of job (MB)
	167140  -  ResidentSetSize of job (KB)
...
006 (16630220.188.000) 02/18 01:03:22 Image size of job updated: 176224
	173  -  MemoryUsage of job (MB)
	176224  -  ResidentSetSize of job (KB)
...
006 (16630220.188.000) 02/18 01:13:23 Image size of job updated: 204728
	200  -  MemoryUsage of job (MB)
	204728  -  ResidentSetSize of job (KB)
...
006 (16630220.188.000) 02/18 01:18:24 Image size of job updated: 208860
	204  -  MemoryUsage of job (MB)
	208860  -  ResidentSetSize of job (KB)
...
040 (16630220.188.000) 02/18 01:22:02 Started transferring output files
...
040 (16630220.188.000) 02/18 01:22:02 Finished transferring output files
...
005 (16630220.188.000) 02/18 01:22:02 Job terminated.
	(1) Normal termination (return value 0)
		Usr 0 00:32:54, Sys 0 00:00:09  -  Run Remote Usage
		Usr 0 00:00:00, Sys 0 00:00:00  -  Run Local Usage
		Usr 0 00:32:54, Sys 0 00:00:09  -  Total Remote Usage
		Usr 0 00:00:00, Sys 0 00:00:00  -  Total Local Usage
	8155  -  Run Bytes Sent By Job
	10428  -  Run Bytes Received By Job
	8155  -  Total Bytes Sent By Job
	10428  -  Total Bytes Received By Job
	Partitionable Resources :    Usage  Request Allocated 
	   Cpus                 :     0.99        1         1 
	   Disk (KB)            :    81          12      3763 
	   GPUs                 :                           0 
	   Memory (MB)          :   204        3000      3000 

	Job terminated of its own accord at 2025-02-18T00:22:01Z with exit-code 0.
...
