000 (16630220.240.000) 02/18 00:26:51 Job submitted from host: <188.185.72.155:9618?addrs=188.185.72.155-9618+[2001-1458-d00-8--100-95]-9618&alias=bigbird08.cern.ch&noUDP&sock=schedd_862983_22fa>
...
040 (16630220.240.000) 02/18 00:49:13 Started transferring input files
	Transferring to host: <128.142.137.176:9618?addrs=128.142.137.176-9618+[2001-1458-301-5e--100-a4]-9618&alias=b9g19p4811.cern.ch&noUDP&sock=slot1_40_2805_204b_113832>
...
040 (16630220.240.000) 02/18 00:49:13 Finished transferring input files
...
001 (16630220.240.000) 02/18 00:49:14 Job executing on host: <128.142.137.176:9618?addrs=128.142.137.176-9618+[2001-1458-301-5e--100-a4]-9618&alias=b9g19p4811.cern.ch&noUDP&sock=startd_2442_965d>
	SlotName: slot1_40@b9g19p4811.cern.ch
	CondorScratchDir = "/pool/condor/dir_3105373"
	Cpus = 1
	Disk = 2612
	GPUs = 0
	Memory = 3000
...
006 (16630220.240.000) 02/18 00:49:23 Image size of job updated: 90680
	89  -  MemoryUsage of job (MB)
	90680  -  ResidentSetSize of job (KB)
...
006 (16630220.240.000) 02/18 00:54:25 Image size of job updated: 198648
	194  -  MemoryUsage of job (MB)
	198648  -  ResidentSetSize of job (KB)
...
006 (16630220.240.000) 02/18 00:59:25 Image size of job updated: 238192
	233  -  MemoryUsage of job (MB)
	238192  -  ResidentSetSize of job (KB)
...
040 (16630220.240.000) 02/18 01:54:00 Started transferring output files
...
040 (16630220.240.000) 02/18 01:54:00 Finished transferring output files
...
005 (16630220.240.000) 02/18 01:54:00 Job terminated.
	(1) Normal termination (return value 0)
		Usr 0 01:02:49, Sys 0 00:00:06  -  Run Remote Usage
		Usr 0 00:00:00, Sys 0 00:00:00  -  Run Local Usage
		Usr 0 01:02:49, Sys 0 00:00:06  -  Total Remote Usage
		Usr 0 00:00:00, Sys 0 00:00:00  -  Total Local Usage
	8155  -  Run Bytes Sent By Job
	10428  -  Run Bytes Received By Job
	8155  -  Total Bytes Sent By Job
	10428  -  Total Bytes Received By Job
	Partitionable Resources :    Usage  Request Allocated 
	   Cpus                 :     0.99        1         1 
	   Disk (KB)            :    81          12      2612 
	   GPUs                 :                           0 
	   Memory (MB)          :   233        3000      3000 

	Job terminated of its own accord at 2025-02-18T00:54:00Z with exit-code 0.
...
