000 (16630220.247.000) 02/18 00:26:51 Job submitted from host: <188.185.72.155:9618?addrs=188.185.72.155-9618+[2001-1458-d00-8--100-95]-9618&alias=bigbird08.cern.ch&noUDP&sock=schedd_862983_22fa>
...
040 (16630220.247.000) 02/18 00:48:59 Started transferring input files
	Transferring to host: <128.142.161.123:9618?addrs=128.142.161.123-9618+[2001-1458-301-b8--100-39]-9618&alias=b9g03p5548.cern.ch&noUDP&sock=slot1_18_7966_847d_3126>
...
040 (16630220.247.000) 02/18 00:48:59 Finished transferring input files
...
001 (16630220.247.000) 02/18 00:49:00 Job executing on host: <128.142.161.123:9618?addrs=128.142.161.123-9618+[2001-1458-301-b8--100-39]-9618&alias=b9g03p5548.cern.ch&noUDP&sock=startd_6772_9b71>
	SlotName: slot1_18@b9g03p5548.cern.ch
	CondorScratchDir = "/pool/condor/dir_733917"
	Cpus = 1
	Disk = 4058
	GPUs = 0
	Memory = 3000
...
006 (16630220.247.000) 02/18 00:49:08 Image size of job updated: 88368
	87  -  MemoryUsage of job (MB)
	88368  -  ResidentSetSize of job (KB)
...
006 (16630220.247.000) 02/18 00:54:08 Image size of job updated: 151332
	148  -  MemoryUsage of job (MB)
	151332  -  ResidentSetSize of job (KB)
...
006 (16630220.247.000) 02/18 00:59:09 Image size of job updated: 189632
	186  -  MemoryUsage of job (MB)
	189632  -  ResidentSetSize of job (KB)
...
006 (16630220.247.000) 02/18 01:34:13 Image size of job updated: 192720
	189  -  MemoryUsage of job (MB)
	192720  -  ResidentSetSize of job (KB)
...
006 (16630220.247.000) 02/18 01:39:13 Image size of job updated: 196824
	193  -  MemoryUsage of job (MB)
	196824  -  ResidentSetSize of job (KB)
...
006 (16630220.247.000) 02/18 01:44:14 Image size of job updated: 200208
	196  -  MemoryUsage of job (MB)
	200208  -  ResidentSetSize of job (KB)
...
040 (16630220.247.000) 02/18 01:46:49 Started transferring output files
...
040 (16630220.247.000) 02/18 01:46:49 Finished transferring output files
...
005 (16630220.247.000) 02/18 01:46:49 Job terminated.
	(1) Normal termination (return value 0)
		Usr 0 00:56:33, Sys 0 00:00:05  -  Run Remote Usage
		Usr 0 00:00:00, Sys 0 00:00:00  -  Run Local Usage
		Usr 0 00:56:33, Sys 0 00:00:05  -  Total Remote Usage
		Usr 0 00:00:00, Sys 0 00:00:00  -  Total Local Usage
	8155  -  Run Bytes Sent By Job
	10428  -  Run Bytes Received By Job
	8155  -  Total Bytes Sent By Job
	10428  -  Total Bytes Received By Job
	Partitionable Resources :    Usage  Request Allocated 
	   Cpus                 :     0.99        1         1 
	   Disk (KB)            :    80          12      4058 
	   GPUs                 :                           0 
	   Memory (MB)          :   196        3000      3000 

	Job terminated of its own accord at 2025-02-18T00:46:49Z with exit-code 0.
...
