000 (16630220.091.000) 02/18 00:26:50 Job submitted from host: <188.185.72.155:9618?addrs=188.185.72.155-9618+[2001-1458-d00-8--100-95]-9618&alias=bigbird08.cern.ch&noUDP&sock=schedd_862983_22fa>
...
040 (16630220.091.000) 02/18 00:28:04 Started transferring input files
	Transferring to host: <188.185.196.15:9618?addrs=188.185.196.15-9618+[2001-1458-303-23--100-b]-9618&alias=b9p16p7545.cern.ch&noUDP&sock=slot1_38_4104111_3985_5029>
...
040 (16630220.091.000) 02/18 00:28:04 Finished transferring input files
...
001 (16630220.091.000) 02/18 00:28:05 Job executing on host: <188.185.196.15:9618?addrs=188.185.196.15-9618+[2001-1458-303-23--100-b]-9618&alias=b9p16p7545.cern.ch&noUDP&sock=startd_8400_47a0>
	SlotName: slot1_38@b9p16p7545.cern.ch
	CondorScratchDir = "/pool/condor/dir_1124865"
	Cpus = 1
	Disk = 3808
	GPUs = 0
	Memory = 3000
...
006 (16630220.091.000) 02/18 00:28:13 Image size of job updated: 95976
	94  -  MemoryUsage of job (MB)
	95976  -  ResidentSetSize of job (KB)
...
006 (16630220.091.000) 02/18 00:33:13 Image size of job updated: 240728
	236  -  MemoryUsage of job (MB)
	240728  -  ResidentSetSize of job (KB)
...
006 (16630220.091.000) 02/18 00:38:13 Image size of job updated: 285156
	279  -  MemoryUsage of job (MB)
	285156  -  ResidentSetSize of job (KB)
...
006 (16630220.091.000) 02/18 00:43:14 Image size of job updated: 288104
	282  -  MemoryUsage of job (MB)
	288104  -  ResidentSetSize of job (KB)
...
006 (16630220.091.000) 02/18 00:48:15 Image size of job updated: 293576
	287  -  MemoryUsage of job (MB)
	293576  -  ResidentSetSize of job (KB)
...
006 (16630220.091.000) 02/18 00:53:15 Image size of job updated: 296216
	290  -  MemoryUsage of job (MB)
	296216  -  ResidentSetSize of job (KB)
...
006 (16630220.091.000) 02/18 00:58:16 Image size of job updated: 302188
	296  -  MemoryUsage of job (MB)
	302188  -  ResidentSetSize of job (KB)
...
040 (16630220.091.000) 02/18 01:20:27 Started transferring output files
...
040 (16630220.091.000) 02/18 01:20:28 Finished transferring output files
...
005 (16630220.091.000) 02/18 01:20:28 Job terminated.
	(1) Normal termination (return value 0)
		Usr 0 00:49:20, Sys 0 00:00:05  -  Run Remote Usage
		Usr 0 00:00:00, Sys 0 00:00:00  -  Run Local Usage
		Usr 0 00:49:20, Sys 0 00:00:05  -  Total Remote Usage
		Usr 0 00:00:00, Sys 0 00:00:00  -  Total Local Usage
	8152  -  Run Bytes Sent By Job
	10428  -  Run Bytes Received By Job
	8152  -  Total Bytes Sent By Job
	10428  -  Total Bytes Received By Job
	Partitionable Resources :    Usage  Request Allocated 
	   Cpus                 :     0.99        1         1 
	   Disk (KB)            :    80          12      3808 
	   GPUs                 :                           0 
	   Memory (MB)          :   296        3000      3000 

	Job terminated of its own accord at 2025-02-18T00:20:27Z with exit-code 0.
...
