000 (16630220.068.000) 02/18 00:26:50 Job submitted from host: <188.185.72.155:9618?addrs=188.185.72.155-9618+[2001-1458-d00-8--100-95]-9618&alias=bigbird08.cern.ch&noUDP&sock=schedd_862983_22fa>
...
040 (16630220.068.000) 02/18 00:27:53 Started transferring input files
	Transferring to host: <188.185.198.144:9618?addrs=188.185.198.144-9618+[2001-1458-303-25--100-8c]-9618&alias=b9p15p7420.cern.ch&noUDP&sock=slot1_32_3795577_1c43_10708>
...
040 (16630220.068.000) 02/18 00:27:53 Finished transferring input files
...
001 (16630220.068.000) 02/18 00:27:54 Job executing on host: <188.185.198.144:9618?addrs=188.185.198.144-9618+[2001-1458-303-25--100-8c]-9618&alias=b9p15p7420.cern.ch&noUDP&sock=startd_963861_0dd0>
	SlotName: slot1_32@b9p15p7420.cern.ch
	CondorScratchDir = "/pool/condor/dir_962507"
	Cpus = 1
	Disk = 3877
	GPUs = 0
	Memory = 3000
...
006 (16630220.068.000) 02/18 00:28:02 Image size of job updated: 2068
	3  -  MemoryUsage of job (MB)
	2068  -  ResidentSetSize of job (KB)
...
006 (16630220.068.000) 02/18 00:33:02 Image size of job updated: 376896
	369  -  MemoryUsage of job (MB)
	376896  -  ResidentSetSize of job (KB)
...
006 (16630220.068.000) 02/18 00:38:03 Image size of job updated: 415896
	407  -  MemoryUsage of job (MB)
	415896  -  ResidentSetSize of job (KB)
...
006 (16630220.068.000) 02/18 00:43:03 Image size of job updated: 419760
	410  -  MemoryUsage of job (MB)
	419760  -  ResidentSetSize of job (KB)
...
006 (16630220.068.000) 02/18 00:48:03 Image size of job updated: 422460
	413  -  MemoryUsage of job (MB)
	422460  -  ResidentSetSize of job (KB)
...
006 (16630220.068.000) 02/18 00:53:04 Image size of job updated: 427108
	418  -  MemoryUsage of job (MB)
	427108  -  ResidentSetSize of job (KB)
...
006 (16630220.068.000) 02/18 00:58:05 Image size of job updated: 428900
	419  -  MemoryUsage of job (MB)
	428900  -  ResidentSetSize of job (KB)
...
040 (16630220.068.000) 02/18 01:28:08 Started transferring output files
...
040 (16630220.068.000) 02/18 01:28:08 Finished transferring output files
...
005 (16630220.068.000) 02/18 01:28:08 Job terminated.
	(1) Normal termination (return value 0)
		Usr 0 00:56:40, Sys 0 00:00:10  -  Run Remote Usage
		Usr 0 00:00:00, Sys 0 00:00:00  -  Run Local Usage
		Usr 0 00:56:40, Sys 0 00:00:10  -  Total Remote Usage
		Usr 0 00:00:00, Sys 0 00:00:00  -  Total Local Usage
	8152  -  Run Bytes Sent By Job
	10428  -  Run Bytes Received By Job
	8152  -  Total Bytes Sent By Job
	10428  -  Total Bytes Received By Job
	Partitionable Resources :    Usage  Request Allocated 
	   Cpus                 :     0.99        1         1 
	   Disk (KB)            :    81          12      3877 
	   GPUs                 :                           0 
	   Memory (MB)          :   419        3000      3000 

	Job terminated of its own accord at 2025-02-18T00:28:08Z with exit-code 0.
...
