000 (16630220.425.000) 02/18 00:26:51 Job submitted from host: <188.185.72.155:9618?addrs=188.185.72.155-9618+[2001-1458-d00-8--100-95]-9618&alias=bigbird08.cern.ch&noUDP&sock=schedd_862983_22fa>
...
040 (16630220.425.000) 02/18 00:50:06 Started transferring input files
	Transferring to host: <188.185.196.15:9618?addrs=188.185.196.15-9618+[2001-1458-303-23--100-b]-9618&alias=b9p16p7545.cern.ch&noUDP&sock=slot1_43_4104111_3985_5052>
...
040 (16630220.425.000) 02/18 00:50:06 Finished transferring input files
...
001 (16630220.425.000) 02/18 00:50:07 Job executing on host: <188.185.196.15:9618?addrs=188.185.196.15-9618+[2001-1458-303-23--100-b]-9618&alias=b9p16p7545.cern.ch&noUDP&sock=startd_8400_47a0>
	SlotName: slot1_43@b9p16p7545.cern.ch
	CondorScratchDir = "/pool/condor/dir_1162663"
	Cpus = 1
	Disk = 3776
	GPUs = 0
	Memory = 3000
...
006 (16630220.425.000) 02/18 00:50:16 Image size of job updated: 103436
	102  -  MemoryUsage of job (MB)
	103436  -  ResidentSetSize of job (KB)
...
006 (16630220.425.000) 02/18 00:55:17 Image size of job updated: 125864
	123  -  MemoryUsage of job (MB)
	125864  -  ResidentSetSize of job (KB)
...
006 (16630220.425.000) 02/18 01:00:18 Image size of job updated: 165092
	162  -  MemoryUsage of job (MB)
	165092  -  ResidentSetSize of job (KB)
...
006 (16630220.425.000) 02/18 01:05:18 Image size of job updated: 170856
	167  -  MemoryUsage of job (MB)
	170856  -  ResidentSetSize of job (KB)
...
006 (16630220.425.000) 02/18 01:10:18 Image size of job updated: 174116
	171  -  MemoryUsage of job (MB)
	174116  -  ResidentSetSize of job (KB)
...
006 (16630220.425.000) 02/18 01:15:19 Image size of job updated: 175904
	172  -  MemoryUsage of job (MB)
	175904  -  ResidentSetSize of job (KB)
...
006 (16630220.425.000) 02/18 01:25:19 Image size of job updated: 192236
	188  -  MemoryUsage of job (MB)
	192236  -  ResidentSetSize of job (KB)
...
006 (16630220.425.000) 02/18 01:30:20 Image size of job updated: 195732
	192  -  MemoryUsage of job (MB)
	195732  -  ResidentSetSize of job (KB)
...
006 (16630220.425.000) 02/18 01:35:21 Image size of job updated: 197280
	193  -  MemoryUsage of job (MB)
	197280  -  ResidentSetSize of job (KB)
...
006 (16630220.425.000) 02/18 01:40:21 Image size of job updated: 200916
	197  -  MemoryUsage of job (MB)
	200916  -  ResidentSetSize of job (KB)
...
040 (16630220.425.000) 02/18 01:45:31 Started transferring output files
...
040 (16630220.425.000) 02/18 01:45:31 Finished transferring output files
...
005 (16630220.425.000) 02/18 01:45:31 Job terminated.
	(1) Normal termination (return value 0)
		Usr 0 00:54:26, Sys 0 00:00:04  -  Run Remote Usage
		Usr 0 00:00:00, Sys 0 00:00:00  -  Run Local Usage
		Usr 0 00:54:26, Sys 0 00:00:04  -  Total Remote Usage
		Usr 0 00:00:00, Sys 0 00:00:00  -  Total Local Usage
	8155  -  Run Bytes Sent By Job
	10428  -  Run Bytes Received By Job
	8155  -  Total Bytes Sent By Job
	10428  -  Total Bytes Received By Job
	Partitionable Resources :    Usage  Request Allocated 
	   Cpus                 :     0.99        1         1 
	   Disk (KB)            :    80          12      3776 
	   GPUs                 :                           0 
	   Memory (MB)          :   197        3000      3000 

	Job terminated of its own accord at 2025-02-18T00:45:31Z with exit-code 0.
...
