000 (16630220.194.000) 02/18 00:26:50 Job submitted from host: <188.185.72.155:9618?addrs=188.185.72.155-9618+[2001-1458-d00-8--100-95]-9618&alias=bigbird08.cern.ch&noUDP&sock=schedd_862983_22fa>
...
040 (16630220.194.000) 02/18 00:48:14 Started transferring input files
	Transferring to host: <188.185.198.76:9618?addrs=188.185.198.76-9618+[2001-1458-303-25--100-48]-9618&alias=b9p15p5144.cern.ch&noUDP&sock=slot1_38_3828089_c16d_15424>
...
040 (16630220.194.000) 02/18 00:48:14 Finished transferring input files
...
001 (16630220.194.000) 02/18 00:48:22 Job executing on host: <188.185.198.76:9618?addrs=188.185.198.76-9618+[2001-1458-303-25--100-48]-9618&alias=b9p15p5144.cern.ch&noUDP&sock=startd_9398_d325>
	SlotName: slot1_38@b9p15p5144.cern.ch
	CondorScratchDir = "/pool/condor/dir_1140272"
	Cpus = 1
	Disk = 3788
	GPUs = 0
	Memory = 3000
...
006 (16630220.194.000) 02/18 00:48:30 Image size of job updated: 2076
	3  -  MemoryUsage of job (MB)
	2076  -  ResidentSetSize of job (KB)
...
006 (16630220.194.000) 02/18 00:53:30 Image size of job updated: 182560
	179  -  MemoryUsage of job (MB)
	182560  -  ResidentSetSize of job (KB)
...
006 (16630220.194.000) 02/18 00:58:31 Image size of job updated: 221500
	217  -  MemoryUsage of job (MB)
	221500  -  ResidentSetSize of job (KB)
...
040 (16630220.194.000) 02/18 01:36:50 Started transferring output files
...
040 (16630220.194.000) 02/18 01:36:50 Finished transferring output files
...
005 (16630220.194.000) 02/18 01:36:50 Job terminated.
	(1) Normal termination (return value 0)
		Usr 0 00:47:06, Sys 0 00:00:03  -  Run Remote Usage
		Usr 0 00:00:00, Sys 0 00:00:00  -  Run Local Usage
		Usr 0 00:47:06, Sys 0 00:00:03  -  Total Remote Usage
		Usr 0 00:00:00, Sys 0 00:00:00  -  Total Local Usage
	8153  -  Run Bytes Sent By Job
	10428  -  Run Bytes Received By Job
	8153  -  Total Bytes Sent By Job
	10428  -  Total Bytes Received By Job
	Partitionable Resources :    Usage  Request Allocated 
	   Cpus                 :     0.99        1         1 
	   Disk (KB)            :    80          12      3788 
	   GPUs                 :                           0 
	   Memory (MB)          :   217        3000      3000 

	Job terminated of its own accord at 2025-02-18T00:36:50Z with exit-code 0.
...
