000 (16630220.165.000) 02/18 00:26:50 Job submitted from host: <188.185.72.155:9618?addrs=188.185.72.155-9618+[2001-1458-d00-8--100-95]-9618&alias=bigbird08.cern.ch&noUDP&sock=schedd_862983_22fa>
...
040 (16630220.165.000) 02/18 00:48:05 Started transferring input files
	Transferring to host: <188.185.194.151:9618?addrs=188.185.194.151-9618+[2001-1458-303-21--100-93]-9618&alias=b9p20p8169.cern.ch&noUDP&sock=slot1_1_7203_ea3e_117373>
...
040 (16630220.165.000) 02/18 00:48:05 Finished transferring input files
...
001 (16630220.165.000) 02/18 00:48:06 Job executing on host: <188.185.194.151:9618?addrs=188.185.194.151-9618+[2001-1458-303-21--100-93]-9618&alias=b9p20p8169.cern.ch&noUDP&sock=startd_5733_f08b>
	SlotName: slot1_1@b9p20p8169.cern.ch
	CondorScratchDir = "/pool/condor/dir_868483"
	Cpus = 1
	Disk = 3854
	GPUs = 0
	Memory = 3000
...
006 (16630220.165.000) 02/18 00:48:14 Image size of job updated: 494888
	484  -  MemoryUsage of job (MB)
	494888  -  ResidentSetSize of job (KB)
...
006 (16630220.165.000) 02/18 00:53:14 Image size of job updated: 1242096
	1213  -  MemoryUsage of job (MB)
	1242096  -  ResidentSetSize of job (KB)
...
006 (16630220.165.000) 02/18 00:58:15 Image size of job updated: 1247768
	1219  -  MemoryUsage of job (MB)
	1247768  -  ResidentSetSize of job (KB)
...
040 (16630220.165.000) 02/18 01:21:04 Started transferring output files
...
040 (16630220.165.000) 02/18 01:21:04 Finished transferring output files
...
005 (16630220.165.000) 02/18 01:21:04 Job terminated.
	(1) Normal termination (return value 0)
		Usr 0 00:31:49, Sys 0 00:00:03  -  Run Remote Usage
		Usr 0 00:00:00, Sys 0 00:00:00  -  Run Local Usage
		Usr 0 00:31:49, Sys 0 00:00:03  -  Total Remote Usage
		Usr 0 00:00:00, Sys 0 00:00:00  -  Total Local Usage
	8155  -  Run Bytes Sent By Job
	10428  -  Run Bytes Received By Job
	8155  -  Total Bytes Sent By Job
	10428  -  Total Bytes Received By Job
	Partitionable Resources :    Usage  Request Allocated 
	   Cpus                 :     1.00        1         1 
	   Disk (KB)            :    81          12      3854 
	   GPUs                 :                           0 
	   Memory (MB)          :  1219        3000      3000 

	Job terminated of its own accord at 2025-02-18T00:21:04Z with exit-code 0.
...
