000 (16630220.358.000) 02/18 00:26:51 Job submitted from host: <188.185.72.155:9618?addrs=188.185.72.155-9618+[2001-1458-d00-8--100-95]-9618&alias=bigbird08.cern.ch&noUDP&sock=schedd_862983_22fa>
...
040 (16630220.358.000) 02/18 00:49:38 Started transferring input files
	Transferring to host: <188.185.196.43:9618?addrs=188.185.196.43-9618+[2001-1458-303-23--100-27]-9618&alias=b9p16p4359.cern.ch&noUDP&sock=slot1_16_1962794_af81_18892>
...
040 (16630220.358.000) 02/18 00:49:38 Finished transferring input files
...
001 (16630220.358.000) 02/18 00:49:39 Job executing on host: <188.185.196.43:9618?addrs=188.185.196.43-9618+[2001-1458-303-23--100-27]-9618&alias=b9p16p4359.cern.ch&noUDP&sock=startd_5873_f7cd>
	SlotName: slot1_16@b9p16p4359.cern.ch
	CondorScratchDir = "/pool/condor/dir_2479369"
	Cpus = 1
	Disk = 3763
	GPUs = 0
	Memory = 3000
...
006 (16630220.358.000) 02/18 00:49:47 Image size of job updated: 89132
	88  -  MemoryUsage of job (MB)
	89132  -  ResidentSetSize of job (KB)
...
006 (16630220.358.000) 02/18 00:54:47 Image size of job updated: 125440
	123  -  MemoryUsage of job (MB)
	125440  -  ResidentSetSize of job (KB)
...
006 (16630220.358.000) 02/18 00:59:48 Image size of job updated: 171720
	168  -  MemoryUsage of job (MB)
	171720  -  ResidentSetSize of job (KB)
...
006 (16630220.358.000) 02/18 01:04:48 Image size of job updated: 173624
	170  -  MemoryUsage of job (MB)
	173624  -  ResidentSetSize of job (KB)
...
006 (16630220.358.000) 02/18 01:09:48 Image size of job updated: 179016
	175  -  MemoryUsage of job (MB)
	179016  -  ResidentSetSize of job (KB)
...
006 (16630220.358.000) 02/18 01:14:49 Image size of job updated: 181648
	178  -  MemoryUsage of job (MB)
	181648  -  ResidentSetSize of job (KB)
...
006 (16630220.358.000) 02/18 01:24:50 Image size of job updated: 190300
	186  -  MemoryUsage of job (MB)
	190300  -  ResidentSetSize of job (KB)
...
006 (16630220.358.000) 02/18 01:29:51 Image size of job updated: 194412
	190  -  MemoryUsage of job (MB)
	194412  -  ResidentSetSize of job (KB)
...
006 (16630220.358.000) 02/18 01:34:52 Image size of job updated: 197276
	193  -  MemoryUsage of job (MB)
	197276  -  ResidentSetSize of job (KB)
...
040 (16630220.358.000) 02/18 01:39:42 Started transferring output files
...
040 (16630220.358.000) 02/18 01:39:42 Finished transferring output files
...
005 (16630220.358.000) 02/18 01:39:42 Job terminated.
	(1) Normal termination (return value 0)
		Usr 0 00:49:03, Sys 0 00:00:08  -  Run Remote Usage
		Usr 0 00:00:00, Sys 0 00:00:00  -  Run Local Usage
		Usr 0 00:49:03, Sys 0 00:00:08  -  Total Remote Usage
		Usr 0 00:00:00, Sys 0 00:00:00  -  Total Local Usage
	8155  -  Run Bytes Sent By Job
	10428  -  Run Bytes Received By Job
	8155  -  Total Bytes Sent By Job
	10428  -  Total Bytes Received By Job
	Partitionable Resources :    Usage  Request Allocated 
	   Cpus                 :     0.99        1         1 
	   Disk (KB)            :    81          12      3763 
	   GPUs                 :                           0 
	   Memory (MB)          :   193        3000      3000 

	Job terminated of its own accord at 2025-02-18T00:39:42Z with exit-code 0.
...
