000 (16630220.409.000) 02/18 00:26:51 Job submitted from host: <188.185.72.155:9618?addrs=188.185.72.155-9618+[2001-1458-d00-8--100-95]-9618&alias=bigbird08.cern.ch&noUDP&sock=schedd_862983_22fa>
...
040 (16630220.409.000) 02/18 00:50:00 Started transferring input files
	Transferring to host: <188.185.195.55:9618?addrs=188.185.195.55-9618+[2001-1458-303-22--100-33]-9618&alias=b9p17p7601.cern.ch&noUDP&sock=slot1_28_3046414_0123_72977>
...
040 (16630220.409.000) 02/18 00:50:00 Finished transferring input files
...
001 (16630220.409.000) 02/18 00:50:01 Job executing on host: <188.185.195.55:9618?addrs=188.185.195.55-9618+[2001-1458-303-22--100-33]-9618&alias=b9p17p7601.cern.ch&noUDP&sock=startd_7551_efb8>
	SlotName: slot1_28@b9p17p7601.cern.ch
	CondorScratchDir = "/pool/condor/dir_716605"
	Cpus = 1
	Disk = 3773
	GPUs = 0
	Memory = 3000
...
006 (16630220.409.000) 02/18 00:50:09 Image size of job updated: 90968
	89  -  MemoryUsage of job (MB)
	90968  -  ResidentSetSize of job (KB)
...
006 (16630220.409.000) 02/18 00:55:10 Image size of job updated: 147448
	144  -  MemoryUsage of job (MB)
	147448  -  ResidentSetSize of job (KB)
...
006 (16630220.409.000) 02/18 01:00:11 Image size of job updated: 169652
	166  -  MemoryUsage of job (MB)
	169652  -  ResidentSetSize of job (KB)
...
006 (16630220.409.000) 02/18 01:05:11 Image size of job updated: 175080
	171  -  MemoryUsage of job (MB)
	175080  -  ResidentSetSize of job (KB)
...
006 (16630220.409.000) 02/18 01:10:11 Image size of job updated: 177808
	174  -  MemoryUsage of job (MB)
	177808  -  ResidentSetSize of job (KB)
...
006 (16630220.409.000) 02/18 01:15:12 Image size of job updated: 178516
	175  -  MemoryUsage of job (MB)
	178516  -  ResidentSetSize of job (KB)
...
006 (16630220.409.000) 02/18 01:25:12 Image size of job updated: 189420
	185  -  MemoryUsage of job (MB)
	189420  -  ResidentSetSize of job (KB)
...
006 (16630220.409.000) 02/18 01:30:13 Image size of job updated: 193224
	189  -  MemoryUsage of job (MB)
	193224  -  ResidentSetSize of job (KB)
...
006 (16630220.409.000) 02/18 01:35:14 Image size of job updated: 197292
	193  -  MemoryUsage of job (MB)
	197292  -  ResidentSetSize of job (KB)
...
006 (16630220.409.000) 02/18 01:40:14 Image size of job updated: 200488
	196  -  MemoryUsage of job (MB)
	200488  -  ResidentSetSize of job (KB)
...
040 (16630220.409.000) 02/18 01:40:36 Started transferring output files
...
040 (16630220.409.000) 02/18 01:40:36 Finished transferring output files
...
005 (16630220.409.000) 02/18 01:40:36 Job terminated.
	(1) Normal termination (return value 0)
		Usr 0 00:49:20, Sys 0 00:00:08  -  Run Remote Usage
		Usr 0 00:00:00, Sys 0 00:00:00  -  Run Local Usage
		Usr 0 00:49:20, Sys 0 00:00:08  -  Total Remote Usage
		Usr 0 00:00:00, Sys 0 00:00:00  -  Total Local Usage
	8155  -  Run Bytes Sent By Job
	10428  -  Run Bytes Received By Job
	8155  -  Total Bytes Sent By Job
	10428  -  Total Bytes Received By Job
	Partitionable Resources :    Usage  Request Allocated 
	   Cpus                 :     0.99        1         1 
	   Disk (KB)            :    80          12      3773 
	   GPUs                 :                           0 
	   Memory (MB)          :   196        3000      3000 

	Job terminated of its own accord at 2025-02-18T00:40:36Z with exit-code 0.
...
