000 (16630220.489.000) 02/18 00:26:51 Job submitted from host: <188.185.72.155:9618?addrs=188.185.72.155-9618+[2001-1458-d00-8--100-95]-9618&alias=bigbird08.cern.ch&noUDP&sock=schedd_862983_22fa>
...
040 (16630220.489.000) 02/18 00:53:04 Started transferring input files
	Transferring to host: <128.142.33.203:9618?addrs=128.142.33.203-9618+[2001-1458-301-39--100-8]-9618&alias=b9g24p0512.cern.ch&noUDP&sock=slot1_13_1634666_d362_85629>
...
040 (16630220.489.000) 02/18 00:53:04 Finished transferring input files
...
001 (16630220.489.000) 02/18 00:53:05 Job executing on host: <128.142.33.203:9618?addrs=128.142.33.203-9618+[2001-1458-301-39--100-8]-9618&alias=b9g24p0512.cern.ch&noUDP&sock=startd_5283_46ed>
	SlotName: slot1_13@b9g24p0512.cern.ch
	CondorScratchDir = "/pool/condor/dir_1134342"
	Cpus = 1
	Disk = 3749
	GPUs = 0
	Memory = 3000
...
006 (16630220.489.000) 02/18 00:53:14 Image size of job updated: 88932
	87  -  MemoryUsage of job (MB)
	88932  -  ResidentSetSize of job (KB)
...
006 (16630220.489.000) 02/18 00:58:15 Image size of job updated: 166456
	163  -  MemoryUsage of job (MB)
	166456  -  ResidentSetSize of job (KB)
...
006 (16630220.489.000) 02/18 01:03:16 Image size of job updated: 174960
	171  -  MemoryUsage of job (MB)
	174960  -  ResidentSetSize of job (KB)
...
006 (16630220.489.000) 02/18 01:08:16 Image size of job updated: 180520
	177  -  MemoryUsage of job (MB)
	180520  -  ResidentSetSize of job (KB)
...
006 (16630220.489.000) 02/18 01:13:16 Image size of job updated: 186488
	183  -  MemoryUsage of job (MB)
	186488  -  ResidentSetSize of job (KB)
...
006 (16630220.489.000) 02/18 01:18:17 Image size of job updated: 192944
	189  -  MemoryUsage of job (MB)
	192944  -  ResidentSetSize of job (KB)
...
006 (16630220.489.000) 02/18 01:23:17 Image size of job updated: 199168
	195  -  MemoryUsage of job (MB)
	199168  -  ResidentSetSize of job (KB)
...
040 (16630220.489.000) 02/18 01:24:30 Started transferring output files
...
040 (16630220.489.000) 02/18 01:24:30 Finished transferring output files
...
005 (16630220.489.000) 02/18 01:24:30 Job terminated.
	(1) Normal termination (return value 0)
		Usr 0 00:30:33, Sys 0 00:00:09  -  Run Remote Usage
		Usr 0 00:00:00, Sys 0 00:00:00  -  Run Local Usage
		Usr 0 00:30:33, Sys 0 00:00:09  -  Total Remote Usage
		Usr 0 00:00:00, Sys 0 00:00:00  -  Total Local Usage
	8155  -  Run Bytes Sent By Job
	10428  -  Run Bytes Received By Job
	8155  -  Total Bytes Sent By Job
	10428  -  Total Bytes Received By Job
	Partitionable Resources :    Usage  Request Allocated 
	   Cpus                 :     0.99        1         1 
	   Disk (KB)            :    81          12      3749 
	   GPUs                 :                           0 
	   Memory (MB)          :   195        3000      3000 

	Job terminated of its own accord at 2025-02-18T00:24:30Z with exit-code 0.
...
