000 (16630220.291.000) 02/18 00:26:51 Job submitted from host: <188.185.72.155:9618?addrs=188.185.72.155-9618+[2001-1458-d00-8--100-95]-9618&alias=bigbird08.cern.ch&noUDP&sock=schedd_862983_22fa>
...
040 (16630220.291.000) 02/18 00:49:18 Started transferring input files
	Transferring to host: <188.185.194.86:9618?addrs=188.185.194.86-9618+[2001-1458-303-21--100-52]-9618&alias=b9p20p9758.cern.ch&noUDP&sock=slot1_28_11256_9ec3_117909>
...
040 (16630220.291.000) 02/18 00:49:18 Finished transferring input files
...
001 (16630220.291.000) 02/18 00:49:19 Job executing on host: <188.185.194.86:9618?addrs=188.185.194.86-9618+[2001-1458-303-21--100-52]-9618&alias=b9p20p9758.cern.ch&noUDP&sock=startd_11128_75fc>
	SlotName: slot1_28@b9p20p9758.cern.ch
	CondorScratchDir = "/pool/condor/dir_3468775"
	Cpus = 1
	Disk = 3791
	GPUs = 0
	Memory = 3000
...
006 (16630220.291.000) 02/18 00:49:28 Image size of job updated: 386760
	378  -  MemoryUsage of job (MB)
	386760  -  ResidentSetSize of job (KB)
...
006 (16630220.291.000) 02/18 00:54:29 Image size of job updated: 1205372
	1178  -  MemoryUsage of job (MB)
	1205372  -  ResidentSetSize of job (KB)
...
006 (16630220.291.000) 02/18 00:59:30 Image size of job updated: 1247412
	1219  -  MemoryUsage of job (MB)
	1247412  -  ResidentSetSize of job (KB)
...
040 (16630220.291.000) 02/18 01:41:00 Started transferring output files
...
040 (16630220.291.000) 02/18 01:41:00 Finished transferring output files
...
005 (16630220.291.000) 02/18 01:41:00 Job terminated.
	(1) Normal termination (return value 0)
		Usr 0 00:50:10, Sys 0 00:00:04  -  Run Remote Usage
		Usr 0 00:00:00, Sys 0 00:00:00  -  Run Local Usage
		Usr 0 00:50:10, Sys 0 00:00:04  -  Total Remote Usage
		Usr 0 00:00:00, Sys 0 00:00:00  -  Total Local Usage
	8155  -  Run Bytes Sent By Job
	10428  -  Run Bytes Received By Job
	8155  -  Total Bytes Sent By Job
	10428  -  Total Bytes Received By Job
	Partitionable Resources :    Usage  Request Allocated 
	   Cpus                 :     0.99        1         1 
	   Disk (KB)            :    81          12      3791 
	   GPUs                 :                           0 
	   Memory (MB)          :  1219        3000      3000 

	Job terminated of its own accord at 2025-02-18T00:41:00Z with exit-code 0.
...
