000 (16630220.428.000) 02/18 00:26:51 Job submitted from host: <188.185.72.155:9618?addrs=188.185.72.155-9618+[2001-1458-d00-8--100-95]-9618&alias=bigbird08.cern.ch&noUDP&sock=schedd_862983_22fa>
...
040 (16630220.428.000) 02/18 00:50:07 Started transferring input files
	Transferring to host: <188.185.196.15:9618?addrs=188.185.196.15-9618+[2001-1458-303-23--100-b]-9618&alias=b9p16p7545.cern.ch&noUDP&sock=slot1_44_4104111_3985_5053>
...
040 (16630220.428.000) 02/18 00:50:07 Finished transferring input files
...
001 (16630220.428.000) 02/18 00:50:08 Job executing on host: <188.185.196.15:9618?addrs=188.185.196.15-9618+[2001-1458-303-23--100-b]-9618&alias=b9p16p7545.cern.ch&noUDP&sock=startd_8400_47a0>
	SlotName: slot1_44@b9p16p7545.cern.ch
	CondorScratchDir = "/pool/condor/dir_1162783"
	Cpus = 1
	Disk = 3776
	GPUs = 0
	Memory = 3000
...
006 (16630220.428.000) 02/18 00:50:16 Image size of job updated: 99096
	97  -  MemoryUsage of job (MB)
	99096  -  ResidentSetSize of job (KB)
...
006 (16630220.428.000) 02/18 00:55:16 Image size of job updated: 127936
	125  -  MemoryUsage of job (MB)
	127936  -  ResidentSetSize of job (KB)
...
006 (16630220.428.000) 02/18 01:00:17 Image size of job updated: 164596
	161  -  MemoryUsage of job (MB)
	164596  -  ResidentSetSize of job (KB)
...
006 (16630220.428.000) 02/18 01:05:17 Image size of job updated: 171648
	168  -  MemoryUsage of job (MB)
	171648  -  ResidentSetSize of job (KB)
...
006 (16630220.428.000) 02/18 01:10:17 Image size of job updated: 174484
	171  -  MemoryUsage of job (MB)
	174484  -  ResidentSetSize of job (KB)
...
006 (16630220.428.000) 02/18 01:15:18 Image size of job updated: 176320
	173  -  MemoryUsage of job (MB)
	176320  -  ResidentSetSize of job (KB)
...
006 (16630220.428.000) 02/18 01:25:19 Image size of job updated: 186768
	183  -  MemoryUsage of job (MB)
	186768  -  ResidentSetSize of job (KB)
...
006 (16630220.428.000) 02/18 01:30:20 Image size of job updated: 190184
	186  -  MemoryUsage of job (MB)
	190184  -  ResidentSetSize of job (KB)
...
006 (16630220.428.000) 02/18 01:35:21 Image size of job updated: 195416
	191  -  MemoryUsage of job (MB)
	195416  -  ResidentSetSize of job (KB)
...
006 (16630220.428.000) 02/18 01:40:21 Image size of job updated: 196824
	193  -  MemoryUsage of job (MB)
	196824  -  ResidentSetSize of job (KB)
...
040 (16630220.428.000) 02/18 01:47:04 Started transferring output files
...
040 (16630220.428.000) 02/18 01:47:04 Finished transferring output files
...
005 (16630220.428.000) 02/18 01:47:04 Job terminated.
	(1) Normal termination (return value 0)
		Usr 0 00:56:03, Sys 0 00:00:04  -  Run Remote Usage
		Usr 0 00:00:00, Sys 0 00:00:00  -  Run Local Usage
		Usr 0 00:56:03, Sys 0 00:00:04  -  Total Remote Usage
		Usr 0 00:00:00, Sys 0 00:00:00  -  Total Local Usage
	8155  -  Run Bytes Sent By Job
	10428  -  Run Bytes Received By Job
	8155  -  Total Bytes Sent By Job
	10428  -  Total Bytes Received By Job
	Partitionable Resources :    Usage  Request Allocated 
	   Cpus                 :     0.99        1         1 
	   Disk (KB)            :    80          12      3776 
	   GPUs                 :                           0 
	   Memory (MB)          :   193        3000      3000 

	Job terminated of its own accord at 2025-02-18T00:47:04Z with exit-code 0.
...
