000 (16630220.455.000) 02/18 00:26:51 Job submitted from host: <188.185.72.155:9618?addrs=188.185.72.155-9618+[2001-1458-d00-8--100-95]-9618&alias=bigbird08.cern.ch&noUDP&sock=schedd_862983_22fa>
...
040 (16630220.455.000) 02/18 00:52:52 Started transferring input files
	Transferring to host: <188.185.194.175:9618?addrs=188.185.194.175-9618+[2001-1458-303-21--100-ab]-9618&alias=b9p20p6104.cern.ch&noUDP&sock=slot1_29_268972_db33_4969>
...
040 (16630220.455.000) 02/18 00:52:52 Finished transferring input files
...
001 (16630220.455.000) 02/18 00:52:53 Job executing on host: <188.185.194.175:9618?addrs=188.185.194.175-9618+[2001-1458-303-21--100-ab]-9618&alias=b9p20p6104.cern.ch&noUDP&sock=startd_6477_4301>
	SlotName: slot1_29@b9p20p6104.cern.ch
	CondorScratchDir = "/pool/condor/dir_980218"
	Cpus = 1
	Disk = 3811
	GPUs = 0
	Memory = 3000
...
006 (16630220.455.000) 02/18 00:53:02 Image size of job updated: 2104
	3  -  MemoryUsage of job (MB)
	2104  -  ResidentSetSize of job (KB)
...
006 (16630220.455.000) 02/18 00:58:03 Image size of job updated: 126728
	124  -  MemoryUsage of job (MB)
	126728  -  ResidentSetSize of job (KB)
...
006 (16630220.455.000) 02/18 01:03:03 Image size of job updated: 170844
	167  -  MemoryUsage of job (MB)
	170844  -  ResidentSetSize of job (KB)
...
006 (16630220.455.000) 02/18 01:08:03 Image size of job updated: 175820
	172  -  MemoryUsage of job (MB)
	175820  -  ResidentSetSize of job (KB)
...
006 (16630220.455.000) 02/18 01:13:04 Image size of job updated: 180612
	177  -  MemoryUsage of job (MB)
	180612  -  ResidentSetSize of job (KB)
...
006 (16630220.455.000) 02/18 01:18:04 Image size of job updated: 186868
	183  -  MemoryUsage of job (MB)
	186868  -  ResidentSetSize of job (KB)
...
006 (16630220.455.000) 02/18 01:23:04 Image size of job updated: 190720
	187  -  MemoryUsage of job (MB)
	190720  -  ResidentSetSize of job (KB)
...
006 (16630220.455.000) 02/18 01:28:05 Image size of job updated: 194824
	191  -  MemoryUsage of job (MB)
	194824  -  ResidentSetSize of job (KB)
...
006 (16630220.455.000) 02/18 01:33:06 Image size of job updated: 197348
	193  -  MemoryUsage of job (MB)
	197348  -  ResidentSetSize of job (KB)
...
006 (16630220.455.000) 02/18 01:38:06 Image size of job updated: 201008
	197  -  MemoryUsage of job (MB)
	201008  -  ResidentSetSize of job (KB)
...
040 (16630220.455.000) 02/18 01:38:23 Started transferring output files
...
040 (16630220.455.000) 02/18 01:38:23 Finished transferring output files
...
005 (16630220.455.000) 02/18 01:38:23 Job terminated.
	(1) Normal termination (return value 0)
		Usr 0 00:44:16, Sys 0 00:00:03  -  Run Remote Usage
		Usr 0 00:00:00, Sys 0 00:00:00  -  Run Local Usage
		Usr 0 00:44:16, Sys 0 00:00:03  -  Total Remote Usage
		Usr 0 00:00:00, Sys 0 00:00:00  -  Total Local Usage
	8153  -  Run Bytes Sent By Job
	10428  -  Run Bytes Received By Job
	8153  -  Total Bytes Sent By Job
	10428  -  Total Bytes Received By Job
	Partitionable Resources :    Usage  Request Allocated 
	   Cpus                 :     0.99        1         1 
	   Disk (KB)            :    81          12      3811 
	   GPUs                 :                           0 
	   Memory (MB)          :   197        3000      3000 

	Job terminated of its own accord at 2025-02-18T00:38:23Z with exit-code 0.
...
