000 (16630220.372.000) 02/18 00:26:51 Job submitted from host: <188.185.72.155:9618?addrs=188.185.72.155-9618+[2001-1458-d00-8--100-95]-9618&alias=bigbird08.cern.ch&noUDP&sock=schedd_862983_22fa>
...
040 (16630220.372.000) 02/18 00:49:44 Started transferring input files
	Transferring to host: <128.142.161.141:9618?addrs=128.142.161.141-9618+[2001-1458-301-b9--100-a]-9618&alias=b9g03p9566.cern.ch&noUDP&sock=slot1_11_2178531_eb26_4552>
...
040 (16630220.372.000) 02/18 00:49:44 Finished transferring input files
...
001 (16630220.372.000) 02/18 00:49:45 Job executing on host: <128.142.161.141:9618?addrs=128.142.161.141-9618+[2001-1458-301-b9--100-a]-9618&alias=b9g03p9566.cern.ch&noUDP&sock=startd_5409_b3db>
	SlotName: slot1_11@b9g03p9566.cern.ch
	CondorScratchDir = "/pool/condor/dir_343273"
	Cpus = 1
	Disk = 3949
	GPUs = 0
	Memory = 3000
...
006 (16630220.372.000) 02/18 00:49:54 Image size of job updated: 89344
	88  -  MemoryUsage of job (MB)
	89344  -  ResidentSetSize of job (KB)
...
006 (16630220.372.000) 02/18 00:54:56 Image size of job updated: 160480
	157  -  MemoryUsage of job (MB)
	160480  -  ResidentSetSize of job (KB)
...
006 (16630220.372.000) 02/18 00:59:56 Image size of job updated: 164260
	161  -  MemoryUsage of job (MB)
	164260  -  ResidentSetSize of job (KB)
...
006 (16630220.372.000) 02/18 01:04:56 Image size of job updated: 166128
	163  -  MemoryUsage of job (MB)
	166128  -  ResidentSetSize of job (KB)
...
006 (16630220.372.000) 02/18 01:09:57 Image size of job updated: 170480
	167  -  MemoryUsage of job (MB)
	170480  -  ResidentSetSize of job (KB)
...
006 (16630220.372.000) 02/18 01:14:58 Image size of job updated: 170832
	167  -  MemoryUsage of job (MB)
	170832  -  ResidentSetSize of job (KB)
...
006 (16630220.372.000) 02/18 01:19:58 Image size of job updated: 176496
	173  -  MemoryUsage of job (MB)
	176496  -  ResidentSetSize of job (KB)
...
006 (16630220.372.000) 02/18 01:30:00 Image size of job updated: 183072
	179  -  MemoryUsage of job (MB)
	183072  -  ResidentSetSize of job (KB)
...
006 (16630220.372.000) 02/18 01:35:00 Image size of job updated: 185416
	182  -  MemoryUsage of job (MB)
	185416  -  ResidentSetSize of job (KB)
...
006 (16630220.372.000) 02/18 01:40:00 Image size of job updated: 189520
	186  -  MemoryUsage of job (MB)
	189520  -  ResidentSetSize of job (KB)
...
006 (16630220.372.000) 02/18 01:45:01 Image size of job updated: 192408
	188  -  MemoryUsage of job (MB)
	192408  -  ResidentSetSize of job (KB)
...
006 (16630220.372.000) 02/18 01:50:01 Image size of job updated: 197044
	193  -  MemoryUsage of job (MB)
	197044  -  ResidentSetSize of job (KB)
...
040 (16630220.372.000) 02/18 01:52:12 Started transferring output files
...
040 (16630220.372.000) 02/18 01:52:12 Finished transferring output files
...
005 (16630220.372.000) 02/18 01:52:12 Job terminated.
	(1) Normal termination (return value 0)
		Usr 0 01:01:05, Sys 0 00:00:06  -  Run Remote Usage
		Usr 0 00:00:00, Sys 0 00:00:00  -  Run Local Usage
		Usr 0 01:01:05, Sys 0 00:00:06  -  Total Remote Usage
		Usr 0 00:00:00, Sys 0 00:00:00  -  Total Local Usage
	8153  -  Run Bytes Sent By Job
	10428  -  Run Bytes Received By Job
	8153  -  Total Bytes Sent By Job
	10428  -  Total Bytes Received By Job
	Partitionable Resources :    Usage  Request Allocated 
	   Cpus                 :     0.99        1         1 
	   Disk (KB)            :    80          12      3949 
	   GPUs                 :                           0 
	   Memory (MB)          :   193        3000      3000 

	Job terminated of its own accord at 2025-02-18T00:52:12Z with exit-code 0.
...
