000 (16630220.377.000) 02/18 00:26:51 Job submitted from host: <188.185.72.155:9618?addrs=188.185.72.155-9618+[2001-1458-d00-8--100-95]-9618&alias=bigbird08.cern.ch&noUDP&sock=schedd_862983_22fa>
...
040 (16630220.377.000) 02/18 00:49:46 Started transferring input files
	Transferring to host: <188.185.194.65:9618?addrs=188.185.194.65-9618+[2001-1458-303-21--100-3d]-9618&alias=b9p20p5952.cern.ch&noUDP&sock=slot1_11_411946_f929_11604>
...
040 (16630220.377.000) 02/18 00:49:46 Finished transferring input files
...
001 (16630220.377.000) 02/18 00:49:47 Job executing on host: <188.185.194.65:9618?addrs=188.185.194.65-9618+[2001-1458-303-21--100-3d]-9618&alias=b9p20p5952.cern.ch&noUDP&sock=startd_4451_9821>
	SlotName: slot1_11@b9p20p5952.cern.ch
	CondorScratchDir = "/pool/condor/dir_2020095"
	Cpus = 1
	Disk = 3814
	GPUs = 0
	Memory = 3000
...
006 (16630220.377.000) 02/18 00:49:56 Image size of job updated: 113900
	112  -  MemoryUsage of job (MB)
	113900  -  ResidentSetSize of job (KB)
...
006 (16630220.377.000) 02/18 00:54:57 Image size of job updated: 254724
	249  -  MemoryUsage of job (MB)
	254724  -  ResidentSetSize of job (KB)
...
006 (16630220.377.000) 02/18 00:59:58 Image size of job updated: 292900
	287  -  MemoryUsage of job (MB)
	292900  -  ResidentSetSize of job (KB)
...
040 (16630220.377.000) 02/18 01:46:45 Started transferring output files
...
040 (16630220.377.000) 02/18 01:46:45 Finished transferring output files
...
005 (16630220.377.000) 02/18 01:46:45 Job terminated.
	(1) Normal termination (return value 0)
		Usr 0 00:54:46, Sys 0 00:00:10  -  Run Remote Usage
		Usr 0 00:00:00, Sys 0 00:00:00  -  Run Local Usage
		Usr 0 00:54:46, Sys 0 00:00:10  -  Total Remote Usage
		Usr 0 00:00:00, Sys 0 00:00:00  -  Total Local Usage
	8153  -  Run Bytes Sent By Job
	10428  -  Run Bytes Received By Job
	8153  -  Total Bytes Sent By Job
	10428  -  Total Bytes Received By Job
	Partitionable Resources :    Usage  Request Allocated 
	   Cpus                 :     0.94        1         1 
	   Disk (KB)            :    80          12      3814 
	   GPUs                 :                           0 
	   Memory (MB)          :   287        3000      3000 

	Job terminated of its own accord at 2025-02-18T00:46:45Z with exit-code 0.
...
