000 (16630220.238.000) 02/18 00:26:51 Job submitted from host: <188.185.72.155:9618?addrs=188.185.72.155-9618+[2001-1458-d00-8--100-95]-9618&alias=bigbird08.cern.ch&noUDP&sock=schedd_862983_22fa>
...
040 (16630220.238.000) 02/18 00:48:56 Started transferring input files
	Transferring to host: <188.185.208.168:9618?addrs=188.185.208.168-9618+[2001-1458-303-10--100-25]-9618&alias=b9p10p1412.cern.ch&noUDP&sock=slot1_20_8343_25ec_134539>
...
040 (16630220.238.000) 02/18 00:48:56 Finished transferring input files
...
001 (16630220.238.000) 02/18 00:48:57 Job executing on host: <188.185.208.168:9618?addrs=188.185.208.168-9618+[2001-1458-303-10--100-25]-9618&alias=b9p10p1412.cern.ch&noUDP&sock=startd_7007_cc33>
	SlotName: slot1_20@b9p10p1412.cern.ch
	CondorScratchDir = "/pool/condor/dir_3341276"
	Cpus = 1
	Disk = 3664
	GPUs = 0
	Memory = 3000
...
006 (16630220.238.000) 02/18 00:49:06 Image size of job updated: 95440
	94  -  MemoryUsage of job (MB)
	95440  -  ResidentSetSize of job (KB)
...
006 (16630220.238.000) 02/18 00:54:07 Image size of job updated: 221904
	217  -  MemoryUsage of job (MB)
	221904  -  ResidentSetSize of job (KB)
...
006 (16630220.238.000) 02/18 00:59:08 Image size of job updated: 228732
	224  -  MemoryUsage of job (MB)
	228732  -  ResidentSetSize of job (KB)
...
040 (16630220.238.000) 02/18 01:14:36 Started transferring output files
...
040 (16630220.238.000) 02/18 01:14:36 Finished transferring output files
...
005 (16630220.238.000) 02/18 01:14:36 Job terminated.
	(1) Normal termination (return value 0)
		Usr 0 00:24:38, Sys 0 00:00:08  -  Run Remote Usage
		Usr 0 00:00:00, Sys 0 00:00:00  -  Run Local Usage
		Usr 0 00:24:38, Sys 0 00:00:08  -  Total Remote Usage
		Usr 0 00:00:00, Sys 0 00:00:00  -  Total Local Usage
	8113  -  Run Bytes Sent By Job
	10428  -  Run Bytes Received By Job
	8113  -  Total Bytes Sent By Job
	10428  -  Total Bytes Received By Job
	Partitionable Resources :    Usage  Request Allocated 
	   Cpus                 :     0.99        1         1 
	   Disk (KB)            :    81          12      3664 
	   GPUs                 :                           0 
	   Memory (MB)          :   224        3000      3000 

	Job terminated of its own accord at 2025-02-18T00:14:36Z with exit-code 0.
...
