000 (16630220.196.000) 02/18 00:26:50 Job submitted from host: <188.185.72.155:9618?addrs=188.185.72.155-9618+[2001-1458-d00-8--100-95]-9618&alias=bigbird08.cern.ch&noUDP&sock=schedd_862983_22fa>
...
040 (16630220.196.000) 02/18 00:48:22 Started transferring input files
	Transferring to host: <188.185.196.43:9618?addrs=188.185.196.43-9618+[2001-1458-303-23--100-27]-9618&alias=b9p16p4359.cern.ch&noUDP&sock=slot1_20_1962794_af81_18888>
...
040 (16630220.196.000) 02/18 00:48:22 Finished transferring input files
...
001 (16630220.196.000) 02/18 00:48:23 Job executing on host: <188.185.196.43:9618?addrs=188.185.196.43-9618+[2001-1458-303-23--100-27]-9618&alias=b9p16p4359.cern.ch&noUDP&sock=startd_5873_f7cd>
	SlotName: slot1_20@b9p16p4359.cern.ch
	CondorScratchDir = "/pool/condor/dir_2475547"
	Cpus = 1
	Disk = 3765
	GPUs = 0
	Memory = 3000
...
006 (16630220.196.000) 02/18 00:48:32 Image size of job updated: 95144
	93  -  MemoryUsage of job (MB)
	95144  -  ResidentSetSize of job (KB)
...
006 (16630220.196.000) 02/18 00:53:33 Image size of job updated: 185788
	182  -  MemoryUsage of job (MB)
	185788  -  ResidentSetSize of job (KB)
...
006 (16630220.196.000) 02/18 01:18:35 Image size of job updated: 203704
	199  -  MemoryUsage of job (MB)
	203704  -  ResidentSetSize of job (KB)
...
006 (16630220.196.000) 02/18 01:23:36 Image size of job updated: 208100
	204  -  MemoryUsage of job (MB)
	208100  -  ResidentSetSize of job (KB)
...
006 (16630220.196.000) 02/18 01:28:37 Image size of job updated: 211852
	207  -  MemoryUsage of job (MB)
	211852  -  ResidentSetSize of job (KB)
...
006 (16630220.196.000) 02/18 01:33:37 Image size of job updated: 215408
	211  -  MemoryUsage of job (MB)
	215408  -  ResidentSetSize of job (KB)
...
040 (16630220.196.000) 02/18 01:36:48 Started transferring output files
...
040 (16630220.196.000) 02/18 01:36:48 Finished transferring output files
...
005 (16630220.196.000) 02/18 01:36:48 Job terminated.
	(1) Normal termination (return value 0)
		Usr 0 00:47:20, Sys 0 00:00:03  -  Run Remote Usage
		Usr 0 00:00:00, Sys 0 00:00:00  -  Run Local Usage
		Usr 0 00:47:20, Sys 0 00:00:03  -  Total Remote Usage
		Usr 0 00:00:00, Sys 0 00:00:00  -  Total Local Usage
	8155  -  Run Bytes Sent By Job
	10428  -  Run Bytes Received By Job
	8155  -  Total Bytes Sent By Job
	10428  -  Total Bytes Received By Job
	Partitionable Resources :    Usage  Request Allocated 
	   Cpus                 :     0.95        1         1 
	   Disk (KB)            :    81          12      3765 
	   GPUs                 :                           0 
	   Memory (MB)          :   211        3000      3000 

	Job terminated of its own accord at 2025-02-18T00:36:48Z with exit-code 0.
...
