000 (16630220.245.000) 02/18 00:26:51 Job submitted from host: <188.185.72.155:9618?addrs=188.185.72.155-9618+[2001-1458-d00-8--100-95]-9618&alias=bigbird08.cern.ch&noUDP&sock=schedd_862983_22fa>
...
040 (16630220.245.000) 02/18 00:48:58 Started transferring input files
	Transferring to host: <188.185.196.19:9618?addrs=188.185.196.19-9618+[2001-1458-303-23--100-f]-9618&alias=b9p16p6242.cern.ch&noUDP&sock=slot1_28_75642_61bd_5789>
...
040 (16630220.245.000) 02/18 00:48:58 Finished transferring input files
...
001 (16630220.245.000) 02/18 00:48:59 Job executing on host: <188.185.196.19:9618?addrs=188.185.196.19-9618+[2001-1458-303-23--100-f]-9618&alias=b9p16p6242.cern.ch&noUDP&sock=startd_5034_7bd8>
	SlotName: slot1_28@b9p16p6242.cern.ch
	CondorScratchDir = "/pool/condor/dir_3534092"
	Cpus = 1
	Disk = 3785
	GPUs = 0
	Memory = 3000
...
006 (16630220.245.000) 02/18 00:49:07 Image size of job updated: 2072
	3  -  MemoryUsage of job (MB)
	2072  -  ResidentSetSize of job (KB)
...
006 (16630220.245.000) 02/18 00:54:07 Image size of job updated: 162964
	160  -  MemoryUsage of job (MB)
	162964  -  ResidentSetSize of job (KB)
...
006 (16630220.245.000) 02/18 00:59:08 Image size of job updated: 170056
	167  -  MemoryUsage of job (MB)
	170056  -  ResidentSetSize of job (KB)
...
006 (16630220.245.000) 02/18 01:04:09 Image size of job updated: 181904
	178  -  MemoryUsage of job (MB)
	181904  -  ResidentSetSize of job (KB)
...
006 (16630220.245.000) 02/18 01:14:09 Image size of job updated: 196628
	193  -  MemoryUsage of job (MB)
	196628  -  ResidentSetSize of job (KB)
...
006 (16630220.245.000) 02/18 01:19:10 Image size of job updated: 201436
	197  -  MemoryUsage of job (MB)
	201436  -  ResidentSetSize of job (KB)
...
040 (16630220.245.000) 02/18 01:23:50 Started transferring output files
...
040 (16630220.245.000) 02/18 01:23:50 Finished transferring output files
...
005 (16630220.245.000) 02/18 01:23:50 Job terminated.
	(1) Normal termination (return value 0)
		Usr 0 00:33:48, Sys 0 00:00:05  -  Run Remote Usage
		Usr 0 00:00:00, Sys 0 00:00:00  -  Run Local Usage
		Usr 0 00:33:48, Sys 0 00:00:05  -  Total Remote Usage
		Usr 0 00:00:00, Sys 0 00:00:00  -  Total Local Usage
	8155  -  Run Bytes Sent By Job
	10428  -  Run Bytes Received By Job
	8155  -  Total Bytes Sent By Job
	10428  -  Total Bytes Received By Job
	Partitionable Resources :    Usage  Request Allocated 
	   Cpus                 :     0.99        1         1 
	   Disk (KB)            :    81          12      3785 
	   GPUs                 :                           0 
	   Memory (MB)          :   197        3000      3000 

	Job terminated of its own accord at 2025-02-18T00:23:50Z with exit-code 0.
...
