000 (16630220.446.000) 02/18 00:26:51 Job submitted from host: <188.185.72.155:9618?addrs=188.185.72.155-9618+[2001-1458-d00-8--100-95]-9618&alias=bigbird08.cern.ch&noUDP&sock=schedd_862983_22fa>
...
040 (16630220.446.000) 02/18 00:52:50 Started transferring input files
	Transferring to host: <188.185.196.151:9618?addrs=188.185.196.151-9618+[2001-1458-303-23--100-93]-9618&alias=b9p16p9995.cern.ch&noUDP&sock=slot1_11_1494891_b18e_76060>
...
040 (16630220.446.000) 02/18 00:52:50 Finished transferring input files
...
001 (16630220.446.000) 02/18 00:52:51 Job executing on host: <188.185.196.151:9618?addrs=188.185.196.151-9618+[2001-1458-303-23--100-93]-9618&alias=b9p16p9995.cern.ch&noUDP&sock=startd_7285_7b87>
	SlotName: slot1_11@b9p16p9995.cern.ch
	CondorScratchDir = "/pool/condor/dir_1814164"
	Cpus = 1
	Disk = 3788
	GPUs = 0
	Memory = 3000
...
006 (16630220.446.000) 02/18 00:53:00 Image size of job updated: 2996
	3  -  MemoryUsage of job (MB)
	2996  -  ResidentSetSize of job (KB)
...
006 (16630220.446.000) 02/18 00:58:01 Image size of job updated: 1208952
	1181  -  MemoryUsage of job (MB)
	1208952  -  ResidentSetSize of job (KB)
...
040 (16630220.446.000) 02/18 01:26:47 Started transferring output files
...
040 (16630220.446.000) 02/18 01:26:47 Finished transferring output files
...
005 (16630220.446.000) 02/18 01:26:47 Job terminated.
	(1) Normal termination (return value 0)
		Usr 0 00:32:10, Sys 0 00:00:05  -  Run Remote Usage
		Usr 0 00:00:00, Sys 0 00:00:00  -  Run Local Usage
		Usr 0 00:32:10, Sys 0 00:00:05  -  Total Remote Usage
		Usr 0 00:00:00, Sys 0 00:00:00  -  Total Local Usage
	8113  -  Run Bytes Sent By Job
	10428  -  Run Bytes Received By Job
	8113  -  Total Bytes Sent By Job
	10428  -  Total Bytes Received By Job
	Partitionable Resources :    Usage  Request Allocated 
	   Cpus                 :     0.99        1         1 
	   Disk (KB)            :    81          12      3788 
	   GPUs                 :                           0 
	   Memory (MB)          :  1181        3000      3000 

	Job terminated of its own accord at 2025-02-18T00:26:47Z with exit-code 0.
...
