000 (16630220.399.000) 02/18 00:26:51 Job submitted from host: <188.185.72.155:9618?addrs=188.185.72.155-9618+[2001-1458-d00-8--100-95]-9618&alias=bigbird08.cern.ch&noUDP&sock=schedd_862983_22fa>
...
040 (16630220.399.000) 02/18 00:49:56 Started transferring input files
	Transferring to host: <128.142.161.120:9618?addrs=128.142.161.120-9618+[2001-1458-301-b8--100-36]-9618&alias=b9g03p5843.cern.ch&noUDP&sock=slot1_23_5098_c088_2782>
...
040 (16630220.399.000) 02/18 00:49:56 Finished transferring input files
...
001 (16630220.399.000) 02/18 00:49:57 Job executing on host: <128.142.161.120:9618?addrs=128.142.161.120-9618+[2001-1458-301-b8--100-36]-9618&alias=b9g03p5843.cern.ch&noUDP&sock=startd_3961_7eb9>
	SlotName: slot1_23@b9g03p5843.cern.ch
	CondorScratchDir = "/pool/condor/dir_3344856"
	Cpus = 1
	Disk = 3976
	GPUs = 0
	Memory = 3000
...
006 (16630220.399.000) 02/18 00:50:06 Image size of job updated: 120212
	118  -  MemoryUsage of job (MB)
	120212  -  ResidentSetSize of job (KB)
...
006 (16630220.399.000) 02/18 00:55:07 Image size of job updated: 126424
	124  -  MemoryUsage of job (MB)
	126424  -  ResidentSetSize of job (KB)
...
006 (16630220.399.000) 02/18 01:00:08 Image size of job updated: 167576
	164  -  MemoryUsage of job (MB)
	167576  -  ResidentSetSize of job (KB)
...
006 (16630220.399.000) 02/18 01:05:08 Image size of job updated: 172416
	169  -  MemoryUsage of job (MB)
	172416  -  ResidentSetSize of job (KB)
...
006 (16630220.399.000) 02/18 01:10:09 Image size of job updated: 175800
	172  -  MemoryUsage of job (MB)
	175800  -  ResidentSetSize of job (KB)
...
006 (16630220.399.000) 02/18 01:25:10 Image size of job updated: 192188
	188  -  MemoryUsage of job (MB)
	192188  -  ResidentSetSize of job (KB)
...
006 (16630220.399.000) 02/18 01:30:11 Image size of job updated: 195256
	191  -  MemoryUsage of job (MB)
	195256  -  ResidentSetSize of job (KB)
...
006 (16630220.399.000) 02/18 01:35:11 Image size of job updated: 197564
	193  -  MemoryUsage of job (MB)
	197564  -  ResidentSetSize of job (KB)
...
040 (16630220.399.000) 02/18 01:37:09 Started transferring output files
...
040 (16630220.399.000) 02/18 01:37:09 Finished transferring output files
...
005 (16630220.399.000) 02/18 01:37:09 Job terminated.
	(1) Normal termination (return value 0)
		Usr 0 00:46:27, Sys 0 00:00:03  -  Run Remote Usage
		Usr 0 00:00:00, Sys 0 00:00:00  -  Run Local Usage
		Usr 0 00:46:27, Sys 0 00:00:03  -  Total Remote Usage
		Usr 0 00:00:00, Sys 0 00:00:00  -  Total Local Usage
	8155  -  Run Bytes Sent By Job
	10428  -  Run Bytes Received By Job
	8155  -  Total Bytes Sent By Job
	10428  -  Total Bytes Received By Job
	Partitionable Resources :    Usage  Request Allocated 
	   Cpus                 :     0.99        1         1 
	   Disk (KB)            :    80          12      3976 
	   GPUs                 :                           0 
	   Memory (MB)          :   193        3000      3000 

	Job terminated of its own accord at 2025-02-18T00:37:09Z with exit-code 0.
...
