000 (16630220.139.000) 02/18 00:26:50 Job submitted from host: <188.185.72.155:9618?addrs=188.185.72.155-9618+[2001-1458-d00-8--100-95]-9618&alias=bigbird08.cern.ch&noUDP&sock=schedd_862983_22fa>
...
040 (16630220.139.000) 02/18 00:47:57 Started transferring input files
	Transferring to host: <188.185.198.178:9618?addrs=188.185.198.178-9618+[2001-1458-303-25--100-ae]-9618&alias=b9p15p6631.cern.ch&noUDP&sock=slot1_10_3153103_0e75_12226>
...
040 (16630220.139.000) 02/18 00:47:57 Finished transferring input files
...
001 (16630220.139.000) 02/18 00:47:58 Job executing on host: <188.185.198.178:9618?addrs=188.185.198.178-9618+[2001-1458-303-25--100-ae]-9618&alias=b9p15p6631.cern.ch&noUDP&sock=startd_6111_3757>
	SlotName: slot1_10@b9p15p6631.cern.ch
	CondorScratchDir = "/pool/condor/dir_2633403"
	Cpus = 1
	Disk = 3814
	GPUs = 0
	Memory = 3000
...
006 (16630220.139.000) 02/18 00:48:07 Image size of job updated: 2940
	3  -  MemoryUsage of job (MB)
	2940  -  ResidentSetSize of job (KB)
...
006 (16630220.139.000) 02/18 00:53:08 Image size of job updated: 1178232
	1151  -  MemoryUsage of job (MB)
	1178232  -  ResidentSetSize of job (KB)
...
006 (16630220.139.000) 02/18 00:58:08 Image size of job updated: 1184896
	1158  -  MemoryUsage of job (MB)
	1184896  -  ResidentSetSize of job (KB)
...
040 (16630220.139.000) 02/18 01:41:26 Started transferring output files
...
040 (16630220.139.000) 02/18 01:41:26 Finished transferring output files
...
005 (16630220.139.000) 02/18 01:41:26 Job terminated.
	(1) Normal termination (return value 0)
		Usr 0 00:51:02, Sys 0 00:00:11  -  Run Remote Usage
		Usr 0 00:00:00, Sys 0 00:00:00  -  Run Local Usage
		Usr 0 00:51:02, Sys 0 00:00:11  -  Total Remote Usage
		Usr 0 00:00:00, Sys 0 00:00:00  -  Total Local Usage
	8153  -  Run Bytes Sent By Job
	10428  -  Run Bytes Received By Job
	8153  -  Total Bytes Sent By Job
	10428  -  Total Bytes Received By Job
	Partitionable Resources :    Usage  Request Allocated 
	   Cpus                 :     0.98        1         1 
	   Disk (KB)            :    81          12      3814 
	   GPUs                 :                           0 
	   Memory (MB)          :  1158        3000      3000 

	Job terminated of its own accord at 2025-02-18T00:41:25Z with exit-code 0.
...
