000 (16630220.263.000) 02/18 00:26:51 Job submitted from host: <188.185.72.155:9618?addrs=188.185.72.155-9618+[2001-1458-d00-8--100-95]-9618&alias=bigbird08.cern.ch&noUDP&sock=schedd_862983_22fa>
...
040 (16630220.263.000) 02/18 00:49:04 Started transferring input files
	Transferring to host: <188.185.192.119:9618?addrs=188.185.192.119-9618+[2001-1458-303-1f--100-73]-9618&alias=b9p13p5632.cern.ch&noUDP&sock=slot1_38_2408495_5c2e_67768>
...
040 (16630220.263.000) 02/18 00:49:04 Finished transferring input files
...
001 (16630220.263.000) 02/18 00:49:05 Job executing on host: <188.185.192.119:9618?addrs=188.185.192.119-9618+[2001-1458-303-1f--100-73]-9618&alias=b9p13p5632.cern.ch&noUDP&sock=startd_8600_7691>
	SlotName: slot1_38@b9p13p5632.cern.ch
	CondorScratchDir = "/pool/condor/dir_1612437"
	Cpus = 1
	Disk = 3716
	GPUs = 0
	Memory = 3000
...
006 (16630220.263.000) 02/18 00:49:14 Image size of job updated: 118956
	117  -  MemoryUsage of job (MB)
	118956  -  ResidentSetSize of job (KB)
...
006 (16630220.263.000) 02/18 00:54:15 Image size of job updated: 161304
	158  -  MemoryUsage of job (MB)
	161304  -  ResidentSetSize of job (KB)
...
006 (16630220.263.000) 02/18 00:59:15 Image size of job updated: 169716
	166  -  MemoryUsage of job (MB)
	169716  -  ResidentSetSize of job (KB)
...
006 (16630220.263.000) 02/18 01:04:15 Image size of job updated: 175528
	172  -  MemoryUsage of job (MB)
	175528  -  ResidentSetSize of job (KB)
...
006 (16630220.263.000) 02/18 01:09:16 Image size of job updated: 178780
	175  -  MemoryUsage of job (MB)
	178780  -  ResidentSetSize of job (KB)
...
040 (16630220.263.000) 02/18 01:32:03 Started transferring output files
...
040 (16630220.263.000) 02/18 01:32:03 Finished transferring output files
...
005 (16630220.263.000) 02/18 01:32:03 Job terminated.
	(1) Normal termination (return value 0)
		Usr 0 00:42:10, Sys 0 00:00:03  -  Run Remote Usage
		Usr 0 00:00:00, Sys 0 00:00:00  -  Run Local Usage
		Usr 0 00:42:10, Sys 0 00:00:03  -  Total Remote Usage
		Usr 0 00:00:00, Sys 0 00:00:00  -  Total Local Usage
	8134  -  Run Bytes Sent By Job
	10428  -  Run Bytes Received By Job
	8134  -  Total Bytes Sent By Job
	10428  -  Total Bytes Received By Job
	Partitionable Resources :    Usage  Request Allocated 
	   Cpus                 :     0.99        1         1 
	   Disk (KB)            :    81          12      3716 
	   GPUs                 :                           0 
	   Memory (MB)          :   175        3000      3000 

	Job terminated of its own accord at 2025-02-18T00:32:03Z with exit-code 0.
...
