000 (16630220.463.000) 02/18 00:26:51 Job submitted from host: <188.185.72.155:9618?addrs=188.185.72.155-9618+[2001-1458-d00-8--100-95]-9618&alias=bigbird08.cern.ch&noUDP&sock=schedd_862983_22fa>
...
040 (16630220.463.000) 02/18 00:52:55 Started transferring input files
	Transferring to host: <188.185.195.103:9618?addrs=188.185.195.103-9618+[2001-1458-303-22--100-63]-9618&alias=b9p17p7284.cern.ch&noUDP&sock=slot1_25_584775_a37d_14768>
...
040 (16630220.463.000) 02/18 00:52:55 Finished transferring input files
...
001 (16630220.463.000) 02/18 00:52:56 Job executing on host: <188.185.195.103:9618?addrs=188.185.195.103-9618+[2001-1458-303-22--100-63]-9618&alias=b9p17p7284.cern.ch&noUDP&sock=startd_7746_b0b0>
	SlotName: slot1_25@b9p17p7284.cern.ch
	CondorScratchDir = "/pool/condor/dir_2755739"
	Cpus = 1
	Disk = 3866
	GPUs = 0
	Memory = 3000
...
006 (16630220.463.000) 02/18 00:53:04 Image size of job updated: 2132
	3  -  MemoryUsage of job (MB)
	2132  -  ResidentSetSize of job (KB)
...
006 (16630220.463.000) 02/18 00:58:04 Image size of job updated: 125900
	123  -  MemoryUsage of job (MB)
	125900  -  ResidentSetSize of job (KB)
...
006 (16630220.463.000) 02/18 01:03:05 Image size of job updated: 168136
	165  -  MemoryUsage of job (MB)
	168136  -  ResidentSetSize of job (KB)
...
006 (16630220.463.000) 02/18 01:08:06 Image size of job updated: 173268
	170  -  MemoryUsage of job (MB)
	173268  -  ResidentSetSize of job (KB)
...
006 (16630220.463.000) 02/18 01:13:06 Image size of job updated: 176104
	172  -  MemoryUsage of job (MB)
	176104  -  ResidentSetSize of job (KB)
...
006 (16630220.463.000) 02/18 01:18:07 Image size of job updated: 178108
	174  -  MemoryUsage of job (MB)
	178108  -  ResidentSetSize of job (KB)
...
006 (16630220.463.000) 02/18 01:28:08 Image size of job updated: 190304
	186  -  MemoryUsage of job (MB)
	190304  -  ResidentSetSize of job (KB)
...
006 (16630220.463.000) 02/18 01:33:08 Image size of job updated: 195404
	191  -  MemoryUsage of job (MB)
	195404  -  ResidentSetSize of job (KB)
...
006 (16630220.463.000) 02/18 01:38:09 Image size of job updated: 198728
	195  -  MemoryUsage of job (MB)
	198728  -  ResidentSetSize of job (KB)
...
040 (16630220.463.000) 02/18 01:40:13 Started transferring output files
...
040 (16630220.463.000) 02/18 01:40:13 Finished transferring output files
...
005 (16630220.463.000) 02/18 01:40:13 Job terminated.
	(1) Normal termination (return value 0)
		Usr 0 00:45:53, Sys 0 00:00:06  -  Run Remote Usage
		Usr 0 00:00:00, Sys 0 00:00:00  -  Run Local Usage
		Usr 0 00:45:53, Sys 0 00:00:06  -  Total Remote Usage
		Usr 0 00:00:00, Sys 0 00:00:00  -  Total Local Usage
	8155  -  Run Bytes Sent By Job
	10428  -  Run Bytes Received By Job
	8155  -  Total Bytes Sent By Job
	10428  -  Total Bytes Received By Job
	Partitionable Resources :    Usage  Request Allocated 
	   Cpus                 :     0.99        1         1 
	   Disk (KB)            :    81          12      3866 
	   GPUs                 :                           0 
	   Memory (MB)          :   195        3000      3000 

	Job terminated of its own accord at 2025-02-18T00:40:13Z with exit-code 0.
...
