000 (16630220.146.000) 02/18 00:26:50 Job submitted from host: <188.185.72.155:9618?addrs=188.185.72.155-9618+[2001-1458-d00-8--100-95]-9618&alias=bigbird08.cern.ch&noUDP&sock=schedd_862983_22fa>
...
040 (16630220.146.000) 02/18 00:47:57 Started transferring input files
	Transferring to host: <128.142.240.21:9618?addrs=128.142.240.21-9618+[2001-1458-301-11--100-15]-9618&alias=b9g29p6255.cern.ch&noUDP&sock=slot1_7_3317776_14fd_68371>
...
040 (16630220.146.000) 02/18 00:47:57 Finished transferring input files
...
001 (16630220.146.000) 02/18 00:47:58 Job executing on host: <128.142.240.21:9618?addrs=128.142.240.21-9618+[2001-1458-301-11--100-15]-9618&alias=b9g29p6255.cern.ch&noUDP&sock=startd_7350_112f>
	SlotName: slot1_7@b9g29p6255.cern.ch
	CondorScratchDir = "/pool/condor/dir_507299"
	Cpus = 1
	Disk = 3753
	GPUs = 0
	Memory = 3000
...
006 (16630220.146.000) 02/18 00:48:07 Image size of job updated: 497556
	486  -  MemoryUsage of job (MB)
	497556  -  ResidentSetSize of job (KB)
...
006 (16630220.146.000) 02/18 00:53:08 Image size of job updated: 1241732
	1213  -  MemoryUsage of job (MB)
	1241732  -  ResidentSetSize of job (KB)
...
006 (16630220.146.000) 02/18 00:58:09 Image size of job updated: 1249224
	1220  -  MemoryUsage of job (MB)
	1249224  -  ResidentSetSize of job (KB)
...
040 (16630220.146.000) 02/18 01:22:26 Started transferring output files
...
040 (16630220.146.000) 02/18 01:22:26 Finished transferring output files
...
005 (16630220.146.000) 02/18 01:22:26 Job terminated.
	(1) Normal termination (return value 0)
		Usr 0 00:32:57, Sys 0 00:00:13  -  Run Remote Usage
		Usr 0 00:00:00, Sys 0 00:00:00  -  Run Local Usage
		Usr 0 00:32:57, Sys 0 00:00:13  -  Total Remote Usage
		Usr 0 00:00:00, Sys 0 00:00:00  -  Total Local Usage
	8155  -  Run Bytes Sent By Job
	10428  -  Run Bytes Received By Job
	8155  -  Total Bytes Sent By Job
	10428  -  Total Bytes Received By Job
	Partitionable Resources :    Usage  Request Allocated 
	   Cpus                 :     0.99        1         1 
	   Disk (KB)            :    81          12      3753 
	   GPUs                 :                           0 
	   Memory (MB)          :  1220        3000      3000 

	Job terminated of its own accord at 2025-02-18T00:22:26Z with exit-code 0.
...
