000 (16630220.354.000) 02/18 00:26:51 Job submitted from host: <188.185.72.155:9618?addrs=188.185.72.155-9618+[2001-1458-d00-8--100-95]-9618&alias=bigbird08.cern.ch&noUDP&sock=schedd_862983_22fa>
...
040 (16630220.354.000) 02/18 00:49:39 Started transferring input files
	Transferring to host: <128.142.132.18:9618?addrs=128.142.132.18-9618+[2001-1458-301-5a--100-6]-9618&alias=b9g12p2092.cern.ch&noUDP&sock=slot1_29_3416260_f822_74961>
...
040 (16630220.354.000) 02/18 00:49:39 Finished transferring input files
...
001 (16630220.354.000) 02/18 00:49:40 Job executing on host: <128.142.132.18:9618?addrs=128.142.132.18-9618+[2001-1458-301-5a--100-6]-9618&alias=b9g12p2092.cern.ch&noUDP&sock=startd_2417_707f>
	SlotName: slot1_29@b9g12p2092.cern.ch
	CondorScratchDir = "/pool/condor/dir_19088"
	Cpus = 1
	Disk = 2586
	GPUs = 0
	Memory = 3000
...
006 (16630220.354.000) 02/18 00:49:49 Image size of job updated: 2072
	3  -  MemoryUsage of job (MB)
	2072  -  ResidentSetSize of job (KB)
...
006 (16630220.354.000) 02/18 00:54:50 Image size of job updated: 124276
	122  -  MemoryUsage of job (MB)
	124276  -  ResidentSetSize of job (KB)
...
006 (16630220.354.000) 02/18 00:59:50 Image size of job updated: 163424
	160  -  MemoryUsage of job (MB)
	163424  -  ResidentSetSize of job (KB)
...
006 (16630220.354.000) 02/18 01:04:50 Image size of job updated: 166440
	163  -  MemoryUsage of job (MB)
	166440  -  ResidentSetSize of job (KB)
...
006 (16630220.354.000) 02/18 01:09:51 Image size of job updated: 169964
	166  -  MemoryUsage of job (MB)
	169964  -  ResidentSetSize of job (KB)
...
006 (16630220.354.000) 02/18 01:14:51 Image size of job updated: 173020
	169  -  MemoryUsage of job (MB)
	173020  -  ResidentSetSize of job (KB)
...
006 (16630220.354.000) 02/18 01:19:51 Image size of job updated: 174024
	170  -  MemoryUsage of job (MB)
	174024  -  ResidentSetSize of job (KB)
...
006 (16630220.354.000) 02/18 01:34:53 Image size of job updated: 186828
	183  -  MemoryUsage of job (MB)
	186828  -  ResidentSetSize of job (KB)
...
006 (16630220.354.000) 02/18 01:39:54 Image size of job updated: 188988
	185  -  MemoryUsage of job (MB)
	188988  -  ResidentSetSize of job (KB)
...
006 (16630220.354.000) 02/18 01:44:55 Image size of job updated: 193900
	190  -  MemoryUsage of job (MB)
	193900  -  ResidentSetSize of job (KB)
...
006 (16630220.354.000) 02/18 01:49:55 Image size of job updated: 194952
	191  -  MemoryUsage of job (MB)
	194952  -  ResidentSetSize of job (KB)
...
006 (16630220.354.000) 02/18 01:54:55 Image size of job updated: 198376
	194  -  MemoryUsage of job (MB)
	198376  -  ResidentSetSize of job (KB)
...
040 (16630220.354.000) 02/18 01:55:12 Started transferring output files
...
040 (16630220.354.000) 02/18 01:55:13 Finished transferring output files
...
005 (16630220.354.000) 02/18 01:55:13 Job terminated.
	(1) Normal termination (return value 0)
		Usr 0 01:03:56, Sys 0 00:00:09  -  Run Remote Usage
		Usr 0 00:00:00, Sys 0 00:00:00  -  Run Local Usage
		Usr 0 01:03:56, Sys 0 00:00:09  -  Total Remote Usage
		Usr 0 00:00:00, Sys 0 00:00:00  -  Total Local Usage
	8155  -  Run Bytes Sent By Job
	10428  -  Run Bytes Received By Job
	8155  -  Total Bytes Sent By Job
	10428  -  Total Bytes Received By Job
	Partitionable Resources :    Usage  Request Allocated 
	   Cpus                 :     0.99        1         1 
	   Disk (KB)            :    81          12      2586 
	   GPUs                 :                           0 
	   Memory (MB)          :   194        3000      3000 

	Job terminated of its own accord at 2025-02-18T00:55:12Z with exit-code 0.
...
