Submit jobs at 
PWD: /afs/cern.ch/user/v/vpant/pprefanalysis

Processing Track_Analyzer.C("input/ppref2024/20250218/pprefzerobiasplusforward4_set1_4.txt","/eos/user/v/vpant/ppref2024/ppref2024outputfiles/pprefzerobiasplusforward4_set1_4.root",0,0)...
List of input files founded! --> input/ppref2024/20250218/pprefzerobiasplusforward4_set1_4.txt
list operator is /eos/cms/store/group/phys_heavyions/vpant/ppref2024output/PPRefZeroBiasPlusForward4/crab_ppref2024/250213_054928/0000/HiForestMiniAOD_104.root
Adding file /eos/cms/store/group/phys_heavyions/vpant/ppref2024output/PPRefZeroBiasPlusForward4/crab_ppref2024/250213_054928/0000/HiForestMiniAOD_104.root to the chains
list operator is /eos/cms/store/group/phys_heavyions/vpant/ppref2024output/PPRefZeroBiasPlusForward4/crab_ppref2024/250213_054928/0000/HiForestMiniAOD_105.root
Adding file /eos/cms/store/group/phys_heavyions/vpant/ppref2024output/PPRefZeroBiasPlusForward4/crab_ppref2024/250213_054928/0000/HiForestMiniAOD_105.root to the chains
Total number of events in those files: 91419

-------------------------------------------------
0 events passed 
10000 events passed 
20000 events passed 
30000 events passed 
40000 events passed 
50000 events passed 
60000 events passed 
70000 events passed 
80000 events passed 
90000 events passed 
finished