000 (16630220.474.000) 02/18 00:26:51 Job submitted from host: <188.185.72.155:9618?addrs=188.185.72.155-9618+[2001-1458-d00-8--100-95]-9618&alias=bigbird08.cern.ch&noUDP&sock=schedd_862983_22fa>
...
040 (16630220.474.000) 02/18 00:52:59 Started transferring input files
	Transferring to host: <128.142.132.111:9618?addrs=128.142.132.111-9618+[2001-1458-301-5a--100-63]-9618&alias=b9g12p3298.cern.ch&noUDP&sock=slot1_10_51523_5d48_98360>
...
040 (16630220.474.000) 02/18 00:52:59 Finished transferring input files
...
001 (16630220.474.000) 02/18 00:53:00 Job executing on host: <128.142.132.111:9618?addrs=128.142.132.111-9618+[2001-1458-301-5a--100-63]-9618&alias=b9g12p3298.cern.ch&noUDP&sock=startd_2420_7f47>
	SlotName: slot1_10@b9g12p3298.cern.ch
	CondorScratchDir = "/pool/condor/dir_700280"
	Cpus = 1
	Disk = 2582
	GPUs = 0
	Memory = 3000
...
006 (16630220.474.000) 02/18 00:53:10 Image size of job updated: 2100
	3  -  MemoryUsage of job (MB)
	2100  -  ResidentSetSize of job (KB)
...
006 (16630220.474.000) 02/18 00:58:10 Image size of job updated: 127700
	125  -  MemoryUsage of job (MB)
	127700  -  ResidentSetSize of job (KB)
...
006 (16630220.474.000) 02/18 01:03:10 Image size of job updated: 170752
	167  -  MemoryUsage of job (MB)
	170752  -  ResidentSetSize of job (KB)
...
006 (16630220.474.000) 02/18 01:08:11 Image size of job updated: 174132
	171  -  MemoryUsage of job (MB)
	174132  -  ResidentSetSize of job (KB)
...
006 (16630220.474.000) 02/18 01:13:12 Image size of job updated: 179276
	176  -  MemoryUsage of job (MB)
	179276  -  ResidentSetSize of job (KB)
...
006 (16630220.474.000) 02/18 01:18:12 Image size of job updated: 182032
	178  -  MemoryUsage of job (MB)
	182032  -  ResidentSetSize of job (KB)
...
006 (16630220.474.000) 02/18 01:28:14 Image size of job updated: 195464
	191  -  MemoryUsage of job (MB)
	195464  -  ResidentSetSize of job (KB)
...
006 (16630220.474.000) 02/18 01:33:14 Image size of job updated: 199920
	196  -  MemoryUsage of job (MB)
	199920  -  ResidentSetSize of job (KB)
...
006 (16630220.474.000) 02/18 01:38:14 Image size of job updated: 214812
	210  -  MemoryUsage of job (MB)
	214812  -  ResidentSetSize of job (KB)
...
040 (16630220.474.000) 02/18 01:41:15 Started transferring output files
...
040 (16630220.474.000) 02/18 01:41:15 Finished transferring output files
...
005 (16630220.474.000) 02/18 01:41:15 Job terminated.
	(1) Normal termination (return value 0)
		Usr 0 00:47:04, Sys 0 00:00:03  -  Run Remote Usage
		Usr 0 00:00:00, Sys 0 00:00:00  -  Run Local Usage
		Usr 0 00:47:04, Sys 0 00:00:03  -  Total Remote Usage
		Usr 0 00:00:00, Sys 0 00:00:00  -  Total Local Usage
	8155  -  Run Bytes Sent By Job
	10428  -  Run Bytes Received By Job
	8155  -  Total Bytes Sent By Job
	10428  -  Total Bytes Received By Job
	Partitionable Resources :    Usage  Request Allocated 
	   Cpus                 :     0.99        1         1 
	   Disk (KB)            :    81          12      2582 
	   GPUs                 :                           0 
	   Memory (MB)          :   210        3000      3000 

	Job terminated of its own accord at 2025-02-18T00:41:15Z with exit-code 0.
...
