000 (16630220.028.000) 02/18 00:26:50 Job submitted from host: <188.185.72.155:9618?addrs=188.185.72.155-9618+[2001-1458-d00-8--100-95]-9618&alias=bigbird08.cern.ch&noUDP&sock=schedd_862983_22fa>
...
040 (16630220.028.000) 02/18 00:27:42 Started transferring input files
	Transferring to host: <188.185.198.80:9618?addrs=188.185.198.80-9618+[2001-1458-303-25--100-4c]-9618&alias=b9p15p6168.cern.ch&noUDP&sock=slot1_22_3945763_bbde_12252>
...
040 (16630220.028.000) 02/18 00:27:42 Finished transferring input files
...
001 (16630220.028.000) 02/18 00:27:43 Job executing on host: <188.185.198.80:9618?addrs=188.185.198.80-9618+[2001-1458-303-25--100-4c]-9618&alias=b9p15p6168.cern.ch&noUDP&sock=startd_4620_83a2>
	SlotName: slot1_22@b9p15p6168.cern.ch
	CondorScratchDir = "/pool/condor/dir_3929394"
	Cpus = 1
	Disk = 3823
	GPUs = 0
	Memory = 3000
...
006 (16630220.028.000) 02/18 00:27:52 Image size of job updated: 489776
	479  -  MemoryUsage of job (MB)
	489776  -  ResidentSetSize of job (KB)
...
006 (16630220.028.000) 02/18 00:32:53 Image size of job updated: 869620
	850  -  MemoryUsage of job (MB)
	869620  -  ResidentSetSize of job (KB)
...
006 (16630220.028.000) 02/18 00:37:54 Image size of job updated: 875604
	856  -  MemoryUsage of job (MB)
	875604  -  ResidentSetSize of job (KB)
...
006 (16630220.028.000) 02/18 00:42:54 Image size of job updated: 880792
	861  -  MemoryUsage of job (MB)
	880792  -  ResidentSetSize of job (KB)
...
006 (16630220.028.000) 02/18 00:47:54 Image size of job updated: 886172
	866  -  MemoryUsage of job (MB)
	886172  -  ResidentSetSize of job (KB)
...
006 (16630220.028.000) 02/18 00:52:55 Image size of job updated: 888000
	868  -  MemoryUsage of job (MB)
	888000  -  ResidentSetSize of job (KB)
...
040 (16630220.028.000) 02/18 01:25:38 Started transferring output files
...
040 (16630220.028.000) 02/18 01:25:38 Finished transferring output files
...
005 (16630220.028.000) 02/18 01:25:38 Job terminated.
	(1) Normal termination (return value 0)
		Usr 0 00:53:53, Sys 0 00:00:14  -  Run Remote Usage
		Usr 0 00:00:00, Sys 0 00:00:00  -  Run Local Usage
		Usr 0 00:53:53, Sys 0 00:00:14  -  Total Remote Usage
		Usr 0 00:00:00, Sys 0 00:00:00  -  Total Local Usage
	8150  -  Run Bytes Sent By Job
	10428  -  Run Bytes Received By Job
	8150  -  Total Bytes Sent By Job
	10428  -  Total Bytes Received By Job
	Partitionable Resources :    Usage  Request Allocated 
	   Cpus                 :     0.99        1         1 
	   Disk (KB)            :    81          12      3823 
	   GPUs                 :                           0 
	   Memory (MB)          :   868        3000      3000 

	Job terminated of its own accord at 2025-02-18T00:25:38Z with exit-code 0.
...
