000 (16630220.290.000) 02/18 00:26:51 Job submitted from host: <188.185.72.155:9618?addrs=188.185.72.155-9618+[2001-1458-d00-8--100-95]-9618&alias=bigbird08.cern.ch&noUDP&sock=schedd_862983_22fa>
...
040 (16630220.290.000) 02/18 00:49:18 Started transferring input files
	Transferring to host: <188.185.196.187:9618?addrs=188.185.196.187-9618+[2001-1458-303-23--100-b7]-9618&alias=b9p16p4396.cern.ch&noUDP&sock=slot1_11_402778_49b4_9270>
...
040 (16630220.290.000) 02/18 00:49:18 Finished transferring input files
...
001 (16630220.290.000) 02/18 00:49:19 Job executing on host: <188.185.196.187:9618?addrs=188.185.196.187-9618+[2001-1458-303-23--100-b7]-9618&alias=b9p16p4396.cern.ch&noUDP&sock=startd_8266_5def>
	SlotName: slot1_11@b9p16p4396.cern.ch
	CondorScratchDir = "/pool/condor/dir_530206"
	Cpus = 1
	Disk = 3861
	GPUs = 0
	Memory = 3000
...
006 (16630220.290.000) 02/18 00:49:33 Image size of job updated: 73056
	72  -  MemoryUsage of job (MB)
	73056  -  ResidentSetSize of job (KB)
...
006 (16630220.290.000) 02/18 00:54:34 Image size of job updated: 122588
	120  -  MemoryUsage of job (MB)
	122588  -  ResidentSetSize of job (KB)
...
006 (16630220.290.000) 02/18 00:59:35 Image size of job updated: 161032
	158  -  MemoryUsage of job (MB)
	161032  -  ResidentSetSize of job (KB)
...
006 (16630220.290.000) 02/18 01:04:35 Image size of job updated: 164384
	161  -  MemoryUsage of job (MB)
	164384  -  ResidentSetSize of job (KB)
...
006 (16630220.290.000) 02/18 01:09:36 Image size of job updated: 167760
	164  -  MemoryUsage of job (MB)
	167760  -  ResidentSetSize of job (KB)
...
006 (16630220.290.000) 02/18 01:14:37 Image size of job updated: 172784
	169  -  MemoryUsage of job (MB)
	172784  -  ResidentSetSize of job (KB)
...
006 (16630220.290.000) 02/18 01:19:37 Image size of job updated: 173696
	169  -  MemoryUsage of job (MB)
	172784  -  ResidentSetSize of job (KB)
...
006 (16630220.290.000) 02/18 01:29:39 Image size of job updated: 187888
	184  -  MemoryUsage of job (MB)
	187888  -  ResidentSetSize of job (KB)
...
006 (16630220.290.000) 02/18 01:34:39 Image size of job updated: 190812
	187  -  MemoryUsage of job (MB)
	190812  -  ResidentSetSize of job (KB)
...
006 (16630220.290.000) 02/18 01:39:40 Image size of job updated: 193876
	190  -  MemoryUsage of job (MB)
	193876  -  ResidentSetSize of job (KB)
...
006 (16630220.290.000) 02/18 01:44:41 Image size of job updated: 197044
	193  -  MemoryUsage of job (MB)
	197044  -  ResidentSetSize of job (KB)
...
006 (16630220.290.000) 02/18 01:48:26 Image size of job updated: 198960
	193  -  MemoryUsage of job (MB)
	197044  -  ResidentSetSize of job (KB)
...
040 (16630220.290.000) 02/18 01:48:26 Started transferring output files
...
040 (16630220.290.000) 02/18 01:48:26 Finished transferring output files
...
005 (16630220.290.000) 02/18 01:48:26 Job terminated.
	(1) Normal termination (return value 0)
		Usr 0 00:57:11, Sys 0 00:00:07  -  Run Remote Usage
		Usr 0 00:00:00, Sys 0 00:00:00  -  Run Local Usage
		Usr 0 00:57:11, Sys 0 00:00:07  -  Total Remote Usage
		Usr 0 00:00:00, Sys 0 00:00:00  -  Total Local Usage
	8155  -  Run Bytes Sent By Job
	10428  -  Run Bytes Received By Job
	8155  -  Total Bytes Sent By Job
	10428  -  Total Bytes Received By Job
	Partitionable Resources :    Usage  Request Allocated 
	   Cpus                 :     0.98        1         1 
	   Disk (KB)            :    81          12      3861 
	   GPUs                 :                           0 
	   Memory (MB)          :   193        3000      3000 

	Job terminated of its own accord at 2025-02-18T00:48:26Z with exit-code 0.
...
