000 (16630220.478.000) 02/18 00:26:51 Job submitted from host: <188.185.72.155:9618?addrs=188.185.72.155-9618+[2001-1458-d00-8--100-95]-9618&alias=bigbird08.cern.ch&noUDP&sock=schedd_862983_22fa>
...
040 (16630220.478.000) 02/18 00:53:01 Started transferring input files
	Transferring to host: <188.185.194.47:9618?addrs=188.185.194.47-9618+[2001-1458-303-21--100-2b]-9618&alias=b9p20p7602.cern.ch&noUDP&sock=slot1_17_3594137_6843_14180>
...
040 (16630220.478.000) 02/18 00:53:01 Finished transferring input files
...
001 (16630220.478.000) 02/18 00:53:02 Job executing on host: <188.185.194.47:9618?addrs=188.185.194.47-9618+[2001-1458-303-21--100-2b]-9618&alias=b9p20p7602.cern.ch&noUDP&sock=startd_8346_3d83>
	SlotName: slot1_17@b9p20p7602.cern.ch
	CondorScratchDir = "/pool/condor/dir_3034697"
	Cpus = 1
	Disk = 3777
	GPUs = 0
	Memory = 3000
...
006 (16630220.478.000) 02/18 00:53:10 Image size of job updated: 87616
	86  -  MemoryUsage of job (MB)
	87616  -  ResidentSetSize of job (KB)
...
006 (16630220.478.000) 02/18 00:58:10 Image size of job updated: 126024
	124  -  MemoryUsage of job (MB)
	126024  -  ResidentSetSize of job (KB)
...
006 (16630220.478.000) 02/18 01:03:10 Image size of job updated: 171740
	168  -  MemoryUsage of job (MB)
	171740  -  ResidentSetSize of job (KB)
...
006 (16630220.478.000) 02/18 01:08:11 Image size of job updated: 175888
	172  -  MemoryUsage of job (MB)
	175888  -  ResidentSetSize of job (KB)
...
006 (16630220.478.000) 02/18 01:13:11 Image size of job updated: 180612
	177  -  MemoryUsage of job (MB)
	180612  -  ResidentSetSize of job (KB)
...
006 (16630220.478.000) 02/18 01:23:12 Image size of job updated: 187388
	183  -  MemoryUsage of job (MB)
	187388  -  ResidentSetSize of job (KB)
...
006 (16630220.478.000) 02/18 01:28:12 Image size of job updated: 190584
	187  -  MemoryUsage of job (MB)
	190584  -  ResidentSetSize of job (KB)
...
006 (16630220.478.000) 02/18 01:33:12 Image size of job updated: 193476
	189  -  MemoryUsage of job (MB)
	193476  -  ResidentSetSize of job (KB)
...
006 (16630220.478.000) 02/18 01:38:13 Image size of job updated: 196572
	192  -  MemoryUsage of job (MB)
	196572  -  ResidentSetSize of job (KB)
...
006 (16630220.478.000) 02/18 01:43:14 Image size of job updated: 197088
	193  -  MemoryUsage of job (MB)
	197088  -  ResidentSetSize of job (KB)
...
040 (16630220.478.000) 02/18 01:46:02 Started transferring output files
...
040 (16630220.478.000) 02/18 01:46:02 Finished transferring output files
...
005 (16630220.478.000) 02/18 01:46:02 Job terminated.
	(1) Normal termination (return value 0)
		Usr 0 00:51:31, Sys 0 00:00:14  -  Run Remote Usage
		Usr 0 00:00:00, Sys 0 00:00:00  -  Run Local Usage
		Usr 0 00:51:31, Sys 0 00:00:14  -  Total Remote Usage
		Usr 0 00:00:00, Sys 0 00:00:00  -  Total Local Usage
	8155  -  Run Bytes Sent By Job
	10428  -  Run Bytes Received By Job
	8155  -  Total Bytes Sent By Job
	10428  -  Total Bytes Received By Job
	Partitionable Resources :    Usage  Request Allocated 
	   Cpus                 :     0.98        1         1 
	   Disk (KB)            :    81          12      3777 
	   GPUs                 :                           0 
	   Memory (MB)          :   193        3000      3000 

	Job terminated of its own accord at 2025-02-18T00:46:02Z with exit-code 0.
...
