000 (16630220.053.000) 02/18 00:26:50 Job submitted from host: <188.185.72.155:9618?addrs=188.185.72.155-9618+[2001-1458-d00-8--100-95]-9618&alias=bigbird08.cern.ch&noUDP&sock=schedd_862983_22fa>
...
040 (16630220.053.000) 02/18 00:27:48 Started transferring input files
	Transferring to host: <188.185.193.13:9618?addrs=188.185.193.13-9618+[2001-1458-303-20--100-9]-9618&alias=b9p19p6329.cern.ch&noUDP&sock=slot1_19_1960192_5758_91438>
...
040 (16630220.053.000) 02/18 00:27:48 Finished transferring input files
...
001 (16630220.053.000) 02/18 00:27:49 Job executing on host: <188.185.193.13:9618?addrs=188.185.193.13-9618+[2001-1458-303-20--100-9]-9618&alias=b9p19p6329.cern.ch&noUDP&sock=startd_5191_2c36>
	SlotName: slot1_19@b9p19p6329.cern.ch
	CondorScratchDir = "/pool/condor/dir_1283129"
	Cpus = 1
	Disk = 3765
	GPUs = 0
	Memory = 3000
...
006 (16630220.053.000) 02/18 00:27:57 Image size of job updated: 2080
	3  -  MemoryUsage of job (MB)
	2080  -  ResidentSetSize of job (KB)
...
006 (16630220.053.000) 02/18 00:32:58 Image size of job updated: 411688
	403  -  MemoryUsage of job (MB)
	411688  -  ResidentSetSize of job (KB)
...
006 (16630220.053.000) 02/18 00:37:59 Image size of job updated: 454376
	444  -  MemoryUsage of job (MB)
	454376  -  ResidentSetSize of job (KB)
...
006 (16630220.053.000) 02/18 00:42:59 Image size of job updated: 458256
	448  -  MemoryUsage of job (MB)
	458256  -  ResidentSetSize of job (KB)
...
006 (16630220.053.000) 02/18 00:47:59 Image size of job updated: 463052
	453  -  MemoryUsage of job (MB)
	463052  -  ResidentSetSize of job (KB)
...
006 (16630220.053.000) 02/18 00:58:01 Image size of job updated: 472200
	462  -  MemoryUsage of job (MB)
	472200  -  ResidentSetSize of job (KB)
...
040 (16630220.053.000) 02/18 01:14:01 Started transferring output files
...
040 (16630220.053.000) 02/18 01:14:01 Finished transferring output files
...
005 (16630220.053.000) 02/18 01:14:01 Job terminated.
	(1) Normal termination (return value 0)
		Usr 0 00:43:13, Sys 0 00:00:04  -  Run Remote Usage
		Usr 0 00:00:00, Sys 0 00:00:00  -  Run Local Usage
		Usr 0 00:43:13, Sys 0 00:00:04  -  Total Remote Usage
		Usr 0 00:00:00, Sys 0 00:00:00  -  Total Local Usage
	8152  -  Run Bytes Sent By Job
	10428  -  Run Bytes Received By Job
	8152  -  Total Bytes Sent By Job
	10428  -  Total Bytes Received By Job
	Partitionable Resources :    Usage  Request Allocated 
	   Cpus                 :     0.99        1         1 
	   Disk (KB)            :    81          12      3765 
	   GPUs                 :                           0 
	   Memory (MB)          :   462        3000      3000 

	Job terminated of its own accord at 2025-02-18T00:14:01Z with exit-code 0.
...
