000 (16630220.011.000) 02/18 00:26:50 Job submitted from host: <188.185.72.155:9618?addrs=188.185.72.155-9618+[2001-1458-d00-8--100-95]-9618&alias=bigbird08.cern.ch&noUDP&sock=schedd_862983_22fa>
...
040 (16630220.011.000) 02/18 00:27:35 Started transferring input files
	Transferring to host: <188.185.196.156:9618?addrs=188.185.196.156-9618+[2001-1458-303-23--100-98]-9618&alias=b9p16p0600.cern.ch&noUDP&sock=slot1_32_2591267_c4b6_5615>
...
040 (16630220.011.000) 02/18 00:27:35 Finished transferring input files
...
001 (16630220.011.000) 02/18 00:27:36 Job executing on host: <188.185.196.156:9618?addrs=188.185.196.156-9618+[2001-1458-303-23--100-98]-9618&alias=b9p16p0600.cern.ch&noUDP&sock=startd_11223_9f7c>
	SlotName: slot1_32@b9p16p0600.cern.ch
	CondorScratchDir = "/pool/condor/dir_2323926"
	Cpus = 1
	Disk = 3840
	GPUs = 0
	Memory = 3000
...
006 (16630220.011.000) 02/18 00:27:44 Image size of job updated: 2936
	3  -  MemoryUsage of job (MB)
	2936  -  ResidentSetSize of job (KB)
...
006 (16630220.011.000) 02/18 00:32:44 Image size of job updated: 960852
	939  -  MemoryUsage of job (MB)
	960852  -  ResidentSetSize of job (KB)
...
006 (16630220.011.000) 02/18 00:37:45 Image size of job updated: 965356
	943  -  MemoryUsage of job (MB)
	965356  -  ResidentSetSize of job (KB)
...
006 (16630220.011.000) 02/18 00:42:45 Image size of job updated: 969908
	948  -  MemoryUsage of job (MB)
	969908  -  ResidentSetSize of job (KB)
...
006 (16630220.011.000) 02/18 00:47:45 Image size of job updated: 976324
	954  -  MemoryUsage of job (MB)
	976324  -  ResidentSetSize of job (KB)
...
006 (16630220.011.000) 02/18 00:52:46 Image size of job updated: 988832
	966  -  MemoryUsage of job (MB)
	988832  -  ResidentSetSize of job (KB)
...
006 (16630220.011.000) 02/18 00:57:47 Image size of job updated: 992988
	970  -  MemoryUsage of job (MB)
	992988  -  ResidentSetSize of job (KB)
...
040 (16630220.011.000) 02/18 01:06:10 Started transferring output files
...
040 (16630220.011.000) 02/18 01:06:10 Finished transferring output files
...
005 (16630220.011.000) 02/18 01:06:10 Job terminated.
	(1) Normal termination (return value 0)
		Usr 0 00:35:16, Sys 0 00:00:04  -  Run Remote Usage
		Usr 0 00:00:00, Sys 0 00:00:00  -  Run Local Usage
		Usr 0 00:35:16, Sys 0 00:00:04  -  Total Remote Usage
		Usr 0 00:00:00, Sys 0 00:00:00  -  Total Local Usage
	8150  -  Run Bytes Sent By Job
	10428  -  Run Bytes Received By Job
	8150  -  Total Bytes Sent By Job
	10428  -  Total Bytes Received By Job
	Partitionable Resources :    Usage  Request Allocated 
	   Cpus                 :     0.99        1         1 
	   Disk (KB)            :    81          12      3840 
	   GPUs                 :                           0 
	   Memory (MB)          :   970        3000      3000 

	Job terminated of its own accord at 2025-02-18T00:06:10Z with exit-code 0.
...
