000 (16630220.255.000) 02/18 00:26:51 Job submitted from host: <188.185.72.155:9618?addrs=188.185.72.155-9618+[2001-1458-d00-8--100-95]-9618&alias=bigbird08.cern.ch&noUDP&sock=schedd_862983_22fa>
...
040 (16630220.255.000) 02/18 00:49:03 Started transferring input files
	Transferring to host: <128.142.33.203:9618?addrs=128.142.33.203-9618+[2001-1458-301-39--100-8]-9618&alias=b9g24p0512.cern.ch&noUDP&sock=slot1_42_1634666_d362_85621>
...
040 (16630220.255.000) 02/18 00:49:03 Finished transferring input files
...
001 (16630220.255.000) 02/18 00:49:04 Job executing on host: <128.142.33.203:9618?addrs=128.142.33.203-9618+[2001-1458-301-39--100-8]-9618&alias=b9g24p0512.cern.ch&noUDP&sock=startd_5283_46ed>
	SlotName: slot1_42@b9g24p0512.cern.ch
	CondorScratchDir = "/pool/condor/dir_1127674"
	Cpus = 1
	Disk = 3763
	GPUs = 0
	Memory = 3000
...
006 (16630220.255.000) 02/18 00:49:13 Image size of job updated: 107280
	105  -  MemoryUsage of job (MB)
	107280  -  ResidentSetSize of job (KB)
...
006 (16630220.255.000) 02/18 00:54:14 Image size of job updated: 165964
	163  -  MemoryUsage of job (MB)
	165964  -  ResidentSetSize of job (KB)
...
006 (16630220.255.000) 02/18 00:59:15 Image size of job updated: 172300
	169  -  MemoryUsage of job (MB)
	172300  -  ResidentSetSize of job (KB)
...
006 (16630220.255.000) 02/18 01:04:15 Image size of job updated: 176136
	173  -  MemoryUsage of job (MB)
	176136  -  ResidentSetSize of job (KB)
...
006 (16630220.255.000) 02/18 01:09:15 Image size of job updated: 185260
	181  -  MemoryUsage of job (MB)
	185260  -  ResidentSetSize of job (KB)
...
006 (16630220.255.000) 02/18 01:14:16 Image size of job updated: 191424
	187  -  MemoryUsage of job (MB)
	191424  -  ResidentSetSize of job (KB)
...
006 (16630220.255.000) 02/18 01:19:16 Image size of job updated: 194500
	190  -  MemoryUsage of job (MB)
	194500  -  ResidentSetSize of job (KB)
...
040 (16630220.255.000) 02/18 01:22:54 Started transferring output files
...
040 (16630220.255.000) 02/18 01:22:54 Finished transferring output files
...
005 (16630220.255.000) 02/18 01:22:54 Job terminated.
	(1) Normal termination (return value 0)
		Usr 0 00:32:54, Sys 0 00:00:09  -  Run Remote Usage
		Usr 0 00:00:00, Sys 0 00:00:00  -  Run Local Usage
		Usr 0 00:32:54, Sys 0 00:00:09  -  Total Remote Usage
		Usr 0 00:00:00, Sys 0 00:00:00  -  Total Local Usage
	8153  -  Run Bytes Sent By Job
	10428  -  Run Bytes Received By Job
	8153  -  Total Bytes Sent By Job
	10428  -  Total Bytes Received By Job
	Partitionable Resources :    Usage  Request Allocated 
	   Cpus                 :     0.99        1         1 
	   Disk (KB)            :    80          12      3763 
	   GPUs                 :                           0 
	   Memory (MB)          :   190        3000      3000 

	Job terminated of its own accord at 2025-02-18T00:22:54Z with exit-code 0.
...
