000 (16630220.197.000) 02/18 00:26:50 Job submitted from host: <188.185.72.155:9618?addrs=188.185.72.155-9618+[2001-1458-d00-8--100-95]-9618&alias=bigbird08.cern.ch&noUDP&sock=schedd_862983_22fa>
...
040 (16630220.197.000) 02/18 00:48:22 Started transferring input files
	Transferring to host: <188.185.198.178:9618?addrs=188.185.198.178-9618+[2001-1458-303-25--100-ae]-9618&alias=b9p15p6631.cern.ch&noUDP&sock=slot1_30_3153103_0e75_12227>
...
040 (16630220.197.000) 02/18 00:48:22 Finished transferring input files
...
001 (16630220.197.000) 02/18 00:48:23 Job executing on host: <188.185.198.178:9618?addrs=188.185.198.178-9618+[2001-1458-303-25--100-ae]-9618&alias=b9p15p6631.cern.ch&noUDP&sock=startd_6111_3757>
	SlotName: slot1_30@b9p15p6631.cern.ch
	CondorScratchDir = "/pool/condor/dir_2633660"
	Cpus = 1
	Disk = 3814
	GPUs = 0
	Memory = 3000
...
006 (16630220.197.000) 02/18 00:48:32 Image size of job updated: 2056
	3  -  MemoryUsage of job (MB)
	2056  -  ResidentSetSize of job (KB)
...
006 (16630220.197.000) 02/18 00:53:33 Image size of job updated: 222460
	218  -  MemoryUsage of job (MB)
	222460  -  ResidentSetSize of job (KB)
...
006 (16630220.197.000) 02/18 00:58:33 Image size of job updated: 228648
	224  -  MemoryUsage of job (MB)
	228648  -  ResidentSetSize of job (KB)
...
040 (16630220.197.000) 02/18 01:41:45 Started transferring output files
...
040 (16630220.197.000) 02/18 01:41:45 Finished transferring output files
...
005 (16630220.197.000) 02/18 01:41:45 Job terminated.
	(1) Normal termination (return value 0)
		Usr 0 00:51:36, Sys 0 00:00:06  -  Run Remote Usage
		Usr 0 00:00:00, Sys 0 00:00:00  -  Run Local Usage
		Usr 0 00:51:36, Sys 0 00:00:06  -  Total Remote Usage
		Usr 0 00:00:00, Sys 0 00:00:00  -  Total Local Usage
	8155  -  Run Bytes Sent By Job
	10428  -  Run Bytes Received By Job
	8155  -  Total Bytes Sent By Job
	10428  -  Total Bytes Received By Job
	Partitionable Resources :    Usage  Request Allocated 
	   Cpus                 :     0.99        1         1 
	   Disk (KB)            :    81          12      3814 
	   GPUs                 :                           0 
	   Memory (MB)          :   224        3000      3000 

	Job terminated of its own accord at 2025-02-18T00:41:45Z with exit-code 0.
...
