000 (16630220.114.000) 02/18 00:26:50 Job submitted from host: <188.185.72.155:9618?addrs=188.185.72.155-9618+[2001-1458-d00-8--100-95]-9618&alias=bigbird08.cern.ch&noUDP&sock=schedd_862983_22fa>
...
040 (16630220.114.000) 02/18 00:42:48 Started transferring input files
	Transferring to host: <128.142.132.18:9618?addrs=128.142.132.18-9618+[2001-1458-301-5a--100-6]-9618&alias=b9g12p2092.cern.ch&noUDP&sock=slot1_22_3416260_f822_74954>
...
040 (16630220.114.000) 02/18 00:42:48 Finished transferring input files
...
001 (16630220.114.000) 02/18 00:42:49 Job executing on host: <128.142.132.18:9618?addrs=128.142.132.18-9618+[2001-1458-301-5a--100-6]-9618&alias=b9g12p2092.cern.ch&noUDP&sock=startd_2417_707f>
	SlotName: slot1_22@b9g12p2092.cern.ch
	CondorScratchDir = "/pool/condor/dir_1835600"
	Cpus = 1
	Disk = 2591
	GPUs = 0
	Memory = 3000
...
006 (16630220.114.000) 02/18 00:42:58 Image size of job updated: 2044
	2  -  MemoryUsage of job (MB)
	2044  -  ResidentSetSize of job (KB)
...
006 (16630220.114.000) 02/18 00:47:59 Image size of job updated: 364840
	357  -  MemoryUsage of job (MB)
	364840  -  ResidentSetSize of job (KB)
...
006 (16630220.114.000) 02/18 00:53:00 Image size of job updated: 403956
	395  -  MemoryUsage of job (MB)
	403956  -  ResidentSetSize of job (KB)
...
040 (16630220.114.000) 02/18 01:47:16 Started transferring output files
...
040 (16630220.114.000) 02/18 01:47:16 Finished transferring output files
...
005 (16630220.114.000) 02/18 01:47:16 Job terminated.
	(1) Normal termination (return value 0)
		Usr 0 01:02:09, Sys 0 00:00:08  -  Run Remote Usage
		Usr 0 00:00:00, Sys 0 00:00:00  -  Run Local Usage
		Usr 0 01:02:09, Sys 0 00:00:08  -  Total Remote Usage
		Usr 0 00:00:00, Sys 0 00:00:00  -  Total Local Usage
	8155  -  Run Bytes Sent By Job
	10428  -  Run Bytes Received By Job
	8155  -  Total Bytes Sent By Job
	10428  -  Total Bytes Received By Job
	Partitionable Resources :    Usage  Request Allocated 
	   Cpus                 :     0.99        1         1 
	   Disk (KB)            :    81          12      2591 
	   GPUs                 :                           0 
	   Memory (MB)          :   395        3000      3000 

	Job terminated of its own accord at 2025-02-18T00:47:16Z with exit-code 0.
...
