000 (16630220.451.000) 02/18 00:26:51 Job submitted from host: <188.185.72.155:9618?addrs=188.185.72.155-9618+[2001-1458-d00-8--100-95]-9618&alias=bigbird08.cern.ch&noUDP&sock=schedd_862983_22fa>
...
040 (16630220.451.000) 02/18 00:52:51 Started transferring input files
	Transferring to host: <188.185.195.39:9618?addrs=188.185.195.39-9618+[2001-1458-303-22--100-23]-9618&alias=b9p17p4903.cern.ch&noUDP&sock=slot1_12_470046_ade3_11641>
...
040 (16630220.451.000) 02/18 00:52:51 Finished transferring input files
...
001 (16630220.451.000) 02/18 00:52:52 Job executing on host: <188.185.195.39:9618?addrs=188.185.195.39-9618+[2001-1458-303-22--100-23]-9618&alias=b9p17p4903.cern.ch&noUDP&sock=startd_7209_5a54>
	SlotName: slot1_12@b9p17p4903.cern.ch
	CondorScratchDir = "/pool/condor/dir_2404976"
	Cpus = 1
	Disk = 3754
	GPUs = 0
	Memory = 3000
...
006 (16630220.451.000) 02/18 00:53:01 Image size of job updated: 119280
	117  -  MemoryUsage of job (MB)
	119280  -  ResidentSetSize of job (KB)
...
006 (16630220.451.000) 02/18 00:58:02 Image size of job updated: 162308
	159  -  MemoryUsage of job (MB)
	162308  -  ResidentSetSize of job (KB)
...
006 (16630220.451.000) 02/18 01:03:03 Image size of job updated: 175840
	172  -  MemoryUsage of job (MB)
	175840  -  ResidentSetSize of job (KB)
...
006 (16630220.451.000) 02/18 01:08:03 Image size of job updated: 182032
	178  -  MemoryUsage of job (MB)
	182032  -  ResidentSetSize of job (KB)
...
006 (16630220.451.000) 02/18 01:18:04 Image size of job updated: 199152
	195  -  MemoryUsage of job (MB)
	199152  -  ResidentSetSize of job (KB)
...
006 (16630220.451.000) 02/18 01:23:05 Image size of job updated: 205308
	201  -  MemoryUsage of job (MB)
	205308  -  ResidentSetSize of job (KB)
...
006 (16630220.451.000) 02/18 01:28:05 Image size of job updated: 210176
	206  -  MemoryUsage of job (MB)
	210176  -  ResidentSetSize of job (KB)
...
040 (16630220.451.000) 02/18 01:29:21 Started transferring output files
...
040 (16630220.451.000) 02/18 01:29:21 Finished transferring output files
...
005 (16630220.451.000) 02/18 01:29:21 Job terminated.
	(1) Normal termination (return value 0)
		Usr 0 00:35:47, Sys 0 00:00:03  -  Run Remote Usage
		Usr 0 00:00:00, Sys 0 00:00:00  -  Run Local Usage
		Usr 0 00:35:47, Sys 0 00:00:03  -  Total Remote Usage
		Usr 0 00:00:00, Sys 0 00:00:00  -  Total Local Usage
	8155  -  Run Bytes Sent By Job
	10428  -  Run Bytes Received By Job
	8155  -  Total Bytes Sent By Job
	10428  -  Total Bytes Received By Job
	Partitionable Resources :    Usage  Request Allocated 
	   Cpus                 :     0.99        1         1 
	   Disk (KB)            :    81          12      3754 
	   GPUs                 :                           0 
	   Memory (MB)          :   206        3000      3000 

	Job terminated of its own accord at 2025-02-18T00:29:21Z with exit-code 0.
...
