000 (16630220.225.000) 02/18 00:26:51 Job submitted from host: <188.185.72.155:9618?addrs=188.185.72.155-9618+[2001-1458-d00-8--100-95]-9618&alias=bigbird08.cern.ch&noUDP&sock=schedd_862983_22fa>
...
040 (16630220.225.000) 02/18 00:48:52 Started transferring input files
	Transferring to host: <128.142.132.191:9618?addrs=128.142.132.191-9618+[2001-1458-301-5a--100-b3]-9618&alias=b9g12p4487.cern.ch&noUDP&sock=slot1_28_2771_2b8a_114599>
...
040 (16630220.225.000) 02/18 00:48:52 Finished transferring input files
...
001 (16630220.225.000) 02/18 00:48:53 Job executing on host: <128.142.132.191:9618?addrs=128.142.132.191-9618+[2001-1458-301-5a--100-b3]-9618&alias=b9g12p4487.cern.ch&noUDP&sock=startd_2422_de78>
	SlotName: slot1_28@b9g12p4487.cern.ch
	CondorScratchDir = "/pool/condor/dir_1701276"
	Cpus = 1
	Disk = 2642
	GPUs = 0
	Memory = 3000
...
006 (16630220.225.000) 02/18 00:49:02 Image size of job updated: 88332
	87  -  MemoryUsage of job (MB)
	88332  -  ResidentSetSize of job (KB)
...
006 (16630220.225.000) 02/18 00:54:03 Image size of job updated: 144372
	141  -  MemoryUsage of job (MB)
	144372  -  ResidentSetSize of job (KB)
...
006 (16630220.225.000) 02/18 00:59:03 Image size of job updated: 166316
	163  -  MemoryUsage of job (MB)
	166316  -  ResidentSetSize of job (KB)
...
006 (16630220.225.000) 02/18 01:04:04 Image size of job updated: 171616
	168  -  MemoryUsage of job (MB)
	171616  -  ResidentSetSize of job (KB)
...
006 (16630220.225.000) 02/18 01:09:05 Image size of job updated: 174524
	171  -  MemoryUsage of job (MB)
	174524  -  ResidentSetSize of job (KB)
...
006 (16630220.225.000) 02/18 01:14:05 Image size of job updated: 177432
	174  -  MemoryUsage of job (MB)
	177432  -  ResidentSetSize of job (KB)
...
006 (16630220.225.000) 02/18 01:24:06 Image size of job updated: 189608
	186  -  MemoryUsage of job (MB)
	189608  -  ResidentSetSize of job (KB)
...
006 (16630220.225.000) 02/18 01:29:06 Image size of job updated: 193104
	189  -  MemoryUsage of job (MB)
	193104  -  ResidentSetSize of job (KB)
...
006 (16630220.225.000) 02/18 01:34:06 Image size of job updated: 194004
	190  -  MemoryUsage of job (MB)
	194004  -  ResidentSetSize of job (KB)
...
006 (16630220.225.000) 02/18 01:39:07 Image size of job updated: 197188
	193  -  MemoryUsage of job (MB)
	197188  -  ResidentSetSize of job (KB)
...
006 (16630220.225.000) 02/18 01:44:08 Image size of job updated: 202248
	198  -  MemoryUsage of job (MB)
	202248  -  ResidentSetSize of job (KB)
...
040 (16630220.225.000) 02/18 01:48:20 Started transferring output files
...
040 (16630220.225.000) 02/18 01:48:20 Finished transferring output files
...
005 (16630220.225.000) 02/18 01:48:20 Job terminated.
	(1) Normal termination (return value 0)
		Usr 0 00:58:25, Sys 0 00:00:09  -  Run Remote Usage
		Usr 0 00:00:00, Sys 0 00:00:00  -  Run Local Usage
		Usr 0 00:58:25, Sys 0 00:00:09  -  Total Remote Usage
		Usr 0 00:00:00, Sys 0 00:00:00  -  Total Local Usage
	8155  -  Run Bytes Sent By Job
	10428  -  Run Bytes Received By Job
	8155  -  Total Bytes Sent By Job
	10428  -  Total Bytes Received By Job
	Partitionable Resources :    Usage  Request Allocated 
	   Cpus                 :     0.96        1         1 
	   Disk (KB)            :    81          12      2642 
	   GPUs                 :                           0 
	   Memory (MB)          :   198        3000      3000 

	Job terminated of its own accord at 2025-02-18T00:48:20Z with exit-code 0.
...
