000 (16630220.108.000) 02/18 00:26:50 Job submitted from host: <188.185.72.155:9618?addrs=188.185.72.155-9618+[2001-1458-d00-8--100-95]-9618&alias=bigbird08.cern.ch&noUDP&sock=schedd_862983_22fa>
...
040 (16630220.108.000) 02/18 00:42:47 Started transferring input files
	Transferring to host: <128.142.196.51:9618?addrs=128.142.196.51-9618+[2001-1458-301-3c--100-31]-9618&alias=b9g32p1086.cern.ch&noUDP&sock=slot1_15_3179254_cd3c_1485>
...
040 (16630220.108.000) 02/18 00:42:47 Finished transferring input files
...
001 (16630220.108.000) 02/18 00:42:48 Job executing on host: <128.142.196.51:9618?addrs=128.142.196.51-9618+[2001-1458-301-3c--100-31]-9618&alias=b9g32p1086.cern.ch&noUDP&sock=startd_2623_bd01>
	SlotName: slot1_15@b9g32p1086.cern.ch
	CondorScratchDir = "/pool/condor/dir_2802035"
	Cpus = 1
	Disk = 3909
	GPUs = 0
	Memory = 3000
...
006 (16630220.108.000) 02/18 00:42:57 Image size of job updated: 195028
	191  -  MemoryUsage of job (MB)
	195028  -  ResidentSetSize of job (KB)
...
006 (16630220.108.000) 02/18 00:47:58 Image size of job updated: 431548
	422  -  MemoryUsage of job (MB)
	431548  -  ResidentSetSize of job (KB)
...
006 (16630220.108.000) 02/18 00:52:59 Image size of job updated: 437892
	428  -  MemoryUsage of job (MB)
	437892  -  ResidentSetSize of job (KB)
...
040 (16630220.108.000) 02/18 01:20:33 Started transferring output files
...
040 (16630220.108.000) 02/18 01:20:33 Finished transferring output files
...
005 (16630220.108.000) 02/18 01:20:33 Job terminated.
	(1) Normal termination (return value 0)
		Usr 0 00:36:07, Sys 0 00:00:09  -  Run Remote Usage
		Usr 0 00:00:00, Sys 0 00:00:00  -  Run Local Usage
		Usr 0 00:36:07, Sys 0 00:00:09  -  Total Remote Usage
		Usr 0 00:00:00, Sys 0 00:00:00  -  Total Local Usage
	8155  -  Run Bytes Sent By Job
	10428  -  Run Bytes Received By Job
	8155  -  Total Bytes Sent By Job
	10428  -  Total Bytes Received By Job
	Partitionable Resources :    Usage  Request Allocated 
	   Cpus                 :     0.99        1         1 
	   Disk (KB)            :    80          12      3909 
	   GPUs                 :                           0 
	   Memory (MB)          :   428        3000      3000 

	Job terminated of its own accord at 2025-02-18T00:20:33Z with exit-code 0.
...
