000 (16630220.325.000) 02/18 00:26:51 Job submitted from host: <188.185.72.155:9618?addrs=188.185.72.155-9618+[2001-1458-d00-8--100-95]-9618&alias=bigbird08.cern.ch&noUDP&sock=schedd_862983_22fa>
...
040 (16630220.325.000) 02/18 00:49:30 Started transferring input files
	Transferring to host: <128.142.161.79:9618?addrs=128.142.161.79-9618+[2001-1458-301-b8--100-d]-9618&alias=b9g03p9237.cern.ch&noUDP&sock=slot1_15_3176796_eb18_7370>
...
040 (16630220.325.000) 02/18 00:49:30 Finished transferring input files
...
001 (16630220.325.000) 02/18 00:49:31 Job executing on host: <128.142.161.79:9618?addrs=128.142.161.79-9618+[2001-1458-301-b8--100-d]-9618&alias=b9g03p9237.cern.ch&noUDP&sock=startd_3184_89a2>
	SlotName: slot1_15@b9g03p9237.cern.ch
	CondorScratchDir = "/pool/condor/dir_2386044"
	Cpus = 1
	Disk = 4016
	GPUs = 0
	Memory = 3000
...
006 (16630220.325.000) 02/18 00:49:39 Image size of job updated: 2936
	3  -  MemoryUsage of job (MB)
	2936  -  ResidentSetSize of job (KB)
...
006 (16630220.325.000) 02/18 00:54:39 Image size of job updated: 807076
	789  -  MemoryUsage of job (MB)
	807076  -  ResidentSetSize of job (KB)
...
006 (16630220.325.000) 02/18 00:59:40 Image size of job updated: 847232
	828  -  MemoryUsage of job (MB)
	847232  -  ResidentSetSize of job (KB)
...
040 (16630220.325.000) 02/18 01:48:54 Started transferring output files
...
040 (16630220.325.000) 02/18 01:48:54 Finished transferring output files
...
005 (16630220.325.000) 02/18 01:48:54 Job terminated.
	(1) Normal termination (return value 0)
		Usr 0 00:56:06, Sys 0 00:00:17  -  Run Remote Usage
		Usr 0 00:00:00, Sys 0 00:00:00  -  Run Local Usage
		Usr 0 00:56:06, Sys 0 00:00:17  -  Total Remote Usage
		Usr 0 00:00:00, Sys 0 00:00:00  -  Total Local Usage
	8155  -  Run Bytes Sent By Job
	10428  -  Run Bytes Received By Job
	8155  -  Total Bytes Sent By Job
	10428  -  Total Bytes Received By Job
	Partitionable Resources :    Usage  Request Allocated 
	   Cpus                 :     0.97        1         1 
	   Disk (KB)            :    80          12      4016 
	   GPUs                 :                           0 
	   Memory (MB)          :   828        3000      3000 

	Job terminated of its own accord at 2025-02-18T00:48:54Z with exit-code 0.
...
