000 (16630220.401.000) 02/18 00:26:51 Job submitted from host: <188.185.72.155:9618?addrs=188.185.72.155-9618+[2001-1458-d00-8--100-95]-9618&alias=bigbird08.cern.ch&noUDP&sock=schedd_862983_22fa>
...
040 (16630220.401.000) 02/18 00:49:57 Started transferring input files
	Transferring to host: <188.185.198.45:9618?addrs=188.185.198.45-9618+[2001-1458-303-25--100-29]-9618&alias=b9p15p6291.cern.ch&noUDP&sock=slot1_36_3836774_1fae_5818>
...
040 (16630220.401.000) 02/18 00:49:57 Finished transferring input files
...
001 (16630220.401.000) 02/18 00:49:58 Job executing on host: <188.185.198.45:9618?addrs=188.185.198.45-9618+[2001-1458-303-25--100-29]-9618&alias=b9p15p6291.cern.ch&noUDP&sock=startd_6558_d22d>
	SlotName: slot1_36@b9p15p6291.cern.ch
	CondorScratchDir = "/pool/condor/dir_215387"
	Cpus = 1
	Disk = 3737
	GPUs = 0
	Memory = 3000
...
006 (16630220.401.000) 02/18 00:50:06 Image size of job updated: 89548
	88  -  MemoryUsage of job (MB)
	89548  -  ResidentSetSize of job (KB)
...
006 (16630220.401.000) 02/18 00:55:06 Image size of job updated: 153740
	151  -  MemoryUsage of job (MB)
	153740  -  ResidentSetSize of job (KB)
...
006 (16630220.401.000) 02/18 01:00:07 Image size of job updated: 193580
	190  -  MemoryUsage of job (MB)
	193580  -  ResidentSetSize of job (KB)
...
006 (16630220.401.000) 02/18 01:30:10 Image size of job updated: 193768
	190  -  MemoryUsage of job (MB)
	193768  -  ResidentSetSize of job (KB)
...
006 (16630220.401.000) 02/18 01:35:11 Image size of job updated: 196912
	193  -  MemoryUsage of job (MB)
	196912  -  ResidentSetSize of job (KB)
...
006 (16630220.401.000) 02/18 01:40:11 Image size of job updated: 200692
	196  -  MemoryUsage of job (MB)
	200692  -  ResidentSetSize of job (KB)
...
040 (16630220.401.000) 02/18 01:40:21 Started transferring output files
...
040 (16630220.401.000) 02/18 01:40:21 Finished transferring output files
...
005 (16630220.401.000) 02/18 01:40:21 Job terminated.
	(1) Normal termination (return value 0)
		Usr 0 00:49:18, Sys 0 00:00:04  -  Run Remote Usage
		Usr 0 00:00:00, Sys 0 00:00:00  -  Run Local Usage
		Usr 0 00:49:18, Sys 0 00:00:04  -  Total Remote Usage
		Usr 0 00:00:00, Sys 0 00:00:00  -  Total Local Usage
	8155  -  Run Bytes Sent By Job
	10428  -  Run Bytes Received By Job
	8155  -  Total Bytes Sent By Job
	10428  -  Total Bytes Received By Job
	Partitionable Resources :    Usage  Request Allocated 
	   Cpus                 :     0.99        1         1 
	   Disk (KB)            :    81          12      3737 
	   GPUs                 :                           0 
	   Memory (MB)          :   196        3000      3000 

	Job terminated of its own accord at 2025-02-18T00:40:21Z with exit-code 0.
...
