000 (16630220.236.000) 02/18 00:26:51 Job submitted from host: <188.185.72.155:9618?addrs=188.185.72.155-9618+[2001-1458-d00-8--100-95]-9618&alias=bigbird08.cern.ch&noUDP&sock=schedd_862983_22fa>
...
040 (16630220.236.000) 02/18 00:48:56 Started transferring input files
	Transferring to host: <188.185.210.195:9618?addrs=188.185.210.195-9618+[2001-1458-303-15--100-3f]-9618&alias=b9p22p8302.cern.ch&noUDP&sock=slot1_20_2493927_eec0_34013>
...
040 (16630220.236.000) 02/18 00:48:56 Finished transferring input files
...
001 (16630220.236.000) 02/18 00:48:57 Job executing on host: <188.185.210.195:9618?addrs=188.185.210.195-9618+[2001-1458-303-15--100-3f]-9618&alias=b9p22p8302.cern.ch&noUDP&sock=startd_3544_77bb>
	SlotName: slot1_20@b9p22p8302.cern.ch
	CondorScratchDir = "/pool/condor/dir_1771820"
	Cpus = 1
	Disk = 3737
	GPUs = 0
	Memory = 3000
...
006 (16630220.236.000) 02/18 00:49:06 Image size of job updated: 99556
	98  -  MemoryUsage of job (MB)
	99556  -  ResidentSetSize of job (KB)
...
006 (16630220.236.000) 02/18 00:54:07 Image size of job updated: 233528
	229  -  MemoryUsage of job (MB)
	233528  -  ResidentSetSize of job (KB)
...
006 (16630220.236.000) 02/18 00:59:08 Image size of job updated: 239328
	234  -  MemoryUsage of job (MB)
	239328  -  ResidentSetSize of job (KB)
...
040 (16630220.236.000) 02/18 01:34:01 Started transferring output files
...
040 (16630220.236.000) 02/18 01:34:01 Finished transferring output files
...
005 (16630220.236.000) 02/18 01:34:01 Job terminated.
	(1) Normal termination (return value 0)
		Usr 0 00:42:46, Sys 0 00:00:17  -  Run Remote Usage
		Usr 0 00:00:00, Sys 0 00:00:00  -  Run Local Usage
		Usr 0 00:42:46, Sys 0 00:00:17  -  Total Remote Usage
		Usr 0 00:00:00, Sys 0 00:00:00  -  Total Local Usage
	8155  -  Run Bytes Sent By Job
	10428  -  Run Bytes Received By Job
	8155  -  Total Bytes Sent By Job
	10428  -  Total Bytes Received By Job
	Partitionable Resources :    Usage  Request Allocated 
	   Cpus                 :     0.98        1         1 
	   Disk (KB)            :    80          12      3737 
	   GPUs                 :                           0 
	   Memory (MB)          :   234        3000      3000 

	Job terminated of its own accord at 2025-02-18T00:34:01Z with exit-code 0.
...
