000 (16630220.445.000) 02/18 00:26:51 Job submitted from host: <188.185.72.155:9618?addrs=188.185.72.155-9618+[2001-1458-d00-8--100-95]-9618&alias=bigbird08.cern.ch&noUDP&sock=schedd_862983_22fa>
...
040 (16630220.445.000) 02/18 00:52:50 Started transferring input files
	Transferring to host: <188.185.196.125:9618?addrs=188.185.196.125-9618+[2001-1458-303-23--100-79]-9618&alias=b9p16p7663.cern.ch&noUDP&sock=slot1_19_2800435_8bf0_3505>
...
040 (16630220.445.000) 02/18 00:52:50 Finished transferring input files
...
001 (16630220.445.000) 02/18 00:52:51 Job executing on host: <188.185.196.125:9618?addrs=188.185.196.125-9618+[2001-1458-303-23--100-79]-9618&alias=b9p16p7663.cern.ch&noUDP&sock=startd_5289_647e>
	SlotName: slot1_19@b9p16p7663.cern.ch
	CondorScratchDir = "/pool/condor/dir_2120824"
	Cpus = 1
	Disk = 3762
	GPUs = 0
	Memory = 3000
...
006 (16630220.445.000) 02/18 00:53:00 Image size of job updated: 2992
	3  -  MemoryUsage of job (MB)
	2992  -  ResidentSetSize of job (KB)
...
006 (16630220.445.000) 02/18 00:58:01 Image size of job updated: 1222264
	1194  -  MemoryUsage of job (MB)
	1222264  -  ResidentSetSize of job (KB)
...
040 (16630220.445.000) 02/18 01:01:36 Started transferring output files
...
040 (16630220.445.000) 02/18 01:01:36 Finished transferring output files
...
005 (16630220.445.000) 02/18 01:01:36 Job terminated.
	(1) Normal termination (return value 0)
		Usr 0 00:07:12, Sys 0 00:00:04  -  Run Remote Usage
		Usr 0 00:00:00, Sys 0 00:00:00  -  Run Local Usage
		Usr 0 00:07:12, Sys 0 00:00:04  -  Total Remote Usage
		Usr 0 00:00:00, Sys 0 00:00:00  -  Total Local Usage
	7987  -  Run Bytes Sent By Job
	10428  -  Run Bytes Received By Job
	7987  -  Total Bytes Sent By Job
	10428  -  Total Bytes Received By Job
	Partitionable Resources :    Usage  Request Allocated 
	   Cpus                 :     0.99        1         1 
	   Disk (KB)            :    80          12      3762 
	   GPUs                 :                           0 
	   Memory (MB)          :  1194        3000      3000 

	Job terminated of its own accord at 2025-02-18T00:01:36Z with exit-code 0.
...
