000 (16630220.205.000) 02/18 00:26:50 Job submitted from host: <188.185.72.155:9618?addrs=188.185.72.155-9618+[2001-1458-d00-8--100-95]-9618&alias=bigbird08.cern.ch&noUDP&sock=schedd_862983_22fa>
...
040 (16630220.205.000) 02/18 00:48:25 Started transferring input files
	Transferring to host: <188.185.193.59:9618?addrs=188.185.193.59-9618+[2001-1458-303-20--100-37]-9618&alias=b9p19p2774.cern.ch&noUDP&sock=slot1_24_3083628_a24c_2366>
...
040 (16630220.205.000) 02/18 00:48:25 Finished transferring input files
...
001 (16630220.205.000) 02/18 00:48:34 Job executing on host: <188.185.193.59:9618?addrs=188.185.193.59-9618+[2001-1458-303-20--100-37]-9618&alias=b9p19p2774.cern.ch&noUDP&sock=startd_7480_3c7f>
	SlotName: slot1_24@b9p19p2774.cern.ch
	CondorScratchDir = "/pool/condor/dir_3954426"
	Cpus = 1
	Disk = 3866
	GPUs = 0
	Memory = 3000
...
006 (16630220.205.000) 02/18 00:48:42 Image size of job updated: 88492
	87  -  MemoryUsage of job (MB)
	88492  -  ResidentSetSize of job (KB)
...
006 (16630220.205.000) 02/18 00:53:42 Image size of job updated: 191764
	188  -  MemoryUsage of job (MB)
	191764  -  ResidentSetSize of job (KB)
...
006 (16630220.205.000) 02/18 00:58:43 Image size of job updated: 197996
	194  -  MemoryUsage of job (MB)
	197996  -  ResidentSetSize of job (KB)
...
006 (16630220.205.000) 02/18 01:43:47 Image size of job updated: 200104
	196  -  MemoryUsage of job (MB)
	200104  -  ResidentSetSize of job (KB)
...
040 (16630220.205.000) 02/18 01:45:07 Started transferring output files
...
040 (16630220.205.000) 02/18 01:45:07 Finished transferring output files
...
005 (16630220.205.000) 02/18 01:45:07 Job terminated.
	(1) Normal termination (return value 0)
		Usr 0 00:55:01, Sys 0 00:00:05  -  Run Remote Usage
		Usr 0 00:00:00, Sys 0 00:00:00  -  Run Local Usage
		Usr 0 00:55:01, Sys 0 00:00:05  -  Total Remote Usage
		Usr 0 00:00:00, Sys 0 00:00:00  -  Total Local Usage
	8153  -  Run Bytes Sent By Job
	10428  -  Run Bytes Received By Job
	8153  -  Total Bytes Sent By Job
	10428  -  Total Bytes Received By Job
	Partitionable Resources :    Usage  Request Allocated 
	   Cpus                 :     0.98        1         1 
	   Disk (KB)            :    80          12      3866 
	   GPUs                 :                           0 
	   Memory (MB)          :   196        3000      3000 

	Job terminated of its own accord at 2025-02-18T00:45:07Z with exit-code 0.
...
