000 (16630220.362.000) 02/18 00:26:51 Job submitted from host: <188.185.72.155:9618?addrs=188.185.72.155-9618+[2001-1458-d00-8--100-95]-9618&alias=bigbird08.cern.ch&noUDP&sock=schedd_862983_22fa>
...
040 (16630220.362.000) 02/18 00:49:42 Started transferring input files
	Transferring to host: <128.142.161.79:9618?addrs=128.142.161.79-9618+[2001-1458-301-b8--100-d]-9618&alias=b9g03p9237.cern.ch&noUDP&sock=slot1_29_3176796_eb18_7371>
...
040 (16630220.362.000) 02/18 00:49:42 Finished transferring input files
...
001 (16630220.362.000) 02/18 00:49:43 Job executing on host: <128.142.161.79:9618?addrs=128.142.161.79-9618+[2001-1458-301-b8--100-d]-9618&alias=b9g03p9237.cern.ch&noUDP&sock=startd_3184_89a2>
	SlotName: slot1_29@b9g03p9237.cern.ch
	CondorScratchDir = "/pool/condor/dir_2387328"
	Cpus = 1
	Disk = 4016
	GPUs = 0
	Memory = 3000
...
006 (16630220.362.000) 02/18 00:49:52 Image size of job updated: 2060
	3  -  MemoryUsage of job (MB)
	2060  -  ResidentSetSize of job (KB)
...
006 (16630220.362.000) 02/18 00:54:53 Image size of job updated: 351836
	344  -  MemoryUsage of job (MB)
	351836  -  ResidentSetSize of job (KB)
...
006 (16630220.362.000) 02/18 00:59:54 Image size of job updated: 392256
	384  -  MemoryUsage of job (MB)
	392256  -  ResidentSetSize of job (KB)
...
040 (16630220.362.000) 02/18 01:48:15 Started transferring output files
...
040 (16630220.362.000) 02/18 01:48:15 Finished transferring output files
...
005 (16630220.362.000) 02/18 01:48:16 Job terminated.
	(1) Normal termination (return value 0)
		Usr 0 00:55:22, Sys 0 00:00:17  -  Run Remote Usage
		Usr 0 00:00:00, Sys 0 00:00:00  -  Run Local Usage
		Usr 0 00:55:22, Sys 0 00:00:17  -  Total Remote Usage
		Usr 0 00:00:00, Sys 0 00:00:00  -  Total Local Usage
	8155  -  Run Bytes Sent By Job
	10428  -  Run Bytes Received By Job
	8155  -  Total Bytes Sent By Job
	10428  -  Total Bytes Received By Job
	Partitionable Resources :    Usage  Request Allocated 
	   Cpus                 :     0.98        1         1 
	   Disk (KB)            :    80          12      4016 
	   GPUs                 :                           0 
	   Memory (MB)          :   384        3000      3000 

	Job terminated of its own accord at 2025-02-18T00:48:15Z with exit-code 0.
...
