000 (16630220.406.000) 02/18 00:26:51 Job submitted from host: <188.185.72.155:9618?addrs=188.185.72.155-9618+[2001-1458-d00-8--100-95]-9618&alias=bigbird08.cern.ch&noUDP&sock=schedd_862983_22fa>
...
040 (16630220.406.000) 02/18 00:49:59 Started transferring input files
	Transferring to host: <188.185.196.15:9618?addrs=188.185.196.15-9618+[2001-1458-303-23--100-b]-9618&alias=b9p16p7545.cern.ch&noUDP&sock=slot1_32_4104111_3985_5049>
...
040 (16630220.406.000) 02/18 00:49:59 Finished transferring input files
...
001 (16630220.406.000) 02/18 00:50:00 Job executing on host: <188.185.196.15:9618?addrs=188.185.196.15-9618+[2001-1458-303-23--100-b]-9618&alias=b9p16p7545.cern.ch&noUDP&sock=startd_8400_47a0>
	SlotName: slot1_32@b9p16p7545.cern.ch
	CondorScratchDir = "/pool/condor/dir_1162182"
	Cpus = 1
	Disk = 3776
	GPUs = 0
	Memory = 3000
...
006 (16630220.406.000) 02/18 00:50:08 Image size of job updated: 88536
	87  -  MemoryUsage of job (MB)
	88536  -  ResidentSetSize of job (KB)
...
006 (16630220.406.000) 02/18 00:55:08 Image size of job updated: 126280
	124  -  MemoryUsage of job (MB)
	126280  -  ResidentSetSize of job (KB)
...
006 (16630220.406.000) 02/18 01:00:09 Image size of job updated: 166852
	163  -  MemoryUsage of job (MB)
	166852  -  ResidentSetSize of job (KB)
...
006 (16630220.406.000) 02/18 01:05:10 Image size of job updated: 172180
	169  -  MemoryUsage of job (MB)
	172180  -  ResidentSetSize of job (KB)
...
006 (16630220.406.000) 02/18 01:10:10 Image size of job updated: 175004
	171  -  MemoryUsage of job (MB)
	175004  -  ResidentSetSize of job (KB)
...
006 (16630220.406.000) 02/18 01:15:11 Image size of job updated: 175564
	172  -  MemoryUsage of job (MB)
	175564  -  ResidentSetSize of job (KB)
...
006 (16630220.406.000) 02/18 01:25:12 Image size of job updated: 189176
	185  -  MemoryUsage of job (MB)
	189176  -  ResidentSetSize of job (KB)
...
006 (16630220.406.000) 02/18 01:30:12 Image size of job updated: 191688
	188  -  MemoryUsage of job (MB)
	191688  -  ResidentSetSize of job (KB)
...
006 (16630220.406.000) 02/18 01:35:13 Image size of job updated: 194048
	190  -  MemoryUsage of job (MB)
	194048  -  ResidentSetSize of job (KB)
...
006 (16630220.406.000) 02/18 01:40:13 Image size of job updated: 198128
	194  -  MemoryUsage of job (MB)
	198128  -  ResidentSetSize of job (KB)
...
040 (16630220.406.000) 02/18 01:47:09 Started transferring output files
...
040 (16630220.406.000) 02/18 01:47:09 Finished transferring output files
...
005 (16630220.406.000) 02/18 01:47:09 Job terminated.
	(1) Normal termination (return value 0)
		Usr 0 00:56:15, Sys 0 00:00:03  -  Run Remote Usage
		Usr 0 00:00:00, Sys 0 00:00:00  -  Run Local Usage
		Usr 0 00:56:15, Sys 0 00:00:03  -  Total Remote Usage
		Usr 0 00:00:00, Sys 0 00:00:00  -  Total Local Usage
	8155  -  Run Bytes Sent By Job
	10428  -  Run Bytes Received By Job
	8155  -  Total Bytes Sent By Job
	10428  -  Total Bytes Received By Job
	Partitionable Resources :    Usage  Request Allocated 
	   Cpus                 :     0.99        1         1 
	   Disk (KB)            :    80          12      3776 
	   GPUs                 :                           0 
	   Memory (MB)          :   194        3000      3000 

	Job terminated of its own accord at 2025-02-18T00:47:09Z with exit-code 0.
...
