000 (16630220.097.000) 02/18 00:26:50 Job submitted from host: <188.185.72.155:9618?addrs=188.185.72.155-9618+[2001-1458-d00-8--100-95]-9618&alias=bigbird08.cern.ch&noUDP&sock=schedd_862983_22fa>
...
040 (16630220.097.000) 02/18 00:28:06 Started transferring input files
	Transferring to host: <188.185.196.15:9618?addrs=188.185.196.15-9618+[2001-1458-303-23--100-b]-9618&alias=b9p16p7545.cern.ch&noUDP&sock=slot1_39_4104111_3985_5030>
...
040 (16630220.097.000) 02/18 00:28:06 Finished transferring input files
...
001 (16630220.097.000) 02/18 00:28:07 Job executing on host: <188.185.196.15:9618?addrs=188.185.196.15-9618+[2001-1458-303-23--100-b]-9618&alias=b9p16p7545.cern.ch&noUDP&sock=startd_8400_47a0>
	SlotName: slot1_39@b9p16p7545.cern.ch
	CondorScratchDir = "/pool/condor/dir_1125003"
	Cpus = 1
	Disk = 3808
	GPUs = 0
	Memory = 3000
...
006 (16630220.097.000) 02/18 00:28:15 Image size of job updated: 91148
	90  -  MemoryUsage of job (MB)
	91148  -  ResidentSetSize of job (KB)
...
006 (16630220.097.000) 02/18 00:33:15 Image size of job updated: 234216
	229  -  MemoryUsage of job (MB)
	234216  -  ResidentSetSize of job (KB)
...
006 (16630220.097.000) 02/18 00:38:17 Image size of job updated: 272924
	267  -  MemoryUsage of job (MB)
	272924  -  ResidentSetSize of job (KB)
...
006 (16630220.097.000) 02/18 00:43:17 Image size of job updated: 278120
	272  -  MemoryUsage of job (MB)
	278120  -  ResidentSetSize of job (KB)
...
006 (16630220.097.000) 02/18 00:48:17 Image size of job updated: 282200
	276  -  MemoryUsage of job (MB)
	282200  -  ResidentSetSize of job (KB)
...
006 (16630220.097.000) 02/18 00:58:19 Image size of job updated: 293472
	287  -  MemoryUsage of job (MB)
	293472  -  ResidentSetSize of job (KB)
...
040 (16630220.097.000) 02/18 01:17:58 Started transferring output files
...
040 (16630220.097.000) 02/18 01:17:58 Finished transferring output files
...
005 (16630220.097.000) 02/18 01:17:58 Job terminated.
	(1) Normal termination (return value 0)
		Usr 0 00:46:51, Sys 0 00:00:06  -  Run Remote Usage
		Usr 0 00:00:00, Sys 0 00:00:00  -  Run Local Usage
		Usr 0 00:46:51, Sys 0 00:00:06  -  Total Remote Usage
		Usr 0 00:00:00, Sys 0 00:00:00  -  Total Local Usage
	8152  -  Run Bytes Sent By Job
	10428  -  Run Bytes Received By Job
	8152  -  Total Bytes Sent By Job
	10428  -  Total Bytes Received By Job
	Partitionable Resources :    Usage  Request Allocated 
	   Cpus                 :     0.99        1         1 
	   Disk (KB)            :    80          12      3808 
	   GPUs                 :                           0 
	   Memory (MB)          :   287        3000      3000 

	Job terminated of its own accord at 2025-02-18T00:17:58Z with exit-code 0.
...
