000 (16630220.107.000) 02/18 00:26:50 Job submitted from host: <188.185.72.155:9618?addrs=188.185.72.155-9618+[2001-1458-d00-8--100-95]-9618&alias=bigbird08.cern.ch&noUDP&sock=schedd_862983_22fa>
...
040 (16630220.107.000) 02/18 00:42:51 Started transferring input files
	Transferring to host: <188.185.214.31:9618?addrs=188.185.214.31-9618+[2001-1458-303-1c--100-1b]-9618&alias=b9p29p8354.cern.ch&noUDP&sock=slot1_21_3994_e25b_150375>
...
040 (16630220.107.000) 02/18 00:42:51 Finished transferring input files
...
001 (16630220.107.000) 02/18 00:42:52 Job executing on host: <188.185.214.31:9618?addrs=188.185.214.31-9618+[2001-1458-303-1c--100-1b]-9618&alias=b9p29p8354.cern.ch&noUDP&sock=startd_3238_93c0>
	SlotName: slot1_21@b9p29p8354.cern.ch
	CondorScratchDir = "/pool/condor/dir_3992510"
	Cpus = 1
	Disk = 3817
	GPUs = 0
	Memory = 3000
...
006 (16630220.107.000) 02/18 00:43:01 Image size of job updated: 137404
	135  -  MemoryUsage of job (MB)
	137404  -  ResidentSetSize of job (KB)
...
006 (16630220.107.000) 02/18 00:48:02 Image size of job updated: 352536
	345  -  MemoryUsage of job (MB)
	352536  -  ResidentSetSize of job (KB)
...
006 (16630220.107.000) 02/18 00:53:02 Image size of job updated: 358196
	350  -  MemoryUsage of job (MB)
	358196  -  ResidentSetSize of job (KB)
...
006 (16630220.107.000) 02/18 00:58:02 Image size of job updated: 363608
	356  -  MemoryUsage of job (MB)
	363608  -  ResidentSetSize of job (KB)
...
040 (16630220.107.000) 02/18 01:24:42 Started transferring output files
...
040 (16630220.107.000) 02/18 01:24:42 Finished transferring output files
...
005 (16630220.107.000) 02/18 01:24:42 Job terminated.
	(1) Normal termination (return value 0)
		Usr 0 00:39:09, Sys 0 00:00:21  -  Run Remote Usage
		Usr 0 00:00:00, Sys 0 00:00:00  -  Run Local Usage
		Usr 0 00:39:09, Sys 0 00:00:21  -  Total Remote Usage
		Usr 0 00:00:00, Sys 0 00:00:00  -  Total Local Usage
	8155  -  Run Bytes Sent By Job
	10428  -  Run Bytes Received By Job
	8155  -  Total Bytes Sent By Job
	10428  -  Total Bytes Received By Job
	Partitionable Resources :    Usage  Request Allocated 
	   Cpus                 :     0.94        1         1 
	   Disk (KB)            :    81          12      3817 
	   GPUs                 :                           0 
	   Memory (MB)          :   356        3000      3000 

	Job terminated of its own accord at 2025-02-18T00:24:42Z with exit-code 0.
...
