000 (16630220.119.000) 02/18 00:26:50 Job submitted from host: <188.185.72.155:9618?addrs=188.185.72.155-9618+[2001-1458-d00-8--100-95]-9618&alias=bigbird08.cern.ch&noUDP&sock=schedd_862983_22fa>
...
040 (16630220.119.000) 02/18 00:42:50 Started transferring input files
	Transferring to host: <128.142.131.126:9618?addrs=128.142.131.126-9618+[2001-1458-301-59--100-72]-9618&alias=b9g11p0365.cern.ch&noUDP&sock=slot1_30_3018_3434_75131>
...
040 (16630220.119.000) 02/18 00:42:50 Finished transferring input files
...
001 (16630220.119.000) 02/18 00:42:51 Job executing on host: <128.142.131.126:9618?addrs=128.142.131.126-9618+[2001-1458-301-59--100-72]-9618&alias=b9g11p0365.cern.ch&noUDP&sock=startd_2644_247e>
	SlotName: slot1_30@b9g11p0365.cern.ch
	CondorScratchDir = "/pool/condor/dir_3939407"
	Cpus = 1
	Disk = 2547
	GPUs = 0
	Memory = 3000
...
006 (16630220.119.000) 02/18 00:42:59 Image size of job updated: 99076
	97  -  MemoryUsage of job (MB)
	99076  -  ResidentSetSize of job (KB)
...
006 (16630220.119.000) 02/18 00:47:59 Image size of job updated: 160452
	157  -  MemoryUsage of job (MB)
	160452  -  ResidentSetSize of job (KB)
...
006 (16630220.119.000) 02/18 00:53:00 Image size of job updated: 166448
	163  -  MemoryUsage of job (MB)
	166448  -  ResidentSetSize of job (KB)
...
006 (16630220.119.000) 02/18 00:58:01 Image size of job updated: 171496
	168  -  MemoryUsage of job (MB)
	171496  -  ResidentSetSize of job (KB)
...
006 (16630220.119.000) 02/18 01:03:01 Image size of job updated: 177828
	174  -  MemoryUsage of job (MB)
	177828  -  ResidentSetSize of job (KB)
...
006 (16630220.119.000) 02/18 01:13:03 Image size of job updated: 196972
	193  -  MemoryUsage of job (MB)
	196972  -  ResidentSetSize of job (KB)
...
006 (16630220.119.000) 02/18 01:18:03 Image size of job updated: 199580
	195  -  MemoryUsage of job (MB)
	199580  -  ResidentSetSize of job (KB)
...
006 (16630220.119.000) 02/18 01:23:03 Image size of job updated: 204764
	200  -  MemoryUsage of job (MB)
	204764  -  ResidentSetSize of job (KB)
...
006 (16630220.119.000) 02/18 01:28:04 Image size of job updated: 207576
	203  -  MemoryUsage of job (MB)
	207576  -  ResidentSetSize of job (KB)
...
040 (16630220.119.000) 02/18 01:29:08 Started transferring output files
...
040 (16630220.119.000) 02/18 01:29:08 Finished transferring output files
...
005 (16630220.119.000) 02/18 01:29:08 Job terminated.
	(1) Normal termination (return value 0)
		Usr 0 00:45:28, Sys 0 00:00:08  -  Run Remote Usage
		Usr 0 00:00:00, Sys 0 00:00:00  -  Run Local Usage
		Usr 0 00:45:28, Sys 0 00:00:08  -  Total Remote Usage
		Usr 0 00:00:00, Sys 0 00:00:00  -  Total Local Usage
	8155  -  Run Bytes Sent By Job
	10428  -  Run Bytes Received By Job
	8155  -  Total Bytes Sent By Job
	10428  -  Total Bytes Received By Job
	Partitionable Resources :    Usage  Request Allocated 
	   Cpus                 :     0.99        1         1 
	   Disk (KB)            :    81          12      2547 
	   GPUs                 :                           0 
	   Memory (MB)          :   203        3000      3000 

	Job terminated of its own accord at 2025-02-18T00:29:08Z with exit-code 0.
...
