000 (16630220.009.000) 02/18 00:26:50 Job submitted from host: <188.185.72.155:9618?addrs=188.185.72.155-9618+[2001-1458-d00-8--100-95]-9618&alias=bigbird08.cern.ch&noUDP&sock=schedd_862983_22fa>
...
040 (16630220.009.000) 02/18 00:27:35 Started transferring input files
	Transferring to host: <188.185.193.143:9618?addrs=188.185.193.143-9618+[2001-1458-303-20--100-8b]-9618&alias=b9p19p5754.cern.ch&noUDP&sock=slot1_31_986293_6484_98534>
...
040 (16630220.009.000) 02/18 00:27:35 Finished transferring input files
...
001 (16630220.009.000) 02/18 00:27:36 Job executing on host: <188.185.193.143:9618?addrs=188.185.193.143-9618+[2001-1458-303-20--100-8b]-9618&alias=b9p19p5754.cern.ch&noUDP&sock=startd_10348_721d>
	SlotName: slot1_31@b9p19p5754.cern.ch
	CondorScratchDir = "/pool/condor/dir_479432"
	Cpus = 1
	Disk = 3938
	GPUs = 0
	Memory = 3000
...
006 (16630220.009.000) 02/18 00:27:45 Image size of job updated: 198840
	195  -  MemoryUsage of job (MB)
	198840  -  ResidentSetSize of job (KB)
...
006 (16630220.009.000) 02/18 00:32:46 Image size of job updated: 894096
	874  -  MemoryUsage of job (MB)
	894096  -  ResidentSetSize of job (KB)
...
006 (16630220.009.000) 02/18 00:37:47 Image size of job updated: 930472
	909  -  MemoryUsage of job (MB)
	930472  -  ResidentSetSize of job (KB)
...
006 (16630220.009.000) 02/18 00:42:47 Image size of job updated: 931824
	910  -  MemoryUsage of job (MB)
	931824  -  ResidentSetSize of job (KB)
...
006 (16630220.009.000) 02/18 00:47:47 Image size of job updated: 936036
	915  -  MemoryUsage of job (MB)
	936036  -  ResidentSetSize of job (KB)
...
006 (16630220.009.000) 02/18 00:52:48 Image size of job updated: 938108
	917  -  MemoryUsage of job (MB)
	938108  -  ResidentSetSize of job (KB)
...
006 (16630220.009.000) 02/18 00:57:48 Image size of job updated: 951272
	929  -  MemoryUsage of job (MB)
	951272  -  ResidentSetSize of job (KB)
...
040 (16630220.009.000) 02/18 01:17:11 Started transferring output files
...
040 (16630220.009.000) 02/18 01:17:11 Finished transferring output files
...
005 (16630220.009.000) 02/18 01:17:11 Job terminated.
	(1) Normal termination (return value 0)
		Usr 0 00:46:06, Sys 0 00:00:08  -  Run Remote Usage
		Usr 0 00:00:00, Sys 0 00:00:00  -  Run Local Usage
		Usr 0 00:46:06, Sys 0 00:00:08  -  Total Remote Usage
		Usr 0 00:00:00, Sys 0 00:00:00  -  Total Local Usage
	8152  -  Run Bytes Sent By Job
	10428  -  Run Bytes Received By Job
	8152  -  Total Bytes Sent By Job
	10428  -  Total Bytes Received By Job
	Partitionable Resources :    Usage  Request Allocated 
	   Cpus                 :     0.99        1         1 
	   Disk (KB)            :    81          12      3938 
	   GPUs                 :                           0 
	   Memory (MB)          :   929        3000      3000 

	Job terminated of its own accord at 2025-02-18T00:17:11Z with exit-code 0.
...
