000 (16630220.150.000) 02/18 00:26:50 Job submitted from host: <188.185.72.155:9618?addrs=188.185.72.155-9618+[2001-1458-d00-8--100-95]-9618&alias=bigbird08.cern.ch&noUDP&sock=schedd_862983_22fa>
...
040 (16630220.150.000) 02/18 00:47:59 Started transferring input files
	Transferring to host: <128.142.192.161:9618?addrs=128.142.192.161-9618+[2001-1458-301-56--100-1d]-9618&alias=b9g18p0292.cern.ch&noUDP&sock=slot1_19_203604_2fd1_115817>
...
040 (16630220.150.000) 02/18 00:47:59 Finished transferring input files
...
001 (16630220.150.000) 02/18 00:48:00 Job executing on host: <128.142.192.161:9618?addrs=128.142.192.161-9618+[2001-1458-301-56--100-1d]-9618&alias=b9g18p0292.cern.ch&noUDP&sock=startd_4324_7b9a>
	SlotName: slot1_19@b9g18p0292.cern.ch
	CondorScratchDir = "/pool/condor/dir_1012581"
	Cpus = 1
	Disk = 3793
	GPUs = 0
	Memory = 3000
...
006 (16630220.150.000) 02/18 00:48:09 Image size of job updated: 2924
	3  -  MemoryUsage of job (MB)
	2924  -  ResidentSetSize of job (KB)
...
006 (16630220.150.000) 02/18 00:53:10 Image size of job updated: 1238896
	1210  -  MemoryUsage of job (MB)
	1238896  -  ResidentSetSize of job (KB)
...
006 (16630220.150.000) 02/18 00:58:11 Image size of job updated: 1243384
	1215  -  MemoryUsage of job (MB)
	1243384  -  ResidentSetSize of job (KB)
...
040 (16630220.150.000) 02/18 01:51:44 Started transferring output files
...
040 (16630220.150.000) 02/18 01:51:44 Finished transferring output files
...
005 (16630220.150.000) 02/18 01:51:44 Job terminated.
	(1) Normal termination (return value 0)
		Usr 0 01:00:50, Sys 0 00:00:16  -  Run Remote Usage
		Usr 0 00:00:00, Sys 0 00:00:00  -  Run Local Usage
		Usr 0 01:00:50, Sys 0 00:00:16  -  Total Remote Usage
		Usr 0 00:00:00, Sys 0 00:00:00  -  Total Local Usage
	8153  -  Run Bytes Sent By Job
	10428  -  Run Bytes Received By Job
	8153  -  Total Bytes Sent By Job
	10428  -  Total Bytes Received By Job
	Partitionable Resources :    Usage  Request Allocated 
	   Cpus                 :     0.99        1         1 
	   Disk (KB)            :    81          12      3793 
	   GPUs                 :                           0 
	   Memory (MB)          :  1215        3000      3000 

	Job terminated of its own accord at 2025-02-18T00:51:44Z with exit-code 0.
...
