000 (16630220.063.000) 02/18 00:26:50 Job submitted from host: <188.185.72.155:9618?addrs=188.185.72.155-9618+[2001-1458-d00-8--100-95]-9618&alias=bigbird08.cern.ch&noUDP&sock=schedd_862983_22fa>
...
040 (16630220.063.000) 02/18 00:27:52 Started transferring input files
	Transferring to host: <128.142.161.74:9618?addrs=128.142.161.74-9618+[2001-1458-301-b8--100-8]-9618&alias=b9g03p5829.cern.ch&noUDP&sock=slot1_23_3030_a8b4_2973>
...
040 (16630220.063.000) 02/18 00:27:52 Finished transferring input files
...
001 (16630220.063.000) 02/18 00:27:53 Job executing on host: <128.142.161.74:9618?addrs=128.142.161.74-9618+[2001-1458-301-b8--100-8]-9618&alias=b9g03p5829.cern.ch&noUDP&sock=startd_2549_faff>
	SlotName: slot1_23@b9g03p5829.cern.ch
	CondorScratchDir = "/pool/condor/dir_2395409"
	Cpus = 1
	Disk = 4043
	GPUs = 0
	Memory = 3000
...
006 (16630220.063.000) 02/18 00:28:01 Image size of job updated: 106888
	105  -  MemoryUsage of job (MB)
	106888  -  ResidentSetSize of job (KB)
...
006 (16630220.063.000) 02/18 00:33:02 Image size of job updated: 356156
	348  -  MemoryUsage of job (MB)
	356156  -  ResidentSetSize of job (KB)
...
006 (16630220.063.000) 02/18 00:38:03 Image size of job updated: 395976
	387  -  MemoryUsage of job (MB)
	395976  -  ResidentSetSize of job (KB)
...
006 (16630220.063.000) 02/18 00:43:03 Image size of job updated: 398532
	390  -  MemoryUsage of job (MB)
	398532  -  ResidentSetSize of job (KB)
...
006 (16630220.063.000) 02/18 00:48:03 Image size of job updated: 402960
	394  -  MemoryUsage of job (MB)
	402960  -  ResidentSetSize of job (KB)
...
006 (16630220.063.000) 02/18 00:53:04 Image size of job updated: 405940
	397  -  MemoryUsage of job (MB)
	405940  -  ResidentSetSize of job (KB)
...
006 (16630220.063.000) 02/18 00:58:04 Image size of job updated: 408516
	399  -  MemoryUsage of job (MB)
	408516  -  ResidentSetSize of job (KB)
...
040 (16630220.063.000) 02/18 01:34:51 Started transferring output files
...
040 (16630220.063.000) 02/18 01:34:51 Finished transferring output files
...
005 (16630220.063.000) 02/18 01:34:51 Job terminated.
	(1) Normal termination (return value 0)
		Usr 0 01:03:02, Sys 0 00:00:10  -  Run Remote Usage
		Usr 0 00:00:00, Sys 0 00:00:00  -  Run Local Usage
		Usr 0 01:03:02, Sys 0 00:00:10  -  Total Remote Usage
		Usr 0 00:00:00, Sys 0 00:00:00  -  Total Local Usage
	8152  -  Run Bytes Sent By Job
	10428  -  Run Bytes Received By Job
	8152  -  Total Bytes Sent By Job
	10428  -  Total Bytes Received By Job
	Partitionable Resources :    Usage  Request Allocated 
	   Cpus                 :     0.97        1         1 
	   Disk (KB)            :    80          12      4043 
	   GPUs                 :                           0 
	   Memory (MB)          :   399        3000      3000 

	Job terminated of its own accord at 2025-02-18T00:34:51Z with exit-code 0.
...
