000 (16630220.230.000) 02/18 00:26:51 Job submitted from host: <188.185.72.155:9618?addrs=188.185.72.155-9618+[2001-1458-d00-8--100-95]-9618&alias=bigbird08.cern.ch&noUDP&sock=schedd_862983_22fa>
...
040 (16630220.230.000) 02/18 00:48:54 Started transferring input files
	Transferring to host: <188.185.195.103:9618?addrs=188.185.195.103-9618+[2001-1458-303-22--100-63]-9618&alias=b9p17p7284.cern.ch&noUDP&sock=slot1_17_584775_a37d_14763>
...
040 (16630220.230.000) 02/18 00:48:54 Finished transferring input files
...
001 (16630220.230.000) 02/18 00:48:55 Job executing on host: <188.185.195.103:9618?addrs=188.185.195.103-9618+[2001-1458-303-22--100-63]-9618&alias=b9p17p7284.cern.ch&noUDP&sock=startd_7746_b0b0>
	SlotName: slot1_17@b9p17p7284.cern.ch
	CondorScratchDir = "/pool/condor/dir_2746977"
	Cpus = 1
	Disk = 3870
	GPUs = 0
	Memory = 3000
...
006 (16630220.230.000) 02/18 00:49:04 Image size of job updated: 2076
	3  -  MemoryUsage of job (MB)
	2076  -  ResidentSetSize of job (KB)
...
006 (16630220.230.000) 02/18 00:54:05 Image size of job updated: 171140
	168  -  MemoryUsage of job (MB)
	171140  -  ResidentSetSize of job (KB)
...
006 (16630220.230.000) 02/18 00:59:05 Image size of job updated: 176876
	173  -  MemoryUsage of job (MB)
	176876  -  ResidentSetSize of job (KB)
...
006 (16630220.230.000) 02/18 01:14:06 Image size of job updated: 179272
	176  -  MemoryUsage of job (MB)
	179272  -  ResidentSetSize of job (KB)
...
006 (16630220.230.000) 02/18 01:24:07 Image size of job updated: 194056
	190  -  MemoryUsage of job (MB)
	194056  -  ResidentSetSize of job (KB)
...
006 (16630220.230.000) 02/18 01:29:08 Image size of job updated: 198308
	194  -  MemoryUsage of job (MB)
	198308  -  ResidentSetSize of job (KB)
...
006 (16630220.230.000) 02/18 01:34:08 Image size of job updated: 201284
	197  -  MemoryUsage of job (MB)
	201284  -  ResidentSetSize of job (KB)
...
006 (16630220.230.000) 02/18 01:39:09 Image size of job updated: 206404
	202  -  MemoryUsage of job (MB)
	206404  -  ResidentSetSize of job (KB)
...
040 (16630220.230.000) 02/18 01:41:15 Started transferring output files
...
040 (16630220.230.000) 02/18 01:41:15 Finished transferring output files
...
005 (16630220.230.000) 02/18 01:41:15 Job terminated.
	(1) Normal termination (return value 0)
		Usr 0 00:50:54, Sys 0 00:00:06  -  Run Remote Usage
		Usr 0 00:00:00, Sys 0 00:00:00  -  Run Local Usage
		Usr 0 00:50:54, Sys 0 00:00:06  -  Total Remote Usage
		Usr 0 00:00:00, Sys 0 00:00:00  -  Total Local Usage
	8155  -  Run Bytes Sent By Job
	10428  -  Run Bytes Received By Job
	8155  -  Total Bytes Sent By Job
	10428  -  Total Bytes Received By Job
	Partitionable Resources :    Usage  Request Allocated 
	   Cpus                 :     0.99        1         1 
	   Disk (KB)            :    81          12      3870 
	   GPUs                 :                           0 
	   Memory (MB)          :   202        3000      3000 

	Job terminated of its own accord at 2025-02-18T00:41:15Z with exit-code 0.
...
