000 (16630220.072.000) 02/18 00:26:50 Job submitted from host: <188.185.72.155:9618?addrs=188.185.72.155-9618+[2001-1458-d00-8--100-95]-9618&alias=bigbird08.cern.ch&noUDP&sock=schedd_862983_22fa>
...
040 (16630220.072.000) 02/18 00:27:55 Started transferring input files
	Transferring to host: <128.142.161.141:9618?addrs=128.142.161.141-9618+[2001-1458-301-b9--100-a]-9618&alias=b9g03p9566.cern.ch&noUDP&sock=slot1_19_2178531_eb26_4531>
...
040 (16630220.072.000) 02/18 00:27:55 Finished transferring input files
...
001 (16630220.072.000) 02/18 00:27:56 Job executing on host: <128.142.161.141:9618?addrs=128.142.161.141-9618+[2001-1458-301-b9--100-a]-9618&alias=b9g03p9566.cern.ch&noUDP&sock=startd_5409_b3db>
	SlotName: slot1_19@b9g03p9566.cern.ch
	CondorScratchDir = "/pool/condor/dir_312047"
	Cpus = 1
	Disk = 3975
	GPUs = 0
	Memory = 3000
...
006 (16630220.072.000) 02/18 00:28:04 Image size of job updated: 97516
	96  -  MemoryUsage of job (MB)
	97516  -  ResidentSetSize of job (KB)
...
006 (16630220.072.000) 02/18 00:33:04 Image size of job updated: 308232
	302  -  MemoryUsage of job (MB)
	308232  -  ResidentSetSize of job (KB)
...
006 (16630220.072.000) 02/18 00:38:05 Image size of job updated: 351460
	344  -  MemoryUsage of job (MB)
	351460  -  ResidentSetSize of job (KB)
...
006 (16630220.072.000) 02/18 00:43:05 Image size of job updated: 356684
	349  -  MemoryUsage of job (MB)
	356684  -  ResidentSetSize of job (KB)
...
006 (16630220.072.000) 02/18 00:48:05 Image size of job updated: 359920
	352  -  MemoryUsage of job (MB)
	359920  -  ResidentSetSize of job (KB)
...
006 (16630220.072.000) 02/18 00:53:06 Image size of job updated: 363408
	355  -  MemoryUsage of job (MB)
	363408  -  ResidentSetSize of job (KB)
...
006 (16630220.072.000) 02/18 00:58:07 Image size of job updated: 370548
	362  -  MemoryUsage of job (MB)
	370548  -  ResidentSetSize of job (KB)
...
040 (16630220.072.000) 02/18 01:23:58 Started transferring output files
...
040 (16630220.072.000) 02/18 01:23:58 Finished transferring output files
...
005 (16630220.072.000) 02/18 01:23:58 Job terminated.
	(1) Normal termination (return value 0)
		Usr 0 00:52:41, Sys 0 00:00:07  -  Run Remote Usage
		Usr 0 00:00:00, Sys 0 00:00:00  -  Run Local Usage
		Usr 0 00:52:41, Sys 0 00:00:07  -  Total Remote Usage
		Usr 0 00:00:00, Sys 0 00:00:00  -  Total Local Usage
	8150  -  Run Bytes Sent By Job
	10428  -  Run Bytes Received By Job
	8150  -  Total Bytes Sent By Job
	10428  -  Total Bytes Received By Job
	Partitionable Resources :    Usage  Request Allocated 
	   Cpus                 :     0.99        1         1 
	   Disk (KB)            :    80          12      3975 
	   GPUs                 :                           0 
	   Memory (MB)          :   362        3000      3000 

	Job terminated of its own accord at 2025-02-18T00:23:58Z with exit-code 0.
...
