000 (16630220.397.000) 02/18 00:26:51 Job submitted from host: <188.185.72.155:9618?addrs=188.185.72.155-9618+[2001-1458-d00-8--100-95]-9618&alias=bigbird08.cern.ch&noUDP&sock=schedd_862983_22fa>
...
040 (16630220.397.000) 02/18 00:49:56 Started transferring input files
	Transferring to host: <188.185.214.18:9618?addrs=188.185.214.18-9618+[2001-1458-303-1c--100-e]-9618&alias=b9p29p4113.cern.ch&noUDP&sock=slot1_27_5982_9c2c_149975>
...
040 (16630220.397.000) 02/18 00:49:56 Finished transferring input files
...
001 (16630220.397.000) 02/18 00:49:57 Job executing on host: <188.185.214.18:9618?addrs=188.185.214.18-9618+[2001-1458-303-1c--100-e]-9618&alias=b9p29p4113.cern.ch&noUDP&sock=startd_4634_1df6>
	SlotName: slot1_27@b9p29p4113.cern.ch
	CondorScratchDir = "/pool/condor/dir_1768641"
	Cpus = 1
	Disk = 3727
	GPUs = 0
	Memory = 3000
...
006 (16630220.397.000) 02/18 00:50:06 Image size of job updated: 89108
	88  -  MemoryUsage of job (MB)
	89108  -  ResidentSetSize of job (KB)
...
006 (16630220.397.000) 02/18 00:55:07 Image size of job updated: 190252
	186  -  MemoryUsage of job (MB)
	190252  -  ResidentSetSize of job (KB)
...
006 (16630220.397.000) 02/18 01:00:08 Image size of job updated: 196044
	192  -  MemoryUsage of job (MB)
	196044  -  ResidentSetSize of job (KB)
...
006 (16630220.397.000) 02/18 01:25:10 Image size of job updated: 200228
	196  -  MemoryUsage of job (MB)
	200228  -  ResidentSetSize of job (KB)
...
006 (16630220.397.000) 02/18 01:30:11 Image size of job updated: 205544
	201  -  MemoryUsage of job (MB)
	205544  -  ResidentSetSize of job (KB)
...
040 (16630220.397.000) 02/18 01:30:23 Started transferring output files
...
040 (16630220.397.000) 02/18 01:30:23 Finished transferring output files
...
005 (16630220.397.000) 02/18 01:30:24 Job terminated.
	(1) Normal termination (return value 0)
		Usr 0 00:38:45, Sys 0 00:00:15  -  Run Remote Usage
		Usr 0 00:00:00, Sys 0 00:00:00  -  Run Local Usage
		Usr 0 00:38:45, Sys 0 00:00:15  -  Total Remote Usage
		Usr 0 00:00:00, Sys 0 00:00:00  -  Total Local Usage
	8155  -  Run Bytes Sent By Job
	10428  -  Run Bytes Received By Job
	8155  -  Total Bytes Sent By Job
	10428  -  Total Bytes Received By Job
	Partitionable Resources :    Usage  Request Allocated 
	   Cpus                 :     0.98        1         1 
	   Disk (KB)            :    81          12      3727 
	   GPUs                 :                           0 
	   Memory (MB)          :   201        3000      3000 

	Job terminated of its own accord at 2025-02-18T00:30:23Z with exit-code 0.
...
