000 (16630220.305.000) 02/18 00:26:51 Job submitted from host: <188.185.72.155:9618?addrs=188.185.72.155-9618+[2001-1458-d00-8--100-95]-9618&alias=bigbird08.cern.ch&noUDP&sock=schedd_862983_22fa>
...
040 (16630220.305.000) 02/18 00:49:23 Started transferring input files
	Transferring to host: <188.185.195.53:9618?addrs=188.185.195.53-9618+[2001-1458-303-22--100-31]-9618&alias=b9p17p9353.cern.ch&noUDP&sock=slot1_21_1104583_660f_4050>
...
040 (16630220.305.000) 02/18 00:49:23 Finished transferring input files
...
001 (16630220.305.000) 02/18 00:49:24 Job executing on host: <188.185.195.53:9618?addrs=188.185.195.53-9618+[2001-1458-303-22--100-31]-9618&alias=b9p17p9353.cern.ch&noUDP&sock=startd_6818_28cd>
	SlotName: slot1_21@b9p17p9353.cern.ch
	CondorScratchDir = "/pool/condor/dir_1030000"
	Cpus = 1
	Disk = 3859
	GPUs = 0
	Memory = 3000
...
006 (16630220.305.000) 02/18 00:49:32 Image size of job updated: 2936
	3  -  MemoryUsage of job (MB)
	2936  -  ResidentSetSize of job (KB)
...
006 (16630220.305.000) 02/18 00:54:32 Image size of job updated: 921536
	900  -  MemoryUsage of job (MB)
	921536  -  ResidentSetSize of job (KB)
...
006 (16630220.305.000) 02/18 00:59:33 Image size of job updated: 961448
	939  -  MemoryUsage of job (MB)
	961448  -  ResidentSetSize of job (KB)
...
040 (16630220.305.000) 02/18 01:41:58 Started transferring output files
...
040 (16630220.305.000) 02/18 01:41:58 Finished transferring output files
...
005 (16630220.305.000) 02/18 01:41:58 Job terminated.
	(1) Normal termination (return value 0)
		Usr 0 00:50:16, Sys 0 00:00:13  -  Run Remote Usage
		Usr 0 00:00:00, Sys 0 00:00:00  -  Run Local Usage
		Usr 0 00:50:16, Sys 0 00:00:13  -  Total Remote Usage
		Usr 0 00:00:00, Sys 0 00:00:00  -  Total Local Usage
	8153  -  Run Bytes Sent By Job
	10428  -  Run Bytes Received By Job
	8153  -  Total Bytes Sent By Job
	10428  -  Total Bytes Received By Job
	Partitionable Resources :    Usage  Request Allocated 
	   Cpus                 :     0.99        1         1 
	   Disk (KB)            :    81          12      3859 
	   GPUs                 :                           0 
	   Memory (MB)          :   939        3000      3000 

	Job terminated of its own accord at 2025-02-18T00:41:58Z with exit-code 0.
...
