000 (16630220.025.000) 02/18 00:26:50 Job submitted from host: <188.185.72.155:9618?addrs=188.185.72.155-9618+[2001-1458-d00-8--100-95]-9618&alias=bigbird08.cern.ch&noUDP&sock=schedd_862983_22fa>
...
040 (16630220.025.000) 02/18 00:27:41 Started transferring input files
	Transferring to host: <128.142.161.120:9618?addrs=128.142.161.120-9618+[2001-1458-301-b8--100-36]-9618&alias=b9g03p5843.cern.ch&noUDP&sock=slot1_16_5098_c088_2751>
...
040 (16630220.025.000) 02/18 00:27:41 Finished transferring input files
...
001 (16630220.025.000) 02/18 00:27:42 Job executing on host: <128.142.161.120:9618?addrs=128.142.161.120-9618+[2001-1458-301-b8--100-36]-9618&alias=b9g03p5843.cern.ch&noUDP&sock=startd_3961_7eb9>
	SlotName: slot1_16@b9g03p5843.cern.ch
	CondorScratchDir = "/pool/condor/dir_3291766"
	Cpus = 1
	Disk = 3979
	GPUs = 0
	Memory = 3000
...
006 (16630220.025.000) 02/18 00:27:51 Image size of job updated: 416948
	408  -  MemoryUsage of job (MB)
	416948  -  ResidentSetSize of job (KB)
...
006 (16630220.025.000) 02/18 00:32:52 Image size of job updated: 830900
	812  -  MemoryUsage of job (MB)
	830900  -  ResidentSetSize of job (KB)
...
006 (16630220.025.000) 02/18 00:37:52 Image size of job updated: 838092
	819  -  MemoryUsage of job (MB)
	838092  -  ResidentSetSize of job (KB)
...
006 (16630220.025.000) 02/18 00:42:52 Image size of job updated: 841124
	822  -  MemoryUsage of job (MB)
	841124  -  ResidentSetSize of job (KB)
...
006 (16630220.025.000) 02/18 00:47:53 Image size of job updated: 846280
	827  -  MemoryUsage of job (MB)
	846280  -  ResidentSetSize of job (KB)
...
006 (16630220.025.000) 02/18 00:52:54 Image size of job updated: 850600
	831  -  MemoryUsage of job (MB)
	850600  -  ResidentSetSize of job (KB)
...
006 (16630220.025.000) 02/18 00:57:54 Image size of job updated: 855532
	836  -  MemoryUsage of job (MB)
	855532  -  ResidentSetSize of job (KB)
...
040 (16630220.025.000) 02/18 01:13:52 Started transferring output files
...
040 (16630220.025.000) 02/18 01:13:52 Finished transferring output files
...
005 (16630220.025.000) 02/18 01:13:52 Job terminated.
	(1) Normal termination (return value 0)
		Usr 0 00:42:31, Sys 0 00:00:14  -  Run Remote Usage
		Usr 0 00:00:00, Sys 0 00:00:00  -  Run Local Usage
		Usr 0 00:42:31, Sys 0 00:00:14  -  Total Remote Usage
		Usr 0 00:00:00, Sys 0 00:00:00  -  Total Local Usage
	8152  -  Run Bytes Sent By Job
	10428  -  Run Bytes Received By Job
	8152  -  Total Bytes Sent By Job
	10428  -  Total Bytes Received By Job
	Partitionable Resources :    Usage  Request Allocated 
	   Cpus                 :     0.99        1         1 
	   Disk (KB)            :    81          12      3979 
	   GPUs                 :                           0 
	   Memory (MB)          :   836        3000      3000 

	Job terminated of its own accord at 2025-02-18T00:13:52Z with exit-code 0.
...
