000 (16630220.095.000) 02/18 00:26:50 Job submitted from host: <188.185.72.155:9618?addrs=188.185.72.155-9618+[2001-1458-d00-8--100-95]-9618&alias=bigbird08.cern.ch&noUDP&sock=schedd_862983_22fa>
...
040 (16630220.095.000) 02/18 00:28:05 Started transferring input files
	Transferring to host: <128.142.161.141:9618?addrs=128.142.161.141-9618+[2001-1458-301-b9--100-a]-9618&alias=b9g03p9566.cern.ch&noUDP&sock=slot1_21_2178531_eb26_4534>
...
040 (16630220.095.000) 02/18 00:28:05 Finished transferring input files
...
001 (16630220.095.000) 02/18 00:28:06 Job executing on host: <128.142.161.141:9618?addrs=128.142.161.141-9618+[2001-1458-301-b9--100-a]-9618&alias=b9g03p9566.cern.ch&noUDP&sock=startd_5409_b3db>
	SlotName: slot1_21@b9g03p9566.cern.ch
	CondorScratchDir = "/pool/condor/dir_313438"
	Cpus = 1
	Disk = 3975
	GPUs = 0
	Memory = 3000
...
006 (16630220.095.000) 02/18 00:28:14 Image size of job updated: 98696
	97  -  MemoryUsage of job (MB)
	98696  -  ResidentSetSize of job (KB)
...
006 (16630220.095.000) 02/18 00:33:14 Image size of job updated: 264356
	259  -  MemoryUsage of job (MB)
	264356  -  ResidentSetSize of job (KB)
...
006 (16630220.095.000) 02/18 00:38:15 Image size of job updated: 304492
	298  -  MemoryUsage of job (MB)
	304492  -  ResidentSetSize of job (KB)
...
006 (16630220.095.000) 02/18 00:43:15 Image size of job updated: 309584
	303  -  MemoryUsage of job (MB)
	309584  -  ResidentSetSize of job (KB)
...
006 (16630220.095.000) 02/18 00:48:15 Image size of job updated: 312692
	306  -  MemoryUsage of job (MB)
	312692  -  ResidentSetSize of job (KB)
...
006 (16630220.095.000) 02/18 00:53:16 Image size of job updated: 315172
	308  -  MemoryUsage of job (MB)
	315172  -  ResidentSetSize of job (KB)
...
040 (16630220.095.000) 02/18 01:31:06 Started transferring output files
...
040 (16630220.095.000) 02/18 01:31:06 Finished transferring output files
...
005 (16630220.095.000) 02/18 01:31:06 Job terminated.
	(1) Normal termination (return value 0)
		Usr 0 00:59:08, Sys 0 00:00:18  -  Run Remote Usage
		Usr 0 00:00:00, Sys 0 00:00:00  -  Run Local Usage
		Usr 0 00:59:08, Sys 0 00:00:18  -  Total Remote Usage
		Usr 0 00:00:00, Sys 0 00:00:00  -  Total Local Usage
	8152  -  Run Bytes Sent By Job
	10428  -  Run Bytes Received By Job
	8152  -  Total Bytes Sent By Job
	10428  -  Total Bytes Received By Job
	Partitionable Resources :    Usage  Request Allocated 
	   Cpus                 :     0.96        1         1 
	   Disk (KB)            :    80          12      3975 
	   GPUs                 :                           0 
	   Memory (MB)          :   308        3000      3000 

	Job terminated of its own accord at 2025-02-18T00:31:06Z with exit-code 0.
...
