000 (16630220.029.000) 02/18 00:26:50 Job submitted from host: <188.185.72.155:9618?addrs=188.185.72.155-9618+[2001-1458-d00-8--100-95]-9618&alias=bigbird08.cern.ch&noUDP&sock=schedd_862983_22fa>
...
040 (16630220.029.000) 02/18 00:27:42 Started transferring input files
	Transferring to host: <188.185.195.133:9618?addrs=188.185.195.133-9618+[2001-1458-303-22--100-81]-9618&alias=b9p17p1163.cern.ch&noUDP&sock=slot1_26_3678699_fc72_74675>
...
040 (16630220.029.000) 02/18 00:27:42 Finished transferring input files
...
001 (16630220.029.000) 02/18 00:27:43 Job executing on host: <188.185.195.133:9618?addrs=188.185.195.133-9618+[2001-1458-303-22--100-81]-9618&alias=b9p17p1163.cern.ch&noUDP&sock=startd_7693_562b>
	SlotName: slot1_26@b9p17p1163.cern.ch
	CondorScratchDir = "/pool/condor/dir_1838119"
	Cpus = 1
	Disk = 3796
	GPUs = 0
	Memory = 3000
...
006 (16630220.029.000) 02/18 00:27:52 Image size of job updated: 248356
	243  -  MemoryUsage of job (MB)
	248356  -  ResidentSetSize of job (KB)
...
006 (16630220.029.000) 02/18 00:32:53 Image size of job updated: 777064
	759  -  MemoryUsage of job (MB)
	777064  -  ResidentSetSize of job (KB)
...
040 (16630220.029.000) 02/18 01:38:32 Started transferring output files
...
040 (16630220.029.000) 02/18 01:38:32 Finished transferring output files
...
005 (16630220.029.000) 02/18 01:38:32 Job terminated.
	(1) Normal termination (return value 0)
		Usr 0 01:05:31, Sys 0 00:00:22  -  Run Remote Usage
		Usr 0 00:00:00, Sys 0 00:00:00  -  Run Local Usage
		Usr 0 01:05:31, Sys 0 00:00:22  -  Total Remote Usage
		Usr 0 00:00:00, Sys 0 00:00:00  -  Total Local Usage
	8152  -  Run Bytes Sent By Job
	10428  -  Run Bytes Received By Job
	8152  -  Total Bytes Sent By Job
	10428  -  Total Bytes Received By Job
	Partitionable Resources :    Usage  Request Allocated 
	   Cpus                 :     0.95        1         1 
	   Disk (KB)            :    81          12      3796 
	   GPUs                 :                           0 
	   Memory (MB)          :   759        3000      3000 

	Job terminated of its own accord at 2025-02-18T00:38:32Z with exit-code 0.
...
