000 (16630220.189.000) 02/18 00:26:50 Job submitted from host: <188.185.72.155:9618?addrs=188.185.72.155-9618+[2001-1458-d00-8--100-95]-9618&alias=bigbird08.cern.ch&noUDP&sock=schedd_862983_22fa>
...
040 (16630220.189.000) 02/18 00:48:12 Started transferring input files
	Transferring to host: <188.185.198.120:9618?addrs=188.185.198.120-9618+[2001-1458-303-25--100-74]-9618&alias=b9p15p0387.cern.ch&noUDP&sock=slot1_37_236508_080b_13277>
...
040 (16630220.189.000) 02/18 00:48:12 Finished transferring input files
...
001 (16630220.189.000) 02/18 00:48:13 Job executing on host: <188.185.198.120:9618?addrs=188.185.198.120-9618+[2001-1458-303-25--100-74]-9618&alias=b9p15p0387.cern.ch&noUDP&sock=startd_9480_11e9>
	SlotName: slot1_37@b9p15p0387.cern.ch
	CondorScratchDir = "/pool/condor/dir_1111525"
	Cpus = 1
	Disk = 3750
	GPUs = 0
	Memory = 3000
...
006 (16630220.189.000) 02/18 00:48:21 Image size of job updated: 129148
	127  -  MemoryUsage of job (MB)
	129148  -  ResidentSetSize of job (KB)
...
006 (16630220.189.000) 02/18 00:53:21 Image size of job updated: 278280
	272  -  MemoryUsage of job (MB)
	278280  -  ResidentSetSize of job (KB)
...
006 (16630220.189.000) 02/18 00:58:22 Image size of job updated: 281216
	275  -  MemoryUsage of job (MB)
	281216  -  ResidentSetSize of job (KB)
...
040 (16630220.189.000) 02/18 01:41:50 Started transferring output files
...
040 (16630220.189.000) 02/18 01:41:50 Finished transferring output files
...
005 (16630220.189.000) 02/18 01:41:50 Job terminated.
	(1) Normal termination (return value 0)
		Usr 0 00:52:26, Sys 0 00:00:04  -  Run Remote Usage
		Usr 0 00:00:00, Sys 0 00:00:00  -  Run Local Usage
		Usr 0 00:52:26, Sys 0 00:00:04  -  Total Remote Usage
		Usr 0 00:00:00, Sys 0 00:00:00  -  Total Local Usage
	8153  -  Run Bytes Sent By Job
	10428  -  Run Bytes Received By Job
	8153  -  Total Bytes Sent By Job
	10428  -  Total Bytes Received By Job
	Partitionable Resources :    Usage  Request Allocated 
	   Cpus                 :     0.99        1         1 
	   Disk (KB)            :    81          12      3750 
	   GPUs                 :                           0 
	   Memory (MB)          :   275        3000      3000 

	Job terminated of its own accord at 2025-02-18T00:41:50Z with exit-code 0.
...
