000 (16626177.117.000) 02/17 00:58:07 Job submitted from host: <188.185.72.155:9618?addrs=188.185.72.155-9618+[2001-1458-d00-8--100-95]-9618&alias=bigbird08.cern.ch&noUDP&sock=schedd_862983_22fa>
...
040 (16626177.117.000) 02/17 00:58:51 Started transferring input files
	Transferring to host: <128.142.161.96:9618?addrs=128.142.161.96-9618+[2001-1458-301-b8--100-1e]-9618&alias=b9g03p4133.cern.ch&noUDP&sock=slot1_19_2437425_2986_2093>
...
040 (16626177.117.000) 02/17 00:58:51 Finished transferring input files
...
001 (16626177.117.000) 02/17 00:58:52 Job executing on host: <128.142.161.96:9618?addrs=128.142.161.96-9618+[2001-1458-301-b8--100-1e]-9618&alias=b9g03p4133.cern.ch&noUDP&sock=startd_3192_0664>
	SlotName: slot1_19@b9g03p4133.cern.ch
	CondorScratchDir = "/pool/condor/dir_710454"
	Cpus = 1
	Disk = 4001
	GPUs = 0
	Memory = 3000
...
006 (16626177.117.000) 02/17 00:59:00 Image size of job updated: 1864
	2  -  MemoryUsage of job (MB)
	1864  -  ResidentSetSize of job (KB)
...
006 (16626177.117.000) 02/17 01:04:00 Image size of job updated: 138144
	135  -  MemoryUsage of job (MB)
	138144  -  ResidentSetSize of job (KB)
...
006 (16626177.117.000) 02/17 01:09:01 Image size of job updated: 138840
	136  -  MemoryUsage of job (MB)
	138840  -  ResidentSetSize of job (KB)
...
006 (16626177.117.000) 02/17 01:14:02 Image size of job updated: 143440
	141  -  MemoryUsage of job (MB)
	143440  -  ResidentSetSize of job (KB)
...
006 (16626177.117.000) 02/17 01:19:02 Image size of job updated: 143636
	141  -  MemoryUsage of job (MB)
	143636  -  ResidentSetSize of job (KB)
...
006 (16626177.117.000) 02/17 01:24:03 Image size of job updated: 143828
	141  -  MemoryUsage of job (MB)
	143828  -  ResidentSetSize of job (KB)
...
006 (16626177.117.000) 02/17 01:29:04 Image size of job updated: 145260
	142  -  MemoryUsage of job (MB)
	145260  -  ResidentSetSize of job (KB)
...
006 (16626177.117.000) 02/17 01:44:05 Image size of job updated: 152520
	149  -  MemoryUsage of job (MB)
	152520  -  ResidentSetSize of job (KB)
...
006 (16626177.117.000) 02/17 01:49:05 Image size of job updated: 152724
	150  -  MemoryUsage of job (MB)
	152724  -  ResidentSetSize of job (KB)
...
006 (16626177.117.000) 02/17 01:54:05 Image size of job updated: 153388
	150  -  MemoryUsage of job (MB)
	153388  -  ResidentSetSize of job (KB)
...
006 (16626177.117.000) 02/17 01:59:06 Image size of job updated: 154212
	151  -  MemoryUsage of job (MB)
	154212  -  ResidentSetSize of job (KB)
...
006 (16626177.117.000) 02/17 02:04:06 Image size of job updated: 156880
	154  -  MemoryUsage of job (MB)
	156880  -  ResidentSetSize of job (KB)
...
040 (16626177.117.000) 02/17 02:09:49 Started transferring output files
...
040 (16626177.117.000) 02/17 02:09:49 Finished transferring output files
...
005 (16626177.117.000) 02/17 02:09:49 Job terminated.
	(1) Normal termination (return value 0)
		Usr 0 01:08:00, Sys 0 00:00:05  -  Run Remote Usage
		Usr 0 00:00:00, Sys 0 00:00:00  -  Run Local Usage
		Usr 0 01:08:00, Sys 0 00:00:05  -  Total Remote Usage
		Usr 0 00:00:00, Sys 0 00:00:00  -  Total Local Usage
	8153  -  Run Bytes Sent By Job
	10428  -  Run Bytes Received By Job
	8153  -  Total Bytes Sent By Job
	10428  -  Total Bytes Received By Job
	Partitionable Resources :    Usage  Request Allocated 
	   Cpus                 :     0.99        1         1 
	   Disk (KB)            :    43          12      4001 
	   GPUs                 :                           0 
	   Memory (MB)          :   154        3000      3000 

	Job terminated of its own accord at 2025-02-17T01:09:49Z with exit-code 0.
...
