000 (16626177.240.000) 02/17 00:58:07 Job submitted from host: <188.185.72.155:9618?addrs=188.185.72.155-9618+[2001-1458-d00-8--100-95]-9618&alias=bigbird08.cern.ch&noUDP&sock=schedd_862983_22fa>
...
040 (16626177.240.000) 02/17 01:00:45 Started transferring input files
	Transferring to host: <188.185.195.123:9618?addrs=188.185.195.123-9618+[2001-1458-303-22--100-77]-9618&alias=b9p17p5699.cern.ch&noUDP&sock=slot1_11_6172_7b74_119398>
...
040 (16626177.240.000) 02/17 01:00:45 Finished transferring input files
...
001 (16626177.240.000) 02/17 01:00:46 Job executing on host: <188.185.195.123:9618?addrs=188.185.195.123-9618+[2001-1458-303-22--100-77]-9618&alias=b9p17p5699.cern.ch&noUDP&sock=startd_4598_6c8d>
	SlotName: slot1_11@b9p17p5699.cern.ch
	CondorScratchDir = "/pool/condor/dir_926042"
	Cpus = 1
	Disk = 3827
	GPUs = 0
	Memory = 3000
...
006 (16626177.240.000) 02/17 01:00:54 Image size of job updated: 101692
	100  -  MemoryUsage of job (MB)
	101692  -  ResidentSetSize of job (KB)
...
006 (16626177.240.000) 02/17 01:05:54 Image size of job updated: 140512
	138  -  MemoryUsage of job (MB)
	140512  -  ResidentSetSize of job (KB)
...
006 (16626177.240.000) 02/17 01:10:55 Image size of job updated: 144292
	141  -  MemoryUsage of job (MB)
	144292  -  ResidentSetSize of job (KB)
...
006 (16626177.240.000) 02/17 01:15:56 Image size of job updated: 145536
	143  -  MemoryUsage of job (MB)
	145536  -  ResidentSetSize of job (KB)
...
006 (16626177.240.000) 02/17 01:30:57 Image size of job updated: 148228
	145  -  MemoryUsage of job (MB)
	148228  -  ResidentSetSize of job (KB)
...
006 (16626177.240.000) 02/17 01:35:58 Image size of job updated: 151844
	149  -  MemoryUsage of job (MB)
	151844  -  ResidentSetSize of job (KB)
...
006 (16626177.240.000) 02/17 01:40:58 Image size of job updated: 154984
	152  -  MemoryUsage of job (MB)
	154984  -  ResidentSetSize of job (KB)
...
040 (16626177.240.000) 02/17 01:42:07 Started transferring output files
...
040 (16626177.240.000) 02/17 01:42:07 Finished transferring output files
...
005 (16626177.240.000) 02/17 01:42:07 Job terminated.
	(1) Normal termination (return value 0)
		Usr 0 00:41:03, Sys 0 00:00:00  -  Run Remote Usage
		Usr 0 00:00:00, Sys 0 00:00:00  -  Run Local Usage
		Usr 0 00:41:03, Sys 0 00:00:00  -  Total Remote Usage
		Usr 0 00:00:00, Sys 0 00:00:00  -  Total Local Usage
	8155  -  Run Bytes Sent By Job
	10428  -  Run Bytes Received By Job
	8155  -  Total Bytes Sent By Job
	10428  -  Total Bytes Received By Job
	Partitionable Resources :    Usage  Request Allocated 
	   Cpus                 :     0.99        1         1 
	   Disk (KB)            :    43          12      3827 
	   GPUs                 :                           0 
	   Memory (MB)          :   152        3000      3000 

	Job terminated of its own accord at 2025-02-17T00:42:07Z with exit-code 0.
...
