000 (16626177.465.000) 02/17 00:58:08 Job submitted from host: <188.185.72.155:9618?addrs=188.185.72.155-9618+[2001-1458-d00-8--100-95]-9618&alias=bigbird08.cern.ch&noUDP&sock=schedd_862983_22fa>
...
040 (16626177.465.000) 02/17 01:07:33 Started transferring input files
	Transferring to host: <128.142.131.77:9618?addrs=128.142.131.77-9618+[2001-1458-301-59--100-41]-9618&alias=b9g11p0279.cern.ch&noUDP&sock=slot1_22_2233810_f98e_82300>
...
040 (16626177.465.000) 02/17 01:07:33 Finished transferring input files
...
001 (16626177.465.000) 02/17 01:07:34 Job executing on host: <128.142.131.77:9618?addrs=128.142.131.77-9618+[2001-1458-301-59--100-41]-9618&alias=b9g11p0279.cern.ch&noUDP&sock=startd_2649_9277>
	SlotName: slot1_22@b9g11p0279.cern.ch
	CondorScratchDir = "/pool/condor/dir_2815754"
	Cpus = 1
	Disk = 2575
	GPUs = 0
	Memory = 3000
...
006 (16626177.465.000) 02/17 01:07:42 Image size of job updated: 349544
	342  -  MemoryUsage of job (MB)
	349544  -  ResidentSetSize of job (KB)
...
006 (16626177.465.000) 02/17 01:12:42 Image size of job updated: 380836
	372  -  MemoryUsage of job (MB)
	380836  -  ResidentSetSize of job (KB)
...
006 (16626177.465.000) 02/17 01:17:43 Image size of job updated: 417736
	408  -  MemoryUsage of job (MB)
	417736  -  ResidentSetSize of job (KB)
...
006 (16626177.465.000) 02/17 01:22:43 Image size of job updated: 420800
	411  -  MemoryUsage of job (MB)
	420800  -  ResidentSetSize of job (KB)
...
006 (16626177.465.000) 02/17 01:27:43 Image size of job updated: 422092
	413  -  MemoryUsage of job (MB)
	422092  -  ResidentSetSize of job (KB)
...
006 (16626177.465.000) 02/17 01:32:44 Image size of job updated: 423200
	414  -  MemoryUsage of job (MB)
	423200  -  ResidentSetSize of job (KB)
...
006 (16626177.465.000) 02/17 01:42:45 Image size of job updated: 426856
	417  -  MemoryUsage of job (MB)
	426856  -  ResidentSetSize of job (KB)
...
006 (16626177.465.000) 02/17 01:52:47 Image size of job updated: 437724
	428  -  MemoryUsage of job (MB)
	437724  -  ResidentSetSize of job (KB)
...
006 (16626177.465.000) 02/17 01:57:47 Image size of job updated: 440692
	431  -  MemoryUsage of job (MB)
	440692  -  ResidentSetSize of job (KB)
...
040 (16626177.465.000) 02/17 02:06:13 Started transferring output files
...
040 (16626177.465.000) 02/17 02:06:13 Finished transferring output files
...
005 (16626177.465.000) 02/17 02:06:13 Job terminated.
	(1) Normal termination (return value 0)
		Usr 0 00:58:09, Sys 0 00:00:02  -  Run Remote Usage
		Usr 0 00:00:00, Sys 0 00:00:00  -  Run Local Usage
		Usr 0 00:58:09, Sys 0 00:00:02  -  Total Remote Usage
		Usr 0 00:00:00, Sys 0 00:00:00  -  Total Local Usage
	8155  -  Run Bytes Sent By Job
	10428  -  Run Bytes Received By Job
	8155  -  Total Bytes Sent By Job
	10428  -  Total Bytes Received By Job
	Partitionable Resources :    Usage  Request Allocated 
	   Cpus                 :     0.99        1         1 
	   Disk (KB)            :    43          12      2575 
	   GPUs                 :                           0 
	   Memory (MB)          :   431        3000      3000 

	Job terminated of its own accord at 2025-02-17T01:06:13Z with exit-code 0.
...
