000 (16626177.374.000) 02/17 00:58:07 Job submitted from host: <188.185.72.155:9618?addrs=188.185.72.155-9618+[2001-1458-d00-8--100-95]-9618&alias=bigbird08.cern.ch&noUDP&sock=schedd_862983_22fa>
...
040 (16626177.374.000) 02/17 01:04:47 Started transferring input files
	Transferring to host: <188.185.207.180:9618?addrs=188.185.207.180-9618+[2001-1458-303-e--100-31]-9618&alias=b9p08p9471.cern.ch&noUDP&sock=slot1_47_7929_729c_128365>
...
040 (16626177.374.000) 02/17 01:04:47 Finished transferring input files
...
001 (16626177.374.000) 02/17 01:04:48 Job executing on host: <188.185.207.180:9618?addrs=188.185.207.180-9618+[2001-1458-303-e--100-31]-9618&alias=b9p08p9471.cern.ch&noUDP&sock=startd_7025_24e7>
	SlotName: slot1_47@b9p08p9471.cern.ch
	CondorScratchDir = "/pool/condor/dir_2925905"
	Cpus = 1
	Disk = 3672
	GPUs = 0
	Memory = 3000
...
006 (16626177.374.000) 02/17 01:04:57 Image size of job updated: 101104
	99  -  MemoryUsage of job (MB)
	101104  -  ResidentSetSize of job (KB)
...
006 (16626177.374.000) 02/17 01:09:58 Image size of job updated: 137852
	135  -  MemoryUsage of job (MB)
	137852  -  ResidentSetSize of job (KB)
...
006 (16626177.374.000) 02/17 01:14:58 Image size of job updated: 141492
	139  -  MemoryUsage of job (MB)
	141492  -  ResidentSetSize of job (KB)
...
006 (16626177.374.000) 02/17 01:19:58 Image size of job updated: 142860
	140  -  MemoryUsage of job (MB)
	142860  -  ResidentSetSize of job (KB)
...
006 (16626177.374.000) 02/17 01:24:59 Image size of job updated: 144768
	142  -  MemoryUsage of job (MB)
	144768  -  ResidentSetSize of job (KB)
...
006 (16626177.374.000) 02/17 01:30:00 Image size of job updated: 147980
	145  -  MemoryUsage of job (MB)
	147980  -  ResidentSetSize of job (KB)
...
006 (16626177.374.000) 02/17 01:35:00 Image size of job updated: 149328
	146  -  MemoryUsage of job (MB)
	149328  -  ResidentSetSize of job (KB)
...
006 (16626177.374.000) 02/17 01:40:01 Image size of job updated: 155840
	153  -  MemoryUsage of job (MB)
	155840  -  ResidentSetSize of job (KB)
...
040 (16626177.374.000) 02/17 01:45:03 Started transferring output files
...
040 (16626177.374.000) 02/17 01:45:03 Finished transferring output files
...
005 (16626177.374.000) 02/17 01:45:03 Job terminated.
	(1) Normal termination (return value 0)
		Usr 0 00:39:19, Sys 0 00:00:02  -  Run Remote Usage
		Usr 0 00:00:00, Sys 0 00:00:00  -  Run Local Usage
		Usr 0 00:39:19, Sys 0 00:00:02  -  Total Remote Usage
		Usr 0 00:00:00, Sys 0 00:00:00  -  Total Local Usage
	8155  -  Run Bytes Sent By Job
	10428  -  Run Bytes Received By Job
	8155  -  Total Bytes Sent By Job
	10428  -  Total Bytes Received By Job
	Partitionable Resources :    Usage  Request Allocated 
	   Cpus                 :     0.99        1         1 
	   Disk (KB)            :    48          12      3672 
	   GPUs                 :                           0 
	   Memory (MB)          :   153        3000      3000 

	Job terminated of its own accord at 2025-02-17T00:45:03Z with exit-code 0.
...
