000 (16626177.420.000) 02/17 00:58:07 Job submitted from host: <188.185.72.155:9618?addrs=188.185.72.155-9618+[2001-1458-d00-8--100-95]-9618&alias=bigbird08.cern.ch&noUDP&sock=schedd_862983_22fa>
...
040 (16626177.420.000) 02/17 01:05:08 Started transferring input files
	Transferring to host: <128.142.161.117:9618?addrs=128.142.161.117-9618+[2001-1458-301-b8--100-33]-9618&alias=b9g03p0247.cern.ch&noUDP&sock=slot1_8_1323429_3412_2263>
...
040 (16626177.420.000) 02/17 01:05:08 Finished transferring input files
...
001 (16626177.420.000) 02/17 01:05:09 Job executing on host: <128.142.161.117:9618?addrs=128.142.161.117-9618+[2001-1458-301-b8--100-33]-9618&alias=b9g03p0247.cern.ch&noUDP&sock=startd_2555_1890>
	SlotName: slot1_8@b9g03p0247.cern.ch
	CondorScratchDir = "/pool/condor/dir_2093569"
	Cpus = 1
	Disk = 3952
	GPUs = 0
	Memory = 3000
...
006 (16626177.420.000) 02/17 01:05:23 Image size of job updated: 67916
	67  -  MemoryUsage of job (MB)
	67916  -  ResidentSetSize of job (KB)
...
006 (16626177.420.000) 02/17 01:10:24 Image size of job updated: 99968
	98  -  MemoryUsage of job (MB)
	99968  -  ResidentSetSize of job (KB)
...
006 (16626177.420.000) 02/17 01:15:24 Image size of job updated: 136864
	134  -  MemoryUsage of job (MB)
	136864  -  ResidentSetSize of job (KB)
...
006 (16626177.420.000) 02/17 01:20:24 Image size of job updated: 139980
	137  -  MemoryUsage of job (MB)
	139980  -  ResidentSetSize of job (KB)
...
006 (16626177.420.000) 02/17 01:25:25 Image size of job updated: 140820
	138  -  MemoryUsage of job (MB)
	140820  -  ResidentSetSize of job (KB)
...
006 (16626177.420.000) 02/17 01:30:25 Image size of job updated: 141676
	139  -  MemoryUsage of job (MB)
	141676  -  ResidentSetSize of job (KB)
...
006 (16626177.420.000) 02/17 01:35:25 Image size of job updated: 142436
	140  -  MemoryUsage of job (MB)
	142436  -  ResidentSetSize of job (KB)
...
006 (16626177.420.000) 02/17 01:40:26 Image size of job updated: 142676
	140  -  MemoryUsage of job (MB)
	142436  -  ResidentSetSize of job (KB)
...
006 (16626177.420.000) 02/17 01:50:26 Image size of job updated: 154420
	151  -  MemoryUsage of job (MB)
	154420  -  ResidentSetSize of job (KB)
...
006 (16626177.420.000) 02/17 02:00:27 Image size of job updated: 154668
	152  -  MemoryUsage of job (MB)
	154668  -  ResidentSetSize of job (KB)
...
006 (16626177.420.000) 02/17 02:05:27 Image size of job updated: 159436
	154  -  MemoryUsage of job (MB)
	157244  -  ResidentSetSize of job (KB)
...
006 (16626177.420.000) 02/17 02:10:28 Image size of job updated: 159436
	155  -  MemoryUsage of job (MB)
	157828  -  ResidentSetSize of job (KB)
...
040 (16626177.420.000) 02/17 02:16:57 Started transferring output files
...
040 (16626177.420.000) 02/17 02:16:57 Finished transferring output files
...
005 (16626177.420.000) 02/17 02:16:57 Job terminated.
	(1) Normal termination (return value 0)
		Usr 0 01:04:54, Sys 0 00:00:05  -  Run Remote Usage
		Usr 0 00:00:00, Sys 0 00:00:00  -  Run Local Usage
		Usr 0 01:04:54, Sys 0 00:00:05  -  Total Remote Usage
		Usr 0 00:00:00, Sys 0 00:00:00  -  Total Local Usage
	8155  -  Run Bytes Sent By Job
	10428  -  Run Bytes Received By Job
	8155  -  Total Bytes Sent By Job
	10428  -  Total Bytes Received By Job
	Partitionable Resources :    Usage  Request Allocated 
	   Cpus                 :     0.97        1         1 
	   Disk (KB)            :    43          12      3952 
	   GPUs                 :                           0 
	   Memory (MB)          :   155        3000      3000 

	Job terminated of its own accord at 2025-02-17T01:16:57Z with exit-code 0.
...
