000 (16626177.285.000) 02/17 00:58:07 Job submitted from host: <188.185.72.155:9618?addrs=188.185.72.155-9618+[2001-1458-d00-8--100-95]-9618&alias=bigbird08.cern.ch&noUDP&sock=schedd_862983_22fa>
...
040 (16626177.285.000) 02/17 01:04:18 Started transferring input files
	Transferring to host: <128.142.161.107:9618?addrs=128.142.161.107-9618+[2001-1458-301-b8--100-29]-9618&alias=b9g03p5993.cern.ch&noUDP&sock=slot1_15_537840_af68_4449>
...
040 (16626177.285.000) 02/17 01:04:18 Finished transferring input files
...
001 (16626177.285.000) 02/17 01:04:19 Job executing on host: <128.142.161.107:9618?addrs=128.142.161.107-9618+[2001-1458-301-b8--100-29]-9618&alias=b9g03p5993.cern.ch&noUDP&sock=startd_3203_91ef>
	SlotName: slot1_15@b9g03p5993.cern.ch
	CondorScratchDir = "/pool/condor/dir_1052420"
	Cpus = 1
	Disk = 3987
	GPUs = 0
	Memory = 3000
...
006 (16626177.285.000) 02/17 01:04:27 Image size of job updated: 69868
	69  -  MemoryUsage of job (MB)
	69868  -  ResidentSetSize of job (KB)
...
006 (16626177.285.000) 02/17 01:09:27 Image size of job updated: 139384
	137  -  MemoryUsage of job (MB)
	139384  -  ResidentSetSize of job (KB)
...
006 (16626177.285.000) 02/17 01:14:28 Image size of job updated: 140536
	138  -  MemoryUsage of job (MB)
	140536  -  ResidentSetSize of job (KB)
...
006 (16626177.285.000) 02/17 01:19:29 Image size of job updated: 143660
	141  -  MemoryUsage of job (MB)
	143660  -  ResidentSetSize of job (KB)
...
006 (16626177.285.000) 02/17 01:24:29 Image size of job updated: 144868
	142  -  MemoryUsage of job (MB)
	144868  -  ResidentSetSize of job (KB)
...
006 (16626177.285.000) 02/17 01:29:30 Image size of job updated: 145644
	143  -  MemoryUsage of job (MB)
	145644  -  ResidentSetSize of job (KB)
...
006 (16626177.285.000) 02/17 01:44:31 Image size of job updated: 150536
	148  -  MemoryUsage of job (MB)
	150536  -  ResidentSetSize of job (KB)
...
006 (16626177.285.000) 02/17 01:49:32 Image size of job updated: 150656
	148  -  MemoryUsage of job (MB)
	150656  -  ResidentSetSize of job (KB)
...
006 (16626177.285.000) 02/17 01:54:32 Image size of job updated: 153840
	151  -  MemoryUsage of job (MB)
	153840  -  ResidentSetSize of job (KB)
...
006 (16626177.285.000) 02/17 01:59:32 Image size of job updated: 154732
	152  -  MemoryUsage of job (MB)
	154732  -  ResidentSetSize of job (KB)
...
040 (16626177.285.000) 02/17 02:05:57 Started transferring output files
...
040 (16626177.285.000) 02/17 02:05:57 Finished transferring output files
...
005 (16626177.285.000) 02/17 02:05:57 Job terminated.
	(1) Normal termination (return value 0)
		Usr 0 01:00:08, Sys 0 00:00:02  -  Run Remote Usage
		Usr 0 00:00:00, Sys 0 00:00:00  -  Run Local Usage
		Usr 0 01:00:08, Sys 0 00:00:02  -  Total Remote Usage
		Usr 0 00:00:00, Sys 0 00:00:00  -  Total Local Usage
	8155  -  Run Bytes Sent By Job
	10428  -  Run Bytes Received By Job
	8155  -  Total Bytes Sent By Job
	10428  -  Total Bytes Received By Job
	Partitionable Resources :    Usage  Request Allocated 
	   Cpus                 :     0.97        1         1 
	   Disk (KB)            :    43          12      3987 
	   GPUs                 :                           0 
	   Memory (MB)          :   152        3000      3000 

	Job terminated of its own accord at 2025-02-17T01:05:57Z with exit-code 0.
...
