000 (16626177.435.000) 02/17 00:58:08 Job submitted from host: <188.185.72.155:9618?addrs=188.185.72.155-9618+[2001-1458-d00-8--100-95]-9618&alias=bigbird08.cern.ch&noUDP&sock=schedd_862983_22fa>
...
040 (16626177.435.000) 02/17 01:07:25 Started transferring input files
	Transferring to host: <188.185.193.129:9618?addrs=188.185.193.129-9618+[2001-1458-303-20--100-7d]-9618&alias=b9p19p4528.cern.ch&noUDP&sock=slot1_2_3367556_9866_12926>
...
040 (16626177.435.000) 02/17 01:07:25 Finished transferring input files
...
001 (16626177.435.000) 02/17 01:07:26 Job executing on host: <188.185.193.129:9618?addrs=188.185.193.129-9618+[2001-1458-303-20--100-7d]-9618&alias=b9p19p4528.cern.ch&noUDP&sock=startd_5835_e734>
	SlotName: slot1_2@b9p19p4528.cern.ch
	CondorScratchDir = "/pool/condor/dir_2339194"
	Cpus = 1
	Disk = 3830
	GPUs = 0
	Memory = 3000
...
006 (16626177.435.000) 02/17 01:07:35 Image size of job updated: 196936
	193  -  MemoryUsage of job (MB)
	196936  -  ResidentSetSize of job (KB)
...
006 (16626177.435.000) 02/17 01:12:36 Image size of job updated: 198252
	194  -  MemoryUsage of job (MB)
	198252  -  ResidentSetSize of job (KB)
...
006 (16626177.435.000) 02/17 01:17:36 Image size of job updated: 239348
	234  -  MemoryUsage of job (MB)
	239348  -  ResidentSetSize of job (KB)
...
006 (16626177.435.000) 02/17 01:22:36 Image size of job updated: 239844
	235  -  MemoryUsage of job (MB)
	239844  -  ResidentSetSize of job (KB)
...
006 (16626177.435.000) 02/17 01:27:37 Image size of job updated: 241060
	236  -  MemoryUsage of job (MB)
	241060  -  ResidentSetSize of job (KB)
...
006 (16626177.435.000) 02/17 01:42:39 Image size of job updated: 245844
	241  -  MemoryUsage of job (MB)
	245844  -  ResidentSetSize of job (KB)
...
006 (16626177.435.000) 02/17 01:47:40 Image size of job updated: 252212
	247  -  MemoryUsage of job (MB)
	252212  -  ResidentSetSize of job (KB)
...
040 (16626177.435.000) 02/17 01:53:45 Started transferring output files
...
040 (16626177.435.000) 02/17 01:53:45 Finished transferring output files
...
005 (16626177.435.000) 02/17 01:53:45 Job terminated.
	(1) Normal termination (return value 0)
		Usr 0 00:45:56, Sys 0 00:00:01  -  Run Remote Usage
		Usr 0 00:00:00, Sys 0 00:00:00  -  Run Local Usage
		Usr 0 00:45:56, Sys 0 00:00:01  -  Total Remote Usage
		Usr 0 00:00:00, Sys 0 00:00:00  -  Total Local Usage
	8155  -  Run Bytes Sent By Job
	10428  -  Run Bytes Received By Job
	8155  -  Total Bytes Sent By Job
	10428  -  Total Bytes Received By Job
	Partitionable Resources :    Usage  Request Allocated 
	   Cpus                 :     1.00        1         1 
	   Disk (KB)            :    44          12      3830 
	   GPUs                 :                           0 
	   Memory (MB)          :   247        3000      3000 

	Job terminated of its own accord at 2025-02-17T00:53:45Z with exit-code 0.
...
