000 (16626177.250.000) 02/17 00:58:07 Job submitted from host: <188.185.72.155:9618?addrs=188.185.72.155-9618+[2001-1458-d00-8--100-95]-9618&alias=bigbird08.cern.ch&noUDP&sock=schedd_862983_22fa>
...
040 (16626177.250.000) 02/17 01:00:48 Started transferring input files
	Transferring to host: <188.185.194.185:9618?addrs=188.185.194.185-9618+[2001-1458-303-21--100-b5]-9618&alias=b9p20p3715.cern.ch&noUDP&sock=slot1_32_3299979_7c4a_2661>
...
040 (16626177.250.000) 02/17 01:00:48 Finished transferring input files
...
001 (16626177.250.000) 02/17 01:00:49 Job executing on host: <188.185.194.185:9618?addrs=188.185.194.185-9618+[2001-1458-303-21--100-b5]-9618&alias=b9p20p3715.cern.ch&noUDP&sock=startd_7244_5c25>
	SlotName: slot1_32@b9p20p3715.cern.ch
	CondorScratchDir = "/pool/condor/dir_863579"
	Cpus = 1
	Disk = 3909
	GPUs = 0
	Memory = 3000
...
006 (16626177.250.000) 02/17 01:00:57 Image size of job updated: 99516
	98  -  MemoryUsage of job (MB)
	99516  -  ResidentSetSize of job (KB)
...
006 (16626177.250.000) 02/17 01:05:57 Image size of job updated: 136572
	134  -  MemoryUsage of job (MB)
	136572  -  ResidentSetSize of job (KB)
...
006 (16626177.250.000) 02/17 01:10:58 Image size of job updated: 140636
	138  -  MemoryUsage of job (MB)
	140636  -  ResidentSetSize of job (KB)
...
006 (16626177.250.000) 02/17 01:15:58 Image size of job updated: 141716
	139  -  MemoryUsage of job (MB)
	141716  -  ResidentSetSize of job (KB)
...
006 (16626177.250.000) 02/17 01:20:58 Image size of job updated: 144236
	141  -  MemoryUsage of job (MB)
	144236  -  ResidentSetSize of job (KB)
...
006 (16626177.250.000) 02/17 01:31:00 Image size of job updated: 152096
	149  -  MemoryUsage of job (MB)
	152096  -  ResidentSetSize of job (KB)
...
006 (16626177.250.000) 02/17 01:36:00 Image size of job updated: 152556
	149  -  MemoryUsage of job (MB)
	152556  -  ResidentSetSize of job (KB)
...
006 (16626177.250.000) 02/17 01:41:01 Image size of job updated: 155940
	153  -  MemoryUsage of job (MB)
	155940  -  ResidentSetSize of job (KB)
...
040 (16626177.250.000) 02/17 01:45:52 Started transferring output files
...
040 (16626177.250.000) 02/17 01:45:52 Finished transferring output files
...
005 (16626177.250.000) 02/17 01:45:52 Job terminated.
	(1) Normal termination (return value 0)
		Usr 0 00:44:40, Sys 0 00:00:01  -  Run Remote Usage
		Usr 0 00:00:00, Sys 0 00:00:00  -  Run Local Usage
		Usr 0 00:44:40, Sys 0 00:00:01  -  Total Remote Usage
		Usr 0 00:00:00, Sys 0 00:00:00  -  Total Local Usage
	8153  -  Run Bytes Sent By Job
	10428  -  Run Bytes Received By Job
	8153  -  Total Bytes Sent By Job
	10428  -  Total Bytes Received By Job
	Partitionable Resources :    Usage  Request Allocated 
	   Cpus                 :     0.99        1         1 
	   Disk (KB)            :    43          12      3909 
	   GPUs                 :                           0 
	   Memory (MB)          :   153        3000      3000 

	Job terminated of its own accord at 2025-02-17T00:45:52Z with exit-code 0.
...
