000 (16626177.145.000) 02/17 00:58:07 Job submitted from host: <188.185.72.155:9618?addrs=188.185.72.155-9618+[2001-1458-d00-8--100-95]-9618&alias=bigbird08.cern.ch&noUDP&sock=schedd_862983_22fa>
...
040 (16626177.145.000) 02/17 00:59:00 Started transferring input files
	Transferring to host: <188.185.196.23:9618?addrs=188.185.196.23-9618+[2001-1458-303-23--100-13]-9618&alias=b9p16p2776.cern.ch&noUDP&sock=slot1_15_3441577_1608_75310>
...
040 (16626177.145.000) 02/17 00:59:00 Finished transferring input files
...
001 (16626177.145.000) 02/17 00:59:01 Job executing on host: <188.185.196.23:9618?addrs=188.185.196.23-9618+[2001-1458-303-23--100-13]-9618&alias=b9p16p2776.cern.ch&noUDP&sock=startd_8249_b4d3>
	SlotName: slot1_15@b9p16p2776.cern.ch
	CondorScratchDir = "/pool/condor/dir_2668455"
	Cpus = 1
	Disk = 3791
	GPUs = 0
	Memory = 3000
...
006 (16626177.145.000) 02/17 00:59:10 Image size of job updated: 1892
	2  -  MemoryUsage of job (MB)
	1892  -  ResidentSetSize of job (KB)
...
006 (16626177.145.000) 02/17 01:04:11 Image size of job updated: 419368
	410  -  MemoryUsage of job (MB)
	419368  -  ResidentSetSize of job (KB)
...
006 (16626177.145.000) 02/17 01:09:12 Image size of job updated: 455800
	446  -  MemoryUsage of job (MB)
	455800  -  ResidentSetSize of job (KB)
...
006 (16626177.145.000) 02/17 01:14:12 Image size of job updated: 458928
	449  -  MemoryUsage of job (MB)
	458928  -  ResidentSetSize of job (KB)
...
006 (16626177.145.000) 02/17 01:19:13 Image size of job updated: 460248
	450  -  MemoryUsage of job (MB)
	460248  -  ResidentSetSize of job (KB)
...
006 (16626177.145.000) 02/17 01:24:14 Image size of job updated: 462088
	452  -  MemoryUsage of job (MB)
	462088  -  ResidentSetSize of job (KB)
...
006 (16626177.145.000) 02/17 01:34:14 Image size of job updated: 462308
	452  -  MemoryUsage of job (MB)
	462308  -  ResidentSetSize of job (KB)
...
006 (16626177.145.000) 02/17 01:39:15 Image size of job updated: 471472
	461  -  MemoryUsage of job (MB)
	471472  -  ResidentSetSize of job (KB)
...
006 (16626177.145.000) 02/17 01:44:15 Image size of job updated: 474960
	464  -  MemoryUsage of job (MB)
	474960  -  ResidentSetSize of job (KB)
...
006 (16626177.145.000) 02/17 01:49:15 Image size of job updated: 475936
	465  -  MemoryUsage of job (MB)
	475936  -  ResidentSetSize of job (KB)
...
040 (16626177.145.000) 02/17 01:51:35 Started transferring output files
...
040 (16626177.145.000) 02/17 01:51:35 Finished transferring output files
...
005 (16626177.145.000) 02/17 01:51:35 Job terminated.
	(1) Normal termination (return value 0)
		Usr 0 00:51:42, Sys 0 00:00:01  -  Run Remote Usage
		Usr 0 00:00:00, Sys 0 00:00:00  -  Run Local Usage
		Usr 0 00:51:42, Sys 0 00:00:01  -  Total Remote Usage
		Usr 0 00:00:00, Sys 0 00:00:00  -  Total Local Usage
	8155  -  Run Bytes Sent By Job
	10428  -  Run Bytes Received By Job
	8155  -  Total Bytes Sent By Job
	10428  -  Total Bytes Received By Job
	Partitionable Resources :    Usage  Request Allocated 
	   Cpus                 :     0.99        1         1 
	   Disk (KB)            :    44          12      3791 
	   GPUs                 :                           0 
	   Memory (MB)          :   465        3000      3000 

	Job terminated of its own accord at 2025-02-17T00:51:35Z with exit-code 0.
...
