000 (16626177.447.000) 02/17 00:58:08 Job submitted from host: <188.185.72.155:9618?addrs=188.185.72.155-9618+[2001-1458-d00-8--100-95]-9618&alias=bigbird08.cern.ch&noUDP&sock=schedd_862983_22fa>
...
040 (16626177.447.000) 02/17 01:07:26 Started transferring input files
	Transferring to host: <128.142.161.108:9618?addrs=128.142.161.108-9618+[2001-1458-301-b8--100-2a]-9618&alias=b9g03p5951.cern.ch&noUDP&sock=slot1_7_8024_623f_6939>
...
040 (16626177.447.000) 02/17 01:07:26 Finished transferring input files
...
001 (16626177.447.000) 02/17 01:07:27 Job executing on host: <128.142.161.108:9618?addrs=128.142.161.108-9618+[2001-1458-301-b8--100-2a]-9618&alias=b9g03p5951.cern.ch&noUDP&sock=startd_6725_5e7e>
	SlotName: slot1_7@b9g03p5951.cern.ch
	CondorScratchDir = "/pool/condor/dir_3213243"
	Cpus = 1
	Disk = 4098
	GPUs = 0
	Memory = 3000
...
006 (16626177.447.000) 02/17 01:07:36 Image size of job updated: 70376
	69  -  MemoryUsage of job (MB)
	70376  -  ResidentSetSize of job (KB)
...
006 (16626177.447.000) 02/17 01:12:37 Image size of job updated: 101556
	100  -  MemoryUsage of job (MB)
	101556  -  ResidentSetSize of job (KB)
...
006 (16626177.447.000) 02/17 01:17:38 Image size of job updated: 137484
	135  -  MemoryUsage of job (MB)
	137484  -  ResidentSetSize of job (KB)
...
006 (16626177.447.000) 02/17 01:22:38 Image size of job updated: 140884
	138  -  MemoryUsage of job (MB)
	140884  -  ResidentSetSize of job (KB)
...
006 (16626177.447.000) 02/17 01:27:38 Image size of job updated: 141984
	139  -  MemoryUsage of job (MB)
	141984  -  ResidentSetSize of job (KB)
...
006 (16626177.447.000) 02/17 01:32:39 Image size of job updated: 142556
	140  -  MemoryUsage of job (MB)
	142556  -  ResidentSetSize of job (KB)
...
006 (16626177.447.000) 02/17 01:37:39 Image size of job updated: 143524
	141  -  MemoryUsage of job (MB)
	143524  -  ResidentSetSize of job (KB)
...
006 (16626177.447.000) 02/17 01:52:41 Image size of job updated: 145640
	143  -  MemoryUsage of job (MB)
	145640  -  ResidentSetSize of job (KB)
...
006 (16626177.447.000) 02/17 01:57:41 Image size of job updated: 146088
	143  -  MemoryUsage of job (MB)
	146088  -  ResidentSetSize of job (KB)
...
006 (16626177.447.000) 02/17 02:02:42 Image size of job updated: 149324
	146  -  MemoryUsage of job (MB)
	149324  -  ResidentSetSize of job (KB)
...
006 (16626177.447.000) 02/17 02:07:43 Image size of job updated: 152108
	149  -  MemoryUsage of job (MB)
	152108  -  ResidentSetSize of job (KB)
...
006 (16626177.447.000) 02/17 02:12:43 Image size of job updated: 154852
	152  -  MemoryUsage of job (MB)
	154852  -  ResidentSetSize of job (KB)
...
040 (16626177.447.000) 02/17 02:13:03 Started transferring output files
...
040 (16626177.447.000) 02/17 02:13:03 Finished transferring output files
...
005 (16626177.447.000) 02/17 02:13:03 Job terminated.
	(1) Normal termination (return value 0)
		Usr 0 01:00:52, Sys 0 00:00:02  -  Run Remote Usage
		Usr 0 00:00:00, Sys 0 00:00:00  -  Run Local Usage
		Usr 0 01:00:52, Sys 0 00:00:02  -  Total Remote Usage
		Usr 0 00:00:00, Sys 0 00:00:00  -  Total Local Usage
	8155  -  Run Bytes Sent By Job
	10428  -  Run Bytes Received By Job
	8155  -  Total Bytes Sent By Job
	10428  -  Total Bytes Received By Job
	Partitionable Resources :    Usage  Request Allocated 
	   Cpus                 :     0.96        1         1 
	   Disk (KB)            :    43          12      4098 
	   GPUs                 :                           0 
	   Memory (MB)          :   152        3000      3000 

	Job terminated of its own accord at 2025-02-17T01:13:03Z with exit-code 0.
...
