000 (16626177.352.000) 02/17 00:58:07 Job submitted from host: <188.185.72.155:9618?addrs=188.185.72.155-9618+[2001-1458-d00-8--100-95]-9618&alias=bigbird08.cern.ch&noUDP&sock=schedd_862983_22fa>
...
040 (16626177.352.000) 02/17 01:04:40 Started transferring input files
	Transferring to host: <128.142.192.200:9618?addrs=128.142.192.200-9618+[2001-1458-301-56--100-44]-9618&alias=b9g18p0307.cern.ch&noUDP&sock=slot1_16_3711609_0eec_88728>
...
040 (16626177.352.000) 02/17 01:04:40 Finished transferring input files
...
001 (16626177.352.000) 02/17 01:04:41 Job executing on host: <128.142.192.200:9618?addrs=128.142.192.200-9618+[2001-1458-301-56--100-44]-9618&alias=b9g18p0307.cern.ch&noUDP&sock=startd_3989_b360>
	SlotName: slot1_16@b9g18p0307.cern.ch
	CondorScratchDir = "/pool/condor/dir_1042760"
	Cpus = 1
	Disk = 3819
	GPUs = 0
	Memory = 3000
...
006 (16626177.352.000) 02/17 01:04:49 Image size of job updated: 101432
	100  -  MemoryUsage of job (MB)
	101432  -  ResidentSetSize of job (KB)
...
006 (16626177.352.000) 02/17 01:09:49 Image size of job updated: 138384
	136  -  MemoryUsage of job (MB)
	138384  -  ResidentSetSize of job (KB)
...
006 (16626177.352.000) 02/17 01:14:50 Image size of job updated: 142840
	140  -  MemoryUsage of job (MB)
	142840  -  ResidentSetSize of job (KB)
...
006 (16626177.352.000) 02/17 01:19:51 Image size of job updated: 142856
	140  -  MemoryUsage of job (MB)
	142856  -  ResidentSetSize of job (KB)
...
006 (16626177.352.000) 02/17 01:24:51 Image size of job updated: 143796
	141  -  MemoryUsage of job (MB)
	143796  -  ResidentSetSize of job (KB)
...
006 (16626177.352.000) 02/17 01:29:52 Image size of job updated: 146860
	144  -  MemoryUsage of job (MB)
	146860  -  ResidentSetSize of job (KB)
...
006 (16626177.352.000) 02/17 01:39:53 Image size of job updated: 148520
	146  -  MemoryUsage of job (MB)
	148520  -  ResidentSetSize of job (KB)
...
006 (16626177.352.000) 02/17 01:44:53 Image size of job updated: 161592
	158  -  MemoryUsage of job (MB)
	161592  -  ResidentSetSize of job (KB)
...
006 (16626177.352.000) 02/17 01:49:54 Image size of job updated: 166644
	163  -  MemoryUsage of job (MB)
	166644  -  ResidentSetSize of job (KB)
...
040 (16626177.352.000) 02/17 01:55:00 Started transferring output files
...
040 (16626177.352.000) 02/17 01:55:00 Finished transferring output files
...
005 (16626177.352.000) 02/17 01:55:00 Job terminated.
	(1) Normal termination (return value 0)
		Usr 0 00:49:56, Sys 0 00:00:01  -  Run Remote Usage
		Usr 0 00:00:00, Sys 0 00:00:00  -  Run Local Usage
		Usr 0 00:49:56, Sys 0 00:00:01  -  Total Remote Usage
		Usr 0 00:00:00, Sys 0 00:00:00  -  Total Local Usage
	8155  -  Run Bytes Sent By Job
	10428  -  Run Bytes Received By Job
	8155  -  Total Bytes Sent By Job
	10428  -  Total Bytes Received By Job
	Partitionable Resources :    Usage  Request Allocated 
	   Cpus                 :     0.99        1         1 
	   Disk (KB)            :    43          12      3819 
	   GPUs                 :                           0 
	   Memory (MB)          :   163        3000      3000 

	Job terminated of its own accord at 2025-02-17T00:55:00Z with exit-code 0.
...
