000 (16626177.474.000) 02/17 00:58:08 Job submitted from host: <188.185.72.155:9618?addrs=188.185.72.155-9618+[2001-1458-d00-8--100-95]-9618&alias=bigbird08.cern.ch&noUDP&sock=schedd_862983_22fa>
...
040 (16626177.474.000) 02/17 01:07:35 Started transferring input files
	Transferring to host: <188.185.193.74:9618?addrs=188.185.193.74-9618+[2001-1458-303-20--100-46]-9618&alias=b9p19p8480.cern.ch&noUDP&sock=slot1_31_3277022_33c4_6029>
...
040 (16626177.474.000) 02/17 01:07:35 Finished transferring input files
...
001 (16626177.474.000) 02/17 01:07:36 Job executing on host: <188.185.193.74:9618?addrs=188.185.193.74-9618+[2001-1458-303-20--100-46]-9618&alias=b9p19p8480.cern.ch&noUDP&sock=startd_8042_b8b8>
	SlotName: slot1_31@b9p19p8480.cern.ch
	CondorScratchDir = "/pool/condor/dir_1946228"
	Cpus = 1
	Disk = 2993
	GPUs = 0
	Memory = 3000
...
006 (16626177.474.000) 02/17 01:07:45 Image size of job updated: 98896
	97  -  MemoryUsage of job (MB)
	98896  -  ResidentSetSize of job (KB)
...
006 (16626177.474.000) 02/17 01:12:46 Image size of job updated: 111356
	109  -  MemoryUsage of job (MB)
	111356  -  ResidentSetSize of job (KB)
...
006 (16626177.474.000) 02/17 01:17:47 Image size of job updated: 115800
	114  -  MemoryUsage of job (MB)
	115800  -  ResidentSetSize of job (KB)
...
006 (16626177.474.000) 02/17 01:27:47 Image size of job updated: 118704
	116  -  MemoryUsage of job (MB)
	118704  -  ResidentSetSize of job (KB)
...
006 (16626177.474.000) 02/17 01:32:48 Image size of job updated: 122168
	120  -  MemoryUsage of job (MB)
	122168  -  ResidentSetSize of job (KB)
...
006 (16626177.474.000) 02/17 01:37:49 Image size of job updated: 136828
	134  -  MemoryUsage of job (MB)
	136828  -  ResidentSetSize of job (KB)
...
040 (16626177.474.000) 02/17 01:38:40 Started transferring output files
...
040 (16626177.474.000) 02/17 01:38:40 Finished transferring output files
...
005 (16626177.474.000) 02/17 01:38:40 Job terminated.
	(1) Normal termination (return value 0)
		Usr 0 00:30:19, Sys 0 00:00:12  -  Run Remote Usage
		Usr 0 00:00:00, Sys 0 00:00:00  -  Run Local Usage
		Usr 0 00:30:19, Sys 0 00:00:12  -  Total Remote Usage
		Usr 0 00:00:00, Sys 0 00:00:00  -  Total Local Usage
	8155  -  Run Bytes Sent By Job
	10428  -  Run Bytes Received By Job
	8155  -  Total Bytes Sent By Job
	10428  -  Total Bytes Received By Job
	Partitionable Resources :    Usage  Request Allocated 
	   Cpus                 :     0.96        1         1 
	   Disk (KB)            :    43          12      2993 
	   GPUs                 :                           0 
	   Memory (MB)          :   134        3000      3000 

	Job terminated of its own accord at 2025-02-17T00:38:40Z with exit-code 0.
...
