000 (16626177.323.000) 02/17 00:58:07 Job submitted from host: <188.185.72.155:9618?addrs=188.185.72.155-9618+[2001-1458-d00-8--100-95]-9618&alias=bigbird08.cern.ch&noUDP&sock=schedd_862983_22fa>
...
040 (16626177.323.000) 02/17 01:04:30 Started transferring input files
	Transferring to host: <188.185.193.60:9618?addrs=188.185.193.60-9618+[2001-1458-303-20--100-38]-9618&alias=b9p19p3889.cern.ch&noUDP&sock=slot1_3_1881163_42ea_20771>
...
040 (16626177.323.000) 02/17 01:04:30 Finished transferring input files
...
001 (16626177.323.000) 02/17 01:04:31 Job executing on host: <188.185.193.60:9618?addrs=188.185.193.60-9618+[2001-1458-303-20--100-38]-9618&alias=b9p19p3889.cern.ch&noUDP&sock=startd_7048_eb95>
	SlotName: slot1_3@b9p19p3889.cern.ch
	CondorScratchDir = "/pool/condor/dir_324868"
	Cpus = 1
	Disk = 3770
	GPUs = 0
	Memory = 3000
...
006 (16626177.323.000) 02/17 01:04:40 Image size of job updated: 390532
	382  -  MemoryUsage of job (MB)
	390532  -  ResidentSetSize of job (KB)
...
006 (16626177.323.000) 02/17 01:09:42 Image size of job updated: 428168
	419  -  MemoryUsage of job (MB)
	428168  -  ResidentSetSize of job (KB)
...
006 (16626177.323.000) 02/17 01:14:42 Image size of job updated: 432140
	423  -  MemoryUsage of job (MB)
	432140  -  ResidentSetSize of job (KB)
...
006 (16626177.323.000) 02/17 01:19:42 Image size of job updated: 433232
	424  -  MemoryUsage of job (MB)
	433232  -  ResidentSetSize of job (KB)
...
006 (16626177.323.000) 02/17 01:24:43 Image size of job updated: 434304
	425  -  MemoryUsage of job (MB)
	434304  -  ResidentSetSize of job (KB)
...
006 (16626177.323.000) 02/17 01:34:44 Image size of job updated: 438064
	428  -  MemoryUsage of job (MB)
	438064  -  ResidentSetSize of job (KB)
...
006 (16626177.323.000) 02/17 01:39:44 Image size of job updated: 450860
	441  -  MemoryUsage of job (MB)
	450860  -  ResidentSetSize of job (KB)
...
006 (16626177.323.000) 02/17 01:44:45 Image size of job updated: 457112
	447  -  MemoryUsage of job (MB)
	457112  -  ResidentSetSize of job (KB)
...
040 (16626177.323.000) 02/17 01:49:28 Started transferring output files
...
040 (16626177.323.000) 02/17 01:49:28 Finished transferring output files
...
005 (16626177.323.000) 02/17 01:49:28 Job terminated.
	(1) Normal termination (return value 0)
		Usr 0 00:44:34, Sys 0 00:00:01  -  Run Remote Usage
		Usr 0 00:00:00, Sys 0 00:00:00  -  Run Local Usage
		Usr 0 00:44:34, Sys 0 00:00:01  -  Total Remote Usage
		Usr 0 00:00:00, Sys 0 00:00:00  -  Total Local Usage
	8155  -  Run Bytes Sent By Job
	10428  -  Run Bytes Received By Job
	8155  -  Total Bytes Sent By Job
	10428  -  Total Bytes Received By Job
	Partitionable Resources :    Usage  Request Allocated 
	   Cpus                 :     0.99        1         1 
	   Disk (KB)            :    44          12      3770 
	   GPUs                 :                           0 
	   Memory (MB)          :   447        3000      3000 

	Job terminated of its own accord at 2025-02-17T00:49:28Z with exit-code 0.
...
