000 (16626177.456.000) 02/17 00:58:08 Job submitted from host: <188.185.72.155:9618?addrs=188.185.72.155-9618+[2001-1458-d00-8--100-95]-9618&alias=bigbird08.cern.ch&noUDP&sock=schedd_862983_22fa>
...
040 (16626177.456.000) 02/17 01:07:29 Started transferring input files
	Transferring to host: <188.185.195.123:9618?addrs=188.185.195.123-9618+[2001-1458-303-22--100-77]-9618&alias=b9p17p5699.cern.ch&noUDP&sock=slot1_22_6172_7b74_119403>
...
040 (16626177.456.000) 02/17 01:07:29 Finished transferring input files
...
001 (16626177.456.000) 02/17 01:07:30 Job executing on host: <188.185.195.123:9618?addrs=188.185.195.123-9618+[2001-1458-303-22--100-77]-9618&alias=b9p17p5699.cern.ch&noUDP&sock=startd_4598_6c8d>
	SlotName: slot1_22@b9p17p5699.cern.ch
	CondorScratchDir = "/pool/condor/dir_944947"
	Cpus = 1
	Disk = 3816
	GPUs = 0
	Memory = 3000
...
006 (16626177.456.000) 02/17 01:07:38 Image size of job updated: 99536
	98  -  MemoryUsage of job (MB)
	99536  -  ResidentSetSize of job (KB)
...
006 (16626177.456.000) 02/17 01:12:38 Image size of job updated: 137108
	134  -  MemoryUsage of job (MB)
	137108  -  ResidentSetSize of job (KB)
...
006 (16626177.456.000) 02/17 01:17:39 Image size of job updated: 140960
	138  -  MemoryUsage of job (MB)
	140960  -  ResidentSetSize of job (KB)
...
006 (16626177.456.000) 02/17 01:22:39 Image size of job updated: 142548
	140  -  MemoryUsage of job (MB)
	142548  -  ResidentSetSize of job (KB)
...
006 (16626177.456.000) 02/17 01:32:40 Image size of job updated: 151932
	149  -  MemoryUsage of job (MB)
	151932  -  ResidentSetSize of job (KB)
...
006 (16626177.456.000) 02/17 01:37:41 Image size of job updated: 156040
	153  -  MemoryUsage of job (MB)
	156040  -  ResidentSetSize of job (KB)
...
006 (16626177.456.000) 02/17 01:42:41 Image size of job updated: 157076
	154  -  MemoryUsage of job (MB)
	157076  -  ResidentSetSize of job (KB)
...
040 (16626177.456.000) 02/17 01:45:15 Started transferring output files
...
040 (16626177.456.000) 02/17 01:45:15 Finished transferring output files
...
005 (16626177.456.000) 02/17 01:45:15 Job terminated.
	(1) Normal termination (return value 0)
		Usr 0 00:37:26, Sys 0 00:00:01  -  Run Remote Usage
		Usr 0 00:00:00, Sys 0 00:00:00  -  Run Local Usage
		Usr 0 00:37:26, Sys 0 00:00:01  -  Total Remote Usage
		Usr 0 00:00:00, Sys 0 00:00:00  -  Total Local Usage
	8155  -  Run Bytes Sent By Job
	10428  -  Run Bytes Received By Job
	8155  -  Total Bytes Sent By Job
	10428  -  Total Bytes Received By Job
	Partitionable Resources :    Usage  Request Allocated 
	   Cpus                 :     0.99        1         1 
	   Disk (KB)            :    44          12      3816 
	   GPUs                 :                           0 
	   Memory (MB)          :   154        3000      3000 

	Job terminated of its own accord at 2025-02-17T00:45:15Z with exit-code 0.
...
