000 (16626177.193.000) 02/17 00:58:07 Job submitted from host: <188.185.72.155:9618?addrs=188.185.72.155-9618+[2001-1458-d00-8--100-95]-9618&alias=bigbird08.cern.ch&noUDP&sock=schedd_862983_22fa>
...
040 (16626177.193.000) 02/17 01:00:29 Started transferring input files
	Transferring to host: <188.185.195.50:9618?addrs=188.185.195.50-9618+[2001-1458-303-22--100-2e]-9618&alias=b9p17p9751.cern.ch&noUDP&sock=slot1_14_3231009_e195_31016>
...
040 (16626177.193.000) 02/17 01:00:29 Finished transferring input files
...
001 (16626177.193.000) 02/17 01:00:30 Job executing on host: <188.185.195.50:9618?addrs=188.185.195.50-9618+[2001-1458-303-22--100-2e]-9618&alias=b9p17p9751.cern.ch&noUDP&sock=startd_7687_3899>
	SlotName: slot1_14@b9p17p9751.cern.ch
	CondorScratchDir = "/pool/condor/dir_585074"
	Cpus = 1
	Disk = 3797
	GPUs = 0
	Memory = 3000
...
006 (16626177.193.000) 02/17 01:00:39 Image size of job updated: 412744
	404  -  MemoryUsage of job (MB)
	412744  -  ResidentSetSize of job (KB)
...
006 (16626177.193.000) 02/17 01:05:40 Image size of job updated: 449356
	439  -  MemoryUsage of job (MB)
	449356  -  ResidentSetSize of job (KB)
...
006 (16626177.193.000) 02/17 01:10:40 Image size of job updated: 453992
	444  -  MemoryUsage of job (MB)
	453992  -  ResidentSetSize of job (KB)
...
006 (16626177.193.000) 02/17 01:15:40 Image size of job updated: 458516
	448  -  MemoryUsage of job (MB)
	458516  -  ResidentSetSize of job (KB)
...
006 (16626177.193.000) 02/17 01:25:42 Image size of job updated: 461416
	451  -  MemoryUsage of job (MB)
	461416  -  ResidentSetSize of job (KB)
...
006 (16626177.193.000) 02/17 01:30:42 Image size of job updated: 465812
	455  -  MemoryUsage of job (MB)
	465812  -  ResidentSetSize of job (KB)
...
040 (16626177.193.000) 02/17 01:34:52 Started transferring output files
...
040 (16626177.193.000) 02/17 01:34:52 Finished transferring output files
...
005 (16626177.193.000) 02/17 01:34:52 Job terminated.
	(1) Normal termination (return value 0)
		Usr 0 00:34:05, Sys 0 00:00:00  -  Run Remote Usage
		Usr 0 00:00:00, Sys 0 00:00:00  -  Run Local Usage
		Usr 0 00:34:05, Sys 0 00:00:00  -  Total Remote Usage
		Usr 0 00:00:00, Sys 0 00:00:00  -  Total Local Usage
	8155  -  Run Bytes Sent By Job
	10428  -  Run Bytes Received By Job
	8155  -  Total Bytes Sent By Job
	10428  -  Total Bytes Received By Job
	Partitionable Resources :    Usage  Request Allocated 
	   Cpus                 :     0.99        1         1 
	   Disk (KB)            :    43          12      3797 
	   GPUs                 :                           0 
	   Memory (MB)          :   455        3000      3000 

	Job terminated of its own accord at 2025-02-17T00:34:52Z with exit-code 0.
...
