000 (16626177.008.000) 02/17 00:58:07 Job submitted from host: <188.185.72.155:9618?addrs=188.185.72.155-9618+[2001-1458-d00-8--100-95]-9618&alias=bigbird08.cern.ch&noUDP&sock=schedd_862983_22fa>
...
040 (16626177.008.000) 02/17 00:58:14 Started transferring input files
	Transferring to host: <128.142.161.91:9618?addrs=128.142.161.91-9618+[2001-1458-301-b8--100-19]-9618&alias=b9g03p3548.cern.ch&noUDP&sock=slot1_22_147784_f273_28929>
...
040 (16626177.008.000) 02/17 00:58:14 Finished transferring input files
...
001 (16626177.008.000) 02/17 00:58:15 Job executing on host: <128.142.161.91:9618?addrs=128.142.161.91-9618+[2001-1458-301-b8--100-19]-9618&alias=b9g03p3548.cern.ch&noUDP&sock=startd_4536_e5ae>
	SlotName: slot1_22@b9g03p3548.cern.ch
	CondorScratchDir = "/pool/condor/dir_64201"
	Cpus = 1
	Disk = 3958
	GPUs = 0
	Memory = 3000
...
006 (16626177.008.000) 02/17 00:58:24 Image size of job updated: 101728
	100  -  MemoryUsage of job (MB)
	101728  -  ResidentSetSize of job (KB)
...
006 (16626177.008.000) 02/17 01:03:25 Image size of job updated: 167756
	164  -  MemoryUsage of job (MB)
	167756  -  ResidentSetSize of job (KB)
...
006 (16626177.008.000) 02/17 01:08:26 Image size of job updated: 169176
	166  -  MemoryUsage of job (MB)
	169176  -  ResidentSetSize of job (KB)
...
006 (16626177.008.000) 02/17 01:13:26 Image size of job updated: 172692
	169  -  MemoryUsage of job (MB)
	172692  -  ResidentSetSize of job (KB)
...
006 (16626177.008.000) 02/17 01:18:27 Image size of job updated: 173824
	170  -  MemoryUsage of job (MB)
	173824  -  ResidentSetSize of job (KB)
...
006 (16626177.008.000) 02/17 01:23:28 Image size of job updated: 176916
	173  -  MemoryUsage of job (MB)
	176916  -  ResidentSetSize of job (KB)
...
006 (16626177.008.000) 02/17 01:33:28 Image size of job updated: 179028
	175  -  MemoryUsage of job (MB)
	179028  -  ResidentSetSize of job (KB)
...
006 (16626177.008.000) 02/17 01:38:29 Image size of job updated: 179852
	176  -  MemoryUsage of job (MB)
	179852  -  ResidentSetSize of job (KB)
...
006 (16626177.008.000) 02/17 01:43:29 Image size of job updated: 180632
	177  -  MemoryUsage of job (MB)
	180632  -  ResidentSetSize of job (KB)
...
006 (16626177.008.000) 02/17 01:48:29 Image size of job updated: 183428
	180  -  MemoryUsage of job (MB)
	183428  -  ResidentSetSize of job (KB)
...
040 (16626177.008.000) 02/17 01:55:26 Started transferring output files
...
040 (16626177.008.000) 02/17 01:55:26 Finished transferring output files
...
005 (16626177.008.000) 02/17 01:55:26 Job terminated.
	(1) Normal termination (return value 0)
		Usr 0 00:56:22, Sys 0 00:00:02  -  Run Remote Usage
		Usr 0 00:00:00, Sys 0 00:00:00  -  Run Local Usage
		Usr 0 00:56:22, Sys 0 00:00:02  -  Total Remote Usage
		Usr 0 00:00:00, Sys 0 00:00:00  -  Total Local Usage
	8149  -  Run Bytes Sent By Job
	10428  -  Run Bytes Received By Job
	8149  -  Total Bytes Sent By Job
	10428  -  Total Bytes Received By Job
	Partitionable Resources :    Usage  Request Allocated 
	   Cpus                 :     0.98        1         1 
	   Disk (KB)            :    43          12      3958 
	   GPUs                 :                           0 
	   Memory (MB)          :   180        3000      3000 

	Job terminated of its own accord at 2025-02-17T00:55:26Z with exit-code 0.
...
