000 (16626177.118.000) 02/17 00:58:07 Job submitted from host: <188.185.72.155:9618?addrs=188.185.72.155-9618+[2001-1458-d00-8--100-95]-9618&alias=bigbird08.cern.ch&noUDP&sock=schedd_862983_22fa>
...
040 (16626177.118.000) 02/17 00:58:51 Started transferring input files
	Transferring to host: <128.142.161.100:9618?addrs=128.142.161.100-9618+[2001-1458-301-b8--100-22]-9618&alias=b9g03p3225.cern.ch&noUDP&sock=slot1_16_3209_c7dc_44250>
...
040 (16626177.118.000) 02/17 00:58:51 Finished transferring input files
...
001 (16626177.118.000) 02/17 00:58:52 Job executing on host: <128.142.161.100:9618?addrs=128.142.161.100-9618+[2001-1458-301-b8--100-22]-9618&alias=b9g03p3225.cern.ch&noUDP&sock=startd_3168_901f>
	SlotName: slot1_16@b9g03p3225.cern.ch
	CondorScratchDir = "/pool/condor/dir_1092304"
	Cpus = 1
	Disk = 3979
	GPUs = 0
	Memory = 3000
...
006 (16626177.118.000) 02/17 00:59:00 Image size of job updated: 69896
	69  -  MemoryUsage of job (MB)
	69896  -  ResidentSetSize of job (KB)
...
006 (16626177.118.000) 02/17 01:04:00 Image size of job updated: 100656
	99  -  MemoryUsage of job (MB)
	100656  -  ResidentSetSize of job (KB)
...
006 (16626177.118.000) 02/17 01:09:01 Image size of job updated: 137860
	135  -  MemoryUsage of job (MB)
	137860  -  ResidentSetSize of job (KB)
...
006 (16626177.118.000) 02/17 01:14:02 Image size of job updated: 142320
	139  -  MemoryUsage of job (MB)
	142320  -  ResidentSetSize of job (KB)
...
006 (16626177.118.000) 02/17 01:19:02 Image size of job updated: 142528
	140  -  MemoryUsage of job (MB)
	142528  -  ResidentSetSize of job (KB)
...
006 (16626177.118.000) 02/17 01:24:03 Image size of job updated: 142740
	140  -  MemoryUsage of job (MB)
	142740  -  ResidentSetSize of job (KB)
...
006 (16626177.118.000) 02/17 01:29:04 Image size of job updated: 144740
	142  -  MemoryUsage of job (MB)
	144740  -  ResidentSetSize of job (KB)
...
006 (16626177.118.000) 02/17 01:39:04 Image size of job updated: 148100
	145  -  MemoryUsage of job (MB)
	148100  -  ResidentSetSize of job (KB)
...
006 (16626177.118.000) 02/17 01:44:05 Image size of job updated: 148296
	145  -  MemoryUsage of job (MB)
	148296  -  ResidentSetSize of job (KB)
...
006 (16626177.118.000) 02/17 01:49:05 Image size of job updated: 148568
	146  -  MemoryUsage of job (MB)
	148568  -  ResidentSetSize of job (KB)
...
006 (16626177.118.000) 02/17 01:54:05 Image size of job updated: 149476
	146  -  MemoryUsage of job (MB)
	149476  -  ResidentSetSize of job (KB)
...
006 (16626177.118.000) 02/17 01:59:06 Image size of job updated: 150340
	147  -  MemoryUsage of job (MB)
	150340  -  ResidentSetSize of job (KB)
...
040 (16626177.118.000) 02/17 02:06:01 Started transferring output files
...
040 (16626177.118.000) 02/17 02:06:01 Finished transferring output files
...
005 (16626177.118.000) 02/17 02:06:01 Job terminated.
	(1) Normal termination (return value 0)
		Usr 0 01:04:34, Sys 0 00:00:03  -  Run Remote Usage
		Usr 0 00:00:00, Sys 0 00:00:00  -  Run Local Usage
		Usr 0 01:04:34, Sys 0 00:00:03  -  Total Remote Usage
		Usr 0 00:00:00, Sys 0 00:00:00  -  Total Local Usage
	8155  -  Run Bytes Sent By Job
	10428  -  Run Bytes Received By Job
	8155  -  Total Bytes Sent By Job
	10428  -  Total Bytes Received By Job
	Partitionable Resources :    Usage  Request Allocated 
	   Cpus                 :     0.98        1         1 
	   Disk (KB)            :    43          12      3979 
	   GPUs                 :                           0 
	   Memory (MB)          :   147        3000      3000 

	Job terminated of its own accord at 2025-02-17T01:06:01Z with exit-code 0.
...
