000 (16626177.363.000) 02/17 00:58:07 Job submitted from host: <188.185.72.155:9618?addrs=188.185.72.155-9618+[2001-1458-d00-8--100-95]-9618&alias=bigbird08.cern.ch&noUDP&sock=schedd_862983_22fa>
...
040 (16626177.363.000) 02/17 01:04:41 Started transferring input files
	Transferring to host: <188.185.213.180:9618?addrs=188.185.213.180-9618+[2001-1458-303-1b--100-30]-9618&alias=b9p28p7628.cern.ch&noUDP&sock=slot1_14_3275115_8c57_94760>
...
040 (16626177.363.000) 02/17 01:04:41 Finished transferring input files
...
001 (16626177.363.000) 02/17 01:04:42 Job executing on host: <188.185.213.180:9618?addrs=188.185.213.180-9618+[2001-1458-303-1b--100-30]-9618&alias=b9p28p7628.cern.ch&noUDP&sock=startd_7151_91d6>
	SlotName: slot1_14@b9p28p7628.cern.ch
	CondorScratchDir = "/pool/condor/dir_3875440"
	Cpus = 1
	Disk = 3794
	GPUs = 0
	Memory = 3000
...
006 (16626177.363.000) 02/17 01:04:51 Image size of job updated: 99832
	98  -  MemoryUsage of job (MB)
	99832  -  ResidentSetSize of job (KB)
...
006 (16626177.363.000) 02/17 01:09:52 Image size of job updated: 137640
	135  -  MemoryUsage of job (MB)
	137640  -  ResidentSetSize of job (KB)
...
006 (16626177.363.000) 02/17 01:14:53 Image size of job updated: 141216
	138  -  MemoryUsage of job (MB)
	141216  -  ResidentSetSize of job (KB)
...
006 (16626177.363.000) 02/17 01:19:53 Image size of job updated: 142528
	140  -  MemoryUsage of job (MB)
	142528  -  ResidentSetSize of job (KB)
...
006 (16626177.363.000) 02/17 01:29:54 Image size of job updated: 144944
	142  -  MemoryUsage of job (MB)
	144944  -  ResidentSetSize of job (KB)
...
006 (16626177.363.000) 02/17 01:34:54 Image size of job updated: 145588
	143  -  MemoryUsage of job (MB)
	145588  -  ResidentSetSize of job (KB)
...
006 (16626177.363.000) 02/17 01:39:54 Image size of job updated: 151320
	148  -  MemoryUsage of job (MB)
	151320  -  ResidentSetSize of job (KB)
...
040 (16626177.363.000) 02/17 01:43:56 Started transferring output files
...
040 (16626177.363.000) 02/17 01:43:56 Finished transferring output files
...
005 (16626177.363.000) 02/17 01:43:56 Job terminated.
	(1) Normal termination (return value 0)
		Usr 0 00:38:43, Sys 0 00:00:01  -  Run Remote Usage
		Usr 0 00:00:00, Sys 0 00:00:00  -  Run Local Usage
		Usr 0 00:38:43, Sys 0 00:00:01  -  Total Remote Usage
		Usr 0 00:00:00, Sys 0 00:00:00  -  Total Local Usage
	8155  -  Run Bytes Sent By Job
	10428  -  Run Bytes Received By Job
	8155  -  Total Bytes Sent By Job
	10428  -  Total Bytes Received By Job
	Partitionable Resources :    Usage  Request Allocated 
	   Cpus                 :     0.99        1         1 
	   Disk (KB)            :    43          12      3794 
	   GPUs                 :                           0 
	   Memory (MB)          :   148        3000      3000 

	Job terminated of its own accord at 2025-02-17T00:43:56Z with exit-code 0.
...
