000 (16626177.445.000) 02/17 00:58:08 Job submitted from host: <188.185.72.155:9618?addrs=188.185.72.155-9618+[2001-1458-d00-8--100-95]-9618&alias=bigbird08.cern.ch&noUDP&sock=schedd_862983_22fa>
...
040 (16626177.445.000) 02/17 01:07:27 Started transferring input files
	Transferring to host: <188.185.192.119:9618?addrs=188.185.192.119-9618+[2001-1458-303-1f--100-73]-9618&alias=b9p13p5632.cern.ch&noUDP&sock=slot1_26_2408495_5c2e_66704>
...
040 (16626177.445.000) 02/17 01:07:27 Finished transferring input files
...
001 (16626177.445.000) 02/17 01:07:28 Job executing on host: <188.185.192.119:9618?addrs=188.185.192.119-9618+[2001-1458-303-1f--100-73]-9618&alias=b9p13p5632.cern.ch&noUDP&sock=startd_8600_7691>
	SlotName: slot1_26@b9p13p5632.cern.ch
	CondorScratchDir = "/pool/condor/dir_2671110"
	Cpus = 1
	Disk = 3791
	GPUs = 0
	Memory = 3000
...
006 (16626177.445.000) 02/17 01:07:37 Image size of job updated: 376156
	368  -  MemoryUsage of job (MB)
	376156  -  ResidentSetSize of job (KB)
...
006 (16626177.445.000) 02/17 01:12:38 Image size of job updated: 377692
	369  -  MemoryUsage of job (MB)
	377692  -  ResidentSetSize of job (KB)
...
040 (16626177.445.000) 02/17 01:16:14 Started transferring output files
...
040 (16626177.445.000) 02/17 01:16:14 Finished transferring output files
...
005 (16626177.445.000) 02/17 01:16:14 Job terminated.
	(1) Normal termination (return value 0)
		Usr 0 00:08:28, Sys 0 00:00:00  -  Run Remote Usage
		Usr 0 00:00:00, Sys 0 00:00:00  -  Run Local Usage
		Usr 0 00:08:28, Sys 0 00:00:00  -  Total Remote Usage
		Usr 0 00:00:00, Sys 0 00:00:00  -  Total Local Usage
	7987  -  Run Bytes Sent By Job
	10428  -  Run Bytes Received By Job
	7987  -  Total Bytes Sent By Job
	10428  -  Total Bytes Received By Job
	Partitionable Resources :    Usage  Request Allocated 
	   Cpus                 :     0.98        1         1 
	   Disk (KB)            :    43          12      3791 
	   GPUs                 :                           0 
	   Memory (MB)          :   369        3000      3000 

	Job terminated of its own accord at 2025-02-17T00:16:14Z with exit-code 0.
...
