000 (16626177.184.000) 02/17 00:58:07 Job submitted from host: <188.185.72.155:9618?addrs=188.185.72.155-9618+[2001-1458-d00-8--100-95]-9618&alias=bigbird08.cern.ch&noUDP&sock=schedd_862983_22fa>
...
040 (16626177.184.000) 02/17 01:00:27 Started transferring input files
	Transferring to host: <188.185.194.165:9618?addrs=188.185.194.165-9618+[2001-1458-303-21--100-a1]-9618&alias=b9p20p0149.cern.ch&noUDP&sock=slot1_31_291396_97c3_3526>
...
040 (16626177.184.000) 02/17 01:00:27 Finished transferring input files
...
001 (16626177.184.000) 02/17 01:00:28 Job executing on host: <188.185.194.165:9618?addrs=188.185.194.165-9618+[2001-1458-303-21--100-a1]-9618&alias=b9p20p0149.cern.ch&noUDP&sock=startd_8879_d57d>
	SlotName: slot1_31@b9p20p0149.cern.ch
	CondorScratchDir = "/pool/condor/dir_2600451"
	Cpus = 1
	Disk = 3816
	GPUs = 0
	Memory = 3000
...
006 (16626177.184.000) 02/17 01:00:36 Image size of job updated: 1892
	2  -  MemoryUsage of job (MB)
	1892  -  ResidentSetSize of job (KB)
...
006 (16626177.184.000) 02/17 01:05:36 Image size of job updated: 418828
	410  -  MemoryUsage of job (MB)
	418828  -  ResidentSetSize of job (KB)
...
006 (16626177.184.000) 02/17 01:10:37 Image size of job updated: 422920
	414  -  MemoryUsage of job (MB)
	422920  -  ResidentSetSize of job (KB)
...
006 (16626177.184.000) 02/17 01:15:37 Image size of job updated: 424316
	415  -  MemoryUsage of job (MB)
	424316  -  ResidentSetSize of job (KB)
...
006 (16626177.184.000) 02/17 01:20:37 Image size of job updated: 425792
	416  -  MemoryUsage of job (MB)
	425792  -  ResidentSetSize of job (KB)
...
040 (16626177.184.000) 02/17 01:31:56 Started transferring output files
...
040 (16626177.184.000) 02/17 01:31:56 Finished transferring output files
...
005 (16626177.184.000) 02/17 01:31:56 Job terminated.
	(1) Normal termination (return value 0)
		Usr 0 00:30:47, Sys 0 00:00:00  -  Run Remote Usage
		Usr 0 00:00:00, Sys 0 00:00:00  -  Run Local Usage
		Usr 0 00:30:47, Sys 0 00:00:00  -  Total Remote Usage
		Usr 0 00:00:00, Sys 0 00:00:00  -  Total Local Usage
	8155  -  Run Bytes Sent By Job
	10428  -  Run Bytes Received By Job
	8155  -  Total Bytes Sent By Job
	10428  -  Total Bytes Received By Job
	Partitionable Resources :    Usage  Request Allocated 
	   Cpus                 :     1.00        1         1 
	   Disk (KB)            :    43          12      3816 
	   GPUs                 :                           0 
	   Memory (MB)          :   416        3000      3000 

	Job terminated of its own accord at 2025-02-17T00:31:56Z with exit-code 0.
...
