000 (16626177.104.000) 02/17 00:58:07 Job submitted from host: <188.185.72.155:9618?addrs=188.185.72.155-9618+[2001-1458-d00-8--100-95]-9618&alias=bigbird08.cern.ch&noUDP&sock=schedd_862983_22fa>
...
040 (16626177.104.000) 02/17 00:58:46 Started transferring input files
	Transferring to host: <128.142.132.103:9618?addrs=128.142.132.103-9618+[2001-1458-301-5a--100-5b]-9618&alias=b9g12p0948.cern.ch&noUDP&sock=slot1_14_2408033_d6db_85419>
...
040 (16626177.104.000) 02/17 00:58:46 Finished transferring input files
...
001 (16626177.104.000) 02/17 00:58:47 Job executing on host: <128.142.132.103:9618?addrs=128.142.132.103-9618+[2001-1458-301-5a--100-5b]-9618&alias=b9g12p0948.cern.ch&noUDP&sock=startd_2416_c0e6>
	SlotName: slot1_14@b9g12p0948.cern.ch
	CondorScratchDir = "/pool/condor/dir_1679467"
	Cpus = 1
	Disk = 2702
	GPUs = 0
	Memory = 3000
...
006 (16626177.104.000) 02/17 00:58:56 Image size of job updated: 101808
	100  -  MemoryUsage of job (MB)
	101808  -  ResidentSetSize of job (KB)
...
006 (16626177.104.000) 02/17 01:03:57 Image size of job updated: 138048
	135  -  MemoryUsage of job (MB)
	138048  -  ResidentSetSize of job (KB)
...
006 (16626177.104.000) 02/17 01:08:58 Image size of job updated: 140392
	138  -  MemoryUsage of job (MB)
	140392  -  ResidentSetSize of job (KB)
...
006 (16626177.104.000) 02/17 01:13:58 Image size of job updated: 143948
	141  -  MemoryUsage of job (MB)
	143948  -  ResidentSetSize of job (KB)
...
006 (16626177.104.000) 02/17 01:18:59 Image size of job updated: 144556
	142  -  MemoryUsage of job (MB)
	144556  -  ResidentSetSize of job (KB)
...
006 (16626177.104.000) 02/17 01:24:00 Image size of job updated: 145444
	143  -  MemoryUsage of job (MB)
	145444  -  ResidentSetSize of job (KB)
...
006 (16626177.104.000) 02/17 01:34:00 Image size of job updated: 150336
	147  -  MemoryUsage of job (MB)
	150336  -  ResidentSetSize of job (KB)
...
006 (16626177.104.000) 02/17 01:39:01 Image size of job updated: 151064
	148  -  MemoryUsage of job (MB)
	151064  -  ResidentSetSize of job (KB)
...
006 (16626177.104.000) 02/17 01:44:02 Image size of job updated: 151764
	149  -  MemoryUsage of job (MB)
	151764  -  ResidentSetSize of job (KB)
...
006 (16626177.104.000) 02/17 01:49:02 Image size of job updated: 156068
	153  -  MemoryUsage of job (MB)
	156068  -  ResidentSetSize of job (KB)
...
006 (16626177.104.000) 02/17 01:54:02 Image size of job updated: 157836
	155  -  MemoryUsage of job (MB)
	157836  -  ResidentSetSize of job (KB)
...
040 (16626177.104.000) 02/17 01:58:28 Started transferring output files
...
040 (16626177.104.000) 02/17 01:58:28 Finished transferring output files
...
005 (16626177.104.000) 02/17 01:58:28 Job terminated.
	(1) Normal termination (return value 0)
		Usr 0 00:59:08, Sys 0 00:00:01  -  Run Remote Usage
		Usr 0 00:00:00, Sys 0 00:00:00  -  Run Local Usage
		Usr 0 00:59:08, Sys 0 00:00:01  -  Total Remote Usage
		Usr 0 00:00:00, Sys 0 00:00:00  -  Total Local Usage
	8155  -  Run Bytes Sent By Job
	10428  -  Run Bytes Received By Job
	8155  -  Total Bytes Sent By Job
	10428  -  Total Bytes Received By Job
	Partitionable Resources :    Usage  Request Allocated 
	   Cpus                 :     0.99        1         1 
	   Disk (KB)            :    43          12      2702 
	   GPUs                 :                           0 
	   Memory (MB)          :   155        3000      3000 

	Job terminated of its own accord at 2025-02-17T00:58:28Z with exit-code 0.
...
