000 (16626177.333.000) 02/17 00:58:07 Job submitted from host: <188.185.72.155:9618?addrs=188.185.72.155-9618+[2001-1458-d00-8--100-95]-9618&alias=bigbird08.cern.ch&noUDP&sock=schedd_862983_22fa>
...
040 (16626177.333.000) 02/17 01:04:37 Started transferring input files
	Transferring to host: <128.142.132.63:9618?addrs=128.142.132.63-9618+[2001-1458-301-5a--100-33]-9618&alias=b9g12p0821.cern.ch&noUDP&sock=slot1_17_3158724_8f3a_85981>
...
040 (16626177.333.000) 02/17 01:04:37 Finished transferring input files
...
001 (16626177.333.000) 02/17 01:04:38 Job executing on host: <128.142.132.63:9618?addrs=128.142.132.63-9618+[2001-1458-301-5a--100-33]-9618&alias=b9g12p0821.cern.ch&noUDP&sock=startd_2439_8794>
	SlotName: slot1_17@b9g12p0821.cern.ch
	CondorScratchDir = "/pool/condor/dir_3417504"
	Cpus = 1
	Disk = 2720
	GPUs = 0
	Memory = 3000
...
006 (16626177.333.000) 02/17 01:04:47 Image size of job updated: 1876
	2  -  MemoryUsage of job (MB)
	1876  -  ResidentSetSize of job (KB)
...
006 (16626177.333.000) 02/17 01:09:48 Image size of job updated: 138276
	136  -  MemoryUsage of job (MB)
	138276  -  ResidentSetSize of job (KB)
...
006 (16626177.333.000) 02/17 01:14:49 Image size of job updated: 138952
	136  -  MemoryUsage of job (MB)
	138952  -  ResidentSetSize of job (KB)
...
006 (16626177.333.000) 02/17 01:19:49 Image size of job updated: 139508
	137  -  MemoryUsage of job (MB)
	139508  -  ResidentSetSize of job (KB)
...
006 (16626177.333.000) 02/17 01:24:49 Image size of job updated: 143292
	140  -  MemoryUsage of job (MB)
	143292  -  ResidentSetSize of job (KB)
...
006 (16626177.333.000) 02/17 01:29:50 Image size of job updated: 143428
	141  -  MemoryUsage of job (MB)
	143428  -  ResidentSetSize of job (KB)
...
006 (16626177.333.000) 02/17 01:34:51 Image size of job updated: 143900
	141  -  MemoryUsage of job (MB)
	143900  -  ResidentSetSize of job (KB)
...
006 (16626177.333.000) 02/17 01:39:51 Image size of job updated: 148068
	145  -  MemoryUsage of job (MB)
	148068  -  ResidentSetSize of job (KB)
...
006 (16626177.333.000) 02/17 01:49:52 Image size of job updated: 163328
	160  -  MemoryUsage of job (MB)
	163328  -  ResidentSetSize of job (KB)
...
006 (16626177.333.000) 02/17 01:54:53 Image size of job updated: 163772
	160  -  MemoryUsage of job (MB)
	163772  -  ResidentSetSize of job (KB)
...
006 (16626177.333.000) 02/17 01:59:53 Image size of job updated: 164400
	161  -  MemoryUsage of job (MB)
	164400  -  ResidentSetSize of job (KB)
...
006 (16626177.333.000) 02/17 02:04:54 Image size of job updated: 165412
	162  -  MemoryUsage of job (MB)
	165412  -  ResidentSetSize of job (KB)
...
006 (16626177.333.000) 02/17 02:09:55 Image size of job updated: 165952
	163  -  MemoryUsage of job (MB)
	165952  -  ResidentSetSize of job (KB)
...
006 (16626177.333.000) 02/17 02:14:55 Image size of job updated: 168532
	165  -  MemoryUsage of job (MB)
	168532  -  ResidentSetSize of job (KB)
...
040 (16626177.333.000) 02/17 02:20:10 Started transferring output files
...
040 (16626177.333.000) 02/17 02:20:10 Finished transferring output files
...
005 (16626177.333.000) 02/17 02:20:10 Job terminated.
	(1) Normal termination (return value 0)
		Usr 0 01:14:05, Sys 0 00:00:02  -  Run Remote Usage
		Usr 0 00:00:00, Sys 0 00:00:00  -  Run Local Usage
		Usr 0 01:14:05, Sys 0 00:00:02  -  Total Remote Usage
		Usr 0 00:00:00, Sys 0 00:00:00  -  Total Local Usage
	8149  -  Run Bytes Sent By Job
	10428  -  Run Bytes Received By Job
	8149  -  Total Bytes Sent By Job
	10428  -  Total Bytes Received By Job
	Partitionable Resources :    Usage  Request Allocated 
	   Cpus                 :     0.99        1         1 
	   Disk (KB)            :    43          12      2720 
	   GPUs                 :                           0 
	   Memory (MB)          :   165        3000      3000 

	Job terminated of its own accord at 2025-02-17T01:20:10Z with exit-code 0.
...
