000 (16626177.043.000) 02/17 00:58:07 Job submitted from host: <188.185.72.155:9618?addrs=188.185.72.155-9618+[2001-1458-d00-8--100-95]-9618&alias=bigbird08.cern.ch&noUDP&sock=schedd_862983_22fa>
...
040 (16626177.043.000) 02/17 00:58:26 Started transferring input files
	Transferring to host: <188.185.194.157:9618?addrs=188.185.194.157-9618+[2001-1458-303-21--100-99]-9618&alias=b9p20p5710.cern.ch&noUDP&sock=slot1_19_1176729_c844_3503>
...
040 (16626177.043.000) 02/17 00:58:26 Finished transferring input files
...
001 (16626177.043.000) 02/17 00:58:27 Job executing on host: <188.185.194.157:9618?addrs=188.185.194.157-9618+[2001-1458-303-21--100-99]-9618&alias=b9p20p5710.cern.ch&noUDP&sock=startd_7319_cdbf>
	SlotName: slot1_19@b9p20p5710.cern.ch
	CondorScratchDir = "/pool/condor/dir_2601692"
	Cpus = 1
	Disk = 3842
	GPUs = 0
	Memory = 3000
...
006 (16626177.043.000) 02/17 00:58:36 Image size of job updated: 71144
	70  -  MemoryUsage of job (MB)
	71144  -  ResidentSetSize of job (KB)
...
006 (16626177.043.000) 02/17 01:03:37 Image size of job updated: 140016
	137  -  MemoryUsage of job (MB)
	140016  -  ResidentSetSize of job (KB)
...
006 (16626177.043.000) 02/17 01:08:38 Image size of job updated: 143540
	141  -  MemoryUsage of job (MB)
	143540  -  ResidentSetSize of job (KB)
...
006 (16626177.043.000) 02/17 01:13:38 Image size of job updated: 145040
	142  -  MemoryUsage of job (MB)
	145040  -  ResidentSetSize of job (KB)
...
006 (16626177.043.000) 02/17 01:18:39 Image size of job updated: 147388
	144  -  MemoryUsage of job (MB)
	147388  -  ResidentSetSize of job (KB)
...
006 (16626177.043.000) 02/17 01:28:40 Image size of job updated: 148076
	145  -  MemoryUsage of job (MB)
	148076  -  ResidentSetSize of job (KB)
...
006 (16626177.043.000) 02/17 01:33:40 Image size of job updated: 149288
	146  -  MemoryUsage of job (MB)
	149288  -  ResidentSetSize of job (KB)
...
006 (16626177.043.000) 02/17 01:38:41 Image size of job updated: 150616
	148  -  MemoryUsage of job (MB)
	150616  -  ResidentSetSize of job (KB)
...
006 (16626177.043.000) 02/17 01:43:41 Image size of job updated: 153780
	151  -  MemoryUsage of job (MB)
	153780  -  ResidentSetSize of job (KB)
...
040 (16626177.043.000) 02/17 01:47:56 Started transferring output files
...
040 (16626177.043.000) 02/17 01:47:56 Finished transferring output files
...
005 (16626177.043.000) 02/17 01:47:56 Job terminated.
	(1) Normal termination (return value 0)
		Usr 0 00:48:28, Sys 0 00:00:01  -  Run Remote Usage
		Usr 0 00:00:00, Sys 0 00:00:00  -  Run Local Usage
		Usr 0 00:48:28, Sys 0 00:00:01  -  Total Remote Usage
		Usr 0 00:00:00, Sys 0 00:00:00  -  Total Local Usage
	8152  -  Run Bytes Sent By Job
	10428  -  Run Bytes Received By Job
	8152  -  Total Bytes Sent By Job
	10428  -  Total Bytes Received By Job
	Partitionable Resources :    Usage  Request Allocated 
	   Cpus                 :     0.99        1         1 
	   Disk (KB)            :    43          12      3842 
	   GPUs                 :                           0 
	   Memory (MB)          :   151        3000      3000 

	Job terminated of its own accord at 2025-02-17T00:47:55Z with exit-code 0.
...
