000 (16626177.003.000) 02/17 00:58:07 Job submitted from host: <188.185.72.155:9618?addrs=188.185.72.155-9618+[2001-1458-d00-8--100-95]-9618&alias=bigbird08.cern.ch&noUDP&sock=schedd_862983_22fa>
...
040 (16626177.003.000) 02/17 00:58:13 Started transferring input files
	Transferring to host: <128.142.161.115:9618?addrs=128.142.161.115-9618+[2001-1458-301-b8--100-31]-9618&alias=b9g03p7857.cern.ch&noUDP&sock=slot1_15_3332935_f806_2488>
...
040 (16626177.003.000) 02/17 00:58:13 Finished transferring input files
...
001 (16626177.003.000) 02/17 00:58:14 Job executing on host: <128.142.161.115:9618?addrs=128.142.161.115-9618+[2001-1458-301-b8--100-31]-9618&alias=b9g03p7857.cern.ch&noUDP&sock=startd_3239_4358>
	SlotName: slot1_15@b9g03p7857.cern.ch
	CondorScratchDir = "/pool/condor/dir_831535"
	Cpus = 1
	Disk = 3941
	GPUs = 0
	Memory = 3000
...
006 (16626177.003.000) 02/17 00:58:23 Image size of job updated: 242876
	238  -  MemoryUsage of job (MB)
	242876  -  ResidentSetSize of job (KB)
...
006 (16626177.003.000) 02/17 01:03:24 Image size of job updated: 280284
	274  -  MemoryUsage of job (MB)
	280284  -  ResidentSetSize of job (KB)
...
006 (16626177.003.000) 02/17 01:08:25 Image size of job updated: 284328
	278  -  MemoryUsage of job (MB)
	284328  -  ResidentSetSize of job (KB)
...
006 (16626177.003.000) 02/17 01:13:25 Image size of job updated: 285780
	280  -  MemoryUsage of job (MB)
	285780  -  ResidentSetSize of job (KB)
...
006 (16626177.003.000) 02/17 01:23:27 Image size of job updated: 289668
	283  -  MemoryUsage of job (MB)
	289668  -  ResidentSetSize of job (KB)
...
006 (16626177.003.000) 02/17 01:33:27 Image size of job updated: 294236
	288  -  MemoryUsage of job (MB)
	294236  -  ResidentSetSize of job (KB)
...
006 (16626177.003.000) 02/17 01:38:28 Image size of job updated: 295052
	289  -  MemoryUsage of job (MB)
	295052  -  ResidentSetSize of job (KB)
...
040 (16626177.003.000) 02/17 01:41:15 Started transferring output files
...
040 (16626177.003.000) 02/17 01:41:15 Finished transferring output files
...
005 (16626177.003.000) 02/17 01:41:15 Job terminated.
	(1) Normal termination (return value 0)
		Usr 0 00:42:34, Sys 0 00:00:01  -  Run Remote Usage
		Usr 0 00:00:00, Sys 0 00:00:00  -  Run Local Usage
		Usr 0 00:42:34, Sys 0 00:00:01  -  Total Remote Usage
		Usr 0 00:00:00, Sys 0 00:00:00  -  Total Local Usage
	8149  -  Run Bytes Sent By Job
	10428  -  Run Bytes Received By Job
	8149  -  Total Bytes Sent By Job
	10428  -  Total Bytes Received By Job
	Partitionable Resources :    Usage  Request Allocated 
	   Cpus                 :     0.99        1         1 
	   Disk (KB)            :    43          12      3941 
	   GPUs                 :                           0 
	   Memory (MB)          :   289        3000      3000 

	Job terminated of its own accord at 2025-02-17T00:41:15Z with exit-code 0.
...
