000 (16626177.195.000) 02/17 00:58:07 Job submitted from host: <188.185.72.155:9618?addrs=188.185.72.155-9618+[2001-1458-d00-8--100-95]-9618&alias=bigbird08.cern.ch&noUDP&sock=schedd_862983_22fa>
...
040 (16626177.195.000) 02/17 01:00:31 Started transferring input files
	Transferring to host: <188.185.204.252:9618?addrs=188.185.204.252-9618+[2001-1458-303-8--100-79]-9618&alias=b9p02p5822.cern.ch&noUDP&sock=slot1_44_3605971_87e5_104548>
...
040 (16626177.195.000) 02/17 01:00:31 Finished transferring input files
...
001 (16626177.195.000) 02/17 01:00:32 Job executing on host: <188.185.204.252:9618?addrs=188.185.204.252-9618+[2001-1458-303-8--100-79]-9618&alias=b9p02p5822.cern.ch&noUDP&sock=startd_4081_ce16>
	SlotName: slot1_44@b9p02p5822.cern.ch
	CondorScratchDir = "/pool/condor/dir_2448232"
	Cpus = 1
	Disk = 3570
	GPUs = 0
	Memory = 3000
...
006 (16626177.195.000) 02/17 01:00:40 Image size of job updated: 102720
	101  -  MemoryUsage of job (MB)
	102720  -  ResidentSetSize of job (KB)
...
006 (16626177.195.000) 02/17 01:05:40 Image size of job updated: 104732
	103  -  MemoryUsage of job (MB)
	104732  -  ResidentSetSize of job (KB)
...
006 (16626177.195.000) 02/17 01:10:41 Image size of job updated: 143560
	141  -  MemoryUsage of job (MB)
	143560  -  ResidentSetSize of job (KB)
...
006 (16626177.195.000) 02/17 01:25:42 Image size of job updated: 152848
	150  -  MemoryUsage of job (MB)
	152848  -  ResidentSetSize of job (KB)
...
040 (16626177.195.000) 02/17 01:34:21 Started transferring output files
...
040 (16626177.195.000) 02/17 01:34:21 Finished transferring output files
...
005 (16626177.195.000) 02/17 01:34:21 Job terminated.
	(1) Normal termination (return value 0)
		Usr 0 00:33:17, Sys 0 00:00:01  -  Run Remote Usage
		Usr 0 00:00:00, Sys 0 00:00:00  -  Run Local Usage
		Usr 0 00:33:17, Sys 0 00:00:01  -  Total Remote Usage
		Usr 0 00:00:00, Sys 0 00:00:00  -  Total Local Usage
	8155  -  Run Bytes Sent By Job
	10428  -  Run Bytes Received By Job
	8155  -  Total Bytes Sent By Job
	10428  -  Total Bytes Received By Job
	Partitionable Resources :    Usage  Request Allocated 
	   Cpus                 :     0.99        1         1 
	   Disk (KB)            :    48          12      3570 
	   GPUs                 :                           0 
	   Memory (MB)          :   150        3000      3000 

	Job terminated of its own accord at 2025-02-17T00:34:21Z with exit-code 0.
...
