000 (16626177.109.000) 02/17 00:58:07 Job submitted from host: <188.185.72.155:9618?addrs=188.185.72.155-9618+[2001-1458-d00-8--100-95]-9618&alias=bigbird08.cern.ch&noUDP&sock=schedd_862983_22fa>
...
040 (16626177.109.000) 02/17 00:58:49 Started transferring input files
	Transferring to host: <188.185.192.138:9618?addrs=188.185.192.138-9618+[2001-1458-303-1f--100-86]-9618&alias=b9p13p9939.cern.ch&noUDP&sock=slot1_22_1547747_86f4_11889>
...
040 (16626177.109.000) 02/17 00:58:49 Finished transferring input files
...
001 (16626177.109.000) 02/17 00:58:50 Job executing on host: <188.185.192.138:9618?addrs=188.185.192.138-9618+[2001-1458-303-1f--100-86]-9618&alias=b9p13p9939.cern.ch&noUDP&sock=startd_5604_74d3>
	SlotName: slot1_22@b9p13p9939.cern.ch
	CondorScratchDir = "/pool/condor/dir_751037"
	Cpus = 1
	Disk = 3878
	GPUs = 0
	Memory = 3000
...
006 (16626177.109.000) 02/17 00:58:58 Image size of job updated: 101592
	100  -  MemoryUsage of job (MB)
	101592  -  ResidentSetSize of job (KB)
...
006 (16626177.109.000) 02/17 01:03:58 Image size of job updated: 140044
	137  -  MemoryUsage of job (MB)
	140044  -  ResidentSetSize of job (KB)
...
006 (16626177.109.000) 02/17 01:08:59 Image size of job updated: 144368
	141  -  MemoryUsage of job (MB)
	144368  -  ResidentSetSize of job (KB)
...
006 (16626177.109.000) 02/17 01:14:00 Image size of job updated: 144664
	142  -  MemoryUsage of job (MB)
	144664  -  ResidentSetSize of job (KB)
...
006 (16626177.109.000) 02/17 01:19:00 Image size of job updated: 147260
	144  -  MemoryUsage of job (MB)
	147260  -  ResidentSetSize of job (KB)
...
006 (16626177.109.000) 02/17 01:29:02 Image size of job updated: 149344
	146  -  MemoryUsage of job (MB)
	149344  -  ResidentSetSize of job (KB)
...
006 (16626177.109.000) 02/17 01:34:02 Image size of job updated: 149708
	147  -  MemoryUsage of job (MB)
	149708  -  ResidentSetSize of job (KB)
...
006 (16626177.109.000) 02/17 01:39:02 Image size of job updated: 150656
	148  -  MemoryUsage of job (MB)
	150656  -  ResidentSetSize of job (KB)
...
006 (16626177.109.000) 02/17 01:44:03 Image size of job updated: 154800
	152  -  MemoryUsage of job (MB)
	154800  -  ResidentSetSize of job (KB)
...
040 (16626177.109.000) 02/17 01:49:00 Started transferring output files
...
040 (16626177.109.000) 02/17 01:49:00 Finished transferring output files
...
005 (16626177.109.000) 02/17 01:49:00 Job terminated.
	(1) Normal termination (return value 0)
		Usr 0 00:49:12, Sys 0 00:00:02  -  Run Remote Usage
		Usr 0 00:00:00, Sys 0 00:00:00  -  Run Local Usage
		Usr 0 00:49:12, Sys 0 00:00:02  -  Total Remote Usage
		Usr 0 00:00:00, Sys 0 00:00:00  -  Total Local Usage
	8155  -  Run Bytes Sent By Job
	10428  -  Run Bytes Received By Job
	8155  -  Total Bytes Sent By Job
	10428  -  Total Bytes Received By Job
	Partitionable Resources :    Usage  Request Allocated 
	   Cpus                 :     0.98        1         1 
	   Disk (KB)            :    43          12      3878 
	   GPUs                 :                           0 
	   Memory (MB)          :   152        3000      3000 

	Job terminated of its own accord at 2025-02-17T00:49:00Z with exit-code 0.
...
