000 (16626177.422.000) 02/17 00:58:07 Job submitted from host: <188.185.72.155:9618?addrs=188.185.72.155-9618+[2001-1458-d00-8--100-95]-9618&alias=bigbird08.cern.ch&noUDP&sock=schedd_862983_22fa>
...
040 (16626177.422.000) 02/17 01:05:09 Started transferring input files
	Transferring to host: <188.185.193.79:9618?addrs=188.185.193.79-9618+[2001-1458-303-20--100-4b]-9618&alias=b9p19p2782.cern.ch&noUDP&sock=slot1_12_8116_34c3_116571>
...
040 (16626177.422.000) 02/17 01:05:09 Finished transferring input files
...
001 (16626177.422.000) 02/17 01:05:10 Job executing on host: <188.185.193.79:9618?addrs=188.185.193.79-9618+[2001-1458-303-20--100-4b]-9618&alias=b9p19p2782.cern.ch&noUDP&sock=startd_7022_161f>
	SlotName: slot1_12@b9p19p2782.cern.ch
	CondorScratchDir = "/pool/condor/dir_2666541"
	Cpus = 1
	Disk = 3740
	GPUs = 0
	Memory = 3000
...
006 (16626177.422.000) 02/17 01:05:19 Image size of job updated: 386672
	378  -  MemoryUsage of job (MB)
	386672  -  ResidentSetSize of job (KB)
...
006 (16626177.422.000) 02/17 01:10:20 Image size of job updated: 452116
	442  -  MemoryUsage of job (MB)
	452116  -  ResidentSetSize of job (KB)
...
006 (16626177.422.000) 02/17 01:15:20 Image size of job updated: 452932
	443  -  MemoryUsage of job (MB)
	452932  -  ResidentSetSize of job (KB)
...
006 (16626177.422.000) 02/17 01:20:20 Image size of job updated: 457136
	447  -  MemoryUsage of job (MB)
	457136  -  ResidentSetSize of job (KB)
...
006 (16626177.422.000) 02/17 01:25:21 Image size of job updated: 457496
	447  -  MemoryUsage of job (MB)
	457496  -  ResidentSetSize of job (KB)
...
006 (16626177.422.000) 02/17 01:30:21 Image size of job updated: 459196
	449  -  MemoryUsage of job (MB)
	459196  -  ResidentSetSize of job (KB)
...
006 (16626177.422.000) 02/17 01:45:23 Image size of job updated: 460584
	450  -  MemoryUsage of job (MB)
	460584  -  ResidentSetSize of job (KB)
...
006 (16626177.422.000) 02/17 01:50:23 Image size of job updated: 467624
	457  -  MemoryUsage of job (MB)
	467624  -  ResidentSetSize of job (KB)
...
006 (16626177.422.000) 02/17 01:55:24 Image size of job updated: 468956
	458  -  MemoryUsage of job (MB)
	468956  -  ResidentSetSize of job (KB)
...
040 (16626177.422.000) 02/17 01:59:52 Started transferring output files
...
040 (16626177.422.000) 02/17 01:59:53 Finished transferring output files
...
005 (16626177.422.000) 02/17 01:59:53 Job terminated.
	(1) Normal termination (return value 0)
		Usr 0 00:54:10, Sys 0 00:00:01  -  Run Remote Usage
		Usr 0 00:00:00, Sys 0 00:00:00  -  Run Local Usage
		Usr 0 00:54:10, Sys 0 00:00:01  -  Total Remote Usage
		Usr 0 00:00:00, Sys 0 00:00:00  -  Total Local Usage
	8153  -  Run Bytes Sent By Job
	10428  -  Run Bytes Received By Job
	8153  -  Total Bytes Sent By Job
	10428  -  Total Bytes Received By Job
	Partitionable Resources :    Usage  Request Allocated 
	   Cpus                 :     0.99        1         1 
	   Disk (KB)            :    44          12      3740 
	   GPUs                 :                           0 
	   Memory (MB)          :   458        3000      3000 

	Job terminated of its own accord at 2025-02-17T00:59:52Z with exit-code 0.
...
