000 (16626177.425.000) 02/17 00:58:07 Job submitted from host: <188.185.72.155:9618?addrs=188.185.72.155-9618+[2001-1458-d00-8--100-95]-9618&alias=bigbird08.cern.ch&noUDP&sock=schedd_862983_22fa>
...
040 (16626177.425.000) 02/17 01:05:09 Started transferring input files
	Transferring to host: <188.185.194.76:9618?addrs=188.185.194.76-9618+[2001-1458-303-21--100-48]-9618&alias=b9p20p3147.cern.ch&noUDP&sock=slot1_7_453571_8d25_75520>
...
040 (16626177.425.000) 02/17 01:05:09 Finished transferring input files
...
001 (16626177.425.000) 02/17 01:05:10 Job executing on host: <188.185.194.76:9618?addrs=188.185.194.76-9618+[2001-1458-303-21--100-48]-9618&alias=b9p20p3147.cern.ch&noUDP&sock=startd_8079_19b9>
	SlotName: slot1_7@b9p20p3147.cern.ch
	CondorScratchDir = "/pool/condor/dir_2884090"
	Cpus = 1
	Disk = 3950
	GPUs = 0
	Memory = 3000
...
006 (16626177.425.000) 02/17 01:05:19 Image size of job updated: 1884
	2  -  MemoryUsage of job (MB)
	1884  -  ResidentSetSize of job (KB)
...
006 (16626177.425.000) 02/17 01:10:20 Image size of job updated: 382896
	374  -  MemoryUsage of job (MB)
	382896  -  ResidentSetSize of job (KB)
...
006 (16626177.425.000) 02/17 01:15:20 Image size of job updated: 422628
	413  -  MemoryUsage of job (MB)
	422628  -  ResidentSetSize of job (KB)
...
006 (16626177.425.000) 02/17 01:20:20 Image size of job updated: 424452
	415  -  MemoryUsage of job (MB)
	424452  -  ResidentSetSize of job (KB)
...
006 (16626177.425.000) 02/17 01:30:22 Image size of job updated: 428036
	419  -  MemoryUsage of job (MB)
	428036  -  ResidentSetSize of job (KB)
...
006 (16626177.425.000) 02/17 01:35:22 Image size of job updated: 435072
	425  -  MemoryUsage of job (MB)
	435072  -  ResidentSetSize of job (KB)
...
006 (16626177.425.000) 02/17 01:40:23 Image size of job updated: 438608
	429  -  MemoryUsage of job (MB)
	438608  -  ResidentSetSize of job (KB)
...
006 (16626177.425.000) 02/17 01:45:24 Image size of job updated: 439732
	430  -  MemoryUsage of job (MB)
	439732  -  ResidentSetSize of job (KB)
...
040 (16626177.425.000) 02/17 01:48:35 Started transferring output files
...
040 (16626177.425.000) 02/17 01:48:35 Finished transferring output files
...
005 (16626177.425.000) 02/17 01:48:35 Job terminated.
	(1) Normal termination (return value 0)
		Usr 0 00:42:38, Sys 0 00:00:01  -  Run Remote Usage
		Usr 0 00:00:00, Sys 0 00:00:00  -  Run Local Usage
		Usr 0 00:42:38, Sys 0 00:00:01  -  Total Remote Usage
		Usr 0 00:00:00, Sys 0 00:00:00  -  Total Local Usage
	8155  -  Run Bytes Sent By Job
	10428  -  Run Bytes Received By Job
	8155  -  Total Bytes Sent By Job
	10428  -  Total Bytes Received By Job
	Partitionable Resources :    Usage  Request Allocated 
	   Cpus                 :     0.99        1         1 
	   Disk (KB)            :    44          12      3950 
	   GPUs                 :                           0 
	   Memory (MB)          :   430        3000      3000 

	Job terminated of its own accord at 2025-02-17T00:48:35Z with exit-code 0.
...
