000 (16626177.242.000) 02/17 00:58:07 Job submitted from host: <188.185.72.155:9618?addrs=188.185.72.155-9618+[2001-1458-d00-8--100-95]-9618&alias=bigbird08.cern.ch&noUDP&sock=schedd_862983_22fa>
...
040 (16626177.242.000) 02/17 01:00:45 Started transferring input files
	Transferring to host: <188.185.193.63:9618?addrs=188.185.193.63-9618+[2001-1458-303-20--100-3b]-9618&alias=b9p19p4126.cern.ch&noUDP&sock=slot1_43_556324_55d8_4959>
...
040 (16626177.242.000) 02/17 01:00:45 Finished transferring input files
...
001 (16626177.242.000) 02/17 01:00:46 Job executing on host: <188.185.193.63:9618?addrs=188.185.193.63-9618+[2001-1458-303-20--100-3b]-9618&alias=b9p19p4126.cern.ch&noUDP&sock=startd_7132_8989>
	SlotName: slot1_43@b9p19p4126.cern.ch
	CondorScratchDir = "/pool/condor/dir_800730"
	Cpus = 1
	Disk = 3815
	GPUs = 0
	Memory = 3000
...
006 (16626177.242.000) 02/17 01:00:54 Image size of job updated: 1884
	2  -  MemoryUsage of job (MB)
	1884  -  ResidentSetSize of job (KB)
...
006 (16626177.242.000) 02/17 01:05:54 Image size of job updated: 136352
	134  -  MemoryUsage of job (MB)
	136352  -  ResidentSetSize of job (KB)
...
006 (16626177.242.000) 02/17 01:10:55 Image size of job updated: 138700
	136  -  MemoryUsage of job (MB)
	138700  -  ResidentSetSize of job (KB)
...
006 (16626177.242.000) 02/17 01:15:56 Image size of job updated: 141800
	139  -  MemoryUsage of job (MB)
	141800  -  ResidentSetSize of job (KB)
...
006 (16626177.242.000) 02/17 01:20:56 Image size of job updated: 143124
	140  -  MemoryUsage of job (MB)
	143124  -  ResidentSetSize of job (KB)
...
006 (16626177.242.000) 02/17 01:25:57 Image size of job updated: 143556
	141  -  MemoryUsage of job (MB)
	143556  -  ResidentSetSize of job (KB)
...
006 (16626177.242.000) 02/17 01:35:58 Image size of job updated: 148672
	146  -  MemoryUsage of job (MB)
	148672  -  ResidentSetSize of job (KB)
...
006 (16626177.242.000) 02/17 01:40:58 Image size of job updated: 149868
	147  -  MemoryUsage of job (MB)
	149868  -  ResidentSetSize of job (KB)
...
006 (16626177.242.000) 02/17 01:45:59 Image size of job updated: 155740
	153  -  MemoryUsage of job (MB)
	155740  -  ResidentSetSize of job (KB)
...
040 (16626177.242.000) 02/17 01:53:51 Started transferring output files
...
040 (16626177.242.000) 02/17 01:53:51 Finished transferring output files
...
005 (16626177.242.000) 02/17 01:53:51 Job terminated.
	(1) Normal termination (return value 0)
		Usr 0 00:52:12, Sys 0 00:00:01  -  Run Remote Usage
		Usr 0 00:00:00, Sys 0 00:00:00  -  Run Local Usage
		Usr 0 00:52:12, Sys 0 00:00:01  -  Total Remote Usage
		Usr 0 00:00:00, Sys 0 00:00:00  -  Total Local Usage
	8155  -  Run Bytes Sent By Job
	10428  -  Run Bytes Received By Job
	8155  -  Total Bytes Sent By Job
	10428  -  Total Bytes Received By Job
	Partitionable Resources :    Usage  Request Allocated 
	   Cpus                 :     0.99        1         1 
	   Disk (KB)            :    43          12      3815 
	   GPUs                 :                           0 
	   Memory (MB)          :   153        3000      3000 

	Job terminated of its own accord at 2025-02-17T00:53:51Z with exit-code 0.
...
