000 (16626177.226.000) 02/17 00:58:07 Job submitted from host: <188.185.72.155:9618?addrs=188.185.72.155-9618+[2001-1458-d00-8--100-95]-9618&alias=bigbird08.cern.ch&noUDP&sock=schedd_862983_22fa>
...
040 (16626177.226.000) 02/17 01:00:40 Started transferring input files
	Transferring to host: <188.185.210.157:9618?addrs=188.185.210.157-9618+[2001-1458-303-15--100-19]-9618&alias=b9p22p6542.cern.ch&noUDP&sock=slot1_7_4643_29d6_146465>
...
040 (16626177.226.000) 02/17 01:00:40 Finished transferring input files
...
001 (16626177.226.000) 02/17 01:00:41 Job executing on host: <188.185.210.157:9618?addrs=188.185.210.157-9618+[2001-1458-303-15--100-19]-9618&alias=b9p22p6542.cern.ch&noUDP&sock=startd_3875_8194>
	SlotName: slot1_7@b9p22p6542.cern.ch
	CondorScratchDir = "/pool/condor/dir_690486"
	Cpus = 1
	Disk = 3762
	GPUs = 0
	Memory = 3000
...
006 (16626177.226.000) 02/17 01:00:49 Image size of job updated: 70320
	69  -  MemoryUsage of job (MB)
	70320  -  ResidentSetSize of job (KB)
...
006 (16626177.226.000) 02/17 01:05:49 Image size of job updated: 142244
	139  -  MemoryUsage of job (MB)
	142244  -  ResidentSetSize of job (KB)
...
006 (16626177.226.000) 02/17 01:10:50 Image size of job updated: 145856
	143  -  MemoryUsage of job (MB)
	145856  -  ResidentSetSize of job (KB)
...
006 (16626177.226.000) 02/17 01:15:51 Image size of job updated: 147196
	144  -  MemoryUsage of job (MB)
	147196  -  ResidentSetSize of job (KB)
...
006 (16626177.226.000) 02/17 01:25:52 Image size of job updated: 150160
	147  -  MemoryUsage of job (MB)
	150160  -  ResidentSetSize of job (KB)
...
006 (16626177.226.000) 02/17 01:30:53 Image size of job updated: 160476
	157  -  MemoryUsage of job (MB)
	160476  -  ResidentSetSize of job (KB)
...
040 (16626177.226.000) 02/17 01:36:48 Started transferring output files
...
040 (16626177.226.000) 02/17 01:36:48 Finished transferring output files
...
005 (16626177.226.000) 02/17 01:36:48 Job terminated.
	(1) Normal termination (return value 0)
		Usr 0 00:35:38, Sys 0 00:00:01  -  Run Remote Usage
		Usr 0 00:00:00, Sys 0 00:00:00  -  Run Local Usage
		Usr 0 00:35:38, Sys 0 00:00:01  -  Total Remote Usage
		Usr 0 00:00:00, Sys 0 00:00:00  -  Total Local Usage
	8155  -  Run Bytes Sent By Job
	10428  -  Run Bytes Received By Job
	8155  -  Total Bytes Sent By Job
	10428  -  Total Bytes Received By Job
	Partitionable Resources :    Usage  Request Allocated 
	   Cpus                 :     0.99        1         1 
	   Disk (KB)            :    43          12      3762 
	   GPUs                 :                           0 
	   Memory (MB)          :   157        3000      3000 

	Job terminated of its own accord at 2025-02-17T00:36:48Z with exit-code 0.
...
