000 (16626177.180.000) 02/17 00:58:07 Job submitted from host: <188.185.72.155:9618?addrs=188.185.72.155-9618+[2001-1458-d00-8--100-95]-9618&alias=bigbird08.cern.ch&noUDP&sock=schedd_862983_22fa>
...
040 (16626177.180.000) 02/17 01:00:25 Started transferring input files
	Transferring to host: <188.185.198.97:9618?addrs=188.185.198.97-9618+[2001-1458-303-25--100-5d]-9618&alias=b9p15p1520.cern.ch&noUDP&sock=slot1_11_528912_19fd_29249>
...
040 (16626177.180.000) 02/17 01:00:25 Finished transferring input files
...
001 (16626177.180.000) 02/17 01:00:26 Job executing on host: <188.185.198.97:9618?addrs=188.185.198.97-9618+[2001-1458-303-25--100-5d]-9618&alias=b9p15p1520.cern.ch&noUDP&sock=startd_9036_85dc>
	SlotName: slot1_11@b9p15p1520.cern.ch
	CondorScratchDir = "/pool/condor/dir_38240"
	Cpus = 1
	Disk = 3812
	GPUs = 0
	Memory = 3000
...
006 (16626177.180.000) 02/17 01:00:35 Image size of job updated: 1884
	2  -  MemoryUsage of job (MB)
	1884  -  ResidentSetSize of job (KB)
...
006 (16626177.180.000) 02/17 01:05:36 Image size of job updated: 382272
	374  -  MemoryUsage of job (MB)
	382272  -  ResidentSetSize of job (KB)
...
006 (16626177.180.000) 02/17 01:10:37 Image size of job updated: 418488
	409  -  MemoryUsage of job (MB)
	418488  -  ResidentSetSize of job (KB)
...
006 (16626177.180.000) 02/17 01:15:37 Image size of job updated: 423096
	414  -  MemoryUsage of job (MB)
	423096  -  ResidentSetSize of job (KB)
...
006 (16626177.180.000) 02/17 01:20:37 Image size of job updated: 423352
	414  -  MemoryUsage of job (MB)
	423352  -  ResidentSetSize of job (KB)
...
006 (16626177.180.000) 02/17 01:30:38 Image size of job updated: 424012
	415  -  MemoryUsage of job (MB)
	424012  -  ResidentSetSize of job (KB)
...
006 (16626177.180.000) 02/17 01:40:39 Image size of job updated: 433168
	424  -  MemoryUsage of job (MB)
	433168  -  ResidentSetSize of job (KB)
...
006 (16626177.180.000) 02/17 01:50:40 Image size of job updated: 433840
	424  -  MemoryUsage of job (MB)
	433840  -  ResidentSetSize of job (KB)
...
006 (16626177.180.000) 02/17 01:55:41 Image size of job updated: 438180
	428  -  MemoryUsage of job (MB)
	438180  -  ResidentSetSize of job (KB)
...
006 (16626177.180.000) 02/17 02:00:42 Image size of job updated: 440432
	431  -  MemoryUsage of job (MB)
	440432  -  ResidentSetSize of job (KB)
...
040 (16626177.180.000) 02/17 02:03:40 Started transferring output files
...
040 (16626177.180.000) 02/17 02:03:40 Finished transferring output files
...
005 (16626177.180.000) 02/17 02:03:40 Job terminated.
	(1) Normal termination (return value 0)
		Usr 0 00:58:20, Sys 0 00:00:04  -  Run Remote Usage
		Usr 0 00:00:00, Sys 0 00:00:00  -  Run Local Usage
		Usr 0 00:58:20, Sys 0 00:00:04  -  Total Remote Usage
		Usr 0 00:00:00, Sys 0 00:00:00  -  Total Local Usage
	8155  -  Run Bytes Sent By Job
	10428  -  Run Bytes Received By Job
	8155  -  Total Bytes Sent By Job
	10428  -  Total Bytes Received By Job
	Partitionable Resources :    Usage  Request Allocated 
	   Cpus                 :     0.81        1         1 
	   Disk (KB)            :    43          12      3812 
	   GPUs                 :                           0 
	   Memory (MB)          :   431        3000      3000 

	Job terminated of its own accord at 2025-02-17T01:03:40Z with exit-code 0.
...
