000 (16626177.144.000) 02/17 00:58:07 Job submitted from host: <188.185.72.155:9618?addrs=188.185.72.155-9618+[2001-1458-d00-8--100-95]-9618&alias=bigbird08.cern.ch&noUDP&sock=schedd_862983_22fa>
...
040 (16626177.144.000) 02/17 00:58:58 Started transferring input files
	Transferring to host: <188.185.193.30:9618?addrs=188.185.193.30-9618+[2001-1458-303-20--100-1a]-9618&alias=b9p19p1185.cern.ch&noUDP&sock=slot1_8_2496289_2ce0_9826>
...
040 (16626177.144.000) 02/17 00:58:58 Finished transferring input files
...
001 (16626177.144.000) 02/17 00:58:59 Job executing on host: <188.185.193.30:9618?addrs=188.185.193.30-9618+[2001-1458-303-20--100-1a]-9618&alias=b9p19p1185.cern.ch&noUDP&sock=startd_3262_0a06>
	SlotName: slot1_8@b9p19p1185.cern.ch
	CondorScratchDir = "/pool/condor/dir_874132"
	Cpus = 1
	Disk = 3942
	GPUs = 0
	Memory = 3000
...
006 (16626177.144.000) 02/17 00:59:07 Image size of job updated: 1884
	2  -  MemoryUsage of job (MB)
	1884  -  ResidentSetSize of job (KB)
...
006 (16626177.144.000) 02/17 01:04:07 Image size of job updated: 414956
	406  -  MemoryUsage of job (MB)
	414956  -  ResidentSetSize of job (KB)
...
006 (16626177.144.000) 02/17 01:09:08 Image size of job updated: 451728
	442  -  MemoryUsage of job (MB)
	451728  -  ResidentSetSize of job (KB)
...
006 (16626177.144.000) 02/17 01:14:08 Image size of job updated: 455236
	445  -  MemoryUsage of job (MB)
	455236  -  ResidentSetSize of job (KB)
...
006 (16626177.144.000) 02/17 01:19:08 Image size of job updated: 457960
	448  -  MemoryUsage of job (MB)
	457960  -  ResidentSetSize of job (KB)
...
006 (16626177.144.000) 02/17 01:29:10 Image size of job updated: 460936
	451  -  MemoryUsage of job (MB)
	460936  -  ResidentSetSize of job (KB)
...
006 (16626177.144.000) 02/17 01:34:10 Image size of job updated: 461776
	451  -  MemoryUsage of job (MB)
	461776  -  ResidentSetSize of job (KB)
...
006 (16626177.144.000) 02/17 01:39:10 Image size of job updated: 467008
	457  -  MemoryUsage of job (MB)
	467008  -  ResidentSetSize of job (KB)
...
040 (16626177.144.000) 02/17 01:49:34 Started transferring output files
...
040 (16626177.144.000) 02/17 01:49:34 Finished transferring output files
...
005 (16626177.144.000) 02/17 01:49:34 Job terminated.
	(1) Normal termination (return value 0)
		Usr 0 00:49:44, Sys 0 00:00:01  -  Run Remote Usage
		Usr 0 00:00:00, Sys 0 00:00:00  -  Run Local Usage
		Usr 0 00:49:44, Sys 0 00:00:01  -  Total Remote Usage
		Usr 0 00:00:00, Sys 0 00:00:00  -  Total Local Usage
	8153  -  Run Bytes Sent By Job
	10428  -  Run Bytes Received By Job
	8153  -  Total Bytes Sent By Job
	10428  -  Total Bytes Received By Job
	Partitionable Resources :    Usage  Request Allocated 
	   Cpus                 :     1.00        1         1 
	   Disk (KB)            :    43          12      3942 
	   GPUs                 :                           0 
	   Memory (MB)          :   457        3000      3000 

	Job terminated of its own accord at 2025-02-17T00:49:34Z with exit-code 0.
...
