000 (16626177.156.000) 02/17 00:58:07 Job submitted from host: <188.185.72.155:9618?addrs=188.185.72.155-9618+[2001-1458-d00-8--100-95]-9618&alias=bigbird08.cern.ch&noUDP&sock=schedd_862983_22fa>
...
040 (16626177.156.000) 02/17 00:59:04 Started transferring input files
	Transferring to host: <128.142.196.44:9618?addrs=128.142.196.44-9618+[2001-1458-301-3c--100-2a]-9618&alias=b9g32p0061.cern.ch&noUDP&sock=slot1_51_2212181_633f_81972>
...
040 (16626177.156.000) 02/17 00:59:04 Finished transferring input files
...
001 (16626177.156.000) 02/17 00:59:05 Job executing on host: <128.142.196.44:9618?addrs=128.142.196.44-9618+[2001-1458-301-3c--100-2a]-9618&alias=b9g32p0061.cern.ch&noUDP&sock=startd_2634_488c>
	SlotName: slot1_51@b9g32p0061.cern.ch
	CondorScratchDir = "/pool/condor/dir_1258675"
	Cpus = 1
	Disk = 3727
	GPUs = 0
	Memory = 3000
...
006 (16626177.156.000) 02/17 00:59:13 Image size of job updated: 99380
	98  -  MemoryUsage of job (MB)
	99380  -  ResidentSetSize of job (KB)
...
006 (16626177.156.000) 02/17 01:04:13 Image size of job updated: 136248
	134  -  MemoryUsage of job (MB)
	136248  -  ResidentSetSize of job (KB)
...
006 (16626177.156.000) 02/17 01:09:14 Image size of job updated: 140132
	137  -  MemoryUsage of job (MB)
	140132  -  ResidentSetSize of job (KB)
...
006 (16626177.156.000) 02/17 01:14:14 Image size of job updated: 141720
	139  -  MemoryUsage of job (MB)
	141720  -  ResidentSetSize of job (KB)
...
006 (16626177.156.000) 02/17 01:19:14 Image size of job updated: 142504
	140  -  MemoryUsage of job (MB)
	142504  -  ResidentSetSize of job (KB)
...
006 (16626177.156.000) 02/17 01:29:16 Image size of job updated: 144532
	142  -  MemoryUsage of job (MB)
	144532  -  ResidentSetSize of job (KB)
...
006 (16626177.156.000) 02/17 01:34:16 Image size of job updated: 152632
	150  -  MemoryUsage of job (MB)
	152632  -  ResidentSetSize of job (KB)
...
040 (16626177.156.000) 02/17 01:43:08 Started transferring output files
...
040 (16626177.156.000) 02/17 01:43:08 Finished transferring output files
...
005 (16626177.156.000) 02/17 01:43:08 Job terminated.
	(1) Normal termination (return value 0)
		Usr 0 00:43:10, Sys 0 00:00:02  -  Run Remote Usage
		Usr 0 00:00:00, Sys 0 00:00:00  -  Run Local Usage
		Usr 0 00:43:10, Sys 0 00:00:02  -  Total Remote Usage
		Usr 0 00:00:00, Sys 0 00:00:00  -  Total Local Usage
	8155  -  Run Bytes Sent By Job
	10428  -  Run Bytes Received By Job
	8155  -  Total Bytes Sent By Job
	10428  -  Total Bytes Received By Job
	Partitionable Resources :    Usage  Request Allocated 
	   Cpus                 :     0.95        1         1 
	   Disk (KB)            :    43          12      3727 
	   GPUs                 :                           0 
	   Memory (MB)          :   150        3000      3000 

	Job terminated of its own accord at 2025-02-17T00:43:08Z with exit-code 0.
...
