000 (16626177.327.000) 02/17 00:58:07 Job submitted from host: <188.185.72.155:9618?addrs=188.185.72.155-9618+[2001-1458-d00-8--100-95]-9618&alias=bigbird08.cern.ch&noUDP&sock=schedd_862983_22fa>
...
040 (16626177.327.000) 02/17 01:04:38 Started transferring input files
	Transferring to host: <128.142.132.89:9618?addrs=128.142.132.89-9618+[2001-1458-301-5a--100-4d]-9618&alias=b9g12p2718.cern.ch&noUDP&sock=slot1_10_2727_2b08_4962>
...
040 (16626177.327.000) 02/17 01:04:38 Finished transferring input files
...
001 (16626177.327.000) 02/17 01:04:39 Job executing on host: <128.142.132.89:9618?addrs=128.142.132.89-9618+[2001-1458-301-5a--100-4d]-9618&alias=b9g12p2718.cern.ch&noUDP&sock=startd_2385_7d77>
	SlotName: slot1_10@b9g12p2718.cern.ch
	CondorScratchDir = "/pool/condor/dir_1624695"
	Cpus = 1
	Disk = 2608
	GPUs = 0
	Memory = 3000
...
006 (16626177.327.000) 02/17 01:04:48 Image size of job updated: 345440
	338  -  MemoryUsage of job (MB)
	345440  -  ResidentSetSize of job (KB)
...
006 (16626177.327.000) 02/17 01:09:49 Image size of job updated: 373968
	366  -  MemoryUsage of job (MB)
	373968  -  ResidentSetSize of job (KB)
...
006 (16626177.327.000) 02/17 01:14:49 Image size of job updated: 411068
	402  -  MemoryUsage of job (MB)
	411068  -  ResidentSetSize of job (KB)
...
006 (16626177.327.000) 02/17 01:19:50 Image size of job updated: 415088
	406  -  MemoryUsage of job (MB)
	415088  -  ResidentSetSize of job (KB)
...
006 (16626177.327.000) 02/17 01:24:51 Image size of job updated: 415844
	407  -  MemoryUsage of job (MB)
	415844  -  ResidentSetSize of job (KB)
...
006 (16626177.327.000) 02/17 01:34:51 Image size of job updated: 420828
	411  -  MemoryUsage of job (MB)
	420828  -  ResidentSetSize of job (KB)
...
006 (16626177.327.000) 02/17 01:39:52 Image size of job updated: 421472
	412  -  MemoryUsage of job (MB)
	421472  -  ResidentSetSize of job (KB)
...
006 (16626177.327.000) 02/17 01:44:52 Image size of job updated: 426228
	417  -  MemoryUsage of job (MB)
	426228  -  ResidentSetSize of job (KB)
...
006 (16626177.327.000) 02/17 01:49:52 Image size of job updated: 429224
	420  -  MemoryUsage of job (MB)
	429224  -  ResidentSetSize of job (KB)
...
040 (16626177.327.000) 02/17 01:53:22 Started transferring output files
...
040 (16626177.327.000) 02/17 01:53:22 Finished transferring output files
...
005 (16626177.327.000) 02/17 01:53:22 Job terminated.
	(1) Normal termination (return value 0)
		Usr 0 00:48:16, Sys 0 00:00:01  -  Run Remote Usage
		Usr 0 00:00:00, Sys 0 00:00:00  -  Run Local Usage
		Usr 0 00:48:16, Sys 0 00:00:01  -  Total Remote Usage
		Usr 0 00:00:00, Sys 0 00:00:00  -  Total Local Usage
	8153  -  Run Bytes Sent By Job
	10428  -  Run Bytes Received By Job
	8153  -  Total Bytes Sent By Job
	10428  -  Total Bytes Received By Job
	Partitionable Resources :    Usage  Request Allocated 
	   Cpus                 :     0.99        1         1 
	   Disk (KB)            :    43          12      2608 
	   GPUs                 :                           0 
	   Memory (MB)          :   420        3000      3000 

	Job terminated of its own accord at 2025-02-17T00:53:22Z with exit-code 0.
...
