000 (16626177.011.000) 02/17 00:58:07 Job submitted from host: <188.185.72.155:9618?addrs=188.185.72.155-9618+[2001-1458-d00-8--100-95]-9618&alias=bigbird08.cern.ch&noUDP&sock=schedd_862983_22fa>
...
040 (16626177.011.000) 02/17 00:58:15 Started transferring input files
	Transferring to host: <188.185.194.185:9618?addrs=188.185.194.185-9618+[2001-1458-303-21--100-b5]-9618&alias=b9p20p3715.cern.ch&noUDP&sock=slot1_4_3299979_7c4a_2658>
...
040 (16626177.011.000) 02/17 00:58:15 Finished transferring input files
...
001 (16626177.011.000) 02/17 00:58:16 Job executing on host: <188.185.194.185:9618?addrs=188.185.194.185-9618+[2001-1458-303-21--100-b5]-9618&alias=b9p20p3715.cern.ch&noUDP&sock=startd_7244_5c25>
	SlotName: slot1_4@b9p20p3715.cern.ch
	CondorScratchDir = "/pool/condor/dir_859232"
	Cpus = 1
	Disk = 3892
	GPUs = 0
	Memory = 3000
...
006 (16626177.011.000) 02/17 00:58:25 Image size of job updated: 382184
	374  -  MemoryUsage of job (MB)
	382184  -  ResidentSetSize of job (KB)
...
006 (16626177.011.000) 02/17 01:03:26 Image size of job updated: 420636
	411  -  MemoryUsage of job (MB)
	420636  -  ResidentSetSize of job (KB)
...
006 (16626177.011.000) 02/17 01:08:26 Image size of job updated: 424852
	415  -  MemoryUsage of job (MB)
	424852  -  ResidentSetSize of job (KB)
...
006 (16626177.011.000) 02/17 01:13:27 Image size of job updated: 427028
	418  -  MemoryUsage of job (MB)
	427028  -  ResidentSetSize of job (KB)
...
006 (16626177.011.000) 02/17 01:18:28 Image size of job updated: 427172
	418  -  MemoryUsage of job (MB)
	427172  -  ResidentSetSize of job (KB)
...
006 (16626177.011.000) 02/17 01:23:28 Image size of job updated: 430436
	421  -  MemoryUsage of job (MB)
	430436  -  ResidentSetSize of job (KB)
...
006 (16626177.011.000) 02/17 01:28:28 Image size of job updated: 431152
	422  -  MemoryUsage of job (MB)
	431152  -  ResidentSetSize of job (KB)
...
006 (16626177.011.000) 02/17 01:33:29 Image size of job updated: 432036
	422  -  MemoryUsage of job (MB)
	432036  -  ResidentSetSize of job (KB)
...
006 (16626177.011.000) 02/17 01:38:29 Image size of job updated: 437792
	428  -  MemoryUsage of job (MB)
	437792  -  ResidentSetSize of job (KB)
...
040 (16626177.011.000) 02/17 01:42:05 Started transferring output files
...
040 (16626177.011.000) 02/17 01:42:05 Finished transferring output files
...
005 (16626177.011.000) 02/17 01:42:05 Job terminated.
	(1) Normal termination (return value 0)
		Usr 0 00:43:23, Sys 0 00:00:01  -  Run Remote Usage
		Usr 0 00:00:00, Sys 0 00:00:00  -  Run Local Usage
		Usr 0 00:43:23, Sys 0 00:00:01  -  Total Remote Usage
		Usr 0 00:00:00, Sys 0 00:00:00  -  Total Local Usage
	8150  -  Run Bytes Sent By Job
	10428  -  Run Bytes Received By Job
	8150  -  Total Bytes Sent By Job
	10428  -  Total Bytes Received By Job
	Partitionable Resources :    Usage  Request Allocated 
	   Cpus                 :     0.99        1         1 
	   Disk (KB)            :    44          12      3892 
	   GPUs                 :                           0 
	   Memory (MB)          :   428        3000      3000 

	Job terminated of its own accord at 2025-02-17T00:42:05Z with exit-code 0.
...
