000 (16626177.177.000) 02/17 00:58:07 Job submitted from host: <188.185.72.155:9618?addrs=188.185.72.155-9618+[2001-1458-d00-8--100-95]-9618&alias=bigbird08.cern.ch&noUDP&sock=schedd_862983_22fa>
...
040 (16626177.177.000) 02/17 01:00:25 Started transferring input files
	Transferring to host: <188.185.198.90:9618?addrs=188.185.198.90-9618+[2001-1458-303-25--100-56]-9618&alias=b9p15p3797.cern.ch&noUDP&sock=slot1_15_2328213_6dad_46061>
...
040 (16626177.177.000) 02/17 01:00:25 Finished transferring input files
...
001 (16626177.177.000) 02/17 01:00:26 Job executing on host: <188.185.198.90:9618?addrs=188.185.198.90-9618+[2001-1458-303-25--100-56]-9618&alias=b9p15p3797.cern.ch&noUDP&sock=startd_3245542_7018>
	SlotName: slot1_15@b9p15p3797.cern.ch
	CondorScratchDir = "/pool/condor/dir_1417624"
	Cpus = 1
	Disk = 3880
	GPUs = 0
	Memory = 3000
...
006 (16626177.177.000) 02/17 01:00:34 Image size of job updated: 90228
	89  -  MemoryUsage of job (MB)
	90228  -  ResidentSetSize of job (KB)
...
006 (16626177.177.000) 02/17 01:05:34 Image size of job updated: 122668
	120  -  MemoryUsage of job (MB)
	122668  -  ResidentSetSize of job (KB)
...
006 (16626177.177.000) 02/17 01:10:35 Image size of job updated: 160916
	158  -  MemoryUsage of job (MB)
	160916  -  ResidentSetSize of job (KB)
...
006 (16626177.177.000) 02/17 01:15:35 Image size of job updated: 164296
	161  -  MemoryUsage of job (MB)
	164296  -  ResidentSetSize of job (KB)
...
006 (16626177.177.000) 02/17 01:20:35 Image size of job updated: 165020
	162  -  MemoryUsage of job (MB)
	165020  -  ResidentSetSize of job (KB)
...
006 (16626177.177.000) 02/17 01:25:36 Image size of job updated: 165648
	162  -  MemoryUsage of job (MB)
	165648  -  ResidentSetSize of job (KB)
...
006 (16626177.177.000) 02/17 01:40:38 Image size of job updated: 170508
	167  -  MemoryUsage of job (MB)
	170508  -  ResidentSetSize of job (KB)
...
006 (16626177.177.000) 02/17 01:45:39 Image size of job updated: 170956
	167  -  MemoryUsage of job (MB)
	170956  -  ResidentSetSize of job (KB)
...
006 (16626177.177.000) 02/17 01:50:39 Image size of job updated: 171676
	168  -  MemoryUsage of job (MB)
	171676  -  ResidentSetSize of job (KB)
...
006 (16626177.177.000) 02/17 01:55:39 Image size of job updated: 177176
	174  -  MemoryUsage of job (MB)
	177176  -  ResidentSetSize of job (KB)
...
040 (16626177.177.000) 02/17 02:03:16 Started transferring output files
...
040 (16626177.177.000) 02/17 02:03:16 Finished transferring output files
...
005 (16626177.177.000) 02/17 02:03:16 Job terminated.
	(1) Normal termination (return value 0)
		Usr 0 01:00:25, Sys 0 00:00:05  -  Run Remote Usage
		Usr 0 00:00:00, Sys 0 00:00:00  -  Run Local Usage
		Usr 0 01:00:25, Sys 0 00:00:05  -  Total Remote Usage
		Usr 0 00:00:00, Sys 0 00:00:00  -  Total Local Usage
	8155  -  Run Bytes Sent By Job
	10428  -  Run Bytes Received By Job
	8155  -  Total Bytes Sent By Job
	10428  -  Total Bytes Received By Job
	Partitionable Resources :    Usage  Request Allocated 
	   Cpus                 :     0.98        1         1 
	   Disk (KB)            :    43          12      3880 
	   GPUs                 :                           0 
	   Memory (MB)          :   174        3000      3000 

	Job terminated of its own accord at 2025-02-17T01:03:16Z with exit-code 0.
...
