000 (16626177.167.000) 02/17 00:58:07 Job submitted from host: <188.185.72.155:9618?addrs=188.185.72.155-9618+[2001-1458-d00-8--100-95]-9618&alias=bigbird08.cern.ch&noUDP&sock=schedd_862983_22fa>
...
040 (16626177.167.000) 02/17 01:00:21 Started transferring input files
	Transferring to host: <188.185.196.64:9618?addrs=188.185.196.64-9618+[2001-1458-303-23--100-3c]-9618&alias=b9p16p7116.cern.ch&noUDP&sock=slot1_15_2064023_ac76_98539>
...
040 (16626177.167.000) 02/17 01:00:21 Finished transferring input files
...
001 (16626177.167.000) 02/17 01:00:22 Job executing on host: <188.185.196.64:9618?addrs=188.185.196.64-9618+[2001-1458-303-23--100-3c]-9618&alias=b9p16p7116.cern.ch&noUDP&sock=startd_5820_9d48>
	SlotName: slot1_15@b9p16p7116.cern.ch
	CondorScratchDir = "/pool/condor/dir_821299"
	Cpus = 1
	Disk = 3290
	GPUs = 0
	Memory = 3000
...
006 (16626177.167.000) 02/17 01:00:31 Image size of job updated: 383844
	375  -  MemoryUsage of job (MB)
	383844  -  ResidentSetSize of job (KB)
...
006 (16626177.167.000) 02/17 01:05:32 Image size of job updated: 449768
	440  -  MemoryUsage of job (MB)
	449768  -  ResidentSetSize of job (KB)
...
006 (16626177.167.000) 02/17 01:10:33 Image size of job updated: 450324
	440  -  MemoryUsage of job (MB)
	450324  -  ResidentSetSize of job (KB)
...
006 (16626177.167.000) 02/17 01:15:33 Image size of job updated: 454480
	444  -  MemoryUsage of job (MB)
	454480  -  ResidentSetSize of job (KB)
...
006 (16626177.167.000) 02/17 01:20:34 Image size of job updated: 454756
	445  -  MemoryUsage of job (MB)
	454756  -  ResidentSetSize of job (KB)
...
006 (16626177.167.000) 02/17 01:25:35 Image size of job updated: 457260
	447  -  MemoryUsage of job (MB)
	457260  -  ResidentSetSize of job (KB)
...
006 (16626177.167.000) 02/17 01:40:37 Image size of job updated: 460720
	450  -  MemoryUsage of job (MB)
	460720  -  ResidentSetSize of job (KB)
...
006 (16626177.167.000) 02/17 01:45:37 Image size of job updated: 462124
	452  -  MemoryUsage of job (MB)
	462124  -  ResidentSetSize of job (KB)
...
006 (16626177.167.000) 02/17 01:50:37 Image size of job updated: 463004
	453  -  MemoryUsage of job (MB)
	463004  -  ResidentSetSize of job (KB)
...
040 (16626177.167.000) 02/17 02:01:04 Started transferring output files
...
040 (16626177.167.000) 02/17 02:01:04 Finished transferring output files
...
005 (16626177.167.000) 02/17 02:01:04 Job terminated.
	(1) Normal termination (return value 0)
		Usr 0 00:59:54, Sys 0 00:00:02  -  Run Remote Usage
		Usr 0 00:00:00, Sys 0 00:00:00  -  Run Local Usage
		Usr 0 00:59:54, Sys 0 00:00:02  -  Total Remote Usage
		Usr 0 00:00:00, Sys 0 00:00:00  -  Total Local Usage
	8153  -  Run Bytes Sent By Job
	10428  -  Run Bytes Received By Job
	8153  -  Total Bytes Sent By Job
	10428  -  Total Bytes Received By Job
	Partitionable Resources :    Usage  Request Allocated 
	   Cpus                 :     0.99        1         1 
	   Disk (KB)            :    44          12      3290 
	   GPUs                 :                           0 
	   Memory (MB)          :   453        3000      3000 

	Job terminated of its own accord at 2025-02-17T01:01:04Z with exit-code 0.
...
