000 (16626177.277.000) 02/17 00:58:07 Job submitted from host: <188.185.72.155:9618?addrs=188.185.72.155-9618+[2001-1458-d00-8--100-95]-9618&alias=bigbird08.cern.ch&noUDP&sock=schedd_862983_22fa>
...
040 (16626177.277.000) 02/17 01:00:57 Started transferring input files
	Transferring to host: <188.185.196.28:9618?addrs=188.185.196.28-9618+[2001-1458-303-23--100-18]-9618&alias=b9p16p9803.cern.ch&noUDP&sock=slot1_15_3523207_ce3f_1325>
...
040 (16626177.277.000) 02/17 01:00:57 Finished transferring input files
...
001 (16626177.277.000) 02/17 01:00:58 Job executing on host: <188.185.196.28:9618?addrs=188.185.196.28-9618+[2001-1458-303-23--100-18]-9618&alias=b9p16p9803.cern.ch&noUDP&sock=startd_11197_ca05>
	SlotName: slot1_15@b9p16p9803.cern.ch
	CondorScratchDir = "/pool/condor/dir_224188"
	Cpus = 1
	Disk = 3932
	GPUs = 0
	Memory = 3000
...
006 (16626177.277.000) 02/17 01:01:07 Image size of job updated: 1880
	2  -  MemoryUsage of job (MB)
	1880  -  ResidentSetSize of job (KB)
...
006 (16626177.277.000) 02/17 01:06:08 Image size of job updated: 139992
	137  -  MemoryUsage of job (MB)
	139992  -  ResidentSetSize of job (KB)
...
006 (16626177.277.000) 02/17 01:11:09 Image size of job updated: 144116
	141  -  MemoryUsage of job (MB)
	144116  -  ResidentSetSize of job (KB)
...
006 (16626177.277.000) 02/17 01:16:09 Image size of job updated: 145596
	143  -  MemoryUsage of job (MB)
	145596  -  ResidentSetSize of job (KB)
...
006 (16626177.277.000) 02/17 01:21:09 Image size of job updated: 152396
	149  -  MemoryUsage of job (MB)
	152396  -  ResidentSetSize of job (KB)
...
006 (16626177.277.000) 02/17 01:26:10 Image size of job updated: 152436
	149  -  MemoryUsage of job (MB)
	152436  -  ResidentSetSize of job (KB)
...
006 (16626177.277.000) 02/17 01:31:10 Image size of job updated: 156460
	153  -  MemoryUsage of job (MB)
	156460  -  ResidentSetSize of job (KB)
...
006 (16626177.277.000) 02/17 01:36:10 Image size of job updated: 157728
	155  -  MemoryUsage of job (MB)
	157728  -  ResidentSetSize of job (KB)
...
040 (16626177.277.000) 02/17 01:36:30 Started transferring output files
...
040 (16626177.277.000) 02/17 01:36:30 Finished transferring output files
...
005 (16626177.277.000) 02/17 01:36:30 Job terminated.
	(1) Normal termination (return value 0)
		Usr 0 00:34:51, Sys 0 00:00:01  -  Run Remote Usage
		Usr 0 00:00:00, Sys 0 00:00:00  -  Run Local Usage
		Usr 0 00:34:51, Sys 0 00:00:01  -  Total Remote Usage
		Usr 0 00:00:00, Sys 0 00:00:00  -  Total Local Usage
	8151  -  Run Bytes Sent By Job
	10428  -  Run Bytes Received By Job
	8151  -  Total Bytes Sent By Job
	10428  -  Total Bytes Received By Job
	Partitionable Resources :    Usage  Request Allocated 
	   Cpus                 :     1.00        1         1 
	   Disk (KB)            :    43          12      3932 
	   GPUs                 :                           0 
	   Memory (MB)          :   155        3000      3000 

	Job terminated of its own accord at 2025-02-17T00:36:30Z with exit-code 0.
...
