000 (16626177.225.000) 02/17 00:58:07 Job submitted from host: <188.185.72.155:9618?addrs=188.185.72.155-9618+[2001-1458-d00-8--100-95]-9618&alias=bigbird08.cern.ch&noUDP&sock=schedd_862983_22fa>
...
040 (16626177.225.000) 02/17 01:00:33 Started transferring input files
	Transferring to host: <128.142.132.113:9618?addrs=128.142.132.113-9618+[2001-1458-301-5a--100-65]-9618&alias=b9g12p6271.cern.ch&noUDP&sock=slot1_9_1182331_e5e8_67761>
...
040 (16626177.225.000) 02/17 01:00:33 Finished transferring input files
...
001 (16626177.225.000) 02/17 01:00:34 Job executing on host: <128.142.132.113:9618?addrs=128.142.132.113-9618+[2001-1458-301-5a--100-65]-9618&alias=b9g12p6271.cern.ch&noUDP&sock=startd_2432_ba6a>
	SlotName: slot1_9@b9g12p6271.cern.ch
	CondorScratchDir = "/pool/condor/dir_554330"
	Cpus = 1
	Disk = 2628
	GPUs = 0
	Memory = 3000
...
006 (16626177.225.000) 02/17 01:00:42 Image size of job updated: 1880
	2  -  MemoryUsage of job (MB)
	1880  -  ResidentSetSize of job (KB)
...
006 (16626177.225.000) 02/17 01:05:42 Image size of job updated: 408852
	400  -  MemoryUsage of job (MB)
	408852  -  ResidentSetSize of job (KB)
...
006 (16626177.225.000) 02/17 01:10:43 Image size of job updated: 445136
	435  -  MemoryUsage of job (MB)
	445136  -  ResidentSetSize of job (KB)
...
006 (16626177.225.000) 02/17 01:15:43 Image size of job updated: 445860
	436  -  MemoryUsage of job (MB)
	445860  -  ResidentSetSize of job (KB)
...
006 (16626177.225.000) 02/17 01:20:43 Image size of job updated: 449336
	439  -  MemoryUsage of job (MB)
	449336  -  ResidentSetSize of job (KB)
...
006 (16626177.225.000) 02/17 01:25:44 Image size of job updated: 450044
	440  -  MemoryUsage of job (MB)
	450044  -  ResidentSetSize of job (KB)
...
006 (16626177.225.000) 02/17 01:30:45 Image size of job updated: 451992
	442  -  MemoryUsage of job (MB)
	451992  -  ResidentSetSize of job (KB)
...
006 (16626177.225.000) 02/17 01:45:47 Image size of job updated: 454564
	444  -  MemoryUsage of job (MB)
	454564  -  ResidentSetSize of job (KB)
...
006 (16626177.225.000) 02/17 01:50:47 Image size of job updated: 454948
	445  -  MemoryUsage of job (MB)
	454948  -  ResidentSetSize of job (KB)
...
006 (16626177.225.000) 02/17 01:55:48 Image size of job updated: 455712
	446  -  MemoryUsage of job (MB)
	455712  -  ResidentSetSize of job (KB)
...
006 (16626177.225.000) 02/17 02:00:49 Image size of job updated: 456472
	446  -  MemoryUsage of job (MB)
	456472  -  ResidentSetSize of job (KB)
...
006 (16626177.225.000) 02/17 02:05:49 Image size of job updated: 458836
	449  -  MemoryUsage of job (MB)
	458836  -  ResidentSetSize of job (KB)
...
006 (16626177.225.000) 02/17 02:10:49 Image size of job updated: 459024
	449  -  MemoryUsage of job (MB)
	459024  -  ResidentSetSize of job (KB)
...
040 (16626177.225.000) 02/17 02:15:38 Started transferring output files
...
040 (16626177.225.000) 02/17 02:15:38 Finished transferring output files
...
005 (16626177.225.000) 02/17 02:15:38 Job terminated.
	(1) Normal termination (return value 0)
		Usr 0 01:11:22, Sys 0 00:00:04  -  Run Remote Usage
		Usr 0 00:00:00, Sys 0 00:00:00  -  Run Local Usage
		Usr 0 01:11:22, Sys 0 00:00:04  -  Total Remote Usage
		Usr 0 00:00:00, Sys 0 00:00:00  -  Total Local Usage
	8155  -  Run Bytes Sent By Job
	10428  -  Run Bytes Received By Job
	8155  -  Total Bytes Sent By Job
	10428  -  Total Bytes Received By Job
	Partitionable Resources :    Usage  Request Allocated 
	   Cpus                 :     0.93        1         1 
	   Disk (KB)            :    43          12      2628 
	   GPUs                 :                           0 
	   Memory (MB)          :   449        3000      3000 

	Job terminated of its own accord at 2025-02-17T01:15:38Z with exit-code 0.
...
