000 (16626177.213.000) 02/17 00:58:07 Job submitted from host: <188.185.72.155:9618?addrs=188.185.72.155-9618+[2001-1458-d00-8--100-95]-9618&alias=bigbird08.cern.ch&noUDP&sock=schedd_862983_22fa>
...
040 (16626177.213.000) 02/17 01:00:37 Started transferring input files
	Transferring to host: <188.185.194.145:9618?addrs=188.185.194.145-9618+[2001-1458-303-21--100-8d]-9618&alias=b9p20p3441.cern.ch&noUDP&sock=slot1_25_3604731_d6b2_85871>
...
040 (16626177.213.000) 02/17 01:00:37 Finished transferring input files
...
001 (16626177.213.000) 02/17 01:00:38 Job executing on host: <188.185.194.145:9618?addrs=188.185.194.145-9618+[2001-1458-303-21--100-8d]-9618&alias=b9p20p3441.cern.ch&noUDP&sock=startd_4557_4d2b>
	SlotName: slot1_25@b9p20p3441.cern.ch
	CondorScratchDir = "/pool/condor/dir_597702"
	Cpus = 1
	Disk = 3794
	GPUs = 0
	Memory = 3000
...
006 (16626177.213.000) 02/17 01:00:47 Image size of job updated: 1880
	2  -  MemoryUsage of job (MB)
	1880  -  ResidentSetSize of job (KB)
...
006 (16626177.213.000) 02/17 01:05:48 Image size of job updated: 62088
	61  -  MemoryUsage of job (MB)
	62088  -  ResidentSetSize of job (KB)
...
006 (16626177.213.000) 02/17 01:10:49 Image size of job updated: 102076
	100  -  MemoryUsage of job (MB)
	102076  -  ResidentSetSize of job (KB)
...
006 (16626177.213.000) 02/17 01:15:49 Image size of job updated: 105944
	104  -  MemoryUsage of job (MB)
	105944  -  ResidentSetSize of job (KB)
...
006 (16626177.213.000) 02/17 01:20:49 Image size of job updated: 106916
	105  -  MemoryUsage of job (MB)
	106916  -  ResidentSetSize of job (KB)
...
006 (16626177.213.000) 02/17 01:25:50 Image size of job updated: 107736
	106  -  MemoryUsage of job (MB)
	107736  -  ResidentSetSize of job (KB)
...
040 (16626177.213.000) 02/17 02:10:16 Started transferring output files
...
040 (16626177.213.000) 02/17 02:10:16 Finished transferring output files
...
005 (16626177.213.000) 02/17 02:10:16 Job terminated.
	(1) Normal termination (return value 0)
		Usr 0 01:05:29, Sys 0 00:00:04  -  Run Remote Usage
		Usr 0 00:00:00, Sys 0 00:00:00  -  Run Local Usage
		Usr 0 01:05:29, Sys 0 00:00:04  -  Total Remote Usage
		Usr 0 00:00:00, Sys 0 00:00:00  -  Total Local Usage
	8155  -  Run Bytes Sent By Job
	10428  -  Run Bytes Received By Job
	8155  -  Total Bytes Sent By Job
	10428  -  Total Bytes Received By Job
	Partitionable Resources :    Usage  Request Allocated 
	   Cpus                 :     0.95        1         1 
	   Disk (KB)            :    43          12      3794 
	   GPUs                 :                           0 
	   Memory (MB)          :   106        3000      3000 

	Job terminated of its own accord at 2025-02-17T01:10:16Z with exit-code 0.
...
