000 (16626177.015.000) 02/17 00:58:07 Job submitted from host: <188.185.72.155:9618?addrs=188.185.72.155-9618+[2001-1458-d00-8--100-95]-9618&alias=bigbird08.cern.ch&noUDP&sock=schedd_862983_22fa>
...
040 (16626177.015.000) 02/17 00:58:17 Started transferring input files
	Transferring to host: <188.185.196.51:9618?addrs=188.185.196.51-9618+[2001-1458-303-23--100-2f]-9618&alias=b9p16p9669.cern.ch&noUDP&sock=slot1_18_2063324_2a39_30401>
...
040 (16626177.015.000) 02/17 00:58:17 Finished transferring input files
...
001 (16626177.015.000) 02/17 00:58:18 Job executing on host: <188.185.196.51:9618?addrs=188.185.196.51-9618+[2001-1458-303-23--100-2f]-9618&alias=b9p16p9669.cern.ch&noUDP&sock=startd_4962_1906>
	SlotName: slot1_18@b9p16p9669.cern.ch
	CondorScratchDir = "/pool/condor/dir_3807280"
	Cpus = 1
	Disk = 3902
	GPUs = 0
	Memory = 3000
...
006 (16626177.015.000) 02/17 00:58:26 Image size of job updated: 349656
	342  -  MemoryUsage of job (MB)
	349656  -  ResidentSetSize of job (KB)
...
006 (16626177.015.000) 02/17 01:03:26 Image size of job updated: 419712
	410  -  MemoryUsage of job (MB)
	419712  -  ResidentSetSize of job (KB)
...
006 (16626177.015.000) 02/17 01:08:27 Image size of job updated: 424632
	415  -  MemoryUsage of job (MB)
	424632  -  ResidentSetSize of job (KB)
...
006 (16626177.015.000) 02/17 01:13:28 Image size of job updated: 424944
	415  -  MemoryUsage of job (MB)
	424944  -  ResidentSetSize of job (KB)
...
006 (16626177.015.000) 02/17 01:23:29 Image size of job updated: 428644
	419  -  MemoryUsage of job (MB)
	428644  -  ResidentSetSize of job (KB)
...
006 (16626177.015.000) 02/17 01:28:30 Image size of job updated: 429584
	420  -  MemoryUsage of job (MB)
	429584  -  ResidentSetSize of job (KB)
...
006 (16626177.015.000) 02/17 01:33:30 Image size of job updated: 445740
	436  -  MemoryUsage of job (MB)
	445740  -  ResidentSetSize of job (KB)
...
040 (16626177.015.000) 02/17 01:39:19 Started transferring output files
...
040 (16626177.015.000) 02/17 01:39:19 Finished transferring output files
...
005 (16626177.015.000) 02/17 01:39:19 Job terminated.
	(1) Normal termination (return value 0)
		Usr 0 00:40:35, Sys 0 00:00:02  -  Run Remote Usage
		Usr 0 00:00:00, Sys 0 00:00:00  -  Run Local Usage
		Usr 0 00:40:35, Sys 0 00:00:02  -  Total Remote Usage
		Usr 0 00:00:00, Sys 0 00:00:00  -  Total Local Usage
	8152  -  Run Bytes Sent By Job
	10428  -  Run Bytes Received By Job
	8152  -  Total Bytes Sent By Job
	10428  -  Total Bytes Received By Job
	Partitionable Resources :    Usage  Request Allocated 
	   Cpus                 :     0.99        1         1 
	   Disk (KB)            :    44          12      3902 
	   GPUs                 :                           0 
	   Memory (MB)          :   436        3000      3000 

	Job terminated of its own accord at 2025-02-17T00:39:19Z with exit-code 0.
...
