000 (16626177.168.000) 02/17 00:58:07 Job submitted from host: <188.185.72.155:9618?addrs=188.185.72.155-9618+[2001-1458-d00-8--100-95]-9618&alias=bigbird08.cern.ch&noUDP&sock=schedd_862983_22fa>
...
040 (16626177.168.000) 02/17 01:00:22 Started transferring input files
	Transferring to host: <188.185.196.156:9618?addrs=188.185.196.156-9618+[2001-1458-303-23--100-98]-9618&alias=b9p16p0600.cern.ch&noUDP&sock=slot1_28_2591267_c4b6_4612>
...
040 (16626177.168.000) 02/17 01:00:22 Finished transferring input files
...
001 (16626177.168.000) 02/17 01:00:23 Job executing on host: <188.185.196.156:9618?addrs=188.185.196.156-9618+[2001-1458-303-23--100-98]-9618&alias=b9p16p0600.cern.ch&noUDP&sock=startd_11223_9f7c>
	SlotName: slot1_28@b9p16p0600.cern.ch
	CondorScratchDir = "/pool/condor/dir_25017"
	Cpus = 1
	Disk = 3901
	GPUs = 0
	Memory = 3000
...
006 (16626177.168.000) 02/17 01:00:32 Image size of job updated: 1868
	2  -  MemoryUsage of job (MB)
	1868  -  ResidentSetSize of job (KB)
...
006 (16626177.168.000) 02/17 01:05:33 Image size of job updated: 382224
	374  -  MemoryUsage of job (MB)
	382224  -  ResidentSetSize of job (KB)
...
006 (16626177.168.000) 02/17 01:10:34 Image size of job updated: 418736
	409  -  MemoryUsage of job (MB)
	418736  -  ResidentSetSize of job (KB)
...
006 (16626177.168.000) 02/17 01:15:34 Image size of job updated: 422276
	413  -  MemoryUsage of job (MB)
	422276  -  ResidentSetSize of job (KB)
...
006 (16626177.168.000) 02/17 01:20:34 Image size of job updated: 423692
	414  -  MemoryUsage of job (MB)
	423692  -  ResidentSetSize of job (KB)
...
006 (16626177.168.000) 02/17 01:30:35 Image size of job updated: 426484
	417  -  MemoryUsage of job (MB)
	426484  -  ResidentSetSize of job (KB)
...
006 (16626177.168.000) 02/17 01:35:35 Image size of job updated: 426968
	417  -  MemoryUsage of job (MB)
	426968  -  ResidentSetSize of job (KB)
...
006 (16626177.168.000) 02/17 01:40:36 Image size of job updated: 432732
	423  -  MemoryUsage of job (MB)
	432732  -  ResidentSetSize of job (KB)
...
040 (16626177.168.000) 02/17 01:44:21 Started transferring output files
...
040 (16626177.168.000) 02/17 01:44:21 Finished transferring output files
...
005 (16626177.168.000) 02/17 01:44:21 Job terminated.
	(1) Normal termination (return value 0)
		Usr 0 00:43:08, Sys 0 00:00:01  -  Run Remote Usage
		Usr 0 00:00:00, Sys 0 00:00:00  -  Run Local Usage
		Usr 0 00:43:08, Sys 0 00:00:01  -  Total Remote Usage
		Usr 0 00:00:00, Sys 0 00:00:00  -  Total Local Usage
	8155  -  Run Bytes Sent By Job
	10428  -  Run Bytes Received By Job
	8155  -  Total Bytes Sent By Job
	10428  -  Total Bytes Received By Job
	Partitionable Resources :    Usage  Request Allocated 
	   Cpus                 :     0.99        1         1 
	   Disk (KB)            :    44          12      3901 
	   GPUs                 :                           0 
	   Memory (MB)          :   423        3000      3000 

	Job terminated of its own accord at 2025-02-17T00:44:21Z with exit-code 0.
...
