000 (16626177.044.000) 02/17 00:58:07 Job submitted from host: <188.185.72.155:9618?addrs=188.185.72.155-9618+[2001-1458-d00-8--100-95]-9618&alias=bigbird08.cern.ch&noUDP&sock=schedd_862983_22fa>
...
040 (16626177.044.000) 02/17 00:58:26 Started transferring input files
	Transferring to host: <188.185.195.97:9618?addrs=188.185.195.97-9618+[2001-1458-303-22--100-5d]-9618&alias=b9p17p6795.cern.ch&noUDP&sock=slot1_43_41519_a431_64806>
...
040 (16626177.044.000) 02/17 00:58:26 Finished transferring input files
...
001 (16626177.044.000) 02/17 00:58:27 Job executing on host: <188.185.195.97:9618?addrs=188.185.195.97-9618+[2001-1458-303-22--100-5d]-9618&alias=b9p17p6795.cern.ch&noUDP&sock=startd_5256_c1de>
	SlotName: slot1_43@b9p17p6795.cern.ch
	CondorScratchDir = "/pool/condor/dir_3623298"
	Cpus = 1
	Disk = 3737
	GPUs = 0
	Memory = 3000
...
006 (16626177.044.000) 02/17 00:58:36 Image size of job updated: 370488
	362  -  MemoryUsage of job (MB)
	370488  -  ResidentSetSize of job (KB)
...
006 (16626177.044.000) 02/17 01:03:37 Image size of job updated: 436936
	427  -  MemoryUsage of job (MB)
	436936  -  ResidentSetSize of job (KB)
...
006 (16626177.044.000) 02/17 01:08:37 Image size of job updated: 441060
	431  -  MemoryUsage of job (MB)
	441060  -  ResidentSetSize of job (KB)
...
006 (16626177.044.000) 02/17 01:13:37 Image size of job updated: 444036
	434  -  MemoryUsage of job (MB)
	444036  -  ResidentSetSize of job (KB)
...
006 (16626177.044.000) 02/17 01:18:38 Image size of job updated: 444940
	435  -  MemoryUsage of job (MB)
	444940  -  ResidentSetSize of job (KB)
...
006 (16626177.044.000) 02/17 01:23:39 Image size of job updated: 445804
	436  -  MemoryUsage of job (MB)
	445804  -  ResidentSetSize of job (KB)
...
006 (16626177.044.000) 02/17 01:28:39 Image size of job updated: 448124
	438  -  MemoryUsage of job (MB)
	448124  -  ResidentSetSize of job (KB)
...
006 (16626177.044.000) 02/17 01:43:41 Image size of job updated: 448500
	438  -  MemoryUsage of job (MB)
	448500  -  ResidentSetSize of job (KB)
...
040 (16626177.044.000) 02/17 02:02:39 Started transferring output files
...
040 (16626177.044.000) 02/17 02:02:39 Finished transferring output files
...
005 (16626177.044.000) 02/17 02:02:39 Job terminated.
	(1) Normal termination (return value 0)
		Usr 0 01:00:16, Sys 0 00:00:05  -  Run Remote Usage
		Usr 0 00:00:00, Sys 0 00:00:00  -  Run Local Usage
		Usr 0 01:00:16, Sys 0 00:00:05  -  Total Remote Usage
		Usr 0 00:00:00, Sys 0 00:00:00  -  Total Local Usage
	8150  -  Run Bytes Sent By Job
	10428  -  Run Bytes Received By Job
	8150  -  Total Bytes Sent By Job
	10428  -  Total Bytes Received By Job
	Partitionable Resources :    Usage  Request Allocated 
	   Cpus                 :     0.88        1         1 
	   Disk (KB)            :    44          12      3737 
	   GPUs                 :                           0 
	   Memory (MB)          :   438        3000      3000 

	Job terminated of its own accord at 2025-02-17T01:02:39Z with exit-code 0.
...
