000 (16626177.492.000) 02/17 00:58:08 Job submitted from host: <188.185.72.155:9618?addrs=188.185.72.155-9618+[2001-1458-d00-8--100-95]-9618&alias=bigbird08.cern.ch&noUDP&sock=schedd_862983_22fa>
...
040 (16626177.492.000) 02/17 01:07:41 Started transferring input files
	Transferring to host: <188.185.214.31:9618?addrs=188.185.214.31-9618+[2001-1458-303-1c--100-1b]-9618&alias=b9p29p8354.cern.ch&noUDP&sock=slot1_20_3994_e25b_149210>
...
040 (16626177.492.000) 02/17 01:07:41 Finished transferring input files
...
001 (16626177.492.000) 02/17 01:07:42 Job executing on host: <188.185.214.31:9618?addrs=188.185.214.31-9618+[2001-1458-303-1c--100-1b]-9618&alias=b9p29p8354.cern.ch&noUDP&sock=startd_3238_93c0>
	SlotName: slot1_20@b9p29p8354.cern.ch
	CondorScratchDir = "/pool/condor/dir_2415120"
	Cpus = 1
	Disk = 3777
	GPUs = 0
	Memory = 3000
...
006 (16626177.492.000) 02/17 01:07:50 Image size of job updated: 101212
	99  -  MemoryUsage of job (MB)
	101212  -  ResidentSetSize of job (KB)
...
006 (16626177.492.000) 02/17 01:12:50 Image size of job updated: 139112
	136  -  MemoryUsage of job (MB)
	139112  -  ResidentSetSize of job (KB)
...
006 (16626177.492.000) 02/17 01:17:51 Image size of job updated: 143616
	141  -  MemoryUsage of job (MB)
	143616  -  ResidentSetSize of job (KB)
...
006 (16626177.492.000) 02/17 01:22:52 Image size of job updated: 146932
	144  -  MemoryUsage of job (MB)
	146932  -  ResidentSetSize of job (KB)
...
006 (16626177.492.000) 02/17 01:32:53 Image size of job updated: 151160
	148  -  MemoryUsage of job (MB)
	151160  -  ResidentSetSize of job (KB)
...
006 (16626177.492.000) 02/17 01:37:54 Image size of job updated: 156952
	154  -  MemoryUsage of job (MB)
	156952  -  ResidentSetSize of job (KB)
...
040 (16626177.492.000) 02/17 01:38:34 Started transferring output files
...
040 (16626177.492.000) 02/17 01:38:34 Finished transferring output files
...
005 (16626177.492.000) 02/17 01:38:34 Job terminated.
	(1) Normal termination (return value 0)
		Usr 0 00:30:31, Sys 0 00:00:01  -  Run Remote Usage
		Usr 0 00:00:00, Sys 0 00:00:00  -  Run Local Usage
		Usr 0 00:30:31, Sys 0 00:00:01  -  Total Remote Usage
		Usr 0 00:00:00, Sys 0 00:00:00  -  Total Local Usage
	8155  -  Run Bytes Sent By Job
	10428  -  Run Bytes Received By Job
	8155  -  Total Bytes Sent By Job
	10428  -  Total Bytes Received By Job
	Partitionable Resources :    Usage  Request Allocated 
	   Cpus                 :     0.99        1         1 
	   Disk (KB)            :    43          12      3777 
	   GPUs                 :                           0 
	   Memory (MB)          :   154        3000      3000 

	Job terminated of its own accord at 2025-02-17T00:38:34Z with exit-code 0.
...
