000 (16626177.029.000) 02/17 00:58:07 Job submitted from host: <188.185.72.155:9618?addrs=188.185.72.155-9618+[2001-1458-d00-8--100-95]-9618&alias=bigbird08.cern.ch&noUDP&sock=schedd_862983_22fa>
...
040 (16626177.029.000) 02/17 00:58:21 Started transferring input files
	Transferring to host: <188.185.193.128:9618?addrs=188.185.193.128-9618+[2001-1458-303-20--100-7c]-9618&alias=b9p19p3374.cern.ch&noUDP&sock=slot1_23_5923_0a0a_55105>
...
040 (16626177.029.000) 02/17 00:58:21 Finished transferring input files
...
001 (16626177.029.000) 02/17 00:58:22 Job executing on host: <188.185.193.128:9618?addrs=188.185.193.128-9618+[2001-1458-303-20--100-7c]-9618&alias=b9p19p3374.cern.ch&noUDP&sock=startd_5019_31ec>
	SlotName: slot1_23@b9p19p3374.cern.ch
	CondorScratchDir = "/pool/condor/dir_2881717"
	Cpus = 1
	Disk = 3855
	GPUs = 0
	Memory = 3000
...
006 (16626177.029.000) 02/17 00:58:30 Image size of job updated: 381412
	373  -  MemoryUsage of job (MB)
	381412  -  ResidentSetSize of job (KB)
...
006 (16626177.029.000) 02/17 01:03:30 Image size of job updated: 448252
	438  -  MemoryUsage of job (MB)
	448252  -  ResidentSetSize of job (KB)
...
006 (16626177.029.000) 02/17 01:08:31 Image size of job updated: 452472
	442  -  MemoryUsage of job (MB)
	452472  -  ResidentSetSize of job (KB)
...
006 (16626177.029.000) 02/17 01:13:32 Image size of job updated: 453788
	444  -  MemoryUsage of job (MB)
	453788  -  ResidentSetSize of job (KB)
...
006 (16626177.029.000) 02/17 01:18:32 Image size of job updated: 456248
	446  -  MemoryUsage of job (MB)
	456248  -  ResidentSetSize of job (KB)
...
006 (16626177.029.000) 02/17 01:33:34 Image size of job updated: 456356
	446  -  MemoryUsage of job (MB)
	456356  -  ResidentSetSize of job (KB)
...
006 (16626177.029.000) 02/17 01:38:34 Image size of job updated: 471364
	461  -  MemoryUsage of job (MB)
	471364  -  ResidentSetSize of job (KB)
...
006 (16626177.029.000) 02/17 01:43:35 Image size of job updated: 472368
	462  -  MemoryUsage of job (MB)
	472368  -  ResidentSetSize of job (KB)
...
006 (16626177.029.000) 02/17 01:48:35 Image size of job updated: 473372
	463  -  MemoryUsage of job (MB)
	473372  -  ResidentSetSize of job (KB)
...
040 (16626177.029.000) 02/17 01:50:21 Started transferring output files
...
040 (16626177.029.000) 02/17 01:50:21 Finished transferring output files
...
005 (16626177.029.000) 02/17 01:50:21 Job terminated.
	(1) Normal termination (return value 0)
		Usr 0 00:51:18, Sys 0 00:00:03  -  Run Remote Usage
		Usr 0 00:00:00, Sys 0 00:00:00  -  Run Local Usage
		Usr 0 00:51:18, Sys 0 00:00:03  -  Total Remote Usage
		Usr 0 00:00:00, Sys 0 00:00:00  -  Total Local Usage
	8152  -  Run Bytes Sent By Job
	10428  -  Run Bytes Received By Job
	8152  -  Total Bytes Sent By Job
	10428  -  Total Bytes Received By Job
	Partitionable Resources :    Usage  Request Allocated 
	   Cpus                 :     0.99        1         1 
	   Disk (KB)            :    44          12      3855 
	   GPUs                 :                           0 
	   Memory (MB)          :   463        3000      3000 

	Job terminated of its own accord at 2025-02-17T00:50:21Z with exit-code 0.
...
