000 (16626177.229.000) 02/17 00:58:07 Job submitted from host: <188.185.72.155:9618?addrs=188.185.72.155-9618+[2001-1458-d00-8--100-95]-9618&alias=bigbird08.cern.ch&noUDP&sock=schedd_862983_22fa>
...
040 (16626177.229.000) 02/17 01:00:41 Started transferring input files
	Transferring to host: <188.185.214.11:9618?addrs=188.185.214.11-9618+[2001-1458-303-1c--100-7]-9618&alias=b9p29p4563.cern.ch&noUDP&sock=slot1_13_338631_ec63_78398>
...
040 (16626177.229.000) 02/17 01:00:41 Finished transferring input files
...
001 (16626177.229.000) 02/17 01:00:42 Job executing on host: <188.185.214.11:9618?addrs=188.185.214.11-9618+[2001-1458-303-1c--100-7]-9618&alias=b9p29p4563.cern.ch&noUDP&sock=startd_3788_d4d6>
	SlotName: slot1_13@b9p29p4563.cern.ch
	CondorScratchDir = "/pool/condor/dir_842482"
	Cpus = 1
	Disk = 3807
	GPUs = 0
	Memory = 3000
...
006 (16626177.229.000) 02/17 01:00:50 Image size of job updated: 101464
	100  -  MemoryUsage of job (MB)
	101464  -  ResidentSetSize of job (KB)
...
006 (16626177.229.000) 02/17 01:05:50 Image size of job updated: 140096
	137  -  MemoryUsage of job (MB)
	140096  -  ResidentSetSize of job (KB)
...
006 (16626177.229.000) 02/17 01:10:51 Image size of job updated: 143912
	141  -  MemoryUsage of job (MB)
	143912  -  ResidentSetSize of job (KB)
...
006 (16626177.229.000) 02/17 01:15:51 Image size of job updated: 144884
	142  -  MemoryUsage of job (MB)
	144884  -  ResidentSetSize of job (KB)
...
006 (16626177.229.000) 02/17 01:20:51 Image size of job updated: 146284
	143  -  MemoryUsage of job (MB)
	146284  -  ResidentSetSize of job (KB)
...
006 (16626177.229.000) 02/17 01:30:52 Image size of job updated: 165948
	163  -  MemoryUsage of job (MB)
	165948  -  ResidentSetSize of job (KB)
...
006 (16626177.229.000) 02/17 01:40:53 Image size of job updated: 169228
	166  -  MemoryUsage of job (MB)
	169228  -  ResidentSetSize of job (KB)
...
040 (16626177.229.000) 02/17 01:46:01 Started transferring output files
...
040 (16626177.229.000) 02/17 01:46:01 Finished transferring output files
...
005 (16626177.229.000) 02/17 01:46:01 Job terminated.
	(1) Normal termination (return value 0)
		Usr 0 00:43:38, Sys 0 00:00:10  -  Run Remote Usage
		Usr 0 00:00:00, Sys 0 00:00:00  -  Run Local Usage
		Usr 0 00:43:38, Sys 0 00:00:10  -  Total Remote Usage
		Usr 0 00:00:00, Sys 0 00:00:00  -  Total Local Usage
	8155  -  Run Bytes Sent By Job
	10428  -  Run Bytes Received By Job
	8155  -  Total Bytes Sent By Job
	10428  -  Total Bytes Received By Job
	Partitionable Resources :    Usage  Request Allocated 
	   Cpus                 :     0.96        1         1 
	   Disk (KB)            :    43          12      3807 
	   GPUs                 :                           0 
	   Memory (MB)          :   166        3000      3000 

	Job terminated of its own accord at 2025-02-17T00:46:01Z with exit-code 0.
...
