000 (16626177.061.000) 02/17 00:58:07 Job submitted from host: <188.185.72.155:9618?addrs=188.185.72.155-9618+[2001-1458-d00-8--100-95]-9618&alias=bigbird08.cern.ch&noUDP&sock=schedd_862983_22fa>
...
040 (16626177.061.000) 02/17 00:58:32 Started transferring input files
	Transferring to host: <128.142.161.140:9618?addrs=128.142.161.140-9618+[2001-1458-301-b9--100-9]-9618&alias=b9g03p3557.cern.ch&noUDP&sock=slot1_3_1097465_1fad_931>
...
040 (16626177.061.000) 02/17 00:58:32 Finished transferring input files
...
001 (16626177.061.000) 02/17 00:58:33 Job executing on host: <128.142.161.140:9618?addrs=128.142.161.140-9618+[2001-1458-301-b9--100-9]-9618&alias=b9g03p3557.cern.ch&noUDP&sock=startd_6698_d96f>
	SlotName: slot1_3@b9g03p3557.cern.ch
	CondorScratchDir = "/pool/condor/dir_1015283"
	Cpus = 1
	Disk = 3996
	GPUs = 0
	Memory = 3000
...
006 (16626177.061.000) 02/17 00:58:42 Image size of job updated: 354492
	347  -  MemoryUsage of job (MB)
	354492  -  ResidentSetSize of job (KB)
...
006 (16626177.061.000) 02/17 01:03:42 Image size of job updated: 422220
	413  -  MemoryUsage of job (MB)
	422220  -  ResidentSetSize of job (KB)
...
006 (16626177.061.000) 02/17 01:08:42 Image size of job updated: 423904
	414  -  MemoryUsage of job (MB)
	423904  -  ResidentSetSize of job (KB)
...
006 (16626177.061.000) 02/17 01:13:43 Image size of job updated: 427636
	418  -  MemoryUsage of job (MB)
	427636  -  ResidentSetSize of job (KB)
...
006 (16626177.061.000) 02/17 01:18:44 Image size of job updated: 428580
	419  -  MemoryUsage of job (MB)
	428580  -  ResidentSetSize of job (KB)
...
006 (16626177.061.000) 02/17 01:23:44 Image size of job updated: 430476
	421  -  MemoryUsage of job (MB)
	430476  -  ResidentSetSize of job (KB)
...
006 (16626177.061.000) 02/17 01:33:46 Image size of job updated: 434248
	425  -  MemoryUsage of job (MB)
	434248  -  ResidentSetSize of job (KB)
...
006 (16626177.061.000) 02/17 01:43:46 Image size of job updated: 434748
	425  -  MemoryUsage of job (MB)
	434748  -  ResidentSetSize of job (KB)
...
006 (16626177.061.000) 02/17 01:48:47 Image size of job updated: 435824
	426  -  MemoryUsage of job (MB)
	435824  -  ResidentSetSize of job (KB)
...
006 (16626177.061.000) 02/17 01:53:47 Image size of job updated: 436664
	427  -  MemoryUsage of job (MB)
	436664  -  ResidentSetSize of job (KB)
...
040 (16626177.061.000) 02/17 01:56:22 Started transferring output files
...
040 (16626177.061.000) 02/17 01:56:22 Finished transferring output files
...
005 (16626177.061.000) 02/17 01:56:22 Job terminated.
	(1) Normal termination (return value 0)
		Usr 0 00:57:10, Sys 0 00:00:02  -  Run Remote Usage
		Usr 0 00:00:00, Sys 0 00:00:00  -  Run Local Usage
		Usr 0 00:57:10, Sys 0 00:00:02  -  Total Remote Usage
		Usr 0 00:00:00, Sys 0 00:00:00  -  Total Local Usage
	8150  -  Run Bytes Sent By Job
	10428  -  Run Bytes Received By Job
	8150  -  Total Bytes Sent By Job
	10428  -  Total Bytes Received By Job
	Partitionable Resources :    Usage  Request Allocated 
	   Cpus                 :     0.99        1         1 
	   Disk (KB)            :    43          12      3996 
	   GPUs                 :                           0 
	   Memory (MB)          :   427        3000      3000 

	Job terminated of its own accord at 2025-02-17T00:56:22Z with exit-code 0.
...
