000 (16626177.192.000) 02/17 00:58:07 Job submitted from host: <188.185.72.155:9618?addrs=188.185.72.155-9618+[2001-1458-d00-8--100-95]-9618&alias=bigbird08.cern.ch&noUDP&sock=schedd_862983_22fa>
...
040 (16626177.192.000) 02/17 01:00:34 Started transferring input files
	Transferring to host: <128.142.161.141:9618?addrs=128.142.161.141-9618+[2001-1458-301-b9--100-a]-9618&alias=b9g03p9566.cern.ch&noUDP&sock=slot1_14_2178531_eb26_3469>
...
040 (16626177.192.000) 02/17 01:00:34 Finished transferring input files
...
001 (16626177.192.000) 02/17 01:00:35 Job executing on host: <128.142.161.141:9618?addrs=128.142.161.141-9618+[2001-1458-301-b9--100-a]-9618&alias=b9g03p9566.cern.ch&noUDP&sock=startd_5409_b3db>
	SlotName: slot1_14@b9g03p9566.cern.ch
	CondorScratchDir = "/pool/condor/dir_2128744"
	Cpus = 1
	Disk = 3924
	GPUs = 0
	Memory = 3000
...
006 (16626177.192.000) 02/17 01:00:44 Image size of job updated: 357416
	350  -  MemoryUsage of job (MB)
	357416  -  ResidentSetSize of job (KB)
...
006 (16626177.192.000) 02/17 01:05:45 Image size of job updated: 390848
	382  -  MemoryUsage of job (MB)
	390848  -  ResidentSetSize of job (KB)
...
006 (16626177.192.000) 02/17 01:10:46 Image size of job updated: 425748
	416  -  MemoryUsage of job (MB)
	425748  -  ResidentSetSize of job (KB)
...
006 (16626177.192.000) 02/17 01:15:46 Image size of job updated: 426336
	417  -  MemoryUsage of job (MB)
	426336  -  ResidentSetSize of job (KB)
...
006 (16626177.192.000) 02/17 01:20:47 Image size of job updated: 430536
	421  -  MemoryUsage of job (MB)
	430536  -  ResidentSetSize of job (KB)
...
006 (16626177.192.000) 02/17 01:25:48 Image size of job updated: 430724
	421  -  MemoryUsage of job (MB)
	430724  -  ResidentSetSize of job (KB)
...
006 (16626177.192.000) 02/17 01:30:48 Image size of job updated: 432472
	423  -  MemoryUsage of job (MB)
	432472  -  ResidentSetSize of job (KB)
...
006 (16626177.192.000) 02/17 01:35:48 Image size of job updated: 433252
	424  -  MemoryUsage of job (MB)
	433252  -  ResidentSetSize of job (KB)
...
006 (16626177.192.000) 02/17 01:50:49 Image size of job updated: 447180
	437  -  MemoryUsage of job (MB)
	447180  -  ResidentSetSize of job (KB)
...
006 (16626177.192.000) 02/17 02:00:51 Image size of job updated: 448048
	438  -  MemoryUsage of job (MB)
	448048  -  ResidentSetSize of job (KB)
...
006 (16626177.192.000) 02/17 02:05:51 Image size of job updated: 451664
	442  -  MemoryUsage of job (MB)
	451664  -  ResidentSetSize of job (KB)
...
040 (16626177.192.000) 02/17 02:14:23 Started transferring output files
...
040 (16626177.192.000) 02/17 02:14:23 Finished transferring output files
...
005 (16626177.192.000) 02/17 02:14:23 Job terminated.
	(1) Normal termination (return value 0)
		Usr 0 01:06:08, Sys 0 00:00:03  -  Run Remote Usage
		Usr 0 00:00:00, Sys 0 00:00:00  -  Run Local Usage
		Usr 0 01:06:08, Sys 0 00:00:03  -  Total Remote Usage
		Usr 0 00:00:00, Sys 0 00:00:00  -  Total Local Usage
	8155  -  Run Bytes Sent By Job
	10428  -  Run Bytes Received By Job
	8155  -  Total Bytes Sent By Job
	10428  -  Total Bytes Received By Job
	Partitionable Resources :    Usage  Request Allocated 
	   Cpus                 :     0.93        1         1 
	   Disk (KB)            :    43          12      3924 
	   GPUs                 :                           0 
	   Memory (MB)          :   442        3000      3000 

	Job terminated of its own accord at 2025-02-17T01:14:22Z with exit-code 0.
...
