000 (16626177.000.000) 02/17 00:58:07 Job submitted from host: <188.185.72.155:9618?addrs=188.185.72.155-9618+[2001-1458-d00-8--100-95]-9618&alias=bigbird08.cern.ch&noUDP&sock=schedd_862983_22fa>
...
040 (16626177.000.000) 02/17 00:58:12 Started transferring input files
	Transferring to host: <188.185.193.63:9618?addrs=188.185.193.63-9618+[2001-1458-303-20--100-3b]-9618&alias=b9p19p4126.cern.ch&noUDP&sock=slot1_24_556324_55d8_4954>
...
040 (16626177.000.000) 02/17 00:58:12 Finished transferring input files
...
001 (16626177.000.000) 02/17 00:58:13 Job executing on host: <188.185.193.63:9618?addrs=188.185.193.63-9618+[2001-1458-303-20--100-3b]-9618&alias=b9p19p4126.cern.ch&noUDP&sock=startd_7132_8989>
	SlotName: slot1_24@b9p19p4126.cern.ch
	CondorScratchDir = "/pool/condor/dir_798367"
	Cpus = 1
	Disk = 3807
	GPUs = 0
	Memory = 3000
...
006 (16626177.000.000) 02/17 00:58:21 Image size of job updated: 1864
	2  -  MemoryUsage of job (MB)
	1864  -  ResidentSetSize of job (KB)
...
006 (16626177.000.000) 02/17 01:03:21 Image size of job updated: 444796
	435  -  MemoryUsage of job (MB)
	444796  -  ResidentSetSize of job (KB)
...
006 (16626177.000.000) 02/17 01:08:22 Image size of job updated: 445516
	436  -  MemoryUsage of job (MB)
	445516  -  ResidentSetSize of job (KB)
...
006 (16626177.000.000) 02/17 01:13:23 Image size of job updated: 449112
	439  -  MemoryUsage of job (MB)
	449112  -  ResidentSetSize of job (KB)
...
006 (16626177.000.000) 02/17 01:18:23 Image size of job updated: 449956
	440  -  MemoryUsage of job (MB)
	449956  -  ResidentSetSize of job (KB)
...
006 (16626177.000.000) 02/17 01:23:24 Image size of job updated: 452412
	442  -  MemoryUsage of job (MB)
	452412  -  ResidentSetSize of job (KB)
...
006 (16626177.000.000) 02/17 01:28:25 Image size of job updated: 453372
	443  -  MemoryUsage of job (MB)
	453372  -  ResidentSetSize of job (KB)
...
006 (16626177.000.000) 02/17 01:33:25 Image size of job updated: 454004
	444  -  MemoryUsage of job (MB)
	454004  -  ResidentSetSize of job (KB)
...
006 (16626177.000.000) 02/17 01:38:25 Image size of job updated: 454024
	444  -  MemoryUsage of job (MB)
	454024  -  ResidentSetSize of job (KB)
...
006 (16626177.000.000) 02/17 01:43:26 Image size of job updated: 455020
	445  -  MemoryUsage of job (MB)
	455020  -  ResidentSetSize of job (KB)
...
006 (16626177.000.000) 02/17 01:48:26 Image size of job updated: 456348
	446  -  MemoryUsage of job (MB)
	456348  -  ResidentSetSize of job (KB)
...
040 (16626177.000.000) 02/17 01:50:55 Started transferring output files
...
040 (16626177.000.000) 02/17 01:50:55 Finished transferring output files
...
005 (16626177.000.000) 02/17 01:50:55 Job terminated.
	(1) Normal termination (return value 0)
		Usr 0 00:51:40, Sys 0 00:00:02  -  Run Remote Usage
		Usr 0 00:00:00, Sys 0 00:00:00  -  Run Local Usage
		Usr 0 00:51:40, Sys 0 00:00:02  -  Total Remote Usage
		Usr 0 00:00:00, Sys 0 00:00:00  -  Total Local Usage
	8143  -  Run Bytes Sent By Job
	10428  -  Run Bytes Received By Job
	8143  -  Total Bytes Sent By Job
	10428  -  Total Bytes Received By Job
	Partitionable Resources :    Usage  Request Allocated 
	   Cpus                 :     0.99        1         1 
	   Disk (KB)            :    44          12      3807 
	   GPUs                 :                           0 
	   Memory (MB)          :   446        3000      3000 

	Job terminated of its own accord at 2025-02-17T00:50:55Z with exit-code 0.
...
