000 (16626177.220.000) 02/17 00:58:07 Job submitted from host: <188.185.72.155:9618?addrs=188.185.72.155-9618+[2001-1458-d00-8--100-95]-9618&alias=bigbird08.cern.ch&noUDP&sock=schedd_862983_22fa>
...
040 (16626177.220.000) 02/17 01:00:42 Started transferring input files
	Transferring to host: <188.185.194.160:9618?addrs=188.185.194.160-9618+[2001-1458-303-21--100-9c]-9618&alias=b9p20p2494.cern.ch&noUDP&sock=slot1_19_975203_7c01_12506>
...
040 (16626177.220.000) 02/17 01:00:42 Finished transferring input files
...
001 (16626177.220.000) 02/17 01:00:43 Job executing on host: <188.185.194.160:9618?addrs=188.185.194.160-9618+[2001-1458-303-21--100-9c]-9618&alias=b9p20p2494.cern.ch&noUDP&sock=startd_9004_92d4>
	SlotName: slot1_19@b9p20p2494.cern.ch
	CondorScratchDir = "/pool/condor/dir_384718"
	Cpus = 1
	Disk = 3769
	GPUs = 0
	Memory = 3000
...
006 (16626177.220.000) 02/17 01:00:51 Image size of job updated: 71152
	70  -  MemoryUsage of job (MB)
	71152  -  ResidentSetSize of job (KB)
...
006 (16626177.220.000) 02/17 01:05:51 Image size of job updated: 138752
	136  -  MemoryUsage of job (MB)
	138752  -  ResidentSetSize of job (KB)
...
006 (16626177.220.000) 02/17 01:10:52 Image size of job updated: 144096
	141  -  MemoryUsage of job (MB)
	144096  -  ResidentSetSize of job (KB)
...
006 (16626177.220.000) 02/17 01:15:53 Image size of job updated: 145012
	142  -  MemoryUsage of job (MB)
	145012  -  ResidentSetSize of job (KB)
...
006 (16626177.220.000) 02/17 01:25:54 Image size of job updated: 153020
	150  -  MemoryUsage of job (MB)
	153020  -  ResidentSetSize of job (KB)
...
006 (16626177.220.000) 02/17 01:30:55 Image size of job updated: 165332
	162  -  MemoryUsage of job (MB)
	165332  -  ResidentSetSize of job (KB)
...
006 (16626177.220.000) 02/17 01:35:55 Image size of job updated: 169732
	166  -  MemoryUsage of job (MB)
	169732  -  ResidentSetSize of job (KB)
...
006 (16626177.220.000) 02/17 01:40:55 Image size of job updated: 170560
	167  -  MemoryUsage of job (MB)
	170560  -  ResidentSetSize of job (KB)
...
040 (16626177.220.000) 02/17 01:43:27 Started transferring output files
...
040 (16626177.220.000) 02/17 01:43:27 Finished transferring output files
...
005 (16626177.220.000) 02/17 01:43:27 Job terminated.
	(1) Normal termination (return value 0)
		Usr 0 00:42:22, Sys 0 00:00:01  -  Run Remote Usage
		Usr 0 00:00:00, Sys 0 00:00:00  -  Run Local Usage
		Usr 0 00:42:22, Sys 0 00:00:01  -  Total Remote Usage
		Usr 0 00:00:00, Sys 0 00:00:00  -  Total Local Usage
	8134  -  Run Bytes Sent By Job
	10428  -  Run Bytes Received By Job
	8134  -  Total Bytes Sent By Job
	10428  -  Total Bytes Received By Job
	Partitionable Resources :    Usage  Request Allocated 
	   Cpus                 :     0.99        1         1 
	   Disk (KB)            :    44          12      3769 
	   GPUs                 :                           0 
	   Memory (MB)          :   167        3000      3000 

	Job terminated of its own accord at 2025-02-17T00:43:27Z with exit-code 0.
...
