000 (16626177.375.000) 02/17 00:58:07 Job submitted from host: <188.185.72.155:9618?addrs=188.185.72.155-9618+[2001-1458-d00-8--100-95]-9618&alias=bigbird08.cern.ch&noUDP&sock=schedd_862983_22fa>
...
040 (16626177.375.000) 02/17 01:04:48 Started transferring input files
	Transferring to host: <188.185.213.228:9618?addrs=188.185.213.228-9618+[2001-1458-303-1b--100-60]-9618&alias=b9p28p4003.cern.ch&noUDP&sock=slot1_17_2778520_7255_94226>
...
040 (16626177.375.000) 02/17 01:04:48 Finished transferring input files
...
001 (16626177.375.000) 02/17 01:04:49 Job executing on host: <188.185.213.228:9618?addrs=188.185.213.228-9618+[2001-1458-303-1b--100-60]-9618&alias=b9p28p4003.cern.ch&noUDP&sock=startd_1818745_5f2b>
	SlotName: slot1_17@b9p28p4003.cern.ch
	CondorScratchDir = "/pool/condor/dir_399921"
	Cpus = 1
	Disk = 3863
	GPUs = 0
	Memory = 3000
...
006 (16626177.375.000) 02/17 01:04:57 Image size of job updated: 101632
	100  -  MemoryUsage of job (MB)
	101632  -  ResidentSetSize of job (KB)
...
006 (16626177.375.000) 02/17 01:09:57 Image size of job updated: 139636
	137  -  MemoryUsage of job (MB)
	139636  -  ResidentSetSize of job (KB)
...
006 (16626177.375.000) 02/17 01:14:58 Image size of job updated: 143188
	140  -  MemoryUsage of job (MB)
	143188  -  ResidentSetSize of job (KB)
...
006 (16626177.375.000) 02/17 01:19:58 Image size of job updated: 144432
	142  -  MemoryUsage of job (MB)
	144432  -  ResidentSetSize of job (KB)
...
006 (16626177.375.000) 02/17 01:24:58 Image size of job updated: 145212
	142  -  MemoryUsage of job (MB)
	145212  -  ResidentSetSize of job (KB)
...
006 (16626177.375.000) 02/17 01:35:00 Image size of job updated: 147156
	144  -  MemoryUsage of job (MB)
	147156  -  ResidentSetSize of job (KB)
...
006 (16626177.375.000) 02/17 01:40:00 Image size of job updated: 147528
	145  -  MemoryUsage of job (MB)
	147528  -  ResidentSetSize of job (KB)
...
006 (16626177.375.000) 02/17 01:45:01 Image size of job updated: 151428
	148  -  MemoryUsage of job (MB)
	151428  -  ResidentSetSize of job (KB)
...
040 (16626177.375.000) 02/17 01:48:01 Started transferring output files
...
040 (16626177.375.000) 02/17 01:48:02 Finished transferring output files
...
005 (16626177.375.000) 02/17 01:48:02 Job terminated.
	(1) Normal termination (return value 0)
		Usr 0 00:42:12, Sys 0 00:00:03  -  Run Remote Usage
		Usr 0 00:00:00, Sys 0 00:00:00  -  Run Local Usage
		Usr 0 00:42:12, Sys 0 00:00:03  -  Total Remote Usage
		Usr 0 00:00:00, Sys 0 00:00:00  -  Total Local Usage
	8134  -  Run Bytes Sent By Job
	10428  -  Run Bytes Received By Job
	8134  -  Total Bytes Sent By Job
	10428  -  Total Bytes Received By Job
	Partitionable Resources :    Usage  Request Allocated 
	   Cpus                 :     0.98        1         1 
	   Disk (KB)            :    43          12      3863 
	   GPUs                 :                           0 
	   Memory (MB)          :   148        3000      3000 

	Job terminated of its own accord at 2025-02-17T00:48:01Z with exit-code 0.
...
