000 (16626177.392.000) 02/17 00:58:07 Job submitted from host: <188.185.72.155:9618?addrs=188.185.72.155-9618+[2001-1458-d00-8--100-95]-9618&alias=bigbird08.cern.ch&noUDP&sock=schedd_862983_22fa>
...
040 (16626177.392.000) 02/17 01:04:54 Started transferring input files
	Transferring to host: <188.185.195.149:9618?addrs=188.185.195.149-9618+[2001-1458-303-22--100-91]-9618&alias=b9p17p9437.cern.ch&noUDP&sock=slot1_32_250988_8057_73713>
...
040 (16626177.392.000) 02/17 01:04:54 Finished transferring input files
...
001 (16626177.392.000) 02/17 01:04:55 Job executing on host: <188.185.195.149:9618?addrs=188.185.195.149-9618+[2001-1458-303-22--100-91]-9618&alias=b9p17p9437.cern.ch&noUDP&sock=startd_4837_5baf>
	SlotName: slot1_32@b9p17p9437.cern.ch
	CondorScratchDir = "/pool/condor/dir_151759"
	Cpus = 1
	Disk = 3876
	GPUs = 0
	Memory = 3000
...
006 (16626177.392.000) 02/17 01:05:03 Image size of job updated: 69928
	69  -  MemoryUsage of job (MB)
	69928  -  ResidentSetSize of job (KB)
...
006 (16626177.392.000) 02/17 01:10:03 Image size of job updated: 100436
	99  -  MemoryUsage of job (MB)
	100436  -  ResidentSetSize of job (KB)
...
006 (16626177.392.000) 02/17 01:15:04 Image size of job updated: 137488
	135  -  MemoryUsage of job (MB)
	137488  -  ResidentSetSize of job (KB)
...
006 (16626177.392.000) 02/17 01:20:04 Image size of job updated: 141016
	138  -  MemoryUsage of job (MB)
	141016  -  ResidentSetSize of job (KB)
...
006 (16626177.392.000) 02/17 01:25:04 Image size of job updated: 141320
	139  -  MemoryUsage of job (MB)
	141320  -  ResidentSetSize of job (KB)
...
006 (16626177.392.000) 02/17 01:30:05 Image size of job updated: 142408
	140  -  MemoryUsage of job (MB)
	142408  -  ResidentSetSize of job (KB)
...
006 (16626177.392.000) 02/17 01:35:06 Image size of job updated: 142904
	140  -  MemoryUsage of job (MB)
	142904  -  ResidentSetSize of job (KB)
...
006 (16626177.392.000) 02/17 01:50:08 Image size of job updated: 146836
	144  -  MemoryUsage of job (MB)
	146836  -  ResidentSetSize of job (KB)
...
006 (16626177.392.000) 02/17 01:55:08 Image size of job updated: 147492
	145  -  MemoryUsage of job (MB)
	147492  -  ResidentSetSize of job (KB)
...
006 (16626177.392.000) 02/17 02:00:08 Image size of job updated: 148056
	145  -  MemoryUsage of job (MB)
	148056  -  ResidentSetSize of job (KB)
...
006 (16626177.392.000) 02/17 02:05:09 Image size of job updated: 154608
	151  -  MemoryUsage of job (MB)
	154608  -  ResidentSetSize of job (KB)
...
040 (16626177.392.000) 02/17 02:14:45 Started transferring output files
...
040 (16626177.392.000) 02/17 02:14:45 Finished transferring output files
...
005 (16626177.392.000) 02/17 02:14:45 Job terminated.
	(1) Normal termination (return value 0)
		Usr 0 01:04:51, Sys 0 00:00:03  -  Run Remote Usage
		Usr 0 00:00:00, Sys 0 00:00:00  -  Run Local Usage
		Usr 0 01:04:51, Sys 0 00:00:03  -  Total Remote Usage
		Usr 0 00:00:00, Sys 0 00:00:00  -  Total Local Usage
	8155  -  Run Bytes Sent By Job
	10428  -  Run Bytes Received By Job
	8155  -  Total Bytes Sent By Job
	10428  -  Total Bytes Received By Job
	Partitionable Resources :    Usage  Request Allocated 
	   Cpus                 :     0.98        1         1 
	   Disk (KB)            :    43          12      3876 
	   GPUs                 :                           0 
	   Memory (MB)          :   151        3000      3000 

	Job terminated of its own accord at 2025-02-17T01:14:45Z with exit-code 0.
...
