000 (16626177.348.000) 02/17 00:58:07 Job submitted from host: <188.185.72.155:9618?addrs=188.185.72.155-9618+[2001-1458-d00-8--100-95]-9618&alias=bigbird08.cern.ch&noUDP&sock=schedd_862983_22fa>
...
040 (16626177.348.000) 02/17 01:04:39 Started transferring input files
	Transferring to host: <188.185.193.60:9618?addrs=188.185.193.60-9618+[2001-1458-303-20--100-38]-9618&alias=b9p19p3889.cern.ch&noUDP&sock=slot1_28_1881163_42ea_20772>
...
040 (16626177.348.000) 02/17 01:04:39 Finished transferring input files
...
001 (16626177.348.000) 02/17 01:04:40 Job executing on host: <188.185.193.60:9618?addrs=188.185.193.60-9618+[2001-1458-303-20--100-38]-9618&alias=b9p19p3889.cern.ch&noUDP&sock=startd_7048_eb95>
	SlotName: slot1_28@b9p19p3889.cern.ch
	CondorScratchDir = "/pool/condor/dir_325201"
	Cpus = 1
	Disk = 3770
	GPUs = 0
	Memory = 3000
...
006 (16626177.348.000) 02/17 01:04:48 Image size of job updated: 70232
	69  -  MemoryUsage of job (MB)
	70232  -  ResidentSetSize of job (KB)
...
006 (16626177.348.000) 02/17 01:09:48 Image size of job updated: 139012
	136  -  MemoryUsage of job (MB)
	139012  -  ResidentSetSize of job (KB)
...
006 (16626177.348.000) 02/17 01:14:49 Image size of job updated: 142868
	140  -  MemoryUsage of job (MB)
	142868  -  ResidentSetSize of job (KB)
...
006 (16626177.348.000) 02/17 01:19:50 Image size of job updated: 144340
	141  -  MemoryUsage of job (MB)
	144340  -  ResidentSetSize of job (KB)
...
006 (16626177.348.000) 02/17 01:24:50 Image size of job updated: 145300
	142  -  MemoryUsage of job (MB)
	145300  -  ResidentSetSize of job (KB)
...
006 (16626177.348.000) 02/17 01:34:53 Image size of job updated: 161616
	158  -  MemoryUsage of job (MB)
	161616  -  ResidentSetSize of job (KB)
...
006 (16626177.348.000) 02/17 01:39:53 Image size of job updated: 165024
	162  -  MemoryUsage of job (MB)
	165024  -  ResidentSetSize of job (KB)
...
006 (16626177.348.000) 02/17 01:44:53 Image size of job updated: 166160
	163  -  MemoryUsage of job (MB)
	166160  -  ResidentSetSize of job (KB)
...
040 (16626177.348.000) 02/17 01:48:57 Started transferring output files
...
040 (16626177.348.000) 02/17 01:48:57 Finished transferring output files
...
005 (16626177.348.000) 02/17 01:48:57 Job terminated.
	(1) Normal termination (return value 0)
		Usr 0 00:43:54, Sys 0 00:00:01  -  Run Remote Usage
		Usr 0 00:00:00, Sys 0 00:00:00  -  Run Local Usage
		Usr 0 00:43:54, Sys 0 00:00:01  -  Total Remote Usage
		Usr 0 00:00:00, Sys 0 00:00:00  -  Total Local Usage
	8155  -  Run Bytes Sent By Job
	10428  -  Run Bytes Received By Job
	8155  -  Total Bytes Sent By Job
	10428  -  Total Bytes Received By Job
	Partitionable Resources :    Usage  Request Allocated 
	   Cpus                 :     0.99        1         1 
	   Disk (KB)            :    43          12      3770 
	   GPUs                 :                           0 
	   Memory (MB)          :   163        3000      3000 

	Job terminated of its own accord at 2025-02-17T00:48:57Z with exit-code 0.
...
