000 (16626177.294.000) 02/17 00:58:07 Job submitted from host: <188.185.72.155:9618?addrs=188.185.72.155-9618+[2001-1458-d00-8--100-95]-9618&alias=bigbird08.cern.ch&noUDP&sock=schedd_862983_22fa>
...
040 (16626177.294.000) 02/17 01:04:21 Started transferring input files
	Transferring to host: <128.142.161.82:9618?addrs=128.142.161.82-9618+[2001-1458-301-b8--100-10]-9618&alias=b9g03p2606.cern.ch&noUDP&sock=slot1_14_2255212_9eb5_6671>
...
040 (16626177.294.000) 02/17 01:04:21 Finished transferring input files
...
001 (16626177.294.000) 02/17 01:04:22 Job executing on host: <128.142.161.82:9618?addrs=128.142.161.82-9618+[2001-1458-301-b8--100-10]-9618&alias=b9g03p2606.cern.ch&noUDP&sock=startd_3200_8326>
	SlotName: slot1_14@b9g03p2606.cern.ch
	CondorScratchDir = "/pool/condor/dir_4037633"
	Cpus = 1
	Disk = 3963
	GPUs = 0
	Memory = 3000
...
006 (16626177.294.000) 02/17 01:04:31 Image size of job updated: 69944
	69  -  MemoryUsage of job (MB)
	69944  -  ResidentSetSize of job (KB)
...
006 (16626177.294.000) 02/17 01:09:32 Image size of job updated: 102388
	100  -  MemoryUsage of job (MB)
	102388  -  ResidentSetSize of job (KB)
...
006 (16626177.294.000) 02/17 01:14:33 Image size of job updated: 139980
	137  -  MemoryUsage of job (MB)
	139980  -  ResidentSetSize of job (KB)
...
006 (16626177.294.000) 02/17 01:19:33 Image size of job updated: 143340
	140  -  MemoryUsage of job (MB)
	143340  -  ResidentSetSize of job (KB)
...
006 (16626177.294.000) 02/17 01:24:33 Image size of job updated: 144092
	141  -  MemoryUsage of job (MB)
	144092  -  ResidentSetSize of job (KB)
...
006 (16626177.294.000) 02/17 01:29:34 Image size of job updated: 144796
	142  -  MemoryUsage of job (MB)
	144796  -  ResidentSetSize of job (KB)
...
006 (16626177.294.000) 02/17 01:34:34 Image size of job updated: 145800
	143  -  MemoryUsage of job (MB)
	145800  -  ResidentSetSize of job (KB)
...
006 (16626177.294.000) 02/17 01:49:36 Image size of job updated: 148056
	145  -  MemoryUsage of job (MB)
	148056  -  ResidentSetSize of job (KB)
...
006 (16626177.294.000) 02/17 01:54:36 Image size of job updated: 148084
	145  -  MemoryUsage of job (MB)
	148084  -  ResidentSetSize of job (KB)
...
006 (16626177.294.000) 02/17 01:59:37 Image size of job updated: 160396
	157  -  MemoryUsage of job (MB)
	160396  -  ResidentSetSize of job (KB)
...
006 (16626177.294.000) 02/17 02:04:38 Image size of job updated: 164008
	161  -  MemoryUsage of job (MB)
	164008  -  ResidentSetSize of job (KB)
...
006 (16626177.294.000) 02/17 02:09:38 Image size of job updated: 164640
	161  -  MemoryUsage of job (MB)
	164640  -  ResidentSetSize of job (KB)
...
006 (16626177.294.000) 02/17 02:14:39 Image size of job updated: 165252
	162  -  MemoryUsage of job (MB)
	165252  -  ResidentSetSize of job (KB)
...
040 (16626177.294.000) 02/17 02:17:18 Started transferring output files
...
040 (16626177.294.000) 02/17 02:17:18 Finished transferring output files
...
005 (16626177.294.000) 02/17 02:17:18 Job terminated.
	(1) Normal termination (return value 0)
		Usr 0 01:07:39, Sys 0 00:00:03  -  Run Remote Usage
		Usr 0 00:00:00, Sys 0 00:00:00  -  Run Local Usage
		Usr 0 01:07:39, Sys 0 00:00:03  -  Total Remote Usage
		Usr 0 00:00:00, Sys 0 00:00:00  -  Total Local Usage
	8153  -  Run Bytes Sent By Job
	10428  -  Run Bytes Received By Job
	8153  -  Total Bytes Sent By Job
	10428  -  Total Bytes Received By Job
	Partitionable Resources :    Usage  Request Allocated 
	   Cpus                 :     0.96        1         1 
	   Disk (KB)            :    43          12      3963 
	   GPUs                 :                           0 
	   Memory (MB)          :   162        3000      3000 

	Job terminated of its own accord at 2025-02-17T01:17:18Z with exit-code 0.
...
