000 (16626177.414.000) 02/17 00:58:07 Job submitted from host: <188.185.72.155:9618?addrs=188.185.72.155-9618+[2001-1458-d00-8--100-95]-9618&alias=bigbird08.cern.ch&noUDP&sock=schedd_862983_22fa>
...
040 (16626177.414.000) 02/17 01:05:07 Started transferring input files
	Transferring to host: <128.142.161.98:9618?addrs=128.142.161.98-9618+[2001-1458-301-b8--100-20]-9618&alias=b9g03p9785.cern.ch&noUDP&sock=slot1_23_1293671_0018_2454>
...
040 (16626177.414.000) 02/17 01:05:07 Finished transferring input files
...
001 (16626177.414.000) 02/17 01:05:08 Job executing on host: <128.142.161.98:9618?addrs=128.142.161.98-9618+[2001-1458-301-b8--100-20]-9618&alias=b9g03p9785.cern.ch&noUDP&sock=startd_2569_b2e4>
	SlotName: slot1_23@b9g03p9785.cern.ch
	CondorScratchDir = "/pool/condor/dir_490300"
	Cpus = 1
	Disk = 3983
	GPUs = 0
	Memory = 3000
...
006 (16626177.414.000) 02/17 01:05:16 Image size of job updated: 110792
	109  -  MemoryUsage of job (MB)
	110792  -  ResidentSetSize of job (KB)
...
006 (16626177.414.000) 02/17 01:10:16 Image size of job updated: 142860
	140  -  MemoryUsage of job (MB)
	142860  -  ResidentSetSize of job (KB)
...
006 (16626177.414.000) 02/17 01:15:17 Image size of job updated: 179344
	176  -  MemoryUsage of job (MB)
	179344  -  ResidentSetSize of job (KB)
...
006 (16626177.414.000) 02/17 01:20:17 Image size of job updated: 182584
	179  -  MemoryUsage of job (MB)
	182584  -  ResidentSetSize of job (KB)
...
006 (16626177.414.000) 02/17 01:25:17 Image size of job updated: 183748
	180  -  MemoryUsage of job (MB)
	183748  -  ResidentSetSize of job (KB)
...
006 (16626177.414.000) 02/17 01:30:18 Image size of job updated: 184964
	181  -  MemoryUsage of job (MB)
	184964  -  ResidentSetSize of job (KB)
...
006 (16626177.414.000) 02/17 01:45:20 Image size of job updated: 189880
	186  -  MemoryUsage of job (MB)
	189880  -  ResidentSetSize of job (KB)
...
006 (16626177.414.000) 02/17 01:50:21 Image size of job updated: 189916
	186  -  MemoryUsage of job (MB)
	189916  -  ResidentSetSize of job (KB)
...
006 (16626177.414.000) 02/17 01:55:21 Image size of job updated: 193004
	189  -  MemoryUsage of job (MB)
	193004  -  ResidentSetSize of job (KB)
...
006 (16626177.414.000) 02/17 02:00:21 Image size of job updated: 194584
	191  -  MemoryUsage of job (MB)
	194584  -  ResidentSetSize of job (KB)
...
040 (16626177.414.000) 02/17 02:03:06 Started transferring output files
...
040 (16626177.414.000) 02/17 02:03:06 Finished transferring output files
...
005 (16626177.414.000) 02/17 02:03:06 Job terminated.
	(1) Normal termination (return value 0)
		Usr 0 00:56:35, Sys 0 00:00:05  -  Run Remote Usage
		Usr 0 00:00:00, Sys 0 00:00:00  -  Run Local Usage
		Usr 0 00:56:35, Sys 0 00:00:05  -  Total Remote Usage
		Usr 0 00:00:00, Sys 0 00:00:00  -  Total Local Usage
	8155  -  Run Bytes Sent By Job
	10428  -  Run Bytes Received By Job
	8155  -  Total Bytes Sent By Job
	10428  -  Total Bytes Received By Job
	Partitionable Resources :    Usage  Request Allocated 
	   Cpus                 :     0.99        1         1 
	   Disk (KB)            :    43          12      3983 
	   GPUs                 :                           0 
	   Memory (MB)          :   191        3000      3000 

	Job terminated of its own accord at 2025-02-17T01:03:06Z with exit-code 0.
...
