000 (16626177.057.000) 02/17 00:58:07 Job submitted from host: <188.185.72.155:9618?addrs=188.185.72.155-9618+[2001-1458-d00-8--100-95]-9618&alias=bigbird08.cern.ch&noUDP&sock=schedd_862983_22fa>
...
040 (16626177.057.000) 02/17 00:58:31 Started transferring input files
	Transferring to host: <188.185.213.212:9618?addrs=188.185.213.212-9618+[2001-1458-303-1b--100-50]-9618&alias=b9p28p2314.cern.ch&noUDP&sock=slot1_13_3613526_b638_32778>
...
040 (16626177.057.000) 02/17 00:58:31 Finished transferring input files
...
001 (16626177.057.000) 02/17 00:58:32 Job executing on host: <188.185.213.212:9618?addrs=188.185.213.212-9618+[2001-1458-303-1b--100-50]-9618&alias=b9p28p2314.cern.ch&noUDP&sock=startd_3618_39bd>
	SlotName: slot1_13@b9p28p2314.cern.ch
	CondorScratchDir = "/pool/condor/dir_2831414"
	Cpus = 1
	Disk = 3755
	GPUs = 0
	Memory = 3000
...
006 (16626177.057.000) 02/17 00:58:41 Image size of job updated: 355844
	348  -  MemoryUsage of job (MB)
	355844  -  ResidentSetSize of job (KB)
...
006 (16626177.057.000) 02/17 01:03:42 Image size of job updated: 421712
	412  -  MemoryUsage of job (MB)
	421712  -  ResidentSetSize of job (KB)
...
006 (16626177.057.000) 02/17 01:08:42 Image size of job updated: 425048
	416  -  MemoryUsage of job (MB)
	425048  -  ResidentSetSize of job (KB)
...
006 (16626177.057.000) 02/17 01:13:42 Image size of job updated: 426268
	417  -  MemoryUsage of job (MB)
	426268  -  ResidentSetSize of job (KB)
...
006 (16626177.057.000) 02/17 01:18:43 Image size of job updated: 428640
	419  -  MemoryUsage of job (MB)
	428640  -  ResidentSetSize of job (KB)
...
006 (16626177.057.000) 02/17 01:28:43 Image size of job updated: 437316
	428  -  MemoryUsage of job (MB)
	437316  -  ResidentSetSize of job (KB)
...
006 (16626177.057.000) 02/17 01:33:45 Image size of job updated: 437404
	428  -  MemoryUsage of job (MB)
	437404  -  ResidentSetSize of job (KB)
...
006 (16626177.057.000) 02/17 01:38:45 Image size of job updated: 438440
	429  -  MemoryUsage of job (MB)
	438440  -  ResidentSetSize of job (KB)
...
040 (16626177.057.000) 02/17 01:45:02 Started transferring output files
...
040 (16626177.057.000) 02/17 01:45:02 Finished transferring output files
...
005 (16626177.057.000) 02/17 01:45:02 Job terminated.
	(1) Normal termination (return value 0)
		Usr 0 00:44:51, Sys 0 00:00:04  -  Run Remote Usage
		Usr 0 00:00:00, Sys 0 00:00:00  -  Run Local Usage
		Usr 0 00:44:51, Sys 0 00:00:04  -  Total Remote Usage
		Usr 0 00:00:00, Sys 0 00:00:00  -  Total Local Usage
	8152  -  Run Bytes Sent By Job
	10428  -  Run Bytes Received By Job
	8152  -  Total Bytes Sent By Job
	10428  -  Total Bytes Received By Job
	Partitionable Resources :    Usage  Request Allocated 
	   Cpus                 :     0.98        1         1 
	   Disk (KB)            :    43          12      3755 
	   GPUs                 :                           0 
	   Memory (MB)          :   429        3000      3000 

	Job terminated of its own accord at 2025-02-17T00:45:02Z with exit-code 0.
...
