000 (16626177.060.000) 02/17 00:58:07 Job submitted from host: <188.185.72.155:9618?addrs=188.185.72.155-9618+[2001-1458-d00-8--100-95]-9618&alias=bigbird08.cern.ch&noUDP&sock=schedd_862983_22fa>
...
040 (16626177.060.000) 02/17 00:58:32 Started transferring input files
	Transferring to host: <188.185.198.95:9618?addrs=188.185.198.95-9618+[2001-1458-303-25--100-5b]-9618&alias=b9p15p8577.cern.ch&noUDP&sock=slot1_19_3776119_306c_74015>
...
040 (16626177.060.000) 02/17 00:58:32 Finished transferring input files
...
001 (16626177.060.000) 02/17 00:58:33 Job executing on host: <188.185.198.95:9618?addrs=188.185.198.95-9618+[2001-1458-303-25--100-5b]-9618&alias=b9p15p8577.cern.ch&noUDP&sock=startd_6501_b947>
	SlotName: slot1_19@b9p15p8577.cern.ch
	CondorScratchDir = "/pool/condor/dir_2027996"
	Cpus = 1
	Disk = 3884
	GPUs = 0
	Memory = 3000
...
006 (16626177.060.000) 02/17 00:58:42 Image size of job updated: 1892
	2  -  MemoryUsage of job (MB)
	1892  -  ResidentSetSize of job (KB)
...
006 (16626177.060.000) 02/17 01:03:43 Image size of job updated: 138936
	136  -  MemoryUsage of job (MB)
	138936  -  ResidentSetSize of job (KB)
...
006 (16626177.060.000) 02/17 01:08:43 Image size of job updated: 143616
	141  -  MemoryUsage of job (MB)
	143616  -  ResidentSetSize of job (KB)
...
006 (16626177.060.000) 02/17 01:13:43 Image size of job updated: 144412
	142  -  MemoryUsage of job (MB)
	144412  -  ResidentSetSize of job (KB)
...
006 (16626177.060.000) 02/17 01:23:44 Image size of job updated: 151816
	149  -  MemoryUsage of job (MB)
	151816  -  ResidentSetSize of job (KB)
...
006 (16626177.060.000) 02/17 01:28:44 Image size of job updated: 156516
	153  -  MemoryUsage of job (MB)
	156516  -  ResidentSetSize of job (KB)
...
040 (16626177.060.000) 02/17 01:34:10 Started transferring output files
...
040 (16626177.060.000) 02/17 01:34:10 Finished transferring output files
...
005 (16626177.060.000) 02/17 01:34:10 Job terminated.
	(1) Normal termination (return value 0)
		Usr 0 00:34:53, Sys 0 00:00:01  -  Run Remote Usage
		Usr 0 00:00:00, Sys 0 00:00:00  -  Run Local Usage
		Usr 0 00:34:53, Sys 0 00:00:01  -  Total Remote Usage
		Usr 0 00:00:00, Sys 0 00:00:00  -  Total Local Usage
	8152  -  Run Bytes Sent By Job
	10428  -  Run Bytes Received By Job
	8152  -  Total Bytes Sent By Job
	10428  -  Total Bytes Received By Job
	Partitionable Resources :    Usage  Request Allocated 
	   Cpus                 :     1.00        1         1 
	   Disk (KB)            :    44          12      3884 
	   GPUs                 :                           0 
	   Memory (MB)          :   153        3000      3000 

	Job terminated of its own accord at 2025-02-17T00:34:09Z with exit-code 0.
...
