000 (16626177.239.000) 02/17 00:58:07 Job submitted from host: <188.185.72.155:9618?addrs=188.185.72.155-9618+[2001-1458-d00-8--100-95]-9618&alias=bigbird08.cern.ch&noUDP&sock=schedd_862983_22fa>
...
040 (16626177.239.000) 02/17 01:00:44 Started transferring input files
	Transferring to host: <128.142.161.119:9618?addrs=128.142.161.119-9618+[2001-1458-301-b8--100-35]-9618&alias=b9g03p6597.cern.ch&noUDP&sock=slot1_15_6026_9cae_7000>
...
040 (16626177.239.000) 02/17 01:00:44 Finished transferring input files
...
001 (16626177.239.000) 02/17 01:00:45 Job executing on host: <128.142.161.119:9618?addrs=128.142.161.119-9618+[2001-1458-301-b8--100-35]-9618&alias=b9g03p6597.cern.ch&noUDP&sock=startd_5208_d552>
	SlotName: slot1_15@b9g03p6597.cern.ch
	CondorScratchDir = "/pool/condor/dir_2056235"
	Cpus = 1
	Disk = 3959
	GPUs = 0
	Memory = 3000
...
006 (16626177.239.000) 02/17 01:00:53 Image size of job updated: 70308
	69  -  MemoryUsage of job (MB)
	70308  -  ResidentSetSize of job (KB)
...
006 (16626177.239.000) 02/17 01:05:53 Image size of job updated: 137616
	135  -  MemoryUsage of job (MB)
	137616  -  ResidentSetSize of job (KB)
...
006 (16626177.239.000) 02/17 01:10:54 Image size of job updated: 138500
	136  -  MemoryUsage of job (MB)
	138500  -  ResidentSetSize of job (KB)
...
006 (16626177.239.000) 02/17 01:15:54 Image size of job updated: 141764
	139  -  MemoryUsage of job (MB)
	141764  -  ResidentSetSize of job (KB)
...
006 (16626177.239.000) 02/17 01:20:54 Image size of job updated: 142408
	140  -  MemoryUsage of job (MB)
	142408  -  ResidentSetSize of job (KB)
...
006 (16626177.239.000) 02/17 01:25:55 Image size of job updated: 143688
	141  -  MemoryUsage of job (MB)
	143688  -  ResidentSetSize of job (KB)
...
006 (16626177.239.000) 02/17 01:30:56 Image size of job updated: 146488
	144  -  MemoryUsage of job (MB)
	146488  -  ResidentSetSize of job (KB)
...
006 (16626177.239.000) 02/17 01:40:57 Image size of job updated: 148224
	145  -  MemoryUsage of job (MB)
	148224  -  ResidentSetSize of job (KB)
...
006 (16626177.239.000) 02/17 01:45:58 Image size of job updated: 149264
	146  -  MemoryUsage of job (MB)
	149264  -  ResidentSetSize of job (KB)
...
006 (16626177.239.000) 02/17 01:50:58 Image size of job updated: 150196
	147  -  MemoryUsage of job (MB)
	150196  -  ResidentSetSize of job (KB)
...
006 (16626177.239.000) 02/17 01:55:58 Image size of job updated: 151124
	148  -  MemoryUsage of job (MB)
	151124  -  ResidentSetSize of job (KB)
...
006 (16626177.239.000) 02/17 02:01:00 Image size of job updated: 151312
	148  -  MemoryUsage of job (MB)
	151312  -  ResidentSetSize of job (KB)
...
040 (16626177.239.000) 02/17 02:02:40 Started transferring output files
...
040 (16626177.239.000) 02/17 02:02:40 Finished transferring output files
...
005 (16626177.239.000) 02/17 02:02:40 Job terminated.
	(1) Normal termination (return value 0)
		Usr 0 01:01:01, Sys 0 00:00:03  -  Run Remote Usage
		Usr 0 00:00:00, Sys 0 00:00:00  -  Run Local Usage
		Usr 0 01:01:01, Sys 0 00:00:03  -  Total Remote Usage
		Usr 0 00:00:00, Sys 0 00:00:00  -  Total Local Usage
	8153  -  Run Bytes Sent By Job
	10428  -  Run Bytes Received By Job
	8153  -  Total Bytes Sent By Job
	10428  -  Total Bytes Received By Job
	Partitionable Resources :    Usage  Request Allocated 
	   Cpus                 :     0.99        1         1 
	   Disk (KB)            :    43          12      3959 
	   GPUs                 :                           0 
	   Memory (MB)          :   148        3000      3000 

	Job terminated of its own accord at 2025-02-17T01:02:40Z with exit-code 0.
...
