000 (16626177.231.000) 02/17 00:58:07 Job submitted from host: <188.185.72.155:9618?addrs=188.185.72.155-9618+[2001-1458-d00-8--100-95]-9618&alias=bigbird08.cern.ch&noUDP&sock=schedd_862983_22fa>
...
040 (16626177.231.000) 02/17 01:00:33 Started transferring input files
	Transferring to host: <188.185.196.149:9618?addrs=188.185.196.149-9618+[2001-1458-303-23--100-91]-9618&alias=b9p16p8745.cern.ch&noUDP&sock=slot1_4_3536011_61c8_7888>
...
040 (16626177.231.000) 02/17 01:00:33 Finished transferring input files
...
001 (16626177.231.000) 02/17 01:00:34 Job executing on host: <188.185.196.149:9618?addrs=188.185.196.149-9618+[2001-1458-303-23--100-91]-9618&alias=b9p16p8745.cern.ch&noUDP&sock=startd_5711_d975>
	SlotName: slot1_4@b9p16p8745.cern.ch
	CondorScratchDir = "/pool/condor/dir_1397969"
	Cpus = 1
	Disk = 3889
	GPUs = 0
	Memory = 3000
...
006 (16626177.231.000) 02/17 01:00:42 Image size of job updated: 365000
	357  -  MemoryUsage of job (MB)
	365000  -  ResidentSetSize of job (KB)
...
006 (16626177.231.000) 02/17 01:05:42 Image size of job updated: 431720
	422  -  MemoryUsage of job (MB)
	431720  -  ResidentSetSize of job (KB)
...
006 (16626177.231.000) 02/17 01:10:43 Image size of job updated: 433672
	424  -  MemoryUsage of job (MB)
	433672  -  ResidentSetSize of job (KB)
...
006 (16626177.231.000) 02/17 01:15:44 Image size of job updated: 437092
	427  -  MemoryUsage of job (MB)
	437092  -  ResidentSetSize of job (KB)
...
006 (16626177.231.000) 02/17 01:20:44 Image size of job updated: 437920
	428  -  MemoryUsage of job (MB)
	437920  -  ResidentSetSize of job (KB)
...
006 (16626177.231.000) 02/17 01:25:45 Image size of job updated: 441124
	431  -  MemoryUsage of job (MB)
	441124  -  ResidentSetSize of job (KB)
...
006 (16626177.231.000) 02/17 01:45:48 Image size of job updated: 441360
	432  -  MemoryUsage of job (MB)
	441360  -  ResidentSetSize of job (KB)
...
006 (16626177.231.000) 02/17 01:50:48 Image size of job updated: 448560
	439  -  MemoryUsage of job (MB)
	448560  -  ResidentSetSize of job (KB)
...
006 (16626177.231.000) 02/17 01:55:48 Image size of job updated: 449692
	440  -  MemoryUsage of job (MB)
	449692  -  ResidentSetSize of job (KB)
...
040 (16626177.231.000) 02/17 01:57:11 Started transferring output files
...
040 (16626177.231.000) 02/17 01:57:11 Finished transferring output files
...
005 (16626177.231.000) 02/17 01:57:11 Job terminated.
	(1) Normal termination (return value 0)
		Usr 0 00:55:44, Sys 0 00:00:03  -  Run Remote Usage
		Usr 0 00:00:00, Sys 0 00:00:00  -  Run Local Usage
		Usr 0 00:55:44, Sys 0 00:00:03  -  Total Remote Usage
		Usr 0 00:00:00, Sys 0 00:00:00  -  Total Local Usage
	8155  -  Run Bytes Sent By Job
	10428  -  Run Bytes Received By Job
	8155  -  Total Bytes Sent By Job
	10428  -  Total Bytes Received By Job
	Partitionable Resources :    Usage  Request Allocated 
	   Cpus                 :     0.99        1         1 
	   Disk (KB)            :    43          12      3889 
	   GPUs                 :                           0 
	   Memory (MB)          :   440        3000      3000 

	Job terminated of its own accord at 2025-02-17T00:57:11Z with exit-code 0.
...
