000 (16626177.354.000) 02/17 00:58:07 Job submitted from host: <188.185.72.155:9618?addrs=188.185.72.155-9618+[2001-1458-d00-8--100-95]-9618&alias=bigbird08.cern.ch&noUDP&sock=schedd_862983_22fa>
...
040 (16626177.354.000) 02/17 01:04:42 Started transferring input files
	Transferring to host: <188.185.195.54:9618?addrs=188.185.195.54-9618+[2001-1458-303-22--100-32]-9618&alias=b9p17p1021.cern.ch&noUDP&sock=slot1_27_1987578_4171_3745>
...
040 (16626177.354.000) 02/17 01:04:42 Finished transferring input files
...
001 (16626177.354.000) 02/17 01:04:43 Job executing on host: <188.185.195.54:9618?addrs=188.185.195.54-9618+[2001-1458-303-22--100-32]-9618&alias=b9p17p1021.cern.ch&noUDP&sock=startd_6625_c705>
	SlotName: slot1_27@b9p17p1021.cern.ch
	CondorScratchDir = "/pool/condor/dir_1135874"
	Cpus = 1
	Disk = 3929
	GPUs = 0
	Memory = 3000
...
006 (16626177.354.000) 02/17 01:04:51 Image size of job updated: 72544
	71  -  MemoryUsage of job (MB)
	72544  -  ResidentSetSize of job (KB)
...
006 (16626177.354.000) 02/17 01:09:52 Image size of job updated: 101996
	100  -  MemoryUsage of job (MB)
	101996  -  ResidentSetSize of job (KB)
...
006 (16626177.354.000) 02/17 01:14:53 Image size of job updated: 138708
	136  -  MemoryUsage of job (MB)
	138708  -  ResidentSetSize of job (KB)
...
006 (16626177.354.000) 02/17 01:19:53 Image size of job updated: 142296
	139  -  MemoryUsage of job (MB)
	142296  -  ResidentSetSize of job (KB)
...
006 (16626177.354.000) 02/17 01:24:53 Image size of job updated: 143416
	141  -  MemoryUsage of job (MB)
	143416  -  ResidentSetSize of job (KB)
...
006 (16626177.354.000) 02/17 01:29:54 Image size of job updated: 144572
	142  -  MemoryUsage of job (MB)
	144572  -  ResidentSetSize of job (KB)
...
006 (16626177.354.000) 02/17 01:34:54 Image size of job updated: 145400
	142  -  MemoryUsage of job (MB)
	145400  -  ResidentSetSize of job (KB)
...
006 (16626177.354.000) 02/17 01:44:55 Image size of job updated: 154372
	151  -  MemoryUsage of job (MB)
	154372  -  ResidentSetSize of job (KB)
...
006 (16626177.354.000) 02/17 01:49:56 Image size of job updated: 154452
	151  -  MemoryUsage of job (MB)
	154452  -  ResidentSetSize of job (KB)
...
006 (16626177.354.000) 02/17 01:54:56 Image size of job updated: 154956
	152  -  MemoryUsage of job (MB)
	154956  -  ResidentSetSize of job (KB)
...
006 (16626177.354.000) 02/17 01:59:57 Image size of job updated: 159820
	157  -  MemoryUsage of job (MB)
	159820  -  ResidentSetSize of job (KB)
...
040 (16626177.354.000) 02/17 02:05:58 Started transferring output files
...
040 (16626177.354.000) 02/17 02:05:58 Finished transferring output files
...
005 (16626177.354.000) 02/17 02:05:58 Job terminated.
	(1) Normal termination (return value 0)
		Usr 0 01:00:12, Sys 0 00:00:02  -  Run Remote Usage
		Usr 0 00:00:00, Sys 0 00:00:00  -  Run Local Usage
		Usr 0 01:00:12, Sys 0 00:00:02  -  Total Remote Usage
		Usr 0 00:00:00, Sys 0 00:00:00  -  Total Local Usage
	8155  -  Run Bytes Sent By Job
	10428  -  Run Bytes Received By Job
	8155  -  Total Bytes Sent By Job
	10428  -  Total Bytes Received By Job
	Partitionable Resources :    Usage  Request Allocated 
	   Cpus                 :     0.99        1         1 
	   Disk (KB)            :    43          12      3929 
	   GPUs                 :                           0 
	   Memory (MB)          :   157        3000      3000 

	Job terminated of its own accord at 2025-02-17T01:05:58Z with exit-code 0.
...
