000 (16626177.107.000) 02/17 00:58:07 Job submitted from host: <188.185.72.155:9618?addrs=188.185.72.155-9618+[2001-1458-d00-8--100-95]-9618&alias=bigbird08.cern.ch&noUDP&sock=schedd_862983_22fa>
...
040 (16626177.107.000) 02/17 00:58:48 Started transferring input files
	Transferring to host: <128.142.161.140:9618?addrs=128.142.161.140-9618+[2001-1458-301-b9--100-9]-9618&alias=b9g03p3557.cern.ch&noUDP&sock=slot1_16_1097465_1fad_933>
...
040 (16626177.107.000) 02/17 00:58:48 Finished transferring input files
...
001 (16626177.107.000) 02/17 00:58:49 Job executing on host: <128.142.161.140:9618?addrs=128.142.161.140-9618+[2001-1458-301-b9--100-9]-9618&alias=b9g03p3557.cern.ch&noUDP&sock=startd_6698_d96f>
	SlotName: slot1_16@b9g03p3557.cern.ch
	CondorScratchDir = "/pool/condor/dir_1015841"
	Cpus = 1
	Disk = 3995
	GPUs = 0
	Memory = 3000
...
006 (16626177.107.000) 02/17 00:58:57 Image size of job updated: 100664
	99  -  MemoryUsage of job (MB)
	100664  -  ResidentSetSize of job (KB)
...
006 (16626177.107.000) 02/17 01:03:57 Image size of job updated: 101376
	99  -  MemoryUsage of job (MB)
	101376  -  ResidentSetSize of job (KB)
...
006 (16626177.107.000) 02/17 01:08:58 Image size of job updated: 139548
	137  -  MemoryUsage of job (MB)
	139548  -  ResidentSetSize of job (KB)
...
006 (16626177.107.000) 02/17 01:13:58 Image size of job updated: 143740
	141  -  MemoryUsage of job (MB)
	143740  -  ResidentSetSize of job (KB)
...
006 (16626177.107.000) 02/17 01:18:58 Image size of job updated: 144616
	142  -  MemoryUsage of job (MB)
	144616  -  ResidentSetSize of job (KB)
...
006 (16626177.107.000) 02/17 01:23:59 Image size of job updated: 147036
	144  -  MemoryUsage of job (MB)
	147036  -  ResidentSetSize of job (KB)
...
006 (16626177.107.000) 02/17 01:34:00 Image size of job updated: 147736
	145  -  MemoryUsage of job (MB)
	147736  -  ResidentSetSize of job (KB)
...
006 (16626177.107.000) 02/17 01:39:01 Image size of job updated: 148388
	145  -  MemoryUsage of job (MB)
	148388  -  ResidentSetSize of job (KB)
...
006 (16626177.107.000) 02/17 01:44:02 Image size of job updated: 153128
	150  -  MemoryUsage of job (MB)
	153128  -  ResidentSetSize of job (KB)
...
006 (16626177.107.000) 02/17 01:49:02 Image size of job updated: 155480
	152  -  MemoryUsage of job (MB)
	155480  -  ResidentSetSize of job (KB)
...
040 (16626177.107.000) 02/17 01:53:02 Started transferring output files
...
040 (16626177.107.000) 02/17 01:53:02 Finished transferring output files
...
005 (16626177.107.000) 02/17 01:53:02 Job terminated.
	(1) Normal termination (return value 0)
		Usr 0 00:53:37, Sys 0 00:00:02  -  Run Remote Usage
		Usr 0 00:00:00, Sys 0 00:00:00  -  Run Local Usage
		Usr 0 00:53:37, Sys 0 00:00:02  -  Total Remote Usage
		Usr 0 00:00:00, Sys 0 00:00:00  -  Total Local Usage
	8155  -  Run Bytes Sent By Job
	10428  -  Run Bytes Received By Job
	8155  -  Total Bytes Sent By Job
	10428  -  Total Bytes Received By Job
	Partitionable Resources :    Usage  Request Allocated 
	   Cpus                 :     0.99        1         1 
	   Disk (KB)            :    43          12      3995 
	   GPUs                 :                           0 
	   Memory (MB)          :   152        3000      3000 

	Job terminated of its own accord at 2025-02-17T00:53:02Z with exit-code 0.
...
