000 (16626177.259.000) 02/17 00:58:07 Job submitted from host: <188.185.72.155:9618?addrs=188.185.72.155-9618+[2001-1458-d00-8--100-95]-9618&alias=bigbird08.cern.ch&noUDP&sock=schedd_862983_22fa>
...
040 (16626177.259.000) 02/17 01:00:51 Started transferring input files
	Transferring to host: <188.185.198.70:9618?addrs=188.185.198.70-9618+[2001-1458-303-25--100-42]-9618&alias=b9p15p8814.cern.ch&noUDP&sock=slot1_21_2785443_538e_74322>
...
040 (16626177.259.000) 02/17 01:00:51 Finished transferring input files
...
001 (16626177.259.000) 02/17 01:00:52 Job executing on host: <188.185.198.70:9618?addrs=188.185.198.70-9618+[2001-1458-303-25--100-42]-9618&alias=b9p15p8814.cern.ch&noUDP&sock=startd_7476_7e1e>
	SlotName: slot1_21@b9p15p8814.cern.ch
	CondorScratchDir = "/pool/condor/dir_3715254"
	Cpus = 1
	Disk = 3825
	GPUs = 0
	Memory = 3000
...
006 (16626177.259.000) 02/17 01:01:01 Image size of job updated: 99464
	98  -  MemoryUsage of job (MB)
	99464  -  ResidentSetSize of job (KB)
...
006 (16626177.259.000) 02/17 01:06:02 Image size of job updated: 135548
	133  -  MemoryUsage of job (MB)
	135548  -  ResidentSetSize of job (KB)
...
006 (16626177.259.000) 02/17 01:11:02 Image size of job updated: 138180
	135  -  MemoryUsage of job (MB)
	138180  -  ResidentSetSize of job (KB)
...
006 (16626177.259.000) 02/17 01:16:02 Image size of job updated: 141308
	138  -  MemoryUsage of job (MB)
	141308  -  ResidentSetSize of job (KB)
...
006 (16626177.259.000) 02/17 01:21:03 Image size of job updated: 142500
	140  -  MemoryUsage of job (MB)
	142500  -  ResidentSetSize of job (KB)
...
006 (16626177.259.000) 02/17 01:26:03 Image size of job updated: 143780
	141  -  MemoryUsage of job (MB)
	143780  -  ResidentSetSize of job (KB)
...
006 (16626177.259.000) 02/17 01:36:04 Image size of job updated: 159424
	156  -  MemoryUsage of job (MB)
	159424  -  ResidentSetSize of job (KB)
...
006 (16626177.259.000) 02/17 01:41:05 Image size of job updated: 160368
	157  -  MemoryUsage of job (MB)
	160368  -  ResidentSetSize of job (KB)
...
006 (16626177.259.000) 02/17 01:46:05 Image size of job updated: 164980
	162  -  MemoryUsage of job (MB)
	164980  -  ResidentSetSize of job (KB)
...
040 (16626177.259.000) 02/17 01:53:38 Started transferring output files
...
040 (16626177.259.000) 02/17 01:53:38 Finished transferring output files
...
005 (16626177.259.000) 02/17 01:53:38 Job terminated.
	(1) Normal termination (return value 0)
		Usr 0 00:52:16, Sys 0 00:00:01  -  Run Remote Usage
		Usr 0 00:00:00, Sys 0 00:00:00  -  Run Local Usage
		Usr 0 00:52:16, Sys 0 00:00:01  -  Total Remote Usage
		Usr 0 00:00:00, Sys 0 00:00:00  -  Total Local Usage
	8155  -  Run Bytes Sent By Job
	10428  -  Run Bytes Received By Job
	8155  -  Total Bytes Sent By Job
	10428  -  Total Bytes Received By Job
	Partitionable Resources :    Usage  Request Allocated 
	   Cpus                 :     0.99        1         1 
	   Disk (KB)            :    43          12      3825 
	   GPUs                 :                           0 
	   Memory (MB)          :   162        3000      3000 

	Job terminated of its own accord at 2025-02-17T00:53:38Z with exit-code 0.
...
