000 (16626177.316.000) 02/17 00:58:07 Job submitted from host: <188.185.72.155:9618?addrs=188.185.72.155-9618+[2001-1458-d00-8--100-95]-9618&alias=bigbird08.cern.ch&noUDP&sock=schedd_862983_22fa>
...
040 (16626177.316.000) 02/17 01:04:28 Started transferring input files
	Transferring to host: <128.142.240.114:9618?addrs=128.142.240.114-9618+[2001-1458-301-11--100-72]-9618&alias=b9g29p6184.cern.ch&noUDP&sock=slot1_24_8400_4f4f_125981>
...
040 (16626177.316.000) 02/17 01:04:28 Finished transferring input files
...
001 (16626177.316.000) 02/17 01:04:29 Job executing on host: <128.142.240.114:9618?addrs=128.142.240.114-9618+[2001-1458-301-11--100-72]-9618&alias=b9g29p6184.cern.ch&noUDP&sock=startd_7264_140a>
	SlotName: slot1_24@b9g29p6184.cern.ch
	CondorScratchDir = "/pool/condor/dir_1655123"
	Cpus = 1
	Disk = 3720
	GPUs = 0
	Memory = 3000
...
006 (16626177.316.000) 02/17 01:04:38 Image size of job updated: 406760
	398  -  MemoryUsage of job (MB)
	406760  -  ResidentSetSize of job (KB)
...
006 (16626177.316.000) 02/17 01:09:39 Image size of job updated: 445940
	436  -  MemoryUsage of job (MB)
	445940  -  ResidentSetSize of job (KB)
...
006 (16626177.316.000) 02/17 01:14:40 Image size of job updated: 450472
	440  -  MemoryUsage of job (MB)
	450472  -  ResidentSetSize of job (KB)
...
006 (16626177.316.000) 02/17 01:19:40 Image size of job updated: 453836
	444  -  MemoryUsage of job (MB)
	453836  -  ResidentSetSize of job (KB)
...
006 (16626177.316.000) 02/17 01:29:41 Image size of job updated: 454616
	444  -  MemoryUsage of job (MB)
	454616  -  ResidentSetSize of job (KB)
...
006 (16626177.316.000) 02/17 01:34:41 Image size of job updated: 474080
	463  -  MemoryUsage of job (MB)
	474080  -  ResidentSetSize of job (KB)
...
040 (16626177.316.000) 02/17 01:36:53 Started transferring output files
...
040 (16626177.316.000) 02/17 01:36:53 Finished transferring output files
...
005 (16626177.316.000) 02/17 01:36:53 Job terminated.
	(1) Normal termination (return value 0)
		Usr 0 00:31:58, Sys 0 00:00:02  -  Run Remote Usage
		Usr 0 00:00:00, Sys 0 00:00:00  -  Run Local Usage
		Usr 0 00:31:58, Sys 0 00:00:02  -  Total Remote Usage
		Usr 0 00:00:00, Sys 0 00:00:00  -  Total Local Usage
	8153  -  Run Bytes Sent By Job
	10428  -  Run Bytes Received By Job
	8153  -  Total Bytes Sent By Job
	10428  -  Total Bytes Received By Job
	Partitionable Resources :    Usage  Request Allocated 
	   Cpus                 :     0.99        1         1 
	   Disk (KB)            :    44          12      3720 
	   GPUs                 :                           0 
	   Memory (MB)          :   463        3000      3000 

	Job terminated of its own accord at 2025-02-17T00:36:53Z with exit-code 0.
...
