000 (16626177.427.000) 02/17 00:58:07 Job submitted from host: <188.185.72.155:9618?addrs=188.185.72.155-9618+[2001-1458-d00-8--100-95]-9618&alias=bigbird08.cern.ch&noUDP&sock=schedd_862983_22fa>
...
040 (16626177.427.000) 02/17 01:05:10 Started transferring input files
	Transferring to host: <128.142.161.119:9618?addrs=128.142.161.119-9618+[2001-1458-301-b8--100-35]-9618&alias=b9g03p6597.cern.ch&noUDP&sock=slot1_17_6026_9cae_7003>
...
040 (16626177.427.000) 02/17 01:05:10 Finished transferring input files
...
001 (16626177.427.000) 02/17 01:05:11 Job executing on host: <128.142.161.119:9618?addrs=128.142.161.119-9618+[2001-1458-301-b8--100-35]-9618&alias=b9g03p6597.cern.ch&noUDP&sock=startd_5208_d552>
	SlotName: slot1_17@b9g03p6597.cern.ch
	CondorScratchDir = "/pool/condor/dir_2060034"
	Cpus = 1
	Disk = 3958
	GPUs = 0
	Memory = 3000
...
006 (16626177.427.000) 02/17 01:05:19 Image size of job updated: 69968
	69  -  MemoryUsage of job (MB)
	69968  -  ResidentSetSize of job (KB)
...
006 (16626177.427.000) 02/17 01:10:19 Image size of job updated: 102696
	101  -  MemoryUsage of job (MB)
	102696  -  ResidentSetSize of job (KB)
...
006 (16626177.427.000) 02/17 01:15:20 Image size of job updated: 138780
	136  -  MemoryUsage of job (MB)
	138780  -  ResidentSetSize of job (KB)
...
006 (16626177.427.000) 02/17 01:20:21 Image size of job updated: 142648
	140  -  MemoryUsage of job (MB)
	142648  -  ResidentSetSize of job (KB)
...
006 (16626177.427.000) 02/17 01:25:21 Image size of job updated: 143092
	140  -  MemoryUsage of job (MB)
	143092  -  ResidentSetSize of job (KB)
...
006 (16626177.427.000) 02/17 01:30:22 Image size of job updated: 144152
	141  -  MemoryUsage of job (MB)
	144152  -  ResidentSetSize of job (KB)
...
006 (16626177.427.000) 02/17 01:40:23 Image size of job updated: 147320
	144  -  MemoryUsage of job (MB)
	147320  -  ResidentSetSize of job (KB)
...
006 (16626177.427.000) 02/17 01:45:23 Image size of job updated: 148032
	145  -  MemoryUsage of job (MB)
	148032  -  ResidentSetSize of job (KB)
...
006 (16626177.427.000) 02/17 01:50:24 Image size of job updated: 148868
	146  -  MemoryUsage of job (MB)
	148868  -  ResidentSetSize of job (KB)
...
006 (16626177.427.000) 02/17 01:55:24 Image size of job updated: 152168
	149  -  MemoryUsage of job (MB)
	152168  -  ResidentSetSize of job (KB)
...
006 (16626177.427.000) 02/17 02:00:24 Image size of job updated: 154452
	151  -  MemoryUsage of job (MB)
	154452  -  ResidentSetSize of job (KB)
...
040 (16626177.427.000) 02/17 02:02:17 Started transferring output files
...
040 (16626177.427.000) 02/17 02:02:17 Finished transferring output files
...
005 (16626177.427.000) 02/17 02:02:17 Job terminated.
	(1) Normal termination (return value 0)
		Usr 0 00:56:21, Sys 0 00:00:01  -  Run Remote Usage
		Usr 0 00:00:00, Sys 0 00:00:00  -  Run Local Usage
		Usr 0 00:56:21, Sys 0 00:00:01  -  Total Remote Usage
		Usr 0 00:00:00, Sys 0 00:00:00  -  Total Local Usage
	8153  -  Run Bytes Sent By Job
	10428  -  Run Bytes Received By Job
	8153  -  Total Bytes Sent By Job
	10428  -  Total Bytes Received By Job
	Partitionable Resources :    Usage  Request Allocated 
	   Cpus                 :     0.99        1         1 
	   Disk (KB)            :    43          12      3958 
	   GPUs                 :                           0 
	   Memory (MB)          :   151        3000      3000 

	Job terminated of its own accord at 2025-02-17T01:02:17Z with exit-code 0.
...
