000 (16626177.198.000) 02/17 00:58:07 Job submitted from host: <188.185.72.155:9618?addrs=188.185.72.155-9618+[2001-1458-d00-8--100-95]-9618&alias=bigbird08.cern.ch&noUDP&sock=schedd_862983_22fa>
...
040 (16626177.198.000) 02/17 01:00:33 Started transferring input files
	Transferring to host: <188.185.192.137:9618?addrs=188.185.192.137-9618+[2001-1458-303-1f--100-85]-9618&alias=b9p13p3671.cern.ch&noUDP&sock=slot1_17_505454_d183_7587>
...
040 (16626177.198.000) 02/17 01:00:33 Finished transferring input files
...
001 (16626177.198.000) 02/17 01:00:34 Job executing on host: <188.185.192.137:9618?addrs=188.185.192.137-9618+[2001-1458-303-1f--100-85]-9618&alias=b9p13p3671.cern.ch&noUDP&sock=startd_8950_88b7>
	SlotName: slot1_17@b9p13p3671.cern.ch
	CondorScratchDir = "/pool/condor/dir_2363671"
	Cpus = 1
	Disk = 3816
	GPUs = 0
	Memory = 3000
...
006 (16626177.198.000) 02/17 01:00:43 Image size of job updated: 1888
	2  -  MemoryUsage of job (MB)
	1888  -  ResidentSetSize of job (KB)
...
006 (16626177.198.000) 02/17 01:05:44 Image size of job updated: 139280
	137  -  MemoryUsage of job (MB)
	139280  -  ResidentSetSize of job (KB)
...
006 (16626177.198.000) 02/17 01:10:45 Image size of job updated: 142704
	140  -  MemoryUsage of job (MB)
	142704  -  ResidentSetSize of job (KB)
...
006 (16626177.198.000) 02/17 01:15:45 Image size of job updated: 143964
	141  -  MemoryUsage of job (MB)
	143964  -  ResidentSetSize of job (KB)
...
006 (16626177.198.000) 02/17 01:20:45 Image size of job updated: 146376
	143  -  MemoryUsage of job (MB)
	146376  -  ResidentSetSize of job (KB)
...
006 (16626177.198.000) 02/17 01:30:47 Image size of job updated: 152320
	149  -  MemoryUsage of job (MB)
	152320  -  ResidentSetSize of job (KB)
...
006 (16626177.198.000) 02/17 01:35:47 Image size of job updated: 152684
	150  -  MemoryUsage of job (MB)
	152684  -  ResidentSetSize of job (KB)
...
006 (16626177.198.000) 02/17 01:40:48 Image size of job updated: 154004
	151  -  MemoryUsage of job (MB)
	154004  -  ResidentSetSize of job (KB)
...
040 (16626177.198.000) 02/17 01:46:39 Started transferring output files
...
040 (16626177.198.000) 02/17 01:46:39 Finished transferring output files
...
005 (16626177.198.000) 02/17 01:46:39 Job terminated.
	(1) Normal termination (return value 0)
		Usr 0 00:44:16, Sys 0 00:00:04  -  Run Remote Usage
		Usr 0 00:00:00, Sys 0 00:00:00  -  Run Local Usage
		Usr 0 00:44:16, Sys 0 00:00:04  -  Total Remote Usage
		Usr 0 00:00:00, Sys 0 00:00:00  -  Total Local Usage
	8155  -  Run Bytes Sent By Job
	10428  -  Run Bytes Received By Job
	8155  -  Total Bytes Sent By Job
	10428  -  Total Bytes Received By Job
	Partitionable Resources :    Usage  Request Allocated 
	   Cpus                 :     0.99        1         1 
	   Disk (KB)            :    44          12      3816 
	   GPUs                 :                           0 
	   Memory (MB)          :   151        3000      3000 

	Job terminated of its own accord at 2025-02-17T00:46:39Z with exit-code 0.
...
