000 (16626177.045.000) 02/17 00:58:07 Job submitted from host: <188.185.72.155:9618?addrs=188.185.72.155-9618+[2001-1458-d00-8--100-95]-9618&alias=bigbird08.cern.ch&noUDP&sock=schedd_862983_22fa>
...
040 (16626177.045.000) 02/17 00:58:27 Started transferring input files
	Transferring to host: <188.185.198.133:9618?addrs=188.185.198.133-9618+[2001-1458-303-25--100-81]-9618&alias=b9p15p6327.cern.ch&noUDP&sock=slot1_29_527288_d8bb_28140>
...
040 (16626177.045.000) 02/17 00:58:27 Finished transferring input files
...
001 (16626177.045.000) 02/17 00:58:28 Job executing on host: <188.185.198.133:9618?addrs=188.185.198.133-9618+[2001-1458-303-25--100-81]-9618&alias=b9p15p6327.cern.ch&noUDP&sock=startd_6970_6b32>
	SlotName: slot1_29@b9p15p6327.cern.ch
	CondorScratchDir = "/pool/condor/dir_3185539"
	Cpus = 1
	Disk = 3855
	GPUs = 0
	Memory = 3000
...
006 (16626177.045.000) 02/17 00:58:37 Image size of job updated: 1884
	2  -  MemoryUsage of job (MB)
	1884  -  ResidentSetSize of job (KB)
...
006 (16626177.045.000) 02/17 01:03:38 Image size of job updated: 139112
	136  -  MemoryUsage of job (MB)
	139112  -  ResidentSetSize of job (KB)
...
006 (16626177.045.000) 02/17 01:08:38 Image size of job updated: 140800
	138  -  MemoryUsage of job (MB)
	140800  -  ResidentSetSize of job (KB)
...
006 (16626177.045.000) 02/17 01:13:39 Image size of job updated: 144508
	142  -  MemoryUsage of job (MB)
	144508  -  ResidentSetSize of job (KB)
...
006 (16626177.045.000) 02/17 01:18:40 Image size of job updated: 147056
	144  -  MemoryUsage of job (MB)
	147056  -  ResidentSetSize of job (KB)
...
006 (16626177.045.000) 02/17 01:33:42 Image size of job updated: 160260
	157  -  MemoryUsage of job (MB)
	160260  -  ResidentSetSize of job (KB)
...
006 (16626177.045.000) 02/17 01:38:42 Image size of job updated: 161544
	158  -  MemoryUsage of job (MB)
	161544  -  ResidentSetSize of job (KB)
...
006 (16626177.045.000) 02/17 01:43:42 Image size of job updated: 162820
	160  -  MemoryUsage of job (MB)
	162820  -  ResidentSetSize of job (KB)
...
040 (16626177.045.000) 02/17 01:46:15 Started transferring output files
...
040 (16626177.045.000) 02/17 01:46:15 Finished transferring output files
...
005 (16626177.045.000) 02/17 01:46:15 Job terminated.
	(1) Normal termination (return value 0)
		Usr 0 00:46:57, Sys 0 00:00:01  -  Run Remote Usage
		Usr 0 00:00:00, Sys 0 00:00:00  -  Run Local Usage
		Usr 0 00:46:57, Sys 0 00:00:01  -  Total Remote Usage
		Usr 0 00:00:00, Sys 0 00:00:00  -  Total Local Usage
	8152  -  Run Bytes Sent By Job
	10428  -  Run Bytes Received By Job
	8152  -  Total Bytes Sent By Job
	10428  -  Total Bytes Received By Job
	Partitionable Resources :    Usage  Request Allocated 
	   Cpus                 :     0.99        1         1 
	   Disk (KB)            :    44          12      3855 
	   GPUs                 :                           0 
	   Memory (MB)          :   160        3000      3000 

	Job terminated of its own accord at 2025-02-17T00:46:15Z with exit-code 0.
...
