000 (16626177.329.000) 02/17 00:58:07 Job submitted from host: <188.185.72.155:9618?addrs=188.185.72.155-9618+[2001-1458-d00-8--100-95]-9618&alias=bigbird08.cern.ch&noUDP&sock=schedd_862983_22fa>
...
040 (16626177.329.000) 02/17 01:04:31 Started transferring input files
	Transferring to host: <128.142.132.134:9618?addrs=128.142.132.134-9618+[2001-1458-301-5a--100-7a]-9618&alias=b9g12p1992.cern.ch&noUDP&sock=slot1_18_2787_718a_74972>
...
040 (16626177.329.000) 02/17 01:04:31 Finished transferring input files
...
001 (16626177.329.000) 02/17 01:04:32 Job executing on host: <128.142.132.134:9618?addrs=128.142.132.134-9618+[2001-1458-301-5a--100-7a]-9618&alias=b9g12p1992.cern.ch&noUDP&sock=startd_2582_9d9f>
	SlotName: slot1_18@b9g12p1992.cern.ch
	CondorScratchDir = "/pool/condor/dir_4159964"
	Cpus = 1
	Disk = 2608
	GPUs = 0
	Memory = 3000
...
006 (16626177.329.000) 02/17 01:04:41 Image size of job updated: 351484
	344  -  MemoryUsage of job (MB)
	351484  -  ResidentSetSize of job (KB)
...
006 (16626177.329.000) 02/17 01:09:42 Image size of job updated: 384512
	376  -  MemoryUsage of job (MB)
	384512  -  ResidentSetSize of job (KB)
...
006 (16626177.329.000) 02/17 01:14:42 Image size of job updated: 422092
	413  -  MemoryUsage of job (MB)
	422092  -  ResidentSetSize of job (KB)
...
006 (16626177.329.000) 02/17 01:19:42 Image size of job updated: 425720
	416  -  MemoryUsage of job (MB)
	425720  -  ResidentSetSize of job (KB)
...
006 (16626177.329.000) 02/17 01:24:43 Image size of job updated: 426408
	417  -  MemoryUsage of job (MB)
	426408  -  ResidentSetSize of job (KB)
...
006 (16626177.329.000) 02/17 01:29:44 Image size of job updated: 427348
	418  -  MemoryUsage of job (MB)
	427348  -  ResidentSetSize of job (KB)
...
006 (16626177.329.000) 02/17 01:44:46 Image size of job updated: 432304
	423  -  MemoryUsage of job (MB)
	432304  -  ResidentSetSize of job (KB)
...
006 (16626177.329.000) 02/17 01:49:46 Image size of job updated: 433160
	424  -  MemoryUsage of job (MB)
	433160  -  ResidentSetSize of job (KB)
...
006 (16626177.329.000) 02/17 01:54:46 Image size of job updated: 436884
	427  -  MemoryUsage of job (MB)
	436884  -  ResidentSetSize of job (KB)
...
006 (16626177.329.000) 02/17 01:59:47 Image size of job updated: 438800
	429  -  MemoryUsage of job (MB)
	438800  -  ResidentSetSize of job (KB)
...
040 (16626177.329.000) 02/17 02:05:43 Started transferring output files
...
040 (16626177.329.000) 02/17 02:05:43 Finished transferring output files
...
005 (16626177.329.000) 02/17 02:05:43 Job terminated.
	(1) Normal termination (return value 0)
		Usr 0 01:00:44, Sys 0 00:00:01  -  Run Remote Usage
		Usr 0 00:00:00, Sys 0 00:00:00  -  Run Local Usage
		Usr 0 01:00:44, Sys 0 00:00:01  -  Total Remote Usage
		Usr 0 00:00:00, Sys 0 00:00:00  -  Total Local Usage
	8155  -  Run Bytes Sent By Job
	10428  -  Run Bytes Received By Job
	8155  -  Total Bytes Sent By Job
	10428  -  Total Bytes Received By Job
	Partitionable Resources :    Usage  Request Allocated 
	   Cpus                 :     0.99        1         1 
	   Disk (KB)            :    44          12      2608 
	   GPUs                 :                           0 
	   Memory (MB)          :   429        3000      3000 

	Job terminated of its own accord at 2025-02-17T01:05:43Z with exit-code 0.
...
