000 (16626177.312.000) 02/17 00:58:07 Job submitted from host: <188.185.72.155:9618?addrs=188.185.72.155-9618+[2001-1458-d00-8--100-95]-9618&alias=bigbird08.cern.ch&noUDP&sock=schedd_862983_22fa>
...
040 (16626177.312.000) 02/17 01:04:26 Started transferring input files
	Transferring to host: <188.185.196.23:9618?addrs=188.185.196.23-9618+[2001-1458-303-23--100-13]-9618&alias=b9p16p2776.cern.ch&noUDP&sock=slot1_19_3441577_1608_75313>
...
040 (16626177.312.000) 02/17 01:04:26 Finished transferring input files
...
001 (16626177.312.000) 02/17 01:04:27 Job executing on host: <188.185.196.23:9618?addrs=188.185.196.23-9618+[2001-1458-303-23--100-13]-9618&alias=b9p16p2776.cern.ch&noUDP&sock=startd_8249_b4d3>
	SlotName: slot1_19@b9p16p2776.cern.ch
	CondorScratchDir = "/pool/condor/dir_2676648"
	Cpus = 1
	Disk = 3793
	GPUs = 0
	Memory = 3000
...
006 (16626177.312.000) 02/17 01:04:36 Image size of job updated: 1876
	2  -  MemoryUsage of job (MB)
	1876  -  ResidentSetSize of job (KB)
...
006 (16626177.312.000) 02/17 01:09:37 Image size of job updated: 101100
	99  -  MemoryUsage of job (MB)
	101100  -  ResidentSetSize of job (KB)
...
006 (16626177.312.000) 02/17 01:14:37 Image size of job updated: 138908
	136  -  MemoryUsage of job (MB)
	138908  -  ResidentSetSize of job (KB)
...
006 (16626177.312.000) 02/17 01:19:38 Image size of job updated: 142304
	139  -  MemoryUsage of job (MB)
	142304  -  ResidentSetSize of job (KB)
...
006 (16626177.312.000) 02/17 01:24:39 Image size of job updated: 143464
	141  -  MemoryUsage of job (MB)
	143464  -  ResidentSetSize of job (KB)
...
006 (16626177.312.000) 02/17 01:29:39 Image size of job updated: 145648
	143  -  MemoryUsage of job (MB)
	145648  -  ResidentSetSize of job (KB)
...
006 (16626177.312.000) 02/17 01:39:40 Image size of job updated: 145840
	143  -  MemoryUsage of job (MB)
	145840  -  ResidentSetSize of job (KB)
...
006 (16626177.312.000) 02/17 01:44:40 Image size of job updated: 159956
	157  -  MemoryUsage of job (MB)
	159956  -  ResidentSetSize of job (KB)
...
006 (16626177.312.000) 02/17 01:49:40 Image size of job updated: 162916
	160  -  MemoryUsage of job (MB)
	162916  -  ResidentSetSize of job (KB)
...
006 (16626177.312.000) 02/17 01:54:41 Image size of job updated: 163960
	161  -  MemoryUsage of job (MB)
	163960  -  ResidentSetSize of job (KB)
...
040 (16626177.312.000) 02/17 01:57:37 Started transferring output files
...
040 (16626177.312.000) 02/17 01:57:37 Finished transferring output files
...
005 (16626177.312.000) 02/17 01:57:37 Job terminated.
	(1) Normal termination (return value 0)
		Usr 0 00:52:16, Sys 0 00:00:01  -  Run Remote Usage
		Usr 0 00:00:00, Sys 0 00:00:00  -  Run Local Usage
		Usr 0 00:52:16, Sys 0 00:00:01  -  Total Remote Usage
		Usr 0 00:00:00, Sys 0 00:00:00  -  Total Local Usage
	8155  -  Run Bytes Sent By Job
	10428  -  Run Bytes Received By Job
	8155  -  Total Bytes Sent By Job
	10428  -  Total Bytes Received By Job
	Partitionable Resources :    Usage  Request Allocated 
	   Cpus                 :     0.99        1         1 
	   Disk (KB)            :    44          12      3793 
	   GPUs                 :                           0 
	   Memory (MB)          :   161        3000      3000 

	Job terminated of its own accord at 2025-02-17T00:57:37Z with exit-code 0.
...
