000 (16626177.183.000) 02/17 00:58:07 Job submitted from host: <188.185.72.155:9618?addrs=188.185.72.155-9618+[2001-1458-d00-8--100-95]-9618&alias=bigbird08.cern.ch&noUDP&sock=schedd_862983_22fa>
...
040 (16626177.183.000) 02/17 01:00:25 Started transferring input files
	Transferring to host: <188.185.196.161:9618?addrs=188.185.196.161-9618+[2001-1458-303-23--100-9d]-9618&alias=b9p16p2782.cern.ch&noUDP&sock=slot1_32_570685_f580_78032>
...
040 (16626177.183.000) 02/17 01:00:25 Finished transferring input files
...
001 (16626177.183.000) 02/17 01:00:26 Job executing on host: <188.185.196.161:9618?addrs=188.185.196.161-9618+[2001-1458-303-23--100-9d]-9618&alias=b9p16p2782.cern.ch&noUDP&sock=startd_7414_f73f>
	SlotName: slot1_32@b9p16p2782.cern.ch
	CondorScratchDir = "/pool/condor/dir_2137188"
	Cpus = 1
	Disk = 3886
	GPUs = 0
	Memory = 3000
...
006 (16626177.183.000) 02/17 01:00:34 Image size of job updated: 69996
	69  -  MemoryUsage of job (MB)
	69996  -  ResidentSetSize of job (KB)
...
006 (16626177.183.000) 02/17 01:05:34 Image size of job updated: 104300
	102  -  MemoryUsage of job (MB)
	104300  -  ResidentSetSize of job (KB)
...
006 (16626177.183.000) 02/17 01:10:35 Image size of job updated: 143420
	141  -  MemoryUsage of job (MB)
	143420  -  ResidentSetSize of job (KB)
...
006 (16626177.183.000) 02/17 01:15:36 Image size of job updated: 144136
	141  -  MemoryUsage of job (MB)
	144136  -  ResidentSetSize of job (KB)
...
006 (16626177.183.000) 02/17 01:20:36 Image size of job updated: 145488
	143  -  MemoryUsage of job (MB)
	145488  -  ResidentSetSize of job (KB)
...
006 (16626177.183.000) 02/17 01:30:38 Image size of job updated: 163488
	160  -  MemoryUsage of job (MB)
	163488  -  ResidentSetSize of job (KB)
...
006 (16626177.183.000) 02/17 01:35:38 Image size of job updated: 164560
	161  -  MemoryUsage of job (MB)
	164560  -  ResidentSetSize of job (KB)
...
006 (16626177.183.000) 02/17 01:40:38 Image size of job updated: 169880
	166  -  MemoryUsage of job (MB)
	169880  -  ResidentSetSize of job (KB)
...
006 (16626177.183.000) 02/17 01:45:39 Image size of job updated: 170708
	167  -  MemoryUsage of job (MB)
	170708  -  ResidentSetSize of job (KB)
...
040 (16626177.183.000) 02/17 01:49:08 Started transferring output files
...
040 (16626177.183.000) 02/17 01:49:08 Finished transferring output files
...
005 (16626177.183.000) 02/17 01:49:08 Job terminated.
	(1) Normal termination (return value 0)
		Usr 0 00:48:17, Sys 0 00:00:01  -  Run Remote Usage
		Usr 0 00:00:00, Sys 0 00:00:00  -  Run Local Usage
		Usr 0 00:48:17, Sys 0 00:00:01  -  Total Remote Usage
		Usr 0 00:00:00, Sys 0 00:00:00  -  Total Local Usage
	8153  -  Run Bytes Sent By Job
	10428  -  Run Bytes Received By Job
	8153  -  Total Bytes Sent By Job
	10428  -  Total Bytes Received By Job
	Partitionable Resources :    Usage  Request Allocated 
	   Cpus                 :     0.99        1         1 
	   Disk (KB)            :    44          12      3886 
	   GPUs                 :                           0 
	   Memory (MB)          :   167        3000      3000 

	Job terminated of its own accord at 2025-02-17T00:49:08Z with exit-code 0.
...
