000 (16626177.385.000) 02/17 00:58:07 Job submitted from host: <188.185.72.155:9618?addrs=188.185.72.155-9618+[2001-1458-d00-8--100-95]-9618&alias=bigbird08.cern.ch&noUDP&sock=schedd_862983_22fa>
...
040 (16626177.385.000) 02/17 01:04:51 Started transferring input files
	Transferring to host: <188.185.213.180:9618?addrs=188.185.213.180-9618+[2001-1458-303-1b--100-30]-9618&alias=b9p28p7628.cern.ch&noUDP&sock=slot1_19_3275115_8c57_94763>
...
040 (16626177.385.000) 02/17 01:04:51 Finished transferring input files
...
001 (16626177.385.000) 02/17 01:04:52 Job executing on host: <188.185.213.180:9618?addrs=188.185.213.180-9618+[2001-1458-303-1b--100-30]-9618&alias=b9p28p7628.cern.ch&noUDP&sock=startd_7151_91d6>
	SlotName: slot1_19@b9p28p7628.cern.ch
	CondorScratchDir = "/pool/condor/dir_3875866"
	Cpus = 1
	Disk = 3793
	GPUs = 0
	Memory = 3000
...
006 (16626177.385.000) 02/17 01:05:00 Image size of job updated: 101200
	99  -  MemoryUsage of job (MB)
	101200  -  ResidentSetSize of job (KB)
...
006 (16626177.385.000) 02/17 01:10:00 Image size of job updated: 138860
	136  -  MemoryUsage of job (MB)
	138860  -  ResidentSetSize of job (KB)
...
006 (16626177.385.000) 02/17 01:15:01 Image size of job updated: 142796
	140  -  MemoryUsage of job (MB)
	142796  -  ResidentSetSize of job (KB)
...
006 (16626177.385.000) 02/17 01:20:02 Image size of job updated: 144224
	141  -  MemoryUsage of job (MB)
	144224  -  ResidentSetSize of job (KB)
...
006 (16626177.385.000) 02/17 01:30:02 Image size of job updated: 147268
	144  -  MemoryUsage of job (MB)
	147268  -  ResidentSetSize of job (KB)
...
006 (16626177.385.000) 02/17 01:40:03 Image size of job updated: 152212
	149  -  MemoryUsage of job (MB)
	152212  -  ResidentSetSize of job (KB)
...
040 (16626177.385.000) 02/17 01:45:06 Started transferring output files
...
040 (16626177.385.000) 02/17 01:45:06 Finished transferring output files
...
005 (16626177.385.000) 02/17 01:45:06 Job terminated.
	(1) Normal termination (return value 0)
		Usr 0 00:39:46, Sys 0 00:00:01  -  Run Remote Usage
		Usr 0 00:00:00, Sys 0 00:00:00  -  Run Local Usage
		Usr 0 00:39:46, Sys 0 00:00:01  -  Total Remote Usage
		Usr 0 00:00:00, Sys 0 00:00:00  -  Total Local Usage
	8155  -  Run Bytes Sent By Job
	10428  -  Run Bytes Received By Job
	8155  -  Total Bytes Sent By Job
	10428  -  Total Bytes Received By Job
	Partitionable Resources :    Usage  Request Allocated 
	   Cpus                 :     0.99        1         1 
	   Disk (KB)            :    43          12      3793 
	   GPUs                 :                           0 
	   Memory (MB)          :   149        3000      3000 

	Job terminated of its own accord at 2025-02-17T00:45:06Z with exit-code 0.
...
