000 (16626177.473.000) 02/17 00:58:08 Job submitted from host: <188.185.72.155:9618?addrs=188.185.72.155-9618+[2001-1458-d00-8--100-95]-9618&alias=bigbird08.cern.ch&noUDP&sock=schedd_862983_22fa>
...
040 (16626177.473.000) 02/17 01:07:35 Started transferring input files
	Transferring to host: <188.185.214.11:9618?addrs=188.185.214.11-9618+[2001-1458-303-1c--100-7]-9618&alias=b9p29p4563.cern.ch&noUDP&sock=slot1_21_338631_ec63_78406>
...
040 (16626177.473.000) 02/17 01:07:35 Finished transferring input files
...
001 (16626177.473.000) 02/17 01:07:36 Job executing on host: <188.185.214.11:9618?addrs=188.185.214.11-9618+[2001-1458-303-1c--100-7]-9618&alias=b9p29p4563.cern.ch&noUDP&sock=startd_3788_d4d6>
	SlotName: slot1_21@b9p29p4563.cern.ch
	CondorScratchDir = "/pool/condor/dir_850991"
	Cpus = 1
	Disk = 3803
	GPUs = 0
	Memory = 3000
...
006 (16626177.473.000) 02/17 01:07:45 Image size of job updated: 99032
	97  -  MemoryUsage of job (MB)
	99032  -  ResidentSetSize of job (KB)
...
006 (16626177.473.000) 02/17 01:12:46 Image size of job updated: 135752
	133  -  MemoryUsage of job (MB)
	135752  -  ResidentSetSize of job (KB)
...
006 (16626177.473.000) 02/17 01:17:47 Image size of job updated: 139940
	137  -  MemoryUsage of job (MB)
	139940  -  ResidentSetSize of job (KB)
...
006 (16626177.473.000) 02/17 01:22:47 Image size of job updated: 141108
	138  -  MemoryUsage of job (MB)
	141108  -  ResidentSetSize of job (KB)
...
006 (16626177.473.000) 02/17 01:27:48 Image size of job updated: 142372
	140  -  MemoryUsage of job (MB)
	142372  -  ResidentSetSize of job (KB)
...
006 (16626177.473.000) 02/17 01:32:49 Image size of job updated: 156064
	153  -  MemoryUsage of job (MB)
	156064  -  ResidentSetSize of job (KB)
...
006 (16626177.473.000) 02/17 01:37:49 Image size of job updated: 157108
	154  -  MemoryUsage of job (MB)
	157108  -  ResidentSetSize of job (KB)
...
006 (16626177.473.000) 02/17 01:42:49 Image size of job updated: 162008
	159  -  MemoryUsage of job (MB)
	162008  -  ResidentSetSize of job (KB)
...
040 (16626177.473.000) 02/17 01:48:43 Started transferring output files
...
040 (16626177.473.000) 02/17 01:48:43 Finished transferring output files
...
005 (16626177.473.000) 02/17 01:48:43 Job terminated.
	(1) Normal termination (return value 0)
		Usr 0 00:39:40, Sys 0 00:00:08  -  Run Remote Usage
		Usr 0 00:00:00, Sys 0 00:00:00  -  Run Local Usage
		Usr 0 00:39:40, Sys 0 00:00:08  -  Total Remote Usage
		Usr 0 00:00:00, Sys 0 00:00:00  -  Total Local Usage
	8155  -  Run Bytes Sent By Job
	10428  -  Run Bytes Received By Job
	8155  -  Total Bytes Sent By Job
	10428  -  Total Bytes Received By Job
	Partitionable Resources :    Usage  Request Allocated 
	   Cpus                 :     0.97        1         1 
	   Disk (KB)            :    43          12      3803 
	   GPUs                 :                           0 
	   Memory (MB)          :   159        3000      3000 

	Job terminated of its own accord at 2025-02-17T00:48:43Z with exit-code 0.
...
