000 (16626177.444.000) 02/17 00:58:08 Job submitted from host: <188.185.72.155:9618?addrs=188.185.72.155-9618+[2001-1458-d00-8--100-95]-9618&alias=bigbird08.cern.ch&noUDP&sock=schedd_862983_22fa>
...
040 (16626177.444.000) 02/17 01:07:26 Started transferring input files
	Transferring to host: <188.185.192.149:9618?addrs=188.185.192.149-9618+[2001-1458-303-1f--100-91]-9618&alias=b9p13p9545.cern.ch&noUDP&sock=slot1_32_3318674_cde2_74826>
...
040 (16626177.444.000) 02/17 01:07:26 Finished transferring input files
...
001 (16626177.444.000) 02/17 01:07:27 Job executing on host: <188.185.192.149:9618?addrs=188.185.192.149-9618+[2001-1458-303-1f--100-91]-9618&alias=b9p13p9545.cern.ch&noUDP&sock=startd_4639_8bef>
	SlotName: slot1_32@b9p13p9545.cern.ch
	CondorScratchDir = "/pool/condor/dir_1998232"
	Cpus = 1
	Disk = 3790
	GPUs = 0
	Memory = 3000
...
006 (16626177.444.000) 02/17 01:07:35 Image size of job updated: 337812
	330  -  MemoryUsage of job (MB)
	337812  -  ResidentSetSize of job (KB)
...
006 (16626177.444.000) 02/17 01:12:35 Image size of job updated: 403632
	395  -  MemoryUsage of job (MB)
	403632  -  ResidentSetSize of job (KB)
...
006 (16626177.444.000) 02/17 01:17:36 Image size of job updated: 408324
	399  -  MemoryUsage of job (MB)
	408324  -  ResidentSetSize of job (KB)
...
006 (16626177.444.000) 02/17 01:22:36 Image size of job updated: 409224
	400  -  MemoryUsage of job (MB)
	409224  -  ResidentSetSize of job (KB)
...
006 (16626177.444.000) 02/17 01:27:36 Image size of job updated: 410832
	402  -  MemoryUsage of job (MB)
	410832  -  ResidentSetSize of job (KB)
...
006 (16626177.444.000) 02/17 01:37:38 Image size of job updated: 413060
	404  -  MemoryUsage of job (MB)
	413060  -  ResidentSetSize of job (KB)
...
006 (16626177.444.000) 02/17 01:42:38 Image size of job updated: 413968
	405  -  MemoryUsage of job (MB)
	413968  -  ResidentSetSize of job (KB)
...
006 (16626177.444.000) 02/17 01:47:39 Image size of job updated: 415516
	406  -  MemoryUsage of job (MB)
	415516  -  ResidentSetSize of job (KB)
...
006 (16626177.444.000) 02/17 01:52:40 Image size of job updated: 416620
	407  -  MemoryUsage of job (MB)
	416620  -  ResidentSetSize of job (KB)
...
040 (16626177.444.000) 02/17 01:55:47 Started transferring output files
...
040 (16626177.444.000) 02/17 01:55:47 Finished transferring output files
...
005 (16626177.444.000) 02/17 01:55:47 Job terminated.
	(1) Normal termination (return value 0)
		Usr 0 00:47:53, Sys 0 00:00:01  -  Run Remote Usage
		Usr 0 00:00:00, Sys 0 00:00:00  -  Run Local Usage
		Usr 0 00:47:53, Sys 0 00:00:01  -  Total Remote Usage
		Usr 0 00:00:00, Sys 0 00:00:00  -  Total Local Usage
	8149  -  Run Bytes Sent By Job
	10428  -  Run Bytes Received By Job
	8149  -  Total Bytes Sent By Job
	10428  -  Total Bytes Received By Job
	Partitionable Resources :    Usage  Request Allocated 
	   Cpus                 :     0.99        1         1 
	   Disk (KB)            :    44          12      3790 
	   GPUs                 :                           0 
	   Memory (MB)          :   407        3000      3000 

	Job terminated of its own accord at 2025-02-17T00:55:47Z with exit-code 0.
...
