000 (16626177.170.000) 02/17 00:58:07 Job submitted from host: <188.185.72.155:9618?addrs=188.185.72.155-9618+[2001-1458-d00-8--100-95]-9618&alias=bigbird08.cern.ch&noUDP&sock=schedd_862983_22fa>
...
040 (16626177.170.000) 02/17 01:00:24 Started transferring input files
	Transferring to host: <188.185.192.58:9618?addrs=188.185.192.58-9618+[2001-1458-303-1f--100-36]-9618&alias=b9p13p3997.cern.ch&noUDP&sock=slot1_6_3402531_a594_12348>
...
040 (16626177.170.000) 02/17 01:00:24 Finished transferring input files
...
001 (16626177.170.000) 02/17 01:00:25 Job executing on host: <188.185.192.58:9618?addrs=188.185.192.58-9618+[2001-1458-303-1f--100-36]-9618&alias=b9p13p3997.cern.ch&noUDP&sock=startd_11165_d6fd>
	SlotName: slot1_6@b9p13p3997.cern.ch
	CondorScratchDir = "/pool/condor/dir_1527419"
	Cpus = 1
	Disk = 3928
	GPUs = 0
	Memory = 3000
...
006 (16626177.170.000) 02/17 01:00:34 Image size of job updated: 388660
	380  -  MemoryUsage of job (MB)
	388660  -  ResidentSetSize of job (KB)
...
006 (16626177.170.000) 02/17 01:05:35 Image size of job updated: 390308
	382  -  MemoryUsage of job (MB)
	390308  -  ResidentSetSize of job (KB)
...
006 (16626177.170.000) 02/17 01:10:36 Image size of job updated: 430732
	421  -  MemoryUsage of job (MB)
	430732  -  ResidentSetSize of job (KB)
...
006 (16626177.170.000) 02/17 01:15:36 Image size of job updated: 431060
	421  -  MemoryUsage of job (MB)
	431060  -  ResidentSetSize of job (KB)
...
006 (16626177.170.000) 02/17 01:20:36 Image size of job updated: 432300
	423  -  MemoryUsage of job (MB)
	432300  -  ResidentSetSize of job (KB)
...
006 (16626177.170.000) 02/17 01:25:37 Image size of job updated: 432708
	423  -  MemoryUsage of job (MB)
	432708  -  ResidentSetSize of job (KB)
...
006 (16626177.170.000) 02/17 01:35:37 Image size of job updated: 441712
	432  -  MemoryUsage of job (MB)
	441712  -  ResidentSetSize of job (KB)
...
006 (16626177.170.000) 02/17 01:40:38 Image size of job updated: 442588
	433  -  MemoryUsage of job (MB)
	442588  -  ResidentSetSize of job (KB)
...
006 (16626177.170.000) 02/17 01:45:39 Image size of job updated: 448552
	439  -  MemoryUsage of job (MB)
	448552  -  ResidentSetSize of job (KB)
...
040 (16626177.170.000) 02/17 01:48:30 Started transferring output files
...
040 (16626177.170.000) 02/17 01:48:30 Finished transferring output files
...
005 (16626177.170.000) 02/17 01:48:30 Job terminated.
	(1) Normal termination (return value 0)
		Usr 0 00:47:42, Sys 0 00:00:01  -  Run Remote Usage
		Usr 0 00:00:00, Sys 0 00:00:00  -  Run Local Usage
		Usr 0 00:47:42, Sys 0 00:00:01  -  Total Remote Usage
		Usr 0 00:00:00, Sys 0 00:00:00  -  Total Local Usage
	8134  -  Run Bytes Sent By Job
	10428  -  Run Bytes Received By Job
	8134  -  Total Bytes Sent By Job
	10428  -  Total Bytes Received By Job
	Partitionable Resources :    Usage  Request Allocated 
	   Cpus                 :     0.99        1         1 
	   Disk (KB)            :    44          12      3928 
	   GPUs                 :                           0 
	   Memory (MB)          :   439        3000      3000 

	Job terminated of its own accord at 2025-02-17T00:48:30Z with exit-code 0.
...
