000 (16626177.321.000) 02/17 00:58:07 Job submitted from host: <188.185.72.155:9618?addrs=188.185.72.155-9618+[2001-1458-d00-8--100-95]-9618&alias=bigbird08.cern.ch&noUDP&sock=schedd_862983_22fa>
...
040 (16626177.321.000) 02/17 01:04:35 Started transferring input files
	Transferring to host: <188.185.196.146:9618?addrs=188.185.196.146-9618+[2001-1458-303-23--100-8e]-9618&alias=b9p16p3934.cern.ch&noUDP&sock=slot1_2_81382_bb26_5895>
...
040 (16626177.321.000) 02/17 01:04:35 Finished transferring input files
...
001 (16626177.321.000) 02/17 01:04:36 Job executing on host: <188.185.196.146:9618?addrs=188.185.196.146-9618+[2001-1458-303-23--100-8e]-9618&alias=b9p16p3934.cern.ch&noUDP&sock=startd_4723_29e3>
	SlotName: slot1_2@b9p16p3934.cern.ch
	CondorScratchDir = "/pool/condor/dir_2241623"
	Cpus = 1
	Disk = 3734
	GPUs = 0
	Memory = 3000
...
006 (16626177.321.000) 02/17 01:04:45 Image size of job updated: 1884
	2  -  MemoryUsage of job (MB)
	1884  -  ResidentSetSize of job (KB)
...
006 (16626177.321.000) 02/17 01:09:46 Image size of job updated: 103036
	101  -  MemoryUsage of job (MB)
	103036  -  ResidentSetSize of job (KB)
...
006 (16626177.321.000) 02/17 01:14:47 Image size of job updated: 140596
	138  -  MemoryUsage of job (MB)
	140596  -  ResidentSetSize of job (KB)
...
006 (16626177.321.000) 02/17 01:19:47 Image size of job updated: 143976
	141  -  MemoryUsage of job (MB)
	143976  -  ResidentSetSize of job (KB)
...
006 (16626177.321.000) 02/17 01:24:48 Image size of job updated: 144036
	141  -  MemoryUsage of job (MB)
	144036  -  ResidentSetSize of job (KB)
...
006 (16626177.321.000) 02/17 01:29:49 Image size of job updated: 146280
	143  -  MemoryUsage of job (MB)
	146280  -  ResidentSetSize of job (KB)
...
006 (16626177.321.000) 02/17 01:44:50 Image size of job updated: 158436
	155  -  MemoryUsage of job (MB)
	158436  -  ResidentSetSize of job (KB)
...
006 (16626177.321.000) 02/17 01:49:50 Image size of job updated: 159484
	156  -  MemoryUsage of job (MB)
	159484  -  ResidentSetSize of job (KB)
...
006 (16626177.321.000) 02/17 01:54:50 Image size of job updated: 160380
	157  -  MemoryUsage of job (MB)
	160380  -  ResidentSetSize of job (KB)
...
040 (16626177.321.000) 02/17 01:59:25 Started transferring output files
...
040 (16626177.321.000) 02/17 01:59:25 Finished transferring output files
...
005 (16626177.321.000) 02/17 01:59:25 Job terminated.
	(1) Normal termination (return value 0)
		Usr 0 00:53:55, Sys 0 00:00:01  -  Run Remote Usage
		Usr 0 00:00:00, Sys 0 00:00:00  -  Run Local Usage
		Usr 0 00:53:55, Sys 0 00:00:01  -  Total Remote Usage
		Usr 0 00:00:00, Sys 0 00:00:00  -  Total Local Usage
	8155  -  Run Bytes Sent By Job
	10428  -  Run Bytes Received By Job
	8155  -  Total Bytes Sent By Job
	10428  -  Total Bytes Received By Job
	Partitionable Resources :    Usage  Request Allocated 
	   Cpus                 :     0.99        1         1 
	   Disk (KB)            :    43          12      3734 
	   GPUs                 :                           0 
	   Memory (MB)          :   157        3000      3000 

	Job terminated of its own accord at 2025-02-17T00:59:25Z with exit-code 0.
...
