000 (16626177.181.000) 02/17 00:58:07 Job submitted from host: <188.185.72.155:9618?addrs=188.185.72.155-9618+[2001-1458-d00-8--100-95]-9618&alias=bigbird08.cern.ch&noUDP&sock=schedd_862983_22fa>
...
040 (16626177.181.000) 02/17 01:00:26 Started transferring input files
	Transferring to host: <188.185.194.44:9618?addrs=188.185.194.44-9618+[2001-1458-303-21--100-28]-9618&alias=b9p20p1112.cern.ch&noUDP&sock=slot1_16_3379150_9dfd_5774>
...
040 (16626177.181.000) 02/17 01:00:26 Finished transferring input files
...
001 (16626177.181.000) 02/17 01:00:27 Job executing on host: <188.185.194.44:9618?addrs=188.185.194.44-9618+[2001-1458-303-21--100-28]-9618&alias=b9p20p1112.cern.ch&noUDP&sock=startd_4569_884e>
	SlotName: slot1_16@b9p20p1112.cern.ch
	CondorScratchDir = "/pool/condor/dir_1542286"
	Cpus = 1
	Disk = 3801
	GPUs = 0
	Memory = 3000
...
006 (16626177.181.000) 02/17 01:00:35 Image size of job updated: 1876
	2  -  MemoryUsage of job (MB)
	1876  -  ResidentSetSize of job (KB)
...
006 (16626177.181.000) 02/17 01:05:35 Image size of job updated: 358628
	351  -  MemoryUsage of job (MB)
	358628  -  ResidentSetSize of job (KB)
...
006 (16626177.181.000) 02/17 01:10:36 Image size of job updated: 396860
	388  -  MemoryUsage of job (MB)
	396860  -  ResidentSetSize of job (KB)
...
006 (16626177.181.000) 02/17 01:15:37 Image size of job updated: 402684
	394  -  MemoryUsage of job (MB)
	402684  -  ResidentSetSize of job (KB)
...
006 (16626177.181.000) 02/17 01:20:37 Image size of job updated: 403536
	395  -  MemoryUsage of job (MB)
	403536  -  ResidentSetSize of job (KB)
...
006 (16626177.181.000) 02/17 01:25:38 Image size of job updated: 407432
	398  -  MemoryUsage of job (MB)
	407432  -  ResidentSetSize of job (KB)
...
006 (16626177.181.000) 02/17 01:50:40 Image size of job updated: 407668
	399  -  MemoryUsage of job (MB)
	407668  -  ResidentSetSize of job (KB)
...
006 (16626177.181.000) 02/17 01:55:40 Image size of job updated: 408804
	400  -  MemoryUsage of job (MB)
	408804  -  ResidentSetSize of job (KB)
...
040 (16626177.181.000) 02/17 01:58:10 Started transferring output files
...
040 (16626177.181.000) 02/17 01:58:10 Finished transferring output files
...
005 (16626177.181.000) 02/17 01:58:10 Job terminated.
	(1) Normal termination (return value 0)
		Usr 0 00:56:26, Sys 0 00:00:02  -  Run Remote Usage
		Usr 0 00:00:00, Sys 0 00:00:00  -  Run Local Usage
		Usr 0 00:56:26, Sys 0 00:00:02  -  Total Remote Usage
		Usr 0 00:00:00, Sys 0 00:00:00  -  Total Local Usage
	8155  -  Run Bytes Sent By Job
	10428  -  Run Bytes Received By Job
	8155  -  Total Bytes Sent By Job
	10428  -  Total Bytes Received By Job
	Partitionable Resources :    Usage  Request Allocated 
	   Cpus                 :     0.99        1         1 
	   Disk (KB)            :    44          12      3801 
	   GPUs                 :                           0 
	   Memory (MB)          :   400        3000      3000 

	Job terminated of its own accord at 2025-02-17T00:58:10Z with exit-code 0.
...
