000 (16626177.328.000) 02/17 00:58:07 Job submitted from host: <188.185.72.155:9618?addrs=188.185.72.155-9618+[2001-1458-d00-8--100-95]-9618&alias=bigbird08.cern.ch&noUDP&sock=schedd_862983_22fa>
...
040 (16626177.328.000) 02/17 01:04:31 Started transferring input files
	Transferring to host: <128.142.132.140:9618?addrs=128.142.132.140-9618+[2001-1458-301-5a--100-80]-9618&alias=b9g12p6606.cern.ch&noUDP&sock=slot1_38_3866917_9818_5696>
...
040 (16626177.328.000) 02/17 01:04:31 Finished transferring input files
...
001 (16626177.328.000) 02/17 01:04:32 Job executing on host: <128.142.132.140:9618?addrs=128.142.132.140-9618+[2001-1458-301-5a--100-80]-9618&alias=b9g12p6606.cern.ch&noUDP&sock=startd_2424_3da8>
	SlotName: slot1_38@b9g12p6606.cern.ch
	CondorScratchDir = "/pool/condor/dir_2524897"
	Cpus = 1
	Disk = 2602
	GPUs = 0
	Memory = 3000
...
006 (16626177.328.000) 02/17 01:04:41 Image size of job updated: 1876
	2  -  MemoryUsage of job (MB)
	1876  -  ResidentSetSize of job (KB)
...
006 (16626177.328.000) 02/17 01:09:42 Image size of job updated: 295956
	290  -  MemoryUsage of job (MB)
	295956  -  ResidentSetSize of job (KB)
...
006 (16626177.328.000) 02/17 01:14:42 Image size of job updated: 333272
	326  -  MemoryUsage of job (MB)
	333272  -  ResidentSetSize of job (KB)
...
006 (16626177.328.000) 02/17 01:19:42 Image size of job updated: 336872
	329  -  MemoryUsage of job (MB)
	336872  -  ResidentSetSize of job (KB)
...
006 (16626177.328.000) 02/17 01:24:43 Image size of job updated: 337352
	330  -  MemoryUsage of job (MB)
	337352  -  ResidentSetSize of job (KB)
...
006 (16626177.328.000) 02/17 01:29:44 Image size of job updated: 338036
	331  -  MemoryUsage of job (MB)
	338036  -  ResidentSetSize of job (KB)
...
006 (16626177.328.000) 02/17 01:34:44 Image size of job updated: 339072
	332  -  MemoryUsage of job (MB)
	339072  -  ResidentSetSize of job (KB)
...
006 (16626177.328.000) 02/17 01:44:46 Image size of job updated: 340928
	333  -  MemoryUsage of job (MB)
	340928  -  ResidentSetSize of job (KB)
...
006 (16626177.328.000) 02/17 01:49:46 Image size of job updated: 354096
	346  -  MemoryUsage of job (MB)
	354096  -  ResidentSetSize of job (KB)
...
006 (16626177.328.000) 02/17 01:54:46 Image size of job updated: 354704
	347  -  MemoryUsage of job (MB)
	354704  -  ResidentSetSize of job (KB)
...
006 (16626177.328.000) 02/17 01:59:47 Image size of job updated: 357736
	350  -  MemoryUsage of job (MB)
	357736  -  ResidentSetSize of job (KB)
...
006 (16626177.328.000) 02/17 02:04:47 Image size of job updated: 358780
	351  -  MemoryUsage of job (MB)
	358780  -  ResidentSetSize of job (KB)
...
040 (16626177.328.000) 02/17 02:08:18 Started transferring output files
...
040 (16626177.328.000) 02/17 02:08:18 Finished transferring output files
...
005 (16626177.328.000) 02/17 02:08:18 Job terminated.
	(1) Normal termination (return value 0)
		Usr 0 01:02:52, Sys 0 00:00:01  -  Run Remote Usage
		Usr 0 00:00:00, Sys 0 00:00:00  -  Run Local Usage
		Usr 0 01:02:52, Sys 0 00:00:01  -  Total Remote Usage
		Usr 0 00:00:00, Sys 0 00:00:00  -  Total Local Usage
	8155  -  Run Bytes Sent By Job
	10428  -  Run Bytes Received By Job
	8155  -  Total Bytes Sent By Job
	10428  -  Total Bytes Received By Job
	Partitionable Resources :    Usage  Request Allocated 
	   Cpus                 :     0.99        1         1 
	   Disk (KB)            :    43          12      2602 
	   GPUs                 :                           0 
	   Memory (MB)          :   351        3000      3000 

	Job terminated of its own accord at 2025-02-17T01:08:18Z with exit-code 0.
...
