000 (16626177.453.000) 02/17 00:58:08 Job submitted from host: <188.185.72.155:9618?addrs=188.185.72.155-9618+[2001-1458-d00-8--100-95]-9618&alias=bigbird08.cern.ch&noUDP&sock=schedd_862983_22fa>
...
040 (16626177.453.000) 02/17 01:07:28 Started transferring input files
	Transferring to host: <188.185.192.88:9618?addrs=188.185.192.88-9618+[2001-1458-303-1f--100-54]-9618&alias=b9p13p5626.cern.ch&noUDP&sock=slot1_31_8560_0b55_4979>
...
040 (16626177.453.000) 02/17 01:07:28 Finished transferring input files
...
001 (16626177.453.000) 02/17 01:07:29 Job executing on host: <188.185.192.88:9618?addrs=188.185.192.88-9618+[2001-1458-303-1f--100-54]-9618&alias=b9p13p5626.cern.ch&noUDP&sock=startd_8480_2734>
	SlotName: slot1_31@b9p13p5626.cern.ch
	CondorScratchDir = "/pool/condor/dir_711001"
	Cpus = 1
	Disk = 3736
	GPUs = 0
	Memory = 3000
...
006 (16626177.453.000) 02/17 01:07:38 Image size of job updated: 100880
	99  -  MemoryUsage of job (MB)
	100880  -  ResidentSetSize of job (KB)
...
006 (16626177.453.000) 02/17 01:12:39 Image size of job updated: 137880
	135  -  MemoryUsage of job (MB)
	137880  -  ResidentSetSize of job (KB)
...
006 (16626177.453.000) 02/17 01:17:40 Image size of job updated: 142436
	140  -  MemoryUsage of job (MB)
	142436  -  ResidentSetSize of job (KB)
...
006 (16626177.453.000) 02/17 01:22:40 Image size of job updated: 143192
	140  -  MemoryUsage of job (MB)
	143192  -  ResidentSetSize of job (KB)
...
006 (16626177.453.000) 02/17 01:32:42 Image size of job updated: 147268
	144  -  MemoryUsage of job (MB)
	147268  -  ResidentSetSize of job (KB)
...
006 (16626177.453.000) 02/17 01:37:42 Image size of job updated: 148044
	145  -  MemoryUsage of job (MB)
	148044  -  ResidentSetSize of job (KB)
...
006 (16626177.453.000) 02/17 01:42:42 Image size of job updated: 149344
	146  -  MemoryUsage of job (MB)
	149344  -  ResidentSetSize of job (KB)
...
040 (16626177.453.000) 02/17 01:48:41 Started transferring output files
...
040 (16626177.453.000) 02/17 01:48:41 Finished transferring output files
...
005 (16626177.453.000) 02/17 01:48:41 Job terminated.
	(1) Normal termination (return value 0)
		Usr 0 00:40:51, Sys 0 00:00:00  -  Run Remote Usage
		Usr 0 00:00:00, Sys 0 00:00:00  -  Run Local Usage
		Usr 0 00:40:51, Sys 0 00:00:00  -  Total Remote Usage
		Usr 0 00:00:00, Sys 0 00:00:00  -  Total Local Usage
	8155  -  Run Bytes Sent By Job
	10428  -  Run Bytes Received By Job
	8155  -  Total Bytes Sent By Job
	10428  -  Total Bytes Received By Job
	Partitionable Resources :    Usage  Request Allocated 
	   Cpus                 :     1.00        1         1 
	   Disk (KB)            :    43          12      3736 
	   GPUs                 :                           0 
	   Memory (MB)          :   146        3000      3000 

	Job terminated of its own accord at 2025-02-17T00:48:41Z with exit-code 0.
...
