000 (16626177.366.000) 02/17 00:58:07 Job submitted from host: <188.185.72.155:9618?addrs=188.185.72.155-9618+[2001-1458-d00-8--100-95]-9618&alias=bigbird08.cern.ch&noUDP&sock=schedd_862983_22fa>
...
040 (16626177.366.000) 02/17 01:04:42 Started transferring input files
	Transferring to host: <128.142.132.63:9618?addrs=128.142.132.63-9618+[2001-1458-301-5a--100-33]-9618&alias=b9g12p0821.cern.ch&noUDP&sock=slot1_21_3158724_8f3a_85982>
...
040 (16626177.366.000) 02/17 01:04:42 Finished transferring input files
...
001 (16626177.366.000) 02/17 01:04:43 Job executing on host: <128.142.132.63:9618?addrs=128.142.132.63-9618+[2001-1458-301-5a--100-33]-9618&alias=b9g12p0821.cern.ch&noUDP&sock=startd_2439_8794>
	SlotName: slot1_21@b9g12p0821.cern.ch
	CondorScratchDir = "/pool/condor/dir_3417513"
	Cpus = 1
	Disk = 2720
	GPUs = 0
	Memory = 3000
...
006 (16626177.366.000) 02/17 01:04:52 Image size of job updated: 1876
	2  -  MemoryUsage of job (MB)
	1876  -  ResidentSetSize of job (KB)
...
006 (16626177.366.000) 02/17 01:09:53 Image size of job updated: 102884
	101  -  MemoryUsage of job (MB)
	102884  -  ResidentSetSize of job (KB)
...
006 (16626177.366.000) 02/17 01:14:54 Image size of job updated: 139772
	137  -  MemoryUsage of job (MB)
	139772  -  ResidentSetSize of job (KB)
...
006 (16626177.366.000) 02/17 01:19:54 Image size of job updated: 142724
	140  -  MemoryUsage of job (MB)
	142724  -  ResidentSetSize of job (KB)
...
006 (16626177.366.000) 02/17 01:24:54 Image size of job updated: 143316
	140  -  MemoryUsage of job (MB)
	143316  -  ResidentSetSize of job (KB)
...
006 (16626177.366.000) 02/17 01:29:55 Image size of job updated: 144372
	141  -  MemoryUsage of job (MB)
	144372  -  ResidentSetSize of job (KB)
...
006 (16626177.366.000) 02/17 01:34:56 Image size of job updated: 146416
	143  -  MemoryUsage of job (MB)
	146416  -  ResidentSetSize of job (KB)
...
006 (16626177.366.000) 02/17 01:44:56 Image size of job updated: 149632
	147  -  MemoryUsage of job (MB)
	149632  -  ResidentSetSize of job (KB)
...
006 (16626177.366.000) 02/17 01:49:57 Image size of job updated: 149968
	147  -  MemoryUsage of job (MB)
	149968  -  ResidentSetSize of job (KB)
...
006 (16626177.366.000) 02/17 01:54:57 Image size of job updated: 150572
	148  -  MemoryUsage of job (MB)
	150572  -  ResidentSetSize of job (KB)
...
006 (16626177.366.000) 02/17 01:59:57 Image size of job updated: 151144
	148  -  MemoryUsage of job (MB)
	151144  -  ResidentSetSize of job (KB)
...
006 (16626177.366.000) 02/17 02:04:58 Image size of job updated: 152172
	149  -  MemoryUsage of job (MB)
	152172  -  ResidentSetSize of job (KB)
...
006 (16626177.366.000) 02/17 02:09:59 Image size of job updated: 152732
	150  -  MemoryUsage of job (MB)
	152732  -  ResidentSetSize of job (KB)
...
006 (16626177.366.000) 02/17 02:14:59 Image size of job updated: 154336
	151  -  MemoryUsage of job (MB)
	154336  -  ResidentSetSize of job (KB)
...
040 (16626177.366.000) 02/17 02:15:31 Started transferring output files
...
040 (16626177.366.000) 02/17 02:15:31 Finished transferring output files
...
005 (16626177.366.000) 02/17 02:15:31 Job terminated.
	(1) Normal termination (return value 0)
		Usr 0 01:09:20, Sys 0 00:00:04  -  Run Remote Usage
		Usr 0 00:00:00, Sys 0 00:00:00  -  Run Local Usage
		Usr 0 01:09:20, Sys 0 00:00:04  -  Total Remote Usage
		Usr 0 00:00:00, Sys 0 00:00:00  -  Total Local Usage
	8153  -  Run Bytes Sent By Job
	10428  -  Run Bytes Received By Job
	8153  -  Total Bytes Sent By Job
	10428  -  Total Bytes Received By Job
	Partitionable Resources :    Usage  Request Allocated 
	   Cpus                 :     0.99        1         1 
	   Disk (KB)            :    43          12      2720 
	   GPUs                 :                           0 
	   Memory (MB)          :   151        3000      3000 

	Job terminated of its own accord at 2025-02-17T01:15:31Z with exit-code 0.
...
