000 (16626177.495.000) 02/17 00:58:08 Job submitted from host: <188.185.72.155:9618?addrs=188.185.72.155-9618+[2001-1458-d00-8--100-95]-9618&alias=bigbird08.cern.ch&noUDP&sock=schedd_862983_22fa>
...
040 (16626177.495.000) 02/17 01:07:43 Started transferring input files
	Transferring to host: <188.185.214.31:9618?addrs=188.185.214.31-9618+[2001-1458-303-1c--100-1b]-9618&alias=b9p29p8354.cern.ch&noUDP&sock=slot1_21_3994_e25b_149211>
...
040 (16626177.495.000) 02/17 01:07:43 Finished transferring input files
...
001 (16626177.495.000) 02/17 01:07:44 Job executing on host: <188.185.214.31:9618?addrs=188.185.214.31-9618+[2001-1458-303-1c--100-1b]-9618&alias=b9p29p8354.cern.ch&noUDP&sock=startd_3238_93c0>
	SlotName: slot1_21@b9p29p8354.cern.ch
	CondorScratchDir = "/pool/condor/dir_2415422"
	Cpus = 1
	Disk = 3777
	GPUs = 0
	Memory = 3000
...
006 (16626177.495.000) 02/17 01:07:52 Image size of job updated: 100680
	99  -  MemoryUsage of job (MB)
	100680  -  ResidentSetSize of job (KB)
...
006 (16626177.495.000) 02/17 01:12:52 Image size of job updated: 138448
	136  -  MemoryUsage of job (MB)
	138448  -  ResidentSetSize of job (KB)
...
006 (16626177.495.000) 02/17 01:17:53 Image size of job updated: 142900
	140  -  MemoryUsage of job (MB)
	142900  -  ResidentSetSize of job (KB)
...
006 (16626177.495.000) 02/17 01:22:53 Image size of job updated: 144236
	141  -  MemoryUsage of job (MB)
	144236  -  ResidentSetSize of job (KB)
...
006 (16626177.495.000) 02/17 01:27:53 Image size of job updated: 149264
	146  -  MemoryUsage of job (MB)
	149264  -  ResidentSetSize of job (KB)
...
006 (16626177.495.000) 02/17 01:32:54 Image size of job updated: 154416
	151  -  MemoryUsage of job (MB)
	154416  -  ResidentSetSize of job (KB)
...
040 (16626177.495.000) 02/17 01:37:58 Started transferring output files
...
040 (16626177.495.000) 02/17 01:37:58 Finished transferring output files
...
005 (16626177.495.000) 02/17 01:37:58 Job terminated.
	(1) Normal termination (return value 0)
		Usr 0 00:29:55, Sys 0 00:00:01  -  Run Remote Usage
		Usr 0 00:00:00, Sys 0 00:00:00  -  Run Local Usage
		Usr 0 00:29:55, Sys 0 00:00:01  -  Total Remote Usage
		Usr 0 00:00:00, Sys 0 00:00:00  -  Total Local Usage
	8155  -  Run Bytes Sent By Job
	10428  -  Run Bytes Received By Job
	8155  -  Total Bytes Sent By Job
	10428  -  Total Bytes Received By Job
	Partitionable Resources :    Usage  Request Allocated 
	   Cpus                 :     0.99        1         1 
	   Disk (KB)            :    43          12      3777 
	   GPUs                 :                           0 
	   Memory (MB)          :   151        3000      3000 

	Job terminated of its own accord at 2025-02-17T00:37:58Z with exit-code 0.
...
