000 (16626177.289.000) 02/17 00:58:07 Job submitted from host: <188.185.72.155:9618?addrs=188.185.72.155-9618+[2001-1458-d00-8--100-95]-9618&alias=bigbird08.cern.ch&noUDP&sock=schedd_862983_22fa>
...
040 (16626177.289.000) 02/17 01:04:20 Started transferring input files
	Transferring to host: <128.142.161.100:9618?addrs=128.142.161.100-9618+[2001-1458-301-b8--100-22]-9618&alias=b9g03p3225.cern.ch&noUDP&sock=slot1_5_3209_c7dc_44255>
...
040 (16626177.289.000) 02/17 01:04:20 Finished transferring input files
...
001 (16626177.289.000) 02/17 01:04:21 Job executing on host: <128.142.161.100:9618?addrs=128.142.161.100-9618+[2001-1458-301-b8--100-22]-9618&alias=b9g03p3225.cern.ch&noUDP&sock=startd_3168_901f>
	SlotName: slot1_5@b9g03p3225.cern.ch
	CondorScratchDir = "/pool/condor/dir_1096703"
	Cpus = 1
	Disk = 3977
	GPUs = 0
	Memory = 3000
...
006 (16626177.289.000) 02/17 01:04:29 Image size of job updated: 72016
	71  -  MemoryUsage of job (MB)
	72016  -  ResidentSetSize of job (KB)
...
006 (16626177.289.000) 02/17 01:09:29 Image size of job updated: 135240
	133  -  MemoryUsage of job (MB)
	135240  -  ResidentSetSize of job (KB)
...
006 (16626177.289.000) 02/17 01:14:30 Image size of job updated: 136532
	134  -  MemoryUsage of job (MB)
	136532  -  ResidentSetSize of job (KB)
...
006 (16626177.289.000) 02/17 01:19:31 Image size of job updated: 139884
	137  -  MemoryUsage of job (MB)
	139884  -  ResidentSetSize of job (KB)
...
006 (16626177.289.000) 02/17 01:24:31 Image size of job updated: 140752
	138  -  MemoryUsage of job (MB)
	140752  -  ResidentSetSize of job (KB)
...
006 (16626177.289.000) 02/17 01:29:32 Image size of job updated: 141352
	139  -  MemoryUsage of job (MB)
	141352  -  ResidentSetSize of job (KB)
...
006 (16626177.289.000) 02/17 01:34:33 Image size of job updated: 143616
	141  -  MemoryUsage of job (MB)
	143616  -  ResidentSetSize of job (KB)
...
006 (16626177.289.000) 02/17 01:49:35 Image size of job updated: 145144
	142  -  MemoryUsage of job (MB)
	145144  -  ResidentSetSize of job (KB)
...
006 (16626177.289.000) 02/17 01:54:35 Image size of job updated: 145620
	143  -  MemoryUsage of job (MB)
	145620  -  ResidentSetSize of job (KB)
...
006 (16626177.289.000) 02/17 01:59:35 Image size of job updated: 146748
	144  -  MemoryUsage of job (MB)
	146748  -  ResidentSetSize of job (KB)
...
006 (16626177.289.000) 02/17 02:04:36 Image size of job updated: 149416
	146  -  MemoryUsage of job (MB)
	149416  -  ResidentSetSize of job (KB)
...
040 (16626177.289.000) 02/17 02:10:37 Started transferring output files
...
040 (16626177.289.000) 02/17 02:10:37 Finished transferring output files
...
005 (16626177.289.000) 02/17 02:10:37 Job terminated.
	(1) Normal termination (return value 0)
		Usr 0 01:03:50, Sys 0 00:00:03  -  Run Remote Usage
		Usr 0 00:00:00, Sys 0 00:00:00  -  Run Local Usage
		Usr 0 01:03:50, Sys 0 00:00:03  -  Total Remote Usage
		Usr 0 00:00:00, Sys 0 00:00:00  -  Total Local Usage
	8153  -  Run Bytes Sent By Job
	10428  -  Run Bytes Received By Job
	8153  -  Total Bytes Sent By Job
	10428  -  Total Bytes Received By Job
	Partitionable Resources :    Usage  Request Allocated 
	   Cpus                 :     0.99        1         1 
	   Disk (KB)            :    43          12      3977 
	   GPUs                 :                           0 
	   Memory (MB)          :   146        3000      3000 

	Job terminated of its own accord at 2025-02-17T01:10:37Z with exit-code 0.
...
