000 (16626177.332.000) 02/17 00:58:07 Job submitted from host: <188.185.72.155:9618?addrs=188.185.72.155-9618+[2001-1458-d00-8--100-95]-9618&alias=bigbird08.cern.ch&noUDP&sock=schedd_862983_22fa>
...
040 (16626177.332.000) 02/17 01:04:32 Started transferring input files
	Transferring to host: <128.142.192.200:9618?addrs=128.142.192.200-9618+[2001-1458-301-56--100-44]-9618&alias=b9g18p0307.cern.ch&noUDP&sock=slot1_3_3711609_0eec_88727>
...
040 (16626177.332.000) 02/17 01:04:32 Finished transferring input files
...
001 (16626177.332.000) 02/17 01:04:33 Job executing on host: <128.142.192.200:9618?addrs=128.142.192.200-9618+[2001-1458-301-56--100-44]-9618&alias=b9g18p0307.cern.ch&noUDP&sock=startd_3989_b360>
	SlotName: slot1_3@b9g18p0307.cern.ch
	CondorScratchDir = "/pool/condor/dir_1042422"
	Cpus = 1
	Disk = 3819
	GPUs = 0
	Memory = 3000
...
006 (16626177.332.000) 02/17 01:04:42 Image size of job updated: 186180
	182  -  MemoryUsage of job (MB)
	186180  -  ResidentSetSize of job (KB)
...
006 (16626177.332.000) 02/17 01:09:43 Image size of job updated: 186840
	183  -  MemoryUsage of job (MB)
	186840  -  ResidentSetSize of job (KB)
...
006 (16626177.332.000) 02/17 01:14:43 Image size of job updated: 224736
	220  -  MemoryUsage of job (MB)
	224736  -  ResidentSetSize of job (KB)
...
006 (16626177.332.000) 02/17 01:19:44 Image size of job updated: 228576
	224  -  MemoryUsage of job (MB)
	228576  -  ResidentSetSize of job (KB)
...
006 (16626177.332.000) 02/17 01:24:45 Image size of job updated: 229140
	224  -  MemoryUsage of job (MB)
	229140  -  ResidentSetSize of job (KB)
...
006 (16626177.332.000) 02/17 01:29:45 Image size of job updated: 231516
	227  -  MemoryUsage of job (MB)
	231516  -  ResidentSetSize of job (KB)
...
006 (16626177.332.000) 02/17 01:39:46 Image size of job updated: 232220
	227  -  MemoryUsage of job (MB)
	232220  -  ResidentSetSize of job (KB)
...
006 (16626177.332.000) 02/17 01:44:46 Image size of job updated: 232892
	228  -  MemoryUsage of job (MB)
	232892  -  ResidentSetSize of job (KB)
...
006 (16626177.332.000) 02/17 01:49:46 Image size of job updated: 236496
	231  -  MemoryUsage of job (MB)
	236496  -  ResidentSetSize of job (KB)
...
006 (16626177.332.000) 02/17 01:54:47 Image size of job updated: 239448
	234  -  MemoryUsage of job (MB)
	239448  -  ResidentSetSize of job (KB)
...
040 (16626177.332.000) 02/17 01:57:14 Started transferring output files
...
040 (16626177.332.000) 02/17 01:57:14 Finished transferring output files
...
005 (16626177.332.000) 02/17 01:57:14 Job terminated.
	(1) Normal termination (return value 0)
		Usr 0 00:52:05, Sys 0 00:00:05  -  Run Remote Usage
		Usr 0 00:00:00, Sys 0 00:00:00  -  Run Local Usage
		Usr 0 00:52:05, Sys 0 00:00:05  -  Total Remote Usage
		Usr 0 00:00:00, Sys 0 00:00:00  -  Total Local Usage
	8155  -  Run Bytes Sent By Job
	10428  -  Run Bytes Received By Job
	8155  -  Total Bytes Sent By Job
	10428  -  Total Bytes Received By Job
	Partitionable Resources :    Usage  Request Allocated 
	   Cpus                 :     1.00        1         1 
	   Disk (KB)            :    43          12      3819 
	   GPUs                 :                           0 
	   Memory (MB)          :   234        3000      3000 

	Job terminated of its own accord at 2025-02-17T00:57:14Z with exit-code 0.
...
