000 (16626177.227.000) 02/17 00:58:07 Job submitted from host: <188.185.72.155:9618?addrs=188.185.72.155-9618+[2001-1458-d00-8--100-95]-9618&alias=bigbird08.cern.ch&noUDP&sock=schedd_862983_22fa>
...
040 (16626177.227.000) 02/17 01:00:40 Started transferring input files
	Transferring to host: <128.142.161.91:9618?addrs=128.142.161.91-9618+[2001-1458-301-b8--100-19]-9618&alias=b9g03p3548.cern.ch&noUDP&sock=slot1_3_147784_f273_28931>
...
040 (16626177.227.000) 02/17 01:00:40 Finished transferring input files
...
001 (16626177.227.000) 02/17 01:00:41 Job executing on host: <128.142.161.91:9618?addrs=128.142.161.91-9618+[2001-1458-301-b8--100-19]-9618&alias=b9g03p3548.cern.ch&noUDP&sock=startd_4536_e5ae>
	SlotName: slot1_3@b9g03p3548.cern.ch
	CondorScratchDir = "/pool/condor/dir_68048"
	Cpus = 1
	Disk = 3957
	GPUs = 0
	Memory = 3000
...
006 (16626177.227.000) 02/17 01:00:49 Image size of job updated: 100944
	99  -  MemoryUsage of job (MB)
	100944  -  ResidentSetSize of job (KB)
...
006 (16626177.227.000) 02/17 01:05:49 Image size of job updated: 136988
	134  -  MemoryUsage of job (MB)
	136988  -  ResidentSetSize of job (KB)
...
006 (16626177.227.000) 02/17 01:10:50 Image size of job updated: 138636
	136  -  MemoryUsage of job (MB)
	138636  -  ResidentSetSize of job (KB)
...
006 (16626177.227.000) 02/17 01:15:51 Image size of job updated: 142636
	140  -  MemoryUsage of job (MB)
	142636  -  ResidentSetSize of job (KB)
...
006 (16626177.227.000) 02/17 01:20:51 Image size of job updated: 142876
	140  -  MemoryUsage of job (MB)
	142876  -  ResidentSetSize of job (KB)
...
006 (16626177.227.000) 02/17 01:25:52 Image size of job updated: 144940
	142  -  MemoryUsage of job (MB)
	144940  -  ResidentSetSize of job (KB)
...
006 (16626177.227.000) 02/17 01:35:53 Image size of job updated: 148232
	145  -  MemoryUsage of job (MB)
	148232  -  ResidentSetSize of job (KB)
...
006 (16626177.227.000) 02/17 01:40:53 Image size of job updated: 148912
	146  -  MemoryUsage of job (MB)
	148912  -  ResidentSetSize of job (KB)
...
006 (16626177.227.000) 02/17 01:45:54 Image size of job updated: 149700
	147  -  MemoryUsage of job (MB)
	149700  -  ResidentSetSize of job (KB)
...
006 (16626177.227.000) 02/17 01:50:54 Image size of job updated: 152852
	150  -  MemoryUsage of job (MB)
	152852  -  ResidentSetSize of job (KB)
...
040 (16626177.227.000) 02/17 01:56:17 Started transferring output files
...
040 (16626177.227.000) 02/17 01:56:17 Finished transferring output files
...
005 (16626177.227.000) 02/17 01:56:17 Job terminated.
	(1) Normal termination (return value 0)
		Usr 0 00:54:39, Sys 0 00:00:03  -  Run Remote Usage
		Usr 0 00:00:00, Sys 0 00:00:00  -  Run Local Usage
		Usr 0 00:54:39, Sys 0 00:00:03  -  Total Remote Usage
		Usr 0 00:00:00, Sys 0 00:00:00  -  Total Local Usage
	8155  -  Run Bytes Sent By Job
	10428  -  Run Bytes Received By Job
	8155  -  Total Bytes Sent By Job
	10428  -  Total Bytes Received By Job
	Partitionable Resources :    Usage  Request Allocated 
	   Cpus                 :     0.98        1         1 
	   Disk (KB)            :    43          12      3957 
	   GPUs                 :                           0 
	   Memory (MB)          :   150        3000      3000 

	Job terminated of its own accord at 2025-02-17T00:56:17Z with exit-code 0.
...
