000 (16626177.442.000) 02/17 00:58:08 Job submitted from host: <188.185.72.155:9618?addrs=188.185.72.155-9618+[2001-1458-d00-8--100-95]-9618&alias=bigbird08.cern.ch&noUDP&sock=schedd_862983_22fa>
...
040 (16626177.442.000) 02/17 01:07:37 Started transferring input files
	Transferring to host: <188.185.194.151:9618?addrs=188.185.194.151-9618+[2001-1458-303-21--100-93]-9618&alias=b9p20p8169.cern.ch&noUDP&sock=slot1_12_7203_ea3e_116354>
...
040 (16626177.442.000) 02/17 01:07:37 Finished transferring input files
...
001 (16626177.442.000) 02/17 01:07:38 Job executing on host: <188.185.194.151:9618?addrs=188.185.194.151-9618+[2001-1458-303-21--100-93]-9618&alias=b9p20p8169.cern.ch&noUDP&sock=startd_5733_f08b>
	SlotName: slot1_12@b9p20p8169.cern.ch
	CondorScratchDir = "/pool/condor/dir_2548233"
	Cpus = 1
	Disk = 3880
	GPUs = 0
	Memory = 3000
...
006 (16626177.442.000) 02/17 01:07:46 Image size of job updated: 70304
	69  -  MemoryUsage of job (MB)
	70304  -  ResidentSetSize of job (KB)
...
006 (16626177.442.000) 02/17 01:12:46 Image size of job updated: 102636
	101  -  MemoryUsage of job (MB)
	102636  -  ResidentSetSize of job (KB)
...
006 (16626177.442.000) 02/17 01:17:47 Image size of job updated: 141588
	139  -  MemoryUsage of job (MB)
	141588  -  ResidentSetSize of job (KB)
...
006 (16626177.442.000) 02/17 01:22:48 Image size of job updated: 142580
	140  -  MemoryUsage of job (MB)
	142580  -  ResidentSetSize of job (KB)
...
006 (16626177.442.000) 02/17 01:27:48 Image size of job updated: 143608
	141  -  MemoryUsage of job (MB)
	143608  -  ResidentSetSize of job (KB)
...
006 (16626177.442.000) 02/17 01:42:50 Image size of job updated: 151220
	148  -  MemoryUsage of job (MB)
	151220  -  ResidentSetSize of job (KB)
...
006 (16626177.442.000) 02/17 01:52:51 Image size of job updated: 155232
	152  -  MemoryUsage of job (MB)
	155232  -  ResidentSetSize of job (KB)
...
006 (16626177.442.000) 02/17 01:57:51 Image size of job updated: 155996
	153  -  MemoryUsage of job (MB)
	155996  -  ResidentSetSize of job (KB)
...
006 (16626177.442.000) 02/17 02:02:51 Image size of job updated: 156720
	154  -  MemoryUsage of job (MB)
	156720  -  ResidentSetSize of job (KB)
...
040 (16626177.442.000) 02/17 02:04:14 Started transferring output files
...
040 (16626177.442.000) 02/17 02:04:14 Finished transferring output files
...
005 (16626177.442.000) 02/17 02:04:14 Job terminated.
	(1) Normal termination (return value 0)
		Usr 0 00:56:00, Sys 0 00:00:01  -  Run Remote Usage
		Usr 0 00:00:00, Sys 0 00:00:00  -  Run Local Usage
		Usr 0 00:56:00, Sys 0 00:00:01  -  Total Remote Usage
		Usr 0 00:00:00, Sys 0 00:00:00  -  Total Local Usage
	8155  -  Run Bytes Sent By Job
	10428  -  Run Bytes Received By Job
	8155  -  Total Bytes Sent By Job
	10428  -  Total Bytes Received By Job
	Partitionable Resources :    Usage  Request Allocated 
	   Cpus                 :     0.99        1         1 
	   Disk (KB)            :    44          12      3880 
	   GPUs                 :                           0 
	   Memory (MB)          :   154        3000      3000 

	Job terminated of its own accord at 2025-02-17T01:04:14Z with exit-code 0.
...
