000 (16626177.339.000) 02/17 00:58:07 Job submitted from host: <188.185.72.155:9618?addrs=188.185.72.155-9618+[2001-1458-d00-8--100-95]-9618&alias=bigbird08.cern.ch&noUDP&sock=schedd_862983_22fa>
...
040 (16626177.339.000) 02/17 01:04:36 Started transferring input files
	Transferring to host: <188.185.213.180:9618?addrs=188.185.213.180-9618+[2001-1458-303-1b--100-30]-9618&alias=b9p28p7628.cern.ch&noUDP&sock=slot1_7_3275115_8c57_94759>
...
040 (16626177.339.000) 02/17 01:04:36 Finished transferring input files
...
001 (16626177.339.000) 02/17 01:04:37 Job executing on host: <188.185.213.180:9618?addrs=188.185.213.180-9618+[2001-1458-303-1b--100-30]-9618&alias=b9p28p7628.cern.ch&noUDP&sock=startd_7151_91d6>
	SlotName: slot1_7@b9p28p7628.cern.ch
	CondorScratchDir = "/pool/condor/dir_3875284"
	Cpus = 1
	Disk = 3794
	GPUs = 0
	Memory = 3000
...
006 (16626177.339.000) 02/17 01:04:45 Image size of job updated: 101728
	100  -  MemoryUsage of job (MB)
	101728  -  ResidentSetSize of job (KB)
...
006 (16626177.339.000) 02/17 01:09:45 Image size of job updated: 139552
	137  -  MemoryUsage of job (MB)
	139552  -  ResidentSetSize of job (KB)
...
006 (16626177.339.000) 02/17 01:14:46 Image size of job updated: 142848
	140  -  MemoryUsage of job (MB)
	142848  -  ResidentSetSize of job (KB)
...
006 (16626177.339.000) 02/17 01:19:47 Image size of job updated: 144392
	142  -  MemoryUsage of job (MB)
	144392  -  ResidentSetSize of job (KB)
...
006 (16626177.339.000) 02/17 01:29:48 Image size of job updated: 146180
	143  -  MemoryUsage of job (MB)
	146180  -  ResidentSetSize of job (KB)
...
006 (16626177.339.000) 02/17 01:34:49 Image size of job updated: 147700
	145  -  MemoryUsage of job (MB)
	147700  -  ResidentSetSize of job (KB)
...
006 (16626177.339.000) 02/17 01:39:49 Image size of job updated: 149180
	146  -  MemoryUsage of job (MB)
	149180  -  ResidentSetSize of job (KB)
...
006 (16626177.339.000) 02/17 01:44:50 Image size of job updated: 153084
	150  -  MemoryUsage of job (MB)
	153084  -  ResidentSetSize of job (KB)
...
040 (16626177.339.000) 02/17 01:45:09 Started transferring output files
...
040 (16626177.339.000) 02/17 01:45:09 Finished transferring output files
...
005 (16626177.339.000) 02/17 01:45:09 Job terminated.
	(1) Normal termination (return value 0)
		Usr 0 00:40:01, Sys 0 00:00:02  -  Run Remote Usage
		Usr 0 00:00:00, Sys 0 00:00:00  -  Run Local Usage
		Usr 0 00:40:01, Sys 0 00:00:02  -  Total Remote Usage
		Usr 0 00:00:00, Sys 0 00:00:00  -  Total Local Usage
	8153  -  Run Bytes Sent By Job
	10428  -  Run Bytes Received By Job
	8153  -  Total Bytes Sent By Job
	10428  -  Total Bytes Received By Job
	Partitionable Resources :    Usage  Request Allocated 
	   Cpus                 :     0.99        1         1 
	   Disk (KB)            :    43          12      3794 
	   GPUs                 :                           0 
	   Memory (MB)          :   150        3000      3000 

	Job terminated of its own accord at 2025-02-17T00:45:09Z with exit-code 0.
...
