000 (16626177.299.000) 02/17 00:58:07 Job submitted from host: <188.185.72.155:9618?addrs=188.185.72.155-9618+[2001-1458-d00-8--100-95]-9618&alias=bigbird08.cern.ch&noUDP&sock=schedd_862983_22fa>
...
040 (16626177.299.000) 02/17 01:04:34 Started transferring input files
	Transferring to host: <188.185.192.81:9618?addrs=188.185.192.81-9618+[2001-1458-303-1f--100-4d]-9618&alias=b9p13p6807.cern.ch&noUDP&sock=slot1_26_544221_ad4c_10530>
...
040 (16626177.299.000) 02/17 01:04:34 Finished transferring input files
...
001 (16626177.299.000) 02/17 01:04:35 Job executing on host: <188.185.192.81:9618?addrs=188.185.192.81-9618+[2001-1458-303-1f--100-4d]-9618&alias=b9p13p6807.cern.ch&noUDP&sock=startd_11236_8a37>
	SlotName: slot1_26@b9p13p6807.cern.ch
	CondorScratchDir = "/pool/condor/dir_3613810"
	Cpus = 1
	Disk = 3713
	GPUs = 0
	Memory = 3000
...
006 (16626177.299.000) 02/17 01:04:43 Image size of job updated: 379812
	371  -  MemoryUsage of job (MB)
	379812  -  ResidentSetSize of job (KB)
...
006 (16626177.299.000) 02/17 01:09:43 Image size of job updated: 412188
	403  -  MemoryUsage of job (MB)
	412188  -  ResidentSetSize of job (KB)
...
006 (16626177.299.000) 02/17 01:14:44 Image size of job updated: 449384
	439  -  MemoryUsage of job (MB)
	449384  -  ResidentSetSize of job (KB)
...
006 (16626177.299.000) 02/17 01:19:45 Image size of job updated: 453276
	443  -  MemoryUsage of job (MB)
	453276  -  ResidentSetSize of job (KB)
...
006 (16626177.299.000) 02/17 01:24:45 Image size of job updated: 453516
	443  -  MemoryUsage of job (MB)
	453516  -  ResidentSetSize of job (KB)
...
006 (16626177.299.000) 02/17 01:29:46 Image size of job updated: 454256
	444  -  MemoryUsage of job (MB)
	454256  -  ResidentSetSize of job (KB)
...
006 (16626177.299.000) 02/17 01:44:48 Image size of job updated: 456732
	447  -  MemoryUsage of job (MB)
	456732  -  ResidentSetSize of job (KB)
...
006 (16626177.299.000) 02/17 01:49:49 Image size of job updated: 457588
	447  -  MemoryUsage of job (MB)
	457588  -  ResidentSetSize of job (KB)
...
006 (16626177.299.000) 02/17 01:54:49 Image size of job updated: 461524
	451  -  MemoryUsage of job (MB)
	461524  -  ResidentSetSize of job (KB)
...
006 (16626177.299.000) 02/17 01:59:49 Image size of job updated: 464020
	454  -  MemoryUsage of job (MB)
	464020  -  ResidentSetSize of job (KB)
...
040 (16626177.299.000) 02/17 02:04:18 Started transferring output files
...
040 (16626177.299.000) 02/17 02:04:18 Finished transferring output files
...
005 (16626177.299.000) 02/17 02:04:18 Job terminated.
	(1) Normal termination (return value 0)
		Usr 0 00:58:06, Sys 0 00:00:03  -  Run Remote Usage
		Usr 0 00:00:00, Sys 0 00:00:00  -  Run Local Usage
		Usr 0 00:58:06, Sys 0 00:00:03  -  Total Remote Usage
		Usr 0 00:00:00, Sys 0 00:00:00  -  Total Local Usage
	8155  -  Run Bytes Sent By Job
	10428  -  Run Bytes Received By Job
	8155  -  Total Bytes Sent By Job
	10428  -  Total Bytes Received By Job
	Partitionable Resources :    Usage  Request Allocated 
	   Cpus                 :     0.99        1         1 
	   Disk (KB)            :    44          12      3713 
	   GPUs                 :                           0 
	   Memory (MB)          :   454        3000      3000 

	Job terminated of its own accord at 2025-02-17T01:04:18Z with exit-code 0.
...
