000 (16626177.235.000) 02/17 00:58:07 Job submitted from host: <188.185.72.155:9618?addrs=188.185.72.155-9618+[2001-1458-d00-8--100-95]-9618&alias=bigbird08.cern.ch&noUDP&sock=schedd_862983_22fa>
...
040 (16626177.235.000) 02/17 01:00:43 Started transferring input files
	Transferring to host: <188.185.196.156:9618?addrs=188.185.196.156-9618+[2001-1458-303-23--100-98]-9618&alias=b9p16p0600.cern.ch&noUDP&sock=slot1_29_2591267_c4b6_4614>
...
040 (16626177.235.000) 02/17 01:00:43 Finished transferring input files
...
001 (16626177.235.000) 02/17 01:00:44 Job executing on host: <188.185.196.156:9618?addrs=188.185.196.156-9618+[2001-1458-303-23--100-98]-9618&alias=b9p16p0600.cern.ch&noUDP&sock=startd_11223_9f7c>
	SlotName: slot1_29@b9p16p0600.cern.ch
	CondorScratchDir = "/pool/condor/dir_25563"
	Cpus = 1
	Disk = 3901
	GPUs = 0
	Memory = 3000
...
006 (16626177.235.000) 02/17 01:00:53 Image size of job updated: 1892
	2  -  MemoryUsage of job (MB)
	1892  -  ResidentSetSize of job (KB)
...
006 (16626177.235.000) 02/17 01:05:54 Image size of job updated: 136712
	134  -  MemoryUsage of job (MB)
	136712  -  ResidentSetSize of job (KB)
...
006 (16626177.235.000) 02/17 01:10:55 Image size of job updated: 138832
	136  -  MemoryUsage of job (MB)
	138832  -  ResidentSetSize of job (KB)
...
006 (16626177.235.000) 02/17 01:15:55 Image size of job updated: 143240
	140  -  MemoryUsage of job (MB)
	143240  -  ResidentSetSize of job (KB)
...
006 (16626177.235.000) 02/17 01:20:55 Image size of job updated: 143644
	141  -  MemoryUsage of job (MB)
	143644  -  ResidentSetSize of job (KB)
...
006 (16626177.235.000) 02/17 01:30:57 Image size of job updated: 150880
	148  -  MemoryUsage of job (MB)
	150880  -  ResidentSetSize of job (KB)
...
006 (16626177.235.000) 02/17 01:35:57 Image size of job updated: 151004
	148  -  MemoryUsage of job (MB)
	151004  -  ResidentSetSize of job (KB)
...
006 (16626177.235.000) 02/17 01:40:57 Image size of job updated: 152548
	149  -  MemoryUsage of job (MB)
	152548  -  ResidentSetSize of job (KB)
...
040 (16626177.235.000) 02/17 01:46:44 Started transferring output files
...
040 (16626177.235.000) 02/17 01:46:44 Finished transferring output files
...
005 (16626177.235.000) 02/17 01:46:44 Job terminated.
	(1) Normal termination (return value 0)
		Usr 0 00:45:05, Sys 0 00:00:01  -  Run Remote Usage
		Usr 0 00:00:00, Sys 0 00:00:00  -  Run Local Usage
		Usr 0 00:45:05, Sys 0 00:00:01  -  Total Remote Usage
		Usr 0 00:00:00, Sys 0 00:00:00  -  Total Local Usage
	8155  -  Run Bytes Sent By Job
	10428  -  Run Bytes Received By Job
	8155  -  Total Bytes Sent By Job
	10428  -  Total Bytes Received By Job
	Partitionable Resources :    Usage  Request Allocated 
	   Cpus                 :     0.99        1         1 
	   Disk (KB)            :    43          12      3901 
	   GPUs                 :                           0 
	   Memory (MB)          :   149        3000      3000 

	Job terminated of its own accord at 2025-02-17T00:46:44Z with exit-code 0.
...
