000 (16626177.190.000) 02/17 00:58:07 Job submitted from host: <188.185.72.155:9618?addrs=188.185.72.155-9618+[2001-1458-d00-8--100-95]-9618&alias=bigbird08.cern.ch&noUDP&sock=schedd_862983_22fa>
...
040 (16626177.190.000) 02/17 01:00:28 Started transferring input files
	Transferring to host: <188.185.194.157:9618?addrs=188.185.194.157-9618+[2001-1458-303-21--100-99]-9618&alias=b9p20p5710.cern.ch&noUDP&sock=slot1_12_1176729_c844_3504>
...
040 (16626177.190.000) 02/17 01:00:28 Finished transferring input files
...
001 (16626177.190.000) 02/17 01:00:29 Job executing on host: <188.185.194.157:9618?addrs=188.185.194.157-9618+[2001-1458-303-21--100-99]-9618&alias=b9p20p5710.cern.ch&noUDP&sock=startd_7319_cdbf>
	SlotName: slot1_12@b9p20p5710.cern.ch
	CondorScratchDir = "/pool/condor/dir_2604249"
	Cpus = 1
	Disk = 3841
	GPUs = 0
	Memory = 3000
...
006 (16626177.190.000) 02/17 01:00:38 Image size of job updated: 70244
	69  -  MemoryUsage of job (MB)
	70244  -  ResidentSetSize of job (KB)
...
006 (16626177.190.000) 02/17 01:05:40 Image size of job updated: 103248
	101  -  MemoryUsage of job (MB)
	103248  -  ResidentSetSize of job (KB)
...
006 (16626177.190.000) 02/17 01:10:40 Image size of job updated: 140100
	137  -  MemoryUsage of job (MB)
	140100  -  ResidentSetSize of job (KB)
...
006 (16626177.190.000) 02/17 01:15:40 Image size of job updated: 144552
	142  -  MemoryUsage of job (MB)
	144552  -  ResidentSetSize of job (KB)
...
006 (16626177.190.000) 02/17 01:20:41 Image size of job updated: 144804
	142  -  MemoryUsage of job (MB)
	144804  -  ResidentSetSize of job (KB)
...
006 (16626177.190.000) 02/17 01:35:42 Image size of job updated: 146740
	144  -  MemoryUsage of job (MB)
	146740  -  ResidentSetSize of job (KB)
...
006 (16626177.190.000) 02/17 01:40:43 Image size of job updated: 148004
	145  -  MemoryUsage of job (MB)
	148004  -  ResidentSetSize of job (KB)
...
006 (16626177.190.000) 02/17 01:45:43 Image size of job updated: 153256
	150  -  MemoryUsage of job (MB)
	153256  -  ResidentSetSize of job (KB)
...
040 (16626177.190.000) 02/17 01:55:27 Started transferring output files
...
040 (16626177.190.000) 02/17 01:55:27 Finished transferring output files
...
005 (16626177.190.000) 02/17 01:55:27 Job terminated.
	(1) Normal termination (return value 0)
		Usr 0 00:54:13, Sys 0 00:00:01  -  Run Remote Usage
		Usr 0 00:00:00, Sys 0 00:00:00  -  Run Local Usage
		Usr 0 00:54:13, Sys 0 00:00:01  -  Total Remote Usage
		Usr 0 00:00:00, Sys 0 00:00:00  -  Total Local Usage
	8155  -  Run Bytes Sent By Job
	10428  -  Run Bytes Received By Job
	8155  -  Total Bytes Sent By Job
	10428  -  Total Bytes Received By Job
	Partitionable Resources :    Usage  Request Allocated 
	   Cpus                 :     0.99        1         1 
	   Disk (KB)            :    43          12      3841 
	   GPUs                 :                           0 
	   Memory (MB)          :   150        3000      3000 

	Job terminated of its own accord at 2025-02-17T00:55:27Z with exit-code 0.
...
