000 (16626177.065.000) 02/17 00:58:07 Job submitted from host: <188.185.72.155:9618?addrs=188.185.72.155-9618+[2001-1458-d00-8--100-95]-9618&alias=bigbird08.cern.ch&noUDP&sock=schedd_862983_22fa>
...
040 (16626177.065.000) 02/17 00:58:34 Started transferring input files
	Transferring to host: <188.185.196.61:9618?addrs=188.185.196.61-9618+[2001-1458-303-23--100-39]-9618&alias=b9p16p0681.cern.ch&noUDP&sock=slot1_19_2373406_fc3b_7107>
...
040 (16626177.065.000) 02/17 00:58:34 Finished transferring input files
...
001 (16626177.065.000) 02/17 00:58:35 Job executing on host: <188.185.196.61:9618?addrs=188.185.196.61-9618+[2001-1458-303-23--100-39]-9618&alias=b9p16p0681.cern.ch&noUDP&sock=startd_6100_abcd>
	SlotName: slot1_19@b9p16p0681.cern.ch
	CondorScratchDir = "/pool/condor/dir_1997736"
	Cpus = 1
	Disk = 3855
	GPUs = 0
	Memory = 3000
...
006 (16626177.065.000) 02/17 00:58:43 Image size of job updated: 123548
	121  -  MemoryUsage of job (MB)
	123548  -  ResidentSetSize of job (KB)
...
006 (16626177.065.000) 02/17 01:03:43 Image size of job updated: 190280
	186  -  MemoryUsage of job (MB)
	190280  -  ResidentSetSize of job (KB)
...
006 (16626177.065.000) 02/17 01:08:43 Image size of job updated: 194632
	191  -  MemoryUsage of job (MB)
	194632  -  ResidentSetSize of job (KB)
...
006 (16626177.065.000) 02/17 01:13:44 Image size of job updated: 195236
	191  -  MemoryUsage of job (MB)
	195236  -  ResidentSetSize of job (KB)
...
006 (16626177.065.000) 02/17 01:18:44 Image size of job updated: 196376
	192  -  MemoryUsage of job (MB)
	196376  -  ResidentSetSize of job (KB)
...
006 (16626177.065.000) 02/17 01:23:44 Image size of job updated: 202080
	198  -  MemoryUsage of job (MB)
	202080  -  ResidentSetSize of job (KB)
...
006 (16626177.065.000) 02/17 01:28:45 Image size of job updated: 203248
	199  -  MemoryUsage of job (MB)
	203248  -  ResidentSetSize of job (KB)
...
006 (16626177.065.000) 02/17 01:33:46 Image size of job updated: 208160
	204  -  MemoryUsage of job (MB)
	208160  -  ResidentSetSize of job (KB)
...
040 (16626177.065.000) 02/17 01:40:08 Started transferring output files
...
040 (16626177.065.000) 02/17 01:40:08 Finished transferring output files
...
005 (16626177.065.000) 02/17 01:40:08 Job terminated.
	(1) Normal termination (return value 0)
		Usr 0 00:41:12, Sys 0 00:00:00  -  Run Remote Usage
		Usr 0 00:00:00, Sys 0 00:00:00  -  Run Local Usage
		Usr 0 00:41:12, Sys 0 00:00:00  -  Total Remote Usage
		Usr 0 00:00:00, Sys 0 00:00:00  -  Total Local Usage
	8152  -  Run Bytes Sent By Job
	10428  -  Run Bytes Received By Job
	8152  -  Total Bytes Sent By Job
	10428  -  Total Bytes Received By Job
	Partitionable Resources :    Usage  Request Allocated 
	   Cpus                 :     0.99        1         1 
	   Disk (KB)            :    43          12      3855 
	   GPUs                 :                           0 
	   Memory (MB)          :   204        3000      3000 

	Job terminated of its own accord at 2025-02-17T00:40:08Z with exit-code 0.
...
