000 (16626178.000.000) 02/17 00:58:15 Job submitted from host: <188.185.72.155:9618?addrs=188.185.72.155-9618+[2001-1458-d00-8--100-95]-9618&alias=bigbird08.cern.ch&noUDP&sock=schedd_862983_22fa>
...
040 (16626178.000.000) 02/17 01:07:44 Started transferring input files
	Transferring to host: <188.185.195.130:9618?addrs=188.185.195.130-9618+[2001-1458-303-22--100-7e]-9618&alias=b9p17p4657.cern.ch&noUDP&sock=slot1_28_3776970_cbae_10547>
...
040 (16626178.000.000) 02/17 01:07:44 Finished transferring input files
...
001 (16626178.000.000) 02/17 01:07:45 Job executing on host: <188.185.195.130:9618?addrs=188.185.195.130-9618+[2001-1458-303-22--100-7e]-9618&alias=b9p17p4657.cern.ch&noUDP&sock=startd_10915_5c50>
	SlotName: slot1_28@b9p17p4657.cern.ch
	CondorScratchDir = "/pool/condor/dir_349163"
	Cpus = 1
	Disk = 3926
	GPUs = 0
	Memory = 3000
...
006 (16626178.000.000) 02/17 01:07:53 Image size of job updated: 99548
	98  -  MemoryUsage of job (MB)
	99548  -  ResidentSetSize of job (KB)
...
006 (16626178.000.000) 02/17 01:12:53 Image size of job updated: 136640
	134  -  MemoryUsage of job (MB)
	136640  -  ResidentSetSize of job (KB)
...
006 (16626178.000.000) 02/17 01:17:54 Image size of job updated: 141728
	139  -  MemoryUsage of job (MB)
	141728  -  ResidentSetSize of job (KB)
...
006 (16626178.000.000) 02/17 01:22:55 Image size of job updated: 148120
	145  -  MemoryUsage of job (MB)
	148120  -  ResidentSetSize of job (KB)
...
006 (16626178.000.000) 02/17 01:27:55 Image size of job updated: 148364
	145  -  MemoryUsage of job (MB)
	148364  -  ResidentSetSize of job (KB)
...
040 (16626178.000.000) 02/17 01:35:18 Started transferring output files
...
040 (16626178.000.000) 02/17 01:35:18 Finished transferring output files
...
005 (16626178.000.000) 02/17 01:35:18 Job terminated.
	(1) Normal termination (return value 0)
		Usr 0 00:27:12, Sys 0 00:00:00  -  Run Remote Usage
		Usr 0 00:00:00, Sys 0 00:00:00  -  Run Local Usage
		Usr 0 00:27:12, Sys 0 00:00:00  -  Total Remote Usage
		Usr 0 00:00:00, Sys 0 00:00:00  -  Total Local Usage
	7717  -  Run Bytes Sent By Job
	10428  -  Run Bytes Received By Job
	7717  -  Total Bytes Sent By Job
	10428  -  Total Bytes Received By Job
	Partitionable Resources :    Usage  Request Allocated 
	   Cpus                 :     0.99        1         1 
	   Disk (KB)            :    43          12      3926 
	   GPUs                 :                           0 
	   Memory (MB)          :   145        3000      3000 

	Job terminated of its own accord at 2025-02-17T00:35:17Z with exit-code 0.
...
