000 (16626177.075.000) 02/17 00:58:07 Job submitted from host: <188.185.72.155:9618?addrs=188.185.72.155-9618+[2001-1458-d00-8--100-95]-9618&alias=bigbird08.cern.ch&noUDP&sock=schedd_862983_22fa>
...
040 (16626177.075.000) 02/17 00:58:36 Started transferring input files
	Transferring to host: <128.142.132.40:9618?addrs=128.142.132.40-9618+[2001-1458-301-5a--100-1c]-9618&alias=b9g12p4588.cern.ch&noUDP&sock=slot1_27_2774_48aa_94230>
...
040 (16626177.075.000) 02/17 00:58:36 Finished transferring input files
...
001 (16626177.075.000) 02/17 00:58:37 Job executing on host: <128.142.132.40:9618?addrs=128.142.132.40-9618+[2001-1458-301-5a--100-1c]-9618&alias=b9g12p4588.cern.ch&noUDP&sock=startd_2401_76fb>
	SlotName: slot1_27@b9g12p4588.cern.ch
	CondorScratchDir = "/pool/condor/dir_2893082"
	Cpus = 1
	Disk = 2581
	GPUs = 0
	Memory = 3000
...
006 (16626177.075.000) 02/17 00:58:45 Image size of job updated: 189440
	185  -  MemoryUsage of job (MB)
	189440  -  ResidentSetSize of job (KB)
...
006 (16626177.075.000) 02/17 01:03:45 Image size of job updated: 256168
	251  -  MemoryUsage of job (MB)
	256168  -  ResidentSetSize of job (KB)
...
006 (16626177.075.000) 02/17 01:08:46 Image size of job updated: 257660
	252  -  MemoryUsage of job (MB)
	257660  -  ResidentSetSize of job (KB)
...
006 (16626177.075.000) 02/17 01:13:46 Image size of job updated: 261204
	256  -  MemoryUsage of job (MB)
	261204  -  ResidentSetSize of job (KB)
...
006 (16626177.075.000) 02/17 01:18:46 Image size of job updated: 262056
	256  -  MemoryUsage of job (MB)
	262056  -  ResidentSetSize of job (KB)
...
006 (16626177.075.000) 02/17 01:23:47 Image size of job updated: 262856
	257  -  MemoryUsage of job (MB)
	262856  -  ResidentSetSize of job (KB)
...
006 (16626177.075.000) 02/17 01:38:48 Image size of job updated: 265008
	259  -  MemoryUsage of job (MB)
	265008  -  ResidentSetSize of job (KB)
...
006 (16626177.075.000) 02/17 01:43:49 Image size of job updated: 265908
	260  -  MemoryUsage of job (MB)
	265908  -  ResidentSetSize of job (KB)
...
006 (16626177.075.000) 02/17 01:48:50 Image size of job updated: 266896
	261  -  MemoryUsage of job (MB)
	266896  -  ResidentSetSize of job (KB)
...
006 (16626177.075.000) 02/17 01:53:50 Image size of job updated: 267884
	262  -  MemoryUsage of job (MB)
	267884  -  ResidentSetSize of job (KB)
...
006 (16626177.075.000) 02/17 01:58:51 Image size of job updated: 268916
	263  -  MemoryUsage of job (MB)
	268916  -  ResidentSetSize of job (KB)
...
040 (16626177.075.000) 02/17 02:00:29 Started transferring output files
...
040 (16626177.075.000) 02/17 02:00:29 Finished transferring output files
...
005 (16626177.075.000) 02/17 02:00:29 Job terminated.
	(1) Normal termination (return value 0)
		Usr 0 01:01:24, Sys 0 00:00:01  -  Run Remote Usage
		Usr 0 00:00:00, Sys 0 00:00:00  -  Run Local Usage
		Usr 0 01:01:24, Sys 0 00:00:01  -  Total Remote Usage
		Usr 0 00:00:00, Sys 0 00:00:00  -  Total Local Usage
	8152  -  Run Bytes Sent By Job
	10428  -  Run Bytes Received By Job
	8152  -  Total Bytes Sent By Job
	10428  -  Total Bytes Received By Job
	Partitionable Resources :    Usage  Request Allocated 
	   Cpus                 :     1.00        1         1 
	   Disk (KB)            :    43          12      2581 
	   GPUs                 :                           0 
	   Memory (MB)          :   263        3000      3000 

	Job terminated of its own accord at 2025-02-17T01:00:29Z with exit-code 0.
...
