000 (16626177.282.000) 02/17 00:58:07 Job submitted from host: <188.185.72.155:9618?addrs=188.185.72.155-9618+[2001-1458-d00-8--100-95]-9618&alias=bigbird08.cern.ch&noUDP&sock=schedd_862983_22fa>
...
040 (16626177.282.000) 02/17 01:00:59 Started transferring input files
	Transferring to host: <188.185.195.171:9618?addrs=188.185.195.171-9618+[2001-1458-303-22--100-a7]-9618&alias=b9p17p1073.cern.ch&noUDP&sock=slot1_28_2946858_cbd2_3797>
...
040 (16626177.282.000) 02/17 01:00:59 Finished transferring input files
...
001 (16626177.282.000) 02/17 01:01:00 Job executing on host: <188.185.195.171:9618?addrs=188.185.195.171-9618+[2001-1458-303-22--100-a7]-9618&alias=b9p17p1073.cern.ch&noUDP&sock=startd_2949_58e1>
	SlotName: slot1_28@b9p17p1073.cern.ch
	CondorScratchDir = "/pool/condor/dir_2251657"
	Cpus = 1
	Disk = 3894
	GPUs = 0
	Memory = 3000
...
006 (16626177.282.000) 02/17 01:01:08 Image size of job updated: 69912
	69  -  MemoryUsage of job (MB)
	69912  -  ResidentSetSize of job (KB)
...
006 (16626177.282.000) 02/17 01:06:08 Image size of job updated: 103068
	101  -  MemoryUsage of job (MB)
	103068  -  ResidentSetSize of job (KB)
...
006 (16626177.282.000) 02/17 01:11:09 Image size of job updated: 140196
	137  -  MemoryUsage of job (MB)
	140196  -  ResidentSetSize of job (KB)
...
006 (16626177.282.000) 02/17 01:16:10 Image size of job updated: 143624
	141  -  MemoryUsage of job (MB)
	143624  -  ResidentSetSize of job (KB)
...
006 (16626177.282.000) 02/17 01:21:10 Image size of job updated: 144836
	142  -  MemoryUsage of job (MB)
	144836  -  ResidentSetSize of job (KB)
...
006 (16626177.282.000) 02/17 01:36:12 Image size of job updated: 151940
	149  -  MemoryUsage of job (MB)
	151940  -  ResidentSetSize of job (KB)
...
006 (16626177.282.000) 02/17 01:41:12 Image size of job updated: 164252
	161  -  MemoryUsage of job (MB)
	164252  -  ResidentSetSize of job (KB)
...
006 (16626177.282.000) 02/17 01:46:13 Image size of job updated: 164708
	161  -  MemoryUsage of job (MB)
	164708  -  ResidentSetSize of job (KB)
...
006 (16626177.282.000) 02/17 01:51:14 Image size of job updated: 168896
	165  -  MemoryUsage of job (MB)
	168896  -  ResidentSetSize of job (KB)
...
040 (16626177.282.000) 02/17 01:56:45 Started transferring output files
...
040 (16626177.282.000) 02/17 01:56:45 Finished transferring output files
...
005 (16626177.282.000) 02/17 01:56:45 Job terminated.
	(1) Normal termination (return value 0)
		Usr 0 00:55:13, Sys 0 00:00:01  -  Run Remote Usage
		Usr 0 00:00:00, Sys 0 00:00:00  -  Run Local Usage
		Usr 0 00:55:13, Sys 0 00:00:01  -  Total Remote Usage
		Usr 0 00:00:00, Sys 0 00:00:00  -  Total Local Usage
	8155  -  Run Bytes Sent By Job
	10428  -  Run Bytes Received By Job
	8155  -  Total Bytes Sent By Job
	10428  -  Total Bytes Received By Job
	Partitionable Resources :    Usage  Request Allocated 
	   Cpus                 :     0.99        1         1 
	   Disk (KB)            :    43          12      3894 
	   GPUs                 :                           0 
	   Memory (MB)          :   165        3000      3000 

	Job terminated of its own accord at 2025-02-17T00:56:45Z with exit-code 0.
...
