000 (16626177.469.000) 02/17 00:58:08 Job submitted from host: <188.185.72.155:9618?addrs=188.185.72.155-9618+[2001-1458-d00-8--100-95]-9618&alias=bigbird08.cern.ch&noUDP&sock=schedd_862983_22fa>
...
040 (16626177.469.000) 02/17 01:07:34 Started transferring input files
	Transferring to host: <188.185.195.130:9618?addrs=188.185.195.130-9618+[2001-1458-303-22--100-7e]-9618&alias=b9p17p4657.cern.ch&noUDP&sock=slot1_10_3776970_cbae_10541>
...
040 (16626177.469.000) 02/17 01:07:34 Finished transferring input files
...
001 (16626177.469.000) 02/17 01:07:35 Job executing on host: <188.185.195.130:9618?addrs=188.185.195.130-9618+[2001-1458-303-22--100-7e]-9618&alias=b9p17p4657.cern.ch&noUDP&sock=startd_10915_5c50>
	SlotName: slot1_10@b9p17p4657.cern.ch
	CondorScratchDir = "/pool/condor/dir_347750"
	Cpus = 1
	Disk = 3927
	GPUs = 0
	Memory = 3000
...
006 (16626177.469.000) 02/17 01:07:43 Image size of job updated: 415804
	407  -  MemoryUsage of job (MB)
	415804  -  ResidentSetSize of job (KB)
...
006 (16626177.469.000) 02/17 01:12:43 Image size of job updated: 452160
	442  -  MemoryUsage of job (MB)
	452160  -  ResidentSetSize of job (KB)
...
006 (16626177.469.000) 02/17 01:17:44 Image size of job updated: 456556
	446  -  MemoryUsage of job (MB)
	456556  -  ResidentSetSize of job (KB)
...
006 (16626177.469.000) 02/17 01:22:45 Image size of job updated: 456796
	447  -  MemoryUsage of job (MB)
	456796  -  ResidentSetSize of job (KB)
...
006 (16626177.469.000) 02/17 01:27:45 Image size of job updated: 457600
	447  -  MemoryUsage of job (MB)
	457600  -  ResidentSetSize of job (KB)
...
006 (16626177.469.000) 02/17 01:32:45 Image size of job updated: 460128
	450  -  MemoryUsage of job (MB)
	460128  -  ResidentSetSize of job (KB)
...
006 (16626177.469.000) 02/17 01:52:47 Image size of job updated: 466712
	456  -  MemoryUsage of job (MB)
	466712  -  ResidentSetSize of job (KB)
...
006 (16626177.469.000) 02/17 01:57:48 Image size of job updated: 468652
	458  -  MemoryUsage of job (MB)
	468652  -  ResidentSetSize of job (KB)
...
040 (16626177.469.000) 02/17 02:03:06 Started transferring output files
...
040 (16626177.469.000) 02/17 02:03:06 Finished transferring output files
...
005 (16626177.469.000) 02/17 02:03:06 Job terminated.
	(1) Normal termination (return value 0)
		Usr 0 00:54:46, Sys 0 00:00:02  -  Run Remote Usage
		Usr 0 00:00:00, Sys 0 00:00:00  -  Run Local Usage
		Usr 0 00:54:46, Sys 0 00:00:02  -  Total Remote Usage
		Usr 0 00:00:00, Sys 0 00:00:00  -  Total Local Usage
	8155  -  Run Bytes Sent By Job
	10428  -  Run Bytes Received By Job
	8155  -  Total Bytes Sent By Job
	10428  -  Total Bytes Received By Job
	Partitionable Resources :    Usage  Request Allocated 
	   Cpus                 :     0.99        1         1 
	   Disk (KB)            :    43          12      3927 
	   GPUs                 :                           0 
	   Memory (MB)          :   458        3000      3000 

	Job terminated of its own accord at 2025-02-17T01:03:06Z with exit-code 0.
...
