000 (16626177.278.000) 02/17 00:58:07 Job submitted from host: <188.185.72.155:9618?addrs=188.185.72.155-9618+[2001-1458-d00-8--100-95]-9618&alias=bigbird08.cern.ch&noUDP&sock=schedd_862983_22fa>
...
040 (16626177.278.000) 02/17 01:00:58 Started transferring input files
	Transferring to host: <188.185.207.180:9618?addrs=188.185.207.180-9618+[2001-1458-303-e--100-31]-9618&alias=b9p08p9471.cern.ch&noUDP&sock=slot1_46_7929_729c_128357>
...
040 (16626177.278.000) 02/17 01:00:58 Finished transferring input files
...
001 (16626177.278.000) 02/17 01:00:59 Job executing on host: <188.185.207.180:9618?addrs=188.185.207.180-9618+[2001-1458-303-e--100-31]-9618&alias=b9p08p9471.cern.ch&noUDP&sock=startd_7025_24e7>
	SlotName: slot1_46@b9p08p9471.cern.ch
	CondorScratchDir = "/pool/condor/dir_2908455"
	Cpus = 1
	Disk = 3671
	GPUs = 0
	Memory = 3000
...
006 (16626177.278.000) 02/17 01:01:07 Image size of job updated: 100888
	99  -  MemoryUsage of job (MB)
	100888  -  ResidentSetSize of job (KB)
...
006 (16626177.278.000) 02/17 01:06:08 Image size of job updated: 138348
	136  -  MemoryUsage of job (MB)
	138348  -  ResidentSetSize of job (KB)
...
006 (16626177.278.000) 02/17 01:11:09 Image size of job updated: 142884
	140  -  MemoryUsage of job (MB)
	142884  -  ResidentSetSize of job (KB)
...
006 (16626177.278.000) 02/17 01:16:09 Image size of job updated: 143224
	140  -  MemoryUsage of job (MB)
	143224  -  ResidentSetSize of job (KB)
...
006 (16626177.278.000) 02/17 01:26:10 Image size of job updated: 152376
	149  -  MemoryUsage of job (MB)
	152376  -  ResidentSetSize of job (KB)
...
006 (16626177.278.000) 02/17 01:31:10 Image size of job updated: 152752
	150  -  MemoryUsage of job (MB)
	152752  -  ResidentSetSize of job (KB)
...
006 (16626177.278.000) 02/17 01:36:10 Image size of job updated: 154340
	151  -  MemoryUsage of job (MB)
	154340  -  ResidentSetSize of job (KB)
...
040 (16626177.278.000) 02/17 01:40:42 Started transferring output files
...
040 (16626177.278.000) 02/17 01:40:42 Finished transferring output files
...
005 (16626177.278.000) 02/17 01:40:42 Job terminated.
	(1) Normal termination (return value 0)
		Usr 0 00:38:50, Sys 0 00:00:02  -  Run Remote Usage
		Usr 0 00:00:00, Sys 0 00:00:00  -  Run Local Usage
		Usr 0 00:38:50, Sys 0 00:00:02  -  Total Remote Usage
		Usr 0 00:00:00, Sys 0 00:00:00  -  Total Local Usage
	8153  -  Run Bytes Sent By Job
	10428  -  Run Bytes Received By Job
	8153  -  Total Bytes Sent By Job
	10428  -  Total Bytes Received By Job
	Partitionable Resources :    Usage  Request Allocated 
	   Cpus                 :     0.99        1         1 
	   Disk (KB)            :    48          12      3671 
	   GPUs                 :                           0 
	   Memory (MB)          :   151        3000      3000 

	Job terminated of its own accord at 2025-02-17T00:40:42Z with exit-code 0.
...
