000 (16626177.241.000) 02/17 00:58:07 Job submitted from host: <188.185.72.155:9618?addrs=188.185.72.155-9618+[2001-1458-d00-8--100-95]-9618&alias=bigbird08.cern.ch&noUDP&sock=schedd_862983_22fa>
...
040 (16626177.241.000) 02/17 01:00:46 Started transferring input files
	Transferring to host: <188.185.194.54:9618?addrs=188.185.194.54-9618+[2001-1458-303-21--100-32]-9618&alias=b9p20p2130.cern.ch&noUDP&sock=slot1_29_9462_95ba_117582>
...
040 (16626177.241.000) 02/17 01:00:46 Finished transferring input files
...
001 (16626177.241.000) 02/17 01:00:47 Job executing on host: <188.185.194.54:9618?addrs=188.185.194.54-9618+[2001-1458-303-21--100-32]-9618&alias=b9p20p2130.cern.ch&noUDP&sock=startd_8383_9e84>
	SlotName: slot1_29@b9p20p2130.cern.ch
	CondorScratchDir = "/pool/condor/dir_3865240"
	Cpus = 1
	Disk = 3424
	GPUs = 0
	Memory = 3000
...
006 (16626177.241.000) 02/17 01:00:55 Image size of job updated: 80028
	79  -  MemoryUsage of job (MB)
	80028  -  ResidentSetSize of job (KB)
...
006 (16626177.241.000) 02/17 01:05:55 Image size of job updated: 138604
	136  -  MemoryUsage of job (MB)
	138604  -  ResidentSetSize of job (KB)
...
006 (16626177.241.000) 02/17 01:10:56 Image size of job updated: 143636
	141  -  MemoryUsage of job (MB)
	143636  -  ResidentSetSize of job (KB)
...
006 (16626177.241.000) 02/17 01:15:57 Image size of job updated: 143956
	141  -  MemoryUsage of job (MB)
	143956  -  ResidentSetSize of job (KB)
...
006 (16626177.241.000) 02/17 01:20:57 Image size of job updated: 145072
	142  -  MemoryUsage of job (MB)
	145072  -  ResidentSetSize of job (KB)
...
006 (16626177.241.000) 02/17 01:25:58 Image size of job updated: 150688
	148  -  MemoryUsage of job (MB)
	150688  -  ResidentSetSize of job (KB)
...
006 (16626177.241.000) 02/17 01:30:59 Image size of job updated: 150888
	148  -  MemoryUsage of job (MB)
	150888  -  ResidentSetSize of job (KB)
...
006 (16626177.241.000) 02/17 01:35:59 Image size of job updated: 154756
	152  -  MemoryUsage of job (MB)
	154756  -  ResidentSetSize of job (KB)
...
040 (16626177.241.000) 02/17 01:43:53 Started transferring output files
...
040 (16626177.241.000) 02/17 01:43:53 Finished transferring output files
...
005 (16626177.241.000) 02/17 01:43:53 Job terminated.
	(1) Normal termination (return value 0)
		Usr 0 00:42:45, Sys 0 00:00:00  -  Run Remote Usage
		Usr 0 00:00:00, Sys 0 00:00:00  -  Run Local Usage
		Usr 0 00:42:45, Sys 0 00:00:00  -  Total Remote Usage
		Usr 0 00:00:00, Sys 0 00:00:00  -  Total Local Usage
	8155  -  Run Bytes Sent By Job
	10428  -  Run Bytes Received By Job
	8155  -  Total Bytes Sent By Job
	10428  -  Total Bytes Received By Job
	Partitionable Resources :    Usage  Request Allocated 
	   Cpus                 :     0.99        1         1 
	   Disk (KB)            :    43          12      3424 
	   GPUs                 :                           0 
	   Memory (MB)          :   152        3000      3000 

	Job terminated of its own accord at 2025-02-17T00:43:53Z with exit-code 0.
...
