000 (16626177.133.000) 02/17 00:58:07 Job submitted from host: <188.185.72.155:9618?addrs=188.185.72.155-9618+[2001-1458-d00-8--100-95]-9618&alias=bigbird08.cern.ch&noUDP&sock=schedd_862983_22fa>
...
040 (16626177.133.000) 02/17 00:58:56 Started transferring input files
	Transferring to host: <188.185.194.180:9618?addrs=188.185.194.180-9618+[2001-1458-303-21--100-b0]-9618&alias=b9p20p2473.cern.ch&noUDP&sock=slot1_19_3620427_1731_73905>
...
040 (16626177.133.000) 02/17 00:58:56 Finished transferring input files
...
001 (16626177.133.000) 02/17 00:58:57 Job executing on host: <188.185.194.180:9618?addrs=188.185.194.180-9618+[2001-1458-303-21--100-b0]-9618&alias=b9p20p2473.cern.ch&noUDP&sock=startd_5847_2257>
	SlotName: slot1_19@b9p20p2473.cern.ch
	CondorScratchDir = "/pool/condor/dir_812174"
	Cpus = 1
	Disk = 3789
	GPUs = 0
	Memory = 3000
...
006 (16626177.133.000) 02/17 00:59:05 Image size of job updated: 383380
	375  -  MemoryUsage of job (MB)
	383380  -  ResidentSetSize of job (KB)
...
006 (16626177.133.000) 02/17 01:04:05 Image size of job updated: 415744
	406  -  MemoryUsage of job (MB)
	415744  -  ResidentSetSize of job (KB)
...
006 (16626177.133.000) 02/17 01:09:06 Image size of job updated: 453840
	444  -  MemoryUsage of job (MB)
	453840  -  ResidentSetSize of job (KB)
...
006 (16626177.133.000) 02/17 01:14:06 Image size of job updated: 457092
	447  -  MemoryUsage of job (MB)
	457092  -  ResidentSetSize of job (KB)
...
006 (16626177.133.000) 02/17 01:19:06 Image size of job updated: 458020
	448  -  MemoryUsage of job (MB)
	458020  -  ResidentSetSize of job (KB)
...
006 (16626177.133.000) 02/17 01:24:07 Image size of job updated: 458912
	449  -  MemoryUsage of job (MB)
	458912  -  ResidentSetSize of job (KB)
...
006 (16626177.133.000) 02/17 01:34:08 Image size of job updated: 463160
	453  -  MemoryUsage of job (MB)
	463160  -  ResidentSetSize of job (KB)
...
006 (16626177.133.000) 02/17 01:44:10 Image size of job updated: 475452
	465  -  MemoryUsage of job (MB)
	475452  -  ResidentSetSize of job (KB)
...
006 (16626177.133.000) 02/17 01:49:10 Image size of job updated: 476112
	465  -  MemoryUsage of job (MB)
	476112  -  ResidentSetSize of job (KB)
...
006 (16626177.133.000) 02/17 01:54:10 Image size of job updated: 479272
	469  -  MemoryUsage of job (MB)
	479272  -  ResidentSetSize of job (KB)
...
006 (16626177.133.000) 02/17 01:59:11 Image size of job updated: 481936
	471  -  MemoryUsage of job (MB)
	481936  -  ResidentSetSize of job (KB)
...
040 (16626177.133.000) 02/17 02:00:48 Started transferring output files
...
040 (16626177.133.000) 02/17 02:00:48 Finished transferring output files
...
005 (16626177.133.000) 02/17 02:00:48 Job terminated.
	(1) Normal termination (return value 0)
		Usr 0 01:00:48, Sys 0 00:00:02  -  Run Remote Usage
		Usr 0 00:00:00, Sys 0 00:00:00  -  Run Local Usage
		Usr 0 01:00:48, Sys 0 00:00:02  -  Total Remote Usage
		Usr 0 00:00:00, Sys 0 00:00:00  -  Total Local Usage
	8153  -  Run Bytes Sent By Job
	10428  -  Run Bytes Received By Job
	8153  -  Total Bytes Sent By Job
	10428  -  Total Bytes Received By Job
	Partitionable Resources :    Usage  Request Allocated 
	   Cpus                 :     0.98        1         1 
	   Disk (KB)            :    43          12      3789 
	   GPUs                 :                           0 
	   Memory (MB)          :   471        3000      3000 

	Job terminated of its own accord at 2025-02-17T01:00:48Z with exit-code 0.
...
