000 (16626177.279.000) 02/17 00:58:07 Job submitted from host: <188.185.72.155:9618?addrs=188.185.72.155-9618+[2001-1458-d00-8--100-95]-9618&alias=bigbird08.cern.ch&noUDP&sock=schedd_862983_22fa>
...
040 (16626177.279.000) 02/17 01:00:57 Started transferring input files
	Transferring to host: <188.185.195.171:9618?addrs=188.185.195.171-9618+[2001-1458-303-22--100-a7]-9618&alias=b9p17p1073.cern.ch&noUDP&sock=slot1_25_2946858_cbd2_3793>
...
040 (16626177.279.000) 02/17 01:00:57 Finished transferring input files
...
001 (16626177.279.000) 02/17 01:00:58 Job executing on host: <188.185.195.171:9618?addrs=188.185.195.171-9618+[2001-1458-303-22--100-a7]-9618&alias=b9p17p1073.cern.ch&noUDP&sock=startd_2949_58e1>
	SlotName: slot1_25@b9p17p1073.cern.ch
	CondorScratchDir = "/pool/condor/dir_2251420"
	Cpus = 1
	Disk = 3894
	GPUs = 0
	Memory = 3000
...
006 (16626177.279.000) 02/17 01:01:07 Image size of job updated: 101412
	100  -  MemoryUsage of job (MB)
	101412  -  ResidentSetSize of job (KB)
...
006 (16626177.279.000) 02/17 01:06:08 Image size of job updated: 104716
	103  -  MemoryUsage of job (MB)
	104716  -  ResidentSetSize of job (KB)
...
006 (16626177.279.000) 02/17 01:11:08 Image size of job updated: 142976
	140  -  MemoryUsage of job (MB)
	142976  -  ResidentSetSize of job (KB)
...
006 (16626177.279.000) 02/17 01:16:08 Image size of job updated: 146196
	143  -  MemoryUsage of job (MB)
	146196  -  ResidentSetSize of job (KB)
...
006 (16626177.279.000) 02/17 01:21:09 Image size of job updated: 147216
	144  -  MemoryUsage of job (MB)
	147216  -  ResidentSetSize of job (KB)
...
006 (16626177.279.000) 02/17 01:26:10 Image size of job updated: 147956
	145  -  MemoryUsage of job (MB)
	147956  -  ResidentSetSize of job (KB)
...
006 (16626177.279.000) 02/17 01:41:12 Image size of job updated: 153036
	150  -  MemoryUsage of job (MB)
	153036  -  ResidentSetSize of job (KB)
...
006 (16626177.279.000) 02/17 01:46:12 Image size of job updated: 153468
	150  -  MemoryUsage of job (MB)
	153468  -  ResidentSetSize of job (KB)
...
006 (16626177.279.000) 02/17 01:51:12 Image size of job updated: 157428
	154  -  MemoryUsage of job (MB)
	157428  -  ResidentSetSize of job (KB)
...
040 (16626177.279.000) 02/17 01:59:14 Started transferring output files
...
040 (16626177.279.000) 02/17 01:59:14 Finished transferring output files
...
005 (16626177.279.000) 02/17 01:59:14 Job terminated.
	(1) Normal termination (return value 0)
		Usr 0 00:57:37, Sys 0 00:00:02  -  Run Remote Usage
		Usr 0 00:00:00, Sys 0 00:00:00  -  Run Local Usage
		Usr 0 00:57:37, Sys 0 00:00:02  -  Total Remote Usage
		Usr 0 00:00:00, Sys 0 00:00:00  -  Total Local Usage
	8155  -  Run Bytes Sent By Job
	10428  -  Run Bytes Received By Job
	8155  -  Total Bytes Sent By Job
	10428  -  Total Bytes Received By Job
	Partitionable Resources :    Usage  Request Allocated 
	   Cpus                 :     0.99        1         1 
	   Disk (KB)            :    43          12      3894 
	   GPUs                 :                           0 
	   Memory (MB)          :   154        3000      3000 

	Job terminated of its own accord at 2025-02-17T00:59:14Z with exit-code 0.
...
