000 (16626177.434.000) 02/17 00:58:07 Job submitted from host: <188.185.72.155:9618?addrs=188.185.72.155-9618+[2001-1458-d00-8--100-95]-9618&alias=bigbird08.cern.ch&noUDP&sock=schedd_862983_22fa>
...
040 (16626177.434.000) 02/17 01:07:22 Started transferring input files
	Transferring to host: <188.185.198.176:9618?addrs=188.185.198.176-9618+[2001-1458-303-25--100-ac]-9618&alias=b9p15p4347.cern.ch&noUDP&sock=slot1_18_3934971_cb27_5143>
...
040 (16626177.434.000) 02/17 01:07:22 Finished transferring input files
...
001 (16626177.434.000) 02/17 01:07:23 Job executing on host: <188.185.198.176:9618?addrs=188.185.198.176-9618+[2001-1458-303-25--100-ac]-9618&alias=b9p15p4347.cern.ch&noUDP&sock=startd_6816_c99c>
	SlotName: slot1_18@b9p15p4347.cern.ch
	CondorScratchDir = "/pool/condor/dir_3243188"
	Cpus = 1
	Disk = 3805
	GPUs = 0
	Memory = 3000
...
006 (16626177.434.000) 02/17 01:07:31 Image size of job updated: 70144
	69  -  MemoryUsage of job (MB)
	70144  -  ResidentSetSize of job (KB)
...
006 (16626177.434.000) 02/17 01:17:32 Image size of job updated: 85588
	84  -  MemoryUsage of job (MB)
	85588  -  ResidentSetSize of job (KB)
...
006 (16626177.434.000) 02/17 01:22:33 Image size of job updated: 88912
	87  -  MemoryUsage of job (MB)
	88912  -  ResidentSetSize of job (KB)
...
006 (16626177.434.000) 02/17 01:27:33 Image size of job updated: 89852
	88  -  MemoryUsage of job (MB)
	89852  -  ResidentSetSize of job (KB)
...
006 (16626177.434.000) 02/17 01:32:34 Image size of job updated: 91140
	90  -  MemoryUsage of job (MB)
	91140  -  ResidentSetSize of job (KB)
...
006 (16626177.434.000) 02/17 01:37:35 Image size of job updated: 91984
	90  -  MemoryUsage of job (MB)
	91984  -  ResidentSetSize of job (KB)
...
006 (16626177.434.000) 02/17 01:47:36 Image size of job updated: 104360
	102  -  MemoryUsage of job (MB)
	104360  -  ResidentSetSize of job (KB)
...
006 (16626177.434.000) 02/17 01:52:37 Image size of job updated: 105668
	104  -  MemoryUsage of job (MB)
	105668  -  ResidentSetSize of job (KB)
...
006 (16626177.434.000) 02/17 01:57:37 Image size of job updated: 109876
	108  -  MemoryUsage of job (MB)
	109876  -  ResidentSetSize of job (KB)
...
006 (16626177.434.000) 02/17 02:02:37 Image size of job updated: 110308
	108  -  MemoryUsage of job (MB)
	110308  -  ResidentSetSize of job (KB)
...
040 (16626177.434.000) 02/17 02:09:27 Started transferring output files
...
040 (16626177.434.000) 02/17 02:09:27 Finished transferring output files
...
005 (16626177.434.000) 02/17 02:09:27 Job terminated.
	(1) Normal termination (return value 0)
		Usr 0 01:00:21, Sys 0 00:00:07  -  Run Remote Usage
		Usr 0 00:00:00, Sys 0 00:00:00  -  Run Local Usage
		Usr 0 01:00:21, Sys 0 00:00:07  -  Total Remote Usage
		Usr 0 00:00:00, Sys 0 00:00:00  -  Total Local Usage
	8155  -  Run Bytes Sent By Job
	10428  -  Run Bytes Received By Job
	8155  -  Total Bytes Sent By Job
	10428  -  Total Bytes Received By Job
	Partitionable Resources :    Usage  Request Allocated 
	   Cpus                 :     0.98        1         1 
	   Disk (KB)            :    44          12      3805 
	   GPUs                 :                           0 
	   Memory (MB)          :   108        3000      3000 

	Job terminated of its own accord at 2025-02-17T01:09:27Z with exit-code 0.
...
