000 (16626177.236.000) 02/17 00:58:07 Job submitted from host: <188.185.72.155:9618?addrs=188.185.72.155-9618+[2001-1458-d00-8--100-95]-9618&alias=bigbird08.cern.ch&noUDP&sock=schedd_862983_22fa>
...
040 (16626177.236.000) 02/17 01:00:43 Started transferring input files
	Transferring to host: <188.185.195.43:9618?addrs=188.185.195.43-9618+[2001-1458-303-22--100-27]-9618&alias=b9p17p4699.cern.ch&noUDP&sock=slot1_36_756444_faa2_10109>
...
040 (16626177.236.000) 02/17 01:00:43 Finished transferring input files
...
001 (16626177.236.000) 02/17 01:00:44 Job executing on host: <188.185.195.43:9618?addrs=188.185.195.43-9618+[2001-1458-303-22--100-27]-9618&alias=b9p17p4699.cern.ch&noUDP&sock=startd_8819_adcf>
	SlotName: slot1_36@b9p17p4699.cern.ch
	CondorScratchDir = "/pool/condor/dir_3148960"
	Cpus = 1
	Disk = 3873
	GPUs = 0
	Memory = 3000
...
006 (16626177.236.000) 02/17 01:00:53 Image size of job updated: 1880
	2  -  MemoryUsage of job (MB)
	1880  -  ResidentSetSize of job (KB)
...
006 (16626177.236.000) 02/17 01:05:54 Image size of job updated: 101344
	99  -  MemoryUsage of job (MB)
	101344  -  ResidentSetSize of job (KB)
...
006 (16626177.236.000) 02/17 01:10:55 Image size of job updated: 139384
	137  -  MemoryUsage of job (MB)
	139384  -  ResidentSetSize of job (KB)
...
006 (16626177.236.000) 02/17 01:15:55 Image size of job updated: 143924
	141  -  MemoryUsage of job (MB)
	143924  -  ResidentSetSize of job (KB)
...
006 (16626177.236.000) 02/17 01:20:56 Image size of job updated: 144000
	141  -  MemoryUsage of job (MB)
	144000  -  ResidentSetSize of job (KB)
...
006 (16626177.236.000) 02/17 01:25:57 Image size of job updated: 146912
	144  -  MemoryUsage of job (MB)
	146912  -  ResidentSetSize of job (KB)
...
006 (16626177.236.000) 02/17 01:35:57 Image size of job updated: 149408
	146  -  MemoryUsage of job (MB)
	149408  -  ResidentSetSize of job (KB)
...
006 (16626177.236.000) 02/17 01:40:58 Image size of job updated: 149824
	147  -  MemoryUsage of job (MB)
	149824  -  ResidentSetSize of job (KB)
...
006 (16626177.236.000) 02/17 01:45:59 Image size of job updated: 150408
	147  -  MemoryUsage of job (MB)
	150408  -  ResidentSetSize of job (KB)
...
006 (16626177.236.000) 02/17 01:50:59 Image size of job updated: 155948
	153  -  MemoryUsage of job (MB)
	155948  -  ResidentSetSize of job (KB)
...
006 (16626177.236.000) 02/17 01:56:00 Image size of job updated: 160360
	157  -  MemoryUsage of job (MB)
	160360  -  ResidentSetSize of job (KB)
...
040 (16626177.236.000) 02/17 01:59:44 Started transferring output files
...
040 (16626177.236.000) 02/17 01:59:44 Finished transferring output files
...
005 (16626177.236.000) 02/17 01:59:44 Job terminated.
	(1) Normal termination (return value 0)
		Usr 0 00:57:54, Sys 0 00:00:02  -  Run Remote Usage
		Usr 0 00:00:00, Sys 0 00:00:00  -  Run Local Usage
		Usr 0 00:57:54, Sys 0 00:00:02  -  Total Remote Usage
		Usr 0 00:00:00, Sys 0 00:00:00  -  Total Local Usage
	8155  -  Run Bytes Sent By Job
	10428  -  Run Bytes Received By Job
	8155  -  Total Bytes Sent By Job
	10428  -  Total Bytes Received By Job
	Partitionable Resources :    Usage  Request Allocated 
	   Cpus                 :     0.99        1         1 
	   Disk (KB)            :    43          12      3873 
	   GPUs                 :                           0 
	   Memory (MB)          :   157        3000      3000 

	Job terminated of its own accord at 2025-02-17T00:59:44Z with exit-code 0.
...
