000 (16626177.071.000) 02/17 00:58:07 Job submitted from host: <188.185.72.155:9618?addrs=188.185.72.155-9618+[2001-1458-d00-8--100-95]-9618&alias=bigbird08.cern.ch&noUDP&sock=schedd_862983_22fa>
...
040 (16626177.071.000) 02/17 00:58:35 Started transferring input files
	Transferring to host: <188.185.193.116:9618?addrs=188.185.193.116-9618+[2001-1458-303-20--100-70]-9618&alias=b9p19p3501.cern.ch&noUDP&sock=slot1_9_20188_05ae_10700>
...
040 (16626177.071.000) 02/17 00:58:35 Finished transferring input files
...
001 (16626177.071.000) 02/17 00:58:36 Job executing on host: <188.185.193.116:9618?addrs=188.185.193.116-9618+[2001-1458-303-20--100-70]-9618&alias=b9p19p3501.cern.ch&noUDP&sock=startd_3683_cf65>
	SlotName: slot1_9@b9p19p3501.cern.ch
	CondorScratchDir = "/pool/condor/dir_1776677"
	Cpus = 1
	Disk = 3784
	GPUs = 0
	Memory = 3000
...
006 (16626177.071.000) 02/17 00:58:49 Image size of job updated: 97532
	96  -  MemoryUsage of job (MB)
	97532  -  ResidentSetSize of job (KB)
...
006 (16626177.071.000) 02/17 01:03:49 Image size of job updated: 136452
	134  -  MemoryUsage of job (MB)
	136452  -  ResidentSetSize of job (KB)
...
006 (16626177.071.000) 02/17 01:08:50 Image size of job updated: 137448
	135  -  MemoryUsage of job (MB)
	137448  -  ResidentSetSize of job (KB)
...
006 (16626177.071.000) 02/17 01:13:51 Image size of job updated: 141000
	138  -  MemoryUsage of job (MB)
	141000  -  ResidentSetSize of job (KB)
...
006 (16626177.071.000) 02/17 01:18:51 Image size of job updated: 142072
	139  -  MemoryUsage of job (MB)
	142072  -  ResidentSetSize of job (KB)
...
006 (16626177.071.000) 02/17 01:23:52 Image size of job updated: 144736
	139  -  MemoryUsage of job (MB)
	142072  -  ResidentSetSize of job (KB)
...
006 (16626177.071.000) 02/17 01:28:53 Image size of job updated: 146116
	143  -  MemoryUsage of job (MB)
	146116  -  ResidentSetSize of job (KB)
...
006 (16626177.071.000) 02/17 01:33:53 Image size of job updated: 146920
	144  -  MemoryUsage of job (MB)
	146920  -  ResidentSetSize of job (KB)
...
006 (16626177.071.000) 02/17 01:38:54 Image size of job updated: 147996
	145  -  MemoryUsage of job (MB)
	147996  -  ResidentSetSize of job (KB)
...
006 (16626177.071.000) 02/17 01:43:55 Image size of job updated: 149084
	145  -  MemoryUsage of job (MB)
	147996  -  ResidentSetSize of job (KB)
...
040 (16626177.071.000) 02/17 01:47:13 Started transferring output files
...
040 (16626177.071.000) 02/17 01:47:13 Finished transferring output files
...
005 (16626177.071.000) 02/17 01:47:13 Job terminated.
	(1) Normal termination (return value 0)
		Usr 0 00:48:03, Sys 0 00:00:02  -  Run Remote Usage
		Usr 0 00:00:00, Sys 0 00:00:00  -  Run Local Usage
		Usr 0 00:48:03, Sys 0 00:00:02  -  Total Remote Usage
		Usr 0 00:00:00, Sys 0 00:00:00  -  Total Local Usage
	8152  -  Run Bytes Sent By Job
	10428  -  Run Bytes Received By Job
	8152  -  Total Bytes Sent By Job
	10428  -  Total Bytes Received By Job
	Partitionable Resources :    Usage  Request Allocated 
	   Cpus                 :     0.99        1         1 
	   Disk (KB)            :    44          12      3784 
	   GPUs                 :                           0 
	   Memory (MB)          :   145        3000      3000 

	Job terminated of its own accord at 2025-02-17T00:47:13Z with exit-code 0.
...
