000 (16626177.286.000) 02/17 00:58:07 Job submitted from host: <188.185.72.155:9618?addrs=188.185.72.155-9618+[2001-1458-d00-8--100-95]-9618&alias=bigbird08.cern.ch&noUDP&sock=schedd_862983_22fa>
...
040 (16626177.286.000) 02/17 01:04:18 Started transferring input files
	Transferring to host: <188.185.192.158:9618?addrs=188.185.192.158-9618+[2001-1458-303-1f--100-9a]-9618&alias=b9p13p4324.cern.ch&noUDP&sock=slot1_23_1148604_2ced_6317>
...
040 (16626177.286.000) 02/17 01:04:18 Finished transferring input files
...
001 (16626177.286.000) 02/17 01:04:19 Job executing on host: <188.185.192.158:9618?addrs=188.185.192.158-9618+[2001-1458-303-1f--100-9a]-9618&alias=b9p13p4324.cern.ch&noUDP&sock=startd_8393_7a76>
	SlotName: slot1_23@b9p13p4324.cern.ch
	CondorScratchDir = "/pool/condor/dir_91785"
	Cpus = 1
	Disk = 3884
	GPUs = 0
	Memory = 3000
...
006 (16626177.286.000) 02/17 01:04:27 Image size of job updated: 1884
	2  -  MemoryUsage of job (MB)
	1884  -  ResidentSetSize of job (KB)
...
006 (16626177.286.000) 02/17 01:09:27 Image size of job updated: 50908
	50  -  MemoryUsage of job (MB)
	50908  -  ResidentSetSize of job (KB)
...
006 (16626177.286.000) 02/17 01:14:28 Image size of job updated: 77300
	76  -  MemoryUsage of job (MB)
	77300  -  ResidentSetSize of job (KB)
...
006 (16626177.286.000) 02/17 01:19:29 Image size of job updated: 88452
	87  -  MemoryUsage of job (MB)
	88452  -  ResidentSetSize of job (KB)
...
006 (16626177.286.000) 02/17 01:24:29 Image size of job updated: 124904
	122  -  MemoryUsage of job (MB)
	124904  -  ResidentSetSize of job (KB)
...
040 (16626177.286.000) 02/17 01:45:10 Started transferring output files
...
040 (16626177.286.000) 02/17 01:45:10 Finished transferring output files
...
005 (16626177.286.000) 02/17 01:45:10 Job terminated.
	(1) Normal termination (return value 0)
		Usr 0 00:39:59, Sys 0 00:00:03  -  Run Remote Usage
		Usr 0 00:00:00, Sys 0 00:00:00  -  Run Local Usage
		Usr 0 00:39:59, Sys 0 00:00:03  -  Total Remote Usage
		Usr 0 00:00:00, Sys 0 00:00:00  -  Total Local Usage
	8155  -  Run Bytes Sent By Job
	10428  -  Run Bytes Received By Job
	8155  -  Total Bytes Sent By Job
	10428  -  Total Bytes Received By Job
	Partitionable Resources :    Usage  Request Allocated 
	   Cpus                 :     0.99        1         1 
	   Disk (KB)            :    44          12      3884 
	   GPUs                 :                           0 
	   Memory (MB)          :   122        3000      3000 

	Job terminated of its own accord at 2025-02-17T00:45:10Z with exit-code 0.
...
