000 (16626177.287.000) 02/17 00:58:07 Job submitted from host: <188.185.72.155:9618?addrs=188.185.72.155-9618+[2001-1458-d00-8--100-95]-9618&alias=bigbird08.cern.ch&noUDP&sock=schedd_862983_22fa>
...
040 (16626177.287.000) 02/17 01:04:19 Started transferring input files
	Transferring to host: <188.185.215.139:9618?addrs=188.185.215.139-9618+[2001-1458-303-26--100-7]-9618&alias=b9p18p4907.cern.ch&noUDP&sock=slot1_5_1343946_4934_35890>
...
040 (16626177.287.000) 02/17 01:04:19 Finished transferring input files
...
001 (16626177.287.000) 02/17 01:04:20 Job executing on host: <188.185.215.139:9618?addrs=188.185.215.139-9618+[2001-1458-303-26--100-7]-9618&alias=b9p18p4907.cern.ch&noUDP&sock=startd_5074_eba1>
	SlotName: slot1_5@b9p18p4907.cern.ch
	CondorScratchDir = "/pool/condor/dir_1946358"
	Cpus = 1
	Disk = 3864
	GPUs = 0
	Memory = 3000
...
006 (16626177.287.000) 02/17 01:04:28 Image size of job updated: 1888
	2  -  MemoryUsage of job (MB)
	1888  -  ResidentSetSize of job (KB)
...
006 (16626177.287.000) 02/17 01:09:28 Image size of job updated: 100756
	99  -  MemoryUsage of job (MB)
	100756  -  ResidentSetSize of job (KB)
...
006 (16626177.287.000) 02/17 01:14:29 Image size of job updated: 137432
	135  -  MemoryUsage of job (MB)
	137432  -  ResidentSetSize of job (KB)
...
006 (16626177.287.000) 02/17 01:19:29 Image size of job updated: 141116
	138  -  MemoryUsage of job (MB)
	141116  -  ResidentSetSize of job (KB)
...
006 (16626177.287.000) 02/17 01:39:31 Image size of job updated: 147044
	144  -  MemoryUsage of job (MB)
	147044  -  ResidentSetSize of job (KB)
...
006 (16626177.287.000) 02/17 01:44:31 Image size of job updated: 150388
	147  -  MemoryUsage of job (MB)
	150388  -  ResidentSetSize of job (KB)
...
006 (16626177.287.000) 02/17 01:49:32 Image size of job updated: 156432
	153  -  MemoryUsage of job (MB)
	156432  -  ResidentSetSize of job (KB)
...
040 (16626177.287.000) 02/17 01:53:58 Started transferring output files
...
040 (16626177.287.000) 02/17 01:53:58 Finished transferring output files
...
005 (16626177.287.000) 02/17 01:53:58 Job terminated.
	(1) Normal termination (return value 0)
		Usr 0 00:48:46, Sys 0 00:00:01  -  Run Remote Usage
		Usr 0 00:00:00, Sys 0 00:00:00  -  Run Local Usage
		Usr 0 00:48:46, Sys 0 00:00:01  -  Total Remote Usage
		Usr 0 00:00:00, Sys 0 00:00:00  -  Total Local Usage
	8155  -  Run Bytes Sent By Job
	10428  -  Run Bytes Received By Job
	8155  -  Total Bytes Sent By Job
	10428  -  Total Bytes Received By Job
	Partitionable Resources :    Usage  Request Allocated 
	   Cpus                 :     0.99        1         1 
	   Disk (KB)            :    44          12      3864 
	   GPUs                 :                           0 
	   Memory (MB)          :   153        3000      3000 

	Job terminated of its own accord at 2025-02-17T00:53:58Z with exit-code 0.
...
