000 (16626177.390.000) 02/17 00:58:07 Job submitted from host: <188.185.72.155:9618?addrs=188.185.72.155-9618+[2001-1458-d00-8--100-95]-9618&alias=bigbird08.cern.ch&noUDP&sock=schedd_862983_22fa>
...
040 (16626177.390.000) 02/17 01:04:53 Started transferring input files
	Transferring to host: <188.185.213.228:9618?addrs=188.185.213.228-9618+[2001-1458-303-1b--100-60]-9618&alias=b9p28p4003.cern.ch&noUDP&sock=slot1_19_2778520_7255_94228>
...
040 (16626177.390.000) 02/17 01:04:53 Finished transferring input files
...
001 (16626177.390.000) 02/17 01:04:54 Job executing on host: <188.185.213.228:9618?addrs=188.185.213.228-9618+[2001-1458-303-1b--100-60]-9618&alias=b9p28p4003.cern.ch&noUDP&sock=startd_1818745_5f2b>
	SlotName: slot1_19@b9p28p4003.cern.ch
	CondorScratchDir = "/pool/condor/dir_400203"
	Cpus = 1
	Disk = 3863
	GPUs = 0
	Memory = 3000
...
006 (16626177.390.000) 02/17 01:05:03 Image size of job updated: 101388
	100  -  MemoryUsage of job (MB)
	101388  -  ResidentSetSize of job (KB)
...
006 (16626177.390.000) 02/17 01:10:04 Image size of job updated: 104416
	102  -  MemoryUsage of job (MB)
	104416  -  ResidentSetSize of job (KB)
...
006 (16626177.390.000) 02/17 01:15:05 Image size of job updated: 142088
	139  -  MemoryUsage of job (MB)
	142088  -  ResidentSetSize of job (KB)
...
006 (16626177.390.000) 02/17 01:20:05 Image size of job updated: 143428
	141  -  MemoryUsage of job (MB)
	143428  -  ResidentSetSize of job (KB)
...
006 (16626177.390.000) 02/17 01:25:05 Image size of job updated: 144840
	142  -  MemoryUsage of job (MB)
	144840  -  ResidentSetSize of job (KB)
...
006 (16626177.390.000) 02/17 01:35:06 Image size of job updated: 149720
	147  -  MemoryUsage of job (MB)
	149720  -  ResidentSetSize of job (KB)
...
006 (16626177.390.000) 02/17 01:40:06 Image size of job updated: 157928
	155  -  MemoryUsage of job (MB)
	157928  -  ResidentSetSize of job (KB)
...
006 (16626177.390.000) 02/17 01:45:07 Image size of job updated: 161560
	158  -  MemoryUsage of job (MB)
	161560  -  ResidentSetSize of job (KB)
...
040 (16626177.390.000) 02/17 01:50:40 Started transferring output files
...
040 (16626177.390.000) 02/17 01:50:40 Finished transferring output files
...
005 (16626177.390.000) 02/17 01:50:40 Job terminated.
	(1) Normal termination (return value 0)
		Usr 0 00:44:24, Sys 0 00:00:02  -  Run Remote Usage
		Usr 0 00:00:00, Sys 0 00:00:00  -  Run Local Usage
		Usr 0 00:44:24, Sys 0 00:00:02  -  Total Remote Usage
		Usr 0 00:00:00, Sys 0 00:00:00  -  Total Local Usage
	8155  -  Run Bytes Sent By Job
	10428  -  Run Bytes Received By Job
	8155  -  Total Bytes Sent By Job
	10428  -  Total Bytes Received By Job
	Partitionable Resources :    Usage  Request Allocated 
	   Cpus                 :     0.98        1         1 
	   Disk (KB)            :    43          12      3863 
	   GPUs                 :                           0 
	   Memory (MB)          :   158        3000      3000 

	Job terminated of its own accord at 2025-02-17T00:50:40Z with exit-code 0.
...
