000 (16626177.407.000) 02/17 00:58:07 Job submitted from host: <188.185.72.155:9618?addrs=188.185.72.155-9618+[2001-1458-d00-8--100-95]-9618&alias=bigbird08.cern.ch&noUDP&sock=schedd_862983_22fa>
...
040 (16626177.407.000) 02/17 01:04:59 Started transferring input files
	Transferring to host: <188.185.213.228:9618?addrs=188.185.213.228-9618+[2001-1458-303-1b--100-60]-9618&alias=b9p28p4003.cern.ch&noUDP&sock=slot1_22_2778520_7255_94231>
...
040 (16626177.407.000) 02/17 01:04:59 Finished transferring input files
...
001 (16626177.407.000) 02/17 01:05:00 Job executing on host: <188.185.213.228:9618?addrs=188.185.213.228-9618+[2001-1458-303-1b--100-60]-9618&alias=b9p28p4003.cern.ch&noUDP&sock=startd_1818745_5f2b>
	SlotName: slot1_22@b9p28p4003.cern.ch
	CondorScratchDir = "/pool/condor/dir_400661"
	Cpus = 1
	Disk = 3863
	GPUs = 0
	Memory = 3000
...
006 (16626177.407.000) 02/17 01:05:08 Image size of job updated: 74440
	73  -  MemoryUsage of job (MB)
	74440  -  ResidentSetSize of job (KB)
...
006 (16626177.407.000) 02/17 01:10:08 Image size of job updated: 105792
	104  -  MemoryUsage of job (MB)
	105792  -  ResidentSetSize of job (KB)
...
006 (16626177.407.000) 02/17 01:15:09 Image size of job updated: 141964
	139  -  MemoryUsage of job (MB)
	141964  -  ResidentSetSize of job (KB)
...
006 (16626177.407.000) 02/17 01:20:09 Image size of job updated: 143412
	141  -  MemoryUsage of job (MB)
	143412  -  ResidentSetSize of job (KB)
...
006 (16626177.407.000) 02/17 01:25:09 Image size of job updated: 144668
	142  -  MemoryUsage of job (MB)
	144668  -  ResidentSetSize of job (KB)
...
006 (16626177.407.000) 02/17 01:35:11 Image size of job updated: 147932
	145  -  MemoryUsage of job (MB)
	147932  -  ResidentSetSize of job (KB)
...
006 (16626177.407.000) 02/17 01:45:12 Image size of job updated: 151264
	148  -  MemoryUsage of job (MB)
	151264  -  ResidentSetSize of job (KB)
...
040 (16626177.407.000) 02/17 01:51:22 Started transferring output files
...
040 (16626177.407.000) 02/17 01:51:22 Finished transferring output files
...
005 (16626177.407.000) 02/17 01:51:22 Job terminated.
	(1) Normal termination (return value 0)
		Usr 0 00:44:48, Sys 0 00:00:03  -  Run Remote Usage
		Usr 0 00:00:00, Sys 0 00:00:00  -  Run Local Usage
		Usr 0 00:44:48, Sys 0 00:00:03  -  Total Remote Usage
		Usr 0 00:00:00, Sys 0 00:00:00  -  Total Local Usage
	8155  -  Run Bytes Sent By Job
	10428  -  Run Bytes Received By Job
	8155  -  Total Bytes Sent By Job
	10428  -  Total Bytes Received By Job
	Partitionable Resources :    Usage  Request Allocated 
	   Cpus                 :     0.98        1         1 
	   Disk (KB)            :    43          12      3863 
	   GPUs                 :                           0 
	   Memory (MB)          :   148        3000      3000 

	Job terminated of its own accord at 2025-02-17T00:51:22Z with exit-code 0.
...
