000 (16626177.211.000) 02/17 00:58:07 Job submitted from host: <188.185.72.155:9618?addrs=188.185.72.155-9618+[2001-1458-d00-8--100-95]-9618&alias=bigbird08.cern.ch&noUDP&sock=schedd_862983_22fa>
...
040 (16626177.211.000) 02/17 01:00:37 Started transferring input files
	Transferring to host: <128.142.196.41:9618?addrs=128.142.196.41-9618+[2001-1458-301-3c--100-27]-9618&alias=b9g32p1063.cern.ch&noUDP&sock=slot1_30_3270_c2be_2490>
...
040 (16626177.211.000) 02/17 01:00:37 Finished transferring input files
...
001 (16626177.211.000) 02/17 01:00:38 Job executing on host: <128.142.196.41:9618?addrs=128.142.196.41-9618+[2001-1458-301-3c--100-27]-9618&alias=b9g32p1063.cern.ch&noUDP&sock=startd_3042_2330>
	SlotName: slot1_30@b9g32p1063.cern.ch
	CondorScratchDir = "/pool/condor/dir_4084879"
	Cpus = 1
	Disk = 3650
	GPUs = 0
	Memory = 3000
...
006 (16626177.211.000) 02/17 01:00:47 Image size of job updated: 410332
	401  -  MemoryUsage of job (MB)
	410332  -  ResidentSetSize of job (KB)
...
006 (16626177.211.000) 02/17 01:05:48 Image size of job updated: 447560
	438  -  MemoryUsage of job (MB)
	447560  -  ResidentSetSize of job (KB)
...
006 (16626177.211.000) 02/17 01:10:48 Image size of job updated: 451652
	442  -  MemoryUsage of job (MB)
	451652  -  ResidentSetSize of job (KB)
...
006 (16626177.211.000) 02/17 01:15:49 Image size of job updated: 451936
	442  -  MemoryUsage of job (MB)
	451936  -  ResidentSetSize of job (KB)
...
006 (16626177.211.000) 02/17 01:20:50 Image size of job updated: 454348
	444  -  MemoryUsage of job (MB)
	454348  -  ResidentSetSize of job (KB)
...
006 (16626177.211.000) 02/17 01:30:51 Image size of job updated: 460212
	450  -  MemoryUsage of job (MB)
	460212  -  ResidentSetSize of job (KB)
...
006 (16626177.211.000) 02/17 01:35:52 Image size of job updated: 473740
	463  -  MemoryUsage of job (MB)
	473740  -  ResidentSetSize of job (KB)
...
006 (16626177.211.000) 02/17 01:40:52 Image size of job updated: 474924
	464  -  MemoryUsage of job (MB)
	474924  -  ResidentSetSize of job (KB)
...
006 (16626177.211.000) 02/17 01:45:52 Image size of job updated: 476284
	466  -  MemoryUsage of job (MB)
	476284  -  ResidentSetSize of job (KB)
...
040 (16626177.211.000) 02/17 01:46:04 Started transferring output files
...
040 (16626177.211.000) 02/17 01:46:04 Finished transferring output files
...
005 (16626177.211.000) 02/17 01:46:04 Job terminated.
	(1) Normal termination (return value 0)
		Usr 0 00:43:54, Sys 0 00:00:05  -  Run Remote Usage
		Usr 0 00:00:00, Sys 0 00:00:00  -  Run Local Usage
		Usr 0 00:43:54, Sys 0 00:00:05  -  Total Remote Usage
		Usr 0 00:00:00, Sys 0 00:00:00  -  Total Local Usage
	8153  -  Run Bytes Sent By Job
	10428  -  Run Bytes Received By Job
	8153  -  Total Bytes Sent By Job
	10428  -  Total Bytes Received By Job
	Partitionable Resources :    Usage  Request Allocated 
	   Cpus                 :     0.97        1         1 
	   Disk (KB)            :    43          12      3650 
	   GPUs                 :                           0 
	   Memory (MB)          :   466        3000      3000 

	Job terminated of its own accord at 2025-02-17T00:46:04Z with exit-code 0.
...
