000 (16626177.051.000) 02/17 00:58:07 Job submitted from host: <188.185.72.155:9618?addrs=188.185.72.155-9618+[2001-1458-d00-8--100-95]-9618&alias=bigbird08.cern.ch&noUDP&sock=schedd_862983_22fa>
...
040 (16626177.051.000) 02/17 00:58:29 Started transferring input files
	Transferring to host: <188.185.198.153:9618?addrs=188.185.198.153-9618+[2001-1458-303-25--100-95]-9618&alias=b9p15p7609.cern.ch&noUDP&sock=slot1_32_2741550_bcb5_3638>
...
040 (16626177.051.000) 02/17 00:58:29 Finished transferring input files
...
001 (16626177.051.000) 02/17 00:58:30 Job executing on host: <188.185.198.153:9618?addrs=188.185.198.153-9618+[2001-1458-303-25--100-95]-9618&alias=b9p15p7609.cern.ch&noUDP&sock=startd_1994_4bef>
	SlotName: slot1_32@b9p15p7609.cern.ch
	CondorScratchDir = "/pool/condor/dir_655764"
	Cpus = 1
	Disk = 3772
	GPUs = 0
	Memory = 3000
...
006 (16626177.051.000) 02/17 00:58:38 Image size of job updated: 416524
	407  -  MemoryUsage of job (MB)
	416524  -  ResidentSetSize of job (KB)
...
006 (16626177.051.000) 02/17 01:03:38 Image size of job updated: 455316
	445  -  MemoryUsage of job (MB)
	455316  -  ResidentSetSize of job (KB)
...
006 (16626177.051.000) 02/17 01:08:39 Image size of job updated: 459720
	449  -  MemoryUsage of job (MB)
	459720  -  ResidentSetSize of job (KB)
...
006 (16626177.051.000) 02/17 01:18:40 Image size of job updated: 462564
	452  -  MemoryUsage of job (MB)
	462564  -  ResidentSetSize of job (KB)
...
006 (16626177.051.000) 02/17 01:23:40 Image size of job updated: 478268
	468  -  MemoryUsage of job (MB)
	478268  -  ResidentSetSize of job (KB)
...
040 (16626177.051.000) 02/17 01:27:37 Started transferring output files
...
040 (16626177.051.000) 02/17 01:27:37 Finished transferring output files
...
005 (16626177.051.000) 02/17 01:27:37 Job terminated.
	(1) Normal termination (return value 0)
		Usr 0 00:28:50, Sys 0 00:00:01  -  Run Remote Usage
		Usr 0 00:00:00, Sys 0 00:00:00  -  Run Local Usage
		Usr 0 00:28:50, Sys 0 00:00:01  -  Total Remote Usage
		Usr 0 00:00:00, Sys 0 00:00:00  -  Total Local Usage
	8152  -  Run Bytes Sent By Job
	10428  -  Run Bytes Received By Job
	8152  -  Total Bytes Sent By Job
	10428  -  Total Bytes Received By Job
	Partitionable Resources :    Usage  Request Allocated 
	   Cpus                 :     1.00        1         1 
	   Disk (KB)            :    43          12      3772 
	   GPUs                 :                           0 
	   Memory (MB)          :   468        3000      3000 

	Job terminated of its own accord at 2025-02-17T00:27:37Z with exit-code 0.
...
