000 (16626177.238.000) 02/17 00:58:07 Job submitted from host: <188.185.72.155:9618?addrs=188.185.72.155-9618+[2001-1458-d00-8--100-95]-9618&alias=bigbird08.cern.ch&noUDP&sock=schedd_862983_22fa>
...
040 (16626177.238.000) 02/17 01:00:44 Started transferring input files
	Transferring to host: <188.185.196.120:9618?addrs=188.185.196.120-9618+[2001-1458-303-23--100-74]-9618&alias=b9p16p8413.cern.ch&noUDP&sock=slot1_37_6535_3fa3_11235>
...
040 (16626177.238.000) 02/17 01:00:44 Finished transferring input files
...
001 (16626177.238.000) 02/17 01:00:45 Job executing on host: <188.185.196.120:9618?addrs=188.185.196.120-9618+[2001-1458-303-23--100-74]-9618&alias=b9p16p8413.cern.ch&noUDP&sock=startd_5172_23e9>
	SlotName: slot1_37@b9p16p8413.cern.ch
	CondorScratchDir = "/pool/condor/dir_680915"
	Cpus = 1
	Disk = 3829
	GPUs = 0
	Memory = 3000
...
006 (16626177.238.000) 02/17 01:00:53 Image size of job updated: 101084
	99  -  MemoryUsage of job (MB)
	101084  -  ResidentSetSize of job (KB)
...
006 (16626177.238.000) 02/17 01:05:53 Image size of job updated: 138328
	136  -  MemoryUsage of job (MB)
	138328  -  ResidentSetSize of job (KB)
...
006 (16626177.238.000) 02/17 01:10:54 Image size of job updated: 141320
	139  -  MemoryUsage of job (MB)
	141320  -  ResidentSetSize of job (KB)
...
006 (16626177.238.000) 02/17 01:15:55 Image size of job updated: 142064
	139  -  MemoryUsage of job (MB)
	142064  -  ResidentSetSize of job (KB)
...
006 (16626177.238.000) 02/17 01:20:55 Image size of job updated: 144420
	142  -  MemoryUsage of job (MB)
	144420  -  ResidentSetSize of job (KB)
...
006 (16626177.238.000) 02/17 01:30:57 Image size of job updated: 158864
	156  -  MemoryUsage of job (MB)
	158864  -  ResidentSetSize of job (KB)
...
006 (16626177.238.000) 02/17 01:35:57 Image size of job updated: 158964
	156  -  MemoryUsage of job (MB)
	158964  -  ResidentSetSize of job (KB)
...
040 (16626177.238.000) 02/17 01:37:47 Started transferring output files
...
040 (16626177.238.000) 02/17 01:37:47 Finished transferring output files
...
005 (16626177.238.000) 02/17 01:37:47 Job terminated.
	(1) Normal termination (return value 0)
		Usr 0 00:36:42, Sys 0 00:00:01  -  Run Remote Usage
		Usr 0 00:00:00, Sys 0 00:00:00  -  Run Local Usage
		Usr 0 00:36:42, Sys 0 00:00:01  -  Total Remote Usage
		Usr 0 00:00:00, Sys 0 00:00:00  -  Total Local Usage
	8113  -  Run Bytes Sent By Job
	10428  -  Run Bytes Received By Job
	8113  -  Total Bytes Sent By Job
	10428  -  Total Bytes Received By Job
	Partitionable Resources :    Usage  Request Allocated 
	   Cpus                 :     0.99        1         1 
	   Disk (KB)            :    43          12      3829 
	   GPUs                 :                           0 
	   Memory (MB)          :   156        3000      3000 

	Job terminated of its own accord at 2025-02-17T00:37:47Z with exit-code 0.
...
