000 (16626177.477.000) 02/17 00:58:08 Job submitted from host: <188.185.72.155:9618?addrs=188.185.72.155-9618+[2001-1458-d00-8--100-95]-9618&alias=bigbird08.cern.ch&noUDP&sock=schedd_862983_22fa>
...
040 (16626177.477.000) 02/17 01:07:36 Started transferring input files
	Transferring to host: <188.185.194.57:9618?addrs=188.185.194.57-9618+[2001-1458-303-21--100-35]-9618&alias=b9p20p9132.cern.ch&noUDP&sock=slot1_15_728406_abed_10771>
...
040 (16626177.477.000) 02/17 01:07:36 Finished transferring input files
...
001 (16626177.477.000) 02/17 01:07:37 Job executing on host: <188.185.194.57:9618?addrs=188.185.194.57-9618+[2001-1458-303-21--100-35]-9618&alias=b9p20p9132.cern.ch&noUDP&sock=startd_8605_e48a>
	SlotName: slot1_15@b9p20p9132.cern.ch
	CondorScratchDir = "/pool/condor/dir_1133623"
	Cpus = 1
	Disk = 3489
	GPUs = 0
	Memory = 3000
...
006 (16626177.477.000) 02/17 01:07:46 Image size of job updated: 100732
	99  -  MemoryUsage of job (MB)
	100732  -  ResidentSetSize of job (KB)
...
006 (16626177.477.000) 02/17 01:12:47 Image size of job updated: 139120
	136  -  MemoryUsage of job (MB)
	139120  -  ResidentSetSize of job (KB)
...
006 (16626177.477.000) 02/17 01:17:48 Image size of job updated: 143888
	141  -  MemoryUsage of job (MB)
	143888  -  ResidentSetSize of job (KB)
...
006 (16626177.477.000) 02/17 01:27:48 Image size of job updated: 151368
	148  -  MemoryUsage of job (MB)
	151368  -  ResidentSetSize of job (KB)
...
006 (16626177.477.000) 02/17 01:32:49 Image size of job updated: 157276
	154  -  MemoryUsage of job (MB)
	157276  -  ResidentSetSize of job (KB)
...
040 (16626177.477.000) 02/17 01:36:57 Started transferring output files
...
040 (16626177.477.000) 02/17 01:36:57 Finished transferring output files
...
005 (16626177.477.000) 02/17 01:36:57 Job terminated.
	(1) Normal termination (return value 0)
		Usr 0 00:29:08, Sys 0 00:00:00  -  Run Remote Usage
		Usr 0 00:00:00, Sys 0 00:00:00  -  Run Local Usage
		Usr 0 00:29:08, Sys 0 00:00:00  -  Total Remote Usage
		Usr 0 00:00:00, Sys 0 00:00:00  -  Total Local Usage
	8153  -  Run Bytes Sent By Job
	10428  -  Run Bytes Received By Job
	8153  -  Total Bytes Sent By Job
	10428  -  Total Bytes Received By Job
	Partitionable Resources :    Usage  Request Allocated 
	   Cpus                 :     0.98        1         1 
	   Disk (KB)            :    43          12      3489 
	   GPUs                 :                           0 
	   Memory (MB)          :   154        3000      3000 

	Job terminated of its own accord at 2025-02-17T00:36:57Z with exit-code 0.
...
