000 (16626177.303.000) 02/17 00:58:07 Job submitted from host: <188.185.72.155:9618?addrs=188.185.72.155-9618+[2001-1458-d00-8--100-95]-9618&alias=bigbird08.cern.ch&noUDP&sock=schedd_862983_22fa>
...
040 (16626177.303.000) 02/17 01:04:24 Started transferring input files
	Transferring to host: <188.185.196.179:9618?addrs=188.185.196.179-9618+[2001-1458-303-23--100-af]-9618&alias=b9p16p0754.cern.ch&noUDP&sock=slot1_19_3484182_29ac_71981>
...
040 (16626177.303.000) 02/17 01:04:24 Finished transferring input files
...
001 (16626177.303.000) 02/17 01:04:25 Job executing on host: <188.185.196.179:9618?addrs=188.185.196.179-9618+[2001-1458-303-23--100-af]-9618&alias=b9p16p0754.cern.ch&noUDP&sock=startd_6886_cd3d>
	SlotName: slot1_19@b9p16p0754.cern.ch
	CondorScratchDir = "/pool/condor/dir_1712047"
	Cpus = 1
	Disk = 3894
	GPUs = 0
	Memory = 3000
...
006 (16626177.303.000) 02/17 01:04:34 Image size of job updated: 72236
	71  -  MemoryUsage of job (MB)
	72236  -  ResidentSetSize of job (KB)
...
006 (16626177.303.000) 02/17 01:09:35 Image size of job updated: 103988
	102  -  MemoryUsage of job (MB)
	103988  -  ResidentSetSize of job (KB)
...
006 (16626177.303.000) 02/17 01:14:35 Image size of job updated: 139040
	136  -  MemoryUsage of job (MB)
	139040  -  ResidentSetSize of job (KB)
...
006 (16626177.303.000) 02/17 01:19:35 Image size of job updated: 143736
	141  -  MemoryUsage of job (MB)
	143736  -  ResidentSetSize of job (KB)
...
006 (16626177.303.000) 02/17 01:29:36 Image size of job updated: 144336
	141  -  MemoryUsage of job (MB)
	144336  -  ResidentSetSize of job (KB)
...
006 (16626177.303.000) 02/17 01:34:36 Image size of job updated: 144740
	142  -  MemoryUsage of job (MB)
	144740  -  ResidentSetSize of job (KB)
...
006 (16626177.303.000) 02/17 01:49:38 Image size of job updated: 149060
	146  -  MemoryUsage of job (MB)
	149060  -  ResidentSetSize of job (KB)
...
006 (16626177.303.000) 02/17 01:54:39 Image size of job updated: 149348
	146  -  MemoryUsage of job (MB)
	149348  -  ResidentSetSize of job (KB)
...
006 (16626177.303.000) 02/17 01:59:40 Image size of job updated: 150188
	147  -  MemoryUsage of job (MB)
	150188  -  ResidentSetSize of job (KB)
...
006 (16626177.303.000) 02/17 02:04:40 Image size of job updated: 153368
	150  -  MemoryUsage of job (MB)
	153368  -  ResidentSetSize of job (KB)
...
006 (16626177.303.000) 02/17 02:09:40 Image size of job updated: 156020
	153  -  MemoryUsage of job (MB)
	156020  -  ResidentSetSize of job (KB)
...
040 (16626177.303.000) 02/17 02:15:42 Started transferring output files
...
040 (16626177.303.000) 02/17 02:15:42 Finished transferring output files
...
005 (16626177.303.000) 02/17 02:15:42 Job terminated.
	(1) Normal termination (return value 0)
		Usr 0 01:07:10, Sys 0 00:00:04  -  Run Remote Usage
		Usr 0 00:00:00, Sys 0 00:00:00  -  Run Local Usage
		Usr 0 01:07:10, Sys 0 00:00:04  -  Total Remote Usage
		Usr 0 00:00:00, Sys 0 00:00:00  -  Total Local Usage
	8155  -  Run Bytes Sent By Job
	10428  -  Run Bytes Received By Job
	8155  -  Total Bytes Sent By Job
	10428  -  Total Bytes Received By Job
	Partitionable Resources :    Usage  Request Allocated 
	   Cpus                 :     0.92        1         1 
	   Disk (KB)            :    44          12      3894 
	   GPUs                 :                           0 
	   Memory (MB)          :   153        3000      3000 

	Job terminated of its own accord at 2025-02-17T01:15:42Z with exit-code 0.
...
