000 (16626177.311.000) 02/17 00:58:07 Job submitted from host: <188.185.72.155:9618?addrs=188.185.72.155-9618+[2001-1458-d00-8--100-95]-9618&alias=bigbird08.cern.ch&noUDP&sock=schedd_862983_22fa>
...
040 (16626177.311.000) 02/17 01:04:26 Started transferring input files
	Transferring to host: <188.185.194.86:9618?addrs=188.185.194.86-9618+[2001-1458-303-21--100-52]-9618&alias=b9p20p9758.cern.ch&noUDP&sock=slot1_19_11256_9ec3_116944>
...
040 (16626177.311.000) 02/17 01:04:26 Finished transferring input files
...
001 (16626177.311.000) 02/17 01:04:27 Job executing on host: <188.185.194.86:9618?addrs=188.185.194.86-9618+[2001-1458-303-21--100-52]-9618&alias=b9p20p9758.cern.ch&noUDP&sock=startd_11128_75fc>
	SlotName: slot1_19@b9p20p9758.cern.ch
	CondorScratchDir = "/pool/condor/dir_1762622"
	Cpus = 1
	Disk = 3818
	GPUs = 0
	Memory = 3000
...
006 (16626177.311.000) 02/17 01:04:36 Image size of job updated: 105996
	104  -  MemoryUsage of job (MB)
	105996  -  ResidentSetSize of job (KB)
...
006 (16626177.311.000) 02/17 01:09:37 Image size of job updated: 141588
	139  -  MemoryUsage of job (MB)
	141588  -  ResidentSetSize of job (KB)
...
006 (16626177.311.000) 02/17 01:14:37 Image size of job updated: 142260
	139  -  MemoryUsage of job (MB)
	142260  -  ResidentSetSize of job (KB)
...
006 (16626177.311.000) 02/17 01:19:38 Image size of job updated: 145376
	142  -  MemoryUsage of job (MB)
	145376  -  ResidentSetSize of job (KB)
...
006 (16626177.311.000) 02/17 01:24:39 Image size of job updated: 146468
	144  -  MemoryUsage of job (MB)
	146468  -  ResidentSetSize of job (KB)
...
006 (16626177.311.000) 02/17 01:29:39 Image size of job updated: 147340
	144  -  MemoryUsage of job (MB)
	147340  -  ResidentSetSize of job (KB)
...
006 (16626177.311.000) 02/17 01:44:40 Image size of job updated: 153416
	150  -  MemoryUsage of job (MB)
	153416  -  ResidentSetSize of job (KB)
...
006 (16626177.311.000) 02/17 01:49:40 Image size of job updated: 154340
	151  -  MemoryUsage of job (MB)
	154340  -  ResidentSetSize of job (KB)
...
006 (16626177.311.000) 02/17 01:54:41 Image size of job updated: 155564
	152  -  MemoryUsage of job (MB)
	155564  -  ResidentSetSize of job (KB)
...
006 (16626177.311.000) 02/17 01:59:42 Image size of job updated: 156176
	153  -  MemoryUsage of job (MB)
	156176  -  ResidentSetSize of job (KB)
...
006 (16626177.311.000) 02/17 02:04:42 Image size of job updated: 156940
	154  -  MemoryUsage of job (MB)
	156940  -  ResidentSetSize of job (KB)
...
040 (16626177.311.000) 02/17 02:09:41 Started transferring output files
...
040 (16626177.311.000) 02/17 02:09:41 Finished transferring output files
...
005 (16626177.311.000) 02/17 02:09:41 Job terminated.
	(1) Normal termination (return value 0)
		Usr 0 01:00:36, Sys 0 00:00:03  -  Run Remote Usage
		Usr 0 00:00:00, Sys 0 00:00:00  -  Run Local Usage
		Usr 0 01:00:36, Sys 0 00:00:03  -  Total Remote Usage
		Usr 0 00:00:00, Sys 0 00:00:00  -  Total Local Usage
	8153  -  Run Bytes Sent By Job
	10428  -  Run Bytes Received By Job
	8153  -  Total Bytes Sent By Job
	10428  -  Total Bytes Received By Job
	Partitionable Resources :    Usage  Request Allocated 
	   Cpus                 :     0.87        1         1 
	   Disk (KB)            :    44          12      3818 
	   GPUs                 :                           0 
	   Memory (MB)          :   154        3000      3000 

	Job terminated of its own accord at 2025-02-17T01:09:41Z with exit-code 0.
...
