000 (16626177.188.000) 02/17 00:58:07 Job submitted from host: <188.185.72.155:9618?addrs=188.185.72.155-9618+[2001-1458-d00-8--100-95]-9618&alias=bigbird08.cern.ch&noUDP&sock=schedd_862983_22fa>
...
040 (16626177.188.000) 02/17 01:00:28 Started transferring input files
	Transferring to host: <188.185.195.179:9618?addrs=188.185.195.179-9618+[2001-1458-303-22--100-af]-9618&alias=b9p17p1955.cern.ch&noUDP&sock=slot1_6_2234651_8910_104818>
...
040 (16626177.188.000) 02/17 01:00:28 Finished transferring input files
...
001 (16626177.188.000) 02/17 01:00:29 Job executing on host: <188.185.195.179:9618?addrs=188.185.195.179-9618+[2001-1458-303-22--100-af]-9618&alias=b9p17p1955.cern.ch&noUDP&sock=startd_10261_c560>
	SlotName: slot1_6@b9p17p1955.cern.ch
	CondorScratchDir = "/pool/condor/dir_1572914"
	Cpus = 1
	Disk = 3877
	GPUs = 0
	Memory = 3000
...
006 (16626177.188.000) 02/17 01:00:37 Image size of job updated: 386624
	378  -  MemoryUsage of job (MB)
	386624  -  ResidentSetSize of job (KB)
...
006 (16626177.188.000) 02/17 01:05:37 Image size of job updated: 417480
	408  -  MemoryUsage of job (MB)
	417480  -  ResidentSetSize of job (KB)
...
006 (16626177.188.000) 02/17 01:10:38 Image size of job updated: 455332
	445  -  MemoryUsage of job (MB)
	455332  -  ResidentSetSize of job (KB)
...
006 (16626177.188.000) 02/17 01:15:38 Image size of job updated: 456568
	446  -  MemoryUsage of job (MB)
	456568  -  ResidentSetSize of job (KB)
...
006 (16626177.188.000) 02/17 01:20:38 Image size of job updated: 459524
	449  -  MemoryUsage of job (MB)
	459524  -  ResidentSetSize of job (KB)
...
006 (16626177.188.000) 02/17 01:30:40 Image size of job updated: 475216
	465  -  MemoryUsage of job (MB)
	475216  -  ResidentSetSize of job (KB)
...
006 (16626177.188.000) 02/17 01:35:40 Image size of job updated: 476552
	466  -  MemoryUsage of job (MB)
	476552  -  ResidentSetSize of job (KB)
...
006 (16626177.188.000) 02/17 01:40:41 Image size of job updated: 480444
	470  -  MemoryUsage of job (MB)
	480444  -  ResidentSetSize of job (KB)
...
006 (16626177.188.000) 02/17 01:45:42 Image size of job updated: 482872
	472  -  MemoryUsage of job (MB)
	482872  -  ResidentSetSize of job (KB)
...
040 (16626177.188.000) 02/17 01:45:52 Started transferring output files
...
040 (16626177.188.000) 02/17 01:45:52 Finished transferring output files
...
005 (16626177.188.000) 02/17 01:45:52 Job terminated.
	(1) Normal termination (return value 0)
		Usr 0 00:45:01, Sys 0 00:00:01  -  Run Remote Usage
		Usr 0 00:00:00, Sys 0 00:00:00  -  Run Local Usage
		Usr 0 00:45:01, Sys 0 00:00:01  -  Total Remote Usage
		Usr 0 00:00:00, Sys 0 00:00:00  -  Total Local Usage
	8155  -  Run Bytes Sent By Job
	10428  -  Run Bytes Received By Job
	8155  -  Total Bytes Sent By Job
	10428  -  Total Bytes Received By Job
	Partitionable Resources :    Usage  Request Allocated 
	   Cpus                 :     0.99        1         1 
	   Disk (KB)            :    44          12      3877 
	   GPUs                 :                           0 
	   Memory (MB)          :   472        3000      3000 

	Job terminated of its own accord at 2025-02-17T00:45:52Z with exit-code 0.
...
