000 (16626177.031.000) 02/17 00:58:07 Job submitted from host: <188.185.72.155:9618?addrs=188.185.72.155-9618+[2001-1458-d00-8--100-95]-9618&alias=bigbird08.cern.ch&noUDP&sock=schedd_862983_22fa>
...
040 (16626177.031.000) 02/17 00:58:24 Started transferring input files
	Transferring to host: <188.185.193.94:9618?addrs=188.185.193.94-9618+[2001-1458-303-20--100-5a]-9618&alias=b9p19p4166.cern.ch&noUDP&sock=slot1_2_1607858_2a20_13172>
...
040 (16626177.031.000) 02/17 00:58:24 Finished transferring input files
...
001 (16626177.031.000) 02/17 00:58:25 Job executing on host: <188.185.193.94:9618?addrs=188.185.193.94-9618+[2001-1458-303-20--100-5a]-9618&alias=b9p19p4166.cern.ch&noUDP&sock=startd_4461_7413>
	SlotName: slot1_2@b9p19p4166.cern.ch
	CondorScratchDir = "/pool/condor/dir_3123718"
	Cpus = 1
	Disk = 3779
	GPUs = 0
	Memory = 3000
...
006 (16626177.031.000) 02/17 00:58:33 Image size of job updated: 1892
	2  -  MemoryUsage of job (MB)
	1892  -  ResidentSetSize of job (KB)
...
006 (16626177.031.000) 02/17 01:03:33 Image size of job updated: 445976
	436  -  MemoryUsage of job (MB)
	445976  -  ResidentSetSize of job (KB)
...
006 (16626177.031.000) 02/17 01:08:34 Image size of job updated: 449728
	440  -  MemoryUsage of job (MB)
	449728  -  ResidentSetSize of job (KB)
...
006 (16626177.031.000) 02/17 01:13:34 Image size of job updated: 450856
	441  -  MemoryUsage of job (MB)
	450856  -  ResidentSetSize of job (KB)
...
006 (16626177.031.000) 02/17 01:18:34 Image size of job updated: 451640
	442  -  MemoryUsage of job (MB)
	451640  -  ResidentSetSize of job (KB)
...
006 (16626177.031.000) 02/17 01:28:36 Image size of job updated: 456260
	446  -  MemoryUsage of job (MB)
	456260  -  ResidentSetSize of job (KB)
...
006 (16626177.031.000) 02/17 01:33:36 Image size of job updated: 456512
	446  -  MemoryUsage of job (MB)
	456512  -  ResidentSetSize of job (KB)
...
006 (16626177.031.000) 02/17 01:38:37 Image size of job updated: 456756
	447  -  MemoryUsage of job (MB)
	456756  -  ResidentSetSize of job (KB)
...
006 (16626177.031.000) 02/17 01:43:38 Image size of job updated: 457644
	447  -  MemoryUsage of job (MB)
	457644  -  ResidentSetSize of job (KB)
...
006 (16626177.031.000) 02/17 01:48:38 Image size of job updated: 458700
	448  -  MemoryUsage of job (MB)
	458700  -  ResidentSetSize of job (KB)
...
040 (16626177.031.000) 02/17 01:52:32 Started transferring output files
...
040 (16626177.031.000) 02/17 01:52:32 Finished transferring output files
...
005 (16626177.031.000) 02/17 01:52:32 Job terminated.
	(1) Normal termination (return value 0)
		Usr 0 00:53:08, Sys 0 00:00:02  -  Run Remote Usage
		Usr 0 00:00:00, Sys 0 00:00:00  -  Run Local Usage
		Usr 0 00:53:08, Sys 0 00:00:02  -  Total Remote Usage
		Usr 0 00:00:00, Sys 0 00:00:00  -  Total Local Usage
	8152  -  Run Bytes Sent By Job
	10428  -  Run Bytes Received By Job
	8152  -  Total Bytes Sent By Job
	10428  -  Total Bytes Received By Job
	Partitionable Resources :    Usage  Request Allocated 
	   Cpus                 :     0.99        1         1 
	   Disk (KB)            :    44          12      3779 
	   GPUs                 :                           0 
	   Memory (MB)          :   448        3000      3000 

	Job terminated of its own accord at 2025-02-17T00:52:32Z with exit-code 0.
...
