000 (16626177.058.000) 02/17 00:58:07 Job submitted from host: <188.185.72.155:9618?addrs=188.185.72.155-9618+[2001-1458-d00-8--100-95]-9618&alias=bigbird08.cern.ch&noUDP&sock=schedd_862983_22fa>
...
040 (16626177.058.000) 02/17 00:58:31 Started transferring input files
	Transferring to host: <188.185.213.180:9618?addrs=188.185.213.180-9618+[2001-1458-303-1b--100-30]-9618&alias=b9p28p7628.cern.ch&noUDP&sock=slot1_11_3275115_8c57_94749>
...
040 (16626177.058.000) 02/17 00:58:31 Finished transferring input files
...
001 (16626177.058.000) 02/17 00:58:32 Job executing on host: <188.185.213.180:9618?addrs=188.185.213.180-9618+[2001-1458-303-1b--100-30]-9618&alias=b9p28p7628.cern.ch&noUDP&sock=startd_7151_91d6>
	SlotName: slot1_11@b9p28p7628.cern.ch
	CondorScratchDir = "/pool/condor/dir_3837940"
	Cpus = 1
	Disk = 3767
	GPUs = 0
	Memory = 3000
...
006 (16626177.058.000) 02/17 00:58:41 Image size of job updated: 384332
	376  -  MemoryUsage of job (MB)
	384332  -  ResidentSetSize of job (KB)
...
006 (16626177.058.000) 02/17 01:03:42 Image size of job updated: 422140
	413  -  MemoryUsage of job (MB)
	422140  -  ResidentSetSize of job (KB)
...
006 (16626177.058.000) 02/17 01:08:43 Image size of job updated: 426840
	417  -  MemoryUsage of job (MB)
	426840  -  ResidentSetSize of job (KB)
...
006 (16626177.058.000) 02/17 01:13:43 Image size of job updated: 427980
	418  -  MemoryUsage of job (MB)
	427980  -  ResidentSetSize of job (KB)
...
006 (16626177.058.000) 02/17 01:18:43 Image size of job updated: 433632
	424  -  MemoryUsage of job (MB)
	433632  -  ResidentSetSize of job (KB)
...
006 (16626177.058.000) 02/17 01:23:45 Image size of job updated: 434052
	424  -  MemoryUsage of job (MB)
	434052  -  ResidentSetSize of job (KB)
...
006 (16626177.058.000) 02/17 01:28:45 Image size of job updated: 447492
	438  -  MemoryUsage of job (MB)
	447492  -  ResidentSetSize of job (KB)
...
040 (16626177.058.000) 02/17 01:35:29 Started transferring output files
...
040 (16626177.058.000) 02/17 01:35:29 Finished transferring output files
...
005 (16626177.058.000) 02/17 01:35:29 Job terminated.
	(1) Normal termination (return value 0)
		Usr 0 00:36:26, Sys 0 00:00:02  -  Run Remote Usage
		Usr 0 00:00:00, Sys 0 00:00:00  -  Run Local Usage
		Usr 0 00:36:26, Sys 0 00:00:02  -  Total Remote Usage
		Usr 0 00:00:00, Sys 0 00:00:00  -  Total Local Usage
	8152  -  Run Bytes Sent By Job
	10428  -  Run Bytes Received By Job
	8152  -  Total Bytes Sent By Job
	10428  -  Total Bytes Received By Job
	Partitionable Resources :    Usage  Request Allocated 
	   Cpus                 :     0.98        1         1 
	   Disk (KB)            :    43          12      3767 
	   GPUs                 :                           0 
	   Memory (MB)          :   438        3000      3000 

	Job terminated of its own accord at 2025-02-17T00:35:29Z with exit-code 0.
...
