000 (16626177.049.000) 02/17 00:58:07 Job submitted from host: <188.185.72.155:9618?addrs=188.185.72.155-9618+[2001-1458-d00-8--100-95]-9618&alias=bigbird08.cern.ch&noUDP&sock=schedd_862983_22fa>
...
040 (16626177.049.000) 02/17 00:58:28 Started transferring input files
	Transferring to host: <188.185.196.131:9618?addrs=188.185.196.131-9618+[2001-1458-303-23--100-7f]-9618&alias=b9p16p3366.cern.ch&noUDP&sock=slot1_24_408246_fd12_7450>
...
040 (16626177.049.000) 02/17 00:58:28 Finished transferring input files
...
001 (16626177.049.000) 02/17 00:58:29 Job executing on host: <188.185.196.131:9618?addrs=188.185.196.131-9618+[2001-1458-303-23--100-7f]-9618&alias=b9p16p3366.cern.ch&noUDP&sock=startd_4497_257c>
	SlotName: slot1_24@b9p16p3366.cern.ch
	CondorScratchDir = "/pool/condor/dir_2878285"
	Cpus = 1
	Disk = 3848
	GPUs = 0
	Memory = 3000
...
006 (16626177.049.000) 02/17 00:58:38 Image size of job updated: 1900
	2  -  MemoryUsage of job (MB)
	1900  -  ResidentSetSize of job (KB)
...
006 (16626177.049.000) 02/17 01:03:39 Image size of job updated: 421112
	412  -  MemoryUsage of job (MB)
	421112  -  ResidentSetSize of job (KB)
...
006 (16626177.049.000) 02/17 01:08:39 Image size of job updated: 422340
	413  -  MemoryUsage of job (MB)
	422340  -  ResidentSetSize of job (KB)
...
006 (16626177.049.000) 02/17 01:13:39 Image size of job updated: 425980
	416  -  MemoryUsage of job (MB)
	425980  -  ResidentSetSize of job (KB)
...
006 (16626177.049.000) 02/17 01:18:40 Image size of job updated: 426940
	417  -  MemoryUsage of job (MB)
	426940  -  ResidentSetSize of job (KB)
...
040 (16626177.049.000) 02/17 01:49:43 Started transferring output files
...
040 (16626177.049.000) 02/17 01:49:43 Finished transferring output files
...
005 (16626177.049.000) 02/17 01:49:43 Job terminated.
	(1) Normal termination (return value 0)
		Usr 0 00:50:20, Sys 0 00:00:01  -  Run Remote Usage
		Usr 0 00:00:00, Sys 0 00:00:00  -  Run Local Usage
		Usr 0 00:50:20, Sys 0 00:00:01  -  Total Remote Usage
		Usr 0 00:00:00, Sys 0 00:00:00  -  Total Local Usage
	8152  -  Run Bytes Sent By Job
	10428  -  Run Bytes Received By Job
	8152  -  Total Bytes Sent By Job
	10428  -  Total Bytes Received By Job
	Partitionable Resources :    Usage  Request Allocated 
	   Cpus                 :     1.00        1         1 
	   Disk (KB)            :    43          12      3848 
	   GPUs                 :                           0 
	   Memory (MB)          :   417        3000      3000 

	Job terminated of its own accord at 2025-02-17T00:49:43Z with exit-code 0.
...
