000 (16626177.124.000) 02/17 00:58:07 Job submitted from host: <188.185.72.155:9618?addrs=188.185.72.155-9618+[2001-1458-d00-8--100-95]-9618&alias=bigbird08.cern.ch&noUDP&sock=schedd_862983_22fa>
...
040 (16626177.124.000) 02/17 00:58:53 Started transferring input files
	Transferring to host: <188.185.196.35:9618?addrs=188.185.196.35-9618+[2001-1458-303-23--100-1f]-9618&alias=b9p16p8087.cern.ch&noUDP&sock=slot1_35_7382_0965_119222>
...
040 (16626177.124.000) 02/17 00:58:53 Finished transferring input files
...
001 (16626177.124.000) 02/17 00:58:54 Job executing on host: <188.185.196.35:9618?addrs=188.185.196.35-9618+[2001-1458-303-23--100-1f]-9618&alias=b9p16p8087.cern.ch&noUDP&sock=startd_6280_22d9>
	SlotName: slot1_35@b9p16p8087.cern.ch
	CondorScratchDir = "/pool/condor/dir_1669958"
	Cpus = 1
	Disk = 3791
	GPUs = 0
	Memory = 3000
...
006 (16626177.124.000) 02/17 00:59:03 Image size of job updated: 70648
	69  -  MemoryUsage of job (MB)
	70648  -  ResidentSetSize of job (KB)
...
006 (16626177.124.000) 02/17 01:04:04 Image size of job updated: 101988
	100  -  MemoryUsage of job (MB)
	101988  -  ResidentSetSize of job (KB)
...
006 (16626177.124.000) 02/17 01:09:05 Image size of job updated: 139376
	137  -  MemoryUsage of job (MB)
	139376  -  ResidentSetSize of job (KB)
...
006 (16626177.124.000) 02/17 01:14:05 Image size of job updated: 139656
	137  -  MemoryUsage of job (MB)
	139656  -  ResidentSetSize of job (KB)
...
006 (16626177.124.000) 02/17 01:19:05 Image size of job updated: 143192
	140  -  MemoryUsage of job (MB)
	143192  -  ResidentSetSize of job (KB)
...
006 (16626177.124.000) 02/17 01:24:06 Image size of job updated: 143512
	141  -  MemoryUsage of job (MB)
	143512  -  ResidentSetSize of job (KB)
...
006 (16626177.124.000) 02/17 01:29:06 Image size of job updated: 144312
	141  -  MemoryUsage of job (MB)
	144312  -  ResidentSetSize of job (KB)
...
006 (16626177.124.000) 02/17 01:34:06 Image size of job updated: 145096
	142  -  MemoryUsage of job (MB)
	145096  -  ResidentSetSize of job (KB)
...
006 (16626177.124.000) 02/17 01:44:08 Image size of job updated: 146968
	144  -  MemoryUsage of job (MB)
	146968  -  ResidentSetSize of job (KB)
...
006 (16626177.124.000) 02/17 01:49:08 Image size of job updated: 147560
	145  -  MemoryUsage of job (MB)
	147560  -  ResidentSetSize of job (KB)
...
006 (16626177.124.000) 02/17 01:54:09 Image size of job updated: 148248
	145  -  MemoryUsage of job (MB)
	148248  -  ResidentSetSize of job (KB)
...
006 (16626177.124.000) 02/17 01:59:10 Image size of job updated: 148976
	146  -  MemoryUsage of job (MB)
	148976  -  ResidentSetSize of job (KB)
...
006 (16626177.124.000) 02/17 02:04:10 Image size of job updated: 154120
	151  -  MemoryUsage of job (MB)
	154120  -  ResidentSetSize of job (KB)
...
040 (16626177.124.000) 02/17 02:12:12 Started transferring output files
...
040 (16626177.124.000) 02/17 02:12:12 Finished transferring output files
...
005 (16626177.124.000) 02/17 02:12:12 Job terminated.
	(1) Normal termination (return value 0)
		Usr 0 01:06:29, Sys 0 00:00:02  -  Run Remote Usage
		Usr 0 00:00:00, Sys 0 00:00:00  -  Run Local Usage
		Usr 0 01:06:29, Sys 0 00:00:02  -  Total Remote Usage
		Usr 0 00:00:00, Sys 0 00:00:00  -  Total Local Usage
	8155  -  Run Bytes Sent By Job
	10428  -  Run Bytes Received By Job
	8155  -  Total Bytes Sent By Job
	10428  -  Total Bytes Received By Job
	Partitionable Resources :    Usage  Request Allocated 
	   Cpus                 :     0.99        1         1 
	   Disk (KB)            :    43          12      3791 
	   GPUs                 :                           0 
	   Memory (MB)          :   151        3000      3000 

	Job terminated of its own accord at 2025-02-17T01:12:12Z with exit-code 0.
...
