000 (16626177.152.000) 02/17 00:58:07 Job submitted from host: <188.185.72.155:9618?addrs=188.185.72.155-9618+[2001-1458-d00-8--100-95]-9618&alias=bigbird08.cern.ch&noUDP&sock=schedd_862983_22fa>
...
040 (16626177.152.000) 02/17 00:59:02 Started transferring input files
	Transferring to host: <128.142.196.44:9618?addrs=128.142.196.44-9618+[2001-1458-301-3c--100-2a]-9618&alias=b9g32p0061.cern.ch&noUDP&sock=slot1_47_2212181_633f_81968>
...
040 (16626177.152.000) 02/17 00:59:02 Finished transferring input files
...
001 (16626177.152.000) 02/17 00:59:03 Job executing on host: <128.142.196.44:9618?addrs=128.142.196.44-9618+[2001-1458-301-3c--100-2a]-9618&alias=b9g32p0061.cern.ch&noUDP&sock=startd_2634_488c>
	SlotName: slot1_47@b9g32p0061.cern.ch
	CondorScratchDir = "/pool/condor/dir_1258007"
	Cpus = 1
	Disk = 3727
	GPUs = 0
	Memory = 3000
...
006 (16626177.152.000) 02/17 00:59:11 Image size of job updated: 134180
	132  -  MemoryUsage of job (MB)
	134180  -  ResidentSetSize of job (KB)
...
006 (16626177.152.000) 02/17 01:04:11 Image size of job updated: 170772
	167  -  MemoryUsage of job (MB)
	170772  -  ResidentSetSize of job (KB)
...
006 (16626177.152.000) 02/17 01:09:12 Image size of job updated: 174828
	171  -  MemoryUsage of job (MB)
	174828  -  ResidentSetSize of job (KB)
...
006 (16626177.152.000) 02/17 01:14:13 Image size of job updated: 176068
	172  -  MemoryUsage of job (MB)
	176068  -  ResidentSetSize of job (KB)
...
006 (16626177.152.000) 02/17 01:19:13 Image size of job updated: 177664
	174  -  MemoryUsage of job (MB)
	177664  -  ResidentSetSize of job (KB)
...
006 (16626177.152.000) 02/17 01:29:15 Image size of job updated: 185052
	181  -  MemoryUsage of job (MB)
	185052  -  ResidentSetSize of job (KB)
...
006 (16626177.152.000) 02/17 01:34:15 Image size of job updated: 188268
	184  -  MemoryUsage of job (MB)
	188268  -  ResidentSetSize of job (KB)
...
006 (16626177.152.000) 02/17 01:39:15 Image size of job updated: 189544
	186  -  MemoryUsage of job (MB)
	189544  -  ResidentSetSize of job (KB)
...
040 (16626177.152.000) 02/17 01:42:53 Started transferring output files
...
040 (16626177.152.000) 02/17 01:42:53 Finished transferring output files
...
005 (16626177.152.000) 02/17 01:42:53 Job terminated.
	(1) Normal termination (return value 0)
		Usr 0 00:43:01, Sys 0 00:00:02  -  Run Remote Usage
		Usr 0 00:00:00, Sys 0 00:00:00  -  Run Local Usage
		Usr 0 00:43:01, Sys 0 00:00:02  -  Total Remote Usage
		Usr 0 00:00:00, Sys 0 00:00:00  -  Total Local Usage
	8155  -  Run Bytes Sent By Job
	10428  -  Run Bytes Received By Job
	8155  -  Total Bytes Sent By Job
	10428  -  Total Bytes Received By Job
	Partitionable Resources :    Usage  Request Allocated 
	   Cpus                 :     0.93        1         1 
	   Disk (KB)            :    43          12      3727 
	   GPUs                 :                           0 
	   Memory (MB)          :   186        3000      3000 

	Job terminated of its own accord at 2025-02-17T00:42:53Z with exit-code 0.
...
