000 (16626177.340.000) 02/17 00:58:07 Job submitted from host: <188.185.72.155:9618?addrs=188.185.72.155-9618+[2001-1458-d00-8--100-95]-9618&alias=bigbird08.cern.ch&noUDP&sock=schedd_862983_22fa>
...
040 (16626177.340.000) 02/17 01:04:36 Started transferring input files
	Transferring to host: <188.185.207.180:9618?addrs=188.185.207.180-9618+[2001-1458-303-e--100-31]-9618&alias=b9p08p9471.cern.ch&noUDP&sock=slot1_5_7929_729c_128363>
...
040 (16626177.340.000) 02/17 01:04:36 Finished transferring input files
...
001 (16626177.340.000) 02/17 01:04:37 Job executing on host: <188.185.207.180:9618?addrs=188.185.207.180-9618+[2001-1458-303-e--100-31]-9618&alias=b9p08p9471.cern.ch&noUDP&sock=startd_7025_24e7>
	SlotName: slot1_5@b9p08p9471.cern.ch
	CondorScratchDir = "/pool/condor/dir_2925151"
	Cpus = 1
	Disk = 3672
	GPUs = 0
	Memory = 3000
...
006 (16626177.340.000) 02/17 01:04:46 Image size of job updated: 99872
	98  -  MemoryUsage of job (MB)
	99872  -  ResidentSetSize of job (KB)
...
006 (16626177.340.000) 02/17 01:09:47 Image size of job updated: 139364
	137  -  MemoryUsage of job (MB)
	139364  -  ResidentSetSize of job (KB)
...
006 (16626177.340.000) 02/17 01:14:48 Image size of job updated: 143824
	141  -  MemoryUsage of job (MB)
	143824  -  ResidentSetSize of job (KB)
...
006 (16626177.340.000) 02/17 01:19:48 Image size of job updated: 144896
	142  -  MemoryUsage of job (MB)
	144896  -  ResidentSetSize of job (KB)
...
006 (16626177.340.000) 02/17 01:29:49 Image size of job updated: 146908
	144  -  MemoryUsage of job (MB)
	146908  -  ResidentSetSize of job (KB)
...
006 (16626177.340.000) 02/17 01:34:49 Image size of job updated: 148100
	145  -  MemoryUsage of job (MB)
	148100  -  ResidentSetSize of job (KB)
...
006 (16626177.340.000) 02/17 01:39:49 Image size of job updated: 152360
	149  -  MemoryUsage of job (MB)
	152360  -  ResidentSetSize of job (KB)
...
040 (16626177.340.000) 02/17 01:42:50 Started transferring output files
...
040 (16626177.340.000) 02/17 01:42:50 Finished transferring output files
...
005 (16626177.340.000) 02/17 01:42:50 Job terminated.
	(1) Normal termination (return value 0)
		Usr 0 00:37:08, Sys 0 00:00:02  -  Run Remote Usage
		Usr 0 00:00:00, Sys 0 00:00:00  -  Run Local Usage
		Usr 0 00:37:08, Sys 0 00:00:02  -  Total Remote Usage
		Usr 0 00:00:00, Sys 0 00:00:00  -  Total Local Usage
	8155  -  Run Bytes Sent By Job
	10428  -  Run Bytes Received By Job
	8155  -  Total Bytes Sent By Job
	10428  -  Total Bytes Received By Job
	Partitionable Resources :    Usage  Request Allocated 
	   Cpus                 :     0.99        1         1 
	   Disk (KB)            :    48          12      3672 
	   GPUs                 :                           0 
	   Memory (MB)          :   149        3000      3000 

	Job terminated of its own accord at 2025-02-17T00:42:50Z with exit-code 0.
...
