000 (16626177.132.000) 02/17 00:58:07 Job submitted from host: <188.185.72.155:9618?addrs=188.185.72.155-9618+[2001-1458-d00-8--100-95]-9618&alias=bigbird08.cern.ch&noUDP&sock=schedd_862983_22fa>
...
040 (16626177.132.000) 02/17 00:59:03 Started transferring input files
	Transferring to host: <188.185.215.162:9618?addrs=188.185.215.162-9618+[2001-1458-303-26--100-1e]-9618&alias=b9p18p7274.cern.ch&noUDP&sock=slot1_27_1588757_c837_74272>
...
040 (16626177.132.000) 02/17 00:59:03 Finished transferring input files
...
001 (16626177.132.000) 02/17 00:59:04 Job executing on host: <188.185.215.162:9618?addrs=188.185.215.162-9618+[2001-1458-303-26--100-1e]-9618&alias=b9p18p7274.cern.ch&noUDP&sock=startd_8688_d2e7>
	SlotName: slot1_27@b9p18p7274.cern.ch
	CondorScratchDir = "/pool/condor/dir_254035"
	Cpus = 1
	Disk = 3921
	GPUs = 0
	Memory = 3000
...
006 (16626177.132.000) 02/17 00:59:12 Image size of job updated: 402680
	394  -  MemoryUsage of job (MB)
	402680  -  ResidentSetSize of job (KB)
...
006 (16626177.132.000) 02/17 01:04:12 Image size of job updated: 440588
	431  -  MemoryUsage of job (MB)
	440588  -  ResidentSetSize of job (KB)
...
006 (16626177.132.000) 02/17 01:09:13 Image size of job updated: 441812
	432  -  MemoryUsage of job (MB)
	441812  -  ResidentSetSize of job (KB)
...
006 (16626177.132.000) 02/17 01:14:13 Image size of job updated: 446008
	436  -  MemoryUsage of job (MB)
	446008  -  ResidentSetSize of job (KB)
...
006 (16626177.132.000) 02/17 01:19:13 Image size of job updated: 446808
	437  -  MemoryUsage of job (MB)
	446808  -  ResidentSetSize of job (KB)
...
006 (16626177.132.000) 02/17 01:29:15 Image size of job updated: 451256
	441  -  MemoryUsage of job (MB)
	451256  -  ResidentSetSize of job (KB)
...
006 (16626177.132.000) 02/17 01:34:15 Image size of job updated: 463552
	453  -  MemoryUsage of job (MB)
	463552  -  ResidentSetSize of job (KB)
...
006 (16626177.132.000) 02/17 01:39:16 Image size of job updated: 464460
	454  -  MemoryUsage of job (MB)
	464460  -  ResidentSetSize of job (KB)
...
006 (16626177.132.000) 02/17 01:44:17 Image size of job updated: 468408
	458  -  MemoryUsage of job (MB)
	468408  -  ResidentSetSize of job (KB)
...
006 (16626177.132.000) 02/17 01:49:17 Image size of job updated: 470848
	460  -  MemoryUsage of job (MB)
	470848  -  ResidentSetSize of job (KB)
...
040 (16626177.132.000) 02/17 01:53:21 Started transferring output files
...
040 (16626177.132.000) 02/17 01:53:21 Finished transferring output files
...
005 (16626177.132.000) 02/17 01:53:21 Job terminated.
	(1) Normal termination (return value 0)
		Usr 0 00:53:32, Sys 0 00:00:03  -  Run Remote Usage
		Usr 0 00:00:00, Sys 0 00:00:00  -  Run Local Usage
		Usr 0 00:53:32, Sys 0 00:00:03  -  Total Remote Usage
		Usr 0 00:00:00, Sys 0 00:00:00  -  Total Local Usage
	8155  -  Run Bytes Sent By Job
	10428  -  Run Bytes Received By Job
	8155  -  Total Bytes Sent By Job
	10428  -  Total Bytes Received By Job
	Partitionable Resources :    Usage  Request Allocated 
	   Cpus                 :     0.99        1         1 
	   Disk (KB)            :    44          12      3921 
	   GPUs                 :                           0 
	   Memory (MB)          :   460        3000      3000 

	Job terminated of its own accord at 2025-02-17T00:53:21Z with exit-code 0.
...
