000 (16626177.204.000) 02/17 00:58:07 Job submitted from host: <188.185.72.155:9618?addrs=188.185.72.155-9618+[2001-1458-d00-8--100-95]-9618&alias=bigbird08.cern.ch&noUDP&sock=schedd_862983_22fa>
...
040 (16626177.204.000) 02/17 01:00:35 Started transferring input files
	Transferring to host: <188.185.193.161:9618?addrs=188.185.193.161-9618+[2001-1458-303-20--100-9d]-9618&alias=b9p19p2854.cern.ch&noUDP&sock=slot1_16_2510461_a1a0_95041>
...
040 (16626177.204.000) 02/17 01:00:35 Finished transferring input files
...
001 (16626177.204.000) 02/17 01:00:36 Job executing on host: <188.185.193.161:9618?addrs=188.185.193.161-9618+[2001-1458-303-20--100-9d]-9618&alias=b9p19p2854.cern.ch&noUDP&sock=startd_2507_2c05>
	SlotName: slot1_16@b9p19p2854.cern.ch
	CondorScratchDir = "/pool/condor/dir_1670502"
	Cpus = 1
	Disk = 3355
	GPUs = 0
	Memory = 3000
...
006 (16626177.204.000) 02/17 01:00:45 Image size of job updated: 2496
	3  -  MemoryUsage of job (MB)
	2496  -  ResidentSetSize of job (KB)
...
006 (16626177.204.000) 02/17 01:05:46 Image size of job updated: 408116
	399  -  MemoryUsage of job (MB)
	408116  -  ResidentSetSize of job (KB)
...
006 (16626177.204.000) 02/17 01:10:47 Image size of job updated: 412080
	403  -  MemoryUsage of job (MB)
	412080  -  ResidentSetSize of job (KB)
...
006 (16626177.204.000) 02/17 01:15:47 Image size of job updated: 413636
	404  -  MemoryUsage of job (MB)
	413636  -  ResidentSetSize of job (KB)
...
006 (16626177.204.000) 02/17 01:25:49 Image size of job updated: 419084
	410  -  MemoryUsage of job (MB)
	419084  -  ResidentSetSize of job (KB)
...
006 (16626177.204.000) 02/17 01:30:49 Image size of job updated: 419508
	410  -  MemoryUsage of job (MB)
	419508  -  ResidentSetSize of job (KB)
...
006 (16626177.204.000) 02/17 01:35:49 Image size of job updated: 420604
	411  -  MemoryUsage of job (MB)
	420604  -  ResidentSetSize of job (KB)
...
040 (16626177.204.000) 02/17 01:40:02 Started transferring output files
...
040 (16626177.204.000) 02/17 01:40:02 Finished transferring output files
...
005 (16626177.204.000) 02/17 01:40:02 Job terminated.
	(1) Normal termination (return value 0)
		Usr 0 00:38:39, Sys 0 00:00:01  -  Run Remote Usage
		Usr 0 00:00:00, Sys 0 00:00:00  -  Run Local Usage
		Usr 0 00:38:39, Sys 0 00:00:01  -  Total Remote Usage
		Usr 0 00:00:00, Sys 0 00:00:00  -  Total Local Usage
	8155  -  Run Bytes Sent By Job
	10428  -  Run Bytes Received By Job
	8155  -  Total Bytes Sent By Job
	10428  -  Total Bytes Received By Job
	Partitionable Resources :    Usage  Request Allocated 
	   Cpus                 :     0.99        1         1 
	   Disk (KB)            :    44          12      3355 
	   GPUs                 :                           0 
	   Memory (MB)          :   411        3000      3000 

	Job terminated of its own accord at 2025-02-17T00:40:02Z with exit-code 0.
...
