000 (16626177.218.000) 02/17 00:58:07 Job submitted from host: <188.185.72.155:9618?addrs=188.185.72.155-9618+[2001-1458-d00-8--100-95]-9618&alias=bigbird08.cern.ch&noUDP&sock=schedd_862983_22fa>
...
040 (16626177.218.000) 02/17 01:00:40 Started transferring input files
	Transferring to host: <188.185.198.76:9618?addrs=188.185.198.76-9618+[2001-1458-303-25--100-48]-9618&alias=b9p15p5144.cern.ch&noUDP&sock=slot1_14_3828089_c16d_14371>
...
040 (16626177.218.000) 02/17 01:00:40 Finished transferring input files
...
001 (16626177.218.000) 02/17 01:00:41 Job executing on host: <188.185.198.76:9618?addrs=188.185.198.76-9618+[2001-1458-303-25--100-48]-9618&alias=b9p15p5144.cern.ch&noUDP&sock=startd_9398_d325>
	SlotName: slot1_14@b9p15p5144.cern.ch
	CondorScratchDir = "/pool/condor/dir_1018660"
	Cpus = 1
	Disk = 3746
	GPUs = 0
	Memory = 3000
...
006 (16626177.218.000) 02/17 01:00:49 Image size of job updated: 1900
	2  -  MemoryUsage of job (MB)
	1900  -  ResidentSetSize of job (KB)
...
006 (16626177.218.000) 02/17 01:05:49 Image size of job updated: 296424
	290  -  MemoryUsage of job (MB)
	296424  -  ResidentSetSize of job (KB)
...
006 (16626177.218.000) 02/17 01:10:51 Image size of job updated: 298684
	292  -  MemoryUsage of job (MB)
	298684  -  ResidentSetSize of job (KB)
...
006 (16626177.218.000) 02/17 01:15:51 Image size of job updated: 302056
	295  -  MemoryUsage of job (MB)
	302056  -  ResidentSetSize of job (KB)
...
006 (16626177.218.000) 02/17 01:25:52 Image size of job updated: 302608
	296  -  MemoryUsage of job (MB)
	302608  -  ResidentSetSize of job (KB)
...
006 (16626177.218.000) 02/17 01:35:53 Image size of job updated: 306484
	300  -  MemoryUsage of job (MB)
	306484  -  ResidentSetSize of job (KB)
...
006 (16626177.218.000) 02/17 01:40:53 Image size of job updated: 306656
	300  -  MemoryUsage of job (MB)
	306656  -  ResidentSetSize of job (KB)
...
006 (16626177.218.000) 02/17 01:45:54 Image size of job updated: 310392
	304  -  MemoryUsage of job (MB)
	310392  -  ResidentSetSize of job (KB)
...
006 (16626177.218.000) 02/17 01:50:54 Image size of job updated: 310852
	304  -  MemoryUsage of job (MB)
	310852  -  ResidentSetSize of job (KB)
...
040 (16626177.218.000) 02/17 01:56:10 Started transferring output files
...
040 (16626177.218.000) 02/17 01:56:10 Finished transferring output files
...
005 (16626177.218.000) 02/17 01:56:10 Job terminated.
	(1) Normal termination (return value 0)
		Usr 0 00:54:27, Sys 0 00:00:02  -  Run Remote Usage
		Usr 0 00:00:00, Sys 0 00:00:00  -  Run Local Usage
		Usr 0 00:54:27, Sys 0 00:00:02  -  Total Remote Usage
		Usr 0 00:00:00, Sys 0 00:00:00  -  Total Local Usage
	8155  -  Run Bytes Sent By Job
	10428  -  Run Bytes Received By Job
	8155  -  Total Bytes Sent By Job
	10428  -  Total Bytes Received By Job
	Partitionable Resources :    Usage  Request Allocated 
	   Cpus                 :     0.99        1         1 
	   Disk (KB)            :    43          12      3746 
	   GPUs                 :                           0 
	   Memory (MB)          :   304        3000      3000 

	Job terminated of its own accord at 2025-02-17T00:56:10Z with exit-code 0.
...
