000 (16626177.347.000) 02/17 00:58:07 Job submitted from host: <188.185.72.155:9618?addrs=188.185.72.155-9618+[2001-1458-d00-8--100-95]-9618&alias=bigbird08.cern.ch&noUDP&sock=schedd_862983_22fa>
...
040 (16626177.347.000) 02/17 01:04:39 Started transferring input files
	Transferring to host: <188.185.196.138:9618?addrs=188.185.196.138-9618+[2001-1458-303-23--100-86]-9618&alias=b9p16p4018.cern.ch&noUDP&sock=slot1_33_11073_ae1b_3689>
...
040 (16626177.347.000) 02/17 01:04:39 Finished transferring input files
...
001 (16626177.347.000) 02/17 01:04:40 Job executing on host: <188.185.196.138:9618?addrs=188.185.196.138-9618+[2001-1458-303-23--100-86]-9618&alias=b9p16p4018.cern.ch&noUDP&sock=startd_5547_5bed>
	SlotName: slot1_33@b9p16p4018.cern.ch
	CondorScratchDir = "/pool/condor/dir_1162389"
	Cpus = 1
	Disk = 3820
	GPUs = 0
	Memory = 3000
...
006 (16626177.347.000) 02/17 01:04:48 Image size of job updated: 72248
	71  -  MemoryUsage of job (MB)
	72248  -  ResidentSetSize of job (KB)
...
006 (16626177.347.000) 02/17 01:09:48 Image size of job updated: 141824
	139  -  MemoryUsage of job (MB)
	141824  -  ResidentSetSize of job (KB)
...
006 (16626177.347.000) 02/17 01:14:49 Image size of job updated: 155264
	152  -  MemoryUsage of job (MB)
	155264  -  ResidentSetSize of job (KB)
...
006 (16626177.347.000) 02/17 01:19:50 Image size of job updated: 156444
	153  -  MemoryUsage of job (MB)
	156444  -  ResidentSetSize of job (KB)
...
006 (16626177.347.000) 02/17 01:24:50 Image size of job updated: 157516
	154  -  MemoryUsage of job (MB)
	157516  -  ResidentSetSize of job (KB)
...
006 (16626177.347.000) 02/17 01:34:51 Image size of job updated: 161748
	158  -  MemoryUsage of job (MB)
	161748  -  ResidentSetSize of job (KB)
...
006 (16626177.347.000) 02/17 01:39:51 Image size of job updated: 163116
	160  -  MemoryUsage of job (MB)
	163116  -  ResidentSetSize of job (KB)
...
006 (16626177.347.000) 02/17 01:44:51 Image size of job updated: 166856
	163  -  MemoryUsage of job (MB)
	166856  -  ResidentSetSize of job (KB)
...
040 (16626177.347.000) 02/17 01:49:55 Started transferring output files
...
040 (16626177.347.000) 02/17 01:49:55 Finished transferring output files
...
005 (16626177.347.000) 02/17 01:49:55 Job terminated.
	(1) Normal termination (return value 0)
		Usr 0 00:44:54, Sys 0 00:00:01  -  Run Remote Usage
		Usr 0 00:00:00, Sys 0 00:00:00  -  Run Local Usage
		Usr 0 00:44:54, Sys 0 00:00:01  -  Total Remote Usage
		Usr 0 00:00:00, Sys 0 00:00:00  -  Total Local Usage
	8155  -  Run Bytes Sent By Job
	10428  -  Run Bytes Received By Job
	8155  -  Total Bytes Sent By Job
	10428  -  Total Bytes Received By Job
	Partitionable Resources :    Usage  Request Allocated 
	   Cpus                 :     1.00        1         1 
	   Disk (KB)            :    43          12      3820 
	   GPUs                 :                           0 
	   Memory (MB)          :   163        3000      3000 

	Job terminated of its own accord at 2025-02-17T00:49:55Z with exit-code 0.
...
