000 (16626177.035.000) 02/17 00:58:07 Job submitted from host: <188.185.72.155:9618?addrs=188.185.72.155-9618+[2001-1458-d00-8--100-95]-9618&alias=bigbird08.cern.ch&noUDP&sock=schedd_862983_22fa>
...
040 (16626177.035.000) 02/17 00:58:23 Started transferring input files
	Transferring to host: <188.185.196.79:9618?addrs=188.185.196.79-9618+[2001-1458-303-23--100-4b]-9618&alias=b9p16p8791.cern.ch&noUDP&sock=slot1_34_5649_fb3f_118230>
...
040 (16626177.035.000) 02/17 00:58:23 Finished transferring input files
...
001 (16626177.035.000) 02/17 00:58:24 Job executing on host: <188.185.196.79:9618?addrs=188.185.196.79-9618+[2001-1458-303-23--100-4b]-9618&alias=b9p16p8791.cern.ch&noUDP&sock=startd_4340_751e>
	SlotName: slot1_34@b9p16p8791.cern.ch
	CondorScratchDir = "/pool/condor/dir_2551574"
	Cpus = 1
	Disk = 3775
	GPUs = 0
	Memory = 3000
...
006 (16626177.035.000) 02/17 00:58:33 Image size of job updated: 372280
	364  -  MemoryUsage of job (MB)
	372280  -  ResidentSetSize of job (KB)
...
006 (16626177.035.000) 02/17 01:03:34 Image size of job updated: 440180
	430  -  MemoryUsage of job (MB)
	440180  -  ResidentSetSize of job (KB)
...
006 (16626177.035.000) 02/17 01:08:34 Image size of job updated: 441800
	432  -  MemoryUsage of job (MB)
	441800  -  ResidentSetSize of job (KB)
...
006 (16626177.035.000) 02/17 01:13:34 Image size of job updated: 445060
	435  -  MemoryUsage of job (MB)
	445060  -  ResidentSetSize of job (KB)
...
006 (16626177.035.000) 02/17 01:18:35 Image size of job updated: 445928
	436  -  MemoryUsage of job (MB)
	445928  -  ResidentSetSize of job (KB)
...
006 (16626177.035.000) 02/17 01:23:36 Image size of job updated: 446788
	437  -  MemoryUsage of job (MB)
	446788  -  ResidentSetSize of job (KB)
...
006 (16626177.035.000) 02/17 01:28:36 Image size of job updated: 449452
	439  -  MemoryUsage of job (MB)
	449452  -  ResidentSetSize of job (KB)
...
006 (16626177.035.000) 02/17 01:38:38 Image size of job updated: 465796
	455  -  MemoryUsage of job (MB)
	465796  -  ResidentSetSize of job (KB)
...
006 (16626177.035.000) 02/17 01:43:38 Image size of job updated: 466240
	456  -  MemoryUsage of job (MB)
	466240  -  ResidentSetSize of job (KB)
...
006 (16626177.035.000) 02/17 01:48:38 Image size of job updated: 466924
	456  -  MemoryUsage of job (MB)
	466924  -  ResidentSetSize of job (KB)
...
006 (16626177.035.000) 02/17 01:53:39 Image size of job updated: 467780
	457  -  MemoryUsage of job (MB)
	467780  -  ResidentSetSize of job (KB)
...
006 (16626177.035.000) 02/17 01:58:39 Image size of job updated: 470512
	460  -  MemoryUsage of job (MB)
	470512  -  ResidentSetSize of job (KB)
...
040 (16626177.035.000) 02/17 02:03:52 Started transferring output files
...
040 (16626177.035.000) 02/17 02:03:52 Finished transferring output files
...
005 (16626177.035.000) 02/17 02:03:52 Job terminated.
	(1) Normal termination (return value 0)
		Usr 0 01:03:28, Sys 0 00:00:04  -  Run Remote Usage
		Usr 0 00:00:00, Sys 0 00:00:00  -  Run Local Usage
		Usr 0 01:03:28, Sys 0 00:00:04  -  Total Remote Usage
		Usr 0 00:00:00, Sys 0 00:00:00  -  Total Local Usage
	8152  -  Run Bytes Sent By Job
	10428  -  Run Bytes Received By Job
	8152  -  Total Bytes Sent By Job
	10428  -  Total Bytes Received By Job
	Partitionable Resources :    Usage  Request Allocated 
	   Cpus                 :     0.95        1         1 
	   Disk (KB)            :    44          12      3775 
	   GPUs                 :                           0 
	   Memory (MB)          :   460        3000      3000 

	Job terminated of its own accord at 2025-02-17T01:03:51Z with exit-code 0.
...
