000 (16626177.440.000) 02/17 00:58:08 Job submitted from host: <188.185.72.155:9618?addrs=188.185.72.155-9618+[2001-1458-d00-8--100-95]-9618&alias=bigbird08.cern.ch&noUDP&sock=schedd_862983_22fa>
...
040 (16626177.440.000) 02/17 01:07:24 Started transferring input files
	Transferring to host: <188.185.194.185:9618?addrs=188.185.194.185-9618+[2001-1458-303-21--100-b5]-9618&alias=b9p20p3715.cern.ch&noUDP&sock=slot1_21_3299979_7c4a_2666>
...
040 (16626177.440.000) 02/17 01:07:24 Finished transferring input files
...
001 (16626177.440.000) 02/17 01:07:25 Job executing on host: <188.185.194.185:9618?addrs=188.185.194.185-9618+[2001-1458-303-21--100-b5]-9618&alias=b9p20p3715.cern.ch&noUDP&sock=startd_7244_5c25>
	SlotName: slot1_21@b9p20p3715.cern.ch
	CondorScratchDir = "/pool/condor/dir_875183"
	Cpus = 1
	Disk = 3902
	GPUs = 0
	Memory = 3000
...
006 (16626177.440.000) 02/17 01:07:34 Image size of job updated: 100224
	98  -  MemoryUsage of job (MB)
	100224  -  ResidentSetSize of job (KB)
...
006 (16626177.440.000) 02/17 01:12:36 Image size of job updated: 102740
	101  -  MemoryUsage of job (MB)
	102740  -  ResidentSetSize of job (KB)
...
006 (16626177.440.000) 02/17 01:17:36 Image size of job updated: 142196
	139  -  MemoryUsage of job (MB)
	142196  -  ResidentSetSize of job (KB)
...
006 (16626177.440.000) 02/17 01:22:36 Image size of job updated: 142764
	140  -  MemoryUsage of job (MB)
	142764  -  ResidentSetSize of job (KB)
...
006 (16626177.440.000) 02/17 01:37:38 Image size of job updated: 152016
	149  -  MemoryUsage of job (MB)
	152016  -  ResidentSetSize of job (KB)
...
006 (16626177.440.000) 02/17 01:42:38 Image size of job updated: 152632
	150  -  MemoryUsage of job (MB)
	152632  -  ResidentSetSize of job (KB)
...
006 (16626177.440.000) 02/17 01:47:39 Image size of job updated: 157564
	154  -  MemoryUsage of job (MB)
	157564  -  ResidentSetSize of job (KB)
...
040 (16626177.440.000) 02/17 01:53:52 Started transferring output files
...
040 (16626177.440.000) 02/17 01:53:52 Finished transferring output files
...
005 (16626177.440.000) 02/17 01:53:52 Job terminated.
	(1) Normal termination (return value 0)
		Usr 0 00:46:01, Sys 0 00:00:01  -  Run Remote Usage
		Usr 0 00:00:00, Sys 0 00:00:00  -  Run Local Usage
		Usr 0 00:46:01, Sys 0 00:00:01  -  Total Remote Usage
		Usr 0 00:00:00, Sys 0 00:00:00  -  Total Local Usage
	8155  -  Run Bytes Sent By Job
	10428  -  Run Bytes Received By Job
	8155  -  Total Bytes Sent By Job
	10428  -  Total Bytes Received By Job
	Partitionable Resources :    Usage  Request Allocated 
	   Cpus                 :     0.99        1         1 
	   Disk (KB)            :    44          12      3902 
	   GPUs                 :                           0 
	   Memory (MB)          :   154        3000      3000 

	Job terminated of its own accord at 2025-02-17T00:53:52Z with exit-code 0.
...
