000 (16626177.378.000) 02/17 00:58:07 Job submitted from host: <188.185.72.155:9618?addrs=188.185.72.155-9618+[2001-1458-d00-8--100-95]-9618&alias=bigbird08.cern.ch&noUDP&sock=schedd_862983_22fa>
...
040 (16626177.378.000) 02/17 01:04:49 Started transferring input files
	Transferring to host: <188.185.194.115:9618?addrs=188.185.194.115-9618+[2001-1458-303-21--100-6f]-9618&alias=b9p20p4883.cern.ch&noUDP&sock=slot1_29_3981703_b714_13304>
...
040 (16626177.378.000) 02/17 01:04:49 Finished transferring input files
...
001 (16626177.378.000) 02/17 01:04:50 Job executing on host: <188.185.194.115:9618?addrs=188.185.194.115-9618+[2001-1458-303-21--100-6f]-9618&alias=b9p20p4883.cern.ch&noUDP&sock=startd_8951_384f>
	SlotName: slot1_29@b9p20p4883.cern.ch
	CondorScratchDir = "/pool/condor/dir_2500437"
	Cpus = 1
	Disk = 3884
	GPUs = 0
	Memory = 3000
...
006 (16626177.378.000) 02/17 01:04:58 Image size of job updated: 70256
	69  -  MemoryUsage of job (MB)
	70256  -  ResidentSetSize of job (KB)
...
006 (16626177.378.000) 02/17 01:09:58 Image size of job updated: 100456
	99  -  MemoryUsage of job (MB)
	100456  -  ResidentSetSize of job (KB)
...
006 (16626177.378.000) 02/17 01:14:59 Image size of job updated: 137636
	135  -  MemoryUsage of job (MB)
	137636  -  ResidentSetSize of job (KB)
...
006 (16626177.378.000) 02/17 01:19:59 Image size of job updated: 143900
	141  -  MemoryUsage of job (MB)
	143900  -  ResidentSetSize of job (KB)
...
006 (16626177.378.000) 02/17 01:24:59 Image size of job updated: 144620
	142  -  MemoryUsage of job (MB)
	144620  -  ResidentSetSize of job (KB)
...
006 (16626177.378.000) 02/17 01:30:00 Image size of job updated: 147276
	144  -  MemoryUsage of job (MB)
	147276  -  ResidentSetSize of job (KB)
...
006 (16626177.378.000) 02/17 01:45:02 Image size of job updated: 155760
	153  -  MemoryUsage of job (MB)
	155760  -  ResidentSetSize of job (KB)
...
006 (16626177.378.000) 02/17 01:50:03 Image size of job updated: 159072
	156  -  MemoryUsage of job (MB)
	159072  -  ResidentSetSize of job (KB)
...
006 (16626177.378.000) 02/17 01:55:03 Image size of job updated: 162060
	159  -  MemoryUsage of job (MB)
	162060  -  ResidentSetSize of job (KB)
...
040 (16626177.378.000) 02/17 01:57:46 Started transferring output files
...
040 (16626177.378.000) 02/17 01:57:46 Finished transferring output files
...
005 (16626177.378.000) 02/17 01:57:46 Job terminated.
	(1) Normal termination (return value 0)
		Usr 0 00:52:28, Sys 0 00:00:01  -  Run Remote Usage
		Usr 0 00:00:00, Sys 0 00:00:00  -  Run Local Usage
		Usr 0 00:52:28, Sys 0 00:00:01  -  Total Remote Usage
		Usr 0 00:00:00, Sys 0 00:00:00  -  Total Local Usage
	8155  -  Run Bytes Sent By Job
	10428  -  Run Bytes Received By Job
	8155  -  Total Bytes Sent By Job
	10428  -  Total Bytes Received By Job
	Partitionable Resources :    Usage  Request Allocated 
	   Cpus                 :     0.99        1         1 
	   Disk (KB)            :    43          12      3884 
	   GPUs                 :                           0 
	   Memory (MB)          :   159        3000      3000 

	Job terminated of its own accord at 2025-02-17T00:57:46Z with exit-code 0.
...
