000 (16626177.288.000) 02/17 00:58:07 Job submitted from host: <188.185.72.155:9618?addrs=188.185.72.155-9618+[2001-1458-d00-8--100-95]-9618&alias=bigbird08.cern.ch&noUDP&sock=schedd_862983_22fa>
...
040 (16626177.288.000) 02/17 01:04:20 Started transferring input files
	Transferring to host: <188.185.195.39:9618?addrs=188.185.195.39-9618+[2001-1458-303-22--100-23]-9618&alias=b9p17p4903.cern.ch&noUDP&sock=slot1_27_470046_ade3_10646>
...
040 (16626177.288.000) 02/17 01:04:20 Finished transferring input files
...
001 (16626177.288.000) 02/17 01:04:21 Job executing on host: <188.185.195.39:9618?addrs=188.185.195.39-9618+[2001-1458-303-22--100-23]-9618&alias=b9p17p4903.cern.ch&noUDP&sock=startd_7209_5a54>
	SlotName: slot1_27@b9p17p4903.cern.ch
	CondorScratchDir = "/pool/condor/dir_1809429"
	Cpus = 1
	Disk = 3735
	GPUs = 0
	Memory = 3000
...
006 (16626177.288.000) 02/17 01:04:29 Image size of job updated: 70056
	69  -  MemoryUsage of job (MB)
	70056  -  ResidentSetSize of job (KB)
...
006 (16626177.288.000) 02/17 01:09:29 Image size of job updated: 100628
	99  -  MemoryUsage of job (MB)
	100628  -  ResidentSetSize of job (KB)
...
006 (16626177.288.000) 02/17 01:14:30 Image size of job updated: 137696
	135  -  MemoryUsage of job (MB)
	137696  -  ResidentSetSize of job (KB)
...
006 (16626177.288.000) 02/17 01:19:31 Image size of job updated: 141220
	138  -  MemoryUsage of job (MB)
	141220  -  ResidentSetSize of job (KB)
...
006 (16626177.288.000) 02/17 01:24:31 Image size of job updated: 142208
	139  -  MemoryUsage of job (MB)
	142208  -  ResidentSetSize of job (KB)
...
006 (16626177.288.000) 02/17 01:29:32 Image size of job updated: 143264
	140  -  MemoryUsage of job (MB)
	143264  -  ResidentSetSize of job (KB)
...
006 (16626177.288.000) 02/17 01:44:34 Image size of job updated: 151876
	149  -  MemoryUsage of job (MB)
	151876  -  ResidentSetSize of job (KB)
...
006 (16626177.288.000) 02/17 01:49:35 Image size of job updated: 152576
	149  -  MemoryUsage of job (MB)
	152576  -  ResidentSetSize of job (KB)
...
006 (16626177.288.000) 02/17 01:54:35 Image size of job updated: 155976
	153  -  MemoryUsage of job (MB)
	155976  -  ResidentSetSize of job (KB)
...
006 (16626177.288.000) 02/17 01:59:35 Image size of job updated: 156688
	154  -  MemoryUsage of job (MB)
	156688  -  ResidentSetSize of job (KB)
...
040 (16626177.288.000) 02/17 02:04:22 Started transferring output files
...
040 (16626177.288.000) 02/17 02:04:22 Finished transferring output files
...
005 (16626177.288.000) 02/17 02:04:22 Job terminated.
	(1) Normal termination (return value 0)
		Usr 0 00:58:32, Sys 0 00:00:05  -  Run Remote Usage
		Usr 0 00:00:00, Sys 0 00:00:00  -  Run Local Usage
		Usr 0 00:58:32, Sys 0 00:00:05  -  Total Remote Usage
		Usr 0 00:00:00, Sys 0 00:00:00  -  Total Local Usage
	8155  -  Run Bytes Sent By Job
	10428  -  Run Bytes Received By Job
	8155  -  Total Bytes Sent By Job
	10428  -  Total Bytes Received By Job
	Partitionable Resources :    Usage  Request Allocated 
	   Cpus                 :     0.99        1         1 
	   Disk (KB)            :    44          12      3735 
	   GPUs                 :                           0 
	   Memory (MB)          :   154        3000      3000 

	Job terminated of its own accord at 2025-02-17T01:04:22Z with exit-code 0.
...
