000 (16626177.263.000) 02/17 00:58:07 Job submitted from host: <188.185.72.155:9618?addrs=188.185.72.155-9618+[2001-1458-d00-8--100-95]-9618&alias=bigbird08.cern.ch&noUDP&sock=schedd_862983_22fa>
...
040 (16626177.263.000) 02/17 01:00:52 Started transferring input files
	Transferring to host: <188.185.214.11:9618?addrs=188.185.214.11-9618+[2001-1458-303-1c--100-7]-9618&alias=b9p29p4563.cern.ch&noUDP&sock=slot1_18_338631_ec63_78399>
...
040 (16626177.263.000) 02/17 01:00:52 Finished transferring input files
...
001 (16626177.263.000) 02/17 01:00:53 Job executing on host: <188.185.214.11:9618?addrs=188.185.214.11-9618+[2001-1458-303-1c--100-7]-9618&alias=b9p29p4563.cern.ch&noUDP&sock=startd_3788_d4d6>
	SlotName: slot1_18@b9p29p4563.cern.ch
	CondorScratchDir = "/pool/condor/dir_842984"
	Cpus = 1
	Disk = 3806
	GPUs = 0
	Memory = 3000
...
006 (16626177.263.000) 02/17 01:01:02 Image size of job updated: 100096
	98  -  MemoryUsage of job (MB)
	100096  -  ResidentSetSize of job (KB)
...
006 (16626177.263.000) 02/17 01:06:03 Image size of job updated: 138080
	135  -  MemoryUsage of job (MB)
	138080  -  ResidentSetSize of job (KB)
...
006 (16626177.263.000) 02/17 01:11:04 Image size of job updated: 141968
	139  -  MemoryUsage of job (MB)
	141968  -  ResidentSetSize of job (KB)
...
006 (16626177.263.000) 02/17 01:16:04 Image size of job updated: 142952
	140  -  MemoryUsage of job (MB)
	142952  -  ResidentSetSize of job (KB)
...
006 (16626177.263.000) 02/17 01:21:05 Image size of job updated: 144356
	141  -  MemoryUsage of job (MB)
	144356  -  ResidentSetSize of job (KB)
...
006 (16626177.263.000) 02/17 01:31:06 Image size of job updated: 153192
	150  -  MemoryUsage of job (MB)
	153192  -  ResidentSetSize of job (KB)
...
006 (16626177.263.000) 02/17 01:36:07 Image size of job updated: 153348
	150  -  MemoryUsage of job (MB)
	153348  -  ResidentSetSize of job (KB)
...
040 (16626177.263.000) 02/17 01:41:32 Started transferring output files
...
040 (16626177.263.000) 02/17 01:41:32 Finished transferring output files
...
005 (16626177.263.000) 02/17 01:41:32 Job terminated.
	(1) Normal termination (return value 0)
		Usr 0 00:39:30, Sys 0 00:00:07  -  Run Remote Usage
		Usr 0 00:00:00, Sys 0 00:00:00  -  Run Local Usage
		Usr 0 00:39:30, Sys 0 00:00:07  -  Total Remote Usage
		Usr 0 00:00:00, Sys 0 00:00:00  -  Total Local Usage
	8134  -  Run Bytes Sent By Job
	10428  -  Run Bytes Received By Job
	8134  -  Total Bytes Sent By Job
	10428  -  Total Bytes Received By Job
	Partitionable Resources :    Usage  Request Allocated 
	   Cpus                 :     0.98        1         1 
	   Disk (KB)            :    43          12      3806 
	   GPUs                 :                           0 
	   Memory (MB)          :   150        3000      3000 

	Job terminated of its own accord at 2025-02-17T00:41:32Z with exit-code 0.
...
