000 (16626177.284.000) 02/17 00:58:07 Job submitted from host: <188.185.72.155:9618?addrs=188.185.72.155-9618+[2001-1458-d00-8--100-95]-9618&alias=bigbird08.cern.ch&noUDP&sock=schedd_862983_22fa>
...
040 (16626177.284.000) 02/17 01:04:18 Started transferring input files
	Transferring to host: <188.185.194.185:9618?addrs=188.185.194.185-9618+[2001-1458-303-21--100-b5]-9618&alias=b9p20p3715.cern.ch&noUDP&sock=slot1_25_3299979_7c4a_2665>
...
040 (16626177.284.000) 02/17 01:04:18 Finished transferring input files
...
001 (16626177.284.000) 02/17 01:04:19 Job executing on host: <188.185.194.185:9618?addrs=188.185.194.185-9618+[2001-1458-303-21--100-b5]-9618&alias=b9p20p3715.cern.ch&noUDP&sock=startd_7244_5c25>
	SlotName: slot1_25@b9p20p3715.cern.ch
	CondorScratchDir = "/pool/condor/dir_870835"
	Cpus = 1
	Disk = 3904
	GPUs = 0
	Memory = 3000
...
006 (16626177.284.000) 02/17 01:04:27 Image size of job updated: 102324
	100  -  MemoryUsage of job (MB)
	102324  -  ResidentSetSize of job (KB)
...
006 (16626177.284.000) 02/17 01:09:27 Image size of job updated: 139988
	137  -  MemoryUsage of job (MB)
	139988  -  ResidentSetSize of job (KB)
...
006 (16626177.284.000) 02/17 01:14:28 Image size of job updated: 144220
	141  -  MemoryUsage of job (MB)
	144220  -  ResidentSetSize of job (KB)
...
006 (16626177.284.000) 02/17 01:19:29 Image size of job updated: 145164
	142  -  MemoryUsage of job (MB)
	145164  -  ResidentSetSize of job (KB)
...
006 (16626177.284.000) 02/17 01:34:31 Image size of job updated: 162492
	159  -  MemoryUsage of job (MB)
	162492  -  ResidentSetSize of job (KB)
...
006 (16626177.284.000) 02/17 01:39:31 Image size of job updated: 163572
	160  -  MemoryUsage of job (MB)
	163572  -  ResidentSetSize of job (KB)
...
006 (16626177.284.000) 02/17 01:44:31 Image size of job updated: 169112
	166  -  MemoryUsage of job (MB)
	169112  -  ResidentSetSize of job (KB)
...
040 (16626177.284.000) 02/17 01:48:00 Started transferring output files
...
040 (16626177.284.000) 02/17 01:48:00 Finished transferring output files
...
005 (16626177.284.000) 02/17 01:48:00 Job terminated.
	(1) Normal termination (return value 0)
		Usr 0 00:43:18, Sys 0 00:00:01  -  Run Remote Usage
		Usr 0 00:00:00, Sys 0 00:00:00  -  Run Local Usage
		Usr 0 00:43:18, Sys 0 00:00:01  -  Total Remote Usage
		Usr 0 00:00:00, Sys 0 00:00:00  -  Total Local Usage
	8155  -  Run Bytes Sent By Job
	10428  -  Run Bytes Received By Job
	8155  -  Total Bytes Sent By Job
	10428  -  Total Bytes Received By Job
	Partitionable Resources :    Usage  Request Allocated 
	   Cpus                 :     0.99        1         1 
	   Disk (KB)            :    44          12      3904 
	   GPUs                 :                           0 
	   Memory (MB)          :   166        3000      3000 

	Job terminated of its own accord at 2025-02-17T00:48:00Z with exit-code 0.
...
