000 (16626177.497.000) 02/17 00:58:08 Job submitted from host: <188.185.72.155:9618?addrs=188.185.72.155-9618+[2001-1458-d00-8--100-95]-9618&alias=bigbird08.cern.ch&noUDP&sock=schedd_862983_22fa>
...
040 (16626177.497.000) 02/17 01:07:43 Started transferring input files
	Transferring to host: <188.185.214.31:9618?addrs=188.185.214.31-9618+[2001-1458-303-1c--100-1b]-9618&alias=b9p29p8354.cern.ch&noUDP&sock=slot1_22_3994_e25b_149212>
...
040 (16626177.497.000) 02/17 01:07:43 Finished transferring input files
...
001 (16626177.497.000) 02/17 01:07:44 Job executing on host: <188.185.214.31:9618?addrs=188.185.214.31-9618+[2001-1458-303-1c--100-1b]-9618&alias=b9p29p8354.cern.ch&noUDP&sock=startd_3238_93c0>
	SlotName: slot1_22@b9p29p8354.cern.ch
	CondorScratchDir = "/pool/condor/dir_2415439"
	Cpus = 1
	Disk = 3777
	GPUs = 0
	Memory = 3000
...
006 (16626177.497.000) 02/17 01:07:52 Image size of job updated: 99516
	98  -  MemoryUsage of job (MB)
	99516  -  ResidentSetSize of job (KB)
...
006 (16626177.497.000) 02/17 01:12:52 Image size of job updated: 136860
	134  -  MemoryUsage of job (MB)
	136860  -  ResidentSetSize of job (KB)
...
006 (16626177.497.000) 02/17 01:17:53 Image size of job updated: 141304
	138  -  MemoryUsage of job (MB)
	141304  -  ResidentSetSize of job (KB)
...
006 (16626177.497.000) 02/17 01:22:53 Image size of job updated: 145176
	142  -  MemoryUsage of job (MB)
	145176  -  ResidentSetSize of job (KB)
...
006 (16626177.497.000) 02/17 01:32:54 Image size of job updated: 156236
	153  -  MemoryUsage of job (MB)
	156236  -  ResidentSetSize of job (KB)
...
006 (16626177.497.000) 02/17 01:37:55 Image size of job updated: 164308
	161  -  MemoryUsage of job (MB)
	164308  -  ResidentSetSize of job (KB)
...
040 (16626177.497.000) 02/17 01:38:39 Started transferring output files
...
040 (16626177.497.000) 02/17 01:38:39 Finished transferring output files
...
005 (16626177.497.000) 02/17 01:38:39 Job terminated.
	(1) Normal termination (return value 0)
		Usr 0 00:30:31, Sys 0 00:00:01  -  Run Remote Usage
		Usr 0 00:00:00, Sys 0 00:00:00  -  Run Local Usage
		Usr 0 00:30:31, Sys 0 00:00:01  -  Total Remote Usage
		Usr 0 00:00:00, Sys 0 00:00:00  -  Total Local Usage
	8155  -  Run Bytes Sent By Job
	10428  -  Run Bytes Received By Job
	8155  -  Total Bytes Sent By Job
	10428  -  Total Bytes Received By Job
	Partitionable Resources :    Usage  Request Allocated 
	   Cpus                 :     0.99        1         1 
	   Disk (KB)            :    43          12      3777 
	   GPUs                 :                           0 
	   Memory (MB)          :   161        3000      3000 

	Job terminated of its own accord at 2025-02-17T00:38:39Z with exit-code 0.
...
