000 (16626177.381.000) 02/17 00:58:07 Job submitted from host: <188.185.72.155:9618?addrs=188.185.72.155-9618+[2001-1458-d00-8--100-95]-9618&alias=bigbird08.cern.ch&noUDP&sock=schedd_862983_22fa>
...
040 (16626177.381.000) 02/17 01:04:50 Started transferring input files
	Transferring to host: <188.185.194.120:9618?addrs=188.185.194.120-9618+[2001-1458-303-21--100-74]-9618&alias=b9p20p8045.cern.ch&noUDP&sock=slot1_20_492636_60ba_733>
...
040 (16626177.381.000) 02/17 01:04:50 Finished transferring input files
...
001 (16626177.381.000) 02/17 01:04:51 Job executing on host: <188.185.194.120:9618?addrs=188.185.194.120-9618+[2001-1458-303-21--100-74]-9618&alias=b9p20p8045.cern.ch&noUDP&sock=startd_8975_ae95>
	SlotName: slot1_20@b9p20p8045.cern.ch
	CondorScratchDir = "/pool/condor/dir_3254401"
	Cpus = 1
	Disk = 3938
	GPUs = 0
	Memory = 3000
...
006 (16626177.381.000) 02/17 01:04:59 Image size of job updated: 99668
	98  -  MemoryUsage of job (MB)
	99668  -  ResidentSetSize of job (KB)
...
006 (16626177.381.000) 02/17 01:09:59 Image size of job updated: 101008
	99  -  MemoryUsage of job (MB)
	101008  -  ResidentSetSize of job (KB)
...
006 (16626177.381.000) 02/17 01:15:00 Image size of job updated: 138024
	135  -  MemoryUsage of job (MB)
	138024  -  ResidentSetSize of job (KB)
...
006 (16626177.381.000) 02/17 01:20:01 Image size of job updated: 142380
	140  -  MemoryUsage of job (MB)
	142380  -  ResidentSetSize of job (KB)
...
006 (16626177.381.000) 02/17 01:25:01 Image size of job updated: 143884
	141  -  MemoryUsage of job (MB)
	143884  -  ResidentSetSize of job (KB)
...
006 (16626177.381.000) 02/17 01:35:03 Image size of job updated: 145636
	143  -  MemoryUsage of job (MB)
	145636  -  ResidentSetSize of job (KB)
...
006 (16626177.381.000) 02/17 01:40:03 Image size of job updated: 157468
	154  -  MemoryUsage of job (MB)
	157468  -  ResidentSetSize of job (KB)
...
006 (16626177.381.000) 02/17 01:45:03 Image size of job updated: 160776
	158  -  MemoryUsage of job (MB)
	160776  -  ResidentSetSize of job (KB)
...
006 (16626177.381.000) 02/17 01:50:05 Image size of job updated: 162540
	159  -  MemoryUsage of job (MB)
	162540  -  ResidentSetSize of job (KB)
...
040 (16626177.381.000) 02/17 01:51:42 Started transferring output files
...
040 (16626177.381.000) 02/17 01:51:42 Finished transferring output files
...
005 (16626177.381.000) 02/17 01:51:42 Job terminated.
	(1) Normal termination (return value 0)
		Usr 0 00:46:30, Sys 0 00:00:00  -  Run Remote Usage
		Usr 0 00:00:00, Sys 0 00:00:00  -  Run Local Usage
		Usr 0 00:46:30, Sys 0 00:00:00  -  Total Remote Usage
		Usr 0 00:00:00, Sys 0 00:00:00  -  Total Local Usage
	8155  -  Run Bytes Sent By Job
	10428  -  Run Bytes Received By Job
	8155  -  Total Bytes Sent By Job
	10428  -  Total Bytes Received By Job
	Partitionable Resources :    Usage  Request Allocated 
	   Cpus                 :     0.99        1         1 
	   Disk (KB)            :    43          12      3938 
	   GPUs                 :                           0 
	   Memory (MB)          :   159        3000      3000 

	Job terminated of its own accord at 2025-02-17T00:51:42Z with exit-code 0.
...
