000 (16626177.069.000) 02/17 00:58:07 Job submitted from host: <188.185.72.155:9618?addrs=188.185.72.155-9618+[2001-1458-d00-8--100-95]-9618&alias=bigbird08.cern.ch&noUDP&sock=schedd_862983_22fa>
...
040 (16626177.069.000) 02/17 00:58:34 Started transferring input files
	Transferring to host: <128.142.240.25:9618?addrs=128.142.240.25-9618+[2001-1458-301-11--100-19]-9618&alias=b9g29p8672.cern.ch&noUDP&sock=slot1_13_3678516_0bcb_104020>
...
040 (16626177.069.000) 02/17 00:58:34 Finished transferring input files
...
001 (16626177.069.000) 02/17 00:58:35 Job executing on host: <128.142.240.25:9618?addrs=128.142.240.25-9618+[2001-1458-301-11--100-19]-9618&alias=b9g29p8672.cern.ch&noUDP&sock=startd_3639571_8ed5>
	SlotName: slot1_13@b9g29p8672.cern.ch
	CondorScratchDir = "/pool/condor/dir_1338117"
	Cpus = 1
	Disk = 3806
	GPUs = 0
	Memory = 3000
...
006 (16626177.069.000) 02/17 00:58:43 Image size of job updated: 349856
	342  -  MemoryUsage of job (MB)
	349856  -  ResidentSetSize of job (KB)
...
006 (16626177.069.000) 02/17 01:03:43 Image size of job updated: 416976
	408  -  MemoryUsage of job (MB)
	416976  -  ResidentSetSize of job (KB)
...
006 (16626177.069.000) 02/17 01:08:44 Image size of job updated: 420720
	411  -  MemoryUsage of job (MB)
	420720  -  ResidentSetSize of job (KB)
...
006 (16626177.069.000) 02/17 01:13:44 Image size of job updated: 422240
	413  -  MemoryUsage of job (MB)
	422240  -  ResidentSetSize of job (KB)
...
006 (16626177.069.000) 02/17 01:23:45 Image size of job updated: 429724
	420  -  MemoryUsage of job (MB)
	429724  -  ResidentSetSize of job (KB)
...
006 (16626177.069.000) 02/17 01:28:46 Image size of job updated: 429812
	420  -  MemoryUsage of job (MB)
	429812  -  ResidentSetSize of job (KB)
...
006 (16626177.069.000) 02/17 01:33:46 Image size of job updated: 432676
	423  -  MemoryUsage of job (MB)
	432676  -  ResidentSetSize of job (KB)
...
040 (16626177.069.000) 02/17 01:39:29 Started transferring output files
...
040 (16626177.069.000) 02/17 01:39:29 Finished transferring output files
...
005 (16626177.069.000) 02/17 01:39:29 Job terminated.
	(1) Normal termination (return value 0)
		Usr 0 00:40:14, Sys 0 00:00:03  -  Run Remote Usage
		Usr 0 00:00:00, Sys 0 00:00:00  -  Run Local Usage
		Usr 0 00:40:14, Sys 0 00:00:03  -  Total Remote Usage
		Usr 0 00:00:00, Sys 0 00:00:00  -  Total Local Usage
	8152  -  Run Bytes Sent By Job
	10428  -  Run Bytes Received By Job
	8152  -  Total Bytes Sent By Job
	10428  -  Total Bytes Received By Job
	Partitionable Resources :    Usage  Request Allocated 
	   Cpus                 :     0.99        1         1 
	   Disk (KB)            :    44          12      3806 
	   GPUs                 :                           0 
	   Memory (MB)          :   423        3000      3000 

	Job terminated of its own accord at 2025-02-17T00:39:29Z with exit-code 0.
...
