000 (16626177.017.000) 02/17 00:58:07 Job submitted from host: <188.185.72.155:9618?addrs=188.185.72.155-9618+[2001-1458-d00-8--100-95]-9618&alias=bigbird08.cern.ch&noUDP&sock=schedd_862983_22fa>
...
040 (16626177.017.000) 02/17 00:58:19 Started transferring input files
	Transferring to host: <188.185.193.119:9618?addrs=188.185.193.119-9618+[2001-1458-303-20--100-73]-9618&alias=b9p19p8272.cern.ch&noUDP&sock=slot1_18_3048025_1984_5563>
...
040 (16626177.017.000) 02/17 00:58:19 Finished transferring input files
...
001 (16626177.017.000) 02/17 00:58:20 Job executing on host: <188.185.193.119:9618?addrs=188.185.193.119-9618+[2001-1458-303-20--100-73]-9618&alias=b9p19p8272.cern.ch&noUDP&sock=startd_1552682_48af>
	SlotName: slot1_18@b9p19p8272.cern.ch
	CondorScratchDir = "/pool/condor/dir_1226655"
	Cpus = 1
	Disk = 3734
	GPUs = 0
	Memory = 3000
...
006 (16626177.017.000) 02/17 00:58:28 Image size of job updated: 1880
	2  -  MemoryUsage of job (MB)
	1880  -  ResidentSetSize of job (KB)
...
006 (16626177.017.000) 02/17 01:03:28 Image size of job updated: 223324
	219  -  MemoryUsage of job (MB)
	223324  -  ResidentSetSize of job (KB)
...
006 (16626177.017.000) 02/17 01:08:29 Image size of job updated: 224108
	219  -  MemoryUsage of job (MB)
	224108  -  ResidentSetSize of job (KB)
...
006 (16626177.017.000) 02/17 01:13:30 Image size of job updated: 227764
	223  -  MemoryUsage of job (MB)
	227764  -  ResidentSetSize of job (KB)
...
006 (16626177.017.000) 02/17 01:18:30 Image size of job updated: 228736
	224  -  MemoryUsage of job (MB)
	228736  -  ResidentSetSize of job (KB)
...
006 (16626177.017.000) 02/17 01:28:32 Image size of job updated: 237204
	232  -  MemoryUsage of job (MB)
	237204  -  ResidentSetSize of job (KB)
...
006 (16626177.017.000) 02/17 01:33:32 Image size of job updated: 237840
	233  -  MemoryUsage of job (MB)
	237840  -  ResidentSetSize of job (KB)
...
006 (16626177.017.000) 02/17 01:38:32 Image size of job updated: 239356
	234  -  MemoryUsage of job (MB)
	239356  -  ResidentSetSize of job (KB)
...
040 (16626177.017.000) 02/17 01:44:04 Started transferring output files
...
040 (16626177.017.000) 02/17 01:44:04 Finished transferring output files
...
005 (16626177.017.000) 02/17 01:44:04 Job terminated.
	(1) Normal termination (return value 0)
		Usr 0 00:44:53, Sys 0 00:00:01  -  Run Remote Usage
		Usr 0 00:00:00, Sys 0 00:00:00  -  Run Local Usage
		Usr 0 00:44:53, Sys 0 00:00:01  -  Total Remote Usage
		Usr 0 00:00:00, Sys 0 00:00:00  -  Total Local Usage
	8150  -  Run Bytes Sent By Job
	10428  -  Run Bytes Received By Job
	8150  -  Total Bytes Sent By Job
	10428  -  Total Bytes Received By Job
	Partitionable Resources :    Usage  Request Allocated 
	   Cpus                 :     0.99        1         1 
	   Disk (KB)            :    44          12      3734 
	   GPUs                 :                           0 
	   Memory (MB)          :   234        3000      3000 

	Job terminated of its own accord at 2025-02-17T00:44:04Z with exit-code 0.
...
