000 (16626177.345.000) 02/17 00:58:07 Job submitted from host: <188.185.72.155:9618?addrs=188.185.72.155-9618+[2001-1458-d00-8--100-95]-9618&alias=bigbird08.cern.ch&noUDP&sock=schedd_862983_22fa>
...
040 (16626177.345.000) 02/17 01:04:38 Started transferring input files
	Transferring to host: <188.185.194.24:9618?addrs=188.185.194.24-9618+[2001-1458-303-21--100-14]-9618&alias=b9p20p6000.cern.ch&noUDP&sock=slot1_23_7071_e8b9_115908>
...
040 (16626177.345.000) 02/17 01:04:38 Finished transferring input files
...
001 (16626177.345.000) 02/17 01:04:39 Job executing on host: <188.185.194.24:9618?addrs=188.185.194.24-9618+[2001-1458-303-21--100-14]-9618&alias=b9p20p6000.cern.ch&noUDP&sock=startd_5965_1284>
	SlotName: slot1_23@b9p20p6000.cern.ch
	CondorScratchDir = "/pool/condor/dir_1425944"
	Cpus = 1
	Disk = 3457
	GPUs = 0
	Memory = 3000
...
006 (16626177.345.000) 02/17 01:04:47 Image size of job updated: 70380
	69  -  MemoryUsage of job (MB)
	70380  -  ResidentSetSize of job (KB)
...
006 (16626177.345.000) 02/17 01:09:47 Image size of job updated: 140060
	137  -  MemoryUsage of job (MB)
	140060  -  ResidentSetSize of job (KB)
...
006 (16626177.345.000) 02/17 01:14:48 Image size of job updated: 144084
	141  -  MemoryUsage of job (MB)
	144084  -  ResidentSetSize of job (KB)
...
006 (16626177.345.000) 02/17 01:19:49 Image size of job updated: 145624
	143  -  MemoryUsage of job (MB)
	145624  -  ResidentSetSize of job (KB)
...
006 (16626177.345.000) 02/17 01:29:49 Image size of job updated: 147616
	145  -  MemoryUsage of job (MB)
	147616  -  ResidentSetSize of job (KB)
...
006 (16626177.345.000) 02/17 01:34:50 Image size of job updated: 152000
	149  -  MemoryUsage of job (MB)
	152000  -  ResidentSetSize of job (KB)
...
006 (16626177.345.000) 02/17 01:39:51 Image size of job updated: 154832
	152  -  MemoryUsage of job (MB)
	154832  -  ResidentSetSize of job (KB)
...
040 (16626177.345.000) 02/17 01:40:28 Started transferring output files
...
040 (16626177.345.000) 02/17 01:40:28 Finished transferring output files
...
005 (16626177.345.000) 02/17 01:40:28 Job terminated.
	(1) Normal termination (return value 0)
		Usr 0 00:35:27, Sys 0 00:00:00  -  Run Remote Usage
		Usr 0 00:00:00, Sys 0 00:00:00  -  Run Local Usage
		Usr 0 00:35:27, Sys 0 00:00:00  -  Total Remote Usage
		Usr 0 00:00:00, Sys 0 00:00:00  -  Total Local Usage
	8155  -  Run Bytes Sent By Job
	10428  -  Run Bytes Received By Job
	8155  -  Total Bytes Sent By Job
	10428  -  Total Bytes Received By Job
	Partitionable Resources :    Usage  Request Allocated 
	   Cpus                 :     1.00        1         1 
	   Disk (KB)            :    43          12      3457 
	   GPUs                 :                           0 
	   Memory (MB)          :   152        3000      3000 

	Job terminated of its own accord at 2025-02-17T00:40:28Z with exit-code 0.
...
