000 (16626177.233.000) 02/17 00:58:07 Job submitted from host: <188.185.72.155:9618?addrs=188.185.72.155-9618+[2001-1458-d00-8--100-95]-9618&alias=bigbird08.cern.ch&noUDP&sock=schedd_862983_22fa>
...
040 (16626177.233.000) 02/17 01:00:34 Started transferring input files
	Transferring to host: <188.185.207.180:9618?addrs=188.185.207.180-9618+[2001-1458-303-e--100-31]-9618&alias=b9p08p9471.cern.ch&noUDP&sock=slot1_18_7929_729c_128354>
...
040 (16626177.233.000) 02/17 01:00:34 Finished transferring input files
...
001 (16626177.233.000) 02/17 01:00:35 Job executing on host: <188.185.207.180:9618?addrs=188.185.207.180-9618+[2001-1458-303-e--100-31]-9618&alias=b9p08p9471.cern.ch&noUDP&sock=startd_7025_24e7>
	SlotName: slot1_18@b9p08p9471.cern.ch
	CondorScratchDir = "/pool/condor/dir_2906227"
	Cpus = 1
	Disk = 3672
	GPUs = 0
	Memory = 3000
...
006 (16626177.233.000) 02/17 01:00:44 Image size of job updated: 102252
	100  -  MemoryUsage of job (MB)
	102252  -  ResidentSetSize of job (KB)
...
006 (16626177.233.000) 02/17 01:05:45 Image size of job updated: 140008
	137  -  MemoryUsage of job (MB)
	140008  -  ResidentSetSize of job (KB)
...
006 (16626177.233.000) 02/17 01:10:46 Image size of job updated: 143816
	141  -  MemoryUsage of job (MB)
	143816  -  ResidentSetSize of job (KB)
...
006 (16626177.233.000) 02/17 01:15:46 Image size of job updated: 145164
	142  -  MemoryUsage of job (MB)
	145164  -  ResidentSetSize of job (KB)
...
006 (16626177.233.000) 02/17 01:25:48 Image size of job updated: 151252
	148  -  MemoryUsage of job (MB)
	151252  -  ResidentSetSize of job (KB)
...
006 (16626177.233.000) 02/17 01:30:48 Image size of job updated: 152224
	149  -  MemoryUsage of job (MB)
	152224  -  ResidentSetSize of job (KB)
...
006 (16626177.233.000) 02/17 01:35:48 Image size of job updated: 153936
	151  -  MemoryUsage of job (MB)
	153936  -  ResidentSetSize of job (KB)
...
040 (16626177.233.000) 02/17 01:40:08 Started transferring output files
...
040 (16626177.233.000) 02/17 01:40:08 Finished transferring output files
...
005 (16626177.233.000) 02/17 01:40:08 Job terminated.
	(1) Normal termination (return value 0)
		Usr 0 00:38:36, Sys 0 00:00:02  -  Run Remote Usage
		Usr 0 00:00:00, Sys 0 00:00:00  -  Run Local Usage
		Usr 0 00:38:36, Sys 0 00:00:02  -  Total Remote Usage
		Usr 0 00:00:00, Sys 0 00:00:00  -  Total Local Usage
	8153  -  Run Bytes Sent By Job
	10428  -  Run Bytes Received By Job
	8153  -  Total Bytes Sent By Job
	10428  -  Total Bytes Received By Job
	Partitionable Resources :    Usage  Request Allocated 
	   Cpus                 :     0.97        1         1 
	   Disk (KB)            :    48          12      3672 
	   GPUs                 :                           0 
	   Memory (MB)          :   151        3000      3000 

	Job terminated of its own accord at 2025-02-17T00:40:08Z with exit-code 0.
...
