000 (16626177.094.000) 02/17 00:58:07 Job submitted from host: <188.185.72.155:9618?addrs=188.185.72.155-9618+[2001-1458-d00-8--100-95]-9618&alias=bigbird08.cern.ch&noUDP&sock=schedd_862983_22fa>
...
040 (16626177.094.000) 02/17 00:58:42 Started transferring input files
	Transferring to host: <188.185.193.116:9618?addrs=188.185.193.116-9618+[2001-1458-303-20--100-70]-9618&alias=b9p19p3501.cern.ch&noUDP&sock=slot1_26_20188_05ae_10701>
...
040 (16626177.094.000) 02/17 00:58:42 Finished transferring input files
...
001 (16626177.094.000) 02/17 00:58:43 Job executing on host: <188.185.193.116:9618?addrs=188.185.193.116-9618+[2001-1458-303-20--100-70]-9618&alias=b9p19p3501.cern.ch&noUDP&sock=startd_3683_cf65>
	SlotName: slot1_26@b9p19p3501.cern.ch
	CondorScratchDir = "/pool/condor/dir_1776894"
	Cpus = 1
	Disk = 3784
	GPUs = 0
	Memory = 3000
...
006 (16626177.094.000) 02/17 00:58:56 Image size of job updated: 97104
	95  -  MemoryUsage of job (MB)
	97104  -  ResidentSetSize of job (KB)
...
006 (16626177.094.000) 02/17 01:03:56 Image size of job updated: 132960
	130  -  MemoryUsage of job (MB)
	132960  -  ResidentSetSize of job (KB)
...
006 (16626177.094.000) 02/17 01:08:57 Image size of job updated: 134460
	132  -  MemoryUsage of job (MB)
	134460  -  ResidentSetSize of job (KB)
...
006 (16626177.094.000) 02/17 01:13:57 Image size of job updated: 137852
	135  -  MemoryUsage of job (MB)
	137852  -  ResidentSetSize of job (KB)
...
006 (16626177.094.000) 02/17 01:18:57 Image size of job updated: 139092
	136  -  MemoryUsage of job (MB)
	139092  -  ResidentSetSize of job (KB)
...
006 (16626177.094.000) 02/17 01:23:58 Image size of job updated: 141328
	139  -  MemoryUsage of job (MB)
	141328  -  ResidentSetSize of job (KB)
...
006 (16626177.094.000) 02/17 01:28:59 Image size of job updated: 141896
	139  -  MemoryUsage of job (MB)
	141328  -  ResidentSetSize of job (KB)
...
006 (16626177.094.000) 02/17 01:33:59 Image size of job updated: 155792
	153  -  MemoryUsage of job (MB)
	155792  -  ResidentSetSize of job (KB)
...
006 (16626177.094.000) 02/17 01:39:00 Image size of job updated: 157184
	154  -  MemoryUsage of job (MB)
	157184  -  ResidentSetSize of job (KB)
...
006 (16626177.094.000) 02/17 01:44:01 Image size of job updated: 158340
	155  -  MemoryUsage of job (MB)
	158340  -  ResidentSetSize of job (KB)
...
006 (16626177.094.000) 02/17 01:49:01 Image size of job updated: 159360
	156  -  MemoryUsage of job (MB)
	159360  -  ResidentSetSize of job (KB)
...
006 (16626177.094.000) 02/17 01:51:32 Image size of job updated: 159564
	156  -  MemoryUsage of job (MB)
	159360  -  ResidentSetSize of job (KB)
...
040 (16626177.094.000) 02/17 01:51:32 Started transferring output files
...
040 (16626177.094.000) 02/17 01:51:32 Finished transferring output files
...
005 (16626177.094.000) 02/17 01:51:32 Job terminated.
	(1) Normal termination (return value 0)
		Usr 0 00:52:12, Sys 0 00:00:01  -  Run Remote Usage
		Usr 0 00:00:00, Sys 0 00:00:00  -  Run Local Usage
		Usr 0 00:52:12, Sys 0 00:00:01  -  Total Remote Usage
		Usr 0 00:00:00, Sys 0 00:00:00  -  Total Local Usage
	8150  -  Run Bytes Sent By Job
	10428  -  Run Bytes Received By Job
	8150  -  Total Bytes Sent By Job
	10428  -  Total Bytes Received By Job
	Partitionable Resources :    Usage  Request Allocated 
	   Cpus                 :     0.91        1         1 
	   Disk (KB)            :    43          12      3784 
	   GPUs                 :                           0 
	   Memory (MB)          :   156        3000      3000 

	Job terminated of its own accord at 2025-02-17T00:51:32Z with exit-code 0.
...
