000 (16626177.471.000) 02/17 00:58:08 Job submitted from host: <188.185.72.155:9618?addrs=188.185.72.155-9618+[2001-1458-d00-8--100-95]-9618&alias=bigbird08.cern.ch&noUDP&sock=schedd_862983_22fa>
...
040 (16626177.471.000) 02/17 01:07:34 Started transferring input files
	Transferring to host: <188.185.192.149:9618?addrs=188.185.192.149-9618+[2001-1458-303-1f--100-91]-9618&alias=b9p13p9545.cern.ch&noUDP&sock=slot1_39_3318674_cde2_74827>
...
040 (16626177.471.000) 02/17 01:07:34 Finished transferring input files
...
001 (16626177.471.000) 02/17 01:07:35 Job executing on host: <188.185.192.149:9618?addrs=188.185.192.149-9618+[2001-1458-303-1f--100-91]-9618&alias=b9p13p9545.cern.ch&noUDP&sock=startd_4639_8bef>
	SlotName: slot1_39@b9p13p9545.cern.ch
	CondorScratchDir = "/pool/condor/dir_1999449"
	Cpus = 1
	Disk = 3790
	GPUs = 0
	Memory = 3000
...
006 (16626177.471.000) 02/17 01:07:43 Image size of job updated: 99540
	98  -  MemoryUsage of job (MB)
	99540  -  ResidentSetSize of job (KB)
...
006 (16626177.471.000) 02/17 01:12:43 Image size of job updated: 137968
	135  -  MemoryUsage of job (MB)
	137968  -  ResidentSetSize of job (KB)
...
040 (16626177.471.000) 02/17 01:54:27 Started transferring output files
...
040 (16626177.471.000) 02/17 01:54:27 Finished transferring output files
...
005 (16626177.471.000) 02/17 01:54:27 Job terminated.
	(1) Normal termination (return value 0)
		Usr 0 00:46:27, Sys 0 00:00:01  -  Run Remote Usage
		Usr 0 00:00:00, Sys 0 00:00:00  -  Run Local Usage
		Usr 0 00:46:27, Sys 0 00:00:01  -  Total Remote Usage
		Usr 0 00:00:00, Sys 0 00:00:00  -  Total Local Usage
	8155  -  Run Bytes Sent By Job
	10428  -  Run Bytes Received By Job
	8155  -  Total Bytes Sent By Job
	10428  -  Total Bytes Received By Job
	Partitionable Resources :    Usage  Request Allocated 
	   Cpus                 :     0.98        1         1 
	   Disk (KB)            :    43          12      3790 
	   GPUs                 :                           0 
	   Memory (MB)          :   135        3000      3000 

	Job terminated of its own accord at 2025-02-17T00:54:27Z with exit-code 0.
...
