000 (16626177.140.000) 02/17 00:58:07 Job submitted from host: <188.185.72.155:9618?addrs=188.185.72.155-9618+[2001-1458-d00-8--100-95]-9618&alias=bigbird08.cern.ch&noUDP&sock=schedd_862983_22fa>
...
040 (16626177.140.000) 02/17 00:59:00 Started transferring input files
	Transferring to host: <188.185.193.103:9618?addrs=188.185.193.103-9618+[2001-1458-303-20--100-63]-9618&alias=b9p19p5522.cern.ch&noUDP&sock=slot1_18_2585242_9c61_2450>
...
040 (16626177.140.000) 02/17 00:59:00 Finished transferring input files
...
001 (16626177.140.000) 02/17 00:59:01 Job executing on host: <188.185.193.103:9618?addrs=188.185.193.103-9618+[2001-1458-303-20--100-63]-9618&alias=b9p19p5522.cern.ch&noUDP&sock=startd_7464_42fb>
	SlotName: slot1_18@b9p19p5522.cern.ch
	CondorScratchDir = "/pool/condor/dir_2497312"
	Cpus = 1
	Disk = 3832
	GPUs = 0
	Memory = 3000
...
006 (16626177.140.000) 02/17 00:59:10 Image size of job updated: 70308
	69  -  MemoryUsage of job (MB)
	70308  -  ResidentSetSize of job (KB)
...
006 (16626177.140.000) 02/17 01:04:11 Image size of job updated: 102412
	101  -  MemoryUsage of job (MB)
	102412  -  ResidentSetSize of job (KB)
...
006 (16626177.140.000) 02/17 01:09:11 Image size of job updated: 138360
	136  -  MemoryUsage of job (MB)
	138360  -  ResidentSetSize of job (KB)
...
006 (16626177.140.000) 02/17 01:14:12 Image size of job updated: 142428
	140  -  MemoryUsage of job (MB)
	142428  -  ResidentSetSize of job (KB)
...
006 (16626177.140.000) 02/17 01:19:13 Image size of job updated: 142684
	140  -  MemoryUsage of job (MB)
	142684  -  ResidentSetSize of job (KB)
...
006 (16626177.140.000) 02/17 01:24:13 Image size of job updated: 143588
	141  -  MemoryUsage of job (MB)
	143588  -  ResidentSetSize of job (KB)
...
006 (16626177.140.000) 02/17 01:29:13 Image size of job updated: 147492
	145  -  MemoryUsage of job (MB)
	147492  -  ResidentSetSize of job (KB)
...
006 (16626177.140.000) 02/17 01:39:14 Image size of job updated: 147888
	145  -  MemoryUsage of job (MB)
	147888  -  ResidentSetSize of job (KB)
...
006 (16626177.140.000) 02/17 01:44:14 Image size of job updated: 158764
	156  -  MemoryUsage of job (MB)
	158764  -  ResidentSetSize of job (KB)
...
006 (16626177.140.000) 02/17 01:49:15 Image size of job updated: 159700
	156  -  MemoryUsage of job (MB)
	159700  -  ResidentSetSize of job (KB)
...
006 (16626177.140.000) 02/17 01:54:16 Image size of job updated: 162884
	160  -  MemoryUsage of job (MB)
	162884  -  ResidentSetSize of job (KB)
...
040 (16626177.140.000) 02/17 02:02:24 Started transferring output files
...
040 (16626177.140.000) 02/17 02:02:24 Finished transferring output files
...
005 (16626177.140.000) 02/17 02:02:24 Job terminated.
	(1) Normal termination (return value 0)
		Usr 0 01:01:03, Sys 0 00:00:03  -  Run Remote Usage
		Usr 0 00:00:00, Sys 0 00:00:00  -  Run Local Usage
		Usr 0 01:01:03, Sys 0 00:00:03  -  Total Remote Usage
		Usr 0 00:00:00, Sys 0 00:00:00  -  Total Local Usage
	8155  -  Run Bytes Sent By Job
	10428  -  Run Bytes Received By Job
	8155  -  Total Bytes Sent By Job
	10428  -  Total Bytes Received By Job
	Partitionable Resources :    Usage  Request Allocated 
	   Cpus                 :     0.98        1         1 
	   Disk (KB)            :    43          12      3832 
	   GPUs                 :                           0 
	   Memory (MB)          :   160        3000      3000 

	Job terminated of its own accord at 2025-02-17T01:02:24Z with exit-code 0.
...
