000 (16626177.343.000) 02/17 00:58:07 Job submitted from host: <188.185.72.155:9618?addrs=188.185.72.155-9618+[2001-1458-d00-8--100-95]-9618&alias=bigbird08.cern.ch&noUDP&sock=schedd_862983_22fa>
...
040 (16626177.343.000) 02/17 01:04:38 Started transferring input files
	Transferring to host: <188.185.195.149:9618?addrs=188.185.195.149-9618+[2001-1458-303-22--100-91]-9618&alias=b9p17p9437.cern.ch&noUDP&sock=slot1_17_250988_8057_73709>
...
040 (16626177.343.000) 02/17 01:04:38 Finished transferring input files
...
001 (16626177.343.000) 02/17 01:04:39 Job executing on host: <188.185.195.149:9618?addrs=188.185.195.149-9618+[2001-1458-303-22--100-91]-9618&alias=b9p17p9437.cern.ch&noUDP&sock=startd_4837_5baf>
	SlotName: slot1_17@b9p17p9437.cern.ch
	CondorScratchDir = "/pool/condor/dir_151202"
	Cpus = 1
	Disk = 3876
	GPUs = 0
	Memory = 3000
...
006 (16626177.343.000) 02/17 01:04:47 Image size of job updated: 70012
	69  -  MemoryUsage of job (MB)
	70012  -  ResidentSetSize of job (KB)
...
006 (16626177.343.000) 02/17 01:09:47 Image size of job updated: 102748
	101  -  MemoryUsage of job (MB)
	102748  -  ResidentSetSize of job (KB)
...
006 (16626177.343.000) 02/17 01:14:48 Image size of job updated: 140820
	138  -  MemoryUsage of job (MB)
	140820  -  ResidentSetSize of job (KB)
...
006 (16626177.343.000) 02/17 01:19:48 Image size of job updated: 144972
	142  -  MemoryUsage of job (MB)
	144972  -  ResidentSetSize of job (KB)
...
006 (16626177.343.000) 02/17 01:29:49 Image size of job updated: 145348
	142  -  MemoryUsage of job (MB)
	145348  -  ResidentSetSize of job (KB)
...
006 (16626177.343.000) 02/17 01:34:50 Image size of job updated: 146112
	143  -  MemoryUsage of job (MB)
	146112  -  ResidentSetSize of job (KB)
...
006 (16626177.343.000) 02/17 01:39:50 Image size of job updated: 146992
	144  -  MemoryUsage of job (MB)
	146992  -  ResidentSetSize of job (KB)
...
006 (16626177.343.000) 02/17 01:54:52 Image size of job updated: 159580
	156  -  MemoryUsage of job (MB)
	159580  -  ResidentSetSize of job (KB)
...
006 (16626177.343.000) 02/17 01:59:52 Image size of job updated: 160412
	157  -  MemoryUsage of job (MB)
	160412  -  ResidentSetSize of job (KB)
...
006 (16626177.343.000) 02/17 02:04:53 Image size of job updated: 163192
	160  -  MemoryUsage of job (MB)
	163192  -  ResidentSetSize of job (KB)
...
006 (16626177.343.000) 02/17 02:09:53 Image size of job updated: 167852
	164  -  MemoryUsage of job (MB)
	167852  -  ResidentSetSize of job (KB)
...
006 (16626177.343.000) 02/17 02:14:53 Image size of job updated: 167860
	164  -  MemoryUsage of job (MB)
	167860  -  ResidentSetSize of job (KB)
...
040 (16626177.343.000) 02/17 02:16:14 Started transferring output files
...
040 (16626177.343.000) 02/17 02:16:14 Finished transferring output files
...
005 (16626177.343.000) 02/17 02:16:14 Job terminated.
	(1) Normal termination (return value 0)
		Usr 0 01:08:23, Sys 0 00:00:04  -  Run Remote Usage
		Usr 0 00:00:00, Sys 0 00:00:00  -  Run Local Usage
		Usr 0 01:08:23, Sys 0 00:00:04  -  Total Remote Usage
		Usr 0 00:00:00, Sys 0 00:00:00  -  Total Local Usage
	8155  -  Run Bytes Sent By Job
	10428  -  Run Bytes Received By Job
	8155  -  Total Bytes Sent By Job
	10428  -  Total Bytes Received By Job
	Partitionable Resources :    Usage  Request Allocated 
	   Cpus                 :     0.97        1         1 
	   Disk (KB)            :    43          12      3876 
	   GPUs                 :                           0 
	   Memory (MB)          :   164        3000      3000 

	Job terminated of its own accord at 2025-02-17T01:16:14Z with exit-code 0.
...
