000 (16626177.173.000) 02/17 00:58:07 Job submitted from host: <188.185.72.155:9618?addrs=188.185.72.155-9618+[2001-1458-d00-8--100-95]-9618&alias=bigbird08.cern.ch&noUDP&sock=schedd_862983_22fa>
...
040 (16626177.173.000) 02/17 01:00:22 Started transferring input files
	Transferring to host: <128.142.161.119:9618?addrs=128.142.161.119-9618+[2001-1458-301-b8--100-35]-9618&alias=b9g03p6597.cern.ch&noUDP&sock=slot1_14_6026_9cae_6999>
...
040 (16626177.173.000) 02/17 01:00:22 Finished transferring input files
...
001 (16626177.173.000) 02/17 01:00:23 Job executing on host: <128.142.161.119:9618?addrs=128.142.161.119-9618+[2001-1458-301-b8--100-35]-9618&alias=b9g03p6597.cern.ch&noUDP&sock=startd_5208_d552>
	SlotName: slot1_14@b9g03p6597.cern.ch
	CondorScratchDir = "/pool/condor/dir_2055898"
	Cpus = 1
	Disk = 3960
	GPUs = 0
	Memory = 3000
...
006 (16626177.173.000) 02/17 01:00:31 Image size of job updated: 70208
	69  -  MemoryUsage of job (MB)
	70208  -  ResidentSetSize of job (KB)
...
006 (16626177.173.000) 02/17 01:05:31 Image size of job updated: 100616
	99  -  MemoryUsage of job (MB)
	100616  -  ResidentSetSize of job (KB)
...
006 (16626177.173.000) 02/17 01:10:32 Image size of job updated: 136564
	134  -  MemoryUsage of job (MB)
	136564  -  ResidentSetSize of job (KB)
...
006 (16626177.173.000) 02/17 01:15:33 Image size of job updated: 140348
	138  -  MemoryUsage of job (MB)
	140348  -  ResidentSetSize of job (KB)
...
006 (16626177.173.000) 02/17 01:20:33 Image size of job updated: 143344
	140  -  MemoryUsage of job (MB)
	143344  -  ResidentSetSize of job (KB)
...
006 (16626177.173.000) 02/17 01:25:34 Image size of job updated: 144012
	141  -  MemoryUsage of job (MB)
	144012  -  ResidentSetSize of job (KB)
...
006 (16626177.173.000) 02/17 01:30:35 Image size of job updated: 144736
	142  -  MemoryUsage of job (MB)
	144736  -  ResidentSetSize of job (KB)
...
006 (16626177.173.000) 02/17 01:40:36 Image size of job updated: 145208
	142  -  MemoryUsage of job (MB)
	145208  -  ResidentSetSize of job (KB)
...
006 (16626177.173.000) 02/17 01:45:37 Image size of job updated: 146088
	143  -  MemoryUsage of job (MB)
	146088  -  ResidentSetSize of job (KB)
...
006 (16626177.173.000) 02/17 01:50:37 Image size of job updated: 146868
	144  -  MemoryUsage of job (MB)
	146868  -  ResidentSetSize of job (KB)
...
006 (16626177.173.000) 02/17 01:55:37 Image size of job updated: 151480
	148  -  MemoryUsage of job (MB)
	151480  -  ResidentSetSize of job (KB)
...
006 (16626177.173.000) 02/17 02:00:38 Image size of job updated: 153368
	150  -  MemoryUsage of job (MB)
	153368  -  ResidentSetSize of job (KB)
...
040 (16626177.173.000) 02/17 02:03:46 Started transferring output files
...
040 (16626177.173.000) 02/17 02:03:46 Finished transferring output files
...
005 (16626177.173.000) 02/17 02:03:46 Job terminated.
	(1) Normal termination (return value 0)
		Usr 0 01:00:50, Sys 0 00:00:03  -  Run Remote Usage
		Usr 0 00:00:00, Sys 0 00:00:00  -  Run Local Usage
		Usr 0 01:00:50, Sys 0 00:00:03  -  Total Remote Usage
		Usr 0 00:00:00, Sys 0 00:00:00  -  Total Local Usage
	8155  -  Run Bytes Sent By Job
	10428  -  Run Bytes Received By Job
	8155  -  Total Bytes Sent By Job
	10428  -  Total Bytes Received By Job
	Partitionable Resources :    Usage  Request Allocated 
	   Cpus                 :     0.99        1         1 
	   Disk (KB)            :    43          12      3960 
	   GPUs                 :                           0 
	   Memory (MB)          :   150        3000      3000 

	Job terminated of its own accord at 2025-02-17T01:03:46Z with exit-code 0.
...
