000 (16626177.475.000) 02/17 00:58:08 Job submitted from host: <188.185.72.155:9618?addrs=188.185.72.155-9618+[2001-1458-d00-8--100-95]-9618&alias=bigbird08.cern.ch&noUDP&sock=schedd_862983_22fa>
...
040 (16626177.475.000) 02/17 01:07:36 Started transferring input files
	Transferring to host: <188.185.195.123:9618?addrs=188.185.195.123-9618+[2001-1458-303-22--100-77]-9618&alias=b9p17p5699.cern.ch&noUDP&sock=slot1_23_6172_7b74_119404>
...
040 (16626177.475.000) 02/17 01:07:36 Finished transferring input files
...
001 (16626177.475.000) 02/17 01:07:37 Job executing on host: <188.185.195.123:9618?addrs=188.185.195.123-9618+[2001-1458-303-22--100-77]-9618&alias=b9p17p5699.cern.ch&noUDP&sock=startd_4598_6c8d>
	SlotName: slot1_23@b9p17p5699.cern.ch
	CondorScratchDir = "/pool/condor/dir_945304"
	Cpus = 1
	Disk = 3816
	GPUs = 0
	Memory = 3000
...
006 (16626177.475.000) 02/17 01:07:46 Image size of job updated: 101304
	99  -  MemoryUsage of job (MB)
	101304  -  ResidentSetSize of job (KB)
...
006 (16626177.475.000) 02/17 01:12:47 Image size of job updated: 138964
	136  -  MemoryUsage of job (MB)
	138964  -  ResidentSetSize of job (KB)
...
006 (16626177.475.000) 02/17 01:17:48 Image size of job updated: 148772
	146  -  MemoryUsage of job (MB)
	148772  -  ResidentSetSize of job (KB)
...
006 (16626177.475.000) 02/17 01:22:48 Image size of job updated: 150372
	147  -  MemoryUsage of job (MB)
	150372  -  ResidentSetSize of job (KB)
...
006 (16626177.475.000) 02/17 01:32:49 Image size of job updated: 154884
	152  -  MemoryUsage of job (MB)
	154884  -  ResidentSetSize of job (KB)
...
006 (16626177.475.000) 02/17 01:37:49 Image size of job updated: 155548
	152  -  MemoryUsage of job (MB)
	155548  -  ResidentSetSize of job (KB)
...
006 (16626177.475.000) 02/17 01:42:49 Image size of job updated: 159740
	156  -  MemoryUsage of job (MB)
	159740  -  ResidentSetSize of job (KB)
...
040 (16626177.475.000) 02/17 01:45:16 Started transferring output files
...
040 (16626177.475.000) 02/17 01:45:16 Finished transferring output files
...
005 (16626177.475.000) 02/17 01:45:16 Job terminated.
	(1) Normal termination (return value 0)
		Usr 0 00:37:23, Sys 0 00:00:00  -  Run Remote Usage
		Usr 0 00:00:00, Sys 0 00:00:00  -  Run Local Usage
		Usr 0 00:37:23, Sys 0 00:00:00  -  Total Remote Usage
		Usr 0 00:00:00, Sys 0 00:00:00  -  Total Local Usage
	8155  -  Run Bytes Sent By Job
	10428  -  Run Bytes Received By Job
	8155  -  Total Bytes Sent By Job
	10428  -  Total Bytes Received By Job
	Partitionable Resources :    Usage  Request Allocated 
	   Cpus                 :     0.98        1         1 
	   Disk (KB)            :    43          12      3816 
	   GPUs                 :                           0 
	   Memory (MB)          :   156        3000      3000 

	Job terminated of its own accord at 2025-02-17T00:45:16Z with exit-code 0.
...
