000 (16626177.359.000) 02/17 00:58:07 Job submitted from host: <188.185.72.155:9618?addrs=188.185.72.155-9618+[2001-1458-d00-8--100-95]-9618&alias=bigbird08.cern.ch&noUDP&sock=schedd_862983_22fa>
...
040 (16626177.359.000) 02/17 01:04:43 Started transferring input files
	Transferring to host: <188.185.198.125:9618?addrs=188.185.198.125-9618+[2001-1458-303-25--100-79]-9618&alias=b9p15p7730.cern.ch&noUDP&sock=slot1_12_26273_7485_74555>
...
040 (16626177.359.000) 02/17 01:04:43 Finished transferring input files
...
001 (16626177.359.000) 02/17 01:04:44 Job executing on host: <188.185.198.125:9618?addrs=188.185.198.125-9618+[2001-1458-303-25--100-79]-9618&alias=b9p15p7730.cern.ch&noUDP&sock=startd_9060_fc22>
	SlotName: slot1_12@b9p15p7730.cern.ch
	CondorScratchDir = "/pool/condor/dir_3870322"
	Cpus = 1
	Disk = 3751
	GPUs = 0
	Memory = 3000
...
006 (16626177.359.000) 02/17 01:04:53 Image size of job updated: 99696
	98  -  MemoryUsage of job (MB)
	99696  -  ResidentSetSize of job (KB)
...
006 (16626177.359.000) 02/17 01:09:55 Image size of job updated: 137028
	134  -  MemoryUsage of job (MB)
	137028  -  ResidentSetSize of job (KB)
...
006 (16626177.359.000) 02/17 01:14:55 Image size of job updated: 140608
	138  -  MemoryUsage of job (MB)
	140608  -  ResidentSetSize of job (KB)
...
006 (16626177.359.000) 02/17 01:19:55 Image size of job updated: 142028
	139  -  MemoryUsage of job (MB)
	142028  -  ResidentSetSize of job (KB)
...
006 (16626177.359.000) 02/17 01:24:56 Image size of job updated: 142764
	140  -  MemoryUsage of job (MB)
	142764  -  ResidentSetSize of job (KB)
...
006 (16626177.359.000) 02/17 01:34:57 Image size of job updated: 148084
	145  -  MemoryUsage of job (MB)
	148084  -  ResidentSetSize of job (KB)
...
006 (16626177.359.000) 02/17 01:39:57 Image size of job updated: 148848
	146  -  MemoryUsage of job (MB)
	148848  -  ResidentSetSize of job (KB)
...
006 (16626177.359.000) 02/17 01:44:58 Image size of job updated: 149640
	147  -  MemoryUsage of job (MB)
	149640  -  ResidentSetSize of job (KB)
...
006 (16626177.359.000) 02/17 01:49:58 Image size of job updated: 153144
	150  -  MemoryUsage of job (MB)
	153144  -  ResidentSetSize of job (KB)
...
040 (16626177.359.000) 02/17 01:56:15 Started transferring output files
...
040 (16626177.359.000) 02/17 01:56:15 Finished transferring output files
...
005 (16626177.359.000) 02/17 01:56:15 Job terminated.
	(1) Normal termination (return value 0)
		Usr 0 00:50:54, Sys 0 00:00:01  -  Run Remote Usage
		Usr 0 00:00:00, Sys 0 00:00:00  -  Run Local Usage
		Usr 0 00:50:54, Sys 0 00:00:01  -  Total Remote Usage
		Usr 0 00:00:00, Sys 0 00:00:00  -  Total Local Usage
	8155  -  Run Bytes Sent By Job
	10428  -  Run Bytes Received By Job
	8155  -  Total Bytes Sent By Job
	10428  -  Total Bytes Received By Job
	Partitionable Resources :    Usage  Request Allocated 
	   Cpus                 :     0.90        1         1 
	   Disk (KB)            :    43          12      3751 
	   GPUs                 :                           0 
	   Memory (MB)          :   150        3000      3000 

	Job terminated of its own accord at 2025-02-17T00:56:15Z with exit-code 0.
...
