000 (16626177.331.000) 02/17 00:58:07 Job submitted from host: <188.185.72.155:9618?addrs=188.185.72.155-9618+[2001-1458-d00-8--100-95]-9618&alias=bigbird08.cern.ch&noUDP&sock=schedd_862983_22fa>
...
040 (16626177.331.000) 02/17 01:04:32 Started transferring input files
	Transferring to host: <188.185.214.74:9618?addrs=188.185.214.74-9618+[2001-1458-303-1c--100-46]-9618&alias=b9p29p6551.cern.ch&noUDP&sock=slot1_10_130481_6b13_73229>
...
040 (16626177.331.000) 02/17 01:04:32 Finished transferring input files
...
001 (16626177.331.000) 02/17 01:04:33 Job executing on host: <188.185.214.74:9618?addrs=188.185.214.74-9618+[2001-1458-303-1c--100-46]-9618&alias=b9p29p6551.cern.ch&noUDP&sock=startd_6572_6c80>
	SlotName: slot1_10@b9p29p6551.cern.ch
	CondorScratchDir = "/pool/condor/dir_1119932"
	Cpus = 1
	Disk = 3812
	GPUs = 0
	Memory = 3000
...
006 (16626177.331.000) 02/17 01:04:42 Image size of job updated: 129692
	127  -  MemoryUsage of job (MB)
	129692  -  ResidentSetSize of job (KB)
...
006 (16626177.331.000) 02/17 01:09:43 Image size of job updated: 167392
	164  -  MemoryUsage of job (MB)
	167392  -  ResidentSetSize of job (KB)
...
006 (16626177.331.000) 02/17 01:14:43 Image size of job updated: 171664
	168  -  MemoryUsage of job (MB)
	171664  -  ResidentSetSize of job (KB)
...
006 (16626177.331.000) 02/17 01:19:44 Image size of job updated: 172284
	169  -  MemoryUsage of job (MB)
	172284  -  ResidentSetSize of job (KB)
...
006 (16626177.331.000) 02/17 01:24:45 Image size of job updated: 173640
	170  -  MemoryUsage of job (MB)
	173640  -  ResidentSetSize of job (KB)
...
006 (16626177.331.000) 02/17 01:34:45 Image size of job updated: 174852
	171  -  MemoryUsage of job (MB)
	174852  -  ResidentSetSize of job (KB)
...
006 (16626177.331.000) 02/17 01:39:46 Image size of job updated: 188212
	184  -  MemoryUsage of job (MB)
	188212  -  ResidentSetSize of job (KB)
...
006 (16626177.331.000) 02/17 01:44:46 Image size of job updated: 192052
	188  -  MemoryUsage of job (MB)
	192052  -  ResidentSetSize of job (KB)
...
006 (16626177.331.000) 02/17 01:49:46 Image size of job updated: 194112
	190  -  MemoryUsage of job (MB)
	194112  -  ResidentSetSize of job (KB)
...
040 (16626177.331.000) 02/17 01:51:31 Started transferring output files
...
040 (16626177.331.000) 02/17 01:51:31 Finished transferring output files
...
005 (16626177.331.000) 02/17 01:51:31 Job terminated.
	(1) Normal termination (return value 0)
		Usr 0 00:43:56, Sys 0 00:00:03  -  Run Remote Usage
		Usr 0 00:00:00, Sys 0 00:00:00  -  Run Local Usage
		Usr 0 00:43:56, Sys 0 00:00:03  -  Total Remote Usage
		Usr 0 00:00:00, Sys 0 00:00:00  -  Total Local Usage
	8155  -  Run Bytes Sent By Job
	10428  -  Run Bytes Received By Job
	8155  -  Total Bytes Sent By Job
	10428  -  Total Bytes Received By Job
	Partitionable Resources :    Usage  Request Allocated 
	   Cpus                 :     0.97        1         1 
	   Disk (KB)            :    43          12      3812 
	   GPUs                 :                           0 
	   Memory (MB)          :   190        3000      3000 

	Job terminated of its own accord at 2025-02-17T00:51:31Z with exit-code 0.
...
