000 (16626177.325.000) 02/17 00:58:07 Job submitted from host: <188.185.72.155:9618?addrs=188.185.72.155-9618+[2001-1458-d00-8--100-95]-9618&alias=bigbird08.cern.ch&noUDP&sock=schedd_862983_22fa>
...
040 (16626177.325.000) 02/17 01:04:36 Started transferring input files
	Transferring to host: <188.185.195.127:9618?addrs=188.185.195.127-9618+[2001-1458-303-22--100-7b]-9618&alias=b9p17p7452.cern.ch&noUDP&sock=slot1_7_1405178_c4ee_78097>
...
040 (16626177.325.000) 02/17 01:04:36 Finished transferring input files
...
001 (16626177.325.000) 02/17 01:04:37 Job executing on host: <188.185.195.127:9618?addrs=188.185.195.127-9618+[2001-1458-303-22--100-7b]-9618&alias=b9p17p7452.cern.ch&noUDP&sock=startd_8937_9dfc>
	SlotName: slot1_7@b9p17p7452.cern.ch
	CondorScratchDir = "/pool/condor/dir_1302434"
	Cpus = 1
	Disk = 3875
	GPUs = 0
	Memory = 3000
...
006 (16626177.325.000) 02/17 01:04:46 Image size of job updated: 383000
	375  -  MemoryUsage of job (MB)
	383000  -  ResidentSetSize of job (KB)
...
006 (16626177.325.000) 02/17 01:09:47 Image size of job updated: 416164
	407  -  MemoryUsage of job (MB)
	416164  -  ResidentSetSize of job (KB)
...
006 (16626177.325.000) 02/17 01:14:47 Image size of job updated: 453136
	443  -  MemoryUsage of job (MB)
	453136  -  ResidentSetSize of job (KB)
...
006 (16626177.325.000) 02/17 01:19:47 Image size of job updated: 456488
	446  -  MemoryUsage of job (MB)
	456488  -  ResidentSetSize of job (KB)
...
006 (16626177.325.000) 02/17 01:29:49 Image size of job updated: 457364
	447  -  MemoryUsage of job (MB)
	457364  -  ResidentSetSize of job (KB)
...
006 (16626177.325.000) 02/17 01:44:51 Image size of job updated: 464040
	454  -  MemoryUsage of job (MB)
	464040  -  ResidentSetSize of job (KB)
...
006 (16626177.325.000) 02/17 01:49:51 Image size of job updated: 464592
	454  -  MemoryUsage of job (MB)
	464592  -  ResidentSetSize of job (KB)
...
006 (16626177.325.000) 02/17 01:54:51 Image size of job updated: 469244
	459  -  MemoryUsage of job (MB)
	469244  -  ResidentSetSize of job (KB)
...
006 (16626177.325.000) 02/17 01:59:52 Image size of job updated: 469920
	459  -  MemoryUsage of job (MB)
	469920  -  ResidentSetSize of job (KB)
...
040 (16626177.325.000) 02/17 02:04:38 Started transferring output files
...
040 (16626177.325.000) 02/17 02:04:38 Finished transferring output files
...
005 (16626177.325.000) 02/17 02:04:38 Job terminated.
	(1) Normal termination (return value 0)
		Usr 0 00:59:21, Sys 0 00:00:02  -  Run Remote Usage
		Usr 0 00:00:00, Sys 0 00:00:00  -  Run Local Usage
		Usr 0 00:59:21, Sys 0 00:00:02  -  Total Remote Usage
		Usr 0 00:00:00, Sys 0 00:00:00  -  Total Local Usage
	8155  -  Run Bytes Sent By Job
	10428  -  Run Bytes Received By Job
	8155  -  Total Bytes Sent By Job
	10428  -  Total Bytes Received By Job
	Partitionable Resources :    Usage  Request Allocated 
	   Cpus                 :     0.99        1         1 
	   Disk (KB)            :    44          12      3875 
	   GPUs                 :                           0 
	   Memory (MB)          :   459        3000      3000 

	Job terminated of its own accord at 2025-02-17T01:04:38Z with exit-code 0.
...
