000 (16626177.135.000) 02/17 00:58:07 Job submitted from host: <188.185.72.155:9618?addrs=188.185.72.155-9618+[2001-1458-d00-8--100-95]-9618&alias=bigbird08.cern.ch&noUDP&sock=schedd_862983_22fa>
...
040 (16626177.135.000) 02/17 00:58:57 Started transferring input files
	Transferring to host: <188.185.192.89:9618?addrs=188.185.192.89-9618+[2001-1458-303-1f--100-55]-9618&alias=b9p13p4128.cern.ch&noUDP&sock=slot1_39_2762468_5c48_4119>
...
040 (16626177.135.000) 02/17 00:58:57 Finished transferring input files
...
001 (16626177.135.000) 02/17 00:58:58 Job executing on host: <188.185.192.89:9618?addrs=188.185.192.89-9618+[2001-1458-303-1f--100-55]-9618&alias=b9p13p4128.cern.ch&noUDP&sock=startd_11231_1c3e>
	SlotName: slot1_39@b9p13p4128.cern.ch
	CondorScratchDir = "/pool/condor/dir_3662726"
	Cpus = 1
	Disk = 3787
	GPUs = 0
	Memory = 3000
...
006 (16626177.135.000) 02/17 00:59:06 Image size of job updated: 414552
	405  -  MemoryUsage of job (MB)
	414552  -  ResidentSetSize of job (KB)
...
006 (16626177.135.000) 02/17 01:04:06 Image size of job updated: 452572
	442  -  MemoryUsage of job (MB)
	452572  -  ResidentSetSize of job (KB)
...
006 (16626177.135.000) 02/17 01:09:07 Image size of job updated: 456324
	446  -  MemoryUsage of job (MB)
	456324  -  ResidentSetSize of job (KB)
...
006 (16626177.135.000) 02/17 01:14:07 Image size of job updated: 457676
	447  -  MemoryUsage of job (MB)
	457676  -  ResidentSetSize of job (KB)
...
006 (16626177.135.000) 02/17 01:24:08 Image size of job updated: 463608
	453  -  MemoryUsage of job (MB)
	463608  -  ResidentSetSize of job (KB)
...
006 (16626177.135.000) 02/17 01:34:09 Image size of job updated: 469164
	459  -  MemoryUsage of job (MB)
	469164  -  ResidentSetSize of job (KB)
...
040 (16626177.135.000) 02/17 01:37:47 Started transferring output files
...
040 (16626177.135.000) 02/17 01:37:47 Finished transferring output files
...
005 (16626177.135.000) 02/17 01:37:47 Job terminated.
	(1) Normal termination (return value 0)
		Usr 0 00:38:28, Sys 0 00:00:02  -  Run Remote Usage
		Usr 0 00:00:00, Sys 0 00:00:00  -  Run Local Usage
		Usr 0 00:38:28, Sys 0 00:00:02  -  Total Remote Usage
		Usr 0 00:00:00, Sys 0 00:00:00  -  Total Local Usage
	8155  -  Run Bytes Sent By Job
	10428  -  Run Bytes Received By Job
	8155  -  Total Bytes Sent By Job
	10428  -  Total Bytes Received By Job
	Partitionable Resources :    Usage  Request Allocated 
	   Cpus                 :     0.99        1         1 
	   Disk (KB)            :    43          12      3787 
	   GPUs                 :                           0 
	   Memory (MB)          :   459        3000      3000 

	Job terminated of its own accord at 2025-02-17T00:37:47Z with exit-code 0.
...
