000 (16626177.252.000) 02/17 00:58:07 Job submitted from host: <188.185.72.155:9618?addrs=188.185.72.155-9618+[2001-1458-d00-8--100-95]-9618&alias=bigbird08.cern.ch&noUDP&sock=schedd_862983_22fa>
...
040 (16626177.252.000) 02/17 01:00:49 Started transferring input files
	Transferring to host: <188.185.198.183:9618?addrs=188.185.198.183-9618+[2001-1458-303-25--100-b3]-9618&alias=b9p15p4930.cern.ch&noUDP&sock=slot1_14_2527822_06c2_1734>
...
040 (16626177.252.000) 02/17 01:00:49 Finished transferring input files
...
001 (16626177.252.000) 02/17 01:00:50 Job executing on host: <188.185.198.183:9618?addrs=188.185.198.183-9618+[2001-1458-303-25--100-b3]-9618&alias=b9p15p4930.cern.ch&noUDP&sock=startd_8857_be68>
	SlotName: slot1_14@b9p15p4930.cern.ch
	CondorScratchDir = "/pool/condor/dir_4073857"
	Cpus = 1
	Disk = 3784
	GPUs = 0
	Memory = 3000
...
006 (16626177.252.000) 02/17 01:00:59 Image size of job updated: 1884
	2  -  MemoryUsage of job (MB)
	1884  -  ResidentSetSize of job (KB)
...
006 (16626177.252.000) 02/17 01:06:00 Image size of job updated: 102488
	101  -  MemoryUsage of job (MB)
	102488  -  ResidentSetSize of job (KB)
...
006 (16626177.252.000) 02/17 01:11:01 Image size of job updated: 118300
	116  -  MemoryUsage of job (MB)
	118300  -  ResidentSetSize of job (KB)
...
006 (16626177.252.000) 02/17 01:16:01 Image size of job updated: 121884
	120  -  MemoryUsage of job (MB)
	121884  -  ResidentSetSize of job (KB)
...
006 (16626177.252.000) 02/17 01:21:02 Image size of job updated: 122640
	120  -  MemoryUsage of job (MB)
	122640  -  ResidentSetSize of job (KB)
...
006 (16626177.252.000) 02/17 01:26:03 Image size of job updated: 123820
	121  -  MemoryUsage of job (MB)
	123820  -  ResidentSetSize of job (KB)
...
006 (16626177.252.000) 02/17 01:36:03 Image size of job updated: 127940
	125  -  MemoryUsage of job (MB)
	127940  -  ResidentSetSize of job (KB)
...
006 (16626177.252.000) 02/17 01:46:04 Image size of job updated: 128120
	126  -  MemoryUsage of job (MB)
	128120  -  ResidentSetSize of job (KB)
...
006 (16626177.252.000) 02/17 01:51:04 Image size of job updated: 133372
	131  -  MemoryUsage of job (MB)
	133372  -  ResidentSetSize of job (KB)
...
006 (16626177.252.000) 02/17 01:56:05 Image size of job updated: 134360
	132  -  MemoryUsage of job (MB)
	134360  -  ResidentSetSize of job (KB)
...
040 (16626177.252.000) 02/17 02:00:28 Started transferring output files
...
040 (16626177.252.000) 02/17 02:00:28 Finished transferring output files
...
005 (16626177.252.000) 02/17 02:00:28 Job terminated.
	(1) Normal termination (return value 0)
		Usr 0 00:57:10, Sys 0 00:00:03  -  Run Remote Usage
		Usr 0 00:00:00, Sys 0 00:00:00  -  Run Local Usage
		Usr 0 00:57:10, Sys 0 00:00:03  -  Total Remote Usage
		Usr 0 00:00:00, Sys 0 00:00:00  -  Total Local Usage
	8155  -  Run Bytes Sent By Job
	10428  -  Run Bytes Received By Job
	8155  -  Total Bytes Sent By Job
	10428  -  Total Bytes Received By Job
	Partitionable Resources :    Usage  Request Allocated 
	   Cpus                 :     0.98        1         1 
	   Disk (KB)            :    43          12      3784 
	   GPUs                 :                           0 
	   Memory (MB)          :   132        3000      3000 

	Job terminated of its own accord at 2025-02-17T01:00:28Z with exit-code 0.
...
