000 (16626177.001.000) 02/17 00:58:07 Job submitted from host: <188.185.72.155:9618?addrs=188.185.72.155-9618+[2001-1458-d00-8--100-95]-9618&alias=bigbird08.cern.ch&noUDP&sock=schedd_862983_22fa>
...
040 (16626177.001.000) 02/17 00:58:12 Started transferring input files
	Transferring to host: <188.185.192.137:9618?addrs=188.185.192.137-9618+[2001-1458-303-1f--100-85]-9618&alias=b9p13p3671.cern.ch&noUDP&sock=slot1_10_505454_d183_7586>
...
040 (16626177.001.000) 02/17 00:58:12 Finished transferring input files
...
001 (16626177.001.000) 02/17 00:58:13 Job executing on host: <188.185.192.137:9618?addrs=188.185.192.137-9618+[2001-1458-303-1f--100-85]-9618&alias=b9p13p3671.cern.ch&noUDP&sock=startd_8950_88b7>
	SlotName: slot1_10@b9p13p3671.cern.ch
	CondorScratchDir = "/pool/condor/dir_2328869"
	Cpus = 1
	Disk = 3816
	GPUs = 0
	Memory = 3000
...
006 (16626177.001.000) 02/17 00:58:21 Image size of job updated: 1880
	2  -  MemoryUsage of job (MB)
	1880  -  ResidentSetSize of job (KB)
...
006 (16626177.001.000) 02/17 01:03:21 Image size of job updated: 156084
	153  -  MemoryUsage of job (MB)
	156084  -  ResidentSetSize of job (KB)
...
006 (16626177.001.000) 02/17 01:08:22 Image size of job updated: 160232
	157  -  MemoryUsage of job (MB)
	160232  -  ResidentSetSize of job (KB)
...
006 (16626177.001.000) 02/17 01:13:23 Image size of job updated: 160664
	157  -  MemoryUsage of job (MB)
	160664  -  ResidentSetSize of job (KB)
...
006 (16626177.001.000) 02/17 01:18:23 Image size of job updated: 162844
	160  -  MemoryUsage of job (MB)
	162844  -  ResidentSetSize of job (KB)
...
006 (16626177.001.000) 02/17 01:28:25 Image size of job updated: 177416
	174  -  MemoryUsage of job (MB)
	177416  -  ResidentSetSize of job (KB)
...
006 (16626177.001.000) 02/17 01:33:25 Image size of job updated: 177700
	174  -  MemoryUsage of job (MB)
	177700  -  ResidentSetSize of job (KB)
...
006 (16626177.001.000) 02/17 01:38:25 Image size of job updated: 179124
	175  -  MemoryUsage of job (MB)
	179124  -  ResidentSetSize of job (KB)
...
006 (16626177.001.000) 02/17 01:43:27 Image size of job updated: 179276
	176  -  MemoryUsage of job (MB)
	179276  -  ResidentSetSize of job (KB)
...
040 (16626177.001.000) 02/17 01:43:31 Started transferring output files
...
040 (16626177.001.000) 02/17 01:43:31 Finished transferring output files
...
005 (16626177.001.000) 02/17 01:43:31 Job terminated.
	(1) Normal termination (return value 0)
		Usr 0 00:43:36, Sys 0 00:00:03  -  Run Remote Usage
		Usr 0 00:00:00, Sys 0 00:00:00  -  Run Local Usage
		Usr 0 00:43:36, Sys 0 00:00:03  -  Total Remote Usage
		Usr 0 00:00:00, Sys 0 00:00:00  -  Total Local Usage
	8149  -  Run Bytes Sent By Job
	10428  -  Run Bytes Received By Job
	8149  -  Total Bytes Sent By Job
	10428  -  Total Bytes Received By Job
	Partitionable Resources :    Usage  Request Allocated 
	   Cpus                 :     0.99        1         1 
	   Disk (KB)            :    44          12      3816 
	   GPUs                 :                           0 
	   Memory (MB)          :   176        3000      3000 

	Job terminated of its own accord at 2025-02-17T00:43:31Z with exit-code 0.
...
