000 (16626177.052.000) 02/17 00:58:07 Job submitted from host: <188.185.72.155:9618?addrs=188.185.72.155-9618+[2001-1458-d00-8--100-95]-9618&alias=bigbird08.cern.ch&noUDP&sock=schedd_862983_22fa>
...
040 (16626177.052.000) 02/17 00:58:29 Started transferring input files
	Transferring to host: <188.185.210.201:9618?addrs=188.185.210.201-9618+[2001-1458-303-15--100-45]-9618&alias=b9p22p5174.cern.ch&noUDP&sock=slot1_15_2712819_2605_95242>
...
040 (16626177.052.000) 02/17 00:58:29 Finished transferring input files
...
001 (16626177.052.000) 02/17 00:58:30 Job executing on host: <188.185.210.201:9618?addrs=188.185.210.201-9618+[2001-1458-303-15--100-45]-9618&alias=b9p22p5174.cern.ch&noUDP&sock=startd_5270_5c31>
	SlotName: slot1_15@b9p22p5174.cern.ch
	CondorScratchDir = "/pool/condor/dir_2139733"
	Cpus = 1
	Disk = 3792
	GPUs = 0
	Memory = 3000
...
006 (16626177.052.000) 02/17 00:58:38 Image size of job updated: 199228
	195  -  MemoryUsage of job (MB)
	199228  -  ResidentSetSize of job (KB)
...
006 (16626177.052.000) 02/17 01:03:38 Image size of job updated: 264884
	259  -  MemoryUsage of job (MB)
	264884  -  ResidentSetSize of job (KB)
...
006 (16626177.052.000) 02/17 01:08:39 Image size of job updated: 268944
	263  -  MemoryUsage of job (MB)
	268944  -  ResidentSetSize of job (KB)
...
006 (16626177.052.000) 02/17 01:13:40 Image size of job updated: 270028
	264  -  MemoryUsage of job (MB)
	270028  -  ResidentSetSize of job (KB)
...
006 (16626177.052.000) 02/17 01:18:40 Image size of job updated: 272900
	267  -  MemoryUsage of job (MB)
	272900  -  ResidentSetSize of job (KB)
...
006 (16626177.052.000) 02/17 01:23:40 Image size of job updated: 273836
	268  -  MemoryUsage of job (MB)
	273836  -  ResidentSetSize of job (KB)
...
006 (16626177.052.000) 02/17 01:28:41 Image size of job updated: 277216
	271  -  MemoryUsage of job (MB)
	277216  -  ResidentSetSize of job (KB)
...
040 (16626177.052.000) 02/17 01:32:50 Started transferring output files
...
040 (16626177.052.000) 02/17 01:32:50 Finished transferring output files
...
005 (16626177.052.000) 02/17 01:32:50 Job terminated.
	(1) Normal termination (return value 0)
		Usr 0 00:27:30, Sys 0 00:00:01  -  Run Remote Usage
		Usr 0 00:00:00, Sys 0 00:00:00  -  Run Local Usage
		Usr 0 00:27:30, Sys 0 00:00:01  -  Total Remote Usage
		Usr 0 00:00:00, Sys 0 00:00:00  -  Total Local Usage
	8152  -  Run Bytes Sent By Job
	10428  -  Run Bytes Received By Job
	8152  -  Total Bytes Sent By Job
	10428  -  Total Bytes Received By Job
	Partitionable Resources :    Usage  Request Allocated 
	   Cpus                 :     0.99        1         1 
	   Disk (KB)            :    43          12      3792 
	   GPUs                 :                           0 
	   Memory (MB)          :   271        3000      3000 

	Job terminated of its own accord at 2025-02-17T00:32:50Z with exit-code 0.
...
