000 (16626177.462.000) 02/17 00:58:08 Job submitted from host: <188.185.72.155:9618?addrs=188.185.72.155-9618+[2001-1458-d00-8--100-95]-9618&alias=bigbird08.cern.ch&noUDP&sock=schedd_862983_22fa>
...
040 (16626177.462.000) 02/17 01:07:32 Started transferring input files
	Transferring to host: <188.185.195.168:9618?addrs=188.185.195.168-9618+[2001-1458-303-22--100-a4]-9618&alias=b9p17p4836.cern.ch&noUDP&sock=slot1_2_3622188_dfd8_5901>
...
040 (16626177.462.000) 02/17 01:07:32 Finished transferring input files
...
001 (16626177.462.000) 02/17 01:07:33 Job executing on host: <188.185.195.168:9618?addrs=188.185.195.168-9618+[2001-1458-303-22--100-a4]-9618&alias=b9p17p4836.cern.ch&noUDP&sock=startd_6598_41f7>
	SlotName: slot1_2@b9p17p4836.cern.ch
	CondorScratchDir = "/pool/condor/dir_1971505"
	Cpus = 1
	Disk = 3819
	GPUs = 0
	Memory = 3000
...
006 (16626177.462.000) 02/17 01:07:41 Image size of job updated: 1896
	2  -  MemoryUsage of job (MB)
	1896  -  ResidentSetSize of job (KB)
...
006 (16626177.462.000) 02/17 01:12:41 Image size of job updated: 212544
	208  -  MemoryUsage of job (MB)
	212544  -  ResidentSetSize of job (KB)
...
006 (16626177.462.000) 02/17 01:17:42 Image size of job updated: 216580
	212  -  MemoryUsage of job (MB)
	216580  -  ResidentSetSize of job (KB)
...
006 (16626177.462.000) 02/17 01:22:42 Image size of job updated: 220976
	216  -  MemoryUsage of job (MB)
	220976  -  ResidentSetSize of job (KB)
...
006 (16626177.462.000) 02/17 01:37:44 Image size of job updated: 223368
	219  -  MemoryUsage of job (MB)
	223368  -  ResidentSetSize of job (KB)
...
040 (16626177.462.000) 02/17 01:41:01 Started transferring output files
...
040 (16626177.462.000) 02/17 01:41:01 Finished transferring output files
...
005 (16626177.462.000) 02/17 01:41:01 Job terminated.
	(1) Normal termination (return value 0)
		Usr 0 00:32:49, Sys 0 00:00:00  -  Run Remote Usage
		Usr 0 00:00:00, Sys 0 00:00:00  -  Run Local Usage
		Usr 0 00:32:49, Sys 0 00:00:00  -  Total Remote Usage
		Usr 0 00:00:00, Sys 0 00:00:00  -  Total Local Usage
	8155  -  Run Bytes Sent By Job
	10428  -  Run Bytes Received By Job
	8155  -  Total Bytes Sent By Job
	10428  -  Total Bytes Received By Job
	Partitionable Resources :    Usage  Request Allocated 
	   Cpus                 :     1.00        1         1 
	   Disk (KB)            :    44          12      3819 
	   GPUs                 :                           0 
	   Memory (MB)          :   219        3000      3000 

	Job terminated of its own accord at 2025-02-17T00:41:01Z with exit-code 0.
...
