000 (16626177.234.000) 02/17 00:58:07 Job submitted from host: <188.185.72.155:9618?addrs=188.185.72.155-9618+[2001-1458-d00-8--100-95]-9618&alias=bigbird08.cern.ch&noUDP&sock=schedd_862983_22fa>
...
040 (16626177.234.000) 02/17 01:00:44 Started transferring input files
	Transferring to host: <188.185.195.171:9618?addrs=188.185.195.171-9618+[2001-1458-303-22--100-a7]-9618&alias=b9p17p1073.cern.ch&noUDP&sock=slot1_8_2946858_cbd2_3790>
...
040 (16626177.234.000) 02/17 01:00:44 Finished transferring input files
...
001 (16626177.234.000) 02/17 01:00:45 Job executing on host: <188.185.195.171:9618?addrs=188.185.195.171-9618+[2001-1458-303-22--100-a7]-9618&alias=b9p17p1073.cern.ch&noUDP&sock=startd_2949_58e1>
	SlotName: slot1_8@b9p17p1073.cern.ch
	CondorScratchDir = "/pool/condor/dir_2250430"
	Cpus = 1
	Disk = 3890
	GPUs = 0
	Memory = 3000
...
006 (16626177.234.000) 02/17 01:00:54 Image size of job updated: 379788
	371  -  MemoryUsage of job (MB)
	379788  -  ResidentSetSize of job (KB)
...
006 (16626177.234.000) 02/17 01:05:55 Image size of job updated: 417700
	408  -  MemoryUsage of job (MB)
	417700  -  ResidentSetSize of job (KB)
...
006 (16626177.234.000) 02/17 01:10:56 Image size of job updated: 419704
	410  -  MemoryUsage of job (MB)
	419704  -  ResidentSetSize of job (KB)
...
006 (16626177.234.000) 02/17 01:15:56 Image size of job updated: 422960
	414  -  MemoryUsage of job (MB)
	422960  -  ResidentSetSize of job (KB)
...
006 (16626177.234.000) 02/17 01:20:57 Image size of job updated: 424088
	415  -  MemoryUsage of job (MB)
	424088  -  ResidentSetSize of job (KB)
...
006 (16626177.234.000) 02/17 01:25:58 Image size of job updated: 425100
	416  -  MemoryUsage of job (MB)
	425100  -  ResidentSetSize of job (KB)
...
006 (16626177.234.000) 02/17 01:35:58 Image size of job updated: 430160
	421  -  MemoryUsage of job (MB)
	430160  -  ResidentSetSize of job (KB)
...
006 (16626177.234.000) 02/17 01:40:59 Image size of job updated: 430164
	421  -  MemoryUsage of job (MB)
	430164  -  ResidentSetSize of job (KB)
...
006 (16626177.234.000) 02/17 01:46:00 Image size of job updated: 433532
	424  -  MemoryUsage of job (MB)
	433532  -  ResidentSetSize of job (KB)
...
006 (16626177.234.000) 02/17 01:51:00 Image size of job updated: 436524
	427  -  MemoryUsage of job (MB)
	436524  -  ResidentSetSize of job (KB)
...
040 (16626177.234.000) 02/17 01:55:12 Started transferring output files
...
040 (16626177.234.000) 02/17 01:55:12 Finished transferring output files
...
005 (16626177.234.000) 02/17 01:55:12 Job terminated.
	(1) Normal termination (return value 0)
		Usr 0 00:53:51, Sys 0 00:00:01  -  Run Remote Usage
		Usr 0 00:00:00, Sys 0 00:00:00  -  Run Local Usage
		Usr 0 00:53:51, Sys 0 00:00:01  -  Total Remote Usage
		Usr 0 00:00:00, Sys 0 00:00:00  -  Total Local Usage
	8155  -  Run Bytes Sent By Job
	10428  -  Run Bytes Received By Job
	8155  -  Total Bytes Sent By Job
	10428  -  Total Bytes Received By Job
	Partitionable Resources :    Usage  Request Allocated 
	   Cpus                 :     0.99        1         1 
	   Disk (KB)            :    44          12      3890 
	   GPUs                 :                           0 
	   Memory (MB)          :   427        3000      3000 

	Job terminated of its own accord at 2025-02-17T00:55:12Z with exit-code 0.
...
