000 (16626177.274.000) 02/17 00:58:07 Job submitted from host: <188.185.72.155:9618?addrs=188.185.72.155-9618+[2001-1458-d00-8--100-95]-9618&alias=bigbird08.cern.ch&noUDP&sock=schedd_862983_22fa>
...
040 (16626177.274.000) 02/17 01:00:56 Started transferring input files
	Transferring to host: <188.185.195.171:9618?addrs=188.185.195.171-9618+[2001-1458-303-22--100-a7]-9618&alias=b9p17p1073.cern.ch&noUDP&sock=slot1_24_2946858_cbd2_3792>
...
040 (16626177.274.000) 02/17 01:00:56 Finished transferring input files
...
001 (16626177.274.000) 02/17 01:00:57 Job executing on host: <188.185.195.171:9618?addrs=188.185.195.171-9618+[2001-1458-303-22--100-a7]-9618&alias=b9p17p1073.cern.ch&noUDP&sock=startd_2949_58e1>
	SlotName: slot1_24@b9p17p1073.cern.ch
	CondorScratchDir = "/pool/condor/dir_2251412"
	Cpus = 1
	Disk = 3894
	GPUs = 0
	Memory = 3000
...
006 (16626177.274.000) 02/17 01:01:06 Image size of job updated: 100820
	99  -  MemoryUsage of job (MB)
	100820  -  ResidentSetSize of job (KB)
...
006 (16626177.274.000) 02/17 01:06:07 Image size of job updated: 102360
	100  -  MemoryUsage of job (MB)
	102360  -  ResidentSetSize of job (KB)
...
006 (16626177.274.000) 02/17 01:11:08 Image size of job updated: 138448
	136  -  MemoryUsage of job (MB)
	138448  -  ResidentSetSize of job (KB)
...
006 (16626177.274.000) 02/17 01:16:08 Image size of job updated: 142532
	140  -  MemoryUsage of job (MB)
	142532  -  ResidentSetSize of job (KB)
...
006 (16626177.274.000) 02/17 01:21:08 Image size of job updated: 143452
	141  -  MemoryUsage of job (MB)
	143452  -  ResidentSetSize of job (KB)
...
006 (16626177.274.000) 02/17 01:26:09 Image size of job updated: 144924
	142  -  MemoryUsage of job (MB)
	144924  -  ResidentSetSize of job (KB)
...
006 (16626177.274.000) 02/17 01:36:09 Image size of job updated: 150632
	148  -  MemoryUsage of job (MB)
	150632  -  ResidentSetSize of job (KB)
...
006 (16626177.274.000) 02/17 01:41:10 Image size of job updated: 151416
	148  -  MemoryUsage of job (MB)
	151416  -  ResidentSetSize of job (KB)
...
006 (16626177.274.000) 02/17 01:46:11 Image size of job updated: 152472
	149  -  MemoryUsage of job (MB)
	152472  -  ResidentSetSize of job (KB)
...
006 (16626177.274.000) 02/17 01:51:11 Image size of job updated: 153712
	151  -  MemoryUsage of job (MB)
	153712  -  ResidentSetSize of job (KB)
...
040 (16626177.274.000) 02/17 01:56:03 Started transferring output files
...
040 (16626177.274.000) 02/17 01:56:03 Finished transferring output files
...
005 (16626177.274.000) 02/17 01:56:03 Job terminated.
	(1) Normal termination (return value 0)
		Usr 0 00:54:30, Sys 0 00:00:01  -  Run Remote Usage
		Usr 0 00:00:00, Sys 0 00:00:00  -  Run Local Usage
		Usr 0 00:54:30, Sys 0 00:00:01  -  Total Remote Usage
		Usr 0 00:00:00, Sys 0 00:00:00  -  Total Local Usage
	8155  -  Run Bytes Sent By Job
	10428  -  Run Bytes Received By Job
	8155  -  Total Bytes Sent By Job
	10428  -  Total Bytes Received By Job
	Partitionable Resources :    Usage  Request Allocated 
	   Cpus                 :     0.99        1         1 
	   Disk (KB)            :    43          12      3894 
	   GPUs                 :                           0 
	   Memory (MB)          :   151        3000      3000 

	Job terminated of its own accord at 2025-02-17T00:56:03Z with exit-code 0.
...
