000 (16626177.073.000) 02/17 00:58:07 Job submitted from host: <188.185.72.155:9618?addrs=188.185.72.155-9618+[2001-1458-d00-8--100-95]-9618&alias=bigbird08.cern.ch&noUDP&sock=schedd_862983_22fa>
...
040 (16626177.073.000) 02/17 00:58:36 Started transferring input files
	Transferring to host: <128.142.161.76:9618?addrs=128.142.161.76-9618+[2001-1458-301-b8--100-a]-9618&alias=b9g03p6672.cern.ch&noUDP&sock=slot1_14_1683509_2344_36115>
...
040 (16626177.073.000) 02/17 00:58:36 Finished transferring input files
...
001 (16626177.073.000) 02/17 00:58:37 Job executing on host: <128.142.161.76:9618?addrs=128.142.161.76-9618+[2001-1458-301-b8--100-a]-9618&alias=b9g03p6672.cern.ch&noUDP&sock=startd_3181_7ada>
	SlotName: slot1_14@b9g03p6672.cern.ch
	CondorScratchDir = "/pool/condor/dir_2726509"
	Cpus = 1
	Disk = 3954
	GPUs = 0
	Memory = 3000
...
006 (16626177.073.000) 02/17 00:58:45 Image size of job updated: 98652
	97  -  MemoryUsage of job (MB)
	98652  -  ResidentSetSize of job (KB)
...
006 (16626177.073.000) 02/17 01:03:45 Image size of job updated: 128004
	126  -  MemoryUsage of job (MB)
	128004  -  ResidentSetSize of job (KB)
...
006 (16626177.073.000) 02/17 01:08:46 Image size of job updated: 164912
	162  -  MemoryUsage of job (MB)
	164912  -  ResidentSetSize of job (KB)
...
006 (16626177.073.000) 02/17 01:13:46 Image size of job updated: 169208
	166  -  MemoryUsage of job (MB)
	169208  -  ResidentSetSize of job (KB)
...
006 (16626177.073.000) 02/17 01:18:46 Image size of job updated: 169400
	166  -  MemoryUsage of job (MB)
	169400  -  ResidentSetSize of job (KB)
...
006 (16626177.073.000) 02/17 01:23:47 Image size of job updated: 169592
	166  -  MemoryUsage of job (MB)
	169592  -  ResidentSetSize of job (KB)
...
006 (16626177.073.000) 02/17 01:28:47 Image size of job updated: 171444
	168  -  MemoryUsage of job (MB)
	171444  -  ResidentSetSize of job (KB)
...
006 (16626177.073.000) 02/17 01:43:49 Image size of job updated: 172584
	169  -  MemoryUsage of job (MB)
	172584  -  ResidentSetSize of job (KB)
...
006 (16626177.073.000) 02/17 01:48:49 Image size of job updated: 172780
	169  -  MemoryUsage of job (MB)
	172780  -  ResidentSetSize of job (KB)
...
006 (16626177.073.000) 02/17 01:53:50 Image size of job updated: 173252
	170  -  MemoryUsage of job (MB)
	173252  -  ResidentSetSize of job (KB)
...
006 (16626177.073.000) 02/17 01:58:51 Image size of job updated: 174008
	170  -  MemoryUsage of job (MB)
	174008  -  ResidentSetSize of job (KB)
...
006 (16626177.073.000) 02/17 02:03:51 Image size of job updated: 174740
	171  -  MemoryUsage of job (MB)
	174740  -  ResidentSetSize of job (KB)
...
006 (16626177.073.000) 02/17 02:08:51 Image size of job updated: 175812
	172  -  MemoryUsage of job (MB)
	175812  -  ResidentSetSize of job (KB)
...
040 (16626177.073.000) 02/17 02:12:53 Started transferring output files
...
040 (16626177.073.000) 02/17 02:12:53 Finished transferring output files
...
005 (16626177.073.000) 02/17 02:12:53 Job terminated.
	(1) Normal termination (return value 0)
		Usr 0 01:09:38, Sys 0 00:00:07  -  Run Remote Usage
		Usr 0 00:00:00, Sys 0 00:00:00  -  Run Local Usage
		Usr 0 01:09:38, Sys 0 00:00:07  -  Total Remote Usage
		Usr 0 00:00:00, Sys 0 00:00:00  -  Total Local Usage
	8152  -  Run Bytes Sent By Job
	10428  -  Run Bytes Received By Job
	8152  -  Total Bytes Sent By Job
	10428  -  Total Bytes Received By Job
	Partitionable Resources :    Usage  Request Allocated 
	   Cpus                 :     0.89        1         1 
	   Disk (KB)            :    43          12      3954 
	   GPUs                 :                           0 
	   Memory (MB)          :   172        3000      3000 

	Job terminated of its own accord at 2025-02-17T01:12:53Z with exit-code 0.
...
