000 (16626177.014.000) 02/17 00:58:07 Job submitted from host: <188.185.72.155:9618?addrs=188.185.72.155-9618+[2001-1458-d00-8--100-95]-9618&alias=bigbird08.cern.ch&noUDP&sock=schedd_862983_22fa>
...
040 (16626177.014.000) 02/17 00:58:16 Started transferring input files
	Transferring to host: <188.185.193.175:9618?addrs=188.185.193.175-9618+[2001-1458-303-20--100-ab]-9618&alias=b9p19p8190.cern.ch&noUDP&sock=slot1_17_841080_b293_13087>
...
040 (16626177.014.000) 02/17 00:58:16 Finished transferring input files
...
001 (16626177.014.000) 02/17 00:58:17 Job executing on host: <188.185.193.175:9618?addrs=188.185.193.175-9618+[2001-1458-303-20--100-ab]-9618&alias=b9p19p8190.cern.ch&noUDP&sock=startd_10987_bf22>
	SlotName: slot1_17@b9p19p8190.cern.ch
	CondorScratchDir = "/pool/condor/dir_3123019"
	Cpus = 1
	Disk = 3782
	GPUs = 0
	Memory = 3000
...
006 (16626177.014.000) 02/17 00:58:25 Image size of job updated: 1908
	2  -  MemoryUsage of job (MB)
	1908  -  ResidentSetSize of job (KB)
...
006 (16626177.014.000) 02/17 01:03:25 Image size of job updated: 446284
	436  -  MemoryUsage of job (MB)
	446284  -  ResidentSetSize of job (KB)
...
006 (16626177.014.000) 02/17 01:08:26 Image size of job updated: 450440
	440  -  MemoryUsage of job (MB)
	450440  -  ResidentSetSize of job (KB)
...
006 (16626177.014.000) 02/17 01:13:27 Image size of job updated: 453512
	443  -  MemoryUsage of job (MB)
	453512  -  ResidentSetSize of job (KB)
...
006 (16626177.014.000) 02/17 01:23:27 Image size of job updated: 454920
	445  -  MemoryUsage of job (MB)
	454920  -  ResidentSetSize of job (KB)
...
006 (16626177.014.000) 02/17 01:28:28 Image size of job updated: 456352
	446  -  MemoryUsage of job (MB)
	456352  -  ResidentSetSize of job (KB)
...
006 (16626177.014.000) 02/17 01:33:29 Image size of job updated: 458372
	448  -  MemoryUsage of job (MB)
	458372  -  ResidentSetSize of job (KB)
...
040 (16626177.014.000) 02/17 01:34:46 Started transferring output files
...
040 (16626177.014.000) 02/17 01:34:46 Finished transferring output files
...
005 (16626177.014.000) 02/17 01:34:46 Job terminated.
	(1) Normal termination (return value 0)
		Usr 0 00:35:43, Sys 0 00:00:01  -  Run Remote Usage
		Usr 0 00:00:00, Sys 0 00:00:00  -  Run Local Usage
		Usr 0 00:35:43, Sys 0 00:00:01  -  Total Remote Usage
		Usr 0 00:00:00, Sys 0 00:00:00  -  Total Local Usage
	8152  -  Run Bytes Sent By Job
	10428  -  Run Bytes Received By Job
	8152  -  Total Bytes Sent By Job
	10428  -  Total Bytes Received By Job
	Partitionable Resources :    Usage  Request Allocated 
	   Cpus                 :     0.99        1         1 
	   Disk (KB)            :    44          12      3782 
	   GPUs                 :                           0 
	   Memory (MB)          :   448        3000      3000 

	Job terminated of its own accord at 2025-02-17T00:34:46Z with exit-code 0.
...
