000 (16626177.086.000) 02/17 00:58:07 Job submitted from host: <188.185.72.155:9618?addrs=188.185.72.155-9618+[2001-1458-d00-8--100-95]-9618&alias=bigbird08.cern.ch&noUDP&sock=schedd_862983_22fa>
...
040 (16626177.086.000) 02/17 00:58:39 Started transferring input files
	Transferring to host: <128.142.161.107:9618?addrs=128.142.161.107-9618+[2001-1458-301-b8--100-29]-9618&alias=b9g03p5993.cern.ch&noUDP&sock=slot1_21_537840_af68_4447>
...
040 (16626177.086.000) 02/17 00:58:39 Finished transferring input files
...
001 (16626177.086.000) 02/17 00:58:40 Job executing on host: <128.142.161.107:9618?addrs=128.142.161.107-9618+[2001-1458-301-b8--100-29]-9618&alias=b9g03p5993.cern.ch&noUDP&sock=startd_3203_91ef>
	SlotName: slot1_21@b9g03p5993.cern.ch
	CondorScratchDir = "/pool/condor/dir_1045789"
	Cpus = 1
	Disk = 3989
	GPUs = 0
	Memory = 3000
...
006 (16626177.086.000) 02/17 00:58:48 Image size of job updated: 99752
	98  -  MemoryUsage of job (MB)
	99752  -  ResidentSetSize of job (KB)
...
006 (16626177.086.000) 02/17 01:03:48 Image size of job updated: 136428
	134  -  MemoryUsage of job (MB)
	136428  -  ResidentSetSize of job (KB)
...
006 (16626177.086.000) 02/17 01:08:49 Image size of job updated: 141432
	139  -  MemoryUsage of job (MB)
	141432  -  ResidentSetSize of job (KB)
...
006 (16626177.086.000) 02/17 01:13:50 Image size of job updated: 142036
	139  -  MemoryUsage of job (MB)
	142036  -  ResidentSetSize of job (KB)
...
006 (16626177.086.000) 02/17 01:18:50 Image size of job updated: 142976
	140  -  MemoryUsage of job (MB)
	142976  -  ResidentSetSize of job (KB)
...
006 (16626177.086.000) 02/17 01:23:51 Image size of job updated: 145060
	142  -  MemoryUsage of job (MB)
	145060  -  ResidentSetSize of job (KB)
...
006 (16626177.086.000) 02/17 01:33:52 Image size of job updated: 149124
	146  -  MemoryUsage of job (MB)
	149124  -  ResidentSetSize of job (KB)
...
006 (16626177.086.000) 02/17 01:38:52 Image size of job updated: 150232
	147  -  MemoryUsage of job (MB)
	150232  -  ResidentSetSize of job (KB)
...
006 (16626177.086.000) 02/17 01:43:53 Image size of job updated: 150852
	148  -  MemoryUsage of job (MB)
	150852  -  ResidentSetSize of job (KB)
...
006 (16626177.086.000) 02/17 01:48:53 Image size of job updated: 153732
	151  -  MemoryUsage of job (MB)
	153732  -  ResidentSetSize of job (KB)
...
006 (16626177.086.000) 02/17 01:53:53 Image size of job updated: 155868
	153  -  MemoryUsage of job (MB)
	155868  -  ResidentSetSize of job (KB)
...
040 (16626177.086.000) 02/17 01:58:59 Started transferring output files
...
040 (16626177.086.000) 02/17 01:58:59 Finished transferring output files
...
005 (16626177.086.000) 02/17 01:58:59 Job terminated.
	(1) Normal termination (return value 0)
		Usr 0 00:59:14, Sys 0 00:00:03  -  Run Remote Usage
		Usr 0 00:00:00, Sys 0 00:00:00  -  Run Local Usage
		Usr 0 00:59:14, Sys 0 00:00:03  -  Total Remote Usage
		Usr 0 00:00:00, Sys 0 00:00:00  -  Total Local Usage
	8152  -  Run Bytes Sent By Job
	10428  -  Run Bytes Received By Job
	8152  -  Total Bytes Sent By Job
	10428  -  Total Bytes Received By Job
	Partitionable Resources :    Usage  Request Allocated 
	   Cpus                 :     0.94        1         1 
	   Disk (KB)            :    43          12      3989 
	   GPUs                 :                           0 
	   Memory (MB)          :   153        3000      3000 

	Job terminated of its own accord at 2025-02-17T00:58:59Z with exit-code 0.
...
