000 (16626177.074.000) 02/17 00:58:07 Job submitted from host: <188.185.72.155:9618?addrs=188.185.72.155-9618+[2001-1458-d00-8--100-95]-9618&alias=bigbird08.cern.ch&noUDP&sock=schedd_862983_22fa>
...
040 (16626177.074.000) 02/17 00:58:36 Started transferring input files
	Transferring to host: <188.185.193.9:9618?addrs=188.185.193.9-9618+[2001-1458-303-20--100-5]-9618&alias=b9p19p9968.cern.ch&noUDP&sock=slot1_2_3784878_b270_46902>
...
040 (16626177.074.000) 02/17 00:58:36 Finished transferring input files
...
001 (16626177.074.000) 02/17 00:58:37 Job executing on host: <188.185.193.9:9618?addrs=188.185.193.9-9618+[2001-1458-303-20--100-5]-9618&alias=b9p19p9968.cern.ch&noUDP&sock=startd_4510_1037>
	SlotName: slot1_2@b9p19p9968.cern.ch
	CondorScratchDir = "/pool/condor/dir_3059969"
	Cpus = 1
	Disk = 3791
	GPUs = 0
	Memory = 3000
...
006 (16626177.074.000) 02/17 00:58:45 Image size of job updated: 355960
	348  -  MemoryUsage of job (MB)
	355960  -  ResidentSetSize of job (KB)
...
006 (16626177.074.000) 02/17 01:03:45 Image size of job updated: 422872
	413  -  MemoryUsage of job (MB)
	422872  -  ResidentSetSize of job (KB)
...
006 (16626177.074.000) 02/17 01:08:46 Image size of job updated: 427048
	418  -  MemoryUsage of job (MB)
	427048  -  ResidentSetSize of job (KB)
...
006 (16626177.074.000) 02/17 01:13:46 Image size of job updated: 431252
	422  -  MemoryUsage of job (MB)
	431252  -  ResidentSetSize of job (KB)
...
006 (16626177.074.000) 02/17 01:23:48 Image size of job updated: 432272
	423  -  MemoryUsage of job (MB)
	432272  -  ResidentSetSize of job (KB)
...
006 (16626177.074.000) 02/17 01:28:48 Image size of job updated: 436044
	426  -  MemoryUsage of job (MB)
	436044  -  ResidentSetSize of job (KB)
...
006 (16626177.074.000) 02/17 01:38:49 Image size of job updated: 436964
	427  -  MemoryUsage of job (MB)
	436964  -  ResidentSetSize of job (KB)
...
006 (16626177.074.000) 02/17 01:43:50 Image size of job updated: 437220
	427  -  MemoryUsage of job (MB)
	437220  -  ResidentSetSize of job (KB)
...
006 (16626177.074.000) 02/17 01:48:50 Image size of job updated: 438408
	429  -  MemoryUsage of job (MB)
	438408  -  ResidentSetSize of job (KB)
...
006 (16626177.074.000) 02/17 01:53:51 Image size of job updated: 439252
	429  -  MemoryUsage of job (MB)
	439252  -  ResidentSetSize of job (KB)
...
006 (16626177.074.000) 02/17 01:58:52 Image size of job updated: 439832
	430  -  MemoryUsage of job (MB)
	439832  -  ResidentSetSize of job (KB)
...
040 (16626177.074.000) 02/17 02:03:45 Started transferring output files
...
040 (16626177.074.000) 02/17 02:03:45 Finished transferring output files
...
005 (16626177.074.000) 02/17 02:03:45 Job terminated.
	(1) Normal termination (return value 0)
		Usr 0 01:03:22, Sys 0 00:00:03  -  Run Remote Usage
		Usr 0 00:00:00, Sys 0 00:00:00  -  Run Local Usage
		Usr 0 01:03:22, Sys 0 00:00:03  -  Total Remote Usage
		Usr 0 00:00:00, Sys 0 00:00:00  -  Total Local Usage
	8152  -  Run Bytes Sent By Job
	10428  -  Run Bytes Received By Job
	8152  -  Total Bytes Sent By Job
	10428  -  Total Bytes Received By Job
	Partitionable Resources :    Usage  Request Allocated 
	   Cpus                 :     0.97        1         1 
	   Disk (KB)            :    44          12      3791 
	   GPUs                 :                           0 
	   Memory (MB)          :   430        3000      3000 

	Job terminated of its own accord at 2025-02-17T01:03:45Z with exit-code 0.
...
