000 (16626177.353.000) 02/17 00:58:07 Job submitted from host: <188.185.72.155:9618?addrs=188.185.72.155-9618+[2001-1458-d00-8--100-95]-9618&alias=bigbird08.cern.ch&noUDP&sock=schedd_862983_22fa>
...
040 (16626177.353.000) 02/17 01:04:42 Started transferring input files
	Transferring to host: <128.142.131.20:9618?addrs=128.142.131.20-9618+[2001-1458-301-59--100-8]-9618&alias=b9g11p0183.cern.ch&noUDP&sock=slot1_17_3004_56f3_36325>
...
040 (16626177.353.000) 02/17 01:04:42 Finished transferring input files
...
001 (16626177.353.000) 02/17 01:04:43 Job executing on host: <128.142.131.20:9618?addrs=128.142.131.20-9618+[2001-1458-301-59--100-8]-9618&alias=b9g11p0183.cern.ch&noUDP&sock=startd_2631_39c3>
	SlotName: slot1_17@b9g11p0183.cern.ch
	CondorScratchDir = "/pool/condor/dir_3957629"
	Cpus = 1
	Disk = 2546
	GPUs = 0
	Memory = 3000
...
006 (16626177.353.000) 02/17 01:04:52 Image size of job updated: 70080
	69  -  MemoryUsage of job (MB)
	70080  -  ResidentSetSize of job (KB)
...
006 (16626177.353.000) 02/17 01:09:53 Image size of job updated: 102220
	100  -  MemoryUsage of job (MB)
	102220  -  ResidentSetSize of job (KB)
...
006 (16626177.353.000) 02/17 01:14:54 Image size of job updated: 139188
	136  -  MemoryUsage of job (MB)
	139188  -  ResidentSetSize of job (KB)
...
006 (16626177.353.000) 02/17 01:19:54 Image size of job updated: 143568
	141  -  MemoryUsage of job (MB)
	143568  -  ResidentSetSize of job (KB)
...
006 (16626177.353.000) 02/17 01:24:54 Image size of job updated: 143592
	141  -  MemoryUsage of job (MB)
	143592  -  ResidentSetSize of job (KB)
...
006 (16626177.353.000) 02/17 01:29:55 Image size of job updated: 144132
	141  -  MemoryUsage of job (MB)
	144132  -  ResidentSetSize of job (KB)
...
006 (16626177.353.000) 02/17 01:34:55 Image size of job updated: 146592
	144  -  MemoryUsage of job (MB)
	146592  -  ResidentSetSize of job (KB)
...
006 (16626177.353.000) 02/17 01:49:57 Image size of job updated: 148300
	145  -  MemoryUsage of job (MB)
	148300  -  ResidentSetSize of job (KB)
...
006 (16626177.353.000) 02/17 01:54:57 Image size of job updated: 149128
	146  -  MemoryUsage of job (MB)
	149128  -  ResidentSetSize of job (KB)
...
006 (16626177.353.000) 02/17 01:59:58 Image size of job updated: 153540
	150  -  MemoryUsage of job (MB)
	153540  -  ResidentSetSize of job (KB)
...
006 (16626177.353.000) 02/17 02:04:59 Image size of job updated: 154160
	151  -  MemoryUsage of job (MB)
	154160  -  ResidentSetSize of job (KB)
...
040 (16626177.353.000) 02/17 02:12:38 Started transferring output files
...
040 (16626177.353.000) 02/17 02:12:38 Finished transferring output files
...
005 (16626177.353.000) 02/17 02:12:38 Job terminated.
	(1) Normal termination (return value 0)
		Usr 0 01:07:23, Sys 0 00:00:01  -  Run Remote Usage
		Usr 0 00:00:00, Sys 0 00:00:00  -  Run Local Usage
		Usr 0 01:07:23, Sys 0 00:00:01  -  Total Remote Usage
		Usr 0 00:00:00, Sys 0 00:00:00  -  Total Local Usage
	8155  -  Run Bytes Sent By Job
	10428  -  Run Bytes Received By Job
	8155  -  Total Bytes Sent By Job
	10428  -  Total Bytes Received By Job
	Partitionable Resources :    Usage  Request Allocated 
	   Cpus                 :     0.99        1         1 
	   Disk (KB)            :    43          12      2546 
	   GPUs                 :                           0 
	   Memory (MB)          :   151        3000      3000 

	Job terminated of its own accord at 2025-02-17T01:12:38Z with exit-code 0.
...
