000 (16626177.021.000) 02/17 00:58:07 Job submitted from host: <188.185.72.155:9618?addrs=188.185.72.155-9618+[2001-1458-d00-8--100-95]-9618&alias=bigbird08.cern.ch&noUDP&sock=schedd_862983_22fa>
...
040 (16626177.021.000) 02/17 00:58:19 Started transferring input files
	Transferring to host: <188.185.193.95:9618?addrs=188.185.193.95-9618+[2001-1458-303-20--100-5b]-9618&alias=b9p19p9983.cern.ch&noUDP&sock=slot1_33_637444_b6bb_8782>
...
040 (16626177.021.000) 02/17 00:58:19 Finished transferring input files
...
001 (16626177.021.000) 02/17 00:58:20 Job executing on host: <188.185.193.95:9618?addrs=188.185.193.95-9618+[2001-1458-303-20--100-5b]-9618&alias=b9p19p9983.cern.ch&noUDP&sock=startd_5066_6edf>
	SlotName: slot1_33@b9p19p9983.cern.ch
	CondorScratchDir = "/pool/condor/dir_1846679"
	Cpus = 1
	Disk = 3810
	GPUs = 0
	Memory = 3000
...
006 (16626177.021.000) 02/17 00:58:29 Image size of job updated: 382432
	374  -  MemoryUsage of job (MB)
	382432  -  ResidentSetSize of job (KB)
...
006 (16626177.021.000) 02/17 01:03:30 Image size of job updated: 450636
	441  -  MemoryUsage of job (MB)
	450636  -  ResidentSetSize of job (KB)
...
006 (16626177.021.000) 02/17 01:08:30 Image size of job updated: 452772
	443  -  MemoryUsage of job (MB)
	452772  -  ResidentSetSize of job (KB)
...
006 (16626177.021.000) 02/17 01:13:30 Image size of job updated: 456212
	446  -  MemoryUsage of job (MB)
	456212  -  ResidentSetSize of job (KB)
...
006 (16626177.021.000) 02/17 01:18:31 Image size of job updated: 457096
	447  -  MemoryUsage of job (MB)
	457096  -  ResidentSetSize of job (KB)
...
006 (16626177.021.000) 02/17 01:23:32 Image size of job updated: 457960
	448  -  MemoryUsage of job (MB)
	457960  -  ResidentSetSize of job (KB)
...
006 (16626177.021.000) 02/17 01:33:33 Image size of job updated: 463560
	453  -  MemoryUsage of job (MB)
	463560  -  ResidentSetSize of job (KB)
...
006 (16626177.021.000) 02/17 01:38:34 Image size of job updated: 463624
	453  -  MemoryUsage of job (MB)
	463624  -  ResidentSetSize of job (KB)
...
006 (16626177.021.000) 02/17 01:43:34 Image size of job updated: 463772
	453  -  MemoryUsage of job (MB)
	463772  -  ResidentSetSize of job (KB)
...
006 (16626177.021.000) 02/17 01:48:34 Image size of job updated: 467708
	457  -  MemoryUsage of job (MB)
	467708  -  ResidentSetSize of job (KB)
...
006 (16626177.021.000) 02/17 01:53:35 Image size of job updated: 468520
	458  -  MemoryUsage of job (MB)
	468520  -  ResidentSetSize of job (KB)
...
040 (16626177.021.000) 02/17 01:55:57 Started transferring output files
...
040 (16626177.021.000) 02/17 01:55:57 Finished transferring output files
...
005 (16626177.021.000) 02/17 01:55:57 Job terminated.
	(1) Normal termination (return value 0)
		Usr 0 00:57:01, Sys 0 00:00:02  -  Run Remote Usage
		Usr 0 00:00:00, Sys 0 00:00:00  -  Run Local Usage
		Usr 0 00:57:01, Sys 0 00:00:02  -  Total Remote Usage
		Usr 0 00:00:00, Sys 0 00:00:00  -  Total Local Usage
	8152  -  Run Bytes Sent By Job
	10428  -  Run Bytes Received By Job
	8152  -  Total Bytes Sent By Job
	10428  -  Total Bytes Received By Job
	Partitionable Resources :    Usage  Request Allocated 
	   Cpus                 :     0.99        1         1 
	   Disk (KB)            :    44          12      3810 
	   GPUs                 :                           0 
	   Memory (MB)          :   458        3000      3000 

	Job terminated of its own accord at 2025-02-17T00:55:57Z with exit-code 0.
...
