000 (16626177.372.000) 02/17 00:58:07 Job submitted from host: <188.185.72.155:9618?addrs=188.185.72.155-9618+[2001-1458-d00-8--100-95]-9618&alias=bigbird08.cern.ch&noUDP&sock=schedd_862983_22fa>
...
040 (16626177.372.000) 02/17 01:04:47 Started transferring input files
	Transferring to host: <188.185.198.8:9618?addrs=188.185.198.8-9618+[2001-1458-303-25--100-4]-9618&alias=b9p15p0417.cern.ch&noUDP&sock=slot1_20_2435517_cdb9_3755>
...
040 (16626177.372.000) 02/17 01:04:47 Finished transferring input files
...
001 (16626177.372.000) 02/17 01:04:48 Job executing on host: <188.185.198.8:9618?addrs=188.185.198.8-9618+[2001-1458-303-25--100-4]-9618&alias=b9p15p0417.cern.ch&noUDP&sock=startd_9684_ff3b>
	SlotName: slot1_20@b9p15p0417.cern.ch
	CondorScratchDir = "/pool/condor/dir_876878"
	Cpus = 1
	Disk = 3722
	GPUs = 0
	Memory = 3000
...
006 (16626177.372.000) 02/17 01:04:57 Image size of job updated: 99152
	97  -  MemoryUsage of job (MB)
	99152  -  ResidentSetSize of job (KB)
...
006 (16626177.372.000) 02/17 01:09:59 Image size of job updated: 135604
	133  -  MemoryUsage of job (MB)
	135604  -  ResidentSetSize of job (KB)
...
006 (16626177.372.000) 02/17 01:14:59 Image size of job updated: 136676
	134  -  MemoryUsage of job (MB)
	136676  -  ResidentSetSize of job (KB)
...
006 (16626177.372.000) 02/17 01:19:59 Image size of job updated: 141184
	138  -  MemoryUsage of job (MB)
	141184  -  ResidentSetSize of job (KB)
...
006 (16626177.372.000) 02/17 01:30:01 Image size of job updated: 141700
	139  -  MemoryUsage of job (MB)
	141700  -  ResidentSetSize of job (KB)
...
006 (16626177.372.000) 02/17 01:35:01 Image size of job updated: 143224
	140  -  MemoryUsage of job (MB)
	143224  -  ResidentSetSize of job (KB)
...
006 (16626177.372.000) 02/17 01:45:03 Image size of job updated: 144844
	142  -  MemoryUsage of job (MB)
	144844  -  ResidentSetSize of job (KB)
...
006 (16626177.372.000) 02/17 01:50:03 Image size of job updated: 145316
	142  -  MemoryUsage of job (MB)
	145316  -  ResidentSetSize of job (KB)
...
006 (16626177.372.000) 02/17 01:55:03 Image size of job updated: 145788
	143  -  MemoryUsage of job (MB)
	145788  -  ResidentSetSize of job (KB)
...
006 (16626177.372.000) 02/17 02:00:04 Image size of job updated: 146636
	144  -  MemoryUsage of job (MB)
	146636  -  ResidentSetSize of job (KB)
...
006 (16626177.372.000) 02/17 02:05:04 Image size of job updated: 147472
	145  -  MemoryUsage of job (MB)
	147472  -  ResidentSetSize of job (KB)
...
006 (16626177.372.000) 02/17 02:10:04 Image size of job updated: 152304
	149  -  MemoryUsage of job (MB)
	152304  -  ResidentSetSize of job (KB)
...
040 (16626177.372.000) 02/17 02:10:36 Started transferring output files
...
040 (16626177.372.000) 02/17 02:10:36 Finished transferring output files
...
005 (16626177.372.000) 02/17 02:10:36 Job terminated.
	(1) Normal termination (return value 0)
		Usr 0 01:04:13, Sys 0 00:00:04  -  Run Remote Usage
		Usr 0 00:00:00, Sys 0 00:00:00  -  Run Local Usage
		Usr 0 01:04:13, Sys 0 00:00:04  -  Total Remote Usage
		Usr 0 00:00:00, Sys 0 00:00:00  -  Total Local Usage
	8153  -  Run Bytes Sent By Job
	10428  -  Run Bytes Received By Job
	8153  -  Total Bytes Sent By Job
	10428  -  Total Bytes Received By Job
	Partitionable Resources :    Usage  Request Allocated 
	   Cpus                 :     0.98        1         1 
	   Disk (KB)            :    43          12      3722 
	   GPUs                 :                           0 
	   Memory (MB)          :   149        3000      3000 

	Job terminated of its own accord at 2025-02-17T01:10:36Z with exit-code 0.
...
