000 (16626177.489.000) 02/17 00:58:08 Job submitted from host: <188.185.72.155:9618?addrs=188.185.72.155-9618+[2001-1458-d00-8--100-95]-9618&alias=bigbird08.cern.ch&noUDP&sock=schedd_862983_22fa>
...
040 (16626177.489.000) 02/17 01:07:40 Started transferring input files
	Transferring to host: <188.185.214.31:9618?addrs=188.185.214.31-9618+[2001-1458-303-1c--100-1b]-9618&alias=b9p29p8354.cern.ch&noUDP&sock=slot1_19_3994_e25b_149209>
...
040 (16626177.489.000) 02/17 01:07:40 Finished transferring input files
...
001 (16626177.489.000) 02/17 01:07:41 Job executing on host: <188.185.214.31:9618?addrs=188.185.214.31-9618+[2001-1458-303-1c--100-1b]-9618&alias=b9p29p8354.cern.ch&noUDP&sock=startd_3238_93c0>
	SlotName: slot1_19@b9p29p8354.cern.ch
	CondorScratchDir = "/pool/condor/dir_2415019"
	Cpus = 1
	Disk = 3777
	GPUs = 0
	Memory = 3000
...
006 (16626177.489.000) 02/17 01:07:49 Image size of job updated: 99300
	97  -  MemoryUsage of job (MB)
	99300  -  ResidentSetSize of job (KB)
...
006 (16626177.489.000) 02/17 01:12:50 Image size of job updated: 136704
	134  -  MemoryUsage of job (MB)
	136704  -  ResidentSetSize of job (KB)
...
006 (16626177.489.000) 02/17 01:17:51 Image size of job updated: 141592
	139  -  MemoryUsage of job (MB)
	141592  -  ResidentSetSize of job (KB)
...
006 (16626177.489.000) 02/17 01:22:52 Image size of job updated: 142716
	140  -  MemoryUsage of job (MB)
	142716  -  ResidentSetSize of job (KB)
...
006 (16626177.489.000) 02/17 01:27:52 Image size of job updated: 146008
	143  -  MemoryUsage of job (MB)
	146008  -  ResidentSetSize of job (KB)
...
006 (16626177.489.000) 02/17 01:32:53 Image size of job updated: 147100
	144  -  MemoryUsage of job (MB)
	147100  -  ResidentSetSize of job (KB)
...
006 (16626177.489.000) 02/17 01:37:54 Image size of job updated: 154896
	152  -  MemoryUsage of job (MB)
	154896  -  ResidentSetSize of job (KB)
...
040 (16626177.489.000) 02/17 01:38:51 Started transferring output files
...
040 (16626177.489.000) 02/17 01:38:51 Finished transferring output files
...
005 (16626177.489.000) 02/17 01:38:51 Job terminated.
	(1) Normal termination (return value 0)
		Usr 0 00:30:50, Sys 0 00:00:01  -  Run Remote Usage
		Usr 0 00:00:00, Sys 0 00:00:00  -  Run Local Usage
		Usr 0 00:30:50, Sys 0 00:00:01  -  Total Remote Usage
		Usr 0 00:00:00, Sys 0 00:00:00  -  Total Local Usage
	8155  -  Run Bytes Sent By Job
	10428  -  Run Bytes Received By Job
	8155  -  Total Bytes Sent By Job
	10428  -  Total Bytes Received By Job
	Partitionable Resources :    Usage  Request Allocated 
	   Cpus                 :     0.99        1         1 
	   Disk (KB)            :    43          12      3777 
	   GPUs                 :                           0 
	   Memory (MB)          :   152        3000      3000 

	Job terminated of its own accord at 2025-02-17T00:38:51Z with exit-code 0.
...
