000 (16626177.237.000) 02/17 00:58:07 Job submitted from host: <188.185.72.155:9618?addrs=188.185.72.155-9618+[2001-1458-d00-8--100-95]-9618&alias=bigbird08.cern.ch&noUDP&sock=schedd_862983_22fa>
...
040 (16626177.237.000) 02/17 01:00:44 Started transferring input files
	Transferring to host: <188.185.196.119:9618?addrs=188.185.196.119-9618+[2001-1458-303-23--100-73]-9618&alias=b9p16p9531.cern.ch&noUDP&sock=slot1_39_419712_d2a5_5462>
...
040 (16626177.237.000) 02/17 01:00:44 Finished transferring input files
...
001 (16626177.237.000) 02/17 01:00:45 Job executing on host: <188.185.196.119:9618?addrs=188.185.196.119-9618+[2001-1458-303-23--100-73]-9618&alias=b9p16p9531.cern.ch&noUDP&sock=startd_4441_bc2e>
	SlotName: slot1_39@b9p16p9531.cern.ch
	CondorScratchDir = "/pool/condor/dir_314034"
	Cpus = 1
	Disk = 3901
	GPUs = 0
	Memory = 3000
...
006 (16626177.237.000) 02/17 01:00:53 Image size of job updated: 72260
	71  -  MemoryUsage of job (MB)
	72260  -  ResidentSetSize of job (KB)
...
006 (16626177.237.000) 02/17 01:05:53 Image size of job updated: 138236
	135  -  MemoryUsage of job (MB)
	138236  -  ResidentSetSize of job (KB)
...
006 (16626177.237.000) 02/17 01:10:54 Image size of job updated: 141836
	139  -  MemoryUsage of job (MB)
	141836  -  ResidentSetSize of job (KB)
...
006 (16626177.237.000) 02/17 01:15:55 Image size of job updated: 143296
	140  -  MemoryUsage of job (MB)
	143296  -  ResidentSetSize of job (KB)
...
006 (16626177.237.000) 02/17 01:20:55 Image size of job updated: 146076
	143  -  MemoryUsage of job (MB)
	146076  -  ResidentSetSize of job (KB)
...
006 (16626177.237.000) 02/17 01:25:55 Image size of job updated: 148300
	145  -  MemoryUsage of job (MB)
	148300  -  ResidentSetSize of job (KB)
...
006 (16626177.237.000) 02/17 01:30:56 Image size of job updated: 148756
	146  -  MemoryUsage of job (MB)
	148756  -  ResidentSetSize of job (KB)
...
006 (16626177.237.000) 02/17 01:35:56 Image size of job updated: 152624
	150  -  MemoryUsage of job (MB)
	152624  -  ResidentSetSize of job (KB)
...
040 (16626177.237.000) 02/17 01:41:01 Started transferring output files
...
040 (16626177.237.000) 02/17 01:41:01 Finished transferring output files
...
005 (16626177.237.000) 02/17 01:41:01 Job terminated.
	(1) Normal termination (return value 0)
		Usr 0 00:39:57, Sys 0 00:00:01  -  Run Remote Usage
		Usr 0 00:00:00, Sys 0 00:00:00  -  Run Local Usage
		Usr 0 00:39:57, Sys 0 00:00:01  -  Total Remote Usage
		Usr 0 00:00:00, Sys 0 00:00:00  -  Total Local Usage
	8155  -  Run Bytes Sent By Job
	10428  -  Run Bytes Received By Job
	8155  -  Total Bytes Sent By Job
	10428  -  Total Bytes Received By Job
	Partitionable Resources :    Usage  Request Allocated 
	   Cpus                 :     0.99        1         1 
	   Disk (KB)            :    43          12      3901 
	   GPUs                 :                           0 
	   Memory (MB)          :   150        3000      3000 

	Job terminated of its own accord at 2025-02-17T00:41:01Z with exit-code 0.
...
