000 (16626177.498.000) 02/17 00:58:08 Job submitted from host: <188.185.72.155:9618?addrs=188.185.72.155-9618+[2001-1458-d00-8--100-95]-9618&alias=bigbird08.cern.ch&noUDP&sock=schedd_862983_22fa>
...
040 (16626177.498.000) 02/17 01:07:44 Started transferring input files
	Transferring to host: <188.185.195.130:9618?addrs=188.185.195.130-9618+[2001-1458-303-22--100-7e]-9618&alias=b9p17p4657.cern.ch&noUDP&sock=slot1_27_3776970_cbae_10546>
...
040 (16626177.498.000) 02/17 01:07:44 Finished transferring input files
...
001 (16626177.498.000) 02/17 01:07:45 Job executing on host: <188.185.195.130:9618?addrs=188.185.195.130-9618+[2001-1458-303-22--100-7e]-9618&alias=b9p17p4657.cern.ch&noUDP&sock=startd_10915_5c50>
	SlotName: slot1_27@b9p17p4657.cern.ch
	CondorScratchDir = "/pool/condor/dir_349160"
	Cpus = 1
	Disk = 3926
	GPUs = 0
	Memory = 3000
...
006 (16626177.498.000) 02/17 01:07:53 Image size of job updated: 101132
	99  -  MemoryUsage of job (MB)
	101132  -  ResidentSetSize of job (KB)
...
006 (16626177.498.000) 02/17 01:12:53 Image size of job updated: 138716
	136  -  MemoryUsage of job (MB)
	138716  -  ResidentSetSize of job (KB)
...
006 (16626177.498.000) 02/17 01:17:54 Image size of job updated: 142772
	140  -  MemoryUsage of job (MB)
	142772  -  ResidentSetSize of job (KB)
...
006 (16626177.498.000) 02/17 01:22:55 Image size of job updated: 143456
	141  -  MemoryUsage of job (MB)
	143456  -  ResidentSetSize of job (KB)
...
006 (16626177.498.000) 02/17 01:27:55 Image size of job updated: 144860
	142  -  MemoryUsage of job (MB)
	144860  -  ResidentSetSize of job (KB)
...
006 (16626177.498.000) 02/17 01:42:57 Image size of job updated: 150928
	148  -  MemoryUsage of job (MB)
	150928  -  ResidentSetSize of job (KB)
...
006 (16626177.498.000) 02/17 01:47:57 Image size of job updated: 151684
	149  -  MemoryUsage of job (MB)
	151684  -  ResidentSetSize of job (KB)
...
006 (16626177.498.000) 02/17 01:52:58 Image size of job updated: 155748
	153  -  MemoryUsage of job (MB)
	155748  -  ResidentSetSize of job (KB)
...
040 (16626177.498.000) 02/17 02:01:39 Started transferring output files
...
040 (16626177.498.000) 02/17 02:01:39 Finished transferring output files
...
005 (16626177.498.000) 02/17 02:01:39 Job terminated.
	(1) Normal termination (return value 0)
		Usr 0 00:53:10, Sys 0 00:00:02  -  Run Remote Usage
		Usr 0 00:00:00, Sys 0 00:00:00  -  Run Local Usage
		Usr 0 00:53:10, Sys 0 00:00:02  -  Total Remote Usage
		Usr 0 00:00:00, Sys 0 00:00:00  -  Total Local Usage
	8155  -  Run Bytes Sent By Job
	10428  -  Run Bytes Received By Job
	8155  -  Total Bytes Sent By Job
	10428  -  Total Bytes Received By Job
	Partitionable Resources :    Usage  Request Allocated 
	   Cpus                 :     0.99        1         1 
	   Disk (KB)            :    43          12      3926 
	   GPUs                 :                           0 
	   Memory (MB)          :   153        3000      3000 

	Job terminated of its own accord at 2025-02-17T01:01:39Z with exit-code 0.
...
