000 (16626177.448.000) 02/17 00:58:08 Job submitted from host: <188.185.72.155:9618?addrs=188.185.72.155-9618+[2001-1458-d00-8--100-95]-9618&alias=bigbird08.cern.ch&noUDP&sock=schedd_862983_22fa>
...
040 (16626177.448.000) 02/17 01:07:28 Started transferring input files
	Transferring to host: <188.185.195.117:9618?addrs=188.185.195.117-9618+[2001-1458-303-22--100-71]-9618&alias=b9p17p3627.cern.ch&noUDP&sock=slot1_28_588628_6cf9_75293>
...
040 (16626177.448.000) 02/17 01:07:28 Finished transferring input files
...
001 (16626177.448.000) 02/17 01:07:29 Job executing on host: <188.185.195.117:9618?addrs=188.185.195.117-9618+[2001-1458-303-22--100-71]-9618&alias=b9p17p3627.cern.ch&noUDP&sock=startd_8726_e380>
	SlotName: slot1_28@b9p17p3627.cern.ch
	CondorScratchDir = "/pool/condor/dir_642087"
	Cpus = 1
	Disk = 3773
	GPUs = 0
	Memory = 3000
...
006 (16626177.448.000) 02/17 01:07:37 Image size of job updated: 110116
	108  -  MemoryUsage of job (MB)
	110116  -  ResidentSetSize of job (KB)
...
006 (16626177.448.000) 02/17 01:12:37 Image size of job updated: 140612
	138  -  MemoryUsage of job (MB)
	140612  -  ResidentSetSize of job (KB)
...
006 (16626177.448.000) 02/17 01:17:38 Image size of job updated: 177060
	173  -  MemoryUsage of job (MB)
	177060  -  ResidentSetSize of job (KB)
...
006 (16626177.448.000) 02/17 01:22:38 Image size of job updated: 181204
	177  -  MemoryUsage of job (MB)
	181204  -  ResidentSetSize of job (KB)
...
040 (16626177.448.000) 02/17 01:24:34 Started transferring output files
...
040 (16626177.448.000) 02/17 01:24:34 Finished transferring output files
...
005 (16626177.448.000) 02/17 01:24:34 Job terminated.
	(1) Normal termination (return value 0)
		Usr 0 00:16:46, Sys 0 00:00:01  -  Run Remote Usage
		Usr 0 00:00:00, Sys 0 00:00:00  -  Run Local Usage
		Usr 0 00:16:46, Sys 0 00:00:01  -  Total Remote Usage
		Usr 0 00:00:00, Sys 0 00:00:00  -  Total Local Usage
	8008  -  Run Bytes Sent By Job
	10428  -  Run Bytes Received By Job
	8008  -  Total Bytes Sent By Job
	10428  -  Total Bytes Received By Job
	Partitionable Resources :    Usage  Request Allocated 
	   Cpus                 :     0.99        1         1 
	   Disk (KB)            :    43          12      3773 
	   GPUs                 :                           0 
	   Memory (MB)          :   177        3000      3000 

	Job terminated of its own accord at 2025-02-17T00:24:34Z with exit-code 0.
...
