000 (16626177.006.000) 02/17 00:58:07 Job submitted from host: <188.185.72.155:9618?addrs=188.185.72.155-9618+[2001-1458-d00-8--100-95]-9618&alias=bigbird08.cern.ch&noUDP&sock=schedd_862983_22fa>
...
040 (16626177.006.000) 02/17 00:58:14 Started transferring input files
	Transferring to host: <188.185.192.133:9618?addrs=188.185.192.133-9618+[2001-1458-303-1f--100-81]-9618&alias=b9p13p9377.cern.ch&noUDP&sock=slot1_23_309879_89d2_6898>
...
040 (16626177.006.000) 02/17 00:58:14 Finished transferring input files
...
001 (16626177.006.000) 02/17 00:58:15 Job executing on host: <188.185.192.133:9618?addrs=188.185.192.133-9618+[2001-1458-303-1f--100-81]-9618&alias=b9p13p9377.cern.ch&noUDP&sock=startd_6172_0e9e>
	SlotName: slot1_23@b9p13p9377.cern.ch
	CondorScratchDir = "/pool/condor/dir_1654403"
	Cpus = 1
	Disk = 3755
	GPUs = 0
	Memory = 3000
...
006 (16626177.006.000) 02/17 00:58:24 Image size of job updated: 1880
	2  -  MemoryUsage of job (MB)
	1880  -  ResidentSetSize of job (KB)
...
006 (16626177.006.000) 02/17 01:03:25 Image size of job updated: 448588
	439  -  MemoryUsage of job (MB)
	448588  -  ResidentSetSize of job (KB)
...
006 (16626177.006.000) 02/17 01:08:26 Image size of job updated: 449332
	439  -  MemoryUsage of job (MB)
	449332  -  ResidentSetSize of job (KB)
...
006 (16626177.006.000) 02/17 01:13:26 Image size of job updated: 453940
	444  -  MemoryUsage of job (MB)
	453940  -  ResidentSetSize of job (KB)
...
006 (16626177.006.000) 02/17 01:18:27 Image size of job updated: 454204
	444  -  MemoryUsage of job (MB)
	454204  -  ResidentSetSize of job (KB)
...
006 (16626177.006.000) 02/17 01:23:28 Image size of job updated: 456028
	446  -  MemoryUsage of job (MB)
	456028  -  ResidentSetSize of job (KB)
...
006 (16626177.006.000) 02/17 01:28:28 Image size of job updated: 460972
	451  -  MemoryUsage of job (MB)
	460972  -  ResidentSetSize of job (KB)
...
006 (16626177.006.000) 02/17 01:33:28 Image size of job updated: 461296
	451  -  MemoryUsage of job (MB)
	461296  -  ResidentSetSize of job (KB)
...
006 (16626177.006.000) 02/17 01:38:29 Image size of job updated: 461552
	451  -  MemoryUsage of job (MB)
	461552  -  ResidentSetSize of job (KB)
...
040 (16626177.006.000) 02/17 01:52:18 Started transferring output files
...
040 (16626177.006.000) 02/17 01:52:18 Finished transferring output files
...
005 (16626177.006.000) 02/17 01:52:18 Job terminated.
	(1) Normal termination (return value 0)
		Usr 0 00:52:56, Sys 0 00:00:02  -  Run Remote Usage
		Usr 0 00:00:00, Sys 0 00:00:00  -  Run Local Usage
		Usr 0 00:52:56, Sys 0 00:00:02  -  Total Remote Usage
		Usr 0 00:00:00, Sys 0 00:00:00  -  Total Local Usage
	8147  -  Run Bytes Sent By Job
	10428  -  Run Bytes Received By Job
	8147  -  Total Bytes Sent By Job
	10428  -  Total Bytes Received By Job
	Partitionable Resources :    Usage  Request Allocated 
	   Cpus                 :     0.99        1         1 
	   Disk (KB)            :    44          12      3755 
	   GPUs                 :                           0 
	   Memory (MB)          :   451        3000      3000 

	Job terminated of its own accord at 2025-02-17T00:52:18Z with exit-code 0.
...
