000 (16626177.326.000) 02/17 00:58:07 Job submitted from host: <188.185.72.155:9618?addrs=188.185.72.155-9618+[2001-1458-d00-8--100-95]-9618&alias=bigbird08.cern.ch&noUDP&sock=schedd_862983_22fa>
...
040 (16626177.326.000) 02/17 01:04:30 Started transferring input files
	Transferring to host: <128.142.132.103:9618?addrs=128.142.132.103-9618+[2001-1458-301-5a--100-5b]-9618&alias=b9g12p0948.cern.ch&noUDP&sock=slot1_10_2408033_d6db_85424>
...
040 (16626177.326.000) 02/17 01:04:30 Finished transferring input files
...
001 (16626177.326.000) 02/17 01:04:31 Job executing on host: <128.142.132.103:9618?addrs=128.142.132.103-9618+[2001-1458-301-5a--100-5b]-9618&alias=b9g12p0948.cern.ch&noUDP&sock=startd_2416_c0e6>
	SlotName: slot1_10@b9g12p0948.cern.ch
	CondorScratchDir = "/pool/condor/dir_1690140"
	Cpus = 1
	Disk = 2702
	GPUs = 0
	Memory = 3000
...
006 (16626177.326.000) 02/17 01:04:40 Image size of job updated: 81560
	80  -  MemoryUsage of job (MB)
	81560  -  ResidentSetSize of job (KB)
...
006 (16626177.326.000) 02/17 01:09:41 Image size of job updated: 101112
	99  -  MemoryUsage of job (MB)
	101112  -  ResidentSetSize of job (KB)
...
006 (16626177.326.000) 02/17 01:14:41 Image size of job updated: 138168
	135  -  MemoryUsage of job (MB)
	138168  -  ResidentSetSize of job (KB)
...
006 (16626177.326.000) 02/17 01:19:41 Image size of job updated: 143512
	141  -  MemoryUsage of job (MB)
	143512  -  ResidentSetSize of job (KB)
...
006 (16626177.326.000) 02/17 01:24:42 Image size of job updated: 144468
	142  -  MemoryUsage of job (MB)
	144468  -  ResidentSetSize of job (KB)
...
006 (16626177.326.000) 02/17 01:29:43 Image size of job updated: 145632
	143  -  MemoryUsage of job (MB)
	145632  -  ResidentSetSize of job (KB)
...
006 (16626177.326.000) 02/17 01:44:44 Image size of job updated: 151132
	148  -  MemoryUsage of job (MB)
	151132  -  ResidentSetSize of job (KB)
...
006 (16626177.326.000) 02/17 01:49:45 Image size of job updated: 151832
	149  -  MemoryUsage of job (MB)
	151832  -  ResidentSetSize of job (KB)
...
006 (16626177.326.000) 02/17 01:54:45 Image size of job updated: 155204
	152  -  MemoryUsage of job (MB)
	155204  -  ResidentSetSize of job (KB)
...
006 (16626177.326.000) 02/17 01:59:46 Image size of job updated: 159072
	156  -  MemoryUsage of job (MB)
	159072  -  ResidentSetSize of job (KB)
...
006 (16626177.326.000) 02/17 02:04:47 Image size of job updated: 159096
	156  -  MemoryUsage of job (MB)
	159096  -  ResidentSetSize of job (KB)
...
040 (16626177.326.000) 02/17 02:06:30 Started transferring output files
...
040 (16626177.326.000) 02/17 02:06:30 Finished transferring output files
...
005 (16626177.326.000) 02/17 02:06:30 Job terminated.
	(1) Normal termination (return value 0)
		Usr 0 01:01:20, Sys 0 00:00:03  -  Run Remote Usage
		Usr 0 00:00:00, Sys 0 00:00:00  -  Run Local Usage
		Usr 0 01:01:20, Sys 0 00:00:03  -  Total Remote Usage
		Usr 0 00:00:00, Sys 0 00:00:00  -  Total Local Usage
	8155  -  Run Bytes Sent By Job
	10428  -  Run Bytes Received By Job
	8155  -  Total Bytes Sent By Job
	10428  -  Total Bytes Received By Job
	Partitionable Resources :    Usage  Request Allocated 
	   Cpus                 :     0.99        1         1 
	   Disk (KB)            :    43          12      2702 
	   GPUs                 :                           0 
	   Memory (MB)          :   156        3000      3000 

	Job terminated of its own accord at 2025-02-17T01:06:30Z with exit-code 0.
...
