000 (16626177.158.000) 02/17 00:58:07 Job submitted from host: <188.185.72.155:9618?addrs=188.185.72.155-9618+[2001-1458-d00-8--100-95]-9618&alias=bigbird08.cern.ch&noUDP&sock=schedd_862983_22fa>
...
040 (16626177.158.000) 02/17 00:59:04 Started transferring input files
	Transferring to host: <128.142.196.44:9618?addrs=128.142.196.44-9618+[2001-1458-301-3c--100-2a]-9618&alias=b9g32p0061.cern.ch&noUDP&sock=slot1_53_2212181_633f_81974>
...
040 (16626177.158.000) 02/17 00:59:04 Finished transferring input files
...
001 (16626177.158.000) 02/17 00:59:05 Job executing on host: <128.142.196.44:9618?addrs=128.142.196.44-9618+[2001-1458-301-3c--100-2a]-9618&alias=b9g32p0061.cern.ch&noUDP&sock=startd_2634_488c>
	SlotName: slot1_53@b9g32p0061.cern.ch
	CondorScratchDir = "/pool/condor/dir_1258711"
	Cpus = 1
	Disk = 3727
	GPUs = 0
	Memory = 3000
...
006 (16626177.158.000) 02/17 00:59:14 Image size of job updated: 99456
	98  -  MemoryUsage of job (MB)
	99456  -  ResidentSetSize of job (KB)
...
006 (16626177.158.000) 02/17 01:04:15 Image size of job updated: 136524
	134  -  MemoryUsage of job (MB)
	136524  -  ResidentSetSize of job (KB)
...
006 (16626177.158.000) 02/17 01:09:16 Image size of job updated: 140128
	137  -  MemoryUsage of job (MB)
	140128  -  ResidentSetSize of job (KB)
...
006 (16626177.158.000) 02/17 01:14:16 Image size of job updated: 141296
	138  -  MemoryUsage of job (MB)
	141296  -  ResidentSetSize of job (KB)
...
006 (16626177.158.000) 02/17 01:19:17 Image size of job updated: 141644
	139  -  MemoryUsage of job (MB)
	141644  -  ResidentSetSize of job (KB)
...
006 (16626177.158.000) 02/17 01:29:18 Image size of job updated: 151212
	148  -  MemoryUsage of job (MB)
	151212  -  ResidentSetSize of job (KB)
...
006 (16626177.158.000) 02/17 01:34:18 Image size of job updated: 151596
	149  -  MemoryUsage of job (MB)
	151596  -  ResidentSetSize of job (KB)
...
006 (16626177.158.000) 02/17 01:39:19 Image size of job updated: 155504
	152  -  MemoryUsage of job (MB)
	155504  -  ResidentSetSize of job (KB)
...
040 (16626177.158.000) 02/17 01:43:19 Started transferring output files
...
040 (16626177.158.000) 02/17 01:43:19 Finished transferring output files
...
005 (16626177.158.000) 02/17 01:43:19 Job terminated.
	(1) Normal termination (return value 0)
		Usr 0 00:43:22, Sys 0 00:00:03  -  Run Remote Usage
		Usr 0 00:00:00, Sys 0 00:00:00  -  Run Local Usage
		Usr 0 00:43:22, Sys 0 00:00:03  -  Total Remote Usage
		Usr 0 00:00:00, Sys 0 00:00:00  -  Total Local Usage
	8155  -  Run Bytes Sent By Job
	10428  -  Run Bytes Received By Job
	8155  -  Total Bytes Sent By Job
	10428  -  Total Bytes Received By Job
	Partitionable Resources :    Usage  Request Allocated 
	   Cpus                 :     0.93        1         1 
	   Disk (KB)            :    43          12      3727 
	   GPUs                 :                           0 
	   Memory (MB)          :   152        3000      3000 

	Job terminated of its own accord at 2025-02-17T00:43:19Z with exit-code 0.
...
