000 (16626177.410.000) 02/17 00:58:07 Job submitted from host: <188.185.72.155:9618?addrs=188.185.72.155-9618+[2001-1458-d00-8--100-95]-9618&alias=bigbird08.cern.ch&noUDP&sock=schedd_862983_22fa>
...
040 (16626177.410.000) 02/17 01:05:00 Started transferring input files
	Transferring to host: <188.185.195.149:9618?addrs=188.185.195.149-9618+[2001-1458-303-22--100-91]-9618&alias=b9p17p9437.cern.ch&noUDP&sock=slot1_35_250988_8057_73716>
...
040 (16626177.410.000) 02/17 01:05:00 Finished transferring input files
...
001 (16626177.410.000) 02/17 01:05:01 Job executing on host: <188.185.195.149:9618?addrs=188.185.195.149-9618+[2001-1458-303-22--100-91]-9618&alias=b9p17p9437.cern.ch&noUDP&sock=startd_4837_5baf>
	SlotName: slot1_35@b9p17p9437.cern.ch
	CondorScratchDir = "/pool/condor/dir_152082"
	Cpus = 1
	Disk = 3876
	GPUs = 0
	Memory = 3000
...
006 (16626177.410.000) 02/17 01:05:10 Image size of job updated: 69952
	69  -  MemoryUsage of job (MB)
	69952  -  ResidentSetSize of job (KB)
...
006 (16626177.410.000) 02/17 01:10:11 Image size of job updated: 102344
	100  -  MemoryUsage of job (MB)
	102344  -  ResidentSetSize of job (KB)
...
006 (16626177.410.000) 02/17 01:15:12 Image size of job updated: 139644
	137  -  MemoryUsage of job (MB)
	139644  -  ResidentSetSize of job (KB)
...
006 (16626177.410.000) 02/17 01:20:12 Image size of job updated: 142748
	140  -  MemoryUsage of job (MB)
	142748  -  ResidentSetSize of job (KB)
...
006 (16626177.410.000) 02/17 01:25:13 Image size of job updated: 143568
	141  -  MemoryUsage of job (MB)
	143568  -  ResidentSetSize of job (KB)
...
006 (16626177.410.000) 02/17 01:30:14 Image size of job updated: 144412
	142  -  MemoryUsage of job (MB)
	144412  -  ResidentSetSize of job (KB)
...
006 (16626177.410.000) 02/17 01:35:14 Image size of job updated: 145184
	142  -  MemoryUsage of job (MB)
	145184  -  ResidentSetSize of job (KB)
...
006 (16626177.410.000) 02/17 01:40:14 Image size of job updated: 145500
	143  -  MemoryUsage of job (MB)
	145500  -  ResidentSetSize of job (KB)
...
006 (16626177.410.000) 02/17 01:50:15 Image size of job updated: 149296
	146  -  MemoryUsage of job (MB)
	149296  -  ResidentSetSize of job (KB)
...
006 (16626177.410.000) 02/17 02:00:16 Image size of job updated: 149408
	146  -  MemoryUsage of job (MB)
	149408  -  ResidentSetSize of job (KB)
...
006 (16626177.410.000) 02/17 02:05:16 Image size of job updated: 152664
	150  -  MemoryUsage of job (MB)
	152664  -  ResidentSetSize of job (KB)
...
006 (16626177.410.000) 02/17 02:10:16 Image size of job updated: 153332
	150  -  MemoryUsage of job (MB)
	153332  -  ResidentSetSize of job (KB)
...
040 (16626177.410.000) 02/17 02:16:22 Started transferring output files
...
040 (16626177.410.000) 02/17 02:16:22 Finished transferring output files
...
005 (16626177.410.000) 02/17 02:16:22 Job terminated.
	(1) Normal termination (return value 0)
		Usr 0 01:07:53, Sys 0 00:00:04  -  Run Remote Usage
		Usr 0 00:00:00, Sys 0 00:00:00  -  Run Local Usage
		Usr 0 01:07:53, Sys 0 00:00:04  -  Total Remote Usage
		Usr 0 00:00:00, Sys 0 00:00:00  -  Total Local Usage
	8155  -  Run Bytes Sent By Job
	10428  -  Run Bytes Received By Job
	8155  -  Total Bytes Sent By Job
	10428  -  Total Bytes Received By Job
	Partitionable Resources :    Usage  Request Allocated 
	   Cpus                 :     0.98        1         1 
	   Disk (KB)            :    43          12      3876 
	   GPUs                 :                           0 
	   Memory (MB)          :   150        3000      3000 

	Job terminated of its own accord at 2025-02-17T01:16:22Z with exit-code 0.
...
