000 (16626177.271.000) 02/17 00:58:07 Job submitted from host: <188.185.72.155:9618?addrs=188.185.72.155-9618+[2001-1458-d00-8--100-95]-9618&alias=bigbird08.cern.ch&noUDP&sock=schedd_862983_22fa>
...
040 (16626177.271.000) 02/17 01:00:55 Started transferring input files
	Transferring to host: <188.185.207.180:9618?addrs=188.185.207.180-9618+[2001-1458-303-e--100-31]-9618&alias=b9p08p9471.cern.ch&noUDP&sock=slot1_45_7929_729c_128356>
...
040 (16626177.271.000) 02/17 01:00:55 Finished transferring input files
...
001 (16626177.271.000) 02/17 01:00:56 Job executing on host: <188.185.207.180:9618?addrs=188.185.207.180-9618+[2001-1458-303-e--100-31]-9618&alias=b9p08p9471.cern.ch&noUDP&sock=startd_7025_24e7>
	SlotName: slot1_45@b9p08p9471.cern.ch
	CondorScratchDir = "/pool/condor/dir_2908037"
	Cpus = 1
	Disk = 3671
	GPUs = 0
	Memory = 3000
...
006 (16626177.271.000) 02/17 01:01:05 Image size of job updated: 101460
	100  -  MemoryUsage of job (MB)
	101460  -  ResidentSetSize of job (KB)
...
006 (16626177.271.000) 02/17 01:06:06 Image size of job updated: 140528
	138  -  MemoryUsage of job (MB)
	140528  -  ResidentSetSize of job (KB)
...
006 (16626177.271.000) 02/17 01:11:07 Image size of job updated: 143792
	141  -  MemoryUsage of job (MB)
	143792  -  ResidentSetSize of job (KB)
...
006 (16626177.271.000) 02/17 01:16:07 Image size of job updated: 145336
	142  -  MemoryUsage of job (MB)
	145336  -  ResidentSetSize of job (KB)
...
006 (16626177.271.000) 02/17 01:26:09 Image size of job updated: 149948
	147  -  MemoryUsage of job (MB)
	149948  -  ResidentSetSize of job (KB)
...
006 (16626177.271.000) 02/17 01:31:09 Image size of job updated: 150744
	148  -  MemoryUsage of job (MB)
	150744  -  ResidentSetSize of job (KB)
...
006 (16626177.271.000) 02/17 01:36:09 Image size of job updated: 156492
	153  -  MemoryUsage of job (MB)
	156492  -  ResidentSetSize of job (KB)
...
040 (16626177.271.000) 02/17 01:40:15 Started transferring output files
...
040 (16626177.271.000) 02/17 01:40:15 Finished transferring output files
...
005 (16626177.271.000) 02/17 01:40:15 Job terminated.
	(1) Normal termination (return value 0)
		Usr 0 00:38:26, Sys 0 00:00:02  -  Run Remote Usage
		Usr 0 00:00:00, Sys 0 00:00:00  -  Run Local Usage
		Usr 0 00:38:26, Sys 0 00:00:02  -  Total Remote Usage
		Usr 0 00:00:00, Sys 0 00:00:00  -  Total Local Usage
	8155  -  Run Bytes Sent By Job
	10428  -  Run Bytes Received By Job
	8155  -  Total Bytes Sent By Job
	10428  -  Total Bytes Received By Job
	Partitionable Resources :    Usage  Request Allocated 
	   Cpus                 :     0.99        1         1 
	   Disk (KB)            :    48          12      3671 
	   GPUs                 :                           0 
	   Memory (MB)          :   153        3000      3000 

	Job terminated of its own accord at 2025-02-17T00:40:15Z with exit-code 0.
...
