000 (16626177.457.000) 02/17 00:58:08 Job submitted from host: <188.185.72.155:9618?addrs=188.185.72.155-9618+[2001-1458-d00-8--100-95]-9618&alias=bigbird08.cern.ch&noUDP&sock=schedd_862983_22fa>
...
040 (16626177.457.000) 02/17 01:07:29 Started transferring input files
	Transferring to host: <188.185.193.63:9618?addrs=188.185.193.63-9618+[2001-1458-303-20--100-3b]-9618&alias=b9p19p4126.cern.ch&noUDP&sock=slot1_26_556324_55d8_4963>
...
040 (16626177.457.000) 02/17 01:07:29 Finished transferring input files
...
001 (16626177.457.000) 02/17 01:07:30 Job executing on host: <188.185.193.63:9618?addrs=188.185.193.63-9618+[2001-1458-303-20--100-3b]-9618&alias=b9p19p4126.cern.ch&noUDP&sock=startd_7132_8989>
	SlotName: slot1_26@b9p19p4126.cern.ch
	CondorScratchDir = "/pool/condor/dir_805992"
	Cpus = 1
	Disk = 3812
	GPUs = 0
	Memory = 3000
...
006 (16626177.457.000) 02/17 01:07:38 Image size of job updated: 1868
	2  -  MemoryUsage of job (MB)
	1868  -  ResidentSetSize of job (KB)
...
006 (16626177.457.000) 02/17 01:12:38 Image size of job updated: 100512
	99  -  MemoryUsage of job (MB)
	100512  -  ResidentSetSize of job (KB)
...
006 (16626177.457.000) 02/17 01:17:39 Image size of job updated: 136028
	133  -  MemoryUsage of job (MB)
	136028  -  ResidentSetSize of job (KB)
...
006 (16626177.457.000) 02/17 01:22:39 Image size of job updated: 139560
	137  -  MemoryUsage of job (MB)
	139560  -  ResidentSetSize of job (KB)
...
006 (16626177.457.000) 02/17 01:27:39 Image size of job updated: 140684
	138  -  MemoryUsage of job (MB)
	140684  -  ResidentSetSize of job (KB)
...
006 (16626177.457.000) 02/17 01:42:41 Image size of job updated: 145232
	142  -  MemoryUsage of job (MB)
	145232  -  ResidentSetSize of job (KB)
...
006 (16626177.457.000) 02/17 01:47:41 Image size of job updated: 150308
	147  -  MemoryUsage of job (MB)
	150308  -  ResidentSetSize of job (KB)
...
006 (16626177.457.000) 02/17 01:52:42 Image size of job updated: 152292
	149  -  MemoryUsage of job (MB)
	152292  -  ResidentSetSize of job (KB)
...
040 (16626177.457.000) 02/17 01:54:27 Started transferring output files
...
040 (16626177.457.000) 02/17 01:54:27 Finished transferring output files
...
005 (16626177.457.000) 02/17 01:54:27 Job terminated.
	(1) Normal termination (return value 0)
		Usr 0 00:46:06, Sys 0 00:00:01  -  Run Remote Usage
		Usr 0 00:00:00, Sys 0 00:00:00  -  Run Local Usage
		Usr 0 00:46:06, Sys 0 00:00:01  -  Total Remote Usage
		Usr 0 00:00:00, Sys 0 00:00:00  -  Total Local Usage
	8155  -  Run Bytes Sent By Job
	10428  -  Run Bytes Received By Job
	8155  -  Total Bytes Sent By Job
	10428  -  Total Bytes Received By Job
	Partitionable Resources :    Usage  Request Allocated 
	   Cpus                 :     0.99        1         1 
	   Disk (KB)            :    44          12      3812 
	   GPUs                 :                           0 
	   Memory (MB)          :   149        3000      3000 

	Job terminated of its own accord at 2025-02-17T00:54:27Z with exit-code 0.
...
