000 (16626177.084.000) 02/17 00:58:07 Job submitted from host: <188.185.72.155:9618?addrs=188.185.72.155-9618+[2001-1458-d00-8--100-95]-9618&alias=bigbird08.cern.ch&noUDP&sock=schedd_862983_22fa>
...
040 (16626177.084.000) 02/17 00:58:39 Started transferring input files
	Transferring to host: <128.142.132.103:9618?addrs=128.142.132.103-9618+[2001-1458-301-5a--100-5b]-9618&alias=b9g12p0948.cern.ch&noUDP&sock=slot1_8_2408033_d6db_85418>
...
040 (16626177.084.000) 02/17 00:58:39 Finished transferring input files
...
001 (16626177.084.000) 02/17 00:58:40 Job executing on host: <128.142.132.103:9618?addrs=128.142.132.103-9618+[2001-1458-301-5a--100-5b]-9618&alias=b9g12p0948.cern.ch&noUDP&sock=startd_2416_c0e6>
	SlotName: slot1_8@b9g12p0948.cern.ch
	CondorScratchDir = "/pool/condor/dir_1679147"
	Cpus = 1
	Disk = 2702
	GPUs = 0
	Memory = 3000
...
006 (16626177.084.000) 02/17 00:58:48 Image size of job updated: 72072
	71  -  MemoryUsage of job (MB)
	72072  -  ResidentSetSize of job (KB)
...
006 (16626177.084.000) 02/17 01:03:48 Image size of job updated: 103492
	102  -  MemoryUsage of job (MB)
	103492  -  ResidentSetSize of job (KB)
...
006 (16626177.084.000) 02/17 01:08:49 Image size of job updated: 140908
	138  -  MemoryUsage of job (MB)
	140908  -  ResidentSetSize of job (KB)
...
006 (16626177.084.000) 02/17 01:13:50 Image size of job updated: 145320
	142  -  MemoryUsage of job (MB)
	145320  -  ResidentSetSize of job (KB)
...
006 (16626177.084.000) 02/17 01:23:51 Image size of job updated: 145880
	143  -  MemoryUsage of job (MB)
	145880  -  ResidentSetSize of job (KB)
...
006 (16626177.084.000) 02/17 01:28:52 Image size of job updated: 147340
	144  -  MemoryUsage of job (MB)
	147340  -  ResidentSetSize of job (KB)
...
006 (16626177.084.000) 02/17 01:33:52 Image size of job updated: 150712
	148  -  MemoryUsage of job (MB)
	150712  -  ResidentSetSize of job (KB)
...
006 (16626177.084.000) 02/17 01:43:53 Image size of job updated: 150720
	148  -  MemoryUsage of job (MB)
	150720  -  ResidentSetSize of job (KB)
...
006 (16626177.084.000) 02/17 01:48:54 Image size of job updated: 154324
	151  -  MemoryUsage of job (MB)
	154324  -  ResidentSetSize of job (KB)
...
006 (16626177.084.000) 02/17 01:53:54 Image size of job updated: 155008
	152  -  MemoryUsage of job (MB)
	155008  -  ResidentSetSize of job (KB)
...
006 (16626177.084.000) 02/17 01:58:55 Image size of job updated: 159392
	156  -  MemoryUsage of job (MB)
	159392  -  ResidentSetSize of job (KB)
...
040 (16626177.084.000) 02/17 02:00:37 Started transferring output files
...
040 (16626177.084.000) 02/17 02:00:37 Finished transferring output files
...
005 (16626177.084.000) 02/17 02:00:37 Job terminated.
	(1) Normal termination (return value 0)
		Usr 0 01:01:17, Sys 0 00:00:03  -  Run Remote Usage
		Usr 0 00:00:00, Sys 0 00:00:00  -  Run Local Usage
		Usr 0 01:01:17, Sys 0 00:00:03  -  Total Remote Usage
		Usr 0 00:00:00, Sys 0 00:00:00  -  Total Local Usage
	8152  -  Run Bytes Sent By Job
	10428  -  Run Bytes Received By Job
	8152  -  Total Bytes Sent By Job
	10428  -  Total Bytes Received By Job
	Partitionable Resources :    Usage  Request Allocated 
	   Cpus                 :     0.99        1         1 
	   Disk (KB)            :    43          12      2702 
	   GPUs                 :                           0 
	   Memory (MB)          :   156        3000      3000 

	Job terminated of its own accord at 2025-02-17T01:00:37Z with exit-code 0.
...
