000 (16626177.314.000) 02/17 00:58:07 Job submitted from host: <188.185.72.155:9618?addrs=188.185.72.155-9618+[2001-1458-d00-8--100-95]-9618&alias=bigbird08.cern.ch&noUDP&sock=schedd_862983_22fa>
...
040 (16626177.314.000) 02/17 01:04:27 Started transferring input files
	Transferring to host: <188.185.194.73:9618?addrs=188.185.194.73-9618+[2001-1458-303-21--100-45]-9618&alias=b9p20p4442.cern.ch&noUDP&sock=slot1_16_2627299_926f_1853>
...
040 (16626177.314.000) 02/17 01:04:27 Finished transferring input files
...
001 (16626177.314.000) 02/17 01:04:28 Job executing on host: <188.185.194.73:9618?addrs=188.185.194.73-9618+[2001-1458-303-21--100-45]-9618&alias=b9p20p4442.cern.ch&noUDP&sock=startd_4707_305f>
	SlotName: slot1_16@b9p20p4442.cern.ch
	CondorScratchDir = "/pool/condor/dir_2009511"
	Cpus = 1
	Disk = 3926
	GPUs = 0
	Memory = 3000
...
006 (16626177.314.000) 02/17 01:04:37 Image size of job updated: 101836
	100  -  MemoryUsage of job (MB)
	101836  -  ResidentSetSize of job (KB)
...
006 (16626177.314.000) 02/17 01:09:38 Image size of job updated: 103192
	101  -  MemoryUsage of job (MB)
	103192  -  ResidentSetSize of job (KB)
...
006 (16626177.314.000) 02/17 01:14:39 Image size of job updated: 140832
	138  -  MemoryUsage of job (MB)
	140832  -  ResidentSetSize of job (KB)
...
006 (16626177.314.000) 02/17 01:19:39 Image size of job updated: 143792
	141  -  MemoryUsage of job (MB)
	143792  -  ResidentSetSize of job (KB)
...
006 (16626177.314.000) 02/17 01:24:39 Image size of job updated: 144044
	141  -  MemoryUsage of job (MB)
	144044  -  ResidentSetSize of job (KB)
...
006 (16626177.314.000) 02/17 01:29:40 Image size of job updated: 145696
	143  -  MemoryUsage of job (MB)
	145696  -  ResidentSetSize of job (KB)
...
006 (16626177.314.000) 02/17 01:34:40 Image size of job updated: 148492
	146  -  MemoryUsage of job (MB)
	148492  -  ResidentSetSize of job (KB)
...
006 (16626177.314.000) 02/17 01:44:41 Image size of job updated: 148680
	146  -  MemoryUsage of job (MB)
	148680  -  ResidentSetSize of job (KB)
...
006 (16626177.314.000) 02/17 01:49:41 Image size of job updated: 149424
	146  -  MemoryUsage of job (MB)
	149424  -  ResidentSetSize of job (KB)
...
006 (16626177.314.000) 02/17 01:54:41 Image size of job updated: 150296
	147  -  MemoryUsage of job (MB)
	150296  -  ResidentSetSize of job (KB)
...
006 (16626177.314.000) 02/17 01:59:42 Image size of job updated: 151164
	148  -  MemoryUsage of job (MB)
	151164  -  ResidentSetSize of job (KB)
...
006 (16626177.314.000) 02/17 02:04:43 Image size of job updated: 151872
	149  -  MemoryUsage of job (MB)
	151872  -  ResidentSetSize of job (KB)
...
040 (16626177.314.000) 02/17 02:08:19 Started transferring output files
...
040 (16626177.314.000) 02/17 02:08:19 Finished transferring output files
...
005 (16626177.314.000) 02/17 02:08:19 Job terminated.
	(1) Normal termination (return value 0)
		Usr 0 01:02:51, Sys 0 00:00:03  -  Run Remote Usage
		Usr 0 00:00:00, Sys 0 00:00:00  -  Run Local Usage
		Usr 0 01:02:51, Sys 0 00:00:03  -  Total Remote Usage
		Usr 0 00:00:00, Sys 0 00:00:00  -  Total Local Usage
	8155  -  Run Bytes Sent By Job
	10428  -  Run Bytes Received By Job
	8155  -  Total Bytes Sent By Job
	10428  -  Total Bytes Received By Job
	Partitionable Resources :    Usage  Request Allocated 
	   Cpus                 :     0.99        1         1 
	   Disk (KB)            :    43          12      3926 
	   GPUs                 :                           0 
	   Memory (MB)          :   149        3000      3000 

	Job terminated of its own accord at 2025-02-17T01:08:19Z with exit-code 0.
...
