000 (16626177.147.000) 02/17 00:58:07 Job submitted from host: <188.185.72.155:9618?addrs=188.185.72.155-9618+[2001-1458-d00-8--100-95]-9618&alias=bigbird08.cern.ch&noUDP&sock=schedd_862983_22fa>
...
040 (16626177.147.000) 02/17 00:59:01 Started transferring input files
	Transferring to host: <128.142.196.44:9618?addrs=128.142.196.44-9618+[2001-1458-301-3c--100-2a]-9618&alias=b9g32p0061.cern.ch&noUDP&sock=slot1_16_2212181_633f_81966>
...
040 (16626177.147.000) 02/17 00:59:01 Finished transferring input files
...
001 (16626177.147.000) 02/17 00:59:02 Job executing on host: <128.142.196.44:9618?addrs=128.142.196.44-9618+[2001-1458-301-3c--100-2a]-9618&alias=b9g32p0061.cern.ch&noUDP&sock=startd_2634_488c>
	SlotName: slot1_16@b9g32p0061.cern.ch
	CondorScratchDir = "/pool/condor/dir_1257664"
	Cpus = 1
	Disk = 3727
	GPUs = 0
	Memory = 3000
...
006 (16626177.147.000) 02/17 00:59:11 Image size of job updated: 223108
	218  -  MemoryUsage of job (MB)
	223108  -  ResidentSetSize of job (KB)
...
006 (16626177.147.000) 02/17 01:04:12 Image size of job updated: 260316
	255  -  MemoryUsage of job (MB)
	260316  -  ResidentSetSize of job (KB)
...
006 (16626177.147.000) 02/17 01:09:12 Image size of job updated: 264880
	259  -  MemoryUsage of job (MB)
	264880  -  ResidentSetSize of job (KB)
...
006 (16626177.147.000) 02/17 01:14:13 Image size of job updated: 264988
	259  -  MemoryUsage of job (MB)
	264988  -  ResidentSetSize of job (KB)
...
006 (16626177.147.000) 02/17 01:19:14 Image size of job updated: 268212
	262  -  MemoryUsage of job (MB)
	268212  -  ResidentSetSize of job (KB)
...
006 (16626177.147.000) 02/17 01:29:14 Image size of job updated: 268272
	262  -  MemoryUsage of job (MB)
	268272  -  ResidentSetSize of job (KB)
...
006 (16626177.147.000) 02/17 01:34:15 Image size of job updated: 271800
	266  -  MemoryUsage of job (MB)
	271800  -  ResidentSetSize of job (KB)
...
040 (16626177.147.000) 02/17 01:42:34 Started transferring output files
...
040 (16626177.147.000) 02/17 01:42:34 Finished transferring output files
...
005 (16626177.147.000) 02/17 01:42:34 Job terminated.
	(1) Normal termination (return value 0)
		Usr 0 00:42:43, Sys 0 00:00:02  -  Run Remote Usage
		Usr 0 00:00:00, Sys 0 00:00:00  -  Run Local Usage
		Usr 0 00:42:43, Sys 0 00:00:02  -  Total Remote Usage
		Usr 0 00:00:00, Sys 0 00:00:00  -  Total Local Usage
	8155  -  Run Bytes Sent By Job
	10428  -  Run Bytes Received By Job
	8155  -  Total Bytes Sent By Job
	10428  -  Total Bytes Received By Job
	Partitionable Resources :    Usage  Request Allocated 
	   Cpus                 :     0.97        1         1 
	   Disk (KB)            :    44          12      3727 
	   GPUs                 :                           0 
	   Memory (MB)          :   266        3000      3000 

	Job terminated of its own accord at 2025-02-17T00:42:34Z with exit-code 0.
...
