000 (16626177.302.000) 02/17 00:58:07 Job submitted from host: <188.185.72.155:9618?addrs=188.185.72.155-9618+[2001-1458-d00-8--100-95]-9618&alias=bigbird08.cern.ch&noUDP&sock=schedd_862983_22fa>
...
040 (16626177.302.000) 02/17 01:04:23 Started transferring input files
	Transferring to host: <188.185.198.76:9618?addrs=188.185.198.76-9618+[2001-1458-303-25--100-48]-9618&alias=b9p15p5144.cern.ch&noUDP&sock=slot1_18_3828089_c16d_14374>
...
040 (16626177.302.000) 02/17 01:04:23 Finished transferring input files
...
001 (16626177.302.000) 02/17 01:04:24 Job executing on host: <188.185.198.76:9618?addrs=188.185.198.76-9618+[2001-1458-303-25--100-48]-9618&alias=b9p15p5144.cern.ch&noUDP&sock=startd_9398_d325>
	SlotName: slot1_18@b9p15p5144.cern.ch
	CondorScratchDir = "/pool/condor/dir_1044628"
	Cpus = 1
	Disk = 3745
	GPUs = 0
	Memory = 3000
...
006 (16626177.302.000) 02/17 01:04:32 Image size of job updated: 1888
	2  -  MemoryUsage of job (MB)
	1888  -  ResidentSetSize of job (KB)
...
006 (16626177.302.000) 02/17 01:09:32 Image size of job updated: 101032
	99  -  MemoryUsage of job (MB)
	101032  -  ResidentSetSize of job (KB)
...
006 (16626177.302.000) 02/17 01:14:33 Image size of job updated: 138828
	136  -  MemoryUsage of job (MB)
	138828  -  ResidentSetSize of job (KB)
...
006 (16626177.302.000) 02/17 01:19:33 Image size of job updated: 142924
	140  -  MemoryUsage of job (MB)
	142924  -  ResidentSetSize of job (KB)
...
006 (16626177.302.000) 02/17 01:24:33 Image size of job updated: 143104
	140  -  MemoryUsage of job (MB)
	143104  -  ResidentSetSize of job (KB)
...
006 (16626177.302.000) 02/17 01:29:34 Image size of job updated: 145904
	143  -  MemoryUsage of job (MB)
	145904  -  ResidentSetSize of job (KB)
...
006 (16626177.302.000) 02/17 01:39:35 Image size of job updated: 148384
	145  -  MemoryUsage of job (MB)
	148384  -  ResidentSetSize of job (KB)
...
006 (16626177.302.000) 02/17 01:44:36 Image size of job updated: 162716
	159  -  MemoryUsage of job (MB)
	162716  -  ResidentSetSize of job (KB)
...
006 (16626177.302.000) 02/17 01:49:37 Image size of job updated: 166660
	163  -  MemoryUsage of job (MB)
	166660  -  ResidentSetSize of job (KB)
...
006 (16626177.302.000) 02/17 01:54:37 Image size of job updated: 167368
	164  -  MemoryUsage of job (MB)
	167368  -  ResidentSetSize of job (KB)
...
006 (16626177.302.000) 02/17 01:59:38 Image size of job updated: 169452
	166  -  MemoryUsage of job (MB)
	169452  -  ResidentSetSize of job (KB)
...
040 (16626177.302.000) 02/17 02:00:33 Started transferring output files
...
040 (16626177.302.000) 02/17 02:00:33 Finished transferring output files
...
005 (16626177.302.000) 02/17 02:00:33 Job terminated.
	(1) Normal termination (return value 0)
		Usr 0 00:55:07, Sys 0 00:00:02  -  Run Remote Usage
		Usr 0 00:00:00, Sys 0 00:00:00  -  Run Local Usage
		Usr 0 00:55:07, Sys 0 00:00:02  -  Total Remote Usage
		Usr 0 00:00:00, Sys 0 00:00:00  -  Total Local Usage
	8155  -  Run Bytes Sent By Job
	10428  -  Run Bytes Received By Job
	8155  -  Total Bytes Sent By Job
	10428  -  Total Bytes Received By Job
	Partitionable Resources :    Usage  Request Allocated 
	   Cpus                 :     0.99        1         1 
	   Disk (KB)            :    43          12      3745 
	   GPUs                 :                           0 
	   Memory (MB)          :   166        3000      3000 

	Job terminated of its own accord at 2025-02-17T01:00:33Z with exit-code 0.
...
