000 (16626177.380.000) 02/17 00:58:07 Job submitted from host: <188.185.72.155:9618?addrs=188.185.72.155-9618+[2001-1458-d00-8--100-95]-9618&alias=bigbird08.cern.ch&noUDP&sock=schedd_862983_22fa>
...
040 (16626177.380.000) 02/17 01:04:50 Started transferring input files
	Transferring to host: <188.185.198.8:9618?addrs=188.185.198.8-9618+[2001-1458-303-25--100-4]-9618&alias=b9p15p0417.cern.ch&noUDP&sock=slot1_25_2435517_cdb9_3756>
...
040 (16626177.380.000) 02/17 01:04:50 Finished transferring input files
...
001 (16626177.380.000) 02/17 01:04:51 Job executing on host: <188.185.198.8:9618?addrs=188.185.198.8-9618+[2001-1458-303-25--100-4]-9618&alias=b9p15p0417.cern.ch&noUDP&sock=startd_9684_ff3b>
	SlotName: slot1_25@b9p15p0417.cern.ch
	CondorScratchDir = "/pool/condor/dir_877011"
	Cpus = 1
	Disk = 3722
	GPUs = 0
	Memory = 3000
...
006 (16626177.380.000) 02/17 01:04:59 Image size of job updated: 76484
	75  -  MemoryUsage of job (MB)
	76484  -  ResidentSetSize of job (KB)
...
006 (16626177.380.000) 02/17 01:09:59 Image size of job updated: 102180
	100  -  MemoryUsage of job (MB)
	102180  -  ResidentSetSize of job (KB)
...
006 (16626177.380.000) 02/17 01:15:00 Image size of job updated: 138040
	135  -  MemoryUsage of job (MB)
	138040  -  ResidentSetSize of job (KB)
...
006 (16626177.380.000) 02/17 01:20:01 Image size of job updated: 141976
	139  -  MemoryUsage of job (MB)
	141976  -  ResidentSetSize of job (KB)
...
006 (16626177.380.000) 02/17 01:25:01 Image size of job updated: 142336
	139  -  MemoryUsage of job (MB)
	142336  -  ResidentSetSize of job (KB)
...
006 (16626177.380.000) 02/17 01:30:02 Image size of job updated: 143292
	140  -  MemoryUsage of job (MB)
	143292  -  ResidentSetSize of job (KB)
...
006 (16626177.380.000) 02/17 01:35:03 Image size of job updated: 144608
	142  -  MemoryUsage of job (MB)
	144608  -  ResidentSetSize of job (KB)
...
006 (16626177.380.000) 02/17 01:45:03 Image size of job updated: 148280
	145  -  MemoryUsage of job (MB)
	148280  -  ResidentSetSize of job (KB)
...
006 (16626177.380.000) 02/17 01:50:04 Image size of job updated: 149000
	146  -  MemoryUsage of job (MB)
	149000  -  ResidentSetSize of job (KB)
...
006 (16626177.380.000) 02/17 01:55:04 Image size of job updated: 149692
	147  -  MemoryUsage of job (MB)
	149692  -  ResidentSetSize of job (KB)
...
006 (16626177.380.000) 02/17 02:00:04 Image size of job updated: 154560
	151  -  MemoryUsage of job (MB)
	154560  -  ResidentSetSize of job (KB)
...
040 (16626177.380.000) 02/17 02:09:17 Started transferring output files
...
040 (16626177.380.000) 02/17 02:09:17 Finished transferring output files
...
005 (16626177.380.000) 02/17 02:09:17 Job terminated.
	(1) Normal termination (return value 0)
		Usr 0 01:02:55, Sys 0 00:00:03  -  Run Remote Usage
		Usr 0 00:00:00, Sys 0 00:00:00  -  Run Local Usage
		Usr 0 01:02:55, Sys 0 00:00:03  -  Total Remote Usage
		Usr 0 00:00:00, Sys 0 00:00:00  -  Total Local Usage
	8155  -  Run Bytes Sent By Job
	10428  -  Run Bytes Received By Job
	8155  -  Total Bytes Sent By Job
	10428  -  Total Bytes Received By Job
	Partitionable Resources :    Usage  Request Allocated 
	   Cpus                 :     0.97        1         1 
	   Disk (KB)            :    43          12      3722 
	   GPUs                 :                           0 
	   Memory (MB)          :   151        3000      3000 

	Job terminated of its own accord at 2025-02-17T01:09:17Z with exit-code 0.
...
