000 (16626177.028.000) 02/17 00:58:07 Job submitted from host: <188.185.72.155:9618?addrs=188.185.72.155-9618+[2001-1458-d00-8--100-95]-9618&alias=bigbird08.cern.ch&noUDP&sock=schedd_862983_22fa>
...
040 (16626177.028.000) 02/17 00:58:21 Started transferring input files
	Transferring to host: <188.185.194.145:9618?addrs=188.185.194.145-9618+[2001-1458-303-21--100-8d]-9618&alias=b9p20p3441.cern.ch&noUDP&sock=slot1_30_3604731_d6b2_85870>
...
040 (16626177.028.000) 02/17 00:58:21 Finished transferring input files
...
001 (16626177.028.000) 02/17 00:58:22 Job executing on host: <188.185.194.145:9618?addrs=188.185.194.145-9618+[2001-1458-303-21--100-8d]-9618&alias=b9p20p3441.cern.ch&noUDP&sock=startd_4557_4d2b>
	SlotName: slot1_30@b9p20p3441.cern.ch
	CondorScratchDir = "/pool/condor/dir_595354"
	Cpus = 1
	Disk = 3794
	GPUs = 0
	Memory = 3000
...
006 (16626177.028.000) 02/17 00:58:30 Image size of job updated: 1880
	2  -  MemoryUsage of job (MB)
	1880  -  ResidentSetSize of job (KB)
...
006 (16626177.028.000) 02/17 01:03:30 Image size of job updated: 144028
	141  -  MemoryUsage of job (MB)
	144028  -  ResidentSetSize of job (KB)
...
006 (16626177.028.000) 02/17 01:08:31 Image size of job updated: 144884
	142  -  MemoryUsage of job (MB)
	144884  -  ResidentSetSize of job (KB)
...
006 (16626177.028.000) 02/17 01:13:32 Image size of job updated: 148212
	145  -  MemoryUsage of job (MB)
	148212  -  ResidentSetSize of job (KB)
...
006 (16626177.028.000) 02/17 01:18:32 Image size of job updated: 148820
	146  -  MemoryUsage of job (MB)
	148820  -  ResidentSetSize of job (KB)
...
006 (16626177.028.000) 02/17 01:23:33 Image size of job updated: 149624
	147  -  MemoryUsage of job (MB)
	149624  -  ResidentSetSize of job (KB)
...
006 (16626177.028.000) 02/17 01:28:34 Image size of job updated: 151844
	149  -  MemoryUsage of job (MB)
	151844  -  ResidentSetSize of job (KB)
...
006 (16626177.028.000) 02/17 01:38:35 Image size of job updated: 153360
	150  -  MemoryUsage of job (MB)
	153360  -  ResidentSetSize of job (KB)
...
006 (16626177.028.000) 02/17 01:43:36 Image size of job updated: 154436
	151  -  MemoryUsage of job (MB)
	154436  -  ResidentSetSize of job (KB)
...
006 (16626177.028.000) 02/17 01:48:36 Image size of job updated: 155508
	152  -  MemoryUsage of job (MB)
	155508  -  ResidentSetSize of job (KB)
...
006 (16626177.028.000) 02/17 01:53:36 Image size of job updated: 156368
	153  -  MemoryUsage of job (MB)
	156368  -  ResidentSetSize of job (KB)
...
006 (16626177.028.000) 02/17 01:58:37 Image size of job updated: 157168
	154  -  MemoryUsage of job (MB)
	157168  -  ResidentSetSize of job (KB)
...
006 (16626177.028.000) 02/17 02:03:37 Image size of job updated: 158552
	155  -  MemoryUsage of job (MB)
	158552  -  ResidentSetSize of job (KB)
...
040 (16626177.028.000) 02/17 02:06:48 Started transferring output files
...
040 (16626177.028.000) 02/17 02:06:48 Finished transferring output files
...
005 (16626177.028.000) 02/17 02:06:48 Job terminated.
	(1) Normal termination (return value 0)
		Usr 0 01:06:05, Sys 0 00:00:04  -  Run Remote Usage
		Usr 0 00:00:00, Sys 0 00:00:00  -  Run Local Usage
		Usr 0 01:06:05, Sys 0 00:00:04  -  Total Remote Usage
		Usr 0 00:00:00, Sys 0 00:00:00  -  Total Local Usage
	8150  -  Run Bytes Sent By Job
	10428  -  Run Bytes Received By Job
	8150  -  Total Bytes Sent By Job
	10428  -  Total Bytes Received By Job
	Partitionable Resources :    Usage  Request Allocated 
	   Cpus                 :     0.98        1         1 
	   Disk (KB)            :    43          12      3794 
	   GPUs                 :                           0 
	   Memory (MB)          :   155        3000      3000 

	Job terminated of its own accord at 2025-02-17T01:06:48Z with exit-code 0.
...
