000 (16626177.403.000) 02/17 00:58:07 Job submitted from host: <188.185.72.155:9618?addrs=188.185.72.155-9618+[2001-1458-d00-8--100-95]-9618&alias=bigbird08.cern.ch&noUDP&sock=schedd_862983_22fa>
...
040 (16626177.403.000) 02/17 01:04:57 Started transferring input files
	Transferring to host: <188.185.213.180:9618?addrs=188.185.213.180-9618+[2001-1458-303-1b--100-30]-9618&alias=b9p28p7628.cern.ch&noUDP&sock=slot1_22_3275115_8c57_94766>
...
040 (16626177.403.000) 02/17 01:04:57 Finished transferring input files
...
001 (16626177.403.000) 02/17 01:04:58 Job executing on host: <188.185.213.180:9618?addrs=188.185.213.180-9618+[2001-1458-303-1b--100-30]-9618&alias=b9p28p7628.cern.ch&noUDP&sock=startd_7151_91d6>
	SlotName: slot1_22@b9p28p7628.cern.ch
	CondorScratchDir = "/pool/condor/dir_3876248"
	Cpus = 1
	Disk = 3793
	GPUs = 0
	Memory = 3000
...
006 (16626177.403.000) 02/17 01:05:06 Image size of job updated: 99560
	98  -  MemoryUsage of job (MB)
	99560  -  ResidentSetSize of job (KB)
...
006 (16626177.403.000) 02/17 01:10:06 Image size of job updated: 136872
	134  -  MemoryUsage of job (MB)
	136872  -  ResidentSetSize of job (KB)
...
006 (16626177.403.000) 02/17 01:15:07 Image size of job updated: 140748
	138  -  MemoryUsage of job (MB)
	140748  -  ResidentSetSize of job (KB)
...
006 (16626177.403.000) 02/17 01:20:08 Image size of job updated: 142180
	139  -  MemoryUsage of job (MB)
	142180  -  ResidentSetSize of job (KB)
...
006 (16626177.403.000) 02/17 01:30:08 Image size of job updated: 146888
	144  -  MemoryUsage of job (MB)
	146888  -  ResidentSetSize of job (KB)
...
006 (16626177.403.000) 02/17 01:35:09 Image size of job updated: 147436
	144  -  MemoryUsage of job (MB)
	147436  -  ResidentSetSize of job (KB)
...
006 (16626177.403.000) 02/17 01:40:09 Image size of job updated: 154308
	151  -  MemoryUsage of job (MB)
	154308  -  ResidentSetSize of job (KB)
...
040 (16626177.403.000) 02/17 01:44:38 Started transferring output files
...
040 (16626177.403.000) 02/17 01:44:38 Finished transferring output files
...
005 (16626177.403.000) 02/17 01:44:38 Job terminated.
	(1) Normal termination (return value 0)
		Usr 0 00:39:11, Sys 0 00:00:01  -  Run Remote Usage
		Usr 0 00:00:00, Sys 0 00:00:00  -  Run Local Usage
		Usr 0 00:39:11, Sys 0 00:00:01  -  Total Remote Usage
		Usr 0 00:00:00, Sys 0 00:00:00  -  Total Local Usage
	8155  -  Run Bytes Sent By Job
	10428  -  Run Bytes Received By Job
	8155  -  Total Bytes Sent By Job
	10428  -  Total Bytes Received By Job
	Partitionable Resources :    Usage  Request Allocated 
	   Cpus                 :     0.99        1         1 
	   Disk (KB)            :    43          12      3793 
	   GPUs                 :                           0 
	   Memory (MB)          :   151        3000      3000 

	Job terminated of its own accord at 2025-02-17T00:44:38Z with exit-code 0.
...
