000 (16626177.079.000) 02/17 00:58:07 Job submitted from host: <188.185.72.155:9618?addrs=188.185.72.155-9618+[2001-1458-d00-8--100-95]-9618&alias=bigbird08.cern.ch&noUDP&sock=schedd_862983_22fa>
...
040 (16626177.079.000) 02/17 00:58:38 Started transferring input files
	Transferring to host: <128.142.161.78:9618?addrs=128.142.161.78-9618+[2001-1458-301-b8--100-c]-9618&alias=b9g03p1171.cern.ch&noUDP&sock=slot1_20_4567_9d53_7678>
...
040 (16626177.079.000) 02/17 00:58:38 Finished transferring input files
...
001 (16626177.079.000) 02/17 00:58:39 Job executing on host: <128.142.161.78:9618?addrs=128.142.161.78-9618+[2001-1458-301-b8--100-c]-9618&alias=b9g03p1171.cern.ch&noUDP&sock=startd_3597_d240>
	SlotName: slot1_20@b9g03p1171.cern.ch
	CondorScratchDir = "/pool/condor/dir_1408474"
	Cpus = 1
	Disk = 3995
	GPUs = 0
	Memory = 3000
...
006 (16626177.079.000) 02/17 00:58:48 Image size of job updated: 232372
	227  -  MemoryUsage of job (MB)
	232372  -  ResidentSetSize of job (KB)
...
006 (16626177.079.000) 02/17 01:03:49 Image size of job updated: 298472
	292  -  MemoryUsage of job (MB)
	298472  -  ResidentSetSize of job (KB)
...
006 (16626177.079.000) 02/17 01:08:50 Image size of job updated: 300508
	294  -  MemoryUsage of job (MB)
	300508  -  ResidentSetSize of job (KB)
...
006 (16626177.079.000) 02/17 01:13:50 Image size of job updated: 304064
	297  -  MemoryUsage of job (MB)
	304064  -  ResidentSetSize of job (KB)
...
006 (16626177.079.000) 02/17 01:18:51 Image size of job updated: 305080
	298  -  MemoryUsage of job (MB)
	305080  -  ResidentSetSize of job (KB)
...
006 (16626177.079.000) 02/17 01:23:52 Image size of job updated: 307072
	300  -  MemoryUsage of job (MB)
	307072  -  ResidentSetSize of job (KB)
...
006 (16626177.079.000) 02/17 01:38:53 Image size of job updated: 321192
	314  -  MemoryUsage of job (MB)
	321192  -  ResidentSetSize of job (KB)
...
006 (16626177.079.000) 02/17 01:43:53 Image size of job updated: 321952
	315  -  MemoryUsage of job (MB)
	321952  -  ResidentSetSize of job (KB)
...
006 (16626177.079.000) 02/17 01:48:53 Image size of job updated: 322816
	316  -  MemoryUsage of job (MB)
	322816  -  ResidentSetSize of job (KB)
...
006 (16626177.079.000) 02/17 01:53:54 Image size of job updated: 323856
	317  -  MemoryUsage of job (MB)
	323856  -  ResidentSetSize of job (KB)
...
040 (16626177.079.000) 02/17 01:57:43 Started transferring output files
...
040 (16626177.079.000) 02/17 01:57:43 Finished transferring output files
...
005 (16626177.079.000) 02/17 01:57:43 Job terminated.
	(1) Normal termination (return value 0)
		Usr 0 00:58:12, Sys 0 00:00:02  -  Run Remote Usage
		Usr 0 00:00:00, Sys 0 00:00:00  -  Run Local Usage
		Usr 0 00:58:12, Sys 0 00:00:02  -  Total Remote Usage
		Usr 0 00:00:00, Sys 0 00:00:00  -  Total Local Usage
	8152  -  Run Bytes Sent By Job
	10428  -  Run Bytes Received By Job
	8152  -  Total Bytes Sent By Job
	10428  -  Total Bytes Received By Job
	Partitionable Resources :    Usage  Request Allocated 
	   Cpus                 :     0.99        1         1 
	   Disk (KB)            :    43          12      3995 
	   GPUs                 :                           0 
	   Memory (MB)          :   317        3000      3000 

	Job terminated of its own accord at 2025-02-17T00:57:43Z with exit-code 0.
...
