000 (16626177.103.000) 02/17 00:58:07 Job submitted from host: <188.185.72.155:9618?addrs=188.185.72.155-9618+[2001-1458-d00-8--100-95]-9618&alias=bigbird08.cern.ch&noUDP&sock=schedd_862983_22fa>
...
040 (16626177.103.000) 02/17 00:58:46 Started transferring input files
	Transferring to host: <128.142.161.100:9618?addrs=128.142.161.100-9618+[2001-1458-301-b8--100-22]-9618&alias=b9g03p3225.cern.ch&noUDP&sock=slot1_13_3209_c7dc_44248>
...
040 (16626177.103.000) 02/17 00:58:46 Finished transferring input files
...
001 (16626177.103.000) 02/17 00:58:47 Job executing on host: <128.142.161.100:9618?addrs=128.142.161.100-9618+[2001-1458-301-b8--100-22]-9618&alias=b9g03p3225.cern.ch&noUDP&sock=startd_3168_901f>
	SlotName: slot1_13@b9g03p3225.cern.ch
	CondorScratchDir = "/pool/condor/dir_1092056"
	Cpus = 1
	Disk = 3979
	GPUs = 0
	Memory = 3000
...
006 (16626177.103.000) 02/17 00:58:56 Image size of job updated: 89468
	88  -  MemoryUsage of job (MB)
	89468  -  ResidentSetSize of job (KB)
...
006 (16626177.103.000) 02/17 01:03:57 Image size of job updated: 100904
	99  -  MemoryUsage of job (MB)
	100904  -  ResidentSetSize of job (KB)
...
006 (16626177.103.000) 02/17 01:08:58 Image size of job updated: 138952
	136  -  MemoryUsage of job (MB)
	138952  -  ResidentSetSize of job (KB)
...
006 (16626177.103.000) 02/17 01:13:58 Image size of job updated: 141848
	139  -  MemoryUsage of job (MB)
	141848  -  ResidentSetSize of job (KB)
...
006 (16626177.103.000) 02/17 01:18:59 Image size of job updated: 142940
	140  -  MemoryUsage of job (MB)
	142940  -  ResidentSetSize of job (KB)
...
006 (16626177.103.000) 02/17 01:24:00 Image size of job updated: 143532
	141  -  MemoryUsage of job (MB)
	143532  -  ResidentSetSize of job (KB)
...
006 (16626177.103.000) 02/17 01:29:00 Image size of job updated: 144268
	141  -  MemoryUsage of job (MB)
	144268  -  ResidentSetSize of job (KB)
...
006 (16626177.103.000) 02/17 01:39:02 Image size of job updated: 145952
	143  -  MemoryUsage of job (MB)
	145952  -  ResidentSetSize of job (KB)
...
006 (16626177.103.000) 02/17 01:44:02 Image size of job updated: 146576
	144  -  MemoryUsage of job (MB)
	146576  -  ResidentSetSize of job (KB)
...
006 (16626177.103.000) 02/17 01:49:02 Image size of job updated: 161256
	158  -  MemoryUsage of job (MB)
	161256  -  ResidentSetSize of job (KB)
...
006 (16626177.103.000) 02/17 01:54:03 Image size of job updated: 161640
	158  -  MemoryUsage of job (MB)
	161640  -  ResidentSetSize of job (KB)
...
006 (16626177.103.000) 02/17 01:59:03 Image size of job updated: 166460
	163  -  MemoryUsage of job (MB)
	166460  -  ResidentSetSize of job (KB)
...
006 (16626177.103.000) 02/17 02:04:03 Image size of job updated: 168616
	165  -  MemoryUsage of job (MB)
	168616  -  ResidentSetSize of job (KB)
...
040 (16626177.103.000) 02/17 02:07:28 Started transferring output files
...
040 (16626177.103.000) 02/17 02:07:28 Finished transferring output files
...
005 (16626177.103.000) 02/17 02:07:28 Job terminated.
	(1) Normal termination (return value 0)
		Usr 0 01:04:24, Sys 0 00:00:03  -  Run Remote Usage
		Usr 0 00:00:00, Sys 0 00:00:00  -  Run Local Usage
		Usr 0 01:04:24, Sys 0 00:00:03  -  Total Remote Usage
		Usr 0 00:00:00, Sys 0 00:00:00  -  Total Local Usage
	8155  -  Run Bytes Sent By Job
	10428  -  Run Bytes Received By Job
	8155  -  Total Bytes Sent By Job
	10428  -  Total Bytes Received By Job
	Partitionable Resources :    Usage  Request Allocated 
	   Cpus                 :     0.98        1         1 
	   Disk (KB)            :    43          12      3979 
	   GPUs                 :                           0 
	   Memory (MB)          :   165        3000      3000 

	Job terminated of its own accord at 2025-02-17T01:07:28Z with exit-code 0.
...
