000 (16626177.358.000) 02/17 00:58:07 Job submitted from host: <188.185.72.155:9618?addrs=188.185.72.155-9618+[2001-1458-d00-8--100-95]-9618&alias=bigbird08.cern.ch&noUDP&sock=schedd_862983_22fa>
...
040 (16626177.358.000) 02/17 01:04:41 Started transferring input files
	Transferring to host: <188.185.209.191:9618?addrs=188.185.209.191-9618+[2001-1458-303-12--100-3c]-9618&alias=b9p12p9953.cern.ch&noUDP&sock=slot1_23_2207807_824d_64339>
...
040 (16626177.358.000) 02/17 01:04:41 Finished transferring input files
...
001 (16626177.358.000) 02/17 01:04:42 Job executing on host: <188.185.209.191:9618?addrs=188.185.209.191-9618+[2001-1458-303-12--100-3c]-9618&alias=b9p12p9953.cern.ch&noUDP&sock=startd_4269_c1e4>
	SlotName: slot1_23@b9p12p9953.cern.ch
	CondorScratchDir = "/pool/condor/dir_4158906"
	Cpus = 1
	Disk = 3185
	GPUs = 0
	Memory = 3000
...
006 (16626177.358.000) 02/17 01:04:51 Image size of job updated: 99940
	98  -  MemoryUsage of job (MB)
	99940  -  ResidentSetSize of job (KB)
...
006 (16626177.358.000) 02/17 01:09:52 Image size of job updated: 137652
	135  -  MemoryUsage of job (MB)
	137652  -  ResidentSetSize of job (KB)
...
006 (16626177.358.000) 02/17 01:14:53 Image size of job updated: 156072
	153  -  MemoryUsage of job (MB)
	156072  -  ResidentSetSize of job (KB)
...
006 (16626177.358.000) 02/17 01:24:54 Image size of job updated: 159656
	156  -  MemoryUsage of job (MB)
	159656  -  ResidentSetSize of job (KB)
...
040 (16626177.358.000) 02/17 01:29:41 Started transferring output files
...
040 (16626177.358.000) 02/17 01:29:41 Finished transferring output files
...
005 (16626177.358.000) 02/17 01:29:41 Job terminated.
	(1) Normal termination (return value 0)
		Usr 0 00:24:43, Sys 0 00:00:00  -  Run Remote Usage
		Usr 0 00:00:00, Sys 0 00:00:00  -  Run Local Usage
		Usr 0 00:24:43, Sys 0 00:00:00  -  Total Remote Usage
		Usr 0 00:00:00, Sys 0 00:00:00  -  Total Local Usage
	8155  -  Run Bytes Sent By Job
	10428  -  Run Bytes Received By Job
	8155  -  Total Bytes Sent By Job
	10428  -  Total Bytes Received By Job
	Partitionable Resources :    Usage  Request Allocated 
	   Cpus                 :     1.00        1         1 
	   Disk (KB)            :    46          12      3185 
	   GPUs                 :                           0 
	   Memory (MB)          :   156        3000      3000 

	Job terminated of its own accord at 2025-02-17T00:29:41Z with exit-code 0.
...
