000 (16626177.406.000) 02/17 00:58:07 Job submitted from host: <188.185.72.155:9618?addrs=188.185.72.155-9618+[2001-1458-d00-8--100-95]-9618&alias=bigbird08.cern.ch&noUDP&sock=schedd_862983_22fa>
...
040 (16626177.406.000) 02/17 01:04:58 Started transferring input files
	Transferring to host: <188.185.207.180:9618?addrs=188.185.207.180-9618+[2001-1458-303-e--100-31]-9618&alias=b9p08p9471.cern.ch&noUDP&sock=slot1_52_7929_729c_128371>
...
040 (16626177.406.000) 02/17 01:04:58 Finished transferring input files
...
001 (16626177.406.000) 02/17 01:04:59 Job executing on host: <188.185.207.180:9618?addrs=188.185.207.180-9618+[2001-1458-303-e--100-31]-9618&alias=b9p08p9471.cern.ch&noUDP&sock=startd_7025_24e7>
	SlotName: slot1_52@b9p08p9471.cern.ch
	CondorScratchDir = "/pool/condor/dir_2927125"
	Cpus = 1
	Disk = 3672
	GPUs = 0
	Memory = 3000
...
006 (16626177.406.000) 02/17 01:05:07 Image size of job updated: 101220
	99  -  MemoryUsage of job (MB)
	101220  -  ResidentSetSize of job (KB)
...
006 (16626177.406.000) 02/17 01:10:07 Image size of job updated: 139152
	136  -  MemoryUsage of job (MB)
	139152  -  ResidentSetSize of job (KB)
...
006 (16626177.406.000) 02/17 01:15:09 Image size of job updated: 143684
	141  -  MemoryUsage of job (MB)
	143684  -  ResidentSetSize of job (KB)
...
006 (16626177.406.000) 02/17 01:20:09 Image size of job updated: 144036
	141  -  MemoryUsage of job (MB)
	144036  -  ResidentSetSize of job (KB)
...
006 (16626177.406.000) 02/17 01:25:09 Image size of job updated: 145984
	143  -  MemoryUsage of job (MB)
	145984  -  ResidentSetSize of job (KB)
...
006 (16626177.406.000) 02/17 01:30:10 Image size of job updated: 146520
	144  -  MemoryUsage of job (MB)
	146520  -  ResidentSetSize of job (KB)
...
006 (16626177.406.000) 02/17 01:35:11 Image size of job updated: 155032
	152  -  MemoryUsage of job (MB)
	155032  -  ResidentSetSize of job (KB)
...
006 (16626177.406.000) 02/17 01:40:11 Image size of job updated: 159636
	156  -  MemoryUsage of job (MB)
	159636  -  ResidentSetSize of job (KB)
...
006 (16626177.406.000) 02/17 01:45:11 Image size of job updated: 161636
	158  -  MemoryUsage of job (MB)
	161636  -  ResidentSetSize of job (KB)
...
040 (16626177.406.000) 02/17 01:45:27 Started transferring output files
...
040 (16626177.406.000) 02/17 01:45:27 Finished transferring output files
...
005 (16626177.406.000) 02/17 01:45:27 Job terminated.
	(1) Normal termination (return value 0)
		Usr 0 00:39:35, Sys 0 00:00:02  -  Run Remote Usage
		Usr 0 00:00:00, Sys 0 00:00:00  -  Run Local Usage
		Usr 0 00:39:35, Sys 0 00:00:02  -  Total Remote Usage
		Usr 0 00:00:00, Sys 0 00:00:00  -  Total Local Usage
	8155  -  Run Bytes Sent By Job
	10428  -  Run Bytes Received By Job
	8155  -  Total Bytes Sent By Job
	10428  -  Total Bytes Received By Job
	Partitionable Resources :    Usage  Request Allocated 
	   Cpus                 :     0.99        1         1 
	   Disk (KB)            :    48          12      3672 
	   GPUs                 :                           0 
	   Memory (MB)          :   158        3000      3000 

	Job terminated of its own accord at 2025-02-17T00:45:27Z with exit-code 0.
...
