000 (16626177.273.000) 02/17 00:58:07 Job submitted from host: <188.185.72.155:9618?addrs=188.185.72.155-9618+[2001-1458-d00-8--100-95]-9618&alias=bigbird08.cern.ch&noUDP&sock=schedd_862983_22fa>
...
040 (16626177.273.000) 02/17 01:00:56 Started transferring input files
	Transferring to host: <188.185.214.11:9618?addrs=188.185.214.11-9618+[2001-1458-303-1c--100-7]-9618&alias=b9p29p4563.cern.ch&noUDP&sock=slot1_20_338631_ec63_78400>
...
040 (16626177.273.000) 02/17 01:00:56 Finished transferring input files
...
001 (16626177.273.000) 02/17 01:00:57 Job executing on host: <188.185.214.11:9618?addrs=188.185.214.11-9618+[2001-1458-303-1c--100-7]-9618&alias=b9p29p4563.cern.ch&noUDP&sock=startd_3788_d4d6>
	SlotName: slot1_20@b9p29p4563.cern.ch
	CondorScratchDir = "/pool/condor/dir_843175"
	Cpus = 1
	Disk = 3806
	GPUs = 0
	Memory = 3000
...
006 (16626177.273.000) 02/17 01:01:06 Image size of job updated: 100664
	99  -  MemoryUsage of job (MB)
	100664  -  ResidentSetSize of job (KB)
...
006 (16626177.273.000) 02/17 01:06:07 Image size of job updated: 137864
	135  -  MemoryUsage of job (MB)
	137864  -  ResidentSetSize of job (KB)
...
006 (16626177.273.000) 02/17 01:11:08 Image size of job updated: 142768
	140  -  MemoryUsage of job (MB)
	142768  -  ResidentSetSize of job (KB)
...
006 (16626177.273.000) 02/17 01:16:08 Image size of job updated: 143080
	140  -  MemoryUsage of job (MB)
	143080  -  ResidentSetSize of job (KB)
...
006 (16626177.273.000) 02/17 01:21:08 Image size of job updated: 143940
	141  -  MemoryUsage of job (MB)
	143940  -  ResidentSetSize of job (KB)
...
006 (16626177.273.000) 02/17 01:31:09 Image size of job updated: 158308
	155  -  MemoryUsage of job (MB)
	158308  -  ResidentSetSize of job (KB)
...
006 (16626177.273.000) 02/17 01:36:09 Image size of job updated: 158952
	156  -  MemoryUsage of job (MB)
	158952  -  ResidentSetSize of job (KB)
...
006 (16626177.273.000) 02/17 01:41:10 Image size of job updated: 164184
	161  -  MemoryUsage of job (MB)
	164184  -  ResidentSetSize of job (KB)
...
040 (16626177.273.000) 02/17 01:45:55 Started transferring output files
...
040 (16626177.273.000) 02/17 01:45:55 Finished transferring output files
...
005 (16626177.273.000) 02/17 01:45:55 Job terminated.
	(1) Normal termination (return value 0)
		Usr 0 00:43:47, Sys 0 00:00:07  -  Run Remote Usage
		Usr 0 00:00:00, Sys 0 00:00:00  -  Run Local Usage
		Usr 0 00:43:47, Sys 0 00:00:07  -  Total Remote Usage
		Usr 0 00:00:00, Sys 0 00:00:00  -  Total Local Usage
	8155  -  Run Bytes Sent By Job
	10428  -  Run Bytes Received By Job
	8155  -  Total Bytes Sent By Job
	10428  -  Total Bytes Received By Job
	Partitionable Resources :    Usage  Request Allocated 
	   Cpus                 :     0.97        1         1 
	   Disk (KB)            :    43          12      3806 
	   GPUs                 :                           0 
	   Memory (MB)          :   161        3000      3000 

	Job terminated of its own accord at 2025-02-17T00:45:55Z with exit-code 0.
...
