000 (16626177.400.000) 02/17 00:58:07 Job submitted from host: <188.185.72.155:9618?addrs=188.185.72.155-9618+[2001-1458-d00-8--100-95]-9618&alias=bigbird08.cern.ch&noUDP&sock=schedd_862983_22fa>
...
040 (16626177.400.000) 02/17 01:04:56 Started transferring input files
	Transferring to host: <188.185.198.8:9618?addrs=188.185.198.8-9618+[2001-1458-303-25--100-4]-9618&alias=b9p15p0417.cern.ch&noUDP&sock=slot1_32_2435517_cdb9_3759>
...
040 (16626177.400.000) 02/17 01:04:56 Finished transferring input files
...
001 (16626177.400.000) 02/17 01:04:57 Job executing on host: <188.185.198.8:9618?addrs=188.185.198.8-9618+[2001-1458-303-25--100-4]-9618&alias=b9p15p0417.cern.ch&noUDP&sock=startd_9684_ff3b>
	SlotName: slot1_32@b9p15p0417.cern.ch
	CondorScratchDir = "/pool/condor/dir_877420"
	Cpus = 1
	Disk = 3722
	GPUs = 0
	Memory = 3000
...
006 (16626177.400.000) 02/17 01:05:05 Image size of job updated: 75620
	74  -  MemoryUsage of job (MB)
	75620  -  ResidentSetSize of job (KB)
...
006 (16626177.400.000) 02/17 01:10:05 Image size of job updated: 136752
	134  -  MemoryUsage of job (MB)
	136752  -  ResidentSetSize of job (KB)
...
006 (16626177.400.000) 02/17 01:15:06 Image size of job updated: 137248
	135  -  MemoryUsage of job (MB)
	137248  -  ResidentSetSize of job (KB)
...
006 (16626177.400.000) 02/17 01:20:06 Image size of job updated: 141248
	138  -  MemoryUsage of job (MB)
	141248  -  ResidentSetSize of job (KB)
...
006 (16626177.400.000) 02/17 01:25:06 Image size of job updated: 141464
	139  -  MemoryUsage of job (MB)
	141464  -  ResidentSetSize of job (KB)
...
006 (16626177.400.000) 02/17 01:30:07 Image size of job updated: 142380
	140  -  MemoryUsage of job (MB)
	142380  -  ResidentSetSize of job (KB)
...
006 (16626177.400.000) 02/17 01:35:08 Image size of job updated: 146124
	143  -  MemoryUsage of job (MB)
	146124  -  ResidentSetSize of job (KB)
...
006 (16626177.400.000) 02/17 01:45:09 Image size of job updated: 147256
	144  -  MemoryUsage of job (MB)
	147256  -  ResidentSetSize of job (KB)
...
006 (16626177.400.000) 02/17 01:50:10 Image size of job updated: 147492
	145  -  MemoryUsage of job (MB)
	147492  -  ResidentSetSize of job (KB)
...
006 (16626177.400.000) 02/17 01:55:10 Image size of job updated: 148460
	145  -  MemoryUsage of job (MB)
	148460  -  ResidentSetSize of job (KB)
...
006 (16626177.400.000) 02/17 02:00:10 Image size of job updated: 149632
	147  -  MemoryUsage of job (MB)
	149632  -  ResidentSetSize of job (KB)
...
006 (16626177.400.000) 02/17 02:05:11 Image size of job updated: 150468
	147  -  MemoryUsage of job (MB)
	150468  -  ResidentSetSize of job (KB)
...
040 (16626177.400.000) 02/17 02:09:31 Started transferring output files
...
040 (16626177.400.000) 02/17 02:09:31 Finished transferring output files
...
005 (16626177.400.000) 02/17 02:09:31 Job terminated.
	(1) Normal termination (return value 0)
		Usr 0 01:02:54, Sys 0 00:00:04  -  Run Remote Usage
		Usr 0 00:00:00, Sys 0 00:00:00  -  Run Local Usage
		Usr 0 01:02:54, Sys 0 00:00:04  -  Total Remote Usage
		Usr 0 00:00:00, Sys 0 00:00:00  -  Total Local Usage
	8153  -  Run Bytes Sent By Job
	10428  -  Run Bytes Received By Job
	8153  -  Total Bytes Sent By Job
	10428  -  Total Bytes Received By Job
	Partitionable Resources :    Usage  Request Allocated 
	   Cpus                 :     0.98        1         1 
	   Disk (KB)            :    43          12      3722 
	   GPUs                 :                           0 
	   Memory (MB)          :   147        3000      3000 

	Job terminated of its own accord at 2025-02-17T01:09:31Z with exit-code 0.
...
