000 (16626177.355.000) 02/17 00:58:07 Job submitted from host: <188.185.72.155:9618?addrs=188.185.72.155-9618+[2001-1458-d00-8--100-95]-9618&alias=bigbird08.cern.ch&noUDP&sock=schedd_862983_22fa>
...
040 (16626177.355.000) 02/17 01:04:41 Started transferring input files
	Transferring to host: <188.185.194.115:9618?addrs=188.185.194.115-9618+[2001-1458-303-21--100-6f]-9618&alias=b9p20p4883.cern.ch&noUDP&sock=slot1_24_3981703_b714_13302>
...
040 (16626177.355.000) 02/17 01:04:41 Finished transferring input files
...
001 (16626177.355.000) 02/17 01:04:42 Job executing on host: <188.185.194.115:9618?addrs=188.185.194.115-9618+[2001-1458-303-21--100-6f]-9618&alias=b9p20p4883.cern.ch&noUDP&sock=startd_8951_384f>
	SlotName: slot1_24@b9p20p4883.cern.ch
	CondorScratchDir = "/pool/condor/dir_2500171"
	Cpus = 1
	Disk = 3884
	GPUs = 0
	Memory = 3000
...
006 (16626177.355.000) 02/17 01:04:51 Image size of job updated: 99432
	98  -  MemoryUsage of job (MB)
	99432  -  ResidentSetSize of job (KB)
...
006 (16626177.355.000) 02/17 01:09:52 Image size of job updated: 101176
	99  -  MemoryUsage of job (MB)
	101176  -  ResidentSetSize of job (KB)
...
006 (16626177.355.000) 02/17 01:14:53 Image size of job updated: 138144
	135  -  MemoryUsage of job (MB)
	138144  -  ResidentSetSize of job (KB)
...
006 (16626177.355.000) 02/17 01:19:53 Image size of job updated: 141496
	139  -  MemoryUsage of job (MB)
	141496  -  ResidentSetSize of job (KB)
...
006 (16626177.355.000) 02/17 01:24:54 Image size of job updated: 142568
	140  -  MemoryUsage of job (MB)
	142568  -  ResidentSetSize of job (KB)
...
006 (16626177.355.000) 02/17 01:29:55 Image size of job updated: 144212
	141  -  MemoryUsage of job (MB)
	144212  -  ResidentSetSize of job (KB)
...
006 (16626177.355.000) 02/17 01:34:55 Image size of job updated: 148412
	145  -  MemoryUsage of job (MB)
	148412  -  ResidentSetSize of job (KB)
...
006 (16626177.355.000) 02/17 01:39:55 Image size of job updated: 148632
	146  -  MemoryUsage of job (MB)
	148632  -  ResidentSetSize of job (KB)
...
006 (16626177.355.000) 02/17 01:44:56 Image size of job updated: 149016
	146  -  MemoryUsage of job (MB)
	149016  -  ResidentSetSize of job (KB)
...
006 (16626177.355.000) 02/17 01:49:56 Image size of job updated: 152380
	149  -  MemoryUsage of job (MB)
	152380  -  ResidentSetSize of job (KB)
...
006 (16626177.355.000) 02/17 01:54:56 Image size of job updated: 155028
	152  -  MemoryUsage of job (MB)
	155028  -  ResidentSetSize of job (KB)
...
040 (16626177.355.000) 02/17 01:56:52 Started transferring output files
...
040 (16626177.355.000) 02/17 01:56:52 Finished transferring output files
...
005 (16626177.355.000) 02/17 01:56:52 Job terminated.
	(1) Normal termination (return value 0)
		Usr 0 00:51:40, Sys 0 00:00:01  -  Run Remote Usage
		Usr 0 00:00:00, Sys 0 00:00:00  -  Run Local Usage
		Usr 0 00:51:40, Sys 0 00:00:01  -  Total Remote Usage
		Usr 0 00:00:00, Sys 0 00:00:00  -  Total Local Usage
	8153  -  Run Bytes Sent By Job
	10428  -  Run Bytes Received By Job
	8153  -  Total Bytes Sent By Job
	10428  -  Total Bytes Received By Job
	Partitionable Resources :    Usage  Request Allocated 
	   Cpus                 :     0.99        1         1 
	   Disk (KB)            :    43          12      3884 
	   GPUs                 :                           0 
	   Memory (MB)          :   152        3000      3000 

	Job terminated of its own accord at 2025-02-17T00:56:52Z with exit-code 0.
...
