000 (16626177.397.000) 02/17 00:58:07 Job submitted from host: <188.185.72.155:9618?addrs=188.185.72.155-9618+[2001-1458-d00-8--100-95]-9618&alias=bigbird08.cern.ch&noUDP&sock=schedd_862983_22fa>
...
040 (16626177.397.000) 02/17 01:04:55 Started transferring input files
	Transferring to host: <188.185.213.180:9618?addrs=188.185.213.180-9618+[2001-1458-303-1b--100-30]-9618&alias=b9p28p7628.cern.ch&noUDP&sock=slot1_21_3275115_8c57_94765>
...
040 (16626177.397.000) 02/17 01:04:55 Finished transferring input files
...
001 (16626177.397.000) 02/17 01:04:56 Job executing on host: <188.185.213.180:9618?addrs=188.185.213.180-9618+[2001-1458-303-1b--100-30]-9618&alias=b9p28p7628.cern.ch&noUDP&sock=startd_7151_91d6>
	SlotName: slot1_21@b9p28p7628.cern.ch
	CondorScratchDir = "/pool/condor/dir_3876107"
	Cpus = 1
	Disk = 3793
	GPUs = 0
	Memory = 3000
...
006 (16626177.397.000) 02/17 01:05:04 Image size of job updated: 102016
	100  -  MemoryUsage of job (MB)
	102016  -  ResidentSetSize of job (KB)
...
006 (16626177.397.000) 02/17 01:10:04 Image size of job updated: 140548
	138  -  MemoryUsage of job (MB)
	140548  -  ResidentSetSize of job (KB)
...
006 (16626177.397.000) 02/17 01:15:05 Image size of job updated: 144288
	141  -  MemoryUsage of job (MB)
	144288  -  ResidentSetSize of job (KB)
...
006 (16626177.397.000) 02/17 01:20:06 Image size of job updated: 145788
	143  -  MemoryUsage of job (MB)
	145788  -  ResidentSetSize of job (KB)
...
006 (16626177.397.000) 02/17 01:30:06 Image size of job updated: 148176
	145  -  MemoryUsage of job (MB)
	148176  -  ResidentSetSize of job (KB)
...
006 (16626177.397.000) 02/17 01:35:07 Image size of job updated: 157664
	154  -  MemoryUsage of job (MB)
	157664  -  ResidentSetSize of job (KB)
...
006 (16626177.397.000) 02/17 01:40:07 Image size of job updated: 162576
	159  -  MemoryUsage of job (MB)
	162576  -  ResidentSetSize of job (KB)
...
040 (16626177.397.000) 02/17 01:44:42 Started transferring output files
...
040 (16626177.397.000) 02/17 01:44:42 Finished transferring output files
...
005 (16626177.397.000) 02/17 01:44:42 Job terminated.
	(1) Normal termination (return value 0)
		Usr 0 00:39:15, Sys 0 00:00:02  -  Run Remote Usage
		Usr 0 00:00:00, Sys 0 00:00:00  -  Run Local Usage
		Usr 0 00:39:15, Sys 0 00:00:02  -  Total Remote Usage
		Usr 0 00:00:00, Sys 0 00:00:00  -  Total Local Usage
	8155  -  Run Bytes Sent By Job
	10428  -  Run Bytes Received By Job
	8155  -  Total Bytes Sent By Job
	10428  -  Total Bytes Received By Job
	Partitionable Resources :    Usage  Request Allocated 
	   Cpus                 :     0.99        1         1 
	   Disk (KB)            :    43          12      3793 
	   GPUs                 :                           0 
	   Memory (MB)          :   159        3000      3000 

	Job terminated of its own accord at 2025-02-17T00:44:42Z with exit-code 0.
...
