000 (16626177.349.000) 02/17 00:58:07 Job submitted from host: <188.185.72.155:9618?addrs=188.185.72.155-9618+[2001-1458-d00-8--100-95]-9618&alias=bigbird08.cern.ch&noUDP&sock=schedd_862983_22fa>
...
040 (16626177.349.000) 02/17 01:04:39 Started transferring input files
	Transferring to host: <188.185.194.42:9618?addrs=188.185.194.42-9618+[2001-1458-303-21--100-26]-9618&alias=b9p20p7281.cern.ch&noUDP&sock=slot1_21_3996784_a4d9_22852>
...
040 (16626177.349.000) 02/17 01:04:39 Finished transferring input files
...
001 (16626177.349.000) 02/17 01:04:40 Job executing on host: <188.185.194.42:9618?addrs=188.185.194.42-9618+[2001-1458-303-21--100-26]-9618&alias=b9p20p7281.cern.ch&noUDP&sock=startd_8747_4afd>
	SlotName: slot1_21@b9p20p7281.cern.ch
	CondorScratchDir = "/pool/condor/dir_1176923"
	Cpus = 1
	Disk = 3804
	GPUs = 0
	Memory = 3000
...
006 (16626177.349.000) 02/17 01:04:48 Image size of job updated: 70176
	69  -  MemoryUsage of job (MB)
	70176  -  ResidentSetSize of job (KB)
...
006 (16626177.349.000) 02/17 01:09:48 Image size of job updated: 102356
	100  -  MemoryUsage of job (MB)
	102356  -  ResidentSetSize of job (KB)
...
006 (16626177.349.000) 02/17 01:14:49 Image size of job updated: 139648
	137  -  MemoryUsage of job (MB)
	139648  -  ResidentSetSize of job (KB)
...
006 (16626177.349.000) 02/17 01:19:50 Image size of job updated: 143056
	140  -  MemoryUsage of job (MB)
	143056  -  ResidentSetSize of job (KB)
...
006 (16626177.349.000) 02/17 01:24:50 Image size of job updated: 143972
	141  -  MemoryUsage of job (MB)
	143972  -  ResidentSetSize of job (KB)
...
006 (16626177.349.000) 02/17 01:29:51 Image size of job updated: 144876
	142  -  MemoryUsage of job (MB)
	144876  -  ResidentSetSize of job (KB)
...
006 (16626177.349.000) 02/17 01:39:52 Image size of job updated: 148868
	146  -  MemoryUsage of job (MB)
	148868  -  ResidentSetSize of job (KB)
...
006 (16626177.349.000) 02/17 01:49:53 Image size of job updated: 149660
	147  -  MemoryUsage of job (MB)
	149660  -  ResidentSetSize of job (KB)
...
006 (16626177.349.000) 02/17 01:54:53 Image size of job updated: 152884
	150  -  MemoryUsage of job (MB)
	152884  -  ResidentSetSize of job (KB)
...
006 (16626177.349.000) 02/17 01:59:53 Image size of job updated: 155812
	153  -  MemoryUsage of job (MB)
	155812  -  ResidentSetSize of job (KB)
...
040 (16626177.349.000) 02/17 02:02:16 Started transferring output files
...
040 (16626177.349.000) 02/17 02:02:16 Finished transferring output files
...
005 (16626177.349.000) 02/17 02:02:16 Job terminated.
	(1) Normal termination (return value 0)
		Usr 0 00:56:57, Sys 0 00:00:01  -  Run Remote Usage
		Usr 0 00:00:00, Sys 0 00:00:00  -  Run Local Usage
		Usr 0 00:56:57, Sys 0 00:00:01  -  Total Remote Usage
		Usr 0 00:00:00, Sys 0 00:00:00  -  Total Local Usage
	8155  -  Run Bytes Sent By Job
	10428  -  Run Bytes Received By Job
	8155  -  Total Bytes Sent By Job
	10428  -  Total Bytes Received By Job
	Partitionable Resources :    Usage  Request Allocated 
	   Cpus                 :     0.98        1         1 
	   Disk (KB)            :    43          12      3804 
	   GPUs                 :                           0 
	   Memory (MB)          :   153        3000      3000 

	Job terminated of its own accord at 2025-02-17T01:02:16Z with exit-code 0.
...
