000 (16626177.396.000) 02/17 00:58:07 Job submitted from host: <188.185.72.155:9618?addrs=188.185.72.155-9618+[2001-1458-d00-8--100-95]-9618&alias=bigbird08.cern.ch&noUDP&sock=schedd_862983_22fa>
...
040 (16626177.396.000) 02/17 01:04:55 Started transferring input files
	Transferring to host: <188.185.213.228:9618?addrs=188.185.213.228-9618+[2001-1458-303-1b--100-60]-9618&alias=b9p28p4003.cern.ch&noUDP&sock=slot1_20_2778520_7255_94229>
...
040 (16626177.396.000) 02/17 01:04:55 Finished transferring input files
...
001 (16626177.396.000) 02/17 01:04:56 Job executing on host: <188.185.213.228:9618?addrs=188.185.213.228-9618+[2001-1458-303-1b--100-60]-9618&alias=b9p28p4003.cern.ch&noUDP&sock=startd_1818745_5f2b>
	SlotName: slot1_20@b9p28p4003.cern.ch
	CondorScratchDir = "/pool/condor/dir_400353"
	Cpus = 1
	Disk = 3863
	GPUs = 0
	Memory = 3000
...
006 (16626177.396.000) 02/17 01:05:04 Image size of job updated: 101300
	99  -  MemoryUsage of job (MB)
	101300  -  ResidentSetSize of job (KB)
...
006 (16626177.396.000) 02/17 01:10:04 Image size of job updated: 138728
	136  -  MemoryUsage of job (MB)
	138728  -  ResidentSetSize of job (KB)
...
006 (16626177.396.000) 02/17 01:15:05 Image size of job updated: 143400
	141  -  MemoryUsage of job (MB)
	143400  -  ResidentSetSize of job (KB)
...
006 (16626177.396.000) 02/17 01:20:05 Image size of job updated: 143712
	141  -  MemoryUsage of job (MB)
	143712  -  ResidentSetSize of job (KB)
...
006 (16626177.396.000) 02/17 01:25:05 Image size of job updated: 144348
	141  -  MemoryUsage of job (MB)
	144348  -  ResidentSetSize of job (KB)
...
006 (16626177.396.000) 02/17 01:35:07 Image size of job updated: 149544
	147  -  MemoryUsage of job (MB)
	149544  -  ResidentSetSize of job (KB)
...
006 (16626177.396.000) 02/17 01:40:07 Image size of job updated: 150216
	147  -  MemoryUsage of job (MB)
	150216  -  ResidentSetSize of job (KB)
...
006 (16626177.396.000) 02/17 01:45:08 Image size of job updated: 155132
	152  -  MemoryUsage of job (MB)
	155132  -  ResidentSetSize of job (KB)
...
040 (16626177.396.000) 02/17 01:51:13 Started transferring output files
...
040 (16626177.396.000) 02/17 01:51:13 Finished transferring output files
...
005 (16626177.396.000) 02/17 01:51:13 Job terminated.
	(1) Normal termination (return value 0)
		Usr 0 00:44:48, Sys 0 00:00:03  -  Run Remote Usage
		Usr 0 00:00:00, Sys 0 00:00:00  -  Run Local Usage
		Usr 0 00:44:48, Sys 0 00:00:03  -  Total Remote Usage
		Usr 0 00:00:00, Sys 0 00:00:00  -  Total Local Usage
	8155  -  Run Bytes Sent By Job
	10428  -  Run Bytes Received By Job
	8155  -  Total Bytes Sent By Job
	10428  -  Total Bytes Received By Job
	Partitionable Resources :    Usage  Request Allocated 
	   Cpus                 :     0.99        1         1 
	   Disk (KB)            :    43          12      3863 
	   GPUs                 :                           0 
	   Memory (MB)          :   152        3000      3000 

	Job terminated of its own accord at 2025-02-17T00:51:13Z with exit-code 0.
...
