000 (16626177.484.000) 02/17 00:58:08 Job submitted from host: <188.185.72.155:9618?addrs=188.185.72.155-9618+[2001-1458-d00-8--100-95]-9618&alias=bigbird08.cern.ch&noUDP&sock=schedd_862983_22fa>
...
040 (16626177.484.000) 02/17 01:07:39 Started transferring input files
	Transferring to host: <188.185.195.95:9618?addrs=188.185.195.95-9618+[2001-1458-303-22--100-5b]-9618&alias=b9p17p1975.cern.ch&noUDP&sock=slot1_24_451504_29b1_13356>
...
040 (16626177.484.000) 02/17 01:07:39 Finished transferring input files
...
001 (16626177.484.000) 02/17 01:07:40 Job executing on host: <188.185.195.95:9618?addrs=188.185.195.95-9618+[2001-1458-303-22--100-5b]-9618&alias=b9p17p1975.cern.ch&noUDP&sock=startd_2058406_e234>
	SlotName: slot1_24@b9p17p1975.cern.ch
	CondorScratchDir = "/pool/condor/dir_1922459"
	Cpus = 1
	Disk = 3921
	GPUs = 0
	Memory = 3000
...
006 (16626177.484.000) 02/17 01:07:49 Image size of job updated: 99384
	98  -  MemoryUsage of job (MB)
	99384  -  ResidentSetSize of job (KB)
...
006 (16626177.484.000) 02/17 01:22:51 Image size of job updated: 104768
	103  -  MemoryUsage of job (MB)
	104768  -  ResidentSetSize of job (KB)
...
006 (16626177.484.000) 02/17 01:47:53 Image size of job updated: 125472
	123  -  MemoryUsage of job (MB)
	125472  -  ResidentSetSize of job (KB)
...
040 (16626177.484.000) 02/17 01:54:32 Started transferring output files
...
040 (16626177.484.000) 02/17 01:54:32 Finished transferring output files
...
005 (16626177.484.000) 02/17 01:54:32 Job terminated.
	(1) Normal termination (return value 0)
		Usr 0 00:46:20, Sys 0 00:00:02  -  Run Remote Usage
		Usr 0 00:00:00, Sys 0 00:00:00  -  Run Local Usage
		Usr 0 00:46:20, Sys 0 00:00:02  -  Total Remote Usage
		Usr 0 00:00:00, Sys 0 00:00:00  -  Total Local Usage
	8155  -  Run Bytes Sent By Job
	10428  -  Run Bytes Received By Job
	8155  -  Total Bytes Sent By Job
	10428  -  Total Bytes Received By Job
	Partitionable Resources :    Usage  Request Allocated 
	   Cpus                 :     0.99        1         1 
	   Disk (KB)            :    43          12      3921 
	   GPUs                 :                           0 
	   Memory (MB)          :   123        3000      3000 

	Job terminated of its own accord at 2025-02-17T00:54:32Z with exit-code 0.
...
