000 (16626177.254.000) 02/17 00:58:07 Job submitted from host: <188.185.72.155:9618?addrs=188.185.72.155-9618+[2001-1458-d00-8--100-95]-9618&alias=bigbird08.cern.ch&noUDP&sock=schedd_862983_22fa>
...
040 (16626177.254.000) 02/17 01:00:49 Started transferring input files
	Transferring to host: <188.185.194.145:9618?addrs=188.185.194.145-9618+[2001-1458-303-21--100-8d]-9618&alias=b9p20p3441.cern.ch&noUDP&sock=slot1_31_3604731_d6b2_85872>
...
040 (16626177.254.000) 02/17 01:00:49 Finished transferring input files
...
001 (16626177.254.000) 02/17 01:00:50 Job executing on host: <188.185.194.145:9618?addrs=188.185.194.145-9618+[2001-1458-303-21--100-8d]-9618&alias=b9p20p3441.cern.ch&noUDP&sock=startd_4557_4d2b>
	SlotName: slot1_31@b9p20p3441.cern.ch
	CondorScratchDir = "/pool/condor/dir_597929"
	Cpus = 1
	Disk = 3793
	GPUs = 0
	Memory = 3000
...
006 (16626177.254.000) 02/17 01:00:59 Image size of job updated: 1872
	2  -  MemoryUsage of job (MB)
	1872  -  ResidentSetSize of job (KB)
...
006 (16626177.254.000) 02/17 01:06:00 Image size of job updated: 73012
	72  -  MemoryUsage of job (MB)
	73012  -  ResidentSetSize of job (KB)
...
006 (16626177.254.000) 02/17 01:11:00 Image size of job updated: 123800
	121  -  MemoryUsage of job (MB)
	123800  -  ResidentSetSize of job (KB)
...
006 (16626177.254.000) 02/17 01:16:00 Image size of job updated: 127404
	125  -  MemoryUsage of job (MB)
	127404  -  ResidentSetSize of job (KB)
...
006 (16626177.254.000) 02/17 01:21:01 Image size of job updated: 127792
	125  -  MemoryUsage of job (MB)
	127792  -  ResidentSetSize of job (KB)
...
006 (16626177.254.000) 02/17 01:26:02 Image size of job updated: 128968
	126  -  MemoryUsage of job (MB)
	128968  -  ResidentSetSize of job (KB)
...
006 (16626177.254.000) 02/17 01:31:02 Image size of job updated: 129148
	127  -  MemoryUsage of job (MB)
	129148  -  ResidentSetSize of job (KB)
...
006 (16626177.254.000) 02/17 01:41:04 Image size of job updated: 134912
	132  -  MemoryUsage of job (MB)
	134912  -  ResidentSetSize of job (KB)
...
006 (16626177.254.000) 02/17 01:46:04 Image size of job updated: 135220
	133  -  MemoryUsage of job (MB)
	135220  -  ResidentSetSize of job (KB)
...
006 (16626177.254.000) 02/17 01:51:04 Image size of job updated: 136092
	133  -  MemoryUsage of job (MB)
	136092  -  ResidentSetSize of job (KB)
...
006 (16626177.254.000) 02/17 01:56:05 Image size of job updated: 136928
	134  -  MemoryUsage of job (MB)
	136928  -  ResidentSetSize of job (KB)
...
006 (16626177.254.000) 02/17 02:01:05 Image size of job updated: 137712
	135  -  MemoryUsage of job (MB)
	137712  -  ResidentSetSize of job (KB)
...
040 (16626177.254.000) 02/17 02:09:38 Started transferring output files
...
040 (16626177.254.000) 02/17 02:09:38 Finished transferring output files
...
005 (16626177.254.000) 02/17 02:09:38 Job terminated.
	(1) Normal termination (return value 0)
		Usr 0 01:04:36, Sys 0 00:00:04  -  Run Remote Usage
		Usr 0 00:00:00, Sys 0 00:00:00  -  Run Local Usage
		Usr 0 01:04:36, Sys 0 00:00:04  -  Total Remote Usage
		Usr 0 00:00:00, Sys 0 00:00:00  -  Total Local Usage
	8155  -  Run Bytes Sent By Job
	10428  -  Run Bytes Received By Job
	8155  -  Total Bytes Sent By Job
	10428  -  Total Bytes Received By Job
	Partitionable Resources :    Usage  Request Allocated 
	   Cpus                 :     0.88        1         1 
	   Disk (KB)            :    43          12      3793 
	   GPUs                 :                           0 
	   Memory (MB)          :   135        3000      3000 

	Job terminated of its own accord at 2025-02-17T01:09:37Z with exit-code 0.
...
