000 (16626177.219.000) 02/17 00:58:07 Job submitted from host: <188.185.72.155:9618?addrs=188.185.72.155-9618+[2001-1458-d00-8--100-95]-9618&alias=bigbird08.cern.ch&noUDP&sock=schedd_862983_22fa>
...
040 (16626177.219.000) 02/17 01:00:40 Started transferring input files
	Transferring to host: <188.185.198.70:9618?addrs=188.185.198.70-9618+[2001-1458-303-25--100-42]-9618&alias=b9p15p8814.cern.ch&noUDP&sock=slot1_15_2785443_538e_74321>
...
040 (16626177.219.000) 02/17 01:00:40 Finished transferring input files
...
001 (16626177.219.000) 02/17 01:00:41 Job executing on host: <188.185.198.70:9618?addrs=188.185.198.70-9618+[2001-1458-303-25--100-42]-9618&alias=b9p15p8814.cern.ch&noUDP&sock=startd_7476_7e1e>
	SlotName: slot1_15@b9p15p8814.cern.ch
	CondorScratchDir = "/pool/condor/dir_3714402"
	Cpus = 1
	Disk = 3825
	GPUs = 0
	Memory = 3000
...
006 (16626177.219.000) 02/17 01:00:49 Image size of job updated: 387476
	379  -  MemoryUsage of job (MB)
	387476  -  ResidentSetSize of job (KB)
...
006 (16626177.219.000) 02/17 01:05:49 Image size of job updated: 455072
	445  -  MemoryUsage of job (MB)
	455072  -  ResidentSetSize of job (KB)
...
006 (16626177.219.000) 02/17 01:10:50 Image size of job updated: 457716
	447  -  MemoryUsage of job (MB)
	457716  -  ResidentSetSize of job (KB)
...
006 (16626177.219.000) 02/17 01:15:51 Image size of job updated: 461696
	451  -  MemoryUsage of job (MB)
	461696  -  ResidentSetSize of job (KB)
...
006 (16626177.219.000) 02/17 01:20:51 Image size of job updated: 462236
	452  -  MemoryUsage of job (MB)
	462236  -  ResidentSetSize of job (KB)
...
006 (16626177.219.000) 02/17 01:25:52 Image size of job updated: 463108
	453  -  MemoryUsage of job (MB)
	463108  -  ResidentSetSize of job (KB)
...
006 (16626177.219.000) 02/17 01:35:53 Image size of job updated: 478612
	468  -  MemoryUsage of job (MB)
	478612  -  ResidentSetSize of job (KB)
...
006 (16626177.219.000) 02/17 01:40:54 Image size of job updated: 479472
	469  -  MemoryUsage of job (MB)
	479472  -  ResidentSetSize of job (KB)
...
006 (16626177.219.000) 02/17 01:45:55 Image size of job updated: 482848
	472  -  MemoryUsage of job (MB)
	482848  -  ResidentSetSize of job (KB)
...
006 (16626177.219.000) 02/17 01:50:55 Image size of job updated: 485540
	475  -  MemoryUsage of job (MB)
	485540  -  ResidentSetSize of job (KB)
...
040 (16626177.219.000) 02/17 01:53:38 Started transferring output files
...
040 (16626177.219.000) 02/17 01:53:38 Finished transferring output files
...
005 (16626177.219.000) 02/17 01:53:38 Job terminated.
	(1) Normal termination (return value 0)
		Usr 0 00:52:21, Sys 0 00:00:03  -  Run Remote Usage
		Usr 0 00:00:00, Sys 0 00:00:00  -  Run Local Usage
		Usr 0 00:52:21, Sys 0 00:00:03  -  Total Remote Usage
		Usr 0 00:00:00, Sys 0 00:00:00  -  Total Local Usage
	8155  -  Run Bytes Sent By Job
	10428  -  Run Bytes Received By Job
	8155  -  Total Bytes Sent By Job
	10428  -  Total Bytes Received By Job
	Partitionable Resources :    Usage  Request Allocated 
	   Cpus                 :     0.99        1         1 
	   Disk (KB)            :    43          12      3825 
	   GPUs                 :                           0 
	   Memory (MB)          :   475        3000      3000 

	Job terminated of its own accord at 2025-02-17T00:53:38Z with exit-code 0.
...
