000 (16626177.095.000) 02/17 00:58:07 Job submitted from host: <188.185.72.155:9618?addrs=188.185.72.155-9618+[2001-1458-d00-8--100-95]-9618&alias=bigbird08.cern.ch&noUDP&sock=schedd_862983_22fa>
...
040 (16626177.095.000) 02/17 00:58:42 Started transferring input files
	Transferring to host: <128.142.161.76:9618?addrs=128.142.161.76-9618+[2001-1458-301-b8--100-a]-9618&alias=b9g03p6672.cern.ch&noUDP&sock=slot1_17_1683509_2344_36116>
...
040 (16626177.095.000) 02/17 00:58:42 Finished transferring input files
...
001 (16626177.095.000) 02/17 00:58:43 Job executing on host: <128.142.161.76:9618?addrs=128.142.161.76-9618+[2001-1458-301-b8--100-a]-9618&alias=b9g03p6672.cern.ch&noUDP&sock=startd_3181_7ada>
	SlotName: slot1_17@b9g03p6672.cern.ch
	CondorScratchDir = "/pool/condor/dir_2726804"
	Cpus = 1
	Disk = 3954
	GPUs = 0
	Memory = 3000
...
006 (16626177.095.000) 02/17 00:58:52 Image size of job updated: 101488
	100  -  MemoryUsage of job (MB)
	101488  -  ResidentSetSize of job (KB)
...
006 (16626177.095.000) 02/17 01:03:53 Image size of job updated: 101984
	100  -  MemoryUsage of job (MB)
	101984  -  ResidentSetSize of job (KB)
...
006 (16626177.095.000) 02/17 01:08:54 Image size of job updated: 139372
	137  -  MemoryUsage of job (MB)
	139372  -  ResidentSetSize of job (KB)
...
006 (16626177.095.000) 02/17 01:13:54 Image size of job updated: 143372
	141  -  MemoryUsage of job (MB)
	143372  -  ResidentSetSize of job (KB)
...
006 (16626177.095.000) 02/17 01:18:55 Image size of job updated: 143552
	141  -  MemoryUsage of job (MB)
	143552  -  ResidentSetSize of job (KB)
...
006 (16626177.095.000) 02/17 01:23:56 Image size of job updated: 143992
	141  -  MemoryUsage of job (MB)
	143992  -  ResidentSetSize of job (KB)
...
006 (16626177.095.000) 02/17 01:28:56 Image size of job updated: 144440
	142  -  MemoryUsage of job (MB)
	144440  -  ResidentSetSize of job (KB)
...
006 (16626177.095.000) 02/17 01:33:56 Image size of job updated: 147640
	145  -  MemoryUsage of job (MB)
	147640  -  ResidentSetSize of job (KB)
...
006 (16626177.095.000) 02/17 01:43:57 Image size of job updated: 148952
	146  -  MemoryUsage of job (MB)
	148952  -  ResidentSetSize of job (KB)
...
006 (16626177.095.000) 02/17 01:48:57 Image size of job updated: 149196
	146  -  MemoryUsage of job (MB)
	149196  -  ResidentSetSize of job (KB)
...
006 (16626177.095.000) 02/17 01:53:58 Image size of job updated: 149776
	147  -  MemoryUsage of job (MB)
	149776  -  ResidentSetSize of job (KB)
...
006 (16626177.095.000) 02/17 01:58:59 Image size of job updated: 150352
	147  -  MemoryUsage of job (MB)
	150352  -  ResidentSetSize of job (KB)
...
006 (16626177.095.000) 02/17 02:03:59 Image size of job updated: 153484
	150  -  MemoryUsage of job (MB)
	153484  -  ResidentSetSize of job (KB)
...
006 (16626177.095.000) 02/17 02:09:00 Image size of job updated: 157940
	155  -  MemoryUsage of job (MB)
	157940  -  ResidentSetSize of job (KB)
...
040 (16626177.095.000) 02/17 02:13:53 Started transferring output files
...
040 (16626177.095.000) 02/17 02:13:53 Finished transferring output files
...
005 (16626177.095.000) 02/17 02:13:53 Job terminated.
	(1) Normal termination (return value 0)
		Usr 0 01:09:04, Sys 0 00:00:07  -  Run Remote Usage
		Usr 0 00:00:00, Sys 0 00:00:00  -  Run Local Usage
		Usr 0 01:09:04, Sys 0 00:00:07  -  Total Remote Usage
		Usr 0 00:00:00, Sys 0 00:00:00  -  Total Local Usage
	8152  -  Run Bytes Sent By Job
	10428  -  Run Bytes Received By Job
	8152  -  Total Bytes Sent By Job
	10428  -  Total Bytes Received By Job
	Partitionable Resources :    Usage  Request Allocated 
	   Cpus                 :     0.81        1         1 
	   Disk (KB)            :    43          12      3954 
	   GPUs                 :                           0 
	   Memory (MB)          :   155        3000      3000 

	Job terminated of its own accord at 2025-02-17T01:13:52Z with exit-code 0.
...
