000 (16626177.459.000) 02/17 00:58:08 Job submitted from host: <188.185.72.155:9618?addrs=188.185.72.155-9618+[2001-1458-d00-8--100-95]-9618&alias=bigbird08.cern.ch&noUDP&sock=schedd_862983_22fa>
...
040 (16626177.459.000) 02/17 01:07:31 Started transferring input files
	Transferring to host: <128.142.33.206:9618?addrs=128.142.33.206-9618+[2001-1458-301-39--100-b]-9618&alias=b9g24p1210.cern.ch&noUDP&sock=slot1_35_102001_ae8d_81522>
...
040 (16626177.459.000) 02/17 01:07:31 Finished transferring input files
...
001 (16626177.459.000) 02/17 01:07:32 Job executing on host: <128.142.33.206:9618?addrs=128.142.33.206-9618+[2001-1458-301-39--100-b]-9618&alias=b9g24p1210.cern.ch&noUDP&sock=startd_2526_3451>
	SlotName: slot1_35@b9g24p1210.cern.ch
	CondorScratchDir = "/pool/condor/dir_2575310"
	Cpus = 1
	Disk = 3762
	GPUs = 0
	Memory = 3000
...
006 (16626177.459.000) 02/17 01:07:41 Image size of job updated: 380672
	372  -  MemoryUsage of job (MB)
	380672  -  ResidentSetSize of job (KB)
...
006 (16626177.459.000) 02/17 01:12:42 Image size of job updated: 425544
	416  -  MemoryUsage of job (MB)
	425544  -  ResidentSetSize of job (KB)
...
006 (16626177.459.000) 02/17 01:17:43 Image size of job updated: 429392
	420  -  MemoryUsage of job (MB)
	429392  -  ResidentSetSize of job (KB)
...
006 (16626177.459.000) 02/17 01:22:43 Image size of job updated: 430616
	421  -  MemoryUsage of job (MB)
	430616  -  ResidentSetSize of job (KB)
...
006 (16626177.459.000) 02/17 01:37:45 Image size of job updated: 438972
	429  -  MemoryUsage of job (MB)
	438972  -  ResidentSetSize of job (KB)
...
006 (16626177.459.000) 02/17 01:42:45 Image size of job updated: 445532
	436  -  MemoryUsage of job (MB)
	445532  -  ResidentSetSize of job (KB)
...
006 (16626177.459.000) 02/17 01:47:46 Image size of job updated: 445652
	436  -  MemoryUsage of job (MB)
	445652  -  ResidentSetSize of job (KB)
...
040 (16626177.459.000) 02/17 01:49:02 Started transferring output files
...
040 (16626177.459.000) 02/17 01:49:02 Finished transferring output files
...
005 (16626177.459.000) 02/17 01:49:02 Job terminated.
	(1) Normal termination (return value 0)
		Usr 0 00:40:43, Sys 0 00:00:02  -  Run Remote Usage
		Usr 0 00:00:00, Sys 0 00:00:00  -  Run Local Usage
		Usr 0 00:40:43, Sys 0 00:00:02  -  Total Remote Usage
		Usr 0 00:00:00, Sys 0 00:00:00  -  Total Local Usage
	8155  -  Run Bytes Sent By Job
	10428  -  Run Bytes Received By Job
	8155  -  Total Bytes Sent By Job
	10428  -  Total Bytes Received By Job
	Partitionable Resources :    Usage  Request Allocated 
	   Cpus                 :     0.98        1         1 
	   Disk (KB)            :    44          12      3762 
	   GPUs                 :                           0 
	   Memory (MB)          :   436        3000      3000 

	Job terminated of its own accord at 2025-02-17T00:49:02Z with exit-code 0.
...
