000 (16626177.258.000) 02/17 00:58:07 Job submitted from host: <188.185.72.155:9618?addrs=188.185.72.155-9618+[2001-1458-d00-8--100-95]-9618&alias=bigbird08.cern.ch&noUDP&sock=schedd_862983_22fa>
...
040 (16626177.258.000) 02/17 01:00:51 Started transferring input files
	Transferring to host: <188.185.198.76:9618?addrs=188.185.198.76-9618+[2001-1458-303-25--100-48]-9618&alias=b9p15p5144.cern.ch&noUDP&sock=slot1_22_3828089_c16d_14372>
...
040 (16626177.258.000) 02/17 01:00:51 Finished transferring input files
...
001 (16626177.258.000) 02/17 01:00:52 Job executing on host: <188.185.198.76:9618?addrs=188.185.198.76-9618+[2001-1458-303-25--100-48]-9618&alias=b9p15p5144.cern.ch&noUDP&sock=startd_9398_d325>
	SlotName: slot1_22@b9p15p5144.cern.ch
	CondorScratchDir = "/pool/condor/dir_1020266"
	Cpus = 1
	Disk = 3746
	GPUs = 0
	Memory = 3000
...
006 (16626177.258.000) 02/17 01:01:01 Image size of job updated: 1884
	2  -  MemoryUsage of job (MB)
	1884  -  ResidentSetSize of job (KB)
...
006 (16626177.258.000) 02/17 01:06:02 Image size of job updated: 137492
	135  -  MemoryUsage of job (MB)
	137492  -  ResidentSetSize of job (KB)
...
006 (16626177.258.000) 02/17 01:11:02 Image size of job updated: 139752
	137  -  MemoryUsage of job (MB)
	139752  -  ResidentSetSize of job (KB)
...
006 (16626177.258.000) 02/17 01:16:02 Image size of job updated: 143832
	141  -  MemoryUsage of job (MB)
	143832  -  ResidentSetSize of job (KB)
...
006 (16626177.258.000) 02/17 01:21:03 Image size of job updated: 144376
	141  -  MemoryUsage of job (MB)
	144376  -  ResidentSetSize of job (KB)
...
006 (16626177.258.000) 02/17 01:26:04 Image size of job updated: 147644
	145  -  MemoryUsage of job (MB)
	147644  -  ResidentSetSize of job (KB)
...
006 (16626177.258.000) 02/17 01:36:05 Image size of job updated: 150012
	147  -  MemoryUsage of job (MB)
	150012  -  ResidentSetSize of job (KB)
...
006 (16626177.258.000) 02/17 01:41:06 Image size of job updated: 150724
	148  -  MemoryUsage of job (MB)
	150724  -  ResidentSetSize of job (KB)
...
006 (16626177.258.000) 02/17 01:46:06 Image size of job updated: 153904
	151  -  MemoryUsage of job (MB)
	153904  -  ResidentSetSize of job (KB)
...
006 (16626177.258.000) 02/17 01:51:06 Image size of job updated: 156784
	154  -  MemoryUsage of job (MB)
	156784  -  ResidentSetSize of job (KB)
...
040 (16626177.258.000) 02/17 01:55:18 Started transferring output files
...
040 (16626177.258.000) 02/17 01:55:18 Finished transferring output files
...
005 (16626177.258.000) 02/17 01:55:18 Job terminated.
	(1) Normal termination (return value 0)
		Usr 0 00:53:21, Sys 0 00:00:02  -  Run Remote Usage
		Usr 0 00:00:00, Sys 0 00:00:00  -  Run Local Usage
		Usr 0 00:53:21, Sys 0 00:00:02  -  Total Remote Usage
		Usr 0 00:00:00, Sys 0 00:00:00  -  Total Local Usage
	8155  -  Run Bytes Sent By Job
	10428  -  Run Bytes Received By Job
	8155  -  Total Bytes Sent By Job
	10428  -  Total Bytes Received By Job
	Partitionable Resources :    Usage  Request Allocated 
	   Cpus                 :     0.99        1         1 
	   Disk (KB)            :    43          12      3746 
	   GPUs                 :                           0 
	   Memory (MB)          :   154        3000      3000 

	Job terminated of its own accord at 2025-02-17T00:55:18Z with exit-code 0.
...
