000 (16626177.108.000) 02/17 00:58:07 Job submitted from host: <188.185.72.155:9618?addrs=188.185.72.155-9618+[2001-1458-d00-8--100-95]-9618&alias=bigbird08.cern.ch&noUDP&sock=schedd_862983_22fa>
...
040 (16626177.108.000) 02/17 00:58:47 Started transferring input files
	Transferring to host: <128.142.161.78:9618?addrs=128.142.161.78-9618+[2001-1458-301-b8--100-c]-9618&alias=b9g03p1171.cern.ch&noUDP&sock=slot1_24_4567_9d53_7680>
...
040 (16626177.108.000) 02/17 00:58:47 Finished transferring input files
...
001 (16626177.108.000) 02/17 00:58:48 Job executing on host: <128.142.161.78:9618?addrs=128.142.161.78-9618+[2001-1458-301-b8--100-c]-9618&alias=b9g03p1171.cern.ch&noUDP&sock=startd_3597_d240>
	SlotName: slot1_24@b9g03p1171.cern.ch
	CondorScratchDir = "/pool/condor/dir_1409712"
	Cpus = 1
	Disk = 3995
	GPUs = 0
	Memory = 3000
...
006 (16626177.108.000) 02/17 00:58:57 Image size of job updated: 101080
	99  -  MemoryUsage of job (MB)
	101080  -  ResidentSetSize of job (KB)
...
006 (16626177.108.000) 02/17 01:03:58 Image size of job updated: 102272
	100  -  MemoryUsage of job (MB)
	102272  -  ResidentSetSize of job (KB)
...
006 (16626177.108.000) 02/17 01:08:58 Image size of job updated: 139640
	137  -  MemoryUsage of job (MB)
	139640  -  ResidentSetSize of job (KB)
...
006 (16626177.108.000) 02/17 01:13:58 Image size of job updated: 142952
	140  -  MemoryUsage of job (MB)
	142952  -  ResidentSetSize of job (KB)
...
006 (16626177.108.000) 02/17 01:18:59 Image size of job updated: 144272
	141  -  MemoryUsage of job (MB)
	144272  -  ResidentSetSize of job (KB)
...
006 (16626177.108.000) 02/17 01:23:59 Image size of job updated: 146964
	144  -  MemoryUsage of job (MB)
	146964  -  ResidentSetSize of job (KB)
...
006 (16626177.108.000) 02/17 01:34:00 Image size of job updated: 157824
	155  -  MemoryUsage of job (MB)
	157824  -  ResidentSetSize of job (KB)
...
040 (16626177.108.000) 02/17 01:59:57 Started transferring output files
...
040 (16626177.108.000) 02/17 01:59:57 Finished transferring output files
...
005 (16626177.108.000) 02/17 01:59:57 Job terminated.
	(1) Normal termination (return value 0)
		Usr 0 00:59:53, Sys 0 00:00:03  -  Run Remote Usage
		Usr 0 00:00:00, Sys 0 00:00:00  -  Run Local Usage
		Usr 0 00:59:53, Sys 0 00:00:03  -  Total Remote Usage
		Usr 0 00:00:00, Sys 0 00:00:00  -  Total Local Usage
	8155  -  Run Bytes Sent By Job
	10428  -  Run Bytes Received By Job
	8155  -  Total Bytes Sent By Job
	10428  -  Total Bytes Received By Job
	Partitionable Resources :    Usage  Request Allocated 
	   Cpus                 :     0.98        1         1 
	   Disk (KB)            :    43          12      3995 
	   GPUs                 :                           0 
	   Memory (MB)          :   155        3000      3000 

	Job terminated of its own accord at 2025-02-17T00:59:57Z with exit-code 0.
...
