000 (16626177.412.000) 02/17 00:58:07 Job submitted from host: <188.185.72.155:9618?addrs=188.185.72.155-9618+[2001-1458-d00-8--100-95]-9618&alias=bigbird08.cern.ch&noUDP&sock=schedd_862983_22fa>
...
040 (16626177.412.000) 02/17 01:05:00 Started transferring input files
	Transferring to host: <188.185.209.191:9618?addrs=188.185.209.191-9618+[2001-1458-303-12--100-3c]-9618&alias=b9p12p9953.cern.ch&noUDP&sock=slot1_36_2207807_824d_64348>
...
040 (16626177.412.000) 02/17 01:05:00 Finished transferring input files
...
001 (16626177.412.000) 02/17 01:05:01 Job executing on host: <188.185.209.191:9618?addrs=188.185.209.191-9618+[2001-1458-303-12--100-3c]-9618&alias=b9p12p9953.cern.ch&noUDP&sock=startd_4269_c1e4>
	SlotName: slot1_36@b9p12p9953.cern.ch
	CondorScratchDir = "/pool/condor/dir_4160888"
	Cpus = 1
	Disk = 3184
	GPUs = 0
	Memory = 3000
...
006 (16626177.412.000) 02/17 01:05:10 Image size of job updated: 101220
	99  -  MemoryUsage of job (MB)
	101220  -  ResidentSetSize of job (KB)
...
006 (16626177.412.000) 02/17 01:10:11 Image size of job updated: 138960
	136  -  MemoryUsage of job (MB)
	138960  -  ResidentSetSize of job (KB)
...
006 (16626177.412.000) 02/17 01:15:11 Image size of job updated: 143800
	141  -  MemoryUsage of job (MB)
	143800  -  ResidentSetSize of job (KB)
...
006 (16626177.412.000) 02/17 01:25:12 Image size of job updated: 148764
	146  -  MemoryUsage of job (MB)
	148764  -  ResidentSetSize of job (KB)
...
006 (16626177.412.000) 02/17 01:30:13 Image size of job updated: 152424
	149  -  MemoryUsage of job (MB)
	152424  -  ResidentSetSize of job (KB)
...
040 (16626177.412.000) 02/17 01:30:40 Started transferring output files
...
040 (16626177.412.000) 02/17 01:30:40 Finished transferring output files
...
005 (16626177.412.000) 02/17 01:30:40 Job terminated.
	(1) Normal termination (return value 0)
		Usr 0 00:25:22, Sys 0 00:00:00  -  Run Remote Usage
		Usr 0 00:00:00, Sys 0 00:00:00  -  Run Local Usage
		Usr 0 00:25:22, Sys 0 00:00:00  -  Total Remote Usage
		Usr 0 00:00:00, Sys 0 00:00:00  -  Total Local Usage
	8155  -  Run Bytes Sent By Job
	10428  -  Run Bytes Received By Job
	8155  -  Total Bytes Sent By Job
	10428  -  Total Bytes Received By Job
	Partitionable Resources :    Usage  Request Allocated 
	   Cpus                 :     0.99        1         1 
	   Disk (KB)            :    46          12      3184 
	   GPUs                 :                           0 
	   Memory (MB)          :   149        3000      3000 

	Job terminated of its own accord at 2025-02-17T00:30:40Z with exit-code 0.
...
