000 (16626177.432.000) 02/17 00:58:07 Job submitted from host: <188.185.72.155:9618?addrs=188.185.72.155-9618+[2001-1458-d00-8--100-95]-9618&alias=bigbird08.cern.ch&noUDP&sock=schedd_862983_22fa>
...
040 (16626177.432.000) 02/17 01:05:12 Started transferring input files
	Transferring to host: <188.185.194.76:9618?addrs=188.185.194.76-9618+[2001-1458-303-21--100-48]-9618&alias=b9p20p3147.cern.ch&noUDP&sock=slot1_18_453571_8d25_75523>
...
040 (16626177.432.000) 02/17 01:05:12 Finished transferring input files
...
001 (16626177.432.000) 02/17 01:05:13 Job executing on host: <188.185.194.76:9618?addrs=188.185.194.76-9618+[2001-1458-303-21--100-48]-9618&alias=b9p20p3147.cern.ch&noUDP&sock=startd_8079_19b9>
	SlotName: slot1_18@b9p20p3147.cern.ch
	CondorScratchDir = "/pool/condor/dir_2884192"
	Cpus = 1
	Disk = 3950
	GPUs = 0
	Memory = 3000
...
006 (16626177.432.000) 02/17 01:05:21 Image size of job updated: 1888
	2  -  MemoryUsage of job (MB)
	1888  -  ResidentSetSize of job (KB)
...
006 (16626177.432.000) 02/17 01:10:21 Image size of job updated: 102024
	100  -  MemoryUsage of job (MB)
	102024  -  ResidentSetSize of job (KB)
...
006 (16626177.432.000) 02/17 01:15:22 Image size of job updated: 140404
	138  -  MemoryUsage of job (MB)
	140404  -  ResidentSetSize of job (KB)
...
006 (16626177.432.000) 02/17 01:20:23 Image size of job updated: 142316
	139  -  MemoryUsage of job (MB)
	142316  -  ResidentSetSize of job (KB)
...
006 (16626177.432.000) 02/17 01:25:23 Image size of job updated: 143672
	141  -  MemoryUsage of job (MB)
	143672  -  ResidentSetSize of job (KB)
...
006 (16626177.432.000) 02/17 01:35:25 Image size of job updated: 155816
	153  -  MemoryUsage of job (MB)
	155816  -  ResidentSetSize of job (KB)
...
006 (16626177.432.000) 02/17 01:40:25 Image size of job updated: 156844
	154  -  MemoryUsage of job (MB)
	156844  -  ResidentSetSize of job (KB)
...
006 (16626177.432.000) 02/17 01:45:25 Image size of job updated: 162124
	159  -  MemoryUsage of job (MB)
	162124  -  ResidentSetSize of job (KB)
...
040 (16626177.432.000) 02/17 01:49:17 Started transferring output files
...
040 (16626177.432.000) 02/17 01:49:17 Finished transferring output files
...
005 (16626177.432.000) 02/17 01:49:17 Job terminated.
	(1) Normal termination (return value 0)
		Usr 0 00:43:19, Sys 0 00:00:01  -  Run Remote Usage
		Usr 0 00:00:00, Sys 0 00:00:00  -  Run Local Usage
		Usr 0 00:43:19, Sys 0 00:00:01  -  Total Remote Usage
		Usr 0 00:00:00, Sys 0 00:00:00  -  Total Local Usage
	8155  -  Run Bytes Sent By Job
	10428  -  Run Bytes Received By Job
	8155  -  Total Bytes Sent By Job
	10428  -  Total Bytes Received By Job
	Partitionable Resources :    Usage  Request Allocated 
	   Cpus                 :     0.99        1         1 
	   Disk (KB)            :    43          12      3950 
	   GPUs                 :                           0 
	   Memory (MB)          :   159        3000      3000 

	Job terminated of its own accord at 2025-02-17T00:49:17Z with exit-code 0.
...
