000 (16626177.209.000) 02/17 00:58:07 Job submitted from host: <188.185.72.155:9618?addrs=188.185.72.155-9618+[2001-1458-d00-8--100-95]-9618&alias=bigbird08.cern.ch&noUDP&sock=schedd_862983_22fa>
...
040 (16626177.209.000) 02/17 01:00:37 Started transferring input files
	Transferring to host: <128.142.33.220:9618?addrs=128.142.33.220-9618+[2001-1458-301-39--100-19]-9618&alias=b9g24p0879.cern.ch&noUDP&sock=slot1_12_4754_5f7a_67862>
...
040 (16626177.209.000) 02/17 01:00:37 Finished transferring input files
...
001 (16626177.209.000) 02/17 01:00:38 Job executing on host: <128.142.33.220:9618?addrs=128.142.33.220-9618+[2001-1458-301-39--100-19]-9618&alias=b9g24p0879.cern.ch&noUDP&sock=startd_3992_c228>
	SlotName: slot1_12@b9g24p0879.cern.ch
	CondorScratchDir = "/pool/condor/dir_1633841"
	Cpus = 1
	Disk = 3768
	GPUs = 0
	Memory = 3000
...
006 (16626177.209.000) 02/17 01:00:47 Image size of job updated: 197716
	194  -  MemoryUsage of job (MB)
	197716  -  ResidentSetSize of job (KB)
...
006 (16626177.209.000) 02/17 01:05:48 Image size of job updated: 246752
	241  -  MemoryUsage of job (MB)
	246752  -  ResidentSetSize of job (KB)
...
006 (16626177.209.000) 02/17 01:10:48 Image size of job updated: 284232
	278  -  MemoryUsage of job (MB)
	284232  -  ResidentSetSize of job (KB)
...
006 (16626177.209.000) 02/17 01:15:49 Image size of job updated: 288236
	282  -  MemoryUsage of job (MB)
	288236  -  ResidentSetSize of job (KB)
...
006 (16626177.209.000) 02/17 01:20:50 Image size of job updated: 290648
	284  -  MemoryUsage of job (MB)
	290648  -  ResidentSetSize of job (KB)
...
006 (16626177.209.000) 02/17 01:30:50 Image size of job updated: 291932
	286  -  MemoryUsage of job (MB)
	291932  -  ResidentSetSize of job (KB)
...
006 (16626177.209.000) 02/17 01:35:51 Image size of job updated: 292664
	286  -  MemoryUsage of job (MB)
	292664  -  ResidentSetSize of job (KB)
...
006 (16626177.209.000) 02/17 01:40:51 Image size of job updated: 295764
	289  -  MemoryUsage of job (MB)
	295764  -  ResidentSetSize of job (KB)
...
040 (16626177.209.000) 02/17 01:42:23 Started transferring output files
...
040 (16626177.209.000) 02/17 01:42:23 Finished transferring output files
...
005 (16626177.209.000) 02/17 01:42:23 Job terminated.
	(1) Normal termination (return value 0)
		Usr 0 00:37:39, Sys 0 00:00:02  -  Run Remote Usage
		Usr 0 00:00:00, Sys 0 00:00:00  -  Run Local Usage
		Usr 0 00:37:39, Sys 0 00:00:02  -  Total Remote Usage
		Usr 0 00:00:00, Sys 0 00:00:00  -  Total Local Usage
	8235  -  Run Bytes Sent By Job
	10428  -  Run Bytes Received By Job
	8235  -  Total Bytes Sent By Job
	10428  -  Total Bytes Received By Job
	Partitionable Resources :    Usage  Request Allocated 
	   Cpus                 :     0.99        1         1 
	   Disk (KB)            :    44          12      3768 
	   GPUs                 :                           0 
	   Memory (MB)          :   289        3000      3000 

	Job terminated of its own accord at 2025-02-17T00:42:23Z with exit-code 0.
...
