000 (16626177.291.000) 02/17 00:58:07 Job submitted from host: <188.185.72.155:9618?addrs=188.185.72.155-9618+[2001-1458-d00-8--100-95]-9618&alias=bigbird08.cern.ch&noUDP&sock=schedd_862983_22fa>
...
040 (16626177.291.000) 02/17 01:04:19 Started transferring input files
	Transferring to host: <128.142.161.79:9618?addrs=128.142.161.79-9618+[2001-1458-301-b8--100-d]-9618&alias=b9g03p9237.cern.ch&noUDP&sock=slot1_3_3176796_eb18_6258>
...
040 (16626177.291.000) 02/17 01:04:19 Finished transferring input files
...
001 (16626177.291.000) 02/17 01:04:20 Job executing on host: <128.142.161.79:9618?addrs=128.142.161.79-9618+[2001-1458-301-b8--100-d]-9618&alias=b9g03p9237.cern.ch&noUDP&sock=startd_3184_89a2>
	SlotName: slot1_3@b9g03p9237.cern.ch
	CondorScratchDir = "/pool/condor/dir_902857"
	Cpus = 1
	Disk = 4044
	GPUs = 0
	Memory = 3000
...
006 (16626177.291.000) 02/17 01:04:28 Image size of job updated: 1868
	2  -  MemoryUsage of job (MB)
	1868  -  ResidentSetSize of job (KB)
...
006 (16626177.291.000) 02/17 01:09:28 Image size of job updated: 101988
	100  -  MemoryUsage of job (MB)
	101988  -  ResidentSetSize of job (KB)
...
006 (16626177.291.000) 02/17 01:14:29 Image size of job updated: 139496
	137  -  MemoryUsage of job (MB)
	139496  -  ResidentSetSize of job (KB)
...
006 (16626177.291.000) 02/17 01:19:30 Image size of job updated: 143872
	141  -  MemoryUsage of job (MB)
	143872  -  ResidentSetSize of job (KB)
...
006 (16626177.291.000) 02/17 01:24:30 Image size of job updated: 144104
	141  -  MemoryUsage of job (MB)
	144104  -  ResidentSetSize of job (KB)
...
006 (16626177.291.000) 02/17 01:44:33 Image size of job updated: 156408
	153  -  MemoryUsage of job (MB)
	156408  -  ResidentSetSize of job (KB)
...
006 (16626177.291.000) 02/17 01:49:34 Image size of job updated: 157684
	154  -  MemoryUsage of job (MB)
	157684  -  ResidentSetSize of job (KB)
...
006 (16626177.291.000) 02/17 01:54:34 Image size of job updated: 158620
	155  -  MemoryUsage of job (MB)
	158620  -  ResidentSetSize of job (KB)
...
006 (16626177.291.000) 02/17 01:59:34 Image size of job updated: 159524
	156  -  MemoryUsage of job (MB)
	159524  -  ResidentSetSize of job (KB)
...
006 (16626177.291.000) 02/17 02:04:35 Image size of job updated: 162060
	159  -  MemoryUsage of job (MB)
	162060  -  ResidentSetSize of job (KB)
...
040 (16626177.291.000) 02/17 02:07:59 Started transferring output files
...
040 (16626177.291.000) 02/17 02:07:59 Finished transferring output files
...
005 (16626177.291.000) 02/17 02:07:59 Job terminated.
	(1) Normal termination (return value 0)
		Usr 0 01:00:59, Sys 0 00:00:02  -  Run Remote Usage
		Usr 0 00:00:00, Sys 0 00:00:00  -  Run Local Usage
		Usr 0 01:00:59, Sys 0 00:00:02  -  Total Remote Usage
		Usr 0 00:00:00, Sys 0 00:00:00  -  Total Local Usage
	8155  -  Run Bytes Sent By Job
	10428  -  Run Bytes Received By Job
	8155  -  Total Bytes Sent By Job
	10428  -  Total Bytes Received By Job
	Partitionable Resources :    Usage  Request Allocated 
	   Cpus                 :     0.92        1         1 
	   Disk (KB)            :    43          12      4044 
	   GPUs                 :                           0 
	   Memory (MB)          :   159        3000      3000 

	Job terminated of its own accord at 2025-02-17T01:07:59Z with exit-code 0.
...
