000 (16626177.005.000) 02/17 00:58:07 Job submitted from host: <188.185.72.155:9618?addrs=188.185.72.155-9618+[2001-1458-d00-8--100-95]-9618&alias=bigbird08.cern.ch&noUDP&sock=schedd_862983_22fa>
...
040 (16626177.005.000) 02/17 00:58:13 Started transferring input files
	Transferring to host: <188.185.194.73:9618?addrs=188.185.194.73-9618+[2001-1458-303-21--100-45]-9618&alias=b9p20p4442.cern.ch&noUDP&sock=slot1_22_2627299_926f_1849>
...
040 (16626177.005.000) 02/17 00:58:13 Finished transferring input files
...
001 (16626177.005.000) 02/17 00:58:14 Job executing on host: <188.185.194.73:9618?addrs=188.185.194.73-9618+[2001-1458-303-21--100-45]-9618&alias=b9p20p4442.cern.ch&noUDP&sock=startd_4707_305f>
	SlotName: slot1_22@b9p20p4442.cern.ch
	CondorScratchDir = "/pool/condor/dir_1994475"
	Cpus = 1
	Disk = 3929
	GPUs = 0
	Memory = 3000
...
006 (16626177.005.000) 02/17 00:58:23 Image size of job updated: 359700
	352  -  MemoryUsage of job (MB)
	359700  -  ResidentSetSize of job (KB)
...
006 (16626177.005.000) 02/17 01:03:24 Image size of job updated: 416348
	407  -  MemoryUsage of job (MB)
	416348  -  ResidentSetSize of job (KB)
...
006 (16626177.005.000) 02/17 01:08:25 Image size of job updated: 417504
	408  -  MemoryUsage of job (MB)
	417504  -  ResidentSetSize of job (KB)
...
006 (16626177.005.000) 02/17 01:13:25 Image size of job updated: 421376
	412  -  MemoryUsage of job (MB)
	421376  -  ResidentSetSize of job (KB)
...
006 (16626177.005.000) 02/17 01:18:26 Image size of job updated: 421612
	412  -  MemoryUsage of job (MB)
	421612  -  ResidentSetSize of job (KB)
...
006 (16626177.005.000) 02/17 01:23:27 Image size of job updated: 423728
	414  -  MemoryUsage of job (MB)
	423728  -  ResidentSetSize of job (KB)
...
006 (16626177.005.000) 02/17 01:33:28 Image size of job updated: 426840
	417  -  MemoryUsage of job (MB)
	426840  -  ResidentSetSize of job (KB)
...
006 (16626177.005.000) 02/17 01:38:29 Image size of job updated: 427332
	418  -  MemoryUsage of job (MB)
	427332  -  ResidentSetSize of job (KB)
...
006 (16626177.005.000) 02/17 01:43:29 Image size of job updated: 427972
	418  -  MemoryUsage of job (MB)
	427972  -  ResidentSetSize of job (KB)
...
006 (16626177.005.000) 02/17 01:48:29 Image size of job updated: 429048
	419  -  MemoryUsage of job (MB)
	429048  -  ResidentSetSize of job (KB)
...
006 (16626177.005.000) 02/17 01:53:30 Image size of job updated: 429656
	420  -  MemoryUsage of job (MB)
	429656  -  ResidentSetSize of job (KB)
...
006 (16626177.005.000) 02/17 01:58:30 Image size of job updated: 430820
	421  -  MemoryUsage of job (MB)
	430820  -  ResidentSetSize of job (KB)
...
040 (16626177.005.000) 02/17 01:59:45 Started transferring output files
...
040 (16626177.005.000) 02/17 01:59:45 Finished transferring output files
...
005 (16626177.005.000) 02/17 01:59:45 Job terminated.
	(1) Normal termination (return value 0)
		Usr 0 01:00:23, Sys 0 00:00:04  -  Run Remote Usage
		Usr 0 00:00:00, Sys 0 00:00:00  -  Run Local Usage
		Usr 0 01:00:23, Sys 0 00:00:04  -  Total Remote Usage
		Usr 0 00:00:00, Sys 0 00:00:00  -  Total Local Usage
	8149  -  Run Bytes Sent By Job
	10428  -  Run Bytes Received By Job
	8149  -  Total Bytes Sent By Job
	10428  -  Total Bytes Received By Job
	Partitionable Resources :    Usage  Request Allocated 
	   Cpus                 :     0.99        1         1 
	   Disk (KB)            :    43          12      3929 
	   GPUs                 :                           0 
	   Memory (MB)          :   421        3000      3000 

	Job terminated of its own accord at 2025-02-17T00:59:45Z with exit-code 0.
...
