000 (16626177.437.000) 02/17 00:58:08 Job submitted from host: <188.185.72.155:9618?addrs=188.185.72.155-9618+[2001-1458-d00-8--100-95]-9618&alias=bigbird08.cern.ch&noUDP&sock=schedd_862983_22fa>
...
040 (16626177.437.000) 02/17 01:07:23 Started transferring input files
	Transferring to host: <128.142.161.140:9618?addrs=128.142.161.140-9618+[2001-1458-301-b9--100-9]-9618&alias=b9g03p3557.cern.ch&noUDP&sock=slot1_6_1097465_1fad_937>
...
040 (16626177.437.000) 02/17 01:07:23 Finished transferring input files
...
001 (16626177.437.000) 02/17 01:07:24 Job executing on host: <128.142.161.140:9618?addrs=128.142.161.140-9618+[2001-1458-301-b9--100-9]-9618&alias=b9g03p3557.cern.ch&noUDP&sock=startd_6698_d96f>
	SlotName: slot1_6@b9g03p3557.cern.ch
	CondorScratchDir = "/pool/condor/dir_1020024"
	Cpus = 1
	Disk = 3993
	GPUs = 0
	Memory = 3000
...
006 (16626177.437.000) 02/17 01:07:32 Image size of job updated: 70308
	69  -  MemoryUsage of job (MB)
	70308  -  ResidentSetSize of job (KB)
...
006 (16626177.437.000) 02/17 01:12:32 Image size of job updated: 102896
	101  -  MemoryUsage of job (MB)
	102896  -  ResidentSetSize of job (KB)
...
006 (16626177.437.000) 02/17 01:17:34 Image size of job updated: 142308
	139  -  MemoryUsage of job (MB)
	142308  -  ResidentSetSize of job (KB)
...
006 (16626177.437.000) 02/17 01:22:34 Image size of job updated: 142564
	140  -  MemoryUsage of job (MB)
	142564  -  ResidentSetSize of job (KB)
...
006 (16626177.437.000) 02/17 01:27:34 Image size of job updated: 143104
	140  -  MemoryUsage of job (MB)
	143104  -  ResidentSetSize of job (KB)
...
006 (16626177.437.000) 02/17 01:32:35 Image size of job updated: 143996
	141  -  MemoryUsage of job (MB)
	143996  -  ResidentSetSize of job (KB)
...
006 (16626177.437.000) 02/17 01:42:36 Image size of job updated: 151976
	149  -  MemoryUsage of job (MB)
	151976  -  ResidentSetSize of job (KB)
...
006 (16626177.437.000) 02/17 01:47:37 Image size of job updated: 152836
	150  -  MemoryUsage of job (MB)
	152836  -  ResidentSetSize of job (KB)
...
006 (16626177.437.000) 02/17 01:52:38 Image size of job updated: 155760
	153  -  MemoryUsage of job (MB)
	155760  -  ResidentSetSize of job (KB)
...
006 (16626177.437.000) 02/17 01:57:38 Image size of job updated: 156012
	153  -  MemoryUsage of job (MB)
	156012  -  ResidentSetSize of job (KB)
...
040 (16626177.437.000) 02/17 02:00:51 Started transferring output files
...
040 (16626177.437.000) 02/17 02:00:51 Finished transferring output files
...
005 (16626177.437.000) 02/17 02:00:51 Job terminated.
	(1) Normal termination (return value 0)
		Usr 0 00:52:41, Sys 0 00:00:02  -  Run Remote Usage
		Usr 0 00:00:00, Sys 0 00:00:00  -  Run Local Usage
		Usr 0 00:52:41, Sys 0 00:00:02  -  Total Remote Usage
		Usr 0 00:00:00, Sys 0 00:00:00  -  Total Local Usage
	8155  -  Run Bytes Sent By Job
	10428  -  Run Bytes Received By Job
	8155  -  Total Bytes Sent By Job
	10428  -  Total Bytes Received By Job
	Partitionable Resources :    Usage  Request Allocated 
	   Cpus                 :     0.99        1         1 
	   Disk (KB)            :    43          12      3993 
	   GPUs                 :                           0 
	   Memory (MB)          :   153        3000      3000 

	Job terminated of its own accord at 2025-02-17T01:00:51Z with exit-code 0.
...
