000 (16626177.004.000) 02/17 00:58:07 Job submitted from host: <188.185.72.155:9618?addrs=188.185.72.155-9618+[2001-1458-d00-8--100-95]-9618&alias=bigbird08.cern.ch&noUDP&sock=schedd_862983_22fa>
...
040 (16626177.004.000) 02/17 00:58:13 Started transferring input files
	Transferring to host: <188.185.193.29:9618?addrs=188.185.193.29-9618+[2001-1458-303-20--100-19]-9618&alias=b9p19p3577.cern.ch&noUDP&sock=slot1_22_1531683_fc66_74607>
...
040 (16626177.004.000) 02/17 00:58:13 Finished transferring input files
...
001 (16626177.004.000) 02/17 00:58:14 Job executing on host: <188.185.193.29:9618?addrs=188.185.193.29-9618+[2001-1458-303-20--100-19]-9618&alias=b9p19p3577.cern.ch&noUDP&sock=startd_9065_6a1b>
	SlotName: slot1_22@b9p19p3577.cern.ch
	CondorScratchDir = "/pool/condor/dir_281840"
	Cpus = 1
	Disk = 3842
	GPUs = 0
	Memory = 3000
...
006 (16626177.004.000) 02/17 00:58:23 Image size of job updated: 1864
	2  -  MemoryUsage of job (MB)
	1864  -  ResidentSetSize of job (KB)
...
006 (16626177.004.000) 02/17 01:03:24 Image size of job updated: 434312
	425  -  MemoryUsage of job (MB)
	434312  -  ResidentSetSize of job (KB)
...
006 (16626177.004.000) 02/17 01:08:24 Image size of job updated: 435912
	426  -  MemoryUsage of job (MB)
	435912  -  ResidentSetSize of job (KB)
...
006 (16626177.004.000) 02/17 01:13:24 Image size of job updated: 439628
	430  -  MemoryUsage of job (MB)
	439628  -  ResidentSetSize of job (KB)
...
006 (16626177.004.000) 02/17 01:18:25 Image size of job updated: 440448
	431  -  MemoryUsage of job (MB)
	440448  -  ResidentSetSize of job (KB)
...
006 (16626177.004.000) 02/17 01:23:26 Image size of job updated: 441104
	431  -  MemoryUsage of job (MB)
	441104  -  ResidentSetSize of job (KB)
...
006 (16626177.004.000) 02/17 01:28:26 Image size of job updated: 441252
	431  -  MemoryUsage of job (MB)
	441252  -  ResidentSetSize of job (KB)
...
006 (16626177.004.000) 02/17 01:33:27 Image size of job updated: 442268
	432  -  MemoryUsage of job (MB)
	442268  -  ResidentSetSize of job (KB)
...
006 (16626177.004.000) 02/17 01:38:28 Image size of job updated: 442472
	433  -  MemoryUsage of job (MB)
	442472  -  ResidentSetSize of job (KB)
...
006 (16626177.004.000) 02/17 01:43:28 Image size of job updated: 443352
	433  -  MemoryUsage of job (MB)
	443352  -  ResidentSetSize of job (KB)
...
006 (16626177.004.000) 02/17 01:48:28 Image size of job updated: 444480
	435  -  MemoryUsage of job (MB)
	444480  -  ResidentSetSize of job (KB)
...
006 (16626177.004.000) 02/17 01:53:29 Image size of job updated: 445184
	435  -  MemoryUsage of job (MB)
	445184  -  ResidentSetSize of job (KB)
...
006 (16626177.004.000) 02/17 01:58:29 Image size of job updated: 446148
	436  -  MemoryUsage of job (MB)
	446148  -  ResidentSetSize of job (KB)
...
040 (16626177.004.000) 02/17 02:01:14 Started transferring output files
...
040 (16626177.004.000) 02/17 02:01:14 Finished transferring output files
...
005 (16626177.004.000) 02/17 02:01:14 Job terminated.
	(1) Normal termination (return value 0)
		Usr 0 01:01:03, Sys 0 00:00:04  -  Run Remote Usage
		Usr 0 00:00:00, Sys 0 00:00:00  -  Run Local Usage
		Usr 0 01:01:03, Sys 0 00:00:04  -  Total Remote Usage
		Usr 0 00:00:00, Sys 0 00:00:00  -  Total Local Usage
	8149  -  Run Bytes Sent By Job
	10428  -  Run Bytes Received By Job
	8149  -  Total Bytes Sent By Job
	10428  -  Total Bytes Received By Job
	Partitionable Resources :    Usage  Request Allocated 
	   Cpus                 :     0.98        1         1 
	   Disk (KB)            :    43          12      3842 
	   GPUs                 :                           0 
	   Memory (MB)          :   436        3000      3000 

	Job terminated of its own accord at 2025-02-17T01:01:14Z with exit-code 0.
...
