000 (16626177.092.000) 02/17 00:58:07 Job submitted from host: <188.185.72.155:9618?addrs=188.185.72.155-9618+[2001-1458-d00-8--100-95]-9618&alias=bigbird08.cern.ch&noUDP&sock=schedd_862983_22fa>
...
040 (16626177.092.000) 02/17 00:58:41 Started transferring input files
	Transferring to host: <188.185.196.61:9618?addrs=188.185.196.61-9618+[2001-1458-303-23--100-39]-9618&alias=b9p16p0681.cern.ch&noUDP&sock=slot1_26_2373406_fc3b_7108>
...
040 (16626177.092.000) 02/17 00:58:41 Finished transferring input files
...
001 (16626177.092.000) 02/17 00:58:42 Job executing on host: <188.185.196.61:9618?addrs=188.185.196.61-9618+[2001-1458-303-23--100-39]-9618&alias=b9p16p0681.cern.ch&noUDP&sock=startd_6100_abcd>
	SlotName: slot1_26@b9p16p0681.cern.ch
	CondorScratchDir = "/pool/condor/dir_1998150"
	Cpus = 1
	Disk = 3855
	GPUs = 0
	Memory = 3000
...
006 (16626177.092.000) 02/17 00:58:51 Image size of job updated: 70312
	69  -  MemoryUsage of job (MB)
	70312  -  ResidentSetSize of job (KB)
...
006 (16626177.092.000) 02/17 01:03:52 Image size of job updated: 139396
	137  -  MemoryUsage of job (MB)
	139396  -  ResidentSetSize of job (KB)
...
006 (16626177.092.000) 02/17 01:08:52 Image size of job updated: 144068
	141  -  MemoryUsage of job (MB)
	144068  -  ResidentSetSize of job (KB)
...
006 (16626177.092.000) 02/17 01:13:52 Image size of job updated: 144680
	142  -  MemoryUsage of job (MB)
	144680  -  ResidentSetSize of job (KB)
...
006 (16626177.092.000) 02/17 01:18:53 Image size of job updated: 147000
	144  -  MemoryUsage of job (MB)
	147000  -  ResidentSetSize of job (KB)
...
006 (16626177.092.000) 02/17 01:23:54 Image size of job updated: 151144
	148  -  MemoryUsage of job (MB)
	151144  -  ResidentSetSize of job (KB)
...
006 (16626177.092.000) 02/17 01:28:54 Image size of job updated: 151912
	149  -  MemoryUsage of job (MB)
	151912  -  ResidentSetSize of job (KB)
...
006 (16626177.092.000) 02/17 01:33:55 Image size of job updated: 153272
	150  -  MemoryUsage of job (MB)
	153272  -  ResidentSetSize of job (KB)
...
006 (16626177.092.000) 02/17 01:38:56 Image size of job updated: 156032
	153  -  MemoryUsage of job (MB)
	156032  -  ResidentSetSize of job (KB)
...
040 (16626177.092.000) 02/17 01:40:08 Started transferring output files
...
040 (16626177.092.000) 02/17 01:40:08 Finished transferring output files
...
005 (16626177.092.000) 02/17 01:40:08 Job terminated.
	(1) Normal termination (return value 0)
		Usr 0 00:41:06, Sys 0 00:00:00  -  Run Remote Usage
		Usr 0 00:00:00, Sys 0 00:00:00  -  Run Local Usage
		Usr 0 00:41:06, Sys 0 00:00:00  -  Total Remote Usage
		Usr 0 00:00:00, Sys 0 00:00:00  -  Total Local Usage
	8152  -  Run Bytes Sent By Job
	10428  -  Run Bytes Received By Job
	8152  -  Total Bytes Sent By Job
	10428  -  Total Bytes Received By Job
	Partitionable Resources :    Usage  Request Allocated 
	   Cpus                 :     0.99        1         1 
	   Disk (KB)            :    43          12      3855 
	   GPUs                 :                           0 
	   Memory (MB)          :   153        3000      3000 

	Job terminated of its own accord at 2025-02-17T00:40:08Z with exit-code 0.
...
