000 (16626177.125.000) 02/17 00:58:07 Job submitted from host: <188.185.72.155:9618?addrs=188.185.72.155-9618+[2001-1458-d00-8--100-95]-9618&alias=bigbird08.cern.ch&noUDP&sock=schedd_862983_22fa>
...
040 (16626177.125.000) 02/17 00:58:53 Started transferring input files
	Transferring to host: <188.185.196.35:9618?addrs=188.185.196.35-9618+[2001-1458-303-23--100-1f]-9618&alias=b9p16p8087.cern.ch&noUDP&sock=slot1_36_7382_0965_119223>
...
040 (16626177.125.000) 02/17 00:58:53 Finished transferring input files
...
001 (16626177.125.000) 02/17 00:58:54 Job executing on host: <188.185.196.35:9618?addrs=188.185.196.35-9618+[2001-1458-303-23--100-1f]-9618&alias=b9p16p8087.cern.ch&noUDP&sock=startd_6280_22d9>
	SlotName: slot1_36@b9p16p8087.cern.ch
	CondorScratchDir = "/pool/condor/dir_1669959"
	Cpus = 1
	Disk = 3791
	GPUs = 0
	Memory = 3000
...
006 (16626177.125.000) 02/17 00:59:03 Image size of job updated: 95076
	93  -  MemoryUsage of job (MB)
	95076  -  ResidentSetSize of job (KB)
...
006 (16626177.125.000) 02/17 01:04:04 Image size of job updated: 100656
	99  -  MemoryUsage of job (MB)
	100656  -  ResidentSetSize of job (KB)
...
006 (16626177.125.000) 02/17 01:09:05 Image size of job updated: 140372
	138  -  MemoryUsage of job (MB)
	140372  -  ResidentSetSize of job (KB)
...
006 (16626177.125.000) 02/17 01:14:05 Image size of job updated: 143952
	141  -  MemoryUsage of job (MB)
	143952  -  ResidentSetSize of job (KB)
...
006 (16626177.125.000) 02/17 01:19:05 Image size of job updated: 144416
	142  -  MemoryUsage of job (MB)
	144416  -  ResidentSetSize of job (KB)
...
006 (16626177.125.000) 02/17 01:24:06 Image size of job updated: 147156
	144  -  MemoryUsage of job (MB)
	147156  -  ResidentSetSize of job (KB)
...
006 (16626177.125.000) 02/17 01:29:06 Image size of job updated: 147168
	144  -  MemoryUsage of job (MB)
	147168  -  ResidentSetSize of job (KB)
...
006 (16626177.125.000) 02/17 01:39:07 Image size of job updated: 160480
	157  -  MemoryUsage of job (MB)
	160480  -  ResidentSetSize of job (KB)
...
006 (16626177.125.000) 02/17 01:44:08 Image size of job updated: 161168
	158  -  MemoryUsage of job (MB)
	161168  -  ResidentSetSize of job (KB)
...
006 (16626177.125.000) 02/17 01:49:08 Image size of job updated: 161816
	159  -  MemoryUsage of job (MB)
	161816  -  ResidentSetSize of job (KB)
...
006 (16626177.125.000) 02/17 01:54:09 Image size of job updated: 164904
	162  -  MemoryUsage of job (MB)
	164904  -  ResidentSetSize of job (KB)
...
006 (16626177.125.000) 02/17 01:59:10 Image size of job updated: 169072
	166  -  MemoryUsage of job (MB)
	169072  -  ResidentSetSize of job (KB)
...
040 (16626177.125.000) 02/17 02:04:27 Started transferring output files
...
040 (16626177.125.000) 02/17 02:04:27 Finished transferring output files
...
005 (16626177.125.000) 02/17 02:04:27 Job terminated.
	(1) Normal termination (return value 0)
		Usr 0 01:04:35, Sys 0 00:00:02  -  Run Remote Usage
		Usr 0 00:00:00, Sys 0 00:00:00  -  Run Local Usage
		Usr 0 01:04:35, Sys 0 00:00:02  -  Total Remote Usage
		Usr 0 00:00:00, Sys 0 00:00:00  -  Total Local Usage
	8155  -  Run Bytes Sent By Job
	10428  -  Run Bytes Received By Job
	8155  -  Total Bytes Sent By Job
	10428  -  Total Bytes Received By Job
	Partitionable Resources :    Usage  Request Allocated 
	   Cpus                 :     0.99        1         1 
	   Disk (KB)            :    43          12      3791 
	   GPUs                 :                           0 
	   Memory (MB)          :   166        3000      3000 

	Job terminated of its own accord at 2025-02-17T01:04:27Z with exit-code 0.
...
