000 (16626177.083.000) 02/17 00:58:07 Job submitted from host: <188.185.72.155:9618?addrs=188.185.72.155-9618+[2001-1458-d00-8--100-95]-9618&alias=bigbird08.cern.ch&noUDP&sock=schedd_862983_22fa>
...
040 (16626177.083.000) 02/17 00:58:39 Started transferring input files
	Transferring to host: <128.142.161.100:9618?addrs=128.142.161.100-9618+[2001-1458-301-b8--100-22]-9618&alias=b9g03p3225.cern.ch&noUDP&sock=slot1_8_3209_c7dc_44247>
...
040 (16626177.083.000) 02/17 00:58:39 Finished transferring input files
...
001 (16626177.083.000) 02/17 00:58:40 Job executing on host: <128.142.161.100:9618?addrs=128.142.161.100-9618+[2001-1458-301-b8--100-22]-9618&alias=b9g03p3225.cern.ch&noUDP&sock=startd_3168_901f>
	SlotName: slot1_8@b9g03p3225.cern.ch
	CondorScratchDir = "/pool/condor/dir_1091791"
	Cpus = 1
	Disk = 3979
	GPUs = 0
	Memory = 3000
...
006 (16626177.083.000) 02/17 00:58:48 Image size of job updated: 378592
	370  -  MemoryUsage of job (MB)
	378592  -  ResidentSetSize of job (KB)
...
006 (16626177.083.000) 02/17 01:03:48 Image size of job updated: 409316
	400  -  MemoryUsage of job (MB)
	409316  -  ResidentSetSize of job (KB)
...
006 (16626177.083.000) 02/17 01:08:50 Image size of job updated: 447104
	437  -  MemoryUsage of job (MB)
	447104  -  ResidentSetSize of job (KB)
...
006 (16626177.083.000) 02/17 01:13:50 Image size of job updated: 450148
	440  -  MemoryUsage of job (MB)
	450148  -  ResidentSetSize of job (KB)
...
006 (16626177.083.000) 02/17 01:18:50 Image size of job updated: 451228
	441  -  MemoryUsage of job (MB)
	451228  -  ResidentSetSize of job (KB)
...
006 (16626177.083.000) 02/17 01:23:51 Image size of job updated: 452080
	442  -  MemoryUsage of job (MB)
	452080  -  ResidentSetSize of job (KB)
...
006 (16626177.083.000) 02/17 01:28:52 Image size of job updated: 452816
	443  -  MemoryUsage of job (MB)
	452816  -  ResidentSetSize of job (KB)
...
006 (16626177.083.000) 02/17 01:38:53 Image size of job updated: 468340
	458  -  MemoryUsage of job (MB)
	468340  -  ResidentSetSize of job (KB)
...
006 (16626177.083.000) 02/17 01:43:54 Image size of job updated: 468720
	458  -  MemoryUsage of job (MB)
	468720  -  ResidentSetSize of job (KB)
...
006 (16626177.083.000) 02/17 01:48:54 Image size of job updated: 469448
	459  -  MemoryUsage of job (MB)
	469448  -  ResidentSetSize of job (KB)
...
006 (16626177.083.000) 02/17 01:53:54 Image size of job updated: 473020
	462  -  MemoryUsage of job (MB)
	473020  -  ResidentSetSize of job (KB)
...
006 (16626177.083.000) 02/17 01:58:55 Image size of job updated: 475224
	465  -  MemoryUsage of job (MB)
	475224  -  ResidentSetSize of job (KB)
...
006 (16626177.083.000) 02/17 02:03:55 Image size of job updated: 477276
	467  -  MemoryUsage of job (MB)
	477276  -  ResidentSetSize of job (KB)
...
040 (16626177.083.000) 02/17 02:06:14 Started transferring output files
...
040 (16626177.083.000) 02/17 02:06:14 Finished transferring output files
...
005 (16626177.083.000) 02/17 02:06:14 Job terminated.
	(1) Normal termination (return value 0)
		Usr 0 01:04:58, Sys 0 00:00:03  -  Run Remote Usage
		Usr 0 00:00:00, Sys 0 00:00:00  -  Run Local Usage
		Usr 0 01:04:58, Sys 0 00:00:03  -  Total Remote Usage
		Usr 0 00:00:00, Sys 0 00:00:00  -  Total Local Usage
	8150  -  Run Bytes Sent By Job
	10428  -  Run Bytes Received By Job
	8150  -  Total Bytes Sent By Job
	10428  -  Total Bytes Received By Job
	Partitionable Resources :    Usage  Request Allocated 
	   Cpus                 :     0.98        1         1 
	   Disk (KB)            :    43          12      3979 
	   GPUs                 :                           0 
	   Memory (MB)          :   467        3000      3000 

	Job terminated of its own accord at 2025-02-17T01:06:14Z with exit-code 0.
...
