000 (16626177.310.000) 02/17 00:58:07 Job submitted from host: <188.185.72.155:9618?addrs=188.185.72.155-9618+[2001-1458-d00-8--100-95]-9618&alias=bigbird08.cern.ch&noUDP&sock=schedd_862983_22fa>
...
040 (16626177.310.000) 02/17 01:04:27 Started transferring input files
	Transferring to host: <128.142.161.93:9618?addrs=128.142.161.93-9618+[2001-1458-301-b8--100-1b]-9618&alias=b9g03p6806.cern.ch&noUDP&sock=slot1_6_1620577_d9c5_10783>
...
040 (16626177.310.000) 02/17 01:04:27 Finished transferring input files
...
001 (16626177.310.000) 02/17 01:04:28 Job executing on host: <128.142.161.93:9618?addrs=128.142.161.93-9618+[2001-1458-301-b8--100-1b]-9618&alias=b9g03p6806.cern.ch&noUDP&sock=startd_80349_4f30>
	SlotName: slot1_6@b9g03p6806.cern.ch
	CondorScratchDir = "/pool/condor/dir_1991203"
	Cpus = 1
	Disk = 4057
	GPUs = 0
	Memory = 3000
...
006 (16626177.310.000) 02/17 01:04:37 Image size of job updated: 383916
	375  -  MemoryUsage of job (MB)
	383916  -  ResidentSetSize of job (KB)
...
006 (16626177.310.000) 02/17 01:09:38 Image size of job updated: 416304
	407  -  MemoryUsage of job (MB)
	416304  -  ResidentSetSize of job (KB)
...
006 (16626177.310.000) 02/17 01:14:38 Image size of job updated: 453700
	444  -  MemoryUsage of job (MB)
	453700  -  ResidentSetSize of job (KB)
...
006 (16626177.310.000) 02/17 01:19:39 Image size of job updated: 456548
	446  -  MemoryUsage of job (MB)
	456548  -  ResidentSetSize of job (KB)
...
006 (16626177.310.000) 02/17 01:24:40 Image size of job updated: 457572
	447  -  MemoryUsage of job (MB)
	457572  -  ResidentSetSize of job (KB)
...
006 (16626177.310.000) 02/17 01:29:40 Image size of job updated: 458116
	448  -  MemoryUsage of job (MB)
	458116  -  ResidentSetSize of job (KB)
...
006 (16626177.310.000) 02/17 01:34:40 Image size of job updated: 460804
	451  -  MemoryUsage of job (MB)
	460804  -  ResidentSetSize of job (KB)
...
006 (16626177.310.000) 02/17 01:49:41 Image size of job updated: 460900
	451  -  MemoryUsage of job (MB)
	460900  -  ResidentSetSize of job (KB)
...
006 (16626177.310.000) 02/17 01:54:42 Image size of job updated: 461340
	451  -  MemoryUsage of job (MB)
	461340  -  ResidentSetSize of job (KB)
...
006 (16626177.310.000) 02/17 01:59:42 Image size of job updated: 462208
	452  -  MemoryUsage of job (MB)
	462208  -  ResidentSetSize of job (KB)
...
006 (16626177.310.000) 02/17 02:04:42 Image size of job updated: 466092
	456  -  MemoryUsage of job (MB)
	466092  -  ResidentSetSize of job (KB)
...
006 (16626177.310.000) 02/17 02:09:43 Image size of job updated: 468520
	458  -  MemoryUsage of job (MB)
	468520  -  ResidentSetSize of job (KB)
...
040 (16626177.310.000) 02/17 02:17:29 Started transferring output files
...
040 (16626177.310.000) 02/17 02:17:29 Finished transferring output files
...
005 (16626177.310.000) 02/17 02:17:29 Job terminated.
	(1) Normal termination (return value 0)
		Usr 0 01:04:40, Sys 0 00:00:04  -  Run Remote Usage
		Usr 0 00:00:00, Sys 0 00:00:00  -  Run Local Usage
		Usr 0 01:04:40, Sys 0 00:00:04  -  Total Remote Usage
		Usr 0 00:00:00, Sys 0 00:00:00  -  Total Local Usage
	8155  -  Run Bytes Sent By Job
	10428  -  Run Bytes Received By Job
	8155  -  Total Bytes Sent By Job
	10428  -  Total Bytes Received By Job
	Partitionable Resources :    Usage  Request Allocated 
	   Cpus                 :     0.89        1         1 
	   Disk (KB)            :    43          12      4057 
	   GPUs                 :                           0 
	   Memory (MB)          :   458        3000      3000 

	Job terminated of its own accord at 2025-02-17T01:17:29Z with exit-code 0.
...
