000 (16626177.301.000) 02/17 00:58:07 Job submitted from host: <188.185.72.155:9618?addrs=188.185.72.155-9618+[2001-1458-d00-8--100-95]-9618&alias=bigbird08.cern.ch&noUDP&sock=schedd_862983_22fa>
...
040 (16626177.301.000) 02/17 01:04:23 Started transferring input files
	Transferring to host: <188.185.195.95:9618?addrs=188.185.195.95-9618+[2001-1458-303-22--100-5b]-9618&alias=b9p17p1975.cern.ch&noUDP&sock=slot1_11_451504_29b1_13350>
...
040 (16626177.301.000) 02/17 01:04:23 Finished transferring input files
...
001 (16626177.301.000) 02/17 01:04:24 Job executing on host: <188.185.195.95:9618?addrs=188.185.195.95-9618+[2001-1458-303-22--100-5b]-9618&alias=b9p17p1975.cern.ch&noUDP&sock=startd_2058406_e234>
	SlotName: slot1_11@b9p17p1975.cern.ch
	CondorScratchDir = "/pool/condor/dir_1918586"
	Cpus = 1
	Disk = 3922
	GPUs = 0
	Memory = 3000
...
006 (16626177.301.000) 02/17 01:04:33 Image size of job updated: 102412
	101  -  MemoryUsage of job (MB)
	102412  -  ResidentSetSize of job (KB)
...
006 (16626177.301.000) 02/17 01:14:35 Image size of job updated: 121804
	119  -  MemoryUsage of job (MB)
	121804  -  ResidentSetSize of job (KB)
...
040 (16626177.301.000) 02/17 01:57:08 Started transferring output files
...
040 (16626177.301.000) 02/17 01:57:08 Finished transferring output files
...
005 (16626177.301.000) 02/17 01:57:08 Job terminated.
	(1) Normal termination (return value 0)
		Usr 0 00:52:08, Sys 0 00:00:02  -  Run Remote Usage
		Usr 0 00:00:00, Sys 0 00:00:00  -  Run Local Usage
		Usr 0 00:52:08, Sys 0 00:00:02  -  Total Remote Usage
		Usr 0 00:00:00, Sys 0 00:00:00  -  Total Local Usage
	8155  -  Run Bytes Sent By Job
	10428  -  Run Bytes Received By Job
	8155  -  Total Bytes Sent By Job
	10428  -  Total Bytes Received By Job
	Partitionable Resources :    Usage  Request Allocated 
	   Cpus                 :     0.99        1         1 
	   Disk (KB)            :    44          12      3922 
	   GPUs                 :                           0 
	   Memory (MB)          :   119        3000      3000 

	Job terminated of its own accord at 2025-02-17T00:57:08Z with exit-code 0.
...
