000 (16626177.402.000) 02/17 00:58:07 Job submitted from host: <188.185.72.155:9618?addrs=188.185.72.155-9618+[2001-1458-d00-8--100-95]-9618&alias=bigbird08.cern.ch&noUDP&sock=schedd_862983_22fa>
...
040 (16626177.402.000) 02/17 01:04:56 Started transferring input files
	Transferring to host: <188.185.207.180:9618?addrs=188.185.207.180-9618+[2001-1458-303-e--100-31]-9618&alias=b9p08p9471.cern.ch&noUDP&sock=slot1_51_7929_729c_128370>
...
040 (16626177.402.000) 02/17 01:04:56 Finished transferring input files
...
001 (16626177.402.000) 02/17 01:04:57 Job executing on host: <188.185.207.180:9618?addrs=188.185.207.180-9618+[2001-1458-303-e--100-31]-9618&alias=b9p08p9471.cern.ch&noUDP&sock=startd_7025_24e7>
	SlotName: slot1_51@b9p08p9471.cern.ch
	CondorScratchDir = "/pool/condor/dir_2926811"
	Cpus = 1
	Disk = 3672
	GPUs = 0
	Memory = 3000
...
006 (16626177.402.000) 02/17 01:05:05 Image size of job updated: 101524
	100  -  MemoryUsage of job (MB)
	101524  -  ResidentSetSize of job (KB)
...
006 (16626177.402.000) 02/17 01:10:05 Image size of job updated: 140708
	138  -  MemoryUsage of job (MB)
	140708  -  ResidentSetSize of job (KB)
...
006 (16626177.402.000) 02/17 01:15:06 Image size of job updated: 145452
	143  -  MemoryUsage of job (MB)
	145452  -  ResidentSetSize of job (KB)
...
006 (16626177.402.000) 02/17 01:20:06 Image size of job updated: 145800
	143  -  MemoryUsage of job (MB)
	145800  -  ResidentSetSize of job (KB)
...
006 (16626177.402.000) 02/17 01:25:06 Image size of job updated: 147644
	145  -  MemoryUsage of job (MB)
	147644  -  ResidentSetSize of job (KB)
...
006 (16626177.402.000) 02/17 01:35:08 Image size of job updated: 147732
	145  -  MemoryUsage of job (MB)
	147732  -  ResidentSetSize of job (KB)
...
006 (16626177.402.000) 02/17 01:40:08 Image size of job updated: 152032
	149  -  MemoryUsage of job (MB)
	152032  -  ResidentSetSize of job (KB)
...
006 (16626177.402.000) 02/17 01:45:09 Image size of job updated: 152816
	150  -  MemoryUsage of job (MB)
	152816  -  ResidentSetSize of job (KB)
...
040 (16626177.402.000) 02/17 01:45:11 Started transferring output files
...
040 (16626177.402.000) 02/17 01:45:11 Finished transferring output files
...
005 (16626177.402.000) 02/17 01:45:11 Job terminated.
	(1) Normal termination (return value 0)
		Usr 0 00:39:21, Sys 0 00:00:02  -  Run Remote Usage
		Usr 0 00:00:00, Sys 0 00:00:00  -  Run Local Usage
		Usr 0 00:39:21, Sys 0 00:00:02  -  Total Remote Usage
		Usr 0 00:00:00, Sys 0 00:00:00  -  Total Local Usage
	8155  -  Run Bytes Sent By Job
	10428  -  Run Bytes Received By Job
	8155  -  Total Bytes Sent By Job
	10428  -  Total Bytes Received By Job
	Partitionable Resources :    Usage  Request Allocated 
	   Cpus                 :     0.99        1         1 
	   Disk (KB)            :    48          12      3672 
	   GPUs                 :                           0 
	   Memory (MB)          :   150        3000      3000 

	Job terminated of its own accord at 2025-02-17T00:45:11Z with exit-code 0.
...
