000 (16626177.253.000) 02/17 00:58:07 Job submitted from host: <188.185.72.155:9618?addrs=188.185.72.155-9618+[2001-1458-d00-8--100-95]-9618&alias=bigbird08.cern.ch&noUDP&sock=schedd_862983_22fa>
...
040 (16626177.253.000) 02/17 01:00:49 Started transferring input files
	Transferring to host: <188.185.196.27:9618?addrs=188.185.196.27-9618+[2001-1458-303-23--100-17]-9618&alias=b9p16p7172.cern.ch&noUDP&sock=slot1_33_8570_1716_119015>
...
040 (16626177.253.000) 02/17 01:00:49 Finished transferring input files
...
001 (16626177.253.000) 02/17 01:00:50 Job executing on host: <188.185.196.27:9618?addrs=188.185.196.27-9618+[2001-1458-303-23--100-17]-9618&alias=b9p16p7172.cern.ch&noUDP&sock=startd_7322_dc88>
	SlotName: slot1_33@b9p16p7172.cern.ch
	CondorScratchDir = "/pool/condor/dir_4152104"
	Cpus = 1
	Disk = 3773
	GPUs = 0
	Memory = 3000
...
006 (16626177.253.000) 02/17 01:00:59 Image size of job updated: 99528
	98  -  MemoryUsage of job (MB)
	99528  -  ResidentSetSize of job (KB)
...
006 (16626177.253.000) 02/17 01:06:00 Image size of job updated: 137088
	134  -  MemoryUsage of job (MB)
	137088  -  ResidentSetSize of job (KB)
...
006 (16626177.253.000) 02/17 01:11:01 Image size of job updated: 141496
	139  -  MemoryUsage of job (MB)
	141496  -  ResidentSetSize of job (KB)
...
006 (16626177.253.000) 02/17 01:16:01 Image size of job updated: 142744
	140  -  MemoryUsage of job (MB)
	142744  -  ResidentSetSize of job (KB)
...
006 (16626177.253.000) 02/17 01:26:02 Image size of job updated: 147996
	145  -  MemoryUsage of job (MB)
	147996  -  ResidentSetSize of job (KB)
...
006 (16626177.253.000) 02/17 01:31:02 Image size of job updated: 148168
	145  -  MemoryUsage of job (MB)
	148168  -  ResidentSetSize of job (KB)
...
006 (16626177.253.000) 02/17 01:36:02 Image size of job updated: 152220
	149  -  MemoryUsage of job (MB)
	152220  -  ResidentSetSize of job (KB)
...
006 (16626177.253.000) 02/17 01:41:03 Image size of job updated: 154048
	151  -  MemoryUsage of job (MB)
	154048  -  ResidentSetSize of job (KB)
...
040 (16626177.253.000) 02/17 01:44:31 Started transferring output files
...
040 (16626177.253.000) 02/17 01:44:31 Finished transferring output files
...
005 (16626177.253.000) 02/17 01:44:31 Job terminated.
	(1) Normal termination (return value 0)
		Usr 0 00:43:17, Sys 0 00:00:01  -  Run Remote Usage
		Usr 0 00:00:00, Sys 0 00:00:00  -  Run Local Usage
		Usr 0 00:43:17, Sys 0 00:00:01  -  Total Remote Usage
		Usr 0 00:00:00, Sys 0 00:00:00  -  Total Local Usage
	8155  -  Run Bytes Sent By Job
	10428  -  Run Bytes Received By Job
	8155  -  Total Bytes Sent By Job
	10428  -  Total Bytes Received By Job
	Partitionable Resources :    Usage  Request Allocated 
	   Cpus                 :     0.99        1         1 
	   Disk (KB)            :    43          12      3773 
	   GPUs                 :                           0 
	   Memory (MB)          :   151        3000      3000 

	Job terminated of its own accord at 2025-02-17T00:44:31Z with exit-code 0.
...
