000 (16626177.356.000) 02/17 00:58:07 Job submitted from host: <188.185.72.155:9618?addrs=188.185.72.155-9618+[2001-1458-d00-8--100-95]-9618&alias=bigbird08.cern.ch&noUDP&sock=schedd_862983_22fa>
...
040 (16626177.356.000) 02/17 01:04:44 Started transferring input files
	Transferring to host: <188.185.194.120:9618?addrs=188.185.194.120-9618+[2001-1458-303-21--100-74]-9618&alias=b9p20p8045.cern.ch&noUDP&sock=slot1_13_492636_60ba_731>
...
040 (16626177.356.000) 02/17 01:04:44 Finished transferring input files
...
001 (16626177.356.000) 02/17 01:04:45 Job executing on host: <188.185.194.120:9618?addrs=188.185.194.120-9618+[2001-1458-303-21--100-74]-9618&alias=b9p20p8045.cern.ch&noUDP&sock=startd_8975_ae95>
	SlotName: slot1_13@b9p20p8045.cern.ch
	CondorScratchDir = "/pool/condor/dir_3253730"
	Cpus = 1
	Disk = 3938
	GPUs = 0
	Memory = 3000
...
006 (16626177.356.000) 02/17 01:04:54 Image size of job updated: 103412
	101  -  MemoryUsage of job (MB)
	103412  -  ResidentSetSize of job (KB)
...
006 (16626177.356.000) 02/17 01:09:55 Image size of job updated: 139152
	136  -  MemoryUsage of job (MB)
	139152  -  ResidentSetSize of job (KB)
...
006 (16626177.356.000) 02/17 01:14:56 Image size of job updated: 142388
	140  -  MemoryUsage of job (MB)
	142388  -  ResidentSetSize of job (KB)
...
006 (16626177.356.000) 02/17 01:19:56 Image size of job updated: 144028
	141  -  MemoryUsage of job (MB)
	144028  -  ResidentSetSize of job (KB)
...
006 (16626177.356.000) 02/17 01:24:56 Image size of job updated: 144516
	142  -  MemoryUsage of job (MB)
	144516  -  ResidentSetSize of job (KB)
...
006 (16626177.356.000) 02/17 01:29:57 Image size of job updated: 147760
	145  -  MemoryUsage of job (MB)
	147760  -  ResidentSetSize of job (KB)
...
006 (16626177.356.000) 02/17 01:34:57 Image size of job updated: 160344
	157  -  MemoryUsage of job (MB)
	160344  -  ResidentSetSize of job (KB)
...
006 (16626177.356.000) 02/17 01:39:57 Image size of job updated: 161120
	158  -  MemoryUsage of job (MB)
	161120  -  ResidentSetSize of job (KB)
...
006 (16626177.356.000) 02/17 01:44:58 Image size of job updated: 162140
	159  -  MemoryUsage of job (MB)
	162140  -  ResidentSetSize of job (KB)
...
040 (16626177.356.000) 02/17 01:49:09 Started transferring output files
...
040 (16626177.356.000) 02/17 01:49:09 Finished transferring output files
...
005 (16626177.356.000) 02/17 01:49:09 Job terminated.
	(1) Normal termination (return value 0)
		Usr 0 00:43:59, Sys 0 00:00:01  -  Run Remote Usage
		Usr 0 00:00:00, Sys 0 00:00:00  -  Run Local Usage
		Usr 0 00:43:59, Sys 0 00:00:01  -  Total Remote Usage
		Usr 0 00:00:00, Sys 0 00:00:00  -  Total Local Usage
	8155  -  Run Bytes Sent By Job
	10428  -  Run Bytes Received By Job
	8155  -  Total Bytes Sent By Job
	10428  -  Total Bytes Received By Job
	Partitionable Resources :    Usage  Request Allocated 
	   Cpus                 :     0.99        1         1 
	   Disk (KB)            :    43          12      3938 
	   GPUs                 :                           0 
	   Memory (MB)          :   159        3000      3000 

	Job terminated of its own accord at 2025-02-17T00:49:09Z with exit-code 0.
...
