000 (16626177.415.000) 02/17 00:58:07 Job submitted from host: <188.185.72.155:9618?addrs=188.185.72.155-9618+[2001-1458-d00-8--100-95]-9618&alias=bigbird08.cern.ch&noUDP&sock=schedd_862983_22fa>
...
040 (16626177.415.000) 02/17 01:05:06 Started transferring input files
	Transferring to host: <188.185.193.119:9618?addrs=188.185.193.119-9618+[2001-1458-303-20--100-73]-9618&alias=b9p19p8272.cern.ch&noUDP&sock=slot1_20_3048025_1984_5568>
...
040 (16626177.415.000) 02/17 01:05:06 Finished transferring input files
...
001 (16626177.415.000) 02/17 01:05:07 Job executing on host: <188.185.193.119:9618?addrs=188.185.193.119-9618+[2001-1458-303-20--100-73]-9618&alias=b9p19p8272.cern.ch&noUDP&sock=startd_1552682_48af>
	SlotName: slot1_20@b9p19p8272.cern.ch
	CondorScratchDir = "/pool/condor/dir_1231388"
	Cpus = 1
	Disk = 3766
	GPUs = 0
	Memory = 3000
...
006 (16626177.415.000) 02/17 01:05:16 Image size of job updated: 1892
	2  -  MemoryUsage of job (MB)
	1892  -  ResidentSetSize of job (KB)
...
006 (16626177.415.000) 02/17 01:10:17 Image size of job updated: 100596
	99  -  MemoryUsage of job (MB)
	100596  -  ResidentSetSize of job (KB)
...
006 (16626177.415.000) 02/17 01:15:18 Image size of job updated: 137776
	135  -  MemoryUsage of job (MB)
	137776  -  ResidentSetSize of job (KB)
...
006 (16626177.415.000) 02/17 01:20:18 Image size of job updated: 141248
	138  -  MemoryUsage of job (MB)
	141248  -  ResidentSetSize of job (KB)
...
006 (16626177.415.000) 02/17 01:25:18 Image size of job updated: 142696
	140  -  MemoryUsage of job (MB)
	142696  -  ResidentSetSize of job (KB)
...
006 (16626177.415.000) 02/17 01:35:19 Image size of job updated: 145404
	142  -  MemoryUsage of job (MB)
	145404  -  ResidentSetSize of job (KB)
...
006 (16626177.415.000) 02/17 01:40:19 Image size of job updated: 146420
	143  -  MemoryUsage of job (MB)
	146420  -  ResidentSetSize of job (KB)
...
006 (16626177.415.000) 02/17 01:45:20 Image size of job updated: 150824
	148  -  MemoryUsage of job (MB)
	150824  -  ResidentSetSize of job (KB)
...
040 (16626177.415.000) 02/17 01:50:29 Started transferring output files
...
040 (16626177.415.000) 02/17 01:50:29 Finished transferring output files
...
005 (16626177.415.000) 02/17 01:50:29 Job terminated.
	(1) Normal termination (return value 0)
		Usr 0 00:44:36, Sys 0 00:00:01  -  Run Remote Usage
		Usr 0 00:00:00, Sys 0 00:00:00  -  Run Local Usage
		Usr 0 00:44:36, Sys 0 00:00:01  -  Total Remote Usage
		Usr 0 00:00:00, Sys 0 00:00:00  -  Total Local Usage
	8155  -  Run Bytes Sent By Job
	10428  -  Run Bytes Received By Job
	8155  -  Total Bytes Sent By Job
	10428  -  Total Bytes Received By Job
	Partitionable Resources :    Usage  Request Allocated 
	   Cpus                 :     0.99        1         1 
	   Disk (KB)            :    44          12      3766 
	   GPUs                 :                           0 
	   Memory (MB)          :   148        3000      3000 

	Job terminated of its own accord at 2025-02-17T00:50:29Z with exit-code 0.
...
