000 (16626177.040.000) 02/17 00:58:07 Job submitted from host: <188.185.72.155:9618?addrs=188.185.72.155-9618+[2001-1458-d00-8--100-95]-9618&alias=bigbird08.cern.ch&noUDP&sock=schedd_862983_22fa>
...
040 (16626177.040.000) 02/17 00:58:24 Started transferring input files
	Transferring to host: <188.185.195.185:9618?addrs=188.185.195.185-9618+[2001-1458-303-22--100-b5]-9618&alias=b9p17p2560.cern.ch&noUDP&sock=slot1_20_3847357_cdfd_59772>
...
040 (16626177.040.000) 02/17 00:58:24 Finished transferring input files
...
001 (16626177.040.000) 02/17 00:58:25 Job executing on host: <188.185.195.185:9618?addrs=188.185.195.185-9618+[2001-1458-303-22--100-b5]-9618&alias=b9p17p2560.cern.ch&noUDP&sock=startd_7412_980e>
	SlotName: slot1_20@b9p17p2560.cern.ch
	CondorScratchDir = "/pool/condor/dir_1973589"
	Cpus = 1
	Disk = 3902
	GPUs = 0
	Memory = 3000
...
006 (16626177.040.000) 02/17 00:58:33 Image size of job updated: 382664
	374  -  MemoryUsage of job (MB)
	382664  -  ResidentSetSize of job (KB)
...
006 (16626177.040.000) 02/17 01:03:33 Image size of job updated: 451796
	442  -  MemoryUsage of job (MB)
	451796  -  ResidentSetSize of job (KB)
...
006 (16626177.040.000) 02/17 01:08:34 Image size of job updated: 456284
	446  -  MemoryUsage of job (MB)
	456284  -  ResidentSetSize of job (KB)
...
006 (16626177.040.000) 02/17 01:13:34 Image size of job updated: 457072
	447  -  MemoryUsage of job (MB)
	457072  -  ResidentSetSize of job (KB)
...
006 (16626177.040.000) 02/17 01:23:35 Image size of job updated: 462412
	452  -  MemoryUsage of job (MB)
	462412  -  ResidentSetSize of job (KB)
...
006 (16626177.040.000) 02/17 01:28:36 Image size of job updated: 463136
	453  -  MemoryUsage of job (MB)
	463136  -  ResidentSetSize of job (KB)
...
006 (16626177.040.000) 02/17 01:33:36 Image size of job updated: 464516
	454  -  MemoryUsage of job (MB)
	464516  -  ResidentSetSize of job (KB)
...
040 (16626177.040.000) 02/17 01:40:32 Started transferring output files
...
040 (16626177.040.000) 02/17 01:40:32 Finished transferring output files
...
005 (16626177.040.000) 02/17 01:40:32 Job terminated.
	(1) Normal termination (return value 0)
		Usr 0 00:41:44, Sys 0 00:00:01  -  Run Remote Usage
		Usr 0 00:00:00, Sys 0 00:00:00  -  Run Local Usage
		Usr 0 00:41:44, Sys 0 00:00:01  -  Total Remote Usage
		Usr 0 00:00:00, Sys 0 00:00:00  -  Total Local Usage
	8152  -  Run Bytes Sent By Job
	10428  -  Run Bytes Received By Job
	8152  -  Total Bytes Sent By Job
	10428  -  Total Bytes Received By Job
	Partitionable Resources :    Usage  Request Allocated 
	   Cpus                 :     0.99        1         1 
	   Disk (KB)            :    43          12      3902 
	   GPUs                 :                           0 
	   Memory (MB)          :   454        3000      3000 

	Job terminated of its own accord at 2025-02-17T00:40:32Z with exit-code 0.
...
