000 (16626177.482.000) 02/17 00:58:08 Job submitted from host: <188.185.72.155:9618?addrs=188.185.72.155-9618+[2001-1458-d00-8--100-95]-9618&alias=bigbird08.cern.ch&noUDP&sock=schedd_862983_22fa>
...
040 (16626177.482.000) 02/17 01:07:38 Started transferring input files
	Transferring to host: <188.185.195.130:9618?addrs=188.185.195.130-9618+[2001-1458-303-22--100-7e]-9618&alias=b9p17p4657.cern.ch&noUDP&sock=slot1_23_3776970_cbae_10542>
...
040 (16626177.482.000) 02/17 01:07:38 Finished transferring input files
...
001 (16626177.482.000) 02/17 01:07:39 Job executing on host: <188.185.195.130:9618?addrs=188.185.195.130-9618+[2001-1458-303-22--100-7e]-9618&alias=b9p17p4657.cern.ch&noUDP&sock=startd_10915_5c50>
	SlotName: slot1_23@b9p17p4657.cern.ch
	CondorScratchDir = "/pool/condor/dir_348631"
	Cpus = 1
	Disk = 3927
	GPUs = 0
	Memory = 3000
...
006 (16626177.482.000) 02/17 01:07:48 Image size of job updated: 99280
	97  -  MemoryUsage of job (MB)
	99280  -  ResidentSetSize of job (KB)
...
006 (16626177.482.000) 02/17 01:12:49 Image size of job updated: 139596
	137  -  MemoryUsage of job (MB)
	139596  -  ResidentSetSize of job (KB)
...
006 (16626177.482.000) 02/17 01:17:50 Image size of job updated: 143016
	140  -  MemoryUsage of job (MB)
	143016  -  ResidentSetSize of job (KB)
...
006 (16626177.482.000) 02/17 01:22:50 Image size of job updated: 146420
	143  -  MemoryUsage of job (MB)
	146420  -  ResidentSetSize of job (KB)
...
006 (16626177.482.000) 02/17 01:27:50 Image size of job updated: 147392
	144  -  MemoryUsage of job (MB)
	147392  -  ResidentSetSize of job (KB)
...
006 (16626177.482.000) 02/17 01:32:51 Image size of job updated: 148068
	145  -  MemoryUsage of job (MB)
	148068  -  ResidentSetSize of job (KB)
...
006 (16626177.482.000) 02/17 01:42:51 Image size of job updated: 148912
	146  -  MemoryUsage of job (MB)
	148912  -  ResidentSetSize of job (KB)
...
006 (16626177.482.000) 02/17 01:47:52 Image size of job updated: 148944
	146  -  MemoryUsage of job (MB)
	148944  -  ResidentSetSize of job (KB)
...
006 (16626177.482.000) 02/17 01:52:53 Image size of job updated: 152256
	149  -  MemoryUsage of job (MB)
	152256  -  ResidentSetSize of job (KB)
...
006 (16626177.482.000) 02/17 01:57:53 Image size of job updated: 159476
	156  -  MemoryUsage of job (MB)
	159476  -  ResidentSetSize of job (KB)
...
040 (16626177.482.000) 02/17 02:01:56 Started transferring output files
...
040 (16626177.482.000) 02/17 02:01:56 Finished transferring output files
...
005 (16626177.482.000) 02/17 02:01:56 Job terminated.
	(1) Normal termination (return value 0)
		Usr 0 00:53:35, Sys 0 00:00:01  -  Run Remote Usage
		Usr 0 00:00:00, Sys 0 00:00:00  -  Run Local Usage
		Usr 0 00:53:35, Sys 0 00:00:01  -  Total Remote Usage
		Usr 0 00:00:00, Sys 0 00:00:00  -  Total Local Usage
	8155  -  Run Bytes Sent By Job
	10428  -  Run Bytes Received By Job
	8155  -  Total Bytes Sent By Job
	10428  -  Total Bytes Received By Job
	Partitionable Resources :    Usage  Request Allocated 
	   Cpus                 :     0.99        1         1 
	   Disk (KB)            :    43          12      3927 
	   GPUs                 :                           0 
	   Memory (MB)          :   156        3000      3000 

	Job terminated of its own accord at 2025-02-17T01:01:56Z with exit-code 0.
...
