000 (16626177.246.000) 02/17 00:58:07 Job submitted from host: <188.185.72.155:9618?addrs=188.185.72.155-9618+[2001-1458-d00-8--100-95]-9618&alias=bigbird08.cern.ch&noUDP&sock=schedd_862983_22fa>
...
040 (16626177.246.000) 02/17 01:00:47 Started transferring input files
	Transferring to host: <188.185.207.180:9618?addrs=188.185.207.180-9618+[2001-1458-303-e--100-31]-9618&alias=b9p08p9471.cern.ch&noUDP&sock=slot1_44_7929_729c_128355>
...
040 (16626177.246.000) 02/17 01:00:47 Finished transferring input files
...
001 (16626177.246.000) 02/17 01:00:48 Job executing on host: <188.185.207.180:9618?addrs=188.185.207.180-9618+[2001-1458-303-e--100-31]-9618&alias=b9p08p9471.cern.ch&noUDP&sock=startd_7025_24e7>
	SlotName: slot1_44@b9p08p9471.cern.ch
	CondorScratchDir = "/pool/condor/dir_2907316"
	Cpus = 1
	Disk = 3671
	GPUs = 0
	Memory = 3000
...
006 (16626177.246.000) 02/17 01:00:56 Image size of job updated: 100788
	99  -  MemoryUsage of job (MB)
	100788  -  ResidentSetSize of job (KB)
...
006 (16626177.246.000) 02/17 01:05:56 Image size of job updated: 139516
	137  -  MemoryUsage of job (MB)
	139516  -  ResidentSetSize of job (KB)
...
006 (16626177.246.000) 02/17 01:10:57 Image size of job updated: 142812
	140  -  MemoryUsage of job (MB)
	142812  -  ResidentSetSize of job (KB)
...
006 (16626177.246.000) 02/17 01:15:57 Image size of job updated: 144520
	142  -  MemoryUsage of job (MB)
	144520  -  ResidentSetSize of job (KB)
...
006 (16626177.246.000) 02/17 01:25:58 Image size of job updated: 154232
	151  -  MemoryUsage of job (MB)
	154232  -  ResidentSetSize of job (KB)
...
006 (16626177.246.000) 02/17 01:30:58 Image size of job updated: 154264
	151  -  MemoryUsage of job (MB)
	154264  -  ResidentSetSize of job (KB)
...
006 (16626177.246.000) 02/17 01:35:58 Image size of job updated: 159840
	157  -  MemoryUsage of job (MB)
	159840  -  ResidentSetSize of job (KB)
...
040 (16626177.246.000) 02/17 01:39:17 Started transferring output files
...
040 (16626177.246.000) 02/17 01:39:17 Finished transferring output files
...
005 (16626177.246.000) 02/17 01:39:17 Job terminated.
	(1) Normal termination (return value 0)
		Usr 0 00:37:27, Sys 0 00:00:02  -  Run Remote Usage
		Usr 0 00:00:00, Sys 0 00:00:00  -  Run Local Usage
		Usr 0 00:37:27, Sys 0 00:00:02  -  Total Remote Usage
		Usr 0 00:00:00, Sys 0 00:00:00  -  Total Local Usage
	8155  -  Run Bytes Sent By Job
	10428  -  Run Bytes Received By Job
	8155  -  Total Bytes Sent By Job
	10428  -  Total Bytes Received By Job
	Partitionable Resources :    Usage  Request Allocated 
	   Cpus                 :     0.99        1         1 
	   Disk (KB)            :    48          12      3671 
	   GPUs                 :                           0 
	   Memory (MB)          :   157        3000      3000 

	Job terminated of its own accord at 2025-02-17T00:39:17Z with exit-code 0.
...
