000 (16626177.116.000) 02/17 00:58:07 Job submitted from host: <188.185.72.155:9618?addrs=188.185.72.155-9618+[2001-1458-d00-8--100-95]-9618&alias=bigbird08.cern.ch&noUDP&sock=schedd_862983_22fa>
...
040 (16626177.116.000) 02/17 00:58:50 Started transferring input files
	Transferring to host: <188.185.193.94:9618?addrs=188.185.193.94-9618+[2001-1458-303-20--100-5a]-9618&alias=b9p19p4166.cern.ch&noUDP&sock=slot1_41_1607858_2a20_13175>
...
040 (16626177.116.000) 02/17 00:58:50 Finished transferring input files
...
001 (16626177.116.000) 02/17 00:58:51 Job executing on host: <188.185.193.94:9618?addrs=188.185.193.94-9618+[2001-1458-303-20--100-5a]-9618&alias=b9p19p4166.cern.ch&noUDP&sock=startd_4461_7413>
	SlotName: slot1_41@b9p19p4166.cern.ch
	CondorScratchDir = "/pool/condor/dir_3124744"
	Cpus = 1
	Disk = 3778
	GPUs = 0
	Memory = 3000
...
006 (16626177.116.000) 02/17 00:58:59 Image size of job updated: 1884
	2  -  MemoryUsage of job (MB)
	1884  -  ResidentSetSize of job (KB)
...
006 (16626177.116.000) 02/17 01:03:59 Image size of job updated: 136208
	134  -  MemoryUsage of job (MB)
	136208  -  ResidentSetSize of job (KB)
...
006 (16626177.116.000) 02/17 01:09:00 Image size of job updated: 138396
	136  -  MemoryUsage of job (MB)
	138396  -  ResidentSetSize of job (KB)
...
006 (16626177.116.000) 02/17 01:14:01 Image size of job updated: 141680
	139  -  MemoryUsage of job (MB)
	141680  -  ResidentSetSize of job (KB)
...
006 (16626177.116.000) 02/17 01:19:01 Image size of job updated: 142912
	140  -  MemoryUsage of job (MB)
	142912  -  ResidentSetSize of job (KB)
...
006 (16626177.116.000) 02/17 01:24:02 Image size of job updated: 143856
	141  -  MemoryUsage of job (MB)
	143856  -  ResidentSetSize of job (KB)
...
006 (16626177.116.000) 02/17 01:34:03 Image size of job updated: 147856
	145  -  MemoryUsage of job (MB)
	147856  -  ResidentSetSize of job (KB)
...
006 (16626177.116.000) 02/17 01:39:03 Image size of job updated: 148020
	145  -  MemoryUsage of job (MB)
	148020  -  ResidentSetSize of job (KB)
...
006 (16626177.116.000) 02/17 01:44:04 Image size of job updated: 159448
	156  -  MemoryUsage of job (MB)
	159448  -  ResidentSetSize of job (KB)
...
006 (16626177.116.000) 02/17 01:49:04 Image size of job updated: 162128
	159  -  MemoryUsage of job (MB)
	162128  -  ResidentSetSize of job (KB)
...
040 (16626177.116.000) 02/17 01:53:43 Started transferring output files
...
040 (16626177.116.000) 02/17 01:53:43 Finished transferring output files
...
005 (16626177.116.000) 02/17 01:53:43 Job terminated.
	(1) Normal termination (return value 0)
		Usr 0 00:53:55, Sys 0 00:00:02  -  Run Remote Usage
		Usr 0 00:00:00, Sys 0 00:00:00  -  Run Local Usage
		Usr 0 00:53:55, Sys 0 00:00:02  -  Total Remote Usage
		Usr 0 00:00:00, Sys 0 00:00:00  -  Total Local Usage
	8155  -  Run Bytes Sent By Job
	10428  -  Run Bytes Received By Job
	8155  -  Total Bytes Sent By Job
	10428  -  Total Bytes Received By Job
	Partitionable Resources :    Usage  Request Allocated 
	   Cpus                 :     0.99        1         1 
	   Disk (KB)            :    43          12      3778 
	   GPUs                 :                           0 
	   Memory (MB)          :   159        3000      3000 

	Job terminated of its own accord at 2025-02-17T00:53:43Z with exit-code 0.
...
