000 (16626177.394.000) 02/17 00:58:07 Job submitted from host: <188.185.72.155:9618?addrs=188.185.72.155-9618+[2001-1458-d00-8--100-95]-9618&alias=bigbird08.cern.ch&noUDP&sock=schedd_862983_22fa>
...
040 (16626177.394.000) 02/17 01:04:54 Started transferring input files
	Transferring to host: <188.185.198.8:9618?addrs=188.185.198.8-9618+[2001-1458-303-25--100-4]-9618&alias=b9p15p0417.cern.ch&noUDP&sock=slot1_31_2435517_cdb9_3758>
...
040 (16626177.394.000) 02/17 01:04:54 Finished transferring input files
...
001 (16626177.394.000) 02/17 01:04:55 Job executing on host: <188.185.198.8:9618?addrs=188.185.198.8-9618+[2001-1458-303-25--100-4]-9618&alias=b9p15p0417.cern.ch&noUDP&sock=startd_9684_ff3b>
	SlotName: slot1_31@b9p15p0417.cern.ch
	CondorScratchDir = "/pool/condor/dir_877289"
	Cpus = 1
	Disk = 3722
	GPUs = 0
	Memory = 3000
...
006 (16626177.394.000) 02/17 01:05:03 Image size of job updated: 101448
	100  -  MemoryUsage of job (MB)
	101448  -  ResidentSetSize of job (KB)
...
006 (16626177.394.000) 02/17 01:10:03 Image size of job updated: 102988
	101  -  MemoryUsage of job (MB)
	102988  -  ResidentSetSize of job (KB)
...
006 (16626177.394.000) 02/17 01:15:05 Image size of job updated: 139632
	137  -  MemoryUsage of job (MB)
	139632  -  ResidentSetSize of job (KB)
...
006 (16626177.394.000) 02/17 01:20:05 Image size of job updated: 142496
	140  -  MemoryUsage of job (MB)
	142496  -  ResidentSetSize of job (KB)
...
006 (16626177.394.000) 02/17 01:25:05 Image size of job updated: 143376
	141  -  MemoryUsage of job (MB)
	143376  -  ResidentSetSize of job (KB)
...
006 (16626177.394.000) 02/17 01:30:06 Image size of job updated: 144544
	142  -  MemoryUsage of job (MB)
	144544  -  ResidentSetSize of job (KB)
...
006 (16626177.394.000) 02/17 01:35:07 Image size of job updated: 145596
	143  -  MemoryUsage of job (MB)
	145596  -  ResidentSetSize of job (KB)
...
006 (16626177.394.000) 02/17 01:45:08 Image size of job updated: 149332
	146  -  MemoryUsage of job (MB)
	149332  -  ResidentSetSize of job (KB)
...
006 (16626177.394.000) 02/17 01:50:09 Image size of job updated: 150352
	147  -  MemoryUsage of job (MB)
	150352  -  ResidentSetSize of job (KB)
...
006 (16626177.394.000) 02/17 01:55:09 Image size of job updated: 151044
	148  -  MemoryUsage of job (MB)
	151044  -  ResidentSetSize of job (KB)
...
006 (16626177.394.000) 02/17 02:00:09 Image size of job updated: 152136
	149  -  MemoryUsage of job (MB)
	152136  -  ResidentSetSize of job (KB)
...
006 (16626177.394.000) 02/17 02:05:10 Image size of job updated: 152968
	150  -  MemoryUsage of job (MB)
	152968  -  ResidentSetSize of job (KB)
...
040 (16626177.394.000) 02/17 02:09:38 Started transferring output files
...
040 (16626177.394.000) 02/17 02:09:38 Finished transferring output files
...
005 (16626177.394.000) 02/17 02:09:38 Job terminated.
	(1) Normal termination (return value 0)
		Usr 0 01:03:08, Sys 0 00:00:03  -  Run Remote Usage
		Usr 0 00:00:00, Sys 0 00:00:00  -  Run Local Usage
		Usr 0 01:03:08, Sys 0 00:00:03  -  Total Remote Usage
		Usr 0 00:00:00, Sys 0 00:00:00  -  Total Local Usage
	8153  -  Run Bytes Sent By Job
	10428  -  Run Bytes Received By Job
	8153  -  Total Bytes Sent By Job
	10428  -  Total Bytes Received By Job
	Partitionable Resources :    Usage  Request Allocated 
	   Cpus                 :     0.96        1         1 
	   Disk (KB)            :    43          12      3722 
	   GPUs                 :                           0 
	   Memory (MB)          :   150        3000      3000 

	Job terminated of its own accord at 2025-02-17T01:09:38Z with exit-code 0.
...
