000 (16626177.042.000) 02/17 00:58:07 Job submitted from host: <188.185.72.155:9618?addrs=188.185.72.155-9618+[2001-1458-d00-8--100-95]-9618&alias=bigbird08.cern.ch&noUDP&sock=schedd_862983_22fa>
...
040 (16626177.042.000) 02/17 00:58:26 Started transferring input files
	Transferring to host: <188.185.196.153:9618?addrs=188.185.196.153-9618+[2001-1458-303-23--100-95]-9618&alias=b9p16p4833.cern.ch&noUDP&sock=slot1_32_1260707_e15b_72439>
...
040 (16626177.042.000) 02/17 00:58:26 Finished transferring input files
...
001 (16626177.042.000) 02/17 00:58:27 Job executing on host: <188.185.196.153:9618?addrs=188.185.196.153-9618+[2001-1458-303-23--100-95]-9618&alias=b9p16p4833.cern.ch&noUDP&sock=startd_3219_8b73>
	SlotName: slot1_32@b9p16p4833.cern.ch
	CondorScratchDir = "/pool/condor/dir_404384"
	Cpus = 1
	Disk = 3772
	GPUs = 0
	Memory = 3000
...
006 (16626177.042.000) 02/17 00:58:36 Image size of job updated: 384224
	376  -  MemoryUsage of job (MB)
	384224  -  ResidentSetSize of job (KB)
...
006 (16626177.042.000) 02/17 01:03:37 Image size of job updated: 451720
	442  -  MemoryUsage of job (MB)
	451720  -  ResidentSetSize of job (KB)
...
006 (16626177.042.000) 02/17 01:08:38 Image size of job updated: 455236
	445  -  MemoryUsage of job (MB)
	455236  -  ResidentSetSize of job (KB)
...
006 (16626177.042.000) 02/17 01:13:38 Image size of job updated: 456476
	446  -  MemoryUsage of job (MB)
	456476  -  ResidentSetSize of job (KB)
...
006 (16626177.042.000) 02/17 01:18:39 Image size of job updated: 458992
	449  -  MemoryUsage of job (MB)
	458992  -  ResidentSetSize of job (KB)
...
006 (16626177.042.000) 02/17 01:28:40 Image size of job updated: 466168
	456  -  MemoryUsage of job (MB)
	466168  -  ResidentSetSize of job (KB)
...
006 (16626177.042.000) 02/17 01:33:40 Image size of job updated: 466996
	457  -  MemoryUsage of job (MB)
	466996  -  ResidentSetSize of job (KB)
...
040 (16626177.042.000) 02/17 01:52:47 Started transferring output files
...
040 (16626177.042.000) 02/17 01:52:47 Finished transferring output files
...
005 (16626177.042.000) 02/17 01:52:47 Job terminated.
	(1) Normal termination (return value 0)
		Usr 0 00:53:35, Sys 0 00:00:02  -  Run Remote Usage
		Usr 0 00:00:00, Sys 0 00:00:00  -  Run Local Usage
		Usr 0 00:53:35, Sys 0 00:00:02  -  Total Remote Usage
		Usr 0 00:00:00, Sys 0 00:00:00  -  Total Local Usage
	8152  -  Run Bytes Sent By Job
	10428  -  Run Bytes Received By Job
	8152  -  Total Bytes Sent By Job
	10428  -  Total Bytes Received By Job
	Partitionable Resources :    Usage  Request Allocated 
	   Cpus                 :     0.98        1         1 
	   Disk (KB)            :    43          12      3772 
	   GPUs                 :                           0 
	   Memory (MB)          :   457        3000      3000 

	Job terminated of its own accord at 2025-02-17T00:52:47Z with exit-code 0.
...
