000 (16626177.496.000) 02/17 00:58:08 Job submitted from host: <188.185.72.155:9618?addrs=188.185.72.155-9618+[2001-1458-d00-8--100-95]-9618&alias=bigbird08.cern.ch&noUDP&sock=schedd_862983_22fa>
...
040 (16626177.496.000) 02/17 01:07:43 Started transferring input files
	Transferring to host: <188.185.195.130:9618?addrs=188.185.195.130-9618+[2001-1458-303-22--100-7e]-9618&alias=b9p17p4657.cern.ch&noUDP&sock=slot1_26_3776970_cbae_10545>
...
040 (16626177.496.000) 02/17 01:07:43 Finished transferring input files
...
001 (16626177.496.000) 02/17 01:07:44 Job executing on host: <188.185.195.130:9618?addrs=188.185.195.130-9618+[2001-1458-303-22--100-7e]-9618&alias=b9p17p4657.cern.ch&noUDP&sock=startd_10915_5c50>
	SlotName: slot1_26@b9p17p4657.cern.ch
	CondorScratchDir = "/pool/condor/dir_348942"
	Cpus = 1
	Disk = 3926
	GPUs = 0
	Memory = 3000
...
006 (16626177.496.000) 02/17 01:07:52 Image size of job updated: 100952
	99  -  MemoryUsage of job (MB)
	100952  -  ResidentSetSize of job (KB)
...
006 (16626177.496.000) 02/17 01:12:52 Image size of job updated: 138280
	136  -  MemoryUsage of job (MB)
	138280  -  ResidentSetSize of job (KB)
...
006 (16626177.496.000) 02/17 01:17:53 Image size of job updated: 142512
	140  -  MemoryUsage of job (MB)
	142512  -  ResidentSetSize of job (KB)
...
006 (16626177.496.000) 02/17 01:22:54 Image size of job updated: 142912
	140  -  MemoryUsage of job (MB)
	142912  -  ResidentSetSize of job (KB)
...
006 (16626177.496.000) 02/17 01:27:54 Image size of job updated: 143900
	141  -  MemoryUsage of job (MB)
	143900  -  ResidentSetSize of job (KB)
...
006 (16626177.496.000) 02/17 01:32:55 Image size of job updated: 144764
	142  -  MemoryUsage of job (MB)
	144764  -  ResidentSetSize of job (KB)
...
006 (16626177.496.000) 02/17 01:47:56 Image size of job updated: 155676
	153  -  MemoryUsage of job (MB)
	155676  -  ResidentSetSize of job (KB)
...
006 (16626177.496.000) 02/17 01:52:57 Image size of job updated: 156420
	153  -  MemoryUsage of job (MB)
	156420  -  ResidentSetSize of job (KB)
...
006 (16626177.496.000) 02/17 01:57:57 Image size of job updated: 162172
	159  -  MemoryUsage of job (MB)
	162172  -  ResidentSetSize of job (KB)
...
006 (16626177.496.000) 02/17 02:02:57 Image size of job updated: 168308
	165  -  MemoryUsage of job (MB)
	168308  -  ResidentSetSize of job (KB)
...
040 (16626177.496.000) 02/17 02:03:12 Started transferring output files
...
040 (16626177.496.000) 02/17 02:03:12 Finished transferring output files
...
005 (16626177.496.000) 02/17 02:03:12 Job terminated.
	(1) Normal termination (return value 0)
		Usr 0 00:54:40, Sys 0 00:00:02  -  Run Remote Usage
		Usr 0 00:00:00, Sys 0 00:00:00  -  Run Local Usage
		Usr 0 00:54:40, Sys 0 00:00:02  -  Total Remote Usage
		Usr 0 00:00:00, Sys 0 00:00:00  -  Total Local Usage
	8155  -  Run Bytes Sent By Job
	10428  -  Run Bytes Received By Job
	8155  -  Total Bytes Sent By Job
	10428  -  Total Bytes Received By Job
	Partitionable Resources :    Usage  Request Allocated 
	   Cpus                 :     0.99        1         1 
	   Disk (KB)            :    43          12      3926 
	   GPUs                 :                           0 
	   Memory (MB)          :   165        3000      3000 

	Job terminated of its own accord at 2025-02-17T01:03:12Z with exit-code 0.
...
