000 (16626177.161.000) 02/17 00:58:07 Job submitted from host: <188.185.72.155:9618?addrs=188.185.72.155-9618+[2001-1458-d00-8--100-95]-9618&alias=bigbird08.cern.ch&noUDP&sock=schedd_862983_22fa>
...
040 (16626177.161.000) 02/17 01:00:19 Started transferring input files
	Transferring to host: <188.185.194.83:9618?addrs=188.185.194.83-9618+[2001-1458-303-21--100-4f]-9618&alias=b9p20p9029.cern.ch&noUDP&sock=slot1_41_1449226_91ed_74607>
...
040 (16626177.161.000) 02/17 01:00:19 Finished transferring input files
...
001 (16626177.161.000) 02/17 01:00:20 Job executing on host: <188.185.194.83:9618?addrs=188.185.194.83-9618+[2001-1458-303-21--100-4f]-9618&alias=b9p20p9029.cern.ch&noUDP&sock=startd_7304_83d4>
	SlotName: slot1_41@b9p20p9029.cern.ch
	CondorScratchDir = "/pool/condor/dir_2207347"
	Cpus = 1
	Disk = 3765
	GPUs = 0
	Memory = 3000
...
006 (16626177.161.000) 02/17 01:00:29 Image size of job updated: 404512
	396  -  MemoryUsage of job (MB)
	404512  -  ResidentSetSize of job (KB)
...
006 (16626177.161.000) 02/17 01:05:30 Image size of job updated: 442176
	432  -  MemoryUsage of job (MB)
	442176  -  ResidentSetSize of job (KB)
...
006 (16626177.161.000) 02/17 01:10:31 Image size of job updated: 445748
	436  -  MemoryUsage of job (MB)
	445748  -  ResidentSetSize of job (KB)
...
040 (16626177.161.000) 02/17 01:50:13 Started transferring output files
...
040 (16626177.161.000) 02/17 01:50:13 Finished transferring output files
...
005 (16626177.161.000) 02/17 01:50:14 Job terminated.
	(1) Normal termination (return value 0)
		Usr 0 00:49:24, Sys 0 00:00:01  -  Run Remote Usage
		Usr 0 00:00:00, Sys 0 00:00:00  -  Run Local Usage
		Usr 0 00:49:24, Sys 0 00:00:01  -  Total Remote Usage
		Usr 0 00:00:00, Sys 0 00:00:00  -  Total Local Usage
	8153  -  Run Bytes Sent By Job
	10428  -  Run Bytes Received By Job
	8153  -  Total Bytes Sent By Job
	10428  -  Total Bytes Received By Job
	Partitionable Resources :    Usage  Request Allocated 
	   Cpus                 :     0.99        1         1 
	   Disk (KB)            :    43          12      3765 
	   GPUs                 :                           0 
	   Memory (MB)          :   436        3000      3000 

	Job terminated of its own accord at 2025-02-17T00:50:13Z with exit-code 0.
...
