000 (16626177.405.000) 02/17 00:58:07 Job submitted from host: <188.185.72.155:9618?addrs=188.185.72.155-9618+[2001-1458-d00-8--100-95]-9618&alias=bigbird08.cern.ch&noUDP&sock=schedd_862983_22fa>
...
040 (16626177.405.000) 02/17 01:04:58 Started transferring input files
	Transferring to host: <188.185.198.8:9618?addrs=188.185.198.8-9618+[2001-1458-303-25--100-4]-9618&alias=b9p15p0417.cern.ch&noUDP&sock=slot1_33_2435517_cdb9_3761>
...
040 (16626177.405.000) 02/17 01:04:58 Finished transferring input files
...
001 (16626177.405.000) 02/17 01:04:59 Job executing on host: <188.185.198.8:9618?addrs=188.185.198.8-9618+[2001-1458-303-25--100-4]-9618&alias=b9p15p0417.cern.ch&noUDP&sock=startd_9684_ff3b>
	SlotName: slot1_33@b9p15p0417.cern.ch
	CondorScratchDir = "/pool/condor/dir_877563"
	Cpus = 1
	Disk = 3722
	GPUs = 0
	Memory = 3000
...
006 (16626177.405.000) 02/17 01:05:07 Image size of job updated: 70284
	69  -  MemoryUsage of job (MB)
	70284  -  ResidentSetSize of job (KB)
...
006 (16626177.405.000) 02/17 01:10:07 Image size of job updated: 100916
	99  -  MemoryUsage of job (MB)
	100916  -  ResidentSetSize of job (KB)
...
006 (16626177.405.000) 02/17 01:15:08 Image size of job updated: 138600
	136  -  MemoryUsage of job (MB)
	138600  -  ResidentSetSize of job (KB)
...
006 (16626177.405.000) 02/17 01:20:09 Image size of job updated: 143980
	141  -  MemoryUsage of job (MB)
	143980  -  ResidentSetSize of job (KB)
...
006 (16626177.405.000) 02/17 01:25:09 Image size of job updated: 144652
	142  -  MemoryUsage of job (MB)
	144652  -  ResidentSetSize of job (KB)
...
006 (16626177.405.000) 02/17 01:30:10 Image size of job updated: 145852
	143  -  MemoryUsage of job (MB)
	145852  -  ResidentSetSize of job (KB)
...
006 (16626177.405.000) 02/17 01:35:11 Image size of job updated: 145916
	143  -  MemoryUsage of job (MB)
	145916  -  ResidentSetSize of job (KB)
...
006 (16626177.405.000) 02/17 01:40:11 Image size of job updated: 152292
	149  -  MemoryUsage of job (MB)
	152292  -  ResidentSetSize of job (KB)
...
006 (16626177.405.000) 02/17 01:45:11 Image size of job updated: 152908
	150  -  MemoryUsage of job (MB)
	152908  -  ResidentSetSize of job (KB)
...
006 (16626177.405.000) 02/17 01:50:12 Image size of job updated: 154040
	151  -  MemoryUsage of job (MB)
	154040  -  ResidentSetSize of job (KB)
...
006 (16626177.405.000) 02/17 01:55:12 Image size of job updated: 154416
	151  -  MemoryUsage of job (MB)
	154416  -  ResidentSetSize of job (KB)
...
006 (16626177.405.000) 02/17 02:00:12 Image size of job updated: 158492
	155  -  MemoryUsage of job (MB)
	158492  -  ResidentSetSize of job (KB)
...
006 (16626177.405.000) 02/17 02:05:13 Image size of job updated: 160412
	157  -  MemoryUsage of job (MB)
	160412  -  ResidentSetSize of job (KB)
...
040 (16626177.405.000) 02/17 02:09:58 Started transferring output files
...
040 (16626177.405.000) 02/17 02:09:58 Finished transferring output files
...
005 (16626177.405.000) 02/17 02:09:58 Job terminated.
	(1) Normal termination (return value 0)
		Usr 0 01:03:26, Sys 0 00:00:04  -  Run Remote Usage
		Usr 0 00:00:00, Sys 0 00:00:00  -  Run Local Usage
		Usr 0 01:03:26, Sys 0 00:00:04  -  Total Remote Usage
		Usr 0 00:00:00, Sys 0 00:00:00  -  Total Local Usage
	8153  -  Run Bytes Sent By Job
	10428  -  Run Bytes Received By Job
	8153  -  Total Bytes Sent By Job
	10428  -  Total Bytes Received By Job
	Partitionable Resources :    Usage  Request Allocated 
	   Cpus                 :     0.98        1         1 
	   Disk (KB)            :    43          12      3722 
	   GPUs                 :                           0 
	   Memory (MB)          :   157        3000      3000 

	Job terminated of its own accord at 2025-02-17T01:09:58Z with exit-code 0.
...
