000 (16626177.121.000) 02/17 00:58:07 Job submitted from host: <188.185.72.155:9618?addrs=188.185.72.155-9618+[2001-1458-d00-8--100-95]-9618&alias=bigbird08.cern.ch&noUDP&sock=schedd_862983_22fa>
...
040 (16626177.121.000) 02/17 00:58:52 Started transferring input files
	Transferring to host: <188.185.193.94:9618?addrs=188.185.193.94-9618+[2001-1458-303-20--100-5a]-9618&alias=b9p19p4166.cern.ch&noUDP&sock=slot1_43_1607858_2a20_13176>
...
040 (16626177.121.000) 02/17 00:58:52 Finished transferring input files
...
001 (16626177.121.000) 02/17 00:58:53 Job executing on host: <188.185.193.94:9618?addrs=188.185.193.94-9618+[2001-1458-303-20--100-5a]-9618&alias=b9p19p4166.cern.ch&noUDP&sock=startd_4461_7413>
	SlotName: slot1_43@b9p19p4166.cern.ch
	CondorScratchDir = "/pool/condor/dir_3125006"
	Cpus = 1
	Disk = 3778
	GPUs = 0
	Memory = 3000
...
006 (16626177.121.000) 02/17 00:59:02 Image size of job updated: 1876
	2  -  MemoryUsage of job (MB)
	1876  -  ResidentSetSize of job (KB)
...
006 (16626177.121.000) 02/17 01:04:03 Image size of job updated: 138964
	136  -  MemoryUsage of job (MB)
	138964  -  ResidentSetSize of job (KB)
...
006 (16626177.121.000) 02/17 01:09:04 Image size of job updated: 139876
	137  -  MemoryUsage of job (MB)
	139876  -  ResidentSetSize of job (KB)
...
006 (16626177.121.000) 02/17 01:14:04 Image size of job updated: 143312
	140  -  MemoryUsage of job (MB)
	143312  -  ResidentSetSize of job (KB)
...
006 (16626177.121.000) 02/17 01:19:04 Image size of job updated: 144452
	142  -  MemoryUsage of job (MB)
	144452  -  ResidentSetSize of job (KB)
...
006 (16626177.121.000) 02/17 01:24:05 Image size of job updated: 146512
	144  -  MemoryUsage of job (MB)
	146512  -  ResidentSetSize of job (KB)
...
006 (16626177.121.000) 02/17 01:34:06 Image size of job updated: 147728
	145  -  MemoryUsage of job (MB)
	147728  -  ResidentSetSize of job (KB)
...
006 (16626177.121.000) 02/17 01:39:07 Image size of job updated: 149052
	146  -  MemoryUsage of job (MB)
	149052  -  ResidentSetSize of job (KB)
...
006 (16626177.121.000) 02/17 01:44:08 Image size of job updated: 150348
	147  -  MemoryUsage of job (MB)
	150348  -  ResidentSetSize of job (KB)
...
006 (16626177.121.000) 02/17 01:49:08 Image size of job updated: 151396
	148  -  MemoryUsage of job (MB)
	151396  -  ResidentSetSize of job (KB)
...
040 (16626177.121.000) 02/17 01:54:22 Started transferring output files
...
040 (16626177.121.000) 02/17 01:54:22 Finished transferring output files
...
005 (16626177.121.000) 02/17 01:54:22 Job terminated.
	(1) Normal termination (return value 0)
		Usr 0 00:54:31, Sys 0 00:00:02  -  Run Remote Usage
		Usr 0 00:00:00, Sys 0 00:00:00  -  Run Local Usage
		Usr 0 00:54:31, Sys 0 00:00:02  -  Total Remote Usage
		Usr 0 00:00:00, Sys 0 00:00:00  -  Total Local Usage
	8155  -  Run Bytes Sent By Job
	10428  -  Run Bytes Received By Job
	8155  -  Total Bytes Sent By Job
	10428  -  Total Bytes Received By Job
	Partitionable Resources :    Usage  Request Allocated 
	   Cpus                 :     0.99        1         1 
	   Disk (KB)            :    43          12      3778 
	   GPUs                 :                           0 
	   Memory (MB)          :   148        3000      3000 

	Job terminated of its own accord at 2025-02-17T00:54:22Z with exit-code 0.
...
