000 (16626177.115.000) 02/17 00:58:07 Job submitted from host: <188.185.72.155:9618?addrs=188.185.72.155-9618+[2001-1458-d00-8--100-95]-9618&alias=bigbird08.cern.ch&noUDP&sock=schedd_862983_22fa>
...
040 (16626177.115.000) 02/17 00:58:50 Started transferring input files
	Transferring to host: <188.185.196.35:9618?addrs=188.185.196.35-9618+[2001-1458-303-23--100-1f]-9618&alias=b9p16p8087.cern.ch&noUDP&sock=slot1_31_7382_0965_119218>
...
040 (16626177.115.000) 02/17 00:58:50 Finished transferring input files
...
001 (16626177.115.000) 02/17 00:58:51 Job executing on host: <188.185.196.35:9618?addrs=188.185.196.35-9618+[2001-1458-303-23--100-1f]-9618&alias=b9p16p8087.cern.ch&noUDP&sock=startd_6280_22d9>
	SlotName: slot1_31@b9p16p8087.cern.ch
	CondorScratchDir = "/pool/condor/dir_1669694"
	Cpus = 1
	Disk = 3791
	GPUs = 0
	Memory = 3000
...
006 (16626177.115.000) 02/17 00:58:59 Image size of job updated: 83564
	82  -  MemoryUsage of job (MB)
	83564  -  ResidentSetSize of job (KB)
...
006 (16626177.115.000) 02/17 01:03:59 Image size of job updated: 103112
	101  -  MemoryUsage of job (MB)
	103112  -  ResidentSetSize of job (KB)
...
006 (16626177.115.000) 02/17 01:09:00 Image size of job updated: 140920
	138  -  MemoryUsage of job (MB)
	140920  -  ResidentSetSize of job (KB)
...
006 (16626177.115.000) 02/17 01:14:01 Image size of job updated: 144504
	142  -  MemoryUsage of job (MB)
	144504  -  ResidentSetSize of job (KB)
...
006 (16626177.115.000) 02/17 01:19:01 Image size of job updated: 145436
	143  -  MemoryUsage of job (MB)
	145436  -  ResidentSetSize of job (KB)
...
006 (16626177.115.000) 02/17 01:24:02 Image size of job updated: 146260
	143  -  MemoryUsage of job (MB)
	146260  -  ResidentSetSize of job (KB)
...
006 (16626177.115.000) 02/17 01:39:03 Image size of job updated: 151024
	148  -  MemoryUsage of job (MB)
	151024  -  ResidentSetSize of job (KB)
...
006 (16626177.115.000) 02/17 01:44:04 Image size of job updated: 151040
	148  -  MemoryUsage of job (MB)
	151040  -  ResidentSetSize of job (KB)
...
006 (16626177.115.000) 02/17 01:49:04 Image size of job updated: 151672
	149  -  MemoryUsage of job (MB)
	151672  -  ResidentSetSize of job (KB)
...
006 (16626177.115.000) 02/17 01:54:04 Image size of job updated: 155004
	152  -  MemoryUsage of job (MB)
	155004  -  ResidentSetSize of job (KB)
...
006 (16626177.115.000) 02/17 01:59:05 Image size of job updated: 155736
	153  -  MemoryUsage of job (MB)
	155736  -  ResidentSetSize of job (KB)
...
040 (16626177.115.000) 02/17 02:01:57 Started transferring output files
...
040 (16626177.115.000) 02/17 02:01:57 Finished transferring output files
...
005 (16626177.115.000) 02/17 02:01:57 Job terminated.
	(1) Normal termination (return value 0)
		Usr 0 01:01:43, Sys 0 00:00:04  -  Run Remote Usage
		Usr 0 00:00:00, Sys 0 00:00:00  -  Run Local Usage
		Usr 0 01:01:43, Sys 0 00:00:04  -  Total Remote Usage
		Usr 0 00:00:00, Sys 0 00:00:00  -  Total Local Usage
	8155  -  Run Bytes Sent By Job
	10428  -  Run Bytes Received By Job
	8155  -  Total Bytes Sent By Job
	10428  -  Total Bytes Received By Job
	Partitionable Resources :    Usage  Request Allocated 
	   Cpus                 :     0.99        1         1 
	   Disk (KB)            :    43          12      3791 
	   GPUs                 :                           0 
	   Memory (MB)          :   153        3000      3000 

	Job terminated of its own accord at 2025-02-17T01:01:57Z with exit-code 0.
...
