000 (16626177.072.000) 02/17 00:58:07 Job submitted from host: <188.185.72.155:9618?addrs=188.185.72.155-9618+[2001-1458-d00-8--100-95]-9618&alias=bigbird08.cern.ch&noUDP&sock=schedd_862983_22fa>
...
040 (16626177.072.000) 02/17 00:58:35 Started transferring input files
	Transferring to host: <128.142.192.176:9618?addrs=128.142.192.176-9618+[2001-1458-301-56--100-2c]-9618&alias=b9g18p0460.cern.ch&noUDP&sock=slot1_3_6553_ee64_139748>
...
040 (16626177.072.000) 02/17 00:58:35 Finished transferring input files
...
001 (16626177.072.000) 02/17 00:58:36 Job executing on host: <128.142.192.176:9618?addrs=128.142.192.176-9618+[2001-1458-301-56--100-2c]-9618&alias=b9g18p0460.cern.ch&noUDP&sock=startd_5523_e5a7>
	SlotName: slot1_3@b9g18p0460.cern.ch
	CondorScratchDir = "/pool/condor/dir_809429"
	Cpus = 1
	Disk = 3811
	GPUs = 0
	Memory = 3000
...
006 (16626177.072.000) 02/17 00:58:45 Image size of job updated: 101096
	99  -  MemoryUsage of job (MB)
	101096  -  ResidentSetSize of job (KB)
...
006 (16626177.072.000) 02/17 01:03:46 Image size of job updated: 139248
	136  -  MemoryUsage of job (MB)
	139248  -  ResidentSetSize of job (KB)
...
006 (16626177.072.000) 02/17 01:08:47 Image size of job updated: 143204
	140  -  MemoryUsage of job (MB)
	143204  -  ResidentSetSize of job (KB)
...
006 (16626177.072.000) 02/17 01:13:47 Image size of job updated: 144704
	142  -  MemoryUsage of job (MB)
	144704  -  ResidentSetSize of job (KB)
...
006 (16626177.072.000) 02/17 01:23:48 Image size of job updated: 148612
	146  -  MemoryUsage of job (MB)
	148612  -  ResidentSetSize of job (KB)
...
006 (16626177.072.000) 02/17 01:28:48 Image size of job updated: 148640
	146  -  MemoryUsage of job (MB)
	148640  -  ResidentSetSize of job (KB)
...
006 (16626177.072.000) 02/17 01:33:48 Image size of job updated: 153940
	151  -  MemoryUsage of job (MB)
	153940  -  ResidentSetSize of job (KB)
...
040 (16626177.072.000) 02/17 01:37:29 Started transferring output files
...
040 (16626177.072.000) 02/17 01:37:29 Finished transferring output files
...
005 (16626177.072.000) 02/17 01:37:29 Job terminated.
	(1) Normal termination (return value 0)
		Usr 0 00:38:35, Sys 0 00:00:01  -  Run Remote Usage
		Usr 0 00:00:00, Sys 0 00:00:00  -  Run Local Usage
		Usr 0 00:38:35, Sys 0 00:00:01  -  Total Remote Usage
		Usr 0 00:00:00, Sys 0 00:00:00  -  Total Local Usage
	8150  -  Run Bytes Sent By Job
	10428  -  Run Bytes Received By Job
	8150  -  Total Bytes Sent By Job
	10428  -  Total Bytes Received By Job
	Partitionable Resources :    Usage  Request Allocated 
	   Cpus                 :     1.00        1         1 
	   Disk (KB)            :    43          12      3811 
	   GPUs                 :                           0 
	   Memory (MB)          :   151        3000      3000 

	Job terminated of its own accord at 2025-02-17T00:37:29Z with exit-code 0.
...
