000 (16626177.350.000) 02/17 00:58:07 Job submitted from host: <188.185.72.155:9618?addrs=188.185.72.155-9618+[2001-1458-d00-8--100-95]-9618&alias=bigbird08.cern.ch&noUDP&sock=schedd_862983_22fa>
...
040 (16626177.350.000) 02/17 01:04:40 Started transferring input files
	Transferring to host: <188.185.213.182:9618?addrs=188.185.213.182-9618+[2001-1458-303-1b--100-32]-9618&alias=b9p28p3646.cern.ch&noUDP&sock=slot1_18_4051297_fbe2_77577>
...
040 (16626177.350.000) 02/17 01:04:40 Finished transferring input files
...
001 (16626177.350.000) 02/17 01:04:41 Job executing on host: <188.185.213.182:9618?addrs=188.185.213.182-9618+[2001-1458-303-1b--100-32]-9618&alias=b9p28p3646.cern.ch&noUDP&sock=startd_3812_4b1c>
	SlotName: slot1_18@b9p28p3646.cern.ch
	CondorScratchDir = "/pool/condor/dir_2486966"
	Cpus = 1
	Disk = 3826
	GPUs = 0
	Memory = 3000
...
006 (16626177.350.000) 02/17 01:04:49 Image size of job updated: 100364
	99  -  MemoryUsage of job (MB)
	100364  -  ResidentSetSize of job (KB)
...
006 (16626177.350.000) 02/17 01:09:49 Image size of job updated: 138504
	136  -  MemoryUsage of job (MB)
	138504  -  ResidentSetSize of job (KB)
...
006 (16626177.350.000) 02/17 01:14:50 Image size of job updated: 142772
	140  -  MemoryUsage of job (MB)
	142772  -  ResidentSetSize of job (KB)
...
006 (16626177.350.000) 02/17 01:19:51 Image size of job updated: 143172
	140  -  MemoryUsage of job (MB)
	143172  -  ResidentSetSize of job (KB)
...
006 (16626177.350.000) 02/17 01:24:51 Image size of job updated: 147700
	145  -  MemoryUsage of job (MB)
	147700  -  ResidentSetSize of job (KB)
...
006 (16626177.350.000) 02/17 01:34:53 Image size of job updated: 162000
	159  -  MemoryUsage of job (MB)
	162000  -  ResidentSetSize of job (KB)
...
006 (16626177.350.000) 02/17 01:39:53 Image size of job updated: 163464
	160  -  MemoryUsage of job (MB)
	163464  -  ResidentSetSize of job (KB)
...
006 (16626177.350.000) 02/17 01:44:53 Image size of job updated: 165960
	163  -  MemoryUsage of job (MB)
	165960  -  ResidentSetSize of job (KB)
...
040 (16626177.350.000) 02/17 01:45:50 Started transferring output files
...
040 (16626177.350.000) 02/17 01:45:50 Finished transferring output files
...
005 (16626177.350.000) 02/17 01:45:50 Job terminated.
	(1) Normal termination (return value 0)
		Usr 0 00:40:31, Sys 0 00:00:02  -  Run Remote Usage
		Usr 0 00:00:00, Sys 0 00:00:00  -  Run Local Usage
		Usr 0 00:40:31, Sys 0 00:00:02  -  Total Remote Usage
		Usr 0 00:00:00, Sys 0 00:00:00  -  Total Local Usage
	8153  -  Run Bytes Sent By Job
	10428  -  Run Bytes Received By Job
	8153  -  Total Bytes Sent By Job
	10428  -  Total Bytes Received By Job
	Partitionable Resources :    Usage  Request Allocated 
	   Cpus                 :     0.99        1         1 
	   Disk (KB)            :    43          12      3826 
	   GPUs                 :                           0 
	   Memory (MB)          :   163        3000      3000 

	Job terminated of its own accord at 2025-02-17T00:45:50Z with exit-code 0.
...
