000 (16626177.082.000) 02/17 00:58:07 Job submitted from host: <188.185.72.155:9618?addrs=188.185.72.155-9618+[2001-1458-d00-8--100-95]-9618&alias=bigbird08.cern.ch&noUDP&sock=schedd_862983_22fa>
...
040 (16626177.082.000) 02/17 00:58:39 Started transferring input files
	Transferring to host: <128.142.161.96:9618?addrs=128.142.161.96-9618+[2001-1458-301-b8--100-1e]-9618&alias=b9g03p4133.cern.ch&noUDP&sock=slot1_2_2437425_2986_2090>
...
040 (16626177.082.000) 02/17 00:58:39 Finished transferring input files
...
001 (16626177.082.000) 02/17 00:58:40 Job executing on host: <128.142.161.96:9618?addrs=128.142.161.96-9618+[2001-1458-301-b8--100-1e]-9618&alias=b9g03p4133.cern.ch&noUDP&sock=startd_3192_0664>
	SlotName: slot1_2@b9g03p4133.cern.ch
	CondorScratchDir = "/pool/condor/dir_710069"
	Cpus = 1
	Disk = 4001
	GPUs = 0
	Memory = 3000
...
006 (16626177.082.000) 02/17 00:58:48 Image size of job updated: 1852
	2  -  MemoryUsage of job (MB)
	1852  -  ResidentSetSize of job (KB)
...
006 (16626177.082.000) 02/17 01:03:48 Image size of job updated: 146660
	144  -  MemoryUsage of job (MB)
	146660  -  ResidentSetSize of job (KB)
...
006 (16626177.082.000) 02/17 01:08:49 Image size of job updated: 183388
	180  -  MemoryUsage of job (MB)
	183388  -  ResidentSetSize of job (KB)
...
006 (16626177.082.000) 02/17 01:13:50 Image size of job updated: 186692
	183  -  MemoryUsage of job (MB)
	186692  -  ResidentSetSize of job (KB)
...
006 (16626177.082.000) 02/17 01:18:50 Image size of job updated: 187784
	184  -  MemoryUsage of job (MB)
	187784  -  ResidentSetSize of job (KB)
...
006 (16626177.082.000) 02/17 01:23:51 Image size of job updated: 188644
	185  -  MemoryUsage of job (MB)
	188644  -  ResidentSetSize of job (KB)
...
006 (16626177.082.000) 02/17 01:28:52 Image size of job updated: 191404
	187  -  MemoryUsage of job (MB)
	191404  -  ResidentSetSize of job (KB)
...
006 (16626177.082.000) 02/17 01:38:53 Image size of job updated: 194500
	190  -  MemoryUsage of job (MB)
	194500  -  ResidentSetSize of job (KB)
...
006 (16626177.082.000) 02/17 01:43:54 Image size of job updated: 207196
	203  -  MemoryUsage of job (MB)
	207196  -  ResidentSetSize of job (KB)
...
006 (16626177.082.000) 02/17 01:48:54 Image size of job updated: 208040
	204  -  MemoryUsage of job (MB)
	208040  -  ResidentSetSize of job (KB)
...
006 (16626177.082.000) 02/17 01:53:54 Image size of job updated: 208840
	204  -  MemoryUsage of job (MB)
	208840  -  ResidentSetSize of job (KB)
...
006 (16626177.082.000) 02/17 01:58:55 Image size of job updated: 209488
	205  -  MemoryUsage of job (MB)
	209488  -  ResidentSetSize of job (KB)
...
040 (16626177.082.000) 02/17 02:06:29 Started transferring output files
...
040 (16626177.082.000) 02/17 02:06:29 Finished transferring output files
...
005 (16626177.082.000) 02/17 02:06:29 Job terminated.
	(1) Normal termination (return value 0)
		Usr 0 01:05:40, Sys 0 00:00:03  -  Run Remote Usage
		Usr 0 00:00:00, Sys 0 00:00:00  -  Run Local Usage
		Usr 0 01:05:40, Sys 0 00:00:03  -  Total Remote Usage
		Usr 0 00:00:00, Sys 0 00:00:00  -  Total Local Usage
	8152  -  Run Bytes Sent By Job
	10428  -  Run Bytes Received By Job
	8152  -  Total Bytes Sent By Job
	10428  -  Total Bytes Received By Job
	Partitionable Resources :    Usage  Request Allocated 
	   Cpus                 :     0.99        1         1 
	   Disk (KB)            :    43          12      4001 
	   GPUs                 :                           0 
	   Memory (MB)          :   205        3000      3000 

	Job terminated of its own accord at 2025-02-17T01:06:29Z with exit-code 0.
...
