000 (16626177.150.000) 02/17 00:58:07 Job submitted from host: <188.185.72.155:9618?addrs=188.185.72.155-9618+[2001-1458-d00-8--100-95]-9618&alias=bigbird08.cern.ch&noUDP&sock=schedd_862983_22fa>
...
040 (16626177.150.000) 02/17 00:59:01 Started transferring input files
	Transferring to host: <128.142.196.44:9618?addrs=128.142.196.44-9618+[2001-1458-301-3c--100-2a]-9618&alias=b9g32p0061.cern.ch&noUDP&sock=slot1_19_2212181_633f_81967>
...
040 (16626177.150.000) 02/17 00:59:01 Finished transferring input files
...
001 (16626177.150.000) 02/17 00:59:02 Job executing on host: <128.142.196.44:9618?addrs=128.142.196.44-9618+[2001-1458-301-3c--100-2a]-9618&alias=b9g32p0061.cern.ch&noUDP&sock=startd_2634_488c>
	SlotName: slot1_19@b9g32p0061.cern.ch
	CondorScratchDir = "/pool/condor/dir_1257910"
	Cpus = 1
	Disk = 3727
	GPUs = 0
	Memory = 3000
...
006 (16626177.150.000) 02/17 00:59:11 Image size of job updated: 220008
	215  -  MemoryUsage of job (MB)
	220008  -  ResidentSetSize of job (KB)
...
006 (16626177.150.000) 02/17 01:04:12 Image size of job updated: 258000
	252  -  MemoryUsage of job (MB)
	258000  -  ResidentSetSize of job (KB)
...
006 (16626177.150.000) 02/17 01:09:12 Image size of job updated: 262180
	257  -  MemoryUsage of job (MB)
	262180  -  ResidentSetSize of job (KB)
...
006 (16626177.150.000) 02/17 01:14:12 Image size of job updated: 262896
	257  -  MemoryUsage of job (MB)
	262896  -  ResidentSetSize of job (KB)
...
006 (16626177.150.000) 02/17 01:19:13 Image size of job updated: 265432
	260  -  MemoryUsage of job (MB)
	265432  -  ResidentSetSize of job (KB)
...
006 (16626177.150.000) 02/17 01:29:13 Image size of job updated: 268576
	263  -  MemoryUsage of job (MB)
	268576  -  ResidentSetSize of job (KB)
...
006 (16626177.150.000) 02/17 01:34:15 Image size of job updated: 269832
	264  -  MemoryUsage of job (MB)
	269832  -  ResidentSetSize of job (KB)
...
006 (16626177.150.000) 02/17 01:39:15 Image size of job updated: 272744
	267  -  MemoryUsage of job (MB)
	272744  -  ResidentSetSize of job (KB)
...
040 (16626177.150.000) 02/17 01:42:49 Started transferring output files
...
040 (16626177.150.000) 02/17 01:42:49 Finished transferring output files
...
005 (16626177.150.000) 02/17 01:42:49 Job terminated.
	(1) Normal termination (return value 0)
		Usr 0 00:42:54, Sys 0 00:00:02  -  Run Remote Usage
		Usr 0 00:00:00, Sys 0 00:00:00  -  Run Local Usage
		Usr 0 00:42:54, Sys 0 00:00:02  -  Total Remote Usage
		Usr 0 00:00:00, Sys 0 00:00:00  -  Total Local Usage
	8153  -  Run Bytes Sent By Job
	10428  -  Run Bytes Received By Job
	8153  -  Total Bytes Sent By Job
	10428  -  Total Bytes Received By Job
	Partitionable Resources :    Usage  Request Allocated 
	   Cpus                 :     0.97        1         1 
	   Disk (KB)            :    43          12      3727 
	   GPUs                 :                           0 
	   Memory (MB)          :   267        3000      3000 

	Job terminated of its own accord at 2025-02-17T00:42:49Z with exit-code 0.
...
