000 (16626177.395.000) 02/17 00:58:07 Job submitted from host: <188.185.72.155:9618?addrs=188.185.72.155-9618+[2001-1458-d00-8--100-95]-9618&alias=bigbird08.cern.ch&noUDP&sock=schedd_862983_22fa>
...
040 (16626177.395.000) 02/17 01:04:55 Started transferring input files
	Transferring to host: <188.185.207.180:9618?addrs=188.185.207.180-9618+[2001-1458-303-e--100-31]-9618&alias=b9p08p9471.cern.ch&noUDP&sock=slot1_50_7929_729c_128369>
...
040 (16626177.395.000) 02/17 01:04:55 Finished transferring input files
...
001 (16626177.395.000) 02/17 01:04:56 Job executing on host: <188.185.207.180:9618?addrs=188.185.207.180-9618+[2001-1458-303-e--100-31]-9618&alias=b9p08p9471.cern.ch&noUDP&sock=startd_7025_24e7>
	SlotName: slot1_50@b9p08p9471.cern.ch
	CondorScratchDir = "/pool/condor/dir_2926694"
	Cpus = 1
	Disk = 3672
	GPUs = 0
	Memory = 3000
...
006 (16626177.395.000) 02/17 01:05:04 Image size of job updated: 101308
	99  -  MemoryUsage of job (MB)
	101308  -  ResidentSetSize of job (KB)
...
006 (16626177.395.000) 02/17 01:10:04 Image size of job updated: 138656
	136  -  MemoryUsage of job (MB)
	138656  -  ResidentSetSize of job (KB)
...
006 (16626177.395.000) 02/17 01:15:05 Image size of job updated: 142992
	140  -  MemoryUsage of job (MB)
	142992  -  ResidentSetSize of job (KB)
...
006 (16626177.395.000) 02/17 01:20:05 Image size of job updated: 143500
	141  -  MemoryUsage of job (MB)
	143500  -  ResidentSetSize of job (KB)
...
006 (16626177.395.000) 02/17 01:25:05 Image size of job updated: 146048
	143  -  MemoryUsage of job (MB)
	146048  -  ResidentSetSize of job (KB)
...
006 (16626177.395.000) 02/17 01:30:06 Image size of job updated: 149136
	146  -  MemoryUsage of job (MB)
	149136  -  ResidentSetSize of job (KB)
...
006 (16626177.395.000) 02/17 01:35:06 Image size of job updated: 149980
	147  -  MemoryUsage of job (MB)
	149980  -  ResidentSetSize of job (KB)
...
006 (16626177.395.000) 02/17 01:40:06 Image size of job updated: 153900
	151  -  MemoryUsage of job (MB)
	153900  -  ResidentSetSize of job (KB)
...
040 (16626177.395.000) 02/17 01:45:09 Started transferring output files
...
040 (16626177.395.000) 02/17 01:45:09 Finished transferring output files
...
005 (16626177.395.000) 02/17 01:45:09 Job terminated.
	(1) Normal termination (return value 0)
		Usr 0 00:39:19, Sys 0 00:00:02  -  Run Remote Usage
		Usr 0 00:00:00, Sys 0 00:00:00  -  Run Local Usage
		Usr 0 00:39:19, Sys 0 00:00:02  -  Total Remote Usage
		Usr 0 00:00:00, Sys 0 00:00:00  -  Total Local Usage
	8155  -  Run Bytes Sent By Job
	10428  -  Run Bytes Received By Job
	8155  -  Total Bytes Sent By Job
	10428  -  Total Bytes Received By Job
	Partitionable Resources :    Usage  Request Allocated 
	   Cpus                 :     0.99        1         1 
	   Disk (KB)            :    48          12      3672 
	   GPUs                 :                           0 
	   Memory (MB)          :   151        3000      3000 

	Job terminated of its own accord at 2025-02-17T00:45:09Z with exit-code 0.
...
