000 (16626177.430.000) 02/17 00:58:07 Job submitted from host: <188.185.72.155:9618?addrs=188.185.72.155-9618+[2001-1458-d00-8--100-95]-9618&alias=bigbird08.cern.ch&noUDP&sock=schedd_862983_22fa>
...
040 (16626177.430.000) 02/17 01:05:11 Started transferring input files
	Transferring to host: <188.185.194.76:9618?addrs=188.185.194.76-9618+[2001-1458-303-21--100-48]-9618&alias=b9p20p3147.cern.ch&noUDP&sock=slot1_17_453571_8d25_75522>
...
040 (16626177.430.000) 02/17 01:05:11 Finished transferring input files
...
001 (16626177.430.000) 02/17 01:05:12 Job executing on host: <188.185.194.76:9618?addrs=188.185.194.76-9618+[2001-1458-303-21--100-48]-9618&alias=b9p20p3147.cern.ch&noUDP&sock=startd_8079_19b9>
	SlotName: slot1_17@b9p20p3147.cern.ch
	CondorScratchDir = "/pool/condor/dir_2884185"
	Cpus = 1
	Disk = 3950
	GPUs = 0
	Memory = 3000
...
006 (16626177.430.000) 02/17 01:05:20 Image size of job updated: 1880
	2  -  MemoryUsage of job (MB)
	1880  -  ResidentSetSize of job (KB)
...
006 (16626177.430.000) 02/17 01:10:20 Image size of job updated: 100868
	99  -  MemoryUsage of job (MB)
	100868  -  ResidentSetSize of job (KB)
...
006 (16626177.430.000) 02/17 01:15:21 Image size of job updated: 139536
	137  -  MemoryUsage of job (MB)
	139536  -  ResidentSetSize of job (KB)
...
006 (16626177.430.000) 02/17 01:20:22 Image size of job updated: 141228
	138  -  MemoryUsage of job (MB)
	141228  -  ResidentSetSize of job (KB)
...
006 (16626177.430.000) 02/17 01:25:22 Image size of job updated: 141480
	139  -  MemoryUsage of job (MB)
	141480  -  ResidentSetSize of job (KB)
...
006 (16626177.430.000) 02/17 01:35:24 Image size of job updated: 147728
	145  -  MemoryUsage of job (MB)
	147728  -  ResidentSetSize of job (KB)
...
006 (16626177.430.000) 02/17 01:40:24 Image size of job updated: 148632
	146  -  MemoryUsage of job (MB)
	148632  -  ResidentSetSize of job (KB)
...
006 (16626177.430.000) 02/17 01:45:24 Image size of job updated: 153648
	151  -  MemoryUsage of job (MB)
	153648  -  ResidentSetSize of job (KB)
...
040 (16626177.430.000) 02/17 01:51:08 Started transferring output files
...
040 (16626177.430.000) 02/17 01:51:08 Finished transferring output files
...
005 (16626177.430.000) 02/17 01:51:08 Job terminated.
	(1) Normal termination (return value 0)
		Usr 0 00:45:08, Sys 0 00:00:01  -  Run Remote Usage
		Usr 0 00:00:00, Sys 0 00:00:00  -  Run Local Usage
		Usr 0 00:45:08, Sys 0 00:00:01  -  Total Remote Usage
		Usr 0 00:00:00, Sys 0 00:00:00  -  Total Local Usage
	8155  -  Run Bytes Sent By Job
	10428  -  Run Bytes Received By Job
	8155  -  Total Bytes Sent By Job
	10428  -  Total Bytes Received By Job
	Partitionable Resources :    Usage  Request Allocated 
	   Cpus                 :     0.99        1         1 
	   Disk (KB)            :    43          12      3950 
	   GPUs                 :                           0 
	   Memory (MB)          :   151        3000      3000 

	Job terminated of its own accord at 2025-02-17T00:51:08Z with exit-code 0.
...
