000 (16626177.210.000) 02/17 00:58:07 Job submitted from host: <188.185.72.155:9618?addrs=188.185.72.155-9618+[2001-1458-d00-8--100-95]-9618&alias=bigbird08.cern.ch&noUDP&sock=schedd_862983_22fa>
...
040 (16626177.210.000) 02/17 01:00:37 Started transferring input files
	Transferring to host: <188.185.196.27:9618?addrs=188.185.196.27-9618+[2001-1458-303-23--100-17]-9618&alias=b9p16p7172.cern.ch&noUDP&sock=slot1_18_8570_1716_119014>
...
040 (16626177.210.000) 02/17 01:00:37 Finished transferring input files
...
001 (16626177.210.000) 02/17 01:00:38 Job executing on host: <188.185.196.27:9618?addrs=188.185.196.27-9618+[2001-1458-303-23--100-17]-9618&alias=b9p16p7172.cern.ch&noUDP&sock=startd_7322_dc88>
	SlotName: slot1_18@b9p16p7172.cern.ch
	CondorScratchDir = "/pool/condor/dir_4150892"
	Cpus = 1
	Disk = 3773
	GPUs = 0
	Memory = 3000
...
006 (16626177.210.000) 02/17 01:00:47 Image size of job updated: 235928
	231  -  MemoryUsage of job (MB)
	235928  -  ResidentSetSize of job (KB)
...
006 (16626177.210.000) 02/17 01:05:48 Image size of job updated: 274492
	269  -  MemoryUsage of job (MB)
	274492  -  ResidentSetSize of job (KB)
...
006 (16626177.210.000) 02/17 01:10:48 Image size of job updated: 278444
	272  -  MemoryUsage of job (MB)
	278444  -  ResidentSetSize of job (KB)
...
006 (16626177.210.000) 02/17 01:15:48 Image size of job updated: 280872
	275  -  MemoryUsage of job (MB)
	280872  -  ResidentSetSize of job (KB)
...
006 (16626177.210.000) 02/17 01:25:49 Image size of job updated: 281212
	275  -  MemoryUsage of job (MB)
	281212  -  ResidentSetSize of job (KB)
...
006 (16626177.210.000) 02/17 01:30:49 Image size of job updated: 293536
	287  -  MemoryUsage of job (MB)
	293536  -  ResidentSetSize of job (KB)
...
006 (16626177.210.000) 02/17 01:35:50 Image size of job updated: 294140
	288  -  MemoryUsage of job (MB)
	294140  -  ResidentSetSize of job (KB)
...
006 (16626177.210.000) 02/17 01:40:51 Image size of job updated: 295424
	289  -  MemoryUsage of job (MB)
	295424  -  ResidentSetSize of job (KB)
...
006 (16626177.210.000) 02/17 01:45:51 Image size of job updated: 298324
	292  -  MemoryUsage of job (MB)
	298324  -  ResidentSetSize of job (KB)
...
040 (16626177.210.000) 02/17 01:45:53 Started transferring output files
...
040 (16626177.210.000) 02/17 01:45:53 Finished transferring output files
...
005 (16626177.210.000) 02/17 01:45:53 Job terminated.
	(1) Normal termination (return value 0)
		Usr 0 00:44:50, Sys 0 00:00:01  -  Run Remote Usage
		Usr 0 00:00:00, Sys 0 00:00:00  -  Run Local Usage
		Usr 0 00:44:50, Sys 0 00:00:01  -  Total Remote Usage
		Usr 0 00:00:00, Sys 0 00:00:00  -  Total Local Usage
	8155  -  Run Bytes Sent By Job
	10428  -  Run Bytes Received By Job
	8155  -  Total Bytes Sent By Job
	10428  -  Total Bytes Received By Job
	Partitionable Resources :    Usage  Request Allocated 
	   Cpus                 :     0.99        1         1 
	   Disk (KB)            :    44          12      3773 
	   GPUs                 :                           0 
	   Memory (MB)          :   292        3000      3000 

	Job terminated of its own accord at 2025-02-17T00:45:53Z with exit-code 0.
...
