000 (16626177.461.000) 02/17 00:58:08 Job submitted from host: <188.185.72.155:9618?addrs=188.185.72.155-9618+[2001-1458-d00-8--100-95]-9618&alias=bigbird08.cern.ch&noUDP&sock=schedd_862983_22fa>
...
040 (16626177.461.000) 02/17 01:07:31 Started transferring input files
	Transferring to host: <188.185.196.164:9618?addrs=188.185.196.164-9618+[2001-1458-303-23--100-a0]-9618&alias=b9p16p8556.cern.ch&noUDP&sock=slot1_28_2035041_3b9b_74830>
...
040 (16626177.461.000) 02/17 01:07:31 Finished transferring input files
...
001 (16626177.461.000) 02/17 01:07:32 Job executing on host: <188.185.196.164:9618?addrs=188.185.196.164-9618+[2001-1458-303-23--100-a0]-9618&alias=b9p16p8556.cern.ch&noUDP&sock=startd_3903_b63b>
	SlotName: slot1_28@b9p16p8556.cern.ch
	CondorScratchDir = "/pool/condor/dir_176855"
	Cpus = 1
	Disk = 3832
	GPUs = 0
	Memory = 3000
...
006 (16626177.461.000) 02/17 01:07:40 Image size of job updated: 73164
	72  -  MemoryUsage of job (MB)
	73164  -  ResidentSetSize of job (KB)
...
006 (16626177.461.000) 02/17 01:12:40 Image size of job updated: 136920
	134  -  MemoryUsage of job (MB)
	136920  -  ResidentSetSize of job (KB)
...
006 (16626177.461.000) 02/17 01:17:41 Image size of job updated: 141472
	139  -  MemoryUsage of job (MB)
	141472  -  ResidentSetSize of job (KB)
...
006 (16626177.461.000) 02/17 01:22:41 Image size of job updated: 142088
	139  -  MemoryUsage of job (MB)
	142088  -  ResidentSetSize of job (KB)
...
006 (16626177.461.000) 02/17 01:27:41 Image size of job updated: 144388
	142  -  MemoryUsage of job (MB)
	144388  -  ResidentSetSize of job (KB)
...
006 (16626177.461.000) 02/17 01:32:42 Image size of job updated: 146276
	143  -  MemoryUsage of job (MB)
	146276  -  ResidentSetSize of job (KB)
...
006 (16626177.461.000) 02/17 01:37:43 Image size of job updated: 147992
	145  -  MemoryUsage of job (MB)
	147992  -  ResidentSetSize of job (KB)
...
006 (16626177.461.000) 02/17 01:42:43 Image size of job updated: 149908
	147  -  MemoryUsage of job (MB)
	149908  -  ResidentSetSize of job (KB)
...
040 (16626177.461.000) 02/17 01:44:54 Started transferring output files
...
040 (16626177.461.000) 02/17 01:44:54 Finished transferring output files
...
005 (16626177.461.000) 02/17 01:44:54 Job terminated.
	(1) Normal termination (return value 0)
		Usr 0 00:37:03, Sys 0 00:00:01  -  Run Remote Usage
		Usr 0 00:00:00, Sys 0 00:00:00  -  Run Local Usage
		Usr 0 00:37:03, Sys 0 00:00:01  -  Total Remote Usage
		Usr 0 00:00:00, Sys 0 00:00:00  -  Total Local Usage
	8153  -  Run Bytes Sent By Job
	10428  -  Run Bytes Received By Job
	8153  -  Total Bytes Sent By Job
	10428  -  Total Bytes Received By Job
	Partitionable Resources :    Usage  Request Allocated 
	   Cpus                 :     0.99        1         1 
	   Disk (KB)            :    44          12      3832 
	   GPUs                 :                           0 
	   Memory (MB)          :   147        3000      3000 

	Job terminated of its own accord at 2025-02-17T00:44:54Z with exit-code 0.
...
