000 (16626177.048.000) 02/17 00:58:07 Job submitted from host: <188.185.72.155:9618?addrs=188.185.72.155-9618+[2001-1458-d00-8--100-95]-9618&alias=bigbird08.cern.ch&noUDP&sock=schedd_862983_22fa>
...
040 (16626177.048.000) 02/17 00:58:28 Started transferring input files
	Transferring to host: <188.185.192.88:9618?addrs=188.185.192.88-9618+[2001-1458-303-1f--100-54]-9618&alias=b9p13p5626.cern.ch&noUDP&sock=slot1_20_8560_0b55_4974>
...
040 (16626177.048.000) 02/17 00:58:28 Finished transferring input files
...
001 (16626177.048.000) 02/17 00:58:29 Job executing on host: <188.185.192.88:9618?addrs=188.185.192.88-9618+[2001-1458-303-1f--100-54]-9618&alias=b9p13p5626.cern.ch&noUDP&sock=startd_8480_2734>
	SlotName: slot1_20@b9p13p5626.cern.ch
	CondorScratchDir = "/pool/condor/dir_701260"
	Cpus = 1
	Disk = 3724
	GPUs = 0
	Memory = 3000
...
006 (16626177.048.000) 02/17 00:58:38 Image size of job updated: 386752
	378  -  MemoryUsage of job (MB)
	386752  -  ResidentSetSize of job (KB)
...
006 (16626177.048.000) 02/17 01:03:39 Image size of job updated: 454760
	445  -  MemoryUsage of job (MB)
	454760  -  ResidentSetSize of job (KB)
...
006 (16626177.048.000) 02/17 01:08:39 Image size of job updated: 461864
	452  -  MemoryUsage of job (MB)
	461864  -  ResidentSetSize of job (KB)
...
006 (16626177.048.000) 02/17 01:13:39 Image size of job updated: 462008
	452  -  MemoryUsage of job (MB)
	462008  -  ResidentSetSize of job (KB)
...
006 (16626177.048.000) 02/17 01:18:40 Image size of job updated: 463612
	453  -  MemoryUsage of job (MB)
	463612  -  ResidentSetSize of job (KB)
...
006 (16626177.048.000) 02/17 01:28:41 Image size of job updated: 479268
	469  -  MemoryUsage of job (MB)
	479268  -  ResidentSetSize of job (KB)
...
006 (16626177.048.000) 02/17 01:33:42 Image size of job updated: 479504
	469  -  MemoryUsage of job (MB)
	479504  -  ResidentSetSize of job (KB)
...
006 (16626177.048.000) 02/17 01:38:43 Image size of job updated: 480780
	470  -  MemoryUsage of job (MB)
	480780  -  ResidentSetSize of job (KB)
...
006 (16626177.048.000) 02/17 01:43:43 Image size of job updated: 481892
	471  -  MemoryUsage of job (MB)
	481892  -  ResidentSetSize of job (KB)
...
040 (16626177.048.000) 02/17 01:48:41 Started transferring output files
...
040 (16626177.048.000) 02/17 01:48:41 Finished transferring output files
...
005 (16626177.048.000) 02/17 01:48:41 Job terminated.
	(1) Normal termination (return value 0)
		Usr 0 00:49:41, Sys 0 00:00:01  -  Run Remote Usage
		Usr 0 00:00:00, Sys 0 00:00:00  -  Run Local Usage
		Usr 0 00:49:41, Sys 0 00:00:01  -  Total Remote Usage
		Usr 0 00:00:00, Sys 0 00:00:00  -  Total Local Usage
	8152  -  Run Bytes Sent By Job
	10428  -  Run Bytes Received By Job
	8152  -  Total Bytes Sent By Job
	10428  -  Total Bytes Received By Job
	Partitionable Resources :    Usage  Request Allocated 
	   Cpus                 :     0.99        1         1 
	   Disk (KB)            :    43          12      3724 
	   GPUs                 :                           0 
	   Memory (MB)          :   471        3000      3000 

	Job terminated of its own accord at 2025-02-17T00:48:41Z with exit-code 0.
...
