000 (16626177.337.000) 02/17 00:58:07 Job submitted from host: <188.185.72.155:9618?addrs=188.185.72.155-9618+[2001-1458-d00-8--100-95]-9618&alias=bigbird08.cern.ch&noUDP&sock=schedd_862983_22fa>
...
040 (16626177.337.000) 02/17 01:04:34 Started transferring input files
	Transferring to host: <188.185.194.120:9618?addrs=188.185.194.120-9618+[2001-1458-303-21--100-74]-9618&alias=b9p20p8045.cern.ch&noUDP&sock=slot1_5_492636_60ba_730>
...
040 (16626177.337.000) 02/17 01:04:34 Finished transferring input files
...
001 (16626177.337.000) 02/17 01:04:35 Job executing on host: <188.185.194.120:9618?addrs=188.185.194.120-9618+[2001-1458-303-21--100-74]-9618&alias=b9p20p8045.cern.ch&noUDP&sock=startd_8975_ae95>
	SlotName: slot1_5@b9p20p8045.cern.ch
	CondorScratchDir = "/pool/condor/dir_3253291"
	Cpus = 1
	Disk = 3937
	GPUs = 0
	Memory = 3000
...
006 (16626177.337.000) 02/17 01:04:43 Image size of job updated: 161172
	158  -  MemoryUsage of job (MB)
	161172  -  ResidentSetSize of job (KB)
...
006 (16626177.337.000) 02/17 01:09:43 Image size of job updated: 227164
	222  -  MemoryUsage of job (MB)
	227164  -  ResidentSetSize of job (KB)
...
006 (16626177.337.000) 02/17 01:14:44 Image size of job updated: 232192
	227  -  MemoryUsage of job (MB)
	232192  -  ResidentSetSize of job (KB)
...
006 (16626177.337.000) 02/17 01:19:45 Image size of job updated: 233516
	229  -  MemoryUsage of job (MB)
	233516  -  ResidentSetSize of job (KB)
...
006 (16626177.337.000) 02/17 01:24:45 Image size of job updated: 234752
	230  -  MemoryUsage of job (MB)
	234752  -  ResidentSetSize of job (KB)
...
006 (16626177.337.000) 02/17 01:34:47 Image size of job updated: 239736
	235  -  MemoryUsage of job (MB)
	239736  -  ResidentSetSize of job (KB)
...
006 (16626177.337.000) 02/17 01:39:47 Image size of job updated: 245056
	240  -  MemoryUsage of job (MB)
	245056  -  ResidentSetSize of job (KB)
...
006 (16626177.337.000) 02/17 01:44:47 Image size of job updated: 246988
	242  -  MemoryUsage of job (MB)
	246988  -  ResidentSetSize of job (KB)
...
040 (16626177.337.000) 02/17 01:49:23 Started transferring output files
...
040 (16626177.337.000) 02/17 01:49:23 Finished transferring output files
...
005 (16626177.337.000) 02/17 01:49:23 Job terminated.
	(1) Normal termination (return value 0)
		Usr 0 00:44:27, Sys 0 00:00:01  -  Run Remote Usage
		Usr 0 00:00:00, Sys 0 00:00:00  -  Run Local Usage
		Usr 0 00:44:27, Sys 0 00:00:01  -  Total Remote Usage
		Usr 0 00:00:00, Sys 0 00:00:00  -  Total Local Usage
	8155  -  Run Bytes Sent By Job
	10428  -  Run Bytes Received By Job
	8155  -  Total Bytes Sent By Job
	10428  -  Total Bytes Received By Job
	Partitionable Resources :    Usage  Request Allocated 
	   Cpus                 :     0.99        1         1 
	   Disk (KB)            :    43          12      3937 
	   GPUs                 :                           0 
	   Memory (MB)          :   242        3000      3000 

	Job terminated of its own accord at 2025-02-17T00:49:23Z with exit-code 0.
...
