000 (16626177.386.000) 02/17 00:58:07 Job submitted from host: <188.185.72.155:9618?addrs=188.185.72.155-9618+[2001-1458-d00-8--100-95]-9618&alias=bigbird08.cern.ch&noUDP&sock=schedd_862983_22fa>
...
040 (16626177.386.000) 02/17 01:04:52 Started transferring input files
	Transferring to host: <188.185.195.149:9618?addrs=188.185.195.149-9618+[2001-1458-303-22--100-91]-9618&alias=b9p17p9437.cern.ch&noUDP&sock=slot1_31_250988_8057_73712>
...
040 (16626177.386.000) 02/17 01:04:52 Finished transferring input files
...
001 (16626177.386.000) 02/17 01:04:53 Job executing on host: <188.185.195.149:9618?addrs=188.185.195.149-9618+[2001-1458-303-22--100-91]-9618&alias=b9p17p9437.cern.ch&noUDP&sock=startd_4837_5baf>
	SlotName: slot1_31@b9p17p9437.cern.ch
	CondorScratchDir = "/pool/condor/dir_151644"
	Cpus = 1
	Disk = 3876
	GPUs = 0
	Memory = 3000
...
006 (16626177.386.000) 02/17 01:05:01 Image size of job updated: 69944
	69  -  MemoryUsage of job (MB)
	69944  -  ResidentSetSize of job (KB)
...
006 (16626177.386.000) 02/17 01:10:01 Image size of job updated: 101676
	100  -  MemoryUsage of job (MB)
	101676  -  ResidentSetSize of job (KB)
...
006 (16626177.386.000) 02/17 01:15:02 Image size of job updated: 138000
	135  -  MemoryUsage of job (MB)
	138000  -  ResidentSetSize of job (KB)
...
006 (16626177.386.000) 02/17 01:20:03 Image size of job updated: 141144
	138  -  MemoryUsage of job (MB)
	141144  -  ResidentSetSize of job (KB)
...
006 (16626177.386.000) 02/17 01:25:03 Image size of job updated: 141996
	139  -  MemoryUsage of job (MB)
	141996  -  ResidentSetSize of job (KB)
...
006 (16626177.386.000) 02/17 01:30:04 Image size of job updated: 143336
	140  -  MemoryUsage of job (MB)
	143336  -  ResidentSetSize of job (KB)
...
006 (16626177.386.000) 02/17 01:35:05 Image size of job updated: 144180
	141  -  MemoryUsage of job (MB)
	144180  -  ResidentSetSize of job (KB)
...
006 (16626177.386.000) 02/17 01:50:07 Image size of job updated: 145660
	143  -  MemoryUsage of job (MB)
	145660  -  ResidentSetSize of job (KB)
...
006 (16626177.386.000) 02/17 01:55:07 Image size of job updated: 146344
	143  -  MemoryUsage of job (MB)
	146344  -  ResidentSetSize of job (KB)
...
006 (16626177.386.000) 02/17 02:00:07 Image size of job updated: 146556
	144  -  MemoryUsage of job (MB)
	146556  -  ResidentSetSize of job (KB)
...
006 (16626177.386.000) 02/17 02:05:08 Image size of job updated: 150420
	147  -  MemoryUsage of job (MB)
	150420  -  ResidentSetSize of job (KB)
...
006 (16626177.386.000) 02/17 02:10:08 Image size of job updated: 150764
	148  -  MemoryUsage of job (MB)
	150764  -  ResidentSetSize of job (KB)
...
040 (16626177.386.000) 02/17 02:14:53 Started transferring output files
...
040 (16626177.386.000) 02/17 02:14:53 Finished transferring output files
...
005 (16626177.386.000) 02/17 02:14:53 Job terminated.
	(1) Normal termination (return value 0)
		Usr 0 01:04:55, Sys 0 00:00:03  -  Run Remote Usage
		Usr 0 00:00:00, Sys 0 00:00:00  -  Run Local Usage
		Usr 0 01:04:55, Sys 0 00:00:03  -  Total Remote Usage
		Usr 0 00:00:00, Sys 0 00:00:00  -  Total Local Usage
	8155  -  Run Bytes Sent By Job
	10428  -  Run Bytes Received By Job
	8155  -  Total Bytes Sent By Job
	10428  -  Total Bytes Received By Job
	Partitionable Resources :    Usage  Request Allocated 
	   Cpus                 :     0.97        1         1 
	   Disk (KB)            :    43          12      3876 
	   GPUs                 :                           0 
	   Memory (MB)          :   148        3000      3000 

	Job terminated of its own accord at 2025-02-17T01:14:53Z with exit-code 0.
...
