000 (16626177.138.000) 02/17 00:58:07 Job submitted from host: <188.185.72.155:9618?addrs=188.185.72.155-9618+[2001-1458-d00-8--100-95]-9618&alias=bigbird08.cern.ch&noUDP&sock=schedd_862983_22fa>
...
040 (16626177.138.000) 02/17 00:58:58 Started transferring input files
	Transferring to host: <188.185.195.95:9618?addrs=188.185.195.95-9618+[2001-1458-303-22--100-5b]-9618&alias=b9p17p1975.cern.ch&noUDP&sock=slot1_7_451504_29b1_13348>
...
040 (16626177.138.000) 02/17 00:58:58 Finished transferring input files
...
001 (16626177.138.000) 02/17 00:58:59 Job executing on host: <188.185.195.95:9618?addrs=188.185.195.95-9618+[2001-1458-303-22--100-5b]-9618&alias=b9p17p1975.cern.ch&noUDP&sock=startd_2058406_e234>
	SlotName: slot1_7@b9p17p1975.cern.ch
	CondorScratchDir = "/pool/condor/dir_1912343"
	Cpus = 1
	Disk = 3924
	GPUs = 0
	Memory = 3000
...
006 (16626177.138.000) 02/17 00:59:08 Image size of job updated: 423728
	414  -  MemoryUsage of job (MB)
	423728  -  ResidentSetSize of job (KB)
...
040 (16626177.138.000) 02/17 01:52:27 Started transferring output files
...
040 (16626177.138.000) 02/17 01:52:27 Finished transferring output files
...
005 (16626177.138.000) 02/17 01:52:27 Job terminated.
	(1) Normal termination (return value 0)
		Usr 0 00:52:50, Sys 0 00:00:02  -  Run Remote Usage
		Usr 0 00:00:00, Sys 0 00:00:00  -  Run Local Usage
		Usr 0 00:52:50, Sys 0 00:00:02  -  Total Remote Usage
		Usr 0 00:00:00, Sys 0 00:00:00  -  Total Local Usage
	8155  -  Run Bytes Sent By Job
	10428  -  Run Bytes Received By Job
	8155  -  Total Bytes Sent By Job
	10428  -  Total Bytes Received By Job
	Partitionable Resources :    Usage  Request Allocated 
	   Cpus                 :     0.99        1         1 
	   Disk (KB)            :    44          12      3924 
	   GPUs                 :                           0 
	   Memory (MB)          :   414        3000      3000 

	Job terminated of its own accord at 2025-02-17T00:52:27Z with exit-code 0.
...
