000 (16626177.002.000) 02/17 00:58:07 Job submitted from host: <188.185.72.155:9618?addrs=188.185.72.155-9618+[2001-1458-d00-8--100-95]-9618&alias=bigbird08.cern.ch&noUDP&sock=schedd_862983_22fa>
...
040 (16626177.002.000) 02/17 00:58:12 Started transferring input files
	Transferring to host: <188.185.198.120:9618?addrs=188.185.198.120-9618+[2001-1458-303-25--100-74]-9618&alias=b9p15p0387.cern.ch&noUDP&sock=slot1_20_236508_080b_12113>
...
040 (16626177.002.000) 02/17 00:58:12 Finished transferring input files
...
001 (16626177.002.000) 02/17 00:58:13 Job executing on host: <188.185.198.120:9618?addrs=188.185.198.120-9618+[2001-1458-303-25--100-74]-9618&alias=b9p15p0387.cern.ch&noUDP&sock=startd_9480_11e9>
	SlotName: slot1_20@b9p15p0387.cern.ch
	CondorScratchDir = "/pool/condor/dir_1964692"
	Cpus = 1
	Disk = 3784
	GPUs = 0
	Memory = 3000
...
006 (16626177.002.000) 02/17 00:58:21 Image size of job updated: 331880
	325  -  MemoryUsage of job (MB)
	331880  -  ResidentSetSize of job (KB)
...
006 (16626177.002.000) 02/17 01:03:21 Image size of job updated: 399660
	391  -  MemoryUsage of job (MB)
	399660  -  ResidentSetSize of job (KB)
...
006 (16626177.002.000) 02/17 01:08:23 Image size of job updated: 401336
	392  -  MemoryUsage of job (MB)
	401336  -  ResidentSetSize of job (KB)
...
006 (16626177.002.000) 02/17 01:13:23 Image size of job updated: 405176
	396  -  MemoryUsage of job (MB)
	405176  -  ResidentSetSize of job (KB)
...
006 (16626177.002.000) 02/17 01:18:23 Image size of job updated: 405648
	397  -  MemoryUsage of job (MB)
	405648  -  ResidentSetSize of job (KB)
...
006 (16626177.002.000) 02/17 01:23:24 Image size of job updated: 407672
	399  -  MemoryUsage of job (MB)
	407672  -  ResidentSetSize of job (KB)
...
006 (16626177.002.000) 02/17 01:33:25 Image size of job updated: 416540
	407  -  MemoryUsage of job (MB)
	416540  -  ResidentSetSize of job (KB)
...
006 (16626177.002.000) 02/17 01:38:26 Image size of job updated: 416816
	408  -  MemoryUsage of job (MB)
	416816  -  ResidentSetSize of job (KB)
...
040 (16626177.002.000) 02/17 01:52:59 Started transferring output files
...
040 (16626177.002.000) 02/17 01:52:59 Finished transferring output files
...
005 (16626177.002.000) 02/17 01:52:59 Job terminated.
	(1) Normal termination (return value 0)
		Usr 0 00:53:58, Sys 0 00:00:02  -  Run Remote Usage
		Usr 0 00:00:00, Sys 0 00:00:00  -  Run Local Usage
		Usr 0 00:53:58, Sys 0 00:00:02  -  Total Remote Usage
		Usr 0 00:00:00, Sys 0 00:00:00  -  Total Local Usage
	8149  -  Run Bytes Sent By Job
	10428  -  Run Bytes Received By Job
	8149  -  Total Bytes Sent By Job
	10428  -  Total Bytes Received By Job
	Partitionable Resources :    Usage  Request Allocated 
	   Cpus                 :     0.99        1         1 
	   Disk (KB)            :    44          12      3784 
	   GPUs                 :                           0 
	   Memory (MB)          :   408        3000      3000 

	Job terminated of its own accord at 2025-02-17T00:52:59Z with exit-code 0.
...
