000 (16626177.485.000) 02/17 00:58:08 Job submitted from host: <188.185.72.155:9618?addrs=188.185.72.155-9618+[2001-1458-d00-8--100-95]-9618&alias=bigbird08.cern.ch&noUDP&sock=schedd_862983_22fa>
...
040 (16626177.485.000) 02/17 01:07:39 Started transferring input files
	Transferring to host: <188.185.207.180:9618?addrs=188.185.207.180-9618+[2001-1458-303-e--100-31]-9618&alias=b9p08p9471.cern.ch&noUDP&sock=slot1_53_7929_729c_128374>
...
040 (16626177.485.000) 02/17 01:07:39 Finished transferring input files
...
001 (16626177.485.000) 02/17 01:07:40 Job executing on host: <188.185.207.180:9618?addrs=188.185.207.180-9618+[2001-1458-303-e--100-31]-9618&alias=b9p08p9471.cern.ch&noUDP&sock=startd_7025_24e7>
	SlotName: slot1_53@b9p08p9471.cern.ch
	CondorScratchDir = "/pool/condor/dir_2942239"
	Cpus = 1
	Disk = 3656
	GPUs = 0
	Memory = 3000
...
006 (16626177.485.000) 02/17 01:07:49 Image size of job updated: 99816
	98  -  MemoryUsage of job (MB)
	99816  -  ResidentSetSize of job (KB)
...
006 (16626177.485.000) 02/17 01:12:49 Image size of job updated: 137304
	135  -  MemoryUsage of job (MB)
	137304  -  ResidentSetSize of job (KB)
...
006 (16626177.485.000) 02/17 01:17:49 Image size of job updated: 141960
	139  -  MemoryUsage of job (MB)
	141960  -  ResidentSetSize of job (KB)
...
006 (16626177.485.000) 02/17 01:22:50 Image size of job updated: 142688
	140  -  MemoryUsage of job (MB)
	142688  -  ResidentSetSize of job (KB)
...
006 (16626177.485.000) 02/17 01:32:51 Image size of job updated: 146656
	144  -  MemoryUsage of job (MB)
	146656  -  ResidentSetSize of job (KB)
...
006 (16626177.485.000) 02/17 01:37:52 Image size of job updated: 150916
	148  -  MemoryUsage of job (MB)
	150916  -  ResidentSetSize of job (KB)
...
040 (16626177.485.000) 02/17 01:42:49 Started transferring output files
...
040 (16626177.485.000) 02/17 01:42:49 Finished transferring output files
...
005 (16626177.485.000) 02/17 01:42:49 Job terminated.
	(1) Normal termination (return value 0)
		Usr 0 00:34:05, Sys 0 00:00:01  -  Run Remote Usage
		Usr 0 00:00:00, Sys 0 00:00:00  -  Run Local Usage
		Usr 0 00:34:05, Sys 0 00:00:01  -  Total Remote Usage
		Usr 0 00:00:00, Sys 0 00:00:00  -  Total Local Usage
	8155  -  Run Bytes Sent By Job
	10428  -  Run Bytes Received By Job
	8155  -  Total Bytes Sent By Job
	10428  -  Total Bytes Received By Job
	Partitionable Resources :    Usage  Request Allocated 
	   Cpus                 :     0.99        1         1 
	   Disk (KB)            :    48          12      3656 
	   GPUs                 :                           0 
	   Memory (MB)          :   148        3000      3000 

	Job terminated of its own accord at 2025-02-17T00:42:49Z with exit-code 0.
...
