000 (16626177.067.000) 02/17 00:58:07 Job submitted from host: <188.185.72.155:9618?addrs=188.185.72.155-9618+[2001-1458-d00-8--100-95]-9618&alias=bigbird08.cern.ch&noUDP&sock=schedd_862983_22fa>
...
040 (16626177.067.000) 02/17 00:58:34 Started transferring input files
	Transferring to host: <128.142.192.172:9618?addrs=128.142.192.172-9618+[2001-1458-301-56--100-28]-9618&alias=b9g18p0729.cern.ch&noUDP&sock=slot1_14_172264_5256_90957>
...
040 (16626177.067.000) 02/17 00:58:34 Finished transferring input files
...
001 (16626177.067.000) 02/17 00:58:35 Job executing on host: <128.142.192.172:9618?addrs=128.142.192.172-9618+[2001-1458-301-56--100-28]-9618&alias=b9g18p0729.cern.ch&noUDP&sock=startd_3683_cf65>
	SlotName: slot1_14@b9g18p0729.cern.ch
	CondorScratchDir = "/pool/condor/dir_3890357"
	Cpus = 1
	Disk = 3863
	GPUs = 0
	Memory = 3000
...
006 (16626177.067.000) 02/17 00:58:43 Image size of job updated: 337644
	330  -  MemoryUsage of job (MB)
	337644  -  ResidentSetSize of job (KB)
...
006 (16626177.067.000) 02/17 01:03:43 Image size of job updated: 374320
	366  -  MemoryUsage of job (MB)
	374320  -  ResidentSetSize of job (KB)
...
006 (16626177.067.000) 02/17 01:08:44 Image size of job updated: 377908
	370  -  MemoryUsage of job (MB)
	377908  -  ResidentSetSize of job (KB)
...
006 (16626177.067.000) 02/17 01:13:45 Image size of job updated: 379104
	371  -  MemoryUsage of job (MB)
	379104  -  ResidentSetSize of job (KB)
...
006 (16626177.067.000) 02/17 01:18:45 Image size of job updated: 381644
	373  -  MemoryUsage of job (MB)
	381644  -  ResidentSetSize of job (KB)
...
006 (16626177.067.000) 02/17 01:23:46 Image size of job updated: 382960
	374  -  MemoryUsage of job (MB)
	382960  -  ResidentSetSize of job (KB)
...
006 (16626177.067.000) 02/17 01:28:47 Image size of job updated: 383336
	375  -  MemoryUsage of job (MB)
	383336  -  ResidentSetSize of job (KB)
...
006 (16626177.067.000) 02/17 01:33:47 Image size of job updated: 384184
	376  -  MemoryUsage of job (MB)
	384184  -  ResidentSetSize of job (KB)
...
006 (16626177.067.000) 02/17 01:38:47 Image size of job updated: 387160
	379  -  MemoryUsage of job (MB)
	387160  -  ResidentSetSize of job (KB)
...
040 (16626177.067.000) 02/17 01:40:42 Started transferring output files
...
040 (16626177.067.000) 02/17 01:40:42 Finished transferring output files
...
005 (16626177.067.000) 02/17 01:40:42 Job terminated.
	(1) Normal termination (return value 0)
		Usr 0 00:41:45, Sys 0 00:00:02  -  Run Remote Usage
		Usr 0 00:00:00, Sys 0 00:00:00  -  Run Local Usage
		Usr 0 00:41:45, Sys 0 00:00:02  -  Total Remote Usage
		Usr 0 00:00:00, Sys 0 00:00:00  -  Total Local Usage
	8150  -  Run Bytes Sent By Job
	10428  -  Run Bytes Received By Job
	8150  -  Total Bytes Sent By Job
	10428  -  Total Bytes Received By Job
	Partitionable Resources :    Usage  Request Allocated 
	   Cpus                 :     1.00        1         1 
	   Disk (KB)            :    43          12      3863 
	   GPUs                 :                           0 
	   Memory (MB)          :   379        3000      3000 

	Job terminated of its own accord at 2025-02-17T00:40:42Z with exit-code 0.
...
