000 (16626177.441.000) 02/17 00:58:08 Job submitted from host: <188.185.72.155:9618?addrs=188.185.72.155-9618+[2001-1458-d00-8--100-95]-9618&alias=bigbird08.cern.ch&noUDP&sock=schedd_862983_22fa>
...
040 (16626177.441.000) 02/17 01:07:26 Started transferring input files
	Transferring to host: <188.185.196.65:9618?addrs=188.185.196.65-9618+[2001-1458-303-23--100-3d]-9618&alias=b9p16p1796.cern.ch&noUDP&sock=slot1_22_674242_3bd3_34989>
...
040 (16626177.441.000) 02/17 01:07:26 Finished transferring input files
...
001 (16626177.441.000) 02/17 01:07:27 Job executing on host: <188.185.196.65:9618?addrs=188.185.196.65-9618+[2001-1458-303-23--100-3d]-9618&alias=b9p16p1796.cern.ch&noUDP&sock=startd_8798_4652>
	SlotName: slot1_22@b9p16p1796.cern.ch
	CondorScratchDir = "/pool/condor/dir_2585562"
	Cpus = 1
	Disk = 3860
	GPUs = 0
	Memory = 3000
...
006 (16626177.441.000) 02/17 01:07:35 Image size of job updated: 378668
	370  -  MemoryUsage of job (MB)
	378668  -  ResidentSetSize of job (KB)
...
006 (16626177.441.000) 02/17 01:12:35 Image size of job updated: 411044
	402  -  MemoryUsage of job (MB)
	411044  -  ResidentSetSize of job (KB)
...
006 (16626177.441.000) 02/17 01:17:36 Image size of job updated: 447340
	437  -  MemoryUsage of job (MB)
	447340  -  ResidentSetSize of job (KB)
...
006 (16626177.441.000) 02/17 01:22:37 Image size of job updated: 450924
	441  -  MemoryUsage of job (MB)
	450924  -  ResidentSetSize of job (KB)
...
006 (16626177.441.000) 02/17 01:27:37 Image size of job updated: 451792
	442  -  MemoryUsage of job (MB)
	451792  -  ResidentSetSize of job (KB)
...
006 (16626177.441.000) 02/17 01:32:38 Image size of job updated: 452488
	442  -  MemoryUsage of job (MB)
	452488  -  ResidentSetSize of job (KB)
...
006 (16626177.441.000) 02/17 01:47:39 Image size of job updated: 460484
	450  -  MemoryUsage of job (MB)
	460484  -  ResidentSetSize of job (KB)
...
006 (16626177.441.000) 02/17 01:52:40 Image size of job updated: 461152
	451  -  MemoryUsage of job (MB)
	461152  -  ResidentSetSize of job (KB)
...
006 (16626177.441.000) 02/17 01:57:40 Image size of job updated: 465192
	455  -  MemoryUsage of job (MB)
	465192  -  ResidentSetSize of job (KB)
...
006 (16626177.441.000) 02/17 02:02:40 Image size of job updated: 465884
	455  -  MemoryUsage of job (MB)
	465884  -  ResidentSetSize of job (KB)
...
040 (16626177.441.000) 02/17 02:08:38 Started transferring output files
...
040 (16626177.441.000) 02/17 02:08:38 Finished transferring output files
...
005 (16626177.441.000) 02/17 02:08:38 Job terminated.
	(1) Normal termination (return value 0)
		Usr 0 01:00:04, Sys 0 00:00:02  -  Run Remote Usage
		Usr 0 00:00:00, Sys 0 00:00:00  -  Run Local Usage
		Usr 0 01:00:04, Sys 0 00:00:02  -  Total Remote Usage
		Usr 0 00:00:00, Sys 0 00:00:00  -  Total Local Usage
	8155  -  Run Bytes Sent By Job
	10428  -  Run Bytes Received By Job
	8155  -  Total Bytes Sent By Job
	10428  -  Total Bytes Received By Job
	Partitionable Resources :    Usage  Request Allocated 
	   Cpus                 :     0.98        1         1 
	   Disk (KB)            :    44          12      3860 
	   GPUs                 :                           0 
	   Memory (MB)          :   455        3000      3000 

	Job terminated of its own accord at 2025-02-17T01:08:38Z with exit-code 0.
...
