000 (16626177.364.000) 02/17 00:58:07 Job submitted from host: <188.185.72.155:9618?addrs=188.185.72.155-9618+[2001-1458-d00-8--100-95]-9618&alias=bigbird08.cern.ch&noUDP&sock=schedd_862983_22fa>
...
040 (16626177.364.000) 02/17 01:04:45 Started transferring input files
	Transferring to host: <188.185.207.180:9618?addrs=188.185.207.180-9618+[2001-1458-303-e--100-31]-9618&alias=b9p08p9471.cern.ch&noUDP&sock=slot1_23_7929_729c_128364>
...
040 (16626177.364.000) 02/17 01:04:45 Finished transferring input files
...
001 (16626177.364.000) 02/17 01:04:46 Job executing on host: <188.185.207.180:9618?addrs=188.185.207.180-9618+[2001-1458-303-e--100-31]-9618&alias=b9p08p9471.cern.ch&noUDP&sock=startd_7025_24e7>
	SlotName: slot1_23@b9p08p9471.cern.ch
	CondorScratchDir = "/pool/condor/dir_2925707"
	Cpus = 1
	Disk = 3672
	GPUs = 0
	Memory = 3000
...
006 (16626177.364.000) 02/17 01:04:55 Image size of job updated: 100424
	99  -  MemoryUsage of job (MB)
	100424  -  ResidentSetSize of job (KB)
...
006 (16626177.364.000) 02/17 01:09:56 Image size of job updated: 138140
	135  -  MemoryUsage of job (MB)
	138140  -  ResidentSetSize of job (KB)
...
006 (16626177.364.000) 02/17 01:14:56 Image size of job updated: 142656
	140  -  MemoryUsage of job (MB)
	142656  -  ResidentSetSize of job (KB)
...
006 (16626177.364.000) 02/17 01:19:56 Image size of job updated: 143656
	141  -  MemoryUsage of job (MB)
	143656  -  ResidentSetSize of job (KB)
...
006 (16626177.364.000) 02/17 01:29:57 Image size of job updated: 149200
	146  -  MemoryUsage of job (MB)
	149200  -  ResidentSetSize of job (KB)
...
006 (16626177.364.000) 02/17 01:34:57 Image size of job updated: 150240
	147  -  MemoryUsage of job (MB)
	150240  -  ResidentSetSize of job (KB)
...
006 (16626177.364.000) 02/17 01:39:58 Image size of job updated: 157940
	155  -  MemoryUsage of job (MB)
	157940  -  ResidentSetSize of job (KB)
...
040 (16626177.364.000) 02/17 01:43:23 Started transferring output files
...
040 (16626177.364.000) 02/17 01:43:23 Finished transferring output files
...
005 (16626177.364.000) 02/17 01:43:23 Job terminated.
	(1) Normal termination (return value 0)
		Usr 0 00:37:29, Sys 0 00:00:02  -  Run Remote Usage
		Usr 0 00:00:00, Sys 0 00:00:00  -  Run Local Usage
		Usr 0 00:37:29, Sys 0 00:00:02  -  Total Remote Usage
		Usr 0 00:00:00, Sys 0 00:00:00  -  Total Local Usage
	8155  -  Run Bytes Sent By Job
	10428  -  Run Bytes Received By Job
	8155  -  Total Bytes Sent By Job
	10428  -  Total Bytes Received By Job
	Partitionable Resources :    Usage  Request Allocated 
	   Cpus                 :     0.99        1         1 
	   Disk (KB)            :    48          12      3672 
	   GPUs                 :                           0 
	   Memory (MB)          :   155        3000      3000 

	Job terminated of its own accord at 2025-02-17T00:43:23Z with exit-code 0.
...
