000 (16626177.016.000) 02/17 00:58:07 Job submitted from host: <188.185.72.155:9618?addrs=188.185.72.155-9618+[2001-1458-d00-8--100-95]-9618&alias=bigbird08.cern.ch&noUDP&sock=schedd_862983_22fa>
...
040 (16626177.016.000) 02/17 00:58:17 Started transferring input files
	Transferring to host: <188.185.196.76:9618?addrs=188.185.196.76-9618+[2001-1458-303-23--100-48]-9618&alias=b9p16p7014.cern.ch&noUDP&sock=slot1_23_150846_672f_13252>
...
040 (16626177.016.000) 02/17 00:58:17 Finished transferring input files
...
001 (16626177.016.000) 02/17 00:58:18 Job executing on host: <188.185.196.76:9618?addrs=188.185.196.76-9618+[2001-1458-303-23--100-48]-9618&alias=b9p16p7014.cern.ch&noUDP&sock=startd_6122_c2e2>
	SlotName: slot1_23@b9p16p7014.cern.ch
	CondorScratchDir = "/pool/condor/dir_2062044"
	Cpus = 1
	Disk = 3813
	GPUs = 0
	Memory = 3000
...
006 (16626177.016.000) 02/17 00:58:26 Image size of job updated: 381868
	373  -  MemoryUsage of job (MB)
	381868  -  ResidentSetSize of job (KB)
...
006 (16626177.016.000) 02/17 01:03:26 Image size of job updated: 447936
	438  -  MemoryUsage of job (MB)
	447936  -  ResidentSetSize of job (KB)
...
006 (16626177.016.000) 02/17 01:08:27 Image size of job updated: 449620
	440  -  MemoryUsage of job (MB)
	449620  -  ResidentSetSize of job (KB)
...
006 (16626177.016.000) 02/17 01:13:27 Image size of job updated: 455028
	445  -  MemoryUsage of job (MB)
	455028  -  ResidentSetSize of job (KB)
...
006 (16626177.016.000) 02/17 01:18:27 Image size of job updated: 456216
	446  -  MemoryUsage of job (MB)
	456216  -  ResidentSetSize of job (KB)
...
006 (16626177.016.000) 02/17 01:23:28 Image size of job updated: 458328
	448  -  MemoryUsage of job (MB)
	458328  -  ResidentSetSize of job (KB)
...
006 (16626177.016.000) 02/17 01:33:28 Image size of job updated: 459984
	450  -  MemoryUsage of job (MB)
	459984  -  ResidentSetSize of job (KB)
...
006 (16626177.016.000) 02/17 01:38:29 Image size of job updated: 460996
	451  -  MemoryUsage of job (MB)
	460996  -  ResidentSetSize of job (KB)
...
006 (16626177.016.000) 02/17 01:43:30 Image size of job updated: 474296
	464  -  MemoryUsage of job (MB)
	474296  -  ResidentSetSize of job (KB)
...
006 (16626177.016.000) 02/17 01:48:30 Image size of job updated: 477216
	467  -  MemoryUsage of job (MB)
	477216  -  ResidentSetSize of job (KB)
...
006 (16626177.016.000) 02/17 01:53:30 Image size of job updated: 477664
	467  -  MemoryUsage of job (MB)
	477664  -  ResidentSetSize of job (KB)
...
040 (16626177.016.000) 02/17 01:58:02 Started transferring output files
...
040 (16626177.016.000) 02/17 01:58:02 Finished transferring output files
...
005 (16626177.016.000) 02/17 01:58:02 Job terminated.
	(1) Normal termination (return value 0)
		Usr 0 00:58:51, Sys 0 00:00:03  -  Run Remote Usage
		Usr 0 00:00:00, Sys 0 00:00:00  -  Run Local Usage
		Usr 0 00:58:51, Sys 0 00:00:03  -  Total Remote Usage
		Usr 0 00:00:00, Sys 0 00:00:00  -  Total Local Usage
	8152  -  Run Bytes Sent By Job
	10428  -  Run Bytes Received By Job
	8152  -  Total Bytes Sent By Job
	10428  -  Total Bytes Received By Job
	Partitionable Resources :    Usage  Request Allocated 
	   Cpus                 :     0.99        1         1 
	   Disk (KB)            :    44          12      3813 
	   GPUs                 :                           0 
	   Memory (MB)          :   467        3000      3000 

	Job terminated of its own accord at 2025-02-17T00:58:02Z with exit-code 0.
...
