000 (16626177.344.000) 02/17 00:58:07 Job submitted from host: <188.185.72.155:9618?addrs=188.185.72.155-9618+[2001-1458-d00-8--100-95]-9618&alias=bigbird08.cern.ch&noUDP&sock=schedd_862983_22fa>
...
040 (16626177.344.000) 02/17 01:04:37 Started transferring input files
	Transferring to host: <188.185.194.73:9618?addrs=188.185.194.73-9618+[2001-1458-303-21--100-45]-9618&alias=b9p20p4442.cern.ch&noUDP&sock=slot1_41_2627299_926f_1854>
...
040 (16626177.344.000) 02/17 01:04:37 Finished transferring input files
...
001 (16626177.344.000) 02/17 01:04:38 Job executing on host: <188.185.194.73:9618?addrs=188.185.194.73-9618+[2001-1458-303-21--100-45]-9618&alias=b9p20p4442.cern.ch&noUDP&sock=startd_4707_305f>
	SlotName: slot1_41@b9p20p4442.cern.ch
	CondorScratchDir = "/pool/condor/dir_2009744"
	Cpus = 1
	Disk = 3926
	GPUs = 0
	Memory = 3000
...
006 (16626177.344.000) 02/17 01:04:47 Image size of job updated: 100292
	98  -  MemoryUsage of job (MB)
	100292  -  ResidentSetSize of job (KB)
...
006 (16626177.344.000) 02/17 01:09:48 Image size of job updated: 137868
	135  -  MemoryUsage of job (MB)
	137868  -  ResidentSetSize of job (KB)
...
006 (16626177.344.000) 02/17 01:14:49 Image size of job updated: 139068
	136  -  MemoryUsage of job (MB)
	139068  -  ResidentSetSize of job (KB)
...
006 (16626177.344.000) 02/17 01:19:49 Image size of job updated: 142944
	140  -  MemoryUsage of job (MB)
	142944  -  ResidentSetSize of job (KB)
...
006 (16626177.344.000) 02/17 01:24:50 Image size of job updated: 143156
	140  -  MemoryUsage of job (MB)
	143156  -  ResidentSetSize of job (KB)
...
006 (16626177.344.000) 02/17 01:29:51 Image size of job updated: 143724
	141  -  MemoryUsage of job (MB)
	143724  -  ResidentSetSize of job (KB)
...
006 (16626177.344.000) 02/17 01:39:51 Image size of job updated: 147432
	144  -  MemoryUsage of job (MB)
	147432  -  ResidentSetSize of job (KB)
...
006 (16626177.344.000) 02/17 01:44:52 Image size of job updated: 161796
	159  -  MemoryUsage of job (MB)
	161796  -  ResidentSetSize of job (KB)
...
006 (16626177.344.000) 02/17 01:49:52 Image size of job updated: 162424
	159  -  MemoryUsage of job (MB)
	162424  -  ResidentSetSize of job (KB)
...
006 (16626177.344.000) 02/17 01:54:52 Image size of job updated: 165368
	162  -  MemoryUsage of job (MB)
	165368  -  ResidentSetSize of job (KB)
...
006 (16626177.344.000) 02/17 01:59:53 Image size of job updated: 166012
	163  -  MemoryUsage of job (MB)
	166012  -  ResidentSetSize of job (KB)
...
006 (16626177.344.000) 02/17 02:04:54 Image size of job updated: 170620
	167  -  MemoryUsage of job (MB)
	170620  -  ResidentSetSize of job (KB)
...
040 (16626177.344.000) 02/17 02:07:37 Started transferring output files
...
040 (16626177.344.000) 02/17 02:07:37 Finished transferring output files
...
005 (16626177.344.000) 02/17 02:07:37 Job terminated.
	(1) Normal termination (return value 0)
		Usr 0 01:01:55, Sys 0 00:00:03  -  Run Remote Usage
		Usr 0 00:00:00, Sys 0 00:00:00  -  Run Local Usage
		Usr 0 01:01:55, Sys 0 00:00:03  -  Total Remote Usage
		Usr 0 00:00:00, Sys 0 00:00:00  -  Total Local Usage
	8153  -  Run Bytes Sent By Job
	10428  -  Run Bytes Received By Job
	8153  -  Total Bytes Sent By Job
	10428  -  Total Bytes Received By Job
	Partitionable Resources :    Usage  Request Allocated 
	   Cpus                 :     0.98        1         1 
	   Disk (KB)            :    43          12      3926 
	   GPUs                 :                           0 
	   Memory (MB)          :   167        3000      3000 

	Job terminated of its own accord at 2025-02-17T01:07:37Z with exit-code 0.
...
