000 (16626177.464.000) 02/17 00:58:08 Job submitted from host: <188.185.72.155:9618?addrs=188.185.72.155-9618+[2001-1458-d00-8--100-95]-9618&alias=bigbird08.cern.ch&noUDP&sock=schedd_862983_22fa>
...
040 (16626177.464.000) 02/17 01:07:31 Started transferring input files
	Transferring to host: <128.142.132.40:9618?addrs=128.142.132.40-9618+[2001-1458-301-5a--100-1c]-9618&alias=b9g12p4588.cern.ch&noUDP&sock=slot1_3_2774_48aa_94235>
...
040 (16626177.464.000) 02/17 01:07:31 Finished transferring input files
...
001 (16626177.464.000) 02/17 01:07:32 Job executing on host: <128.142.132.40:9618?addrs=128.142.132.40-9618+[2001-1458-301-5a--100-1c]-9618&alias=b9g12p4588.cern.ch&noUDP&sock=startd_2401_76fb>
	SlotName: slot1_3@b9g12p4588.cern.ch
	CondorScratchDir = "/pool/condor/dir_2939538"
	Cpus = 1
	Disk = 2593
	GPUs = 0
	Memory = 3000
...
006 (16626177.464.000) 02/17 01:07:40 Image size of job updated: 69680
	69  -  MemoryUsage of job (MB)
	69680  -  ResidentSetSize of job (KB)
...
006 (16626177.464.000) 02/17 01:12:40 Image size of job updated: 102552
	101  -  MemoryUsage of job (MB)
	102552  -  ResidentSetSize of job (KB)
...
006 (16626177.464.000) 02/17 01:17:41 Image size of job updated: 140244
	137  -  MemoryUsage of job (MB)
	140244  -  ResidentSetSize of job (KB)
...
006 (16626177.464.000) 02/17 01:22:41 Image size of job updated: 143652
	141  -  MemoryUsage of job (MB)
	143652  -  ResidentSetSize of job (KB)
...
006 (16626177.464.000) 02/17 01:27:41 Image size of job updated: 144776
	142  -  MemoryUsage of job (MB)
	144776  -  ResidentSetSize of job (KB)
...
006 (16626177.464.000) 02/17 01:32:42 Image size of job updated: 145788
	143  -  MemoryUsage of job (MB)
	145788  -  ResidentSetSize of job (KB)
...
006 (16626177.464.000) 02/17 01:42:43 Image size of job updated: 151356
	148  -  MemoryUsage of job (MB)
	151356  -  ResidentSetSize of job (KB)
...
006 (16626177.464.000) 02/17 01:52:45 Image size of job updated: 154432
	151  -  MemoryUsage of job (MB)
	154432  -  ResidentSetSize of job (KB)
...
006 (16626177.464.000) 02/17 01:57:45 Image size of job updated: 155244
	152  -  MemoryUsage of job (MB)
	155244  -  ResidentSetSize of job (KB)
...
040 (16626177.464.000) 02/17 02:02:06 Started transferring output files
...
040 (16626177.464.000) 02/17 02:02:06 Finished transferring output files
...
005 (16626177.464.000) 02/17 02:02:06 Job terminated.
	(1) Normal termination (return value 0)
		Usr 0 00:54:10, Sys 0 00:00:01  -  Run Remote Usage
		Usr 0 00:00:00, Sys 0 00:00:00  -  Run Local Usage
		Usr 0 00:54:10, Sys 0 00:00:01  -  Total Remote Usage
		Usr 0 00:00:00, Sys 0 00:00:00  -  Total Local Usage
	8155  -  Run Bytes Sent By Job
	10428  -  Run Bytes Received By Job
	8155  -  Total Bytes Sent By Job
	10428  -  Total Bytes Received By Job
	Partitionable Resources :    Usage  Request Allocated 
	   Cpus                 :     1.00        1         1 
	   Disk (KB)            :    43          12      2593 
	   GPUs                 :                           0 
	   Memory (MB)          :   152        3000      3000 

	Job terminated of its own accord at 2025-02-17T01:02:06Z with exit-code 0.
...
