000 (16626177.479.000) 02/17 00:58:08 Job submitted from host: <188.185.72.155:9618?addrs=188.185.72.155-9618+[2001-1458-d00-8--100-95]-9618&alias=bigbird08.cern.ch&noUDP&sock=schedd_862983_22fa>
...
040 (16626177.479.000) 02/17 01:07:37 Started transferring input files
	Transferring to host: <188.185.196.164:9618?addrs=188.185.196.164-9618+[2001-1458-303-23--100-a0]-9618&alias=b9p16p8556.cern.ch&noUDP&sock=slot1_31_2035041_3b9b_74831>
...
040 (16626177.479.000) 02/17 01:07:37 Finished transferring input files
...
001 (16626177.479.000) 02/17 01:07:38 Job executing on host: <188.185.196.164:9618?addrs=188.185.196.164-9618+[2001-1458-303-23--100-a0]-9618&alias=b9p16p8556.cern.ch&noUDP&sock=startd_3903_b63b>
	SlotName: slot1_31@b9p16p8556.cern.ch
	CondorScratchDir = "/pool/condor/dir_177331"
	Cpus = 1
	Disk = 3832
	GPUs = 0
	Memory = 3000
...
006 (16626177.479.000) 02/17 01:07:46 Image size of job updated: 78516
	77  -  MemoryUsage of job (MB)
	78516  -  ResidentSetSize of job (KB)
...
006 (16626177.479.000) 02/17 01:12:46 Image size of job updated: 137968
	135  -  MemoryUsage of job (MB)
	137968  -  ResidentSetSize of job (KB)
...
006 (16626177.479.000) 02/17 01:17:47 Image size of job updated: 141628
	139  -  MemoryUsage of job (MB)
	141628  -  ResidentSetSize of job (KB)
...
006 (16626177.479.000) 02/17 01:22:48 Image size of job updated: 143012
	140  -  MemoryUsage of job (MB)
	143012  -  ResidentSetSize of job (KB)
...
006 (16626177.479.000) 02/17 01:32:48 Image size of job updated: 145356
	142  -  MemoryUsage of job (MB)
	145356  -  ResidentSetSize of job (KB)
...
006 (16626177.479.000) 02/17 01:37:49 Image size of job updated: 149604
	147  -  MemoryUsage of job (MB)
	149604  -  ResidentSetSize of job (KB)
...
006 (16626177.479.000) 02/17 01:42:49 Image size of job updated: 151728
	149  -  MemoryUsage of job (MB)
	151728  -  ResidentSetSize of job (KB)
...
040 (16626177.479.000) 02/17 01:44:51 Started transferring output files
...
040 (16626177.479.000) 02/17 01:44:51 Finished transferring output files
...
005 (16626177.479.000) 02/17 01:44:51 Job terminated.
	(1) Normal termination (return value 0)
		Usr 0 00:36:55, Sys 0 00:00:00  -  Run Remote Usage
		Usr 0 00:00:00, Sys 0 00:00:00  -  Run Local Usage
		Usr 0 00:36:55, Sys 0 00:00:00  -  Total Remote Usage
		Usr 0 00:00:00, Sys 0 00:00:00  -  Total Local Usage
	8155  -  Run Bytes Sent By Job
	10428  -  Run Bytes Received By Job
	8155  -  Total Bytes Sent By Job
	10428  -  Total Bytes Received By Job
	Partitionable Resources :    Usage  Request Allocated 
	   Cpus                 :     0.99        1         1 
	   Disk (KB)            :    43          12      3832 
	   GPUs                 :                           0 
	   Memory (MB)          :   149        3000      3000 

	Job terminated of its own accord at 2025-02-17T00:44:51Z with exit-code 0.
...
