000 (16626177.114.000) 02/17 00:58:07 Job submitted from host: <188.185.72.155:9618?addrs=188.185.72.155-9618+[2001-1458-d00-8--100-95]-9618&alias=bigbird08.cern.ch&noUDP&sock=schedd_862983_22fa>
...
040 (16626177.114.000) 02/17 00:58:49 Started transferring input files
	Transferring to host: <128.142.132.103:9618?addrs=128.142.132.103-9618+[2001-1458-301-5a--100-5b]-9618&alias=b9g12p0948.cern.ch&noUDP&sock=slot1_16_2408033_d6db_85420>
...
040 (16626177.114.000) 02/17 00:58:49 Finished transferring input files
...
001 (16626177.114.000) 02/17 00:58:50 Job executing on host: <128.142.132.103:9618?addrs=128.142.132.103-9618+[2001-1458-301-5a--100-5b]-9618&alias=b9g12p0948.cern.ch&noUDP&sock=startd_2416_c0e6>
	SlotName: slot1_16@b9g12p0948.cern.ch
	CondorScratchDir = "/pool/condor/dir_1679594"
	Cpus = 1
	Disk = 2702
	GPUs = 0
	Memory = 3000
...
006 (16626177.114.000) 02/17 00:58:58 Image size of job updated: 70548
	69  -  MemoryUsage of job (MB)
	70548  -  ResidentSetSize of job (KB)
...
006 (16626177.114.000) 02/17 01:03:58 Image size of job updated: 136536
	134  -  MemoryUsage of job (MB)
	136536  -  ResidentSetSize of job (KB)
...
006 (16626177.114.000) 02/17 01:08:59 Image size of job updated: 138000
	135  -  MemoryUsage of job (MB)
	138000  -  ResidentSetSize of job (KB)
...
006 (16626177.114.000) 02/17 01:14:00 Image size of job updated: 142664
	140  -  MemoryUsage of job (MB)
	142664  -  ResidentSetSize of job (KB)
...
006 (16626177.114.000) 02/17 01:19:00 Image size of job updated: 143080
	140  -  MemoryUsage of job (MB)
	143080  -  ResidentSetSize of job (KB)
...
006 (16626177.114.000) 02/17 01:24:00 Image size of job updated: 144720
	142  -  MemoryUsage of job (MB)
	144720  -  ResidentSetSize of job (KB)
...
006 (16626177.114.000) 02/17 01:34:01 Image size of job updated: 149620
	147  -  MemoryUsage of job (MB)
	149620  -  ResidentSetSize of job (KB)
...
006 (16626177.114.000) 02/17 01:39:01 Image size of job updated: 150104
	147  -  MemoryUsage of job (MB)
	150104  -  ResidentSetSize of job (KB)
...
006 (16626177.114.000) 02/17 01:49:02 Image size of job updated: 150928
	148  -  MemoryUsage of job (MB)
	150928  -  ResidentSetSize of job (KB)
...
006 (16626177.114.000) 02/17 01:54:02 Image size of job updated: 153740
	151  -  MemoryUsage of job (MB)
	153740  -  ResidentSetSize of job (KB)
...
040 (16626177.114.000) 02/17 01:59:56 Started transferring output files
...
040 (16626177.114.000) 02/17 01:59:56 Finished transferring output files
...
005 (16626177.114.000) 02/17 01:59:56 Job terminated.
	(1) Normal termination (return value 0)
		Usr 0 01:00:24, Sys 0 00:00:03  -  Run Remote Usage
		Usr 0 00:00:00, Sys 0 00:00:00  -  Run Local Usage
		Usr 0 01:00:24, Sys 0 00:00:03  -  Total Remote Usage
		Usr 0 00:00:00, Sys 0 00:00:00  -  Total Local Usage
	8155  -  Run Bytes Sent By Job
	10428  -  Run Bytes Received By Job
	8155  -  Total Bytes Sent By Job
	10428  -  Total Bytes Received By Job
	Partitionable Resources :    Usage  Request Allocated 
	   Cpus                 :     0.99        1         1 
	   Disk (KB)            :    43          12      2702 
	   GPUs                 :                           0 
	   Memory (MB)          :   151        3000      3000 

	Job terminated of its own accord at 2025-02-17T00:59:56Z with exit-code 0.
...
