000 (16626177.330.000) 02/17 00:58:07 Job submitted from host: <188.185.72.155:9618?addrs=188.185.72.155-9618+[2001-1458-d00-8--100-95]-9618&alias=bigbird08.cern.ch&noUDP&sock=schedd_862983_22fa>
...
040 (16626177.330.000) 02/17 01:04:32 Started transferring input files
	Transferring to host: <188.185.213.182:9618?addrs=188.185.213.182-9618+[2001-1458-303-1b--100-32]-9618&alias=b9p28p3646.cern.ch&noUDP&sock=slot1_6_4051297_fbe2_77576>
...
040 (16626177.330.000) 02/17 01:04:32 Finished transferring input files
...
001 (16626177.330.000) 02/17 01:04:33 Job executing on host: <188.185.213.182:9618?addrs=188.185.213.182-9618+[2001-1458-303-1b--100-32]-9618&alias=b9p28p3646.cern.ch&noUDP&sock=startd_3812_4b1c>
	SlotName: slot1_6@b9p28p3646.cern.ch
	CondorScratchDir = "/pool/condor/dir_2486561"
	Cpus = 1
	Disk = 3826
	GPUs = 0
	Memory = 3000
...
006 (16626177.330.000) 02/17 01:04:42 Image size of job updated: 150540
	148  -  MemoryUsage of job (MB)
	150540  -  ResidentSetSize of job (KB)
...
006 (16626177.330.000) 02/17 01:09:43 Image size of job updated: 189096
	185  -  MemoryUsage of job (MB)
	189096  -  ResidentSetSize of job (KB)
...
006 (16626177.330.000) 02/17 01:14:43 Image size of job updated: 192780
	189  -  MemoryUsage of job (MB)
	192780  -  ResidentSetSize of job (KB)
...
006 (16626177.330.000) 02/17 01:19:43 Image size of job updated: 194060
	190  -  MemoryUsage of job (MB)
	194060  -  ResidentSetSize of job (KB)
...
006 (16626177.330.000) 02/17 01:24:44 Image size of job updated: 194980
	191  -  MemoryUsage of job (MB)
	194980  -  ResidentSetSize of job (KB)
...
006 (16626177.330.000) 02/17 01:34:44 Image size of job updated: 210752
	206  -  MemoryUsage of job (MB)
	210752  -  ResidentSetSize of job (KB)
...
006 (16626177.330.000) 02/17 01:39:45 Image size of job updated: 214856
	210  -  MemoryUsage of job (MB)
	214856  -  ResidentSetSize of job (KB)
...
040 (16626177.330.000) 02/17 01:45:11 Started transferring output files
...
040 (16626177.330.000) 02/17 01:45:11 Finished transferring output files
...
005 (16626177.330.000) 02/17 01:45:11 Job terminated.
	(1) Normal termination (return value 0)
		Usr 0 00:40:03, Sys 0 00:00:02  -  Run Remote Usage
		Usr 0 00:00:00, Sys 0 00:00:00  -  Run Local Usage
		Usr 0 00:40:03, Sys 0 00:00:02  -  Total Remote Usage
		Usr 0 00:00:00, Sys 0 00:00:00  -  Total Local Usage
	8155  -  Run Bytes Sent By Job
	10428  -  Run Bytes Received By Job
	8155  -  Total Bytes Sent By Job
	10428  -  Total Bytes Received By Job
	Partitionable Resources :    Usage  Request Allocated 
	   Cpus                 :     0.99        1         1 
	   Disk (KB)            :    43          12      3826 
	   GPUs                 :                           0 
	   Memory (MB)          :   210        3000      3000 

	Job terminated of its own accord at 2025-02-17T00:45:11Z with exit-code 0.
...
