000 (16626177.360.000) 02/17 00:58:07 Job submitted from host: <188.185.72.155:9618?addrs=188.185.72.155-9618+[2001-1458-d00-8--100-95]-9618&alias=bigbird08.cern.ch&noUDP&sock=schedd_862983_22fa>
...
040 (16626177.360.000) 02/17 01:04:43 Started transferring input files
	Transferring to host: <188.185.196.146:9618?addrs=188.185.196.146-9618+[2001-1458-303-23--100-8e]-9618&alias=b9p16p3934.cern.ch&noUDP&sock=slot1_25_81382_bb26_5896>
...
040 (16626177.360.000) 02/17 01:04:43 Finished transferring input files
...
001 (16626177.360.000) 02/17 01:04:44 Job executing on host: <188.185.196.146:9618?addrs=188.185.196.146-9618+[2001-1458-303-23--100-8e]-9618&alias=b9p16p3934.cern.ch&noUDP&sock=startd_4723_29e3>
	SlotName: slot1_25@b9p16p3934.cern.ch
	CondorScratchDir = "/pool/condor/dir_2242619"
	Cpus = 1
	Disk = 3734
	GPUs = 0
	Memory = 3000
...
006 (16626177.360.000) 02/17 01:04:53 Image size of job updated: 1892
	2  -  MemoryUsage of job (MB)
	1892  -  ResidentSetSize of job (KB)
...
006 (16626177.360.000) 02/17 01:09:54 Image size of job updated: 101252
	99  -  MemoryUsage of job (MB)
	101252  -  ResidentSetSize of job (KB)
...
006 (16626177.360.000) 02/17 01:14:54 Image size of job updated: 138792
	136  -  MemoryUsage of job (MB)
	138792  -  ResidentSetSize of job (KB)
...
006 (16626177.360.000) 02/17 01:19:54 Image size of job updated: 155216
	152  -  MemoryUsage of job (MB)
	155216  -  ResidentSetSize of job (KB)
...
006 (16626177.360.000) 02/17 01:24:55 Image size of job updated: 156432
	153  -  MemoryUsage of job (MB)
	156432  -  ResidentSetSize of job (KB)
...
006 (16626177.360.000) 02/17 01:29:56 Image size of job updated: 157788
	155  -  MemoryUsage of job (MB)
	157788  -  ResidentSetSize of job (KB)
...
006 (16626177.360.000) 02/17 01:39:57 Image size of job updated: 160008
	157  -  MemoryUsage of job (MB)
	160008  -  ResidentSetSize of job (KB)
...
006 (16626177.360.000) 02/17 01:44:58 Image size of job updated: 160600
	157  -  MemoryUsage of job (MB)
	160600  -  ResidentSetSize of job (KB)
...
006 (16626177.360.000) 02/17 01:49:58 Image size of job updated: 165400
	162  -  MemoryUsage of job (MB)
	165400  -  ResidentSetSize of job (KB)
...
040 (16626177.360.000) 02/17 01:59:42 Started transferring output files
...
040 (16626177.360.000) 02/17 01:59:42 Finished transferring output files
...
005 (16626177.360.000) 02/17 01:59:42 Job terminated.
	(1) Normal termination (return value 0)
		Usr 0 00:54:02, Sys 0 00:00:01  -  Run Remote Usage
		Usr 0 00:00:00, Sys 0 00:00:00  -  Run Local Usage
		Usr 0 00:54:02, Sys 0 00:00:01  -  Total Remote Usage
		Usr 0 00:00:00, Sys 0 00:00:00  -  Total Local Usage
	8155  -  Run Bytes Sent By Job
	10428  -  Run Bytes Received By Job
	8155  -  Total Bytes Sent By Job
	10428  -  Total Bytes Received By Job
	Partitionable Resources :    Usage  Request Allocated 
	   Cpus                 :     0.99        1         1 
	   Disk (KB)            :    43          12      3734 
	   GPUs                 :                           0 
	   Memory (MB)          :   162        3000      3000 

	Job terminated of its own accord at 2025-02-17T00:59:42Z with exit-code 0.
...
