000 (16626177.120.000) 02/17 00:58:07 Job submitted from host: <188.185.72.155:9618?addrs=188.185.72.155-9618+[2001-1458-d00-8--100-95]-9618&alias=bigbird08.cern.ch&noUDP&sock=schedd_862983_22fa>
...
040 (16626177.120.000) 02/17 00:58:52 Started transferring input files
	Transferring to host: <128.142.161.72:9618?addrs=128.142.161.72-9618+[2001-1458-301-b8--100-6]-9618&alias=b9g03p9851.cern.ch&noUDP&sock=slot1_12_840672_3983_44019>
...
040 (16626177.120.000) 02/17 00:58:52 Finished transferring input files
...
001 (16626177.120.000) 02/17 00:58:53 Job executing on host: <128.142.161.72:9618?addrs=128.142.161.72-9618+[2001-1458-301-b8--100-6]-9618&alias=b9g03p9851.cern.ch&noUDP&sock=startd_2051164_7956>
	SlotName: slot1_12@b9g03p9851.cern.ch
	CondorScratchDir = "/pool/condor/dir_1023553"
	Cpus = 1
	Disk = 4024
	GPUs = 0
	Memory = 3000
...
006 (16626177.120.000) 02/17 00:59:01 Image size of job updated: 99564
	98  -  MemoryUsage of job (MB)
	99564  -  ResidentSetSize of job (KB)
...
006 (16626177.120.000) 02/17 01:04:02 Image size of job updated: 136940
	134  -  MemoryUsage of job (MB)
	136940  -  ResidentSetSize of job (KB)
...
006 (16626177.120.000) 02/17 01:09:03 Image size of job updated: 139012
	136  -  MemoryUsage of job (MB)
	139012  -  ResidentSetSize of job (KB)
...
006 (16626177.120.000) 02/17 01:14:03 Image size of job updated: 142428
	140  -  MemoryUsage of job (MB)
	142428  -  ResidentSetSize of job (KB)
...
006 (16626177.120.000) 02/17 01:19:03 Image size of job updated: 143784
	141  -  MemoryUsage of job (MB)
	143784  -  ResidentSetSize of job (KB)
...
006 (16626177.120.000) 02/17 01:29:04 Image size of job updated: 144144
	141  -  MemoryUsage of job (MB)
	144144  -  ResidentSetSize of job (KB)
...
006 (16626177.120.000) 02/17 01:34:04 Image size of job updated: 145184
	142  -  MemoryUsage of job (MB)
	145184  -  ResidentSetSize of job (KB)
...
006 (16626177.120.000) 02/17 01:39:05 Image size of job updated: 145928
	143  -  MemoryUsage of job (MB)
	145928  -  ResidentSetSize of job (KB)
...
006 (16626177.120.000) 02/17 01:44:06 Image size of job updated: 149348
	146  -  MemoryUsage of job (MB)
	149348  -  ResidentSetSize of job (KB)
...
006 (16626177.120.000) 02/17 01:49:06 Image size of job updated: 151932
	149  -  MemoryUsage of job (MB)
	151932  -  ResidentSetSize of job (KB)
...
040 (16626177.120.000) 02/17 01:52:57 Started transferring output files
...
040 (16626177.120.000) 02/17 01:52:57 Finished transferring output files
...
005 (16626177.120.000) 02/17 01:52:57 Job terminated.
	(1) Normal termination (return value 0)
		Usr 0 00:53:22, Sys 0 00:00:02  -  Run Remote Usage
		Usr 0 00:00:00, Sys 0 00:00:00  -  Run Local Usage
		Usr 0 00:53:22, Sys 0 00:00:02  -  Total Remote Usage
		Usr 0 00:00:00, Sys 0 00:00:00  -  Total Local Usage
	8155  -  Run Bytes Sent By Job
	10428  -  Run Bytes Received By Job
	8155  -  Total Bytes Sent By Job
	10428  -  Total Bytes Received By Job
	Partitionable Resources :    Usage  Request Allocated 
	   Cpus                 :     0.99        1         1 
	   Disk (KB)            :    43          12      4024 
	   GPUs                 :                           0 
	   Memory (MB)          :   149        3000      3000 

	Job terminated of its own accord at 2025-02-17T00:52:57Z with exit-code 0.
...
