000 (16626177.119.000) 02/17 00:58:07 Job submitted from host: <188.185.72.155:9618?addrs=188.185.72.155-9618+[2001-1458-d00-8--100-95]-9618&alias=bigbird08.cern.ch&noUDP&sock=schedd_862983_22fa>
...
040 (16626177.119.000) 02/17 00:58:51 Started transferring input files
	Transferring to host: <188.185.196.35:9618?addrs=188.185.196.35-9618+[2001-1458-303-23--100-1f]-9618&alias=b9p16p8087.cern.ch&noUDP&sock=slot1_32_7382_0965_119219>
...
040 (16626177.119.000) 02/17 00:58:51 Finished transferring input files
...
001 (16626177.119.000) 02/17 00:58:52 Job executing on host: <188.185.196.35:9618?addrs=188.185.196.35-9618+[2001-1458-303-23--100-1f]-9618&alias=b9p16p8087.cern.ch&noUDP&sock=startd_6280_22d9>
	SlotName: slot1_32@b9p16p8087.cern.ch
	CondorScratchDir = "/pool/condor/dir_1669714"
	Cpus = 1
	Disk = 3791
	GPUs = 0
	Memory = 3000
...
006 (16626177.119.000) 02/17 00:59:00 Image size of job updated: 101320
	99  -  MemoryUsage of job (MB)
	101320  -  ResidentSetSize of job (KB)
...
006 (16626177.119.000) 02/17 01:04:00 Image size of job updated: 101992
	100  -  MemoryUsage of job (MB)
	101992  -  ResidentSetSize of job (KB)
...
006 (16626177.119.000) 02/17 01:09:01 Image size of job updated: 138888
	136  -  MemoryUsage of job (MB)
	138888  -  ResidentSetSize of job (KB)
...
006 (16626177.119.000) 02/17 01:14:01 Image size of job updated: 142748
	140  -  MemoryUsage of job (MB)
	142748  -  ResidentSetSize of job (KB)
...
006 (16626177.119.000) 02/17 01:19:01 Image size of job updated: 146644
	144  -  MemoryUsage of job (MB)
	146644  -  ResidentSetSize of job (KB)
...
006 (16626177.119.000) 02/17 01:24:02 Image size of job updated: 147468
	145  -  MemoryUsage of job (MB)
	147468  -  ResidentSetSize of job (KB)
...
006 (16626177.119.000) 02/17 01:39:04 Image size of job updated: 155704
	153  -  MemoryUsage of job (MB)
	155704  -  ResidentSetSize of job (KB)
...
006 (16626177.119.000) 02/17 01:44:05 Image size of job updated: 156088
	153  -  MemoryUsage of job (MB)
	156088  -  ResidentSetSize of job (KB)
...
006 (16626177.119.000) 02/17 01:49:05 Image size of job updated: 156732
	154  -  MemoryUsage of job (MB)
	156732  -  ResidentSetSize of job (KB)
...
006 (16626177.119.000) 02/17 01:54:05 Image size of job updated: 160748
	157  -  MemoryUsage of job (MB)
	160748  -  ResidentSetSize of job (KB)
...
006 (16626177.119.000) 02/17 01:59:06 Image size of job updated: 162980
	160  -  MemoryUsage of job (MB)
	162980  -  ResidentSetSize of job (KB)
...
040 (16626177.119.000) 02/17 02:01:49 Started transferring output files
...
040 (16626177.119.000) 02/17 02:01:49 Finished transferring output files
...
005 (16626177.119.000) 02/17 02:01:49 Job terminated.
	(1) Normal termination (return value 0)
		Usr 0 01:01:36, Sys 0 00:00:05  -  Run Remote Usage
		Usr 0 00:00:00, Sys 0 00:00:00  -  Run Local Usage
		Usr 0 01:01:36, Sys 0 00:00:05  -  Total Remote Usage
		Usr 0 00:00:00, Sys 0 00:00:00  -  Total Local Usage
	8155  -  Run Bytes Sent By Job
	10428  -  Run Bytes Received By Job
	8155  -  Total Bytes Sent By Job
	10428  -  Total Bytes Received By Job
	Partitionable Resources :    Usage  Request Allocated 
	   Cpus                 :     0.99        1         1 
	   Disk (KB)            :    43          12      3791 
	   GPUs                 :                           0 
	   Memory (MB)          :   160        3000      3000 

	Job terminated of its own accord at 2025-02-17T01:01:49Z with exit-code 0.
...
