000 (16626177.293.000) 02/17 00:58:07 Job submitted from host: <188.185.72.155:9618?addrs=188.185.72.155-9618+[2001-1458-d00-8--100-95]-9618&alias=bigbird08.cern.ch&noUDP&sock=schedd_862983_22fa>
...
040 (16626177.293.000) 02/17 01:04:19 Started transferring input files
	Transferring to host: <188.185.198.56:9618?addrs=188.185.198.56-9618+[2001-1458-303-25--100-34]-9618&alias=b9p15p6243.cern.ch&noUDP&sock=slot1_26_933035_504f_2496>
...
040 (16626177.293.000) 02/17 01:04:19 Finished transferring input files
...
001 (16626177.293.000) 02/17 01:04:20 Job executing on host: <188.185.198.56:9618?addrs=188.185.198.56-9618+[2001-1458-303-25--100-34]-9618&alias=b9p15p6243.cern.ch&noUDP&sock=startd_9302_fa0d>
	SlotName: slot1_26@b9p15p6243.cern.ch
	CondorScratchDir = "/pool/condor/dir_2379755"
	Cpus = 1
	Disk = 3794
	GPUs = 0
	Memory = 3000
...
006 (16626177.293.000) 02/17 01:04:28 Image size of job updated: 100276
	98  -  MemoryUsage of job (MB)
	100276  -  ResidentSetSize of job (KB)
...
006 (16626177.293.000) 02/17 01:09:28 Image size of job updated: 138500
	136  -  MemoryUsage of job (MB)
	138500  -  ResidentSetSize of job (KB)
...
006 (16626177.293.000) 02/17 01:14:29 Image size of job updated: 144548
	142  -  MemoryUsage of job (MB)
	144548  -  ResidentSetSize of job (KB)
...
006 (16626177.293.000) 02/17 01:19:30 Image size of job updated: 145576
	143  -  MemoryUsage of job (MB)
	145576  -  ResidentSetSize of job (KB)
...
006 (16626177.293.000) 02/17 01:24:30 Image size of job updated: 146740
	144  -  MemoryUsage of job (MB)
	146740  -  ResidentSetSize of job (KB)
...
006 (16626177.293.000) 02/17 01:34:32 Image size of job updated: 153600
	150  -  MemoryUsage of job (MB)
	153600  -  ResidentSetSize of job (KB)
...
006 (16626177.293.000) 02/17 01:39:32 Image size of job updated: 166712
	163  -  MemoryUsage of job (MB)
	166712  -  ResidentSetSize of job (KB)
...
006 (16626177.293.000) 02/17 01:44:33 Image size of job updated: 169836
	166  -  MemoryUsage of job (MB)
	169836  -  ResidentSetSize of job (KB)
...
006 (16626177.293.000) 02/17 01:49:34 Image size of job updated: 174180
	171  -  MemoryUsage of job (MB)
	174180  -  ResidentSetSize of job (KB)
...
040 (16626177.293.000) 02/17 01:53:37 Started transferring output files
...
040 (16626177.293.000) 02/17 01:53:37 Finished transferring output files
...
005 (16626177.293.000) 02/17 01:53:37 Job terminated.
	(1) Normal termination (return value 0)
		Usr 0 00:48:46, Sys 0 00:00:02  -  Run Remote Usage
		Usr 0 00:00:00, Sys 0 00:00:00  -  Run Local Usage
		Usr 0 00:48:46, Sys 0 00:00:02  -  Total Remote Usage
		Usr 0 00:00:00, Sys 0 00:00:00  -  Total Local Usage
	8155  -  Run Bytes Sent By Job
	10428  -  Run Bytes Received By Job
	8155  -  Total Bytes Sent By Job
	10428  -  Total Bytes Received By Job
	Partitionable Resources :    Usage  Request Allocated 
	   Cpus                 :     0.99        1         1 
	   Disk (KB)            :    43          12      3794 
	   GPUs                 :                           0 
	   Memory (MB)          :   171        3000      3000 

	Job terminated of its own accord at 2025-02-17T00:53:37Z with exit-code 0.
...
