000 (16626177.199.000) 02/17 00:58:07 Job submitted from host: <188.185.72.155:9618?addrs=188.185.72.155-9618+[2001-1458-d00-8--100-95]-9618&alias=bigbird08.cern.ch&noUDP&sock=schedd_862983_22fa>
...
040 (16626177.199.000) 02/17 01:00:29 Started transferring input files
	Transferring to host: <188.185.213.167:9618?addrs=188.185.213.167-9618+[2001-1458-303-1b--100-23]-9618&alias=b9p28p1049.cern.ch&noUDP&sock=slot1_12_1983153_715d_4774>
...
040 (16626177.199.000) 02/17 01:00:29 Finished transferring input files
...
001 (16626177.199.000) 02/17 01:00:30 Job executing on host: <188.185.213.167:9618?addrs=188.185.213.167-9618+[2001-1458-303-1b--100-23]-9618&alias=b9p28p1049.cern.ch&noUDP&sock=startd_221080_11e0>
	SlotName: slot1_12@b9p28p1049.cern.ch
	CondorScratchDir = "/pool/condor/dir_2470598"
	Cpus = 1
	Disk = 3778
	GPUs = 0
	Memory = 3000
...
006 (16626177.199.000) 02/17 01:00:38 Image size of job updated: 101472
	100  -  MemoryUsage of job (MB)
	101472  -  ResidentSetSize of job (KB)
...
006 (16626177.199.000) 02/17 01:05:38 Image size of job updated: 139052
	136  -  MemoryUsage of job (MB)
	139052  -  ResidentSetSize of job (KB)
...
006 (16626177.199.000) 02/17 01:10:39 Image size of job updated: 143700
	141  -  MemoryUsage of job (MB)
	143700  -  ResidentSetSize of job (KB)
...
006 (16626177.199.000) 02/17 01:15:39 Image size of job updated: 144004
	141  -  MemoryUsage of job (MB)
	144004  -  ResidentSetSize of job (KB)
...
006 (16626177.199.000) 02/17 01:20:39 Image size of job updated: 145984
	143  -  MemoryUsage of job (MB)
	145984  -  ResidentSetSize of job (KB)
...
006 (16626177.199.000) 02/17 01:30:41 Image size of job updated: 151272
	148  -  MemoryUsage of job (MB)
	151272  -  ResidentSetSize of job (KB)
...
006 (16626177.199.000) 02/17 01:35:41 Image size of job updated: 152088
	149  -  MemoryUsage of job (MB)
	152088  -  ResidentSetSize of job (KB)
...
006 (16626177.199.000) 02/17 01:40:42 Image size of job updated: 153428
	150  -  MemoryUsage of job (MB)
	153428  -  ResidentSetSize of job (KB)
...
006 (16626177.199.000) 02/17 01:45:43 Image size of job updated: 154916
	152  -  MemoryUsage of job (MB)
	154916  -  ResidentSetSize of job (KB)
...
040 (16626177.199.000) 02/17 01:45:47 Started transferring output files
...
040 (16626177.199.000) 02/17 01:45:47 Finished transferring output files
...
005 (16626177.199.000) 02/17 01:45:47 Job terminated.
	(1) Normal termination (return value 0)
		Usr 0 00:44:17, Sys 0 00:00:03  -  Run Remote Usage
		Usr 0 00:00:00, Sys 0 00:00:00  -  Run Local Usage
		Usr 0 00:44:17, Sys 0 00:00:03  -  Total Remote Usage
		Usr 0 00:00:00, Sys 0 00:00:00  -  Total Local Usage
	8155  -  Run Bytes Sent By Job
	10428  -  Run Bytes Received By Job
	8155  -  Total Bytes Sent By Job
	10428  -  Total Bytes Received By Job
	Partitionable Resources :    Usage  Request Allocated 
	   Cpus                 :     0.99        1         1 
	   Disk (KB)            :    43          12      3778 
	   GPUs                 :                           0 
	   Memory (MB)          :   152        3000      3000 

	Job terminated of its own accord at 2025-02-17T00:45:47Z with exit-code 0.
...
