000 (16626177.243.000) 02/17 00:58:07 Job submitted from host: <188.185.72.155:9618?addrs=188.185.72.155-9618+[2001-1458-d00-8--100-95]-9618&alias=bigbird08.cern.ch&noUDP&sock=schedd_862983_22fa>
...
040 (16626177.243.000) 02/17 01:00:46 Started transferring input files
	Transferring to host: <188.185.193.87:9618?addrs=188.185.193.87-9618+[2001-1458-303-20--100-53]-9618&alias=b9p19p6780.cern.ch&noUDP&sock=slot1_25_2416516_e154_6889>
...
040 (16626177.243.000) 02/17 01:00:46 Finished transferring input files
...
001 (16626177.243.000) 02/17 01:00:47 Job executing on host: <188.185.193.87:9618?addrs=188.185.193.87-9618+[2001-1458-303-20--100-53]-9618&alias=b9p19p6780.cern.ch&noUDP&sock=startd_5050_755c>
	SlotName: slot1_25@b9p19p6780.cern.ch
	CondorScratchDir = "/pool/condor/dir_249442"
	Cpus = 1
	Disk = 3748
	GPUs = 0
	Memory = 3000
...
006 (16626177.243.000) 02/17 01:00:55 Image size of job updated: 99556
	98  -  MemoryUsage of job (MB)
	99556  -  ResidentSetSize of job (KB)
...
006 (16626177.243.000) 02/17 01:05:55 Image size of job updated: 100888
	99  -  MemoryUsage of job (MB)
	100888  -  ResidentSetSize of job (KB)
...
006 (16626177.243.000) 02/17 01:10:56 Image size of job updated: 137780
	135  -  MemoryUsage of job (MB)
	137780  -  ResidentSetSize of job (KB)
...
006 (16626177.243.000) 02/17 01:15:57 Image size of job updated: 140956
	138  -  MemoryUsage of job (MB)
	140956  -  ResidentSetSize of job (KB)
...
006 (16626177.243.000) 02/17 01:20:57 Image size of job updated: 142300
	139  -  MemoryUsage of job (MB)
	142300  -  ResidentSetSize of job (KB)
...
006 (16626177.243.000) 02/17 01:25:58 Image size of job updated: 143172
	140  -  MemoryUsage of job (MB)
	143172  -  ResidentSetSize of job (KB)
...
006 (16626177.243.000) 02/17 01:30:59 Image size of job updated: 144128
	141  -  MemoryUsage of job (MB)
	144128  -  ResidentSetSize of job (KB)
...
006 (16626177.243.000) 02/17 01:41:00 Image size of job updated: 148152
	145  -  MemoryUsage of job (MB)
	148152  -  ResidentSetSize of job (KB)
...
006 (16626177.243.000) 02/17 01:46:01 Image size of job updated: 148928
	146  -  MemoryUsage of job (MB)
	148928  -  ResidentSetSize of job (KB)
...
006 (16626177.243.000) 02/17 01:51:01 Image size of job updated: 149860
	147  -  MemoryUsage of job (MB)
	149860  -  ResidentSetSize of job (KB)
...
006 (16626177.243.000) 02/17 01:56:01 Image size of job updated: 155284
	152  -  MemoryUsage of job (MB)
	155284  -  ResidentSetSize of job (KB)
...
040 (16626177.243.000) 02/17 02:01:53 Started transferring output files
...
040 (16626177.243.000) 02/17 02:01:53 Finished transferring output files
...
005 (16626177.243.000) 02/17 02:01:53 Job terminated.
	(1) Normal termination (return value 0)
		Usr 0 01:00:14, Sys 0 00:00:02  -  Run Remote Usage
		Usr 0 00:00:00, Sys 0 00:00:00  -  Run Local Usage
		Usr 0 01:00:14, Sys 0 00:00:02  -  Total Remote Usage
		Usr 0 00:00:00, Sys 0 00:00:00  -  Total Local Usage
	8155  -  Run Bytes Sent By Job
	10428  -  Run Bytes Received By Job
	8155  -  Total Bytes Sent By Job
	10428  -  Total Bytes Received By Job
	Partitionable Resources :    Usage  Request Allocated 
	   Cpus                 :     0.99        1         1 
	   Disk (KB)            :    43          12      3748 
	   GPUs                 :                           0 
	   Memory (MB)          :   152        3000      3000 

	Job terminated of its own accord at 2025-02-17T01:01:53Z with exit-code 0.
...
