000 (16626177.319.000) 02/17 00:58:07 Job submitted from host: <188.185.72.155:9618?addrs=188.185.72.155-9618+[2001-1458-d00-8--100-95]-9618&alias=bigbird08.cern.ch&noUDP&sock=schedd_862983_22fa>
...
040 (16626177.319.000) 02/17 01:04:28 Started transferring input files
	Transferring to host: <128.142.240.25:9618?addrs=128.142.240.25-9618+[2001-1458-301-11--100-19]-9618&alias=b9g29p8672.cern.ch&noUDP&sock=slot1_16_3678516_0bcb_104023>
...
040 (16626177.319.000) 02/17 01:04:28 Finished transferring input files
...
001 (16626177.319.000) 02/17 01:04:29 Job executing on host: <128.142.240.25:9618?addrs=128.142.240.25-9618+[2001-1458-301-11--100-19]-9618&alias=b9g29p8672.cern.ch&noUDP&sock=startd_3639571_8ed5>
	SlotName: slot1_16@b9g29p8672.cern.ch
	CondorScratchDir = "/pool/condor/dir_1372452"
	Cpus = 1
	Disk = 3802
	GPUs = 0
	Memory = 3000
...
006 (16626177.319.000) 02/17 01:04:37 Image size of job updated: 100896
	99  -  MemoryUsage of job (MB)
	100896  -  ResidentSetSize of job (KB)
...
006 (16626177.319.000) 02/17 01:09:37 Image size of job updated: 139084
	136  -  MemoryUsage of job (MB)
	139084  -  ResidentSetSize of job (KB)
...
006 (16626177.319.000) 02/17 01:14:38 Image size of job updated: 143384
	141  -  MemoryUsage of job (MB)
	143384  -  ResidentSetSize of job (KB)
...
006 (16626177.319.000) 02/17 01:19:38 Image size of job updated: 144156
	141  -  MemoryUsage of job (MB)
	144156  -  ResidentSetSize of job (KB)
...
006 (16626177.319.000) 02/17 01:24:38 Image size of job updated: 144272
	141  -  MemoryUsage of job (MB)
	144272  -  ResidentSetSize of job (KB)
...
006 (16626177.319.000) 02/17 01:29:39 Image size of job updated: 147144
	144  -  MemoryUsage of job (MB)
	147144  -  ResidentSetSize of job (KB)
...
006 (16626177.319.000) 02/17 01:34:40 Image size of job updated: 148088
	145  -  MemoryUsage of job (MB)
	148088  -  ResidentSetSize of job (KB)
...
006 (16626177.319.000) 02/17 01:39:40 Image size of job updated: 152320
	149  -  MemoryUsage of job (MB)
	152320  -  ResidentSetSize of job (KB)
...
006 (16626177.319.000) 02/17 01:44:41 Image size of job updated: 154452
	151  -  MemoryUsage of job (MB)
	154452  -  ResidentSetSize of job (KB)
...
040 (16626177.319.000) 02/17 01:45:28 Started transferring output files
...
040 (16626177.319.000) 02/17 01:45:28 Finished transferring output files
...
005 (16626177.319.000) 02/17 01:45:28 Job terminated.
	(1) Normal termination (return value 0)
		Usr 0 00:40:23, Sys 0 00:00:03  -  Run Remote Usage
		Usr 0 00:00:00, Sys 0 00:00:00  -  Run Local Usage
		Usr 0 00:40:23, Sys 0 00:00:03  -  Total Remote Usage
		Usr 0 00:00:00, Sys 0 00:00:00  -  Total Local Usage
	8155  -  Run Bytes Sent By Job
	10428  -  Run Bytes Received By Job
	8155  -  Total Bytes Sent By Job
	10428  -  Total Bytes Received By Job
	Partitionable Resources :    Usage  Request Allocated 
	   Cpus                 :     0.99        1         1 
	   Disk (KB)            :    44          12      3802 
	   GPUs                 :                           0 
	   Memory (MB)          :   151        3000      3000 

	Job terminated of its own accord at 2025-02-17T00:45:28Z with exit-code 0.
...
