000 (16626177.391.000) 02/17 00:58:07 Job submitted from host: <188.185.72.155:9618?addrs=188.185.72.155-9618+[2001-1458-d00-8--100-95]-9618&alias=bigbird08.cern.ch&noUDP&sock=schedd_862983_22fa>
...
040 (16626177.391.000) 02/17 01:04:53 Started transferring input files
	Transferring to host: <188.185.213.180:9618?addrs=188.185.213.180-9618+[2001-1458-303-1b--100-30]-9618&alias=b9p28p7628.cern.ch&noUDP&sock=slot1_20_3275115_8c57_94764>
...
040 (16626177.391.000) 02/17 01:04:53 Finished transferring input files
...
001 (16626177.391.000) 02/17 01:04:54 Job executing on host: <188.185.213.180:9618?addrs=188.185.213.180-9618+[2001-1458-303-1b--100-30]-9618&alias=b9p28p7628.cern.ch&noUDP&sock=startd_7151_91d6>
	SlotName: slot1_20@b9p28p7628.cern.ch
	CondorScratchDir = "/pool/condor/dir_3875993"
	Cpus = 1
	Disk = 3793
	GPUs = 0
	Memory = 3000
...
006 (16626177.391.000) 02/17 01:05:02 Image size of job updated: 102472
	101  -  MemoryUsage of job (MB)
	102472  -  ResidentSetSize of job (KB)
...
006 (16626177.391.000) 02/17 01:10:02 Image size of job updated: 140192
	137  -  MemoryUsage of job (MB)
	140192  -  ResidentSetSize of job (KB)
...
006 (16626177.391.000) 02/17 01:15:03 Image size of job updated: 144516
	142  -  MemoryUsage of job (MB)
	144516  -  ResidentSetSize of job (KB)
...
006 (16626177.391.000) 02/17 01:20:03 Image size of job updated: 145244
	142  -  MemoryUsage of job (MB)
	145244  -  ResidentSetSize of job (KB)
...
006 (16626177.391.000) 02/17 01:30:04 Image size of job updated: 150304
	147  -  MemoryUsage of job (MB)
	150304  -  ResidentSetSize of job (KB)
...
006 (16626177.391.000) 02/17 01:35:04 Image size of job updated: 159280
	156  -  MemoryUsage of job (MB)
	159280  -  ResidentSetSize of job (KB)
...
006 (16626177.391.000) 02/17 01:40:04 Image size of job updated: 162500
	159  -  MemoryUsage of job (MB)
	162500  -  ResidentSetSize of job (KB)
...
040 (16626177.391.000) 02/17 01:45:37 Started transferring output files
...
040 (16626177.391.000) 02/17 01:45:37 Finished transferring output files
...
005 (16626177.391.000) 02/17 01:45:37 Job terminated.
	(1) Normal termination (return value 0)
		Usr 0 00:40:12, Sys 0 00:00:01  -  Run Remote Usage
		Usr 0 00:00:00, Sys 0 00:00:00  -  Run Local Usage
		Usr 0 00:40:12, Sys 0 00:00:01  -  Total Remote Usage
		Usr 0 00:00:00, Sys 0 00:00:00  -  Total Local Usage
	8155  -  Run Bytes Sent By Job
	10428  -  Run Bytes Received By Job
	8155  -  Total Bytes Sent By Job
	10428  -  Total Bytes Received By Job
	Partitionable Resources :    Usage  Request Allocated 
	   Cpus                 :     0.99        1         1 
	   Disk (KB)            :    43          12      3793 
	   GPUs                 :                           0 
	   Memory (MB)          :   159        3000      3000 

	Job terminated of its own accord at 2025-02-17T00:45:37Z with exit-code 0.
...
