000 (16626177.087.000) 02/17 00:58:07 Job submitted from host: <188.185.72.155:9618?addrs=188.185.72.155-9618+[2001-1458-d00-8--100-95]-9618&alias=bigbird08.cern.ch&noUDP&sock=schedd_862983_22fa>
...
040 (16626177.087.000) 02/17 00:58:39 Started transferring input files
	Transferring to host: <188.185.193.175:9618?addrs=188.185.193.175-9618+[2001-1458-303-20--100-ab]-9618&alias=b9p19p8190.cern.ch&noUDP&sock=slot1_20_841080_b293_13090>
...
040 (16626177.087.000) 02/17 00:58:39 Finished transferring input files
...
001 (16626177.087.000) 02/17 00:58:40 Job executing on host: <188.185.193.175:9618?addrs=188.185.193.175-9618+[2001-1458-303-20--100-ab]-9618&alias=b9p19p8190.cern.ch&noUDP&sock=startd_10987_bf22>
	SlotName: slot1_20@b9p19p8190.cern.ch
	CondorScratchDir = "/pool/condor/dir_3124360"
	Cpus = 1
	Disk = 3782
	GPUs = 0
	Memory = 3000
...
006 (16626177.087.000) 02/17 00:58:48 Image size of job updated: 1880
	2  -  MemoryUsage of job (MB)
	1880  -  ResidentSetSize of job (KB)
...
006 (16626177.087.000) 02/17 01:03:48 Image size of job updated: 137056
	134  -  MemoryUsage of job (MB)
	137056  -  ResidentSetSize of job (KB)
...
006 (16626177.087.000) 02/17 01:08:49 Image size of job updated: 140924
	138  -  MemoryUsage of job (MB)
	140924  -  ResidentSetSize of job (KB)
...
006 (16626177.087.000) 02/17 01:13:50 Image size of job updated: 142432
	140  -  MemoryUsage of job (MB)
	142432  -  ResidentSetSize of job (KB)
...
006 (16626177.087.000) 02/17 01:23:50 Image size of job updated: 146680
	144  -  MemoryUsage of job (MB)
	146680  -  ResidentSetSize of job (KB)
...
006 (16626177.087.000) 02/17 01:28:51 Image size of job updated: 147400
	144  -  MemoryUsage of job (MB)
	147400  -  ResidentSetSize of job (KB)
...
006 (16626177.087.000) 02/17 01:33:52 Image size of job updated: 150720
	148  -  MemoryUsage of job (MB)
	150720  -  ResidentSetSize of job (KB)
...
040 (16626177.087.000) 02/17 01:35:51 Started transferring output files
...
040 (16626177.087.000) 02/17 01:35:51 Finished transferring output files
...
005 (16626177.087.000) 02/17 01:35:51 Job terminated.
	(1) Normal termination (return value 0)
		Usr 0 00:36:28, Sys 0 00:00:01  -  Run Remote Usage
		Usr 0 00:00:00, Sys 0 00:00:00  -  Run Local Usage
		Usr 0 00:36:28, Sys 0 00:00:01  -  Total Remote Usage
		Usr 0 00:00:00, Sys 0 00:00:00  -  Total Local Usage
	8152  -  Run Bytes Sent By Job
	10428  -  Run Bytes Received By Job
	8152  -  Total Bytes Sent By Job
	10428  -  Total Bytes Received By Job
	Partitionable Resources :    Usage  Request Allocated 
	   Cpus                 :     0.99        1         1 
	   Disk (KB)            :    43          12      3782 
	   GPUs                 :                           0 
	   Memory (MB)          :   148        3000      3000 

	Job terminated of its own accord at 2025-02-17T00:35:51Z with exit-code 0.
...
