000 (16626177.146.000) 02/17 00:58:07 Job submitted from host: <188.185.72.155:9618?addrs=188.185.72.155-9618+[2001-1458-d00-8--100-95]-9618&alias=bigbird08.cern.ch&noUDP&sock=schedd_862983_22fa>
...
040 (16626177.146.000) 02/17 00:59:02 Started transferring input files
	Transferring to host: <128.142.132.191:9618?addrs=128.142.132.191-9618+[2001-1458-301-5a--100-b3]-9618&alias=b9g12p4487.cern.ch&noUDP&sock=slot1_40_2771_2b8a_113692>
...
040 (16626177.146.000) 02/17 00:59:02 Finished transferring input files
...
001 (16626177.146.000) 02/17 00:59:03 Job executing on host: <128.142.132.191:9618?addrs=128.142.132.191-9618+[2001-1458-301-5a--100-b3]-9618&alias=b9g12p4487.cern.ch&noUDP&sock=startd_2422_de78>
	SlotName: slot1_40@b9g12p4487.cern.ch
	CondorScratchDir = "/pool/condor/dir_709561"
	Cpus = 1
	Disk = 2565
	GPUs = 0
	Memory = 3000
...
006 (16626177.146.000) 02/17 00:59:11 Image size of job updated: 358284
	350  -  MemoryUsage of job (MB)
	358284  -  ResidentSetSize of job (KB)
...
006 (16626177.146.000) 02/17 01:04:11 Image size of job updated: 389004
	380  -  MemoryUsage of job (MB)
	389004  -  ResidentSetSize of job (KB)
...
006 (16626177.146.000) 02/17 01:09:11 Image size of job updated: 425440
	416  -  MemoryUsage of job (MB)
	425440  -  ResidentSetSize of job (KB)
...
006 (16626177.146.000) 02/17 01:14:12 Image size of job updated: 428384
	419  -  MemoryUsage of job (MB)
	428384  -  ResidentSetSize of job (KB)
...
006 (16626177.146.000) 02/17 01:19:12 Image size of job updated: 429176
	420  -  MemoryUsage of job (MB)
	429176  -  ResidentSetSize of job (KB)
...
006 (16626177.146.000) 02/17 01:24:12 Image size of job updated: 429980
	420  -  MemoryUsage of job (MB)
	429980  -  ResidentSetSize of job (KB)
...
006 (16626177.146.000) 02/17 01:29:13 Image size of job updated: 430968
	421  -  MemoryUsage of job (MB)
	430968  -  ResidentSetSize of job (KB)
...
006 (16626177.146.000) 02/17 01:34:14 Image size of job updated: 431744
	422  -  MemoryUsage of job (MB)
	431744  -  ResidentSetSize of job (KB)
...
006 (16626177.146.000) 02/17 01:44:15 Image size of job updated: 433308
	424  -  MemoryUsage of job (MB)
	433308  -  ResidentSetSize of job (KB)
...
006 (16626177.146.000) 02/17 01:49:16 Image size of job updated: 433968
	424  -  MemoryUsage of job (MB)
	433968  -  ResidentSetSize of job (KB)
...
006 (16626177.146.000) 02/17 01:54:16 Image size of job updated: 434692
	425  -  MemoryUsage of job (MB)
	434692  -  ResidentSetSize of job (KB)
...
006 (16626177.146.000) 02/17 01:59:16 Image size of job updated: 438060
	428  -  MemoryUsage of job (MB)
	438060  -  ResidentSetSize of job (KB)
...
006 (16626177.146.000) 02/17 02:04:17 Image size of job updated: 440788
	431  -  MemoryUsage of job (MB)
	440788  -  ResidentSetSize of job (KB)
...
040 (16626177.146.000) 02/17 02:07:37 Started transferring output files
...
040 (16626177.146.000) 02/17 02:07:37 Finished transferring output files
...
005 (16626177.146.000) 02/17 02:07:37 Job terminated.
	(1) Normal termination (return value 0)
		Usr 0 01:07:57, Sys 0 00:00:02  -  Run Remote Usage
		Usr 0 00:00:00, Sys 0 00:00:00  -  Run Local Usage
		Usr 0 01:07:57, Sys 0 00:00:02  -  Total Remote Usage
		Usr 0 00:00:00, Sys 0 00:00:00  -  Total Local Usage
	8155  -  Run Bytes Sent By Job
	10428  -  Run Bytes Received By Job
	8155  -  Total Bytes Sent By Job
	10428  -  Total Bytes Received By Job
	Partitionable Resources :    Usage  Request Allocated 
	   Cpus                 :     0.99        1         1 
	   Disk (KB)            :    43          12      2565 
	   GPUs                 :                           0 
	   Memory (MB)          :   431        3000      3000 

	Job terminated of its own accord at 2025-02-17T01:07:37Z with exit-code 0.
...
