000 (16626177.446.000) 02/17 00:58:08 Job submitted from host: <188.185.72.155:9618?addrs=188.185.72.155-9618+[2001-1458-d00-8--100-95]-9618&alias=bigbird08.cern.ch&noUDP&sock=schedd_862983_22fa>
...
040 (16626177.446.000) 02/17 01:07:26 Started transferring input files
	Transferring to host: <128.142.161.76:9618?addrs=128.142.161.76-9618+[2001-1458-301-b8--100-a]-9618&alias=b9g03p6672.cern.ch&noUDP&sock=slot1_13_1683509_2344_36122>
...
040 (16626177.446.000) 02/17 01:07:26 Finished transferring input files
...
001 (16626177.446.000) 02/17 01:07:27 Job executing on host: <128.142.161.76:9618?addrs=128.142.161.76-9618+[2001-1458-301-b8--100-a]-9618&alias=b9g03p6672.cern.ch&noUDP&sock=startd_3181_7ada>
	SlotName: slot1_13@b9g03p6672.cern.ch
	CondorScratchDir = "/pool/condor/dir_2738772"
	Cpus = 1
	Disk = 3950
	GPUs = 0
	Memory = 3000
...
006 (16626177.446.000) 02/17 01:07:36 Image size of job updated: 72228
	71  -  MemoryUsage of job (MB)
	72228  -  ResidentSetSize of job (KB)
...
006 (16626177.446.000) 02/17 01:12:37 Image size of job updated: 101900
	100  -  MemoryUsage of job (MB)
	101900  -  ResidentSetSize of job (KB)
...
006 (16626177.446.000) 02/17 01:17:38 Image size of job updated: 137620
	135  -  MemoryUsage of job (MB)
	137620  -  ResidentSetSize of job (KB)
...
006 (16626177.446.000) 02/17 01:22:38 Image size of job updated: 140636
	138  -  MemoryUsage of job (MB)
	140636  -  ResidentSetSize of job (KB)
...
006 (16626177.446.000) 02/17 01:37:40 Image size of job updated: 146088
	143  -  MemoryUsage of job (MB)
	146088  -  ResidentSetSize of job (KB)
...
006 (16626177.446.000) 02/17 01:42:41 Image size of job updated: 147100
	144  -  MemoryUsage of job (MB)
	147100  -  ResidentSetSize of job (KB)
...
006 (16626177.446.000) 02/17 01:47:42 Image size of job updated: 147620
	145  -  MemoryUsage of job (MB)
	147620  -  ResidentSetSize of job (KB)
...
006 (16626177.446.000) 02/17 01:52:42 Image size of job updated: 149964
	147  -  MemoryUsage of job (MB)
	149964  -  ResidentSetSize of job (KB)
...
006 (16626177.446.000) 02/17 01:57:42 Image size of job updated: 150284
	147  -  MemoryUsage of job (MB)
	150284  -  ResidentSetSize of job (KB)
...
006 (16626177.446.000) 02/17 02:02:43 Image size of job updated: 150472
	147  -  MemoryUsage of job (MB)
	150472  -  ResidentSetSize of job (KB)
...
040 (16626177.446.000) 02/17 02:05:14 Started transferring output files
...
040 (16626177.446.000) 02/17 02:05:14 Finished transferring output files
...
005 (16626177.446.000) 02/17 02:05:14 Job terminated.
	(1) Normal termination (return value 0)
		Usr 0 00:53:04, Sys 0 00:00:05  -  Run Remote Usage
		Usr 0 00:00:00, Sys 0 00:00:00  -  Run Local Usage
		Usr 0 00:53:04, Sys 0 00:00:05  -  Total Remote Usage
		Usr 0 00:00:00, Sys 0 00:00:00  -  Total Local Usage
	8113  -  Run Bytes Sent By Job
	10428  -  Run Bytes Received By Job
	8113  -  Total Bytes Sent By Job
	10428  -  Total Bytes Received By Job
	Partitionable Resources :    Usage  Request Allocated 
	   Cpus                 :     0.92        1         1 
	   Disk (KB)            :    43          12      3950 
	   GPUs                 :                           0 
	   Memory (MB)          :   147        3000      3000 

	Job terminated of its own accord at 2025-02-17T01:05:14Z with exit-code 0.
...
