000 (16626177.191.000) 02/17 00:58:07 Job submitted from host: <188.185.72.155:9618?addrs=188.185.72.155-9618+[2001-1458-d00-8--100-95]-9618&alias=bigbird08.cern.ch&noUDP&sock=schedd_862983_22fa>
...
040 (16626177.191.000) 02/17 01:00:29 Started transferring input files
	Transferring to host: <188.185.193.178:9618?addrs=188.185.193.178-9618+[2001-1458-303-20--100-ae]-9618&alias=b9p19p2233.cern.ch&noUDP&sock=slot1_17_178325_d82d_13829>
...
040 (16626177.191.000) 02/17 01:00:29 Finished transferring input files
...
001 (16626177.191.000) 02/17 01:00:30 Job executing on host: <188.185.193.178:9618?addrs=188.185.193.178-9618+[2001-1458-303-20--100-ae]-9618&alias=b9p19p2233.cern.ch&noUDP&sock=startd_5861_bcaa>
	SlotName: slot1_17@b9p19p2233.cern.ch
	CondorScratchDir = "/pool/condor/dir_2858429"
	Cpus = 1
	Disk = 3800
	GPUs = 0
	Memory = 3000
...
006 (16626177.191.000) 02/17 01:00:39 Image size of job updated: 132016
	129  -  MemoryUsage of job (MB)
	132016  -  ResidentSetSize of job (KB)
...
006 (16626177.191.000) 02/17 01:05:40 Image size of job updated: 162528
	159  -  MemoryUsage of job (MB)
	162528  -  ResidentSetSize of job (KB)
...
006 (16626177.191.000) 02/17 01:10:40 Image size of job updated: 198564
	194  -  MemoryUsage of job (MB)
	198564  -  ResidentSetSize of job (KB)
...
006 (16626177.191.000) 02/17 01:15:40 Image size of job updated: 202716
	198  -  MemoryUsage of job (MB)
	202716  -  ResidentSetSize of job (KB)
...
040 (16626177.191.000) 02/17 02:13:56 Started transferring output files
...
040 (16626177.191.000) 02/17 02:13:56 Finished transferring output files
...
005 (16626177.191.000) 02/17 02:13:56 Job terminated.
	(1) Normal termination (return value 0)
		Usr 0 01:07:05, Sys 0 00:00:03  -  Run Remote Usage
		Usr 0 00:00:00, Sys 0 00:00:00  -  Run Local Usage
		Usr 0 01:07:05, Sys 0 00:00:03  -  Total Remote Usage
		Usr 0 00:00:00, Sys 0 00:00:00  -  Total Local Usage
	8155  -  Run Bytes Sent By Job
	10428  -  Run Bytes Received By Job
	8155  -  Total Bytes Sent By Job
	10428  -  Total Bytes Received By Job
	Partitionable Resources :    Usage  Request Allocated 
	   Cpus                 :     0.96        1         1 
	   Disk (KB)            :    44          12      3800 
	   GPUs                 :                           0 
	   Memory (MB)          :   198        3000      3000 

	Job terminated of its own accord at 2025-02-17T01:13:56Z with exit-code 0.
...
