000 (16626177.466.000) 02/17 00:58:08 Job submitted from host: <188.185.72.155:9618?addrs=188.185.72.155-9618+[2001-1458-d00-8--100-95]-9618&alias=bigbird08.cern.ch&noUDP&sock=schedd_862983_22fa>
...
040 (16626177.466.000) 02/17 01:07:28 Started transferring input files
	Transferring to host: <188.185.214.11:9618?addrs=188.185.214.11-9618+[2001-1458-303-1c--100-7]-9618&alias=b9p29p4563.cern.ch&noUDP&sock=slot1_15_338631_ec63_78405>
...
040 (16626177.466.000) 02/17 01:07:28 Finished transferring input files
...
001 (16626177.466.000) 02/17 01:07:29 Job executing on host: <188.185.214.11:9618?addrs=188.185.214.11-9618+[2001-1458-303-1c--100-7]-9618&alias=b9p29p4563.cern.ch&noUDP&sock=startd_3788_d4d6>
	SlotName: slot1_15@b9p29p4563.cern.ch
	CondorScratchDir = "/pool/condor/dir_850595"
	Cpus = 1
	Disk = 3804
	GPUs = 0
	Memory = 3000
...
006 (16626177.466.000) 02/17 01:07:38 Image size of job updated: 102980
	101  -  MemoryUsage of job (MB)
	102980  -  ResidentSetSize of job (KB)
...
006 (16626177.466.000) 02/17 01:12:39 Image size of job updated: 138080
	135  -  MemoryUsage of job (MB)
	138080  -  ResidentSetSize of job (KB)
...
006 (16626177.466.000) 02/17 01:17:39 Image size of job updated: 141804
	139  -  MemoryUsage of job (MB)
	141804  -  ResidentSetSize of job (KB)
...
006 (16626177.466.000) 02/17 01:22:39 Image size of job updated: 143288
	140  -  MemoryUsage of job (MB)
	143288  -  ResidentSetSize of job (KB)
...
006 (16626177.466.000) 02/17 01:27:40 Image size of job updated: 145560
	143  -  MemoryUsage of job (MB)
	145560  -  ResidentSetSize of job (KB)
...
006 (16626177.466.000) 02/17 01:32:41 Image size of job updated: 148100
	145  -  MemoryUsage of job (MB)
	148100  -  ResidentSetSize of job (KB)
...
006 (16626177.466.000) 02/17 01:37:41 Image size of job updated: 148312
	145  -  MemoryUsage of job (MB)
	148312  -  ResidentSetSize of job (KB)
...
006 (16626177.466.000) 02/17 01:42:42 Image size of job updated: 151080
	148  -  MemoryUsage of job (MB)
	151080  -  ResidentSetSize of job (KB)
...
006 (16626177.466.000) 02/17 01:47:43 Image size of job updated: 154292
	151  -  MemoryUsage of job (MB)
	154292  -  ResidentSetSize of job (KB)
...
040 (16626177.466.000) 02/17 01:51:00 Started transferring output files
...
040 (16626177.466.000) 02/17 01:51:00 Finished transferring output files
...
005 (16626177.466.000) 02/17 01:51:00 Job terminated.
	(1) Normal termination (return value 0)
		Usr 0 00:42:08, Sys 0 00:00:08  -  Run Remote Usage
		Usr 0 00:00:00, Sys 0 00:00:00  -  Run Local Usage
		Usr 0 00:42:08, Sys 0 00:00:08  -  Total Remote Usage
		Usr 0 00:00:00, Sys 0 00:00:00  -  Total Local Usage
	8153  -  Run Bytes Sent By Job
	10428  -  Run Bytes Received By Job
	8153  -  Total Bytes Sent By Job
	10428  -  Total Bytes Received By Job
	Partitionable Resources :    Usage  Request Allocated 
	   Cpus                 :     0.98        1         1 
	   Disk (KB)            :    43          12      3804 
	   GPUs                 :                           0 
	   Memory (MB)          :   151        3000      3000 

	Job terminated of its own accord at 2025-02-17T00:51:00Z with exit-code 0.
...
