000 (16626177.026.000) 02/17 00:58:07 Job submitted from host: <188.185.72.155:9618?addrs=188.185.72.155-9618+[2001-1458-d00-8--100-95]-9618&alias=bigbird08.cern.ch&noUDP&sock=schedd_862983_22fa>
...
040 (16626177.026.000) 02/17 00:58:20 Started transferring input files
	Transferring to host: <188.185.194.151:9618?addrs=188.185.194.151-9618+[2001-1458-303-21--100-93]-9618&alias=b9p20p8169.cern.ch&noUDP&sock=slot1_29_7203_ea3e_116348>
...
040 (16626177.026.000) 02/17 00:58:20 Finished transferring input files
...
001 (16626177.026.000) 02/17 00:58:21 Job executing on host: <188.185.194.151:9618?addrs=188.185.194.151-9618+[2001-1458-303-21--100-93]-9618&alias=b9p20p8169.cern.ch&noUDP&sock=startd_5733_f08b>
	SlotName: slot1_29@b9p20p8169.cern.ch
	CondorScratchDir = "/pool/condor/dir_2535787"
	Cpus = 1
	Disk = 3865
	GPUs = 0
	Memory = 3000
...
006 (16626177.026.000) 02/17 00:58:29 Image size of job updated: 383660
	375  -  MemoryUsage of job (MB)
	383660  -  ResidentSetSize of job (KB)
...
006 (16626177.026.000) 02/17 01:03:29 Image size of job updated: 450572
	441  -  MemoryUsage of job (MB)
	450572  -  ResidentSetSize of job (KB)
...
006 (16626177.026.000) 02/17 01:08:30 Image size of job updated: 452236
	442  -  MemoryUsage of job (MB)
	452236  -  ResidentSetSize of job (KB)
...
006 (16626177.026.000) 02/17 01:13:31 Image size of job updated: 456444
	446  -  MemoryUsage of job (MB)
	456444  -  ResidentSetSize of job (KB)
...
006 (16626177.026.000) 02/17 01:18:31 Image size of job updated: 456596
	446  -  MemoryUsage of job (MB)
	456596  -  ResidentSetSize of job (KB)
...
006 (16626177.026.000) 02/17 01:23:32 Image size of job updated: 458964
	449  -  MemoryUsage of job (MB)
	458964  -  ResidentSetSize of job (KB)
...
006 (16626177.026.000) 02/17 01:33:33 Image size of job updated: 459384
	449  -  MemoryUsage of job (MB)
	459384  -  ResidentSetSize of job (KB)
...
006 (16626177.026.000) 02/17 01:38:34 Image size of job updated: 459828
	450  -  MemoryUsage of job (MB)
	459828  -  ResidentSetSize of job (KB)
...
006 (16626177.026.000) 02/17 01:43:35 Image size of job updated: 474848
	464  -  MemoryUsage of job (MB)
	474848  -  ResidentSetSize of job (KB)
...
006 (16626177.026.000) 02/17 01:48:35 Image size of job updated: 475736
	465  -  MemoryUsage of job (MB)
	475736  -  ResidentSetSize of job (KB)
...
006 (16626177.026.000) 02/17 01:53:35 Image size of job updated: 477280
	467  -  MemoryUsage of job (MB)
	477280  -  ResidentSetSize of job (KB)
...
040 (16626177.026.000) 02/17 01:56:00 Started transferring output files
...
040 (16626177.026.000) 02/17 01:56:00 Finished transferring output files
...
005 (16626177.026.000) 02/17 01:56:00 Job terminated.
	(1) Normal termination (return value 0)
		Usr 0 00:56:52, Sys 0 00:00:03  -  Run Remote Usage
		Usr 0 00:00:00, Sys 0 00:00:00  -  Run Local Usage
		Usr 0 00:56:52, Sys 0 00:00:03  -  Total Remote Usage
		Usr 0 00:00:00, Sys 0 00:00:00  -  Total Local Usage
	8152  -  Run Bytes Sent By Job
	10428  -  Run Bytes Received By Job
	8152  -  Total Bytes Sent By Job
	10428  -  Total Bytes Received By Job
	Partitionable Resources :    Usage  Request Allocated 
	   Cpus                 :     0.99        1         1 
	   Disk (KB)            :    44          12      3865 
	   GPUs                 :                           0 
	   Memory (MB)          :   467        3000      3000 

	Job terminated of its own accord at 2025-02-17T00:56:00Z with exit-code 0.
...
