000 (16626177.399.000) 02/17 00:58:07 Job submitted from host: <188.185.72.155:9618?addrs=188.185.72.155-9618+[2001-1458-d00-8--100-95]-9618&alias=bigbird08.cern.ch&noUDP&sock=schedd_862983_22fa>
...
040 (16626177.399.000) 02/17 01:04:56 Started transferring input files
	Transferring to host: <188.185.209.191:9618?addrs=188.185.209.191-9618+[2001-1458-303-12--100-3c]-9618&alias=b9p12p9953.cern.ch&noUDP&sock=slot1_30_2207807_824d_64344>
...
040 (16626177.399.000) 02/17 01:04:56 Finished transferring input files
...
001 (16626177.399.000) 02/17 01:04:57 Job executing on host: <188.185.209.191:9618?addrs=188.185.209.191-9618+[2001-1458-303-12--100-3c]-9618&alias=b9p12p9953.cern.ch&noUDP&sock=startd_4269_c1e4>
	SlotName: slot1_30@b9p12p9953.cern.ch
	CondorScratchDir = "/pool/condor/dir_4159755"
	Cpus = 1
	Disk = 3184
	GPUs = 0
	Memory = 3000
...
006 (16626177.399.000) 02/17 01:05:05 Image size of job updated: 101172
	99  -  MemoryUsage of job (MB)
	101172  -  ResidentSetSize of job (KB)
...
006 (16626177.399.000) 02/17 01:10:05 Image size of job updated: 138524
	136  -  MemoryUsage of job (MB)
	138524  -  ResidentSetSize of job (KB)
...
006 (16626177.399.000) 02/17 01:15:06 Image size of job updated: 143344
	140  -  MemoryUsage of job (MB)
	143344  -  ResidentSetSize of job (KB)
...
006 (16626177.399.000) 02/17 01:25:06 Image size of job updated: 150396
	147  -  MemoryUsage of job (MB)
	150396  -  ResidentSetSize of job (KB)
...
040 (16626177.399.000) 02/17 01:29:52 Started transferring output files
...
040 (16626177.399.000) 02/17 01:29:52 Finished transferring output files
...
005 (16626177.399.000) 02/17 01:29:52 Job terminated.
	(1) Normal termination (return value 0)
		Usr 0 00:24:40, Sys 0 00:00:00  -  Run Remote Usage
		Usr 0 00:00:00, Sys 0 00:00:00  -  Run Local Usage
		Usr 0 00:24:40, Sys 0 00:00:00  -  Total Remote Usage
		Usr 0 00:00:00, Sys 0 00:00:00  -  Total Local Usage
	8155  -  Run Bytes Sent By Job
	10428  -  Run Bytes Received By Job
	8155  -  Total Bytes Sent By Job
	10428  -  Total Bytes Received By Job
	Partitionable Resources :    Usage  Request Allocated 
	   Cpus                 :     0.99        1         1 
	   Disk (KB)            :    46          12      3184 
	   GPUs                 :                           0 
	   Memory (MB)          :   147        3000      3000 

	Job terminated of its own accord at 2025-02-17T00:29:52Z with exit-code 0.
...
