000 (16626177.401.000) 02/17 00:58:07 Job submitted from host: <188.185.72.155:9618?addrs=188.185.72.155-9618+[2001-1458-d00-8--100-95]-9618&alias=bigbird08.cern.ch&noUDP&sock=schedd_862983_22fa>
...
040 (16626177.401.000) 02/17 01:04:57 Started transferring input files
	Transferring to host: <188.185.213.228:9618?addrs=188.185.213.228-9618+[2001-1458-303-1b--100-60]-9618&alias=b9p28p4003.cern.ch&noUDP&sock=slot1_21_2778520_7255_94230>
...
040 (16626177.401.000) 02/17 01:04:57 Finished transferring input files
...
001 (16626177.401.000) 02/17 01:04:58 Job executing on host: <188.185.213.228:9618?addrs=188.185.213.228-9618+[2001-1458-303-1b--100-60]-9618&alias=b9p28p4003.cern.ch&noUDP&sock=startd_1818745_5f2b>
	SlotName: slot1_21@b9p28p4003.cern.ch
	CondorScratchDir = "/pool/condor/dir_400516"
	Cpus = 1
	Disk = 3863
	GPUs = 0
	Memory = 3000
...
006 (16626177.401.000) 02/17 01:05:06 Image size of job updated: 100860
	99  -  MemoryUsage of job (MB)
	100860  -  ResidentSetSize of job (KB)
...
006 (16626177.401.000) 02/17 01:10:06 Image size of job updated: 138388
	136  -  MemoryUsage of job (MB)
	138388  -  ResidentSetSize of job (KB)
...
006 (16626177.401.000) 02/17 01:15:07 Image size of job updated: 142620
	140  -  MemoryUsage of job (MB)
	142620  -  ResidentSetSize of job (KB)
...
006 (16626177.401.000) 02/17 01:20:08 Image size of job updated: 143156
	140  -  MemoryUsage of job (MB)
	143156  -  ResidentSetSize of job (KB)
...
006 (16626177.401.000) 02/17 01:25:08 Image size of job updated: 144280
	141  -  MemoryUsage of job (MB)
	144280  -  ResidentSetSize of job (KB)
...
006 (16626177.401.000) 02/17 01:35:10 Image size of job updated: 146084
	143  -  MemoryUsage of job (MB)
	146084  -  ResidentSetSize of job (KB)
...
006 (16626177.401.000) 02/17 01:40:10 Image size of job updated: 155228
	152  -  MemoryUsage of job (MB)
	155228  -  ResidentSetSize of job (KB)
...
006 (16626177.401.000) 02/17 01:45:10 Image size of job updated: 161404
	158  -  MemoryUsage of job (MB)
	161404  -  ResidentSetSize of job (KB)
...
040 (16626177.401.000) 02/17 01:51:00 Started transferring output files
...
040 (16626177.401.000) 02/17 01:51:00 Finished transferring output files
...
005 (16626177.401.000) 02/17 01:51:00 Job terminated.
	(1) Normal termination (return value 0)
		Usr 0 00:45:02, Sys 0 00:00:03  -  Run Remote Usage
		Usr 0 00:00:00, Sys 0 00:00:00  -  Run Local Usage
		Usr 0 00:45:02, Sys 0 00:00:03  -  Total Remote Usage
		Usr 0 00:00:00, Sys 0 00:00:00  -  Total Local Usage
	8155  -  Run Bytes Sent By Job
	10428  -  Run Bytes Received By Job
	8155  -  Total Bytes Sent By Job
	10428  -  Total Bytes Received By Job
	Partitionable Resources :    Usage  Request Allocated 
	   Cpus                 :     0.97        1         1 
	   Disk (KB)            :    43          12      3863 
	   GPUs                 :                           0 
	   Memory (MB)          :   158        3000      3000 

	Job terminated of its own accord at 2025-02-17T00:51:00Z with exit-code 0.
...
