000 (16626177.451.000) 02/17 00:58:08 Job submitted from host: <188.185.72.155:9618?addrs=188.185.72.155-9618+[2001-1458-d00-8--100-95]-9618&alias=bigbird08.cern.ch&noUDP&sock=schedd_862983_22fa>
...
040 (16626177.451.000) 02/17 01:07:33 Started transferring input files
	Transferring to host: <188.185.198.93:9618?addrs=188.185.198.93-9618+[2001-1458-303-25--100-59]-9618&alias=b9p15p2047.cern.ch&noUDP&sock=slot1_2_3358946_1248_621>
...
040 (16626177.451.000) 02/17 01:07:33 Finished transferring input files
...
001 (16626177.451.000) 02/17 01:07:34 Job executing on host: <188.185.198.93:9618?addrs=188.185.198.93-9618+[2001-1458-303-25--100-59]-9618&alias=b9p15p2047.cern.ch&noUDP&sock=startd_3007_215f>
	SlotName: slot1_2@b9p15p2047.cern.ch
	CondorScratchDir = "/pool/condor/dir_3934840"
	Cpus = 1
	Disk = 3829
	GPUs = 0
	Memory = 3000
...
006 (16626177.451.000) 02/17 01:07:42 Image size of job updated: 383984
	375  -  MemoryUsage of job (MB)
	383984  -  ResidentSetSize of job (KB)
...
006 (16626177.451.000) 02/17 01:12:42 Image size of job updated: 416312
	407  -  MemoryUsage of job (MB)
	416312  -  ResidentSetSize of job (KB)
...
006 (16626177.451.000) 02/17 01:17:43 Image size of job updated: 453584
	443  -  MemoryUsage of job (MB)
	453584  -  ResidentSetSize of job (KB)
...
006 (16626177.451.000) 02/17 01:22:44 Image size of job updated: 456872
	447  -  MemoryUsage of job (MB)
	456872  -  ResidentSetSize of job (KB)
...
006 (16626177.451.000) 02/17 01:27:44 Image size of job updated: 458244
	448  -  MemoryUsage of job (MB)
	458244  -  ResidentSetSize of job (KB)
...
006 (16626177.451.000) 02/17 01:32:45 Image size of job updated: 459204
	449  -  MemoryUsage of job (MB)
	459204  -  ResidentSetSize of job (KB)
...
006 (16626177.451.000) 02/17 01:47:46 Image size of job updated: 463804
	453  -  MemoryUsage of job (MB)
	463804  -  ResidentSetSize of job (KB)
...
006 (16626177.451.000) 02/17 01:52:47 Image size of job updated: 476116
	465  -  MemoryUsage of job (MB)
	476116  -  ResidentSetSize of job (KB)
...
006 (16626177.451.000) 02/17 01:57:47 Image size of job updated: 479648
	469  -  MemoryUsage of job (MB)
	479648  -  ResidentSetSize of job (KB)
...
006 (16626177.451.000) 02/17 02:02:47 Image size of job updated: 480384
	470  -  MemoryUsage of job (MB)
	480384  -  ResidentSetSize of job (KB)
...
040 (16626177.451.000) 02/17 02:07:16 Started transferring output files
...
040 (16626177.451.000) 02/17 02:07:16 Finished transferring output files
...
005 (16626177.451.000) 02/17 02:07:16 Job terminated.
	(1) Normal termination (return value 0)
		Usr 0 00:54:21, Sys 0 00:00:01  -  Run Remote Usage
		Usr 0 00:00:00, Sys 0 00:00:00  -  Run Local Usage
		Usr 0 00:54:21, Sys 0 00:00:01  -  Total Remote Usage
		Usr 0 00:00:00, Sys 0 00:00:00  -  Total Local Usage
	8155  -  Run Bytes Sent By Job
	10428  -  Run Bytes Received By Job
	8155  -  Total Bytes Sent By Job
	10428  -  Total Bytes Received By Job
	Partitionable Resources :    Usage  Request Allocated 
	   Cpus                 :     0.90        1         1 
	   Disk (KB)            :    43          12      3829 
	   GPUs                 :                           0 
	   Memory (MB)          :   470        3000      3000 

	Job terminated of its own accord at 2025-02-17T01:07:15Z with exit-code 0.
...
