000 (16626177.248.000) 02/17 00:58:07 Job submitted from host: <188.185.72.155:9618?addrs=188.185.72.155-9618+[2001-1458-d00-8--100-95]-9618&alias=bigbird08.cern.ch&noUDP&sock=schedd_862983_22fa>
...
040 (16626177.248.000) 02/17 01:00:47 Started transferring input files
	Transferring to host: <188.185.193.161:9618?addrs=188.185.193.161-9618+[2001-1458-303-20--100-9d]-9618&alias=b9p19p2854.cern.ch&noUDP&sock=slot1_29_2510461_a1a0_95043>
...
040 (16626177.248.000) 02/17 01:00:47 Finished transferring input files
...
001 (16626177.248.000) 02/17 01:00:48 Job executing on host: <188.185.193.161:9618?addrs=188.185.193.161-9618+[2001-1458-303-20--100-9d]-9618&alias=b9p19p2854.cern.ch&noUDP&sock=startd_2507_2c05>
	SlotName: slot1_29@b9p19p2854.cern.ch
	CondorScratchDir = "/pool/condor/dir_1670630"
	Cpus = 1
	Disk = 3355
	GPUs = 0
	Memory = 3000
...
006 (16626177.248.000) 02/17 01:00:56 Image size of job updated: 1884
	2  -  MemoryUsage of job (MB)
	1884  -  ResidentSetSize of job (KB)
...
006 (16626177.248.000) 02/17 01:05:56 Image size of job updated: 137984
	135  -  MemoryUsage of job (MB)
	137984  -  ResidentSetSize of job (KB)
...
006 (16626177.248.000) 02/17 01:10:58 Image size of job updated: 142072
	139  -  MemoryUsage of job (MB)
	142072  -  ResidentSetSize of job (KB)
...
006 (16626177.248.000) 02/17 01:15:58 Image size of job updated: 143532
	141  -  MemoryUsage of job (MB)
	143532  -  ResidentSetSize of job (KB)
...
006 (16626177.248.000) 02/17 01:25:59 Image size of job updated: 150828
	148  -  MemoryUsage of job (MB)
	150828  -  ResidentSetSize of job (KB)
...
006 (16626177.248.000) 02/17 01:31:00 Image size of job updated: 164124
	161  -  MemoryUsage of job (MB)
	164124  -  ResidentSetSize of job (KB)
...
006 (16626177.248.000) 02/17 01:36:00 Image size of job updated: 167416
	164  -  MemoryUsage of job (MB)
	167416  -  ResidentSetSize of job (KB)
...
040 (16626177.248.000) 02/17 01:41:23 Started transferring output files
...
040 (16626177.248.000) 02/17 01:41:23 Finished transferring output files
...
005 (16626177.248.000) 02/17 01:41:23 Job terminated.
	(1) Normal termination (return value 0)
		Usr 0 00:39:52, Sys 0 00:00:00  -  Run Remote Usage
		Usr 0 00:00:00, Sys 0 00:00:00  -  Run Local Usage
		Usr 0 00:39:52, Sys 0 00:00:00  -  Total Remote Usage
		Usr 0 00:00:00, Sys 0 00:00:00  -  Total Local Usage
	8155  -  Run Bytes Sent By Job
	10428  -  Run Bytes Received By Job
	8155  -  Total Bytes Sent By Job
	10428  -  Total Bytes Received By Job
	Partitionable Resources :    Usage  Request Allocated 
	   Cpus                 :     1.00        1         1 
	   Disk (KB)            :    43          12      3355 
	   GPUs                 :                           0 
	   Memory (MB)          :   164        3000      3000 

	Job terminated of its own accord at 2025-02-17T00:41:23Z with exit-code 0.
...
