000 (16626177.134.000) 02/17 00:58:07 Job submitted from host: <188.185.72.155:9618?addrs=188.185.72.155-9618+[2001-1458-d00-8--100-95]-9618&alias=bigbird08.cern.ch&noUDP&sock=schedd_862983_22fa>
...
040 (16626177.134.000) 02/17 00:58:57 Started transferring input files
	Transferring to host: <188.185.195.22:9618?addrs=188.185.195.22-9618+[2001-1458-303-22--100-12]-9618&alias=b9p17p9664.cern.ch&noUDP&sock=slot1_28_795842_6f24_12734>
...
040 (16626177.134.000) 02/17 00:58:57 Finished transferring input files
...
001 (16626177.134.000) 02/17 00:58:58 Job executing on host: <188.185.195.22:9618?addrs=188.185.195.22-9618+[2001-1458-303-22--100-12]-9618&alias=b9p17p9664.cern.ch&noUDP&sock=startd_5204_16f1>
	SlotName: slot1_28@b9p17p9664.cern.ch
	CondorScratchDir = "/pool/condor/dir_2158502"
	Cpus = 1
	Disk = 3853
	GPUs = 0
	Memory = 3000
...
006 (16626177.134.000) 02/17 00:59:06 Image size of job updated: 386836
	378  -  MemoryUsage of job (MB)
	386836  -  ResidentSetSize of job (KB)
...
006 (16626177.134.000) 02/17 01:04:07 Image size of job updated: 417228
	408  -  MemoryUsage of job (MB)
	417228  -  ResidentSetSize of job (KB)
...
006 (16626177.134.000) 02/17 01:09:08 Image size of job updated: 454300
	444  -  MemoryUsage of job (MB)
	454300  -  ResidentSetSize of job (KB)
...
006 (16626177.134.000) 02/17 01:14:08 Image size of job updated: 457520
	447  -  MemoryUsage of job (MB)
	457520  -  ResidentSetSize of job (KB)
...
006 (16626177.134.000) 02/17 01:19:08 Image size of job updated: 458600
	448  -  MemoryUsage of job (MB)
	458600  -  ResidentSetSize of job (KB)
...
006 (16626177.134.000) 02/17 01:24:10 Image size of job updated: 459136
	449  -  MemoryUsage of job (MB)
	459136  -  ResidentSetSize of job (KB)
...
006 (16626177.134.000) 02/17 01:39:11 Image size of job updated: 467280
	457  -  MemoryUsage of job (MB)
	467280  -  ResidentSetSize of job (KB)
...
006 (16626177.134.000) 02/17 01:44:12 Image size of job updated: 468172
	458  -  MemoryUsage of job (MB)
	468172  -  ResidentSetSize of job (KB)
...
006 (16626177.134.000) 02/17 01:49:12 Image size of job updated: 469068
	459  -  MemoryUsage of job (MB)
	469068  -  ResidentSetSize of job (KB)
...
006 (16626177.134.000) 02/17 01:54:13 Image size of job updated: 474460
	464  -  MemoryUsage of job (MB)
	474460  -  ResidentSetSize of job (KB)
...
040 (16626177.134.000) 02/17 02:00:51 Started transferring output files
...
040 (16626177.134.000) 02/17 02:00:51 Finished transferring output files
...
005 (16626177.134.000) 02/17 02:00:51 Job terminated.
	(1) Normal termination (return value 0)
		Usr 0 01:00:06, Sys 0 00:00:04  -  Run Remote Usage
		Usr 0 00:00:00, Sys 0 00:00:00  -  Run Local Usage
		Usr 0 01:00:06, Sys 0 00:00:04  -  Total Remote Usage
		Usr 0 00:00:00, Sys 0 00:00:00  -  Total Local Usage
	8155  -  Run Bytes Sent By Job
	10428  -  Run Bytes Received By Job
	8155  -  Total Bytes Sent By Job
	10428  -  Total Bytes Received By Job
	Partitionable Resources :    Usage  Request Allocated 
	   Cpus                 :     0.99        1         1 
	   Disk (KB)            :    44          12      3853 
	   GPUs                 :                           0 
	   Memory (MB)          :   464        3000      3000 

	Job terminated of its own accord at 2025-02-17T01:00:51Z with exit-code 0.
...
