000 (16626177.224.000) 02/17 00:58:07 Job submitted from host: <188.185.72.155:9618?addrs=188.185.72.155-9618+[2001-1458-d00-8--100-95]-9618&alias=bigbird08.cern.ch&noUDP&sock=schedd_862983_22fa>
...
040 (16626177.224.000) 02/17 01:00:32 Started transferring input files
	Transferring to host: <128.142.131.20:9618?addrs=128.142.131.20-9618+[2001-1458-301-59--100-8]-9618&alias=b9g11p0183.cern.ch&noUDP&sock=slot1_21_3004_56f3_36322>
...
040 (16626177.224.000) 02/17 01:00:32 Finished transferring input files
...
001 (16626177.224.000) 02/17 01:00:33 Job executing on host: <128.142.131.20:9618?addrs=128.142.131.20-9618+[2001-1458-301-59--100-8]-9618&alias=b9g11p0183.cern.ch&noUDP&sock=startd_2631_39c3>
	SlotName: slot1_21@b9g11p0183.cern.ch
	CondorScratchDir = "/pool/condor/dir_3936951"
	Cpus = 1
	Disk = 2523
	GPUs = 0
	Memory = 3000
...
006 (16626177.224.000) 02/17 01:00:41 Image size of job updated: 383152
	375  -  MemoryUsage of job (MB)
	383152  -  ResidentSetSize of job (KB)
...
006 (16626177.224.000) 02/17 01:05:41 Image size of job updated: 415484
	406  -  MemoryUsage of job (MB)
	415484  -  ResidentSetSize of job (KB)
...
006 (16626177.224.000) 02/17 01:10:42 Image size of job updated: 452608
	442  -  MemoryUsage of job (MB)
	452608  -  ResidentSetSize of job (KB)
...
006 (16626177.224.000) 02/17 01:15:42 Image size of job updated: 455864
	446  -  MemoryUsage of job (MB)
	455864  -  ResidentSetSize of job (KB)
...
006 (16626177.224.000) 02/17 01:20:42 Image size of job updated: 456612
	446  -  MemoryUsage of job (MB)
	456612  -  ResidentSetSize of job (KB)
...
006 (16626177.224.000) 02/17 01:25:44 Image size of job updated: 457612
	447  -  MemoryUsage of job (MB)
	457612  -  ResidentSetSize of job (KB)
...
006 (16626177.224.000) 02/17 01:30:44 Image size of job updated: 459636
	449  -  MemoryUsage of job (MB)
	459636  -  ResidentSetSize of job (KB)
...
006 (16626177.224.000) 02/17 01:40:45 Image size of job updated: 463652
	453  -  MemoryUsage of job (MB)
	463652  -  ResidentSetSize of job (KB)
...
006 (16626177.224.000) 02/17 01:45:46 Image size of job updated: 463872
	453  -  MemoryUsage of job (MB)
	463872  -  ResidentSetSize of job (KB)
...
006 (16626177.224.000) 02/17 01:55:47 Image size of job updated: 464584
	454  -  MemoryUsage of job (MB)
	464584  -  ResidentSetSize of job (KB)
...
006 (16626177.224.000) 02/17 02:00:48 Image size of job updated: 467184
	457  -  MemoryUsage of job (MB)
	467184  -  ResidentSetSize of job (KB)
...
040 (16626177.224.000) 02/17 02:06:32 Started transferring output files
...
040 (16626177.224.000) 02/17 02:06:32 Finished transferring output files
...
005 (16626177.224.000) 02/17 02:06:32 Job terminated.
	(1) Normal termination (return value 0)
		Usr 0 01:05:26, Sys 0 00:00:02  -  Run Remote Usage
		Usr 0 00:00:00, Sys 0 00:00:00  -  Run Local Usage
		Usr 0 01:05:26, Sys 0 00:00:02  -  Total Remote Usage
		Usr 0 00:00:00, Sys 0 00:00:00  -  Total Local Usage
	8155  -  Run Bytes Sent By Job
	10428  -  Run Bytes Received By Job
	8155  -  Total Bytes Sent By Job
	10428  -  Total Bytes Received By Job
	Partitionable Resources :    Usage  Request Allocated 
	   Cpus                 :     0.99        1         1 
	   Disk (KB)            :    43          12      2523 
	   GPUs                 :                           0 
	   Memory (MB)          :   457        3000      3000 

	Job terminated of its own accord at 2025-02-17T01:06:32Z with exit-code 0.
...
