000 (16626177.080.000) 02/17 00:58:07 Job submitted from host: <188.185.72.155:9618?addrs=188.185.72.155-9618+[2001-1458-d00-8--100-95]-9618&alias=bigbird08.cern.ch&noUDP&sock=schedd_862983_22fa>
...
040 (16626177.080.000) 02/17 00:58:38 Started transferring input files
	Transferring to host: <128.142.161.74:9618?addrs=128.142.161.74-9618+[2001-1458-301-b8--100-8]-9618&alias=b9g03p5829.cern.ch&noUDP&sock=slot1_8_3030_a8b4_1834>
...
040 (16626177.080.000) 02/17 00:58:38 Finished transferring input files
...
001 (16626177.080.000) 02/17 00:58:39 Job executing on host: <128.142.161.74:9618?addrs=128.142.161.74-9618+[2001-1458-301-b8--100-8]-9618&alias=b9g03p5829.cern.ch&noUDP&sock=startd_2549_faff>
	SlotName: slot1_8@b9g03p5829.cern.ch
	CondorScratchDir = "/pool/condor/dir_2776787"
	Cpus = 1
	Disk = 4053
	GPUs = 0
	Memory = 3000
...
006 (16626177.080.000) 02/17 00:58:48 Image size of job updated: 122860
	120  -  MemoryUsage of job (MB)
	122860  -  ResidentSetSize of job (KB)
...
006 (16626177.080.000) 02/17 01:03:49 Image size of job updated: 159920
	157  -  MemoryUsage of job (MB)
	159920  -  ResidentSetSize of job (KB)
...
006 (16626177.080.000) 02/17 01:08:50 Image size of job updated: 161484
	158  -  MemoryUsage of job (MB)
	161484  -  ResidentSetSize of job (KB)
...
006 (16626177.080.000) 02/17 01:13:50 Image size of job updated: 165252
	162  -  MemoryUsage of job (MB)
	165252  -  ResidentSetSize of job (KB)
...
006 (16626177.080.000) 02/17 01:18:51 Image size of job updated: 165448
	162  -  MemoryUsage of job (MB)
	165448  -  ResidentSetSize of job (KB)
...
006 (16626177.080.000) 02/17 01:23:52 Image size of job updated: 166216
	163  -  MemoryUsage of job (MB)
	166216  -  ResidentSetSize of job (KB)
...
006 (16626177.080.000) 02/17 01:28:52 Image size of job updated: 170104
	167  -  MemoryUsage of job (MB)
	170104  -  ResidentSetSize of job (KB)
...
006 (16626177.080.000) 02/17 01:58:54 Image size of job updated: 170128
	167  -  MemoryUsage of job (MB)
	170128  -  ResidentSetSize of job (KB)
...
006 (16626177.080.000) 02/17 02:03:54 Image size of job updated: 171276
	168  -  MemoryUsage of job (MB)
	171276  -  ResidentSetSize of job (KB)
...
040 (16626177.080.000) 02/17 02:07:28 Started transferring output files
...
040 (16626177.080.000) 02/17 02:07:28 Finished transferring output files
...
005 (16626177.080.000) 02/17 02:07:28 Job terminated.
	(1) Normal termination (return value 0)
		Usr 0 01:04:48, Sys 0 00:00:03  -  Run Remote Usage
		Usr 0 00:00:00, Sys 0 00:00:00  -  Run Local Usage
		Usr 0 01:04:48, Sys 0 00:00:03  -  Total Remote Usage
		Usr 0 00:00:00, Sys 0 00:00:00  -  Total Local Usage
	8152  -  Run Bytes Sent By Job
	10428  -  Run Bytes Received By Job
	8152  -  Total Bytes Sent By Job
	10428  -  Total Bytes Received By Job
	Partitionable Resources :    Usage  Request Allocated 
	   Cpus                 :     0.97        1         1 
	   Disk (KB)            :    43          12      4053 
	   GPUs                 :                           0 
	   Memory (MB)          :   168        3000      3000 

	Job terminated of its own accord at 2025-02-17T01:07:28Z with exit-code 0.
...
