000 (16626177.096.000) 02/17 00:58:07 Job submitted from host: <188.185.72.155:9618?addrs=188.185.72.155-9618+[2001-1458-d00-8--100-95]-9618&alias=bigbird08.cern.ch&noUDP&sock=schedd_862983_22fa>
...
040 (16626177.096.000) 02/17 00:58:43 Started transferring input files
	Transferring to host: <188.185.193.9:9618?addrs=188.185.193.9-9618+[2001-1458-303-20--100-5]-9618&alias=b9p19p9968.cern.ch&noUDP&sock=slot1_25_3784878_b270_46903>
...
040 (16626177.096.000) 02/17 00:58:43 Finished transferring input files
...
001 (16626177.096.000) 02/17 00:58:44 Job executing on host: <188.185.193.9:9618?addrs=188.185.193.9-9618+[2001-1458-303-20--100-5]-9618&alias=b9p19p9968.cern.ch&noUDP&sock=startd_4510_1037>
	SlotName: slot1_25@b9p19p9968.cern.ch
	CondorScratchDir = "/pool/condor/dir_3060508"
	Cpus = 1
	Disk = 3791
	GPUs = 0
	Memory = 3000
...
006 (16626177.096.000) 02/17 00:58:53 Image size of job updated: 70384
	69  -  MemoryUsage of job (MB)
	70384  -  ResidentSetSize of job (KB)
...
006 (16626177.096.000) 02/17 01:03:54 Image size of job updated: 137636
	135  -  MemoryUsage of job (MB)
	137636  -  ResidentSetSize of job (KB)
...
006 (16626177.096.000) 02/17 01:08:54 Image size of job updated: 139336
	137  -  MemoryUsage of job (MB)
	139336  -  ResidentSetSize of job (KB)
...
006 (16626177.096.000) 02/17 01:13:54 Image size of job updated: 142560
	140  -  MemoryUsage of job (MB)
	142560  -  ResidentSetSize of job (KB)
...
006 (16626177.096.000) 02/17 01:18:55 Image size of job updated: 143532
	141  -  MemoryUsage of job (MB)
	143532  -  ResidentSetSize of job (KB)
...
006 (16626177.096.000) 02/17 01:23:56 Image size of job updated: 144424
	142  -  MemoryUsage of job (MB)
	144424  -  ResidentSetSize of job (KB)
...
006 (16626177.096.000) 02/17 01:28:56 Image size of job updated: 146076
	143  -  MemoryUsage of job (MB)
	146076  -  ResidentSetSize of job (KB)
...
006 (16626177.096.000) 02/17 01:38:58 Image size of job updated: 151516
	148  -  MemoryUsage of job (MB)
	151516  -  ResidentSetSize of job (KB)
...
006 (16626177.096.000) 02/17 01:43:58 Image size of job updated: 164548
	161  -  MemoryUsage of job (MB)
	164548  -  ResidentSetSize of job (KB)
...
006 (16626177.096.000) 02/17 01:48:58 Image size of job updated: 165228
	162  -  MemoryUsage of job (MB)
	165228  -  ResidentSetSize of job (KB)
...
006 (16626177.096.000) 02/17 01:53:59 Image size of job updated: 165852
	162  -  MemoryUsage of job (MB)
	165852  -  ResidentSetSize of job (KB)
...
040 (16626177.096.000) 02/17 02:02:23 Started transferring output files
...
040 (16626177.096.000) 02/17 02:02:23 Finished transferring output files
...
005 (16626177.096.000) 02/17 02:02:23 Job terminated.
	(1) Normal termination (return value 0)
		Usr 0 01:02:02, Sys 0 00:00:03  -  Run Remote Usage
		Usr 0 00:00:00, Sys 0 00:00:00  -  Run Local Usage
		Usr 0 01:02:02, Sys 0 00:00:03  -  Total Remote Usage
		Usr 0 00:00:00, Sys 0 00:00:00  -  Total Local Usage
	8152  -  Run Bytes Sent By Job
	10428  -  Run Bytes Received By Job
	8152  -  Total Bytes Sent By Job
	10428  -  Total Bytes Received By Job
	Partitionable Resources :    Usage  Request Allocated 
	   Cpus                 :     0.99        1         1 
	   Disk (KB)            :    43          12      3791 
	   GPUs                 :                           0 
	   Memory (MB)          :   162        3000      3000 

	Job terminated of its own accord at 2025-02-17T01:02:23Z with exit-code 0.
...
