000 (16626177.232.000) 02/17 00:58:07 Job submitted from host: <188.185.72.155:9618?addrs=188.185.72.155-9618+[2001-1458-d00-8--100-95]-9618&alias=bigbird08.cern.ch&noUDP&sock=schedd_862983_22fa>
...
040 (16626177.232.000) 02/17 01:00:33 Started transferring input files
	Transferring to host: <188.185.196.28:9618?addrs=188.185.196.28-9618+[2001-1458-303-23--100-18]-9618&alias=b9p16p9803.cern.ch&noUDP&sock=slot1_5_3523207_ce3f_1322>
...
040 (16626177.232.000) 02/17 01:00:33 Finished transferring input files
...
001 (16626177.232.000) 02/17 01:00:34 Job executing on host: <188.185.196.28:9618?addrs=188.185.196.28-9618+[2001-1458-303-23--100-18]-9618&alias=b9p16p9803.cern.ch&noUDP&sock=startd_11197_ca05>
	SlotName: slot1_5@b9p16p9803.cern.ch
	CondorScratchDir = "/pool/condor/dir_223550"
	Cpus = 1
	Disk = 3932
	GPUs = 0
	Memory = 3000
...
006 (16626177.232.000) 02/17 01:00:42 Image size of job updated: 1880
	2  -  MemoryUsage of job (MB)
	1880  -  ResidentSetSize of job (KB)
...
006 (16626177.232.000) 02/17 01:05:42 Image size of job updated: 453384
	443  -  MemoryUsage of job (MB)
	453384  -  ResidentSetSize of job (KB)
...
006 (16626177.232.000) 02/17 01:10:43 Image size of job updated: 457484
	447  -  MemoryUsage of job (MB)
	457484  -  ResidentSetSize of job (KB)
...
006 (16626177.232.000) 02/17 01:15:44 Image size of job updated: 459008
	449  -  MemoryUsage of job (MB)
	459008  -  ResidentSetSize of job (KB)
...
006 (16626177.232.000) 02/17 01:25:45 Image size of job updated: 464440
	454  -  MemoryUsage of job (MB)
	464440  -  ResidentSetSize of job (KB)
...
006 (16626177.232.000) 02/17 01:30:46 Image size of job updated: 469964
	459  -  MemoryUsage of job (MB)
	469964  -  ResidentSetSize of job (KB)
...
040 (16626177.232.000) 02/17 01:35:53 Started transferring output files
...
040 (16626177.232.000) 02/17 01:35:53 Finished transferring output files
...
005 (16626177.232.000) 02/17 01:35:53 Job terminated.
	(1) Normal termination (return value 0)
		Usr 0 00:34:37, Sys 0 00:00:01  -  Run Remote Usage
		Usr 0 00:00:00, Sys 0 00:00:00  -  Run Local Usage
		Usr 0 00:34:37, Sys 0 00:00:01  -  Total Remote Usage
		Usr 0 00:00:00, Sys 0 00:00:00  -  Total Local Usage
	8155  -  Run Bytes Sent By Job
	10428  -  Run Bytes Received By Job
	8155  -  Total Bytes Sent By Job
	10428  -  Total Bytes Received By Job
	Partitionable Resources :    Usage  Request Allocated 
	   Cpus                 :     1.00        1         1 
	   Disk (KB)            :    43          12      3932 
	   GPUs                 :                           0 
	   Memory (MB)          :   459        3000      3000 

	Job terminated of its own accord at 2025-02-17T00:35:53Z with exit-code 0.
...
