000 (16626177.272.000) 02/17 00:58:07 Job submitted from host: <188.185.72.155:9618?addrs=188.185.72.155-9618+[2001-1458-d00-8--100-95]-9618&alias=bigbird08.cern.ch&noUDP&sock=schedd_862983_22fa>
...
040 (16626177.272.000) 02/17 01:00:55 Started transferring input files
	Transferring to host: <128.142.161.91:9618?addrs=128.142.161.91-9618+[2001-1458-301-b8--100-19]-9618&alias=b9g03p3548.cern.ch&noUDP&sock=slot1_23_147784_f273_28933>
...
040 (16626177.272.000) 02/17 01:00:55 Finished transferring input files
...
001 (16626177.272.000) 02/17 01:00:56 Job executing on host: <128.142.161.91:9618?addrs=128.142.161.91-9618+[2001-1458-301-b8--100-19]-9618&alias=b9g03p3548.cern.ch&noUDP&sock=startd_4536_e5ae>
	SlotName: slot1_23@b9g03p3548.cern.ch
	CondorScratchDir = "/pool/condor/dir_68792"
	Cpus = 1
	Disk = 3960
	GPUs = 0
	Memory = 3000
...
006 (16626177.272.000) 02/17 01:01:04 Image size of job updated: 73748
	73  -  MemoryUsage of job (MB)
	73748  -  ResidentSetSize of job (KB)
...
006 (16626177.272.000) 02/17 01:06:04 Image size of job updated: 137492
	135  -  MemoryUsage of job (MB)
	137492  -  ResidentSetSize of job (KB)
...
006 (16626177.272.000) 02/17 01:11:05 Image size of job updated: 138352
	136  -  MemoryUsage of job (MB)
	138352  -  ResidentSetSize of job (KB)
...
006 (16626177.272.000) 02/17 01:16:06 Image size of job updated: 142672
	140  -  MemoryUsage of job (MB)
	142672  -  ResidentSetSize of job (KB)
...
006 (16626177.272.000) 02/17 01:21:06 Image size of job updated: 142904
	140  -  MemoryUsage of job (MB)
	142904  -  ResidentSetSize of job (KB)
...
006 (16626177.272.000) 02/17 01:26:07 Image size of job updated: 144604
	142  -  MemoryUsage of job (MB)
	144604  -  ResidentSetSize of job (KB)
...
006 (16626177.272.000) 02/17 01:36:08 Image size of job updated: 148044
	145  -  MemoryUsage of job (MB)
	148044  -  ResidentSetSize of job (KB)
...
006 (16626177.272.000) 02/17 01:41:09 Image size of job updated: 148760
	146  -  MemoryUsage of job (MB)
	148760  -  ResidentSetSize of job (KB)
...
006 (16626177.272.000) 02/17 01:46:10 Image size of job updated: 149324
	146  -  MemoryUsage of job (MB)
	149324  -  ResidentSetSize of job (KB)
...
006 (16626177.272.000) 02/17 01:51:10 Image size of job updated: 150204
	147  -  MemoryUsage of job (MB)
	150204  -  ResidentSetSize of job (KB)
...
006 (16626177.272.000) 02/17 01:56:10 Image size of job updated: 151572
	149  -  MemoryUsage of job (MB)
	151572  -  ResidentSetSize of job (KB)
...
040 (16626177.272.000) 02/17 01:58:41 Started transferring output files
...
040 (16626177.272.000) 02/17 01:58:41 Finished transferring output files
...
005 (16626177.272.000) 02/17 01:58:41 Job terminated.
	(1) Normal termination (return value 0)
		Usr 0 00:56:53, Sys 0 00:00:02  -  Run Remote Usage
		Usr 0 00:00:00, Sys 0 00:00:00  -  Run Local Usage
		Usr 0 00:56:53, Sys 0 00:00:02  -  Total Remote Usage
		Usr 0 00:00:00, Sys 0 00:00:00  -  Total Local Usage
	8153  -  Run Bytes Sent By Job
	10428  -  Run Bytes Received By Job
	8153  -  Total Bytes Sent By Job
	10428  -  Total Bytes Received By Job
	Partitionable Resources :    Usage  Request Allocated 
	   Cpus                 :     0.98        1         1 
	   Disk (KB)            :    43          12      3960 
	   GPUs                 :                           0 
	   Memory (MB)          :   149        3000      3000 

	Job terminated of its own accord at 2025-02-17T00:58:41Z with exit-code 0.
...
