000 (16626177.151.000) 02/17 00:58:07 Job submitted from host: <188.185.72.155:9618?addrs=188.185.72.155-9618+[2001-1458-d00-8--100-95]-9618&alias=bigbird08.cern.ch&noUDP&sock=schedd_862983_22fa>
...
040 (16626177.151.000) 02/17 00:59:02 Started transferring input files
	Transferring to host: <188.185.193.30:9618?addrs=188.185.193.30-9618+[2001-1458-303-20--100-1a]-9618&alias=b9p19p1185.cern.ch&noUDP&sock=slot1_22_2496289_2ce0_9828>
...
040 (16626177.151.000) 02/17 00:59:02 Finished transferring input files
...
001 (16626177.151.000) 02/17 00:59:03 Job executing on host: <188.185.193.30:9618?addrs=188.185.193.30-9618+[2001-1458-303-20--100-1a]-9618&alias=b9p19p1185.cern.ch&noUDP&sock=startd_3262_0a06>
	SlotName: slot1_22@b9p19p1185.cern.ch
	CondorScratchDir = "/pool/condor/dir_874239"
	Cpus = 1
	Disk = 3942
	GPUs = 0
	Memory = 3000
...
006 (16626177.151.000) 02/17 00:59:11 Image size of job updated: 1880
	2  -  MemoryUsage of job (MB)
	1880  -  ResidentSetSize of job (KB)
...
006 (16626177.151.000) 02/17 01:04:11 Image size of job updated: 100512
	99  -  MemoryUsage of job (MB)
	100512  -  ResidentSetSize of job (KB)
...
006 (16626177.151.000) 02/17 01:09:12 Image size of job updated: 137856
	135  -  MemoryUsage of job (MB)
	137856  -  ResidentSetSize of job (KB)
...
006 (16626177.151.000) 02/17 01:14:13 Image size of job updated: 141448
	139  -  MemoryUsage of job (MB)
	141448  -  ResidentSetSize of job (KB)
...
006 (16626177.151.000) 02/17 01:19:13 Image size of job updated: 142988
	140  -  MemoryUsage of job (MB)
	142988  -  ResidentSetSize of job (KB)
...
006 (16626177.151.000) 02/17 01:29:14 Image size of job updated: 145940
	143  -  MemoryUsage of job (MB)
	145940  -  ResidentSetSize of job (KB)
...
006 (16626177.151.000) 02/17 01:39:14 Image size of job updated: 151284
	148  -  MemoryUsage of job (MB)
	151284  -  ResidentSetSize of job (KB)
...
040 (16626177.151.000) 02/17 01:46:43 Started transferring output files
...
040 (16626177.151.000) 02/17 01:46:43 Finished transferring output files
...
005 (16626177.151.000) 02/17 01:46:43 Job terminated.
	(1) Normal termination (return value 0)
		Usr 0 00:46:33, Sys 0 00:00:01  -  Run Remote Usage
		Usr 0 00:00:00, Sys 0 00:00:00  -  Run Local Usage
		Usr 0 00:46:33, Sys 0 00:00:01  -  Total Remote Usage
		Usr 0 00:00:00, Sys 0 00:00:00  -  Total Local Usage
	8155  -  Run Bytes Sent By Job
	10428  -  Run Bytes Received By Job
	8155  -  Total Bytes Sent By Job
	10428  -  Total Bytes Received By Job
	Partitionable Resources :    Usage  Request Allocated 
	   Cpus                 :     0.99        1         1 
	   Disk (KB)            :    43          12      3942 
	   GPUs                 :                           0 
	   Memory (MB)          :   148        3000      3000 

	Job terminated of its own accord at 2025-02-17T00:46:43Z with exit-code 0.
...
