000 (16626177.054.000) 02/17 00:58:07 Job submitted from host: <188.185.72.155:9618?addrs=188.185.72.155-9618+[2001-1458-d00-8--100-95]-9618&alias=bigbird08.cern.ch&noUDP&sock=schedd_862983_22fa>
...
040 (16626177.054.000) 02/17 00:58:30 Started transferring input files
	Transferring to host: <188.185.214.47:9618?addrs=188.185.214.47-9618+[2001-1458-303-1c--100-2b]-9618&alias=b9p29p1922.cern.ch&noUDP&sock=slot1_14_2509084_6908_32255>
...
040 (16626177.054.000) 02/17 00:58:30 Finished transferring input files
...
001 (16626177.054.000) 02/17 00:58:31 Job executing on host: <188.185.214.47:9618?addrs=188.185.214.47-9618+[2001-1458-303-1c--100-2b]-9618&alias=b9p29p1922.cern.ch&noUDP&sock=startd_4447_d9c0>
	SlotName: slot1_14@b9p29p1922.cern.ch
	CondorScratchDir = "/pool/condor/dir_2528673"
	Cpus = 1
	Disk = 3816
	GPUs = 0
	Memory = 3000
...
006 (16626177.054.000) 02/17 00:58:39 Image size of job updated: 281584
	275  -  MemoryUsage of job (MB)
	281584  -  ResidentSetSize of job (KB)
...
006 (16626177.054.000) 02/17 01:03:39 Image size of job updated: 351692
	344  -  MemoryUsage of job (MB)
	351692  -  ResidentSetSize of job (KB)
...
006 (16626177.054.000) 02/17 01:08:40 Image size of job updated: 355876
	348  -  MemoryUsage of job (MB)
	355876  -  ResidentSetSize of job (KB)
...
006 (16626177.054.000) 02/17 01:13:41 Image size of job updated: 358260
	350  -  MemoryUsage of job (MB)
	358260  -  ResidentSetSize of job (KB)
...
006 (16626177.054.000) 02/17 01:23:42 Image size of job updated: 373556
	365  -  MemoryUsage of job (MB)
	373556  -  ResidentSetSize of job (KB)
...
006 (16626177.054.000) 02/17 01:28:43 Image size of job updated: 377064
	369  -  MemoryUsage of job (MB)
	377064  -  ResidentSetSize of job (KB)
...
040 (16626177.054.000) 02/17 01:33:40 Started transferring output files
...
040 (16626177.054.000) 02/17 01:33:40 Finished transferring output files
...
005 (16626177.054.000) 02/17 01:33:40 Job terminated.
	(1) Normal termination (return value 0)
		Usr 0 00:34:43, Sys 0 00:00:01  -  Run Remote Usage
		Usr 0 00:00:00, Sys 0 00:00:00  -  Run Local Usage
		Usr 0 00:34:43, Sys 0 00:00:01  -  Total Remote Usage
		Usr 0 00:00:00, Sys 0 00:00:00  -  Total Local Usage
	8152  -  Run Bytes Sent By Job
	10428  -  Run Bytes Received By Job
	8152  -  Total Bytes Sent By Job
	10428  -  Total Bytes Received By Job
	Partitionable Resources :    Usage  Request Allocated 
	   Cpus                 :     0.99        1         1 
	   Disk (KB)            :    43          12      3816 
	   GPUs                 :                           0 
	   Memory (MB)          :   369        3000      3000 

	Job terminated of its own accord at 2025-02-17T00:33:40Z with exit-code 0.
...
