000 (16626177.174.000) 02/17 00:58:07 Job submitted from host: <188.185.72.155:9618?addrs=188.185.72.155-9618+[2001-1458-d00-8--100-95]-9618&alias=bigbird08.cern.ch&noUDP&sock=schedd_862983_22fa>
...
040 (16626177.174.000) 02/17 01:00:24 Started transferring input files
	Transferring to host: <128.142.161.95:9618?addrs=128.142.161.95-9618+[2001-1458-301-b8--100-1d]-9618&alias=b9g03p3647.cern.ch&noUDP&sock=slot1_10_1356912_0183_18536>
...
040 (16626177.174.000) 02/17 01:00:24 Finished transferring input files
...
001 (16626177.174.000) 02/17 01:00:25 Job executing on host: <128.142.161.95:9618?addrs=128.142.161.95-9618+[2001-1458-301-b8--100-1d]-9618&alias=b9g03p3647.cern.ch&noUDP&sock=startd_3226_589d>
	SlotName: slot1_10@b9g03p3647.cern.ch
	CondorScratchDir = "/pool/condor/dir_1596866"
	Cpus = 1
	Disk = 3963
	GPUs = 0
	Memory = 3000
...
006 (16626177.174.000) 02/17 01:00:33 Image size of job updated: 71260
	70  -  MemoryUsage of job (MB)
	71260  -  ResidentSetSize of job (KB)
...
006 (16626177.174.000) 02/17 01:05:33 Image size of job updated: 101652
	100  -  MemoryUsage of job (MB)
	101652  -  ResidentSetSize of job (KB)
...
006 (16626177.174.000) 02/17 01:10:34 Image size of job updated: 137940
	135  -  MemoryUsage of job (MB)
	137940  -  ResidentSetSize of job (KB)
...
006 (16626177.174.000) 02/17 01:15:34 Image size of job updated: 142316
	139  -  MemoryUsage of job (MB)
	142316  -  ResidentSetSize of job (KB)
...
006 (16626177.174.000) 02/17 01:20:34 Image size of job updated: 142796
	140  -  MemoryUsage of job (MB)
	142796  -  ResidentSetSize of job (KB)
...
006 (16626177.174.000) 02/17 01:25:35 Image size of job updated: 143124
	140  -  MemoryUsage of job (MB)
	143124  -  ResidentSetSize of job (KB)
...
006 (16626177.174.000) 02/17 01:30:36 Image size of job updated: 144860
	142  -  MemoryUsage of job (MB)
	144860  -  ResidentSetSize of job (KB)
...
040 (16626177.174.000) 02/17 02:09:02 Started transferring output files
...
040 (16626177.174.000) 02/17 02:09:02 Finished transferring output files
...
005 (16626177.174.000) 02/17 02:09:02 Job terminated.
	(1) Normal termination (return value 0)
		Usr 0 01:01:07, Sys 0 00:00:04  -  Run Remote Usage
		Usr 0 00:00:00, Sys 0 00:00:00  -  Run Local Usage
		Usr 0 01:01:07, Sys 0 00:00:04  -  Total Remote Usage
		Usr 0 00:00:00, Sys 0 00:00:00  -  Total Local Usage
	8155  -  Run Bytes Sent By Job
	10428  -  Run Bytes Received By Job
	8155  -  Total Bytes Sent By Job
	10428  -  Total Bytes Received By Job
	Partitionable Resources :    Usage  Request Allocated 
	   Cpus                 :     0.93        1         1 
	   Disk (KB)            :    43          12      3963 
	   GPUs                 :                           0 
	   Memory (MB)          :   142        3000      3000 

	Job terminated of its own accord at 2025-02-17T01:09:02Z with exit-code 0.
...
