000 (16626177.455.000) 02/17 00:58:08 Job submitted from host: <188.185.72.155:9618?addrs=188.185.72.155-9618+[2001-1458-d00-8--100-95]-9618&alias=bigbird08.cern.ch&noUDP&sock=schedd_862983_22fa>
...
040 (16626177.455.000) 02/17 01:07:30 Started transferring input files
	Transferring to host: <188.185.193.74:9618?addrs=188.185.193.74-9618+[2001-1458-303-20--100-46]-9618&alias=b9p19p8480.cern.ch&noUDP&sock=slot1_15_3277022_33c4_6028>
...
040 (16626177.455.000) 02/17 01:07:30 Finished transferring input files
...
001 (16626177.455.000) 02/17 01:07:31 Job executing on host: <188.185.193.74:9618?addrs=188.185.193.74-9618+[2001-1458-303-20--100-46]-9618&alias=b9p19p8480.cern.ch&noUDP&sock=startd_8042_b8b8>
	SlotName: slot1_15@b9p19p8480.cern.ch
	CondorScratchDir = "/pool/condor/dir_1945709"
	Cpus = 1
	Disk = 2993
	GPUs = 0
	Memory = 3000
...
006 (16626177.455.000) 02/17 01:07:39 Image size of job updated: 99752
	98  -  MemoryUsage of job (MB)
	99752  -  ResidentSetSize of job (KB)
...
006 (16626177.455.000) 02/17 01:12:39 Image size of job updated: 137984
	135  -  MemoryUsage of job (MB)
	137984  -  ResidentSetSize of job (KB)
...
040 (16626177.455.000) 02/17 01:39:06 Started transferring output files
...
040 (16626177.455.000) 02/17 01:39:06 Finished transferring output files
...
005 (16626177.455.000) 02/17 01:39:06 Job terminated.
	(1) Normal termination (return value 0)
		Usr 0 00:31:16, Sys 0 00:00:01  -  Run Remote Usage
		Usr 0 00:00:00, Sys 0 00:00:00  -  Run Local Usage
		Usr 0 00:31:16, Sys 0 00:00:01  -  Total Remote Usage
		Usr 0 00:00:00, Sys 0 00:00:00  -  Total Local Usage
	8153  -  Run Bytes Sent By Job
	10428  -  Run Bytes Received By Job
	8153  -  Total Bytes Sent By Job
	10428  -  Total Bytes Received By Job
	Partitionable Resources :    Usage  Request Allocated 
	   Cpus                 :     0.99        1         1 
	   Disk (KB)            :    44          12      2993 
	   GPUs                 :                           0 
	   Memory (MB)          :   135        3000      3000 

	Job terminated of its own accord at 2025-02-17T00:39:06Z with exit-code 0.
...
