000 (16626177.276.000) 02/17 00:58:07 Job submitted from host: <188.185.72.155:9618?addrs=188.185.72.155-9618+[2001-1458-d00-8--100-95]-9618&alias=bigbird08.cern.ch&noUDP&sock=schedd_862983_22fa>
...
040 (16626177.276.000) 02/17 01:00:57 Started transferring input files
	Transferring to host: <188.185.196.149:9618?addrs=188.185.196.149-9618+[2001-1458-303-23--100-91]-9618&alias=b9p16p8745.cern.ch&noUDP&sock=slot1_27_3536011_61c8_7894>
...
040 (16626177.276.000) 02/17 01:00:57 Finished transferring input files
...
001 (16626177.276.000) 02/17 01:00:58 Job executing on host: <188.185.196.149:9618?addrs=188.185.196.149-9618+[2001-1458-303-23--100-91]-9618&alias=b9p16p8745.cern.ch&noUDP&sock=startd_5711_d975>
	SlotName: slot1_27@b9p16p8745.cern.ch
	CondorScratchDir = "/pool/condor/dir_1401367"
	Cpus = 1
	Disk = 3889
	GPUs = 0
	Memory = 3000
...
006 (16626177.276.000) 02/17 01:01:07 Image size of job updated: 101116
	99  -  MemoryUsage of job (MB)
	101116  -  ResidentSetSize of job (KB)
...
006 (16626177.276.000) 02/17 01:06:08 Image size of job updated: 102368
	100  -  MemoryUsage of job (MB)
	102368  -  ResidentSetSize of job (KB)
...
006 (16626177.276.000) 02/17 01:11:08 Image size of job updated: 140580
	138  -  MemoryUsage of job (MB)
	140580  -  ResidentSetSize of job (KB)
...
006 (16626177.276.000) 02/17 01:16:08 Image size of job updated: 143964
	141  -  MemoryUsage of job (MB)
	143964  -  ResidentSetSize of job (KB)
...
006 (16626177.276.000) 02/17 01:21:10 Image size of job updated: 144924
	142  -  MemoryUsage of job (MB)
	144924  -  ResidentSetSize of job (KB)
...
006 (16626177.276.000) 02/17 01:26:10 Image size of job updated: 145784
	143  -  MemoryUsage of job (MB)
	145784  -  ResidentSetSize of job (KB)
...
006 (16626177.276.000) 02/17 01:41:12 Image size of job updated: 147796
	145  -  MemoryUsage of job (MB)
	147796  -  ResidentSetSize of job (KB)
...
006 (16626177.276.000) 02/17 01:46:12 Image size of job updated: 147932
	145  -  MemoryUsage of job (MB)
	147932  -  ResidentSetSize of job (KB)
...
006 (16626177.276.000) 02/17 01:51:13 Image size of job updated: 150936
	148  -  MemoryUsage of job (MB)
	150936  -  ResidentSetSize of job (KB)
...
006 (16626177.276.000) 02/17 01:56:14 Image size of job updated: 153912
	151  -  MemoryUsage of job (MB)
	153912  -  ResidentSetSize of job (KB)
...
040 (16626177.276.000) 02/17 02:01:26 Started transferring output files
...
040 (16626177.276.000) 02/17 02:01:26 Finished transferring output files
...
005 (16626177.276.000) 02/17 02:01:26 Job terminated.
	(1) Normal termination (return value 0)
		Usr 0 00:59:30, Sys 0 00:00:03  -  Run Remote Usage
		Usr 0 00:00:00, Sys 0 00:00:00  -  Run Local Usage
		Usr 0 00:59:30, Sys 0 00:00:03  -  Total Remote Usage
		Usr 0 00:00:00, Sys 0 00:00:00  -  Total Local Usage
	8155  -  Run Bytes Sent By Job
	10428  -  Run Bytes Received By Job
	8155  -  Total Bytes Sent By Job
	10428  -  Total Bytes Received By Job
	Partitionable Resources :    Usage  Request Allocated 
	   Cpus                 :     0.99        1         1 
	   Disk (KB)            :    43          12      3889 
	   GPUs                 :                           0 
	   Memory (MB)          :   151        3000      3000 

	Job terminated of its own accord at 2025-02-17T01:01:26Z with exit-code 0.
...
