000 (16626177.113.000) 02/17 00:58:07 Job submitted from host: <188.185.72.155:9618?addrs=188.185.72.155-9618+[2001-1458-d00-8--100-95]-9618&alias=bigbird08.cern.ch&noUDP&sock=schedd_862983_22fa>
...
040 (16626177.113.000) 02/17 00:58:49 Started transferring input files
	Transferring to host: <128.142.161.100:9618?addrs=128.142.161.100-9618+[2001-1458-301-b8--100-22]-9618&alias=b9g03p3225.cern.ch&noUDP&sock=slot1_14_3209_c7dc_44249>
...
040 (16626177.113.000) 02/17 00:58:49 Finished transferring input files
...
001 (16626177.113.000) 02/17 00:58:50 Job executing on host: <128.142.161.100:9618?addrs=128.142.161.100-9618+[2001-1458-301-b8--100-22]-9618&alias=b9g03p3225.cern.ch&noUDP&sock=startd_3168_901f>
	SlotName: slot1_14@b9g03p3225.cern.ch
	CondorScratchDir = "/pool/condor/dir_1092190"
	Cpus = 1
	Disk = 3979
	GPUs = 0
	Memory = 3000
...
006 (16626177.113.000) 02/17 00:58:58 Image size of job updated: 69872
	69  -  MemoryUsage of job (MB)
	69872  -  ResidentSetSize of job (KB)
...
006 (16626177.113.000) 02/17 01:03:58 Image size of job updated: 100588
	99  -  MemoryUsage of job (MB)
	100588  -  ResidentSetSize of job (KB)
...
006 (16626177.113.000) 02/17 01:08:59 Image size of job updated: 138108
	135  -  MemoryUsage of job (MB)
	138108  -  ResidentSetSize of job (KB)
...
006 (16626177.113.000) 02/17 01:14:00 Image size of job updated: 141056
	138  -  MemoryUsage of job (MB)
	141056  -  ResidentSetSize of job (KB)
...
006 (16626177.113.000) 02/17 01:19:00 Image size of job updated: 142360
	140  -  MemoryUsage of job (MB)
	142360  -  ResidentSetSize of job (KB)
...
006 (16626177.113.000) 02/17 01:24:01 Image size of job updated: 143260
	140  -  MemoryUsage of job (MB)
	143260  -  ResidentSetSize of job (KB)
...
006 (16626177.113.000) 02/17 01:29:02 Image size of job updated: 143744
	141  -  MemoryUsage of job (MB)
	143744  -  ResidentSetSize of job (KB)
...
006 (16626177.113.000) 02/17 01:39:02 Image size of job updated: 146012
	143  -  MemoryUsage of job (MB)
	146012  -  ResidentSetSize of job (KB)
...
006 (16626177.113.000) 02/17 01:44:03 Image size of job updated: 146380
	143  -  MemoryUsage of job (MB)
	146380  -  ResidentSetSize of job (KB)
...
006 (16626177.113.000) 02/17 01:49:03 Image size of job updated: 147332
	144  -  MemoryUsage of job (MB)
	147332  -  ResidentSetSize of job (KB)
...
006 (16626177.113.000) 02/17 01:54:03 Image size of job updated: 151276
	148  -  MemoryUsage of job (MB)
	151276  -  ResidentSetSize of job (KB)
...
006 (16626177.113.000) 02/17 01:59:05 Image size of job updated: 153788
	151  -  MemoryUsage of job (MB)
	153788  -  ResidentSetSize of job (KB)
...
040 (16626177.113.000) 02/17 02:06:32 Started transferring output files
...
040 (16626177.113.000) 02/17 02:06:32 Finished transferring output files
...
005 (16626177.113.000) 02/17 02:06:32 Job terminated.
	(1) Normal termination (return value 0)
		Usr 0 01:04:41, Sys 0 00:00:03  -  Run Remote Usage
		Usr 0 00:00:00, Sys 0 00:00:00  -  Run Local Usage
		Usr 0 01:04:41, Sys 0 00:00:03  -  Total Remote Usage
		Usr 0 00:00:00, Sys 0 00:00:00  -  Total Local Usage
	8155  -  Run Bytes Sent By Job
	10428  -  Run Bytes Received By Job
	8155  -  Total Bytes Sent By Job
	10428  -  Total Bytes Received By Job
	Partitionable Resources :    Usage  Request Allocated 
	   Cpus                 :     0.98        1         1 
	   Disk (KB)            :    43          12      3979 
	   GPUs                 :                           0 
	   Memory (MB)          :   151        3000      3000 

	Job terminated of its own accord at 2025-02-17T01:06:32Z with exit-code 0.
...
