000 (16626177.013.000) 02/17 00:58:07 Job submitted from host: <188.185.72.155:9618?addrs=188.185.72.155-9618+[2001-1458-d00-8--100-95]-9618&alias=bigbird08.cern.ch&noUDP&sock=schedd_862983_22fa>
...
040 (16626177.013.000) 02/17 00:58:18 Started transferring input files
	Transferring to host: <188.185.215.139:9618?addrs=188.185.215.139-9618+[2001-1458-303-26--100-7]-9618&alias=b9p18p4907.cern.ch&noUDP&sock=slot1_33_1343946_4934_35886>
...
040 (16626177.013.000) 02/17 00:58:18 Finished transferring input files
...
001 (16626177.013.000) 02/17 00:58:19 Job executing on host: <188.185.215.139:9618?addrs=188.185.215.139-9618+[2001-1458-303-26--100-7]-9618&alias=b9p18p4907.cern.ch&noUDP&sock=startd_5074_eba1>
	SlotName: slot1_33@b9p18p4907.cern.ch
	CondorScratchDir = "/pool/condor/dir_1943178"
	Cpus = 1
	Disk = 3864
	GPUs = 0
	Memory = 3000
...
006 (16626177.013.000) 02/17 00:58:27 Image size of job updated: 1892
	2  -  MemoryUsage of job (MB)
	1892  -  ResidentSetSize of job (KB)
...
006 (16626177.013.000) 02/17 01:03:27 Image size of job updated: 448168
	438  -  MemoryUsage of job (MB)
	448168  -  ResidentSetSize of job (KB)
...
006 (16626177.013.000) 02/17 01:08:28 Image size of job updated: 450452
	440  -  MemoryUsage of job (MB)
	450452  -  ResidentSetSize of job (KB)
...
006 (16626177.013.000) 02/17 01:13:28 Image size of job updated: 454712
	445  -  MemoryUsage of job (MB)
	454712  -  ResidentSetSize of job (KB)
...
006 (16626177.013.000) 02/17 01:18:28 Image size of job updated: 455236
	445  -  MemoryUsage of job (MB)
	455236  -  ResidentSetSize of job (KB)
...
040 (16626177.013.000) 02/17 01:48:38 Started transferring output files
...
040 (16626177.013.000) 02/17 01:48:38 Finished transferring output files
...
005 (16626177.013.000) 02/17 01:48:38 Job terminated.
	(1) Normal termination (return value 0)
		Usr 0 00:49:14, Sys 0 00:00:04  -  Run Remote Usage
		Usr 0 00:00:00, Sys 0 00:00:00  -  Run Local Usage
		Usr 0 00:49:14, Sys 0 00:00:04  -  Total Remote Usage
		Usr 0 00:00:00, Sys 0 00:00:00  -  Total Local Usage
	8152  -  Run Bytes Sent By Job
	10428  -  Run Bytes Received By Job
	8152  -  Total Bytes Sent By Job
	10428  -  Total Bytes Received By Job
	Partitionable Resources :    Usage  Request Allocated 
	   Cpus                 :     0.99        1         1 
	   Disk (KB)            :    44          12      3864 
	   GPUs                 :                           0 
	   Memory (MB)          :   445        3000      3000 

	Job terminated of its own accord at 2025-02-17T00:48:38Z with exit-code 0.
...
