000 (16626177.217.000) 02/17 00:58:07 Job submitted from host: <188.185.72.155:9618?addrs=188.185.72.155-9618+[2001-1458-d00-8--100-95]-9618&alias=bigbird08.cern.ch&noUDP&sock=schedd_862983_22fa>
...
040 (16626177.217.000) 02/17 01:00:39 Started transferring input files
	Transferring to host: <188.185.198.45:9618?addrs=188.185.198.45-9618+[2001-1458-303-25--100-29]-9618&alias=b9p15p6291.cern.ch&noUDP&sock=slot1_31_3836774_1fae_4701>
...
040 (16626177.217.000) 02/17 01:00:39 Finished transferring input files
...
001 (16626177.217.000) 02/17 01:00:40 Job executing on host: <188.185.198.45:9618?addrs=188.185.198.45-9618+[2001-1458-303-25--100-29]-9618&alias=b9p15p6291.cern.ch&noUDP&sock=startd_6558_d22d>
	SlotName: slot1_31@b9p15p6291.cern.ch
	CondorScratchDir = "/pool/condor/dir_2281899"
	Cpus = 1
	Disk = 3738
	GPUs = 0
	Memory = 3000
...
006 (16626177.217.000) 02/17 01:00:49 Image size of job updated: 292796
	286  -  MemoryUsage of job (MB)
	292796  -  ResidentSetSize of job (KB)
...
006 (16626177.217.000) 02/17 01:05:50 Image size of job updated: 328704
	321  -  MemoryUsage of job (MB)
	328704  -  ResidentSetSize of job (KB)
...
006 (16626177.217.000) 02/17 01:10:50 Image size of job updated: 330816
	324  -  MemoryUsage of job (MB)
	330816  -  ResidentSetSize of job (KB)
...
006 (16626177.217.000) 02/17 01:15:51 Image size of job updated: 333900
	327  -  MemoryUsage of job (MB)
	333900  -  ResidentSetSize of job (KB)
...
006 (16626177.217.000) 02/17 01:20:52 Image size of job updated: 335252
	328  -  MemoryUsage of job (MB)
	335252  -  ResidentSetSize of job (KB)
...
006 (16626177.217.000) 02/17 01:25:52 Image size of job updated: 337404
	330  -  MemoryUsage of job (MB)
	337404  -  ResidentSetSize of job (KB)
...
006 (16626177.217.000) 02/17 01:35:53 Image size of job updated: 342396
	335  -  MemoryUsage of job (MB)
	342396  -  ResidentSetSize of job (KB)
...
006 (16626177.217.000) 02/17 01:40:53 Image size of job updated: 343144
	336  -  MemoryUsage of job (MB)
	343144  -  ResidentSetSize of job (KB)
...
006 (16626177.217.000) 02/17 01:45:53 Image size of job updated: 344384
	337  -  MemoryUsage of job (MB)
	344384  -  ResidentSetSize of job (KB)
...
006 (16626177.217.000) 02/17 01:50:54 Image size of job updated: 345200
	338  -  MemoryUsage of job (MB)
	345200  -  ResidentSetSize of job (KB)
...
040 (16626177.217.000) 02/17 01:57:42 Started transferring output files
...
040 (16626177.217.000) 02/17 01:57:42 Finished transferring output files
...
005 (16626177.217.000) 02/17 01:57:42 Job terminated.
	(1) Normal termination (return value 0)
		Usr 0 00:55:49, Sys 0 00:00:02  -  Run Remote Usage
		Usr 0 00:00:00, Sys 0 00:00:00  -  Run Local Usage
		Usr 0 00:55:49, Sys 0 00:00:02  -  Total Remote Usage
		Usr 0 00:00:00, Sys 0 00:00:00  -  Total Local Usage
	8155  -  Run Bytes Sent By Job
	10428  -  Run Bytes Received By Job
	8155  -  Total Bytes Sent By Job
	10428  -  Total Bytes Received By Job
	Partitionable Resources :    Usage  Request Allocated 
	   Cpus                 :     0.98        1         1 
	   Disk (KB)            :    43          12      3738 
	   GPUs                 :                           0 
	   Memory (MB)          :   338        3000      3000 

	Job terminated of its own accord at 2025-02-17T00:57:42Z with exit-code 0.
...
